poniedziałek, 24 grudnia 2018 08:37:03

Automatyczne sprawdzanie zgłoszeń zakończono o: 2018-12-24 08:37:03 

poniedziałek, 24 grudnia 2018 08:48:48

Automatyczne sprawdzanie zgłoszeń zakończono o: 2018-12-24 08:48:48 

poniedziałek, 24 grudnia 2018 08:51:33

Automatyczne sprawdzanie zgłoszeń zakończono o: 2018-12-24 08:51:33 

poniedziałek, 24 grudnia 2018 08:54:19

Automatyczne sprawdzanie zgłoszeń zakończono o: 2018-12-24 08:54:19 

poniedziałek, 24 grudnia 2018 08:57:04

Automatyczne sprawdzanie zgłoszeń zakończono o: 2018-12-24 08:57:04 

poniedziałek, 24 grudnia 2018 08:59:50

Automatyczne sprawdzanie zgłoszeń zakończono o: 2018-12-24 08:59:50 

poniedziałek, 24 grudnia 2018 09:02:35

Automatyczne sprawdzanie zgłoszeń zakończono o: 2018-12-24 09:02:35 

poniedziałek, 24 grudnia 2018 09:05:20

Automatyczne sprawdzanie zgłoszeń zakończono o: 2018-12-24 09:05:20 

poniedziałek, 24 grudnia 2018 09:08:06

Automatyczne sprawdzanie zgłoszeń zakończono o: 2018-12-24 09:08:06 

poniedziałek, 24 grudnia 2018 09:10:51

Automatyczne sprawdzanie zgłoszeń zakończono o: 2018-12-24 09:10:51 

poniedziałek, 24 grudnia 2018 09:13:37

Automatyczne sprawdzanie zgłoszeń zakończono o: 2018-12-24 09:13:37 

poniedziałek, 24 grudnia 2018 09:16:26

Automatyczne sprawdzanie zgłoszeń zakończono o: 2018-12-24 09:16:26 

poniedziałek, 24 grudnia 2018 09:19:11

Automatyczne sprawdzanie zgłoszeń zakończono o: 2018-12-24 09:19:11 

poniedziałek, 24 grudnia 2018 09:21:56

Automatyczne sprawdzanie zgłoszeń zakończono o: 2018-12-24 09:21:56 

poniedziałek, 24 grudnia 2018 09:24:42

Automatyczne sprawdzanie zgłoszeń zakończono o: 2018-12-24 09:24:42 

poniedziałek, 24 grudnia 2018 09:27:27

Automatyczne sprawdzanie zgłoszeń zakończono o: 2018-12-24 09:27:27 

poniedziałek, 24 grudnia 2018 09:30:13

Automatyczne sprawdzanie zgłoszeń zakończono o: 2018-12-24 09:30:13 

poniedziałek, 24 grudnia 2018 09:32:58

Automatyczne sprawdzanie zgłoszeń zakończono o: 2018-12-24 09:32:58 

poniedziałek, 24 grudnia 2018 09:35:44

Automatyczne sprawdzanie zgłoszeń zakończono o: 2018-12-24 09:35:43 

poniedziałek, 24 grudnia 2018 09:38:29

Automatyczne sprawdzanie zgłoszeń zakończono o: 2018-12-24 09:38:29 

poniedziałek, 24 grudnia 2018 09:41:14

Automatyczne sprawdzanie zgłoszeń zakończono o: 2018-12-24 09:41:14 

poniedziałek, 24 grudnia 2018 09:44:00

Automatyczne sprawdzanie zgłoszeń zakończono o: 2018-12-24 09:44:00 

poniedziałek, 24 grudnia 2018 09:46:45

Automatyczne sprawdzanie zgłoszeń zakończono o: 2018-12-24 09:46:45 

poniedziałek, 24 grudnia 2018 09:49:31

Automatyczne sprawdzanie zgłoszeń zakończono o: 2018-12-24 09:49:31 

poniedziałek, 24 grudnia 2018 09:52:16

Automatyczne sprawdzanie zgłoszeń zakończono o: 2018-12-24 09:52:16 

poniedziałek, 24 grudnia 2018 09:55:02

Automatyczne sprawdzanie zgłoszeń zakończono o: 2018-12-24 09:55:02 

poniedziałek, 24 grudnia 2018 09:57:47

Automatyczne sprawdzanie zgłoszeń zakończono o: 2018-12-24 09:57:47 

poniedziałek, 24 grudnia 2018 10:00:33

Automatyczne sprawdzanie zgłoszeń zakończono o: 2018-12-24 10:00:33 

poniedziałek, 24 grudnia 2018 10:03:18

Automatyczne sprawdzanie zgłoszeń zakończono o: 2018-12-24 10:03:18 

poniedziałek, 24 grudnia 2018 10:06:03

Automatyczne sprawdzanie zgłoszeń zakończono o: 2018-12-24 10:06:03 

poniedziałek, 24 grudnia 2018 10:08:49

Automatyczne sprawdzanie zgłoszeń zakończono o: 2018-12-24 10:08:49 

poniedziałek, 24 grudnia 2018 10:11:34

Automatyczne sprawdzanie zgłoszeń zakończono o: 2018-12-24 10:11:34 

poniedziałek, 24 grudnia 2018 10:14:20

Automatyczne sprawdzanie zgłoszeń zakończono o: 2018-12-24 10:14:20 

poniedziałek, 24 grudnia 2018 10:17:07

Automatyczne sprawdzanie zgłoszeń zakończono o: 2018-12-24 10:17:07 

poniedziałek, 24 grudnia 2018 10:17:14

Zgłoszenie INFOLINIA-6427 dodano automatycznie o godzinie 2018-12-24 10:17:14!
poniedziałek, 24 grudnia 2018 10:19:53

Automatyczne sprawdzanie zgłoszeń zakończono o: 2018-12-24 10:19:53 

poniedziałek, 24 grudnia 2018 10:22:38

Automatyczne sprawdzanie zgłoszeń zakończono o: 2018-12-24 10:22:38 

poniedziałek, 24 grudnia 2018 10:25:24

Automatyczne sprawdzanie zgłoszeń zakończono o: 2018-12-24 10:25:23 

poniedziałek, 24 grudnia 2018 10:28:09

Automatyczne sprawdzanie zgłoszeń zakończono o: 2018-12-24 10:28:09 

poniedziałek, 24 grudnia 2018 10:30:54

Automatyczne sprawdzanie zgłoszeń zakończono o: 2018-12-24 10:30:54 

poniedziałek, 24 grudnia 2018 11:02:22

Automatyczne sprawdzanie zgłoszeń zakończono o: 2018-12-24 11:02:22 

poniedziałek, 24 grudnia 2018 11:02:25

Zgłoszenie CRM-74750 dodano automatycznie o godzinie 2018-12-24 11:02:25!
poniedziałek, 24 grudnia 2018 11:02:29

Zgłoszenie CRM-74751 dodano automatycznie o godzinie 2018-12-24 11:02:29!
poniedziałek, 24 grudnia 2018 11:05:07

Automatyczne sprawdzanie zgłoszeń zakończono o: 2018-12-24 11:05:07 

poniedziałek, 24 grudnia 2018 11:07:52

Automatyczne sprawdzanie zgłoszeń zakończono o: 2018-12-24 11:07:52 

poniedziałek, 24 grudnia 2018 11:10:38

Automatyczne sprawdzanie zgłoszeń zakończono o: 2018-12-24 11:10:38 

poniedziałek, 24 grudnia 2018 11:13:23

Automatyczne sprawdzanie zgłoszeń zakończono o: 2018-12-24 11:13:23 

poniedziałek, 24 grudnia 2018 11:13:28

--- Main exception: Message ---
Nie można rozpoznać nazwy zdalnej: 'jira'

--- Main exception: StackTrace ---
   w System.Windows.Forms.Control.MarshaledInvoke(Control caller, Delegate method, Object[] args, Boolean synchronous)
   w System.Windows.Forms.Control.Invoke(Delegate method, Object[] args)
   w GUI.MainForm.slaReportLoad(Object sender, DoWorkEventArgs e)

--- Main exception: Source ---
System.Windows.Forms

poniedziałek, 24 grudnia 2018 11:13:28

Zgłoszenie CRM-74752 dodano automatycznie o godzinie 2018-12-24 11:13:28!
poniedziałek, 24 grudnia 2018 11:13:33

Zgłoszenie CRM-74753 dodano automatycznie o godzinie 2018-12-24 11:13:33!
poniedziałek, 24 grudnia 2018 11:13:38

Zgłoszenie CRM-74754 dodano automatycznie o godzinie 2018-12-24 11:13:38!
poniedziałek, 24 grudnia 2018 11:13:39

--- Main exception: Message ---
Nie można rozpoznać nazwy zdalnej: 'jira'

--- Main exception: StackTrace ---
   w Atlassian.Jira.Remote.JiraRestClient.ExecuteRequest[T](Method method, String resource, Object requestBody) w c:\projects\atlassian-net-sdk\Atlassian.Jira\Remote\JiraRestClient.cs:wiersz 119
   w Atlassian.Jira.Remote.JiraRestClient.GetPriorities(String token) w c:\projects\atlassian-net-sdk\Atlassian.Jira\Remote\JiraRestClient.cs:wiersz 785
   w Atlassian.Jira.Jira.<GetIssuePriorities>b__24(String token) w c:\projects\atlassian-net-sdk\Atlassian.Jira\Jira.cs:wiersz 478
   w Atlassian.Jira.Jira.<>c__DisplayClass3c.<WithToken>b__3b(String t) w c:\projects\atlassian-net-sdk\Atlassian.Jira\Jira.cs:wiersz 658
   w Atlassian.Jira.Jira.WithToken[TResult](Func`3 function) w c:\projects\atlassian-net-sdk\Atlassian.Jira\Jira.cs:wiersz 706
   w Atlassian.Jira.Jira.GetIssuePriorities() w c:\projects\atlassian-net-sdk\Atlassian.Jira\Jira.cs:wiersz 482
   w GUI.MainForm.LoginJira()

--- Main exception: Source ---
Atlassian.Jira

poniedziałek, 24 grudnia 2018 11:22:39

Automatyczne sprawdzanie zgłoszeń zakończono o: 2018-12-24 11:22:39 

poniedziałek, 24 grudnia 2018 11:22:41

Zgłoszenie CRM-74755 dodano automatycznie o godzinie 2018-12-24 11:22:41!
poniedziałek, 24 grudnia 2018 11:25:24

Automatyczne sprawdzanie zgłoszeń zakończono o: 2018-12-24 11:25:24 

poniedziałek, 24 grudnia 2018 11:28:09

Automatyczne sprawdzanie zgłoszeń zakończono o: 2018-12-24 11:28:09 

poniedziałek, 24 grudnia 2018 11:30:55

Automatyczne sprawdzanie zgłoszeń zakończono o: 2018-12-24 11:30:55 

poniedziałek, 24 grudnia 2018 11:49:09

Automatyczne sprawdzanie zgłoszeń zakończono o: 2018-12-24 11:49:09 

poniedziałek, 24 grudnia 2018 11:49:13

Zgłoszenie ZCC-17739 dodano automatycznie o godzinie 2018-12-24 11:49:13!
poniedziałek, 24 grudnia 2018 11:51:54

Automatyczne sprawdzanie zgłoszeń zakończono o: 2018-12-24 11:51:54 

poniedziałek, 24 grudnia 2018 11:54:40

Automatyczne sprawdzanie zgłoszeń zakończono o: 2018-12-24 11:54:40 

poniedziałek, 24 grudnia 2018 11:57:29

Automatyczne sprawdzanie zgłoszeń zakończono o: 2018-12-24 11:57:29 

poniedziałek, 24 grudnia 2018 12:00:14

Automatyczne sprawdzanie zgłoszeń zakończono o: 2018-12-24 12:00:14 

poniedziałek, 24 grudnia 2018 12:02:59

Automatyczne sprawdzanie zgłoszeń zakończono o: 2018-12-24 12:02:59 

poniedziałek, 24 grudnia 2018 12:05:45

Automatyczne sprawdzanie zgłoszeń zakończono o: 2018-12-24 12:05:45 

poniedziałek, 24 grudnia 2018 12:05:48

Zgłoszenie ZCC-17740 dodano automatycznie o godzinie 2018-12-24 12:05:48!
poniedziałek, 24 grudnia 2018 12:26:49

Automatyczne sprawdzanie zgłoszeń zakończono o: 2018-12-24 12:26:49 

poniedziałek, 24 grudnia 2018 12:26:52

Zgłoszenie ZCC-17741 dodano automatycznie o godzinie 2018-12-24 12:26:52!
poniedziałek, 24 grudnia 2018 12:29:35

Automatyczne sprawdzanie zgłoszeń zakończono o: 2018-12-24 12:29:35 

poniedziałek, 24 grudnia 2018 12:32:20

Automatyczne sprawdzanie zgłoszeń zakończono o: 2018-12-24 12:32:20 

poniedziałek, 24 grudnia 2018 12:40:54

Automatyczne sprawdzanie zgłoszeń zakończono o: 2018-12-24 12:40:54 

poniedziałek, 24 grudnia 2018 12:43:39

Automatyczne sprawdzanie zgłoszeń zakończono o: 2018-12-24 12:43:39 

poniedziałek, 24 grudnia 2018 12:46:25

Automatyczne sprawdzanie zgłoszeń zakończono o: 2018-12-24 12:46:25 

poniedziałek, 24 grudnia 2018 12:46:25

--- Main exception: Message ---
Nieprawidłowa operacja między wątkami: do formantu '' uzyskiwany jest dostęp z wątku innego niż wątek, w którym został utworzony.

--- Main exception: StackTrace ---
   w System.Windows.Forms.Control.get_Handle()
   w System.Windows.Forms.Control.SetBoundsCore(Int32 x, Int32 y, Int32 width, Int32 height, BoundsSpecified specified)
   w System.Windows.Forms.Control.System.Windows.Forms.Layout.IArrangedElement.SetBounds(Rectangle bounds, BoundsSpecified specified)
   w System.Windows.Forms.ToolStripControlHost.OnBoundsChanged()
   w System.Windows.Forms.ToolStripItem.SetBounds(Rectangle bounds)
   w System.Windows.Forms.ToolStripItem.System.Windows.Forms.Layout.IArrangedElement.SetBounds(Rectangle bounds, BoundsSpecified specified)
   w System.Windows.Forms.Layout.TableLayout.SetElementBounds(ContainerInfo containerInfo, RectangleF displayRectF)
   w System.Windows.Forms.Layout.TableLayout.LayoutCore(IArrangedElement container, LayoutEventArgs args)
   w System.Windows.Forms.Layout.LayoutEngine.Layout(Object container, LayoutEventArgs layoutEventArgs)
   w System.Windows.Forms.Control.OnLayout(LayoutEventArgs levent)
   w System.Windows.Forms.ToolStrip.OnLayout(LayoutEventArgs e)
   w System.Windows.Forms.StatusStrip.OnLayout(LayoutEventArgs levent)
   w System.Windows.Forms.Control.PerformLayout(LayoutEventArgs args)
   w System.Windows.Forms.ToolStripItem.InvalidateItemLayout(String affectedProperty, Boolean invalidatePainting)
   w System.Windows.Forms.ToolStripItem.OnTextChanged(EventArgs e)
   w System.Windows.Forms.ToolStripItem.set_Text(String value)
   w GUI.MainForm.slaReportLoad(Object sender, DoWorkEventArgs e) w C:\CP\ParserGit\JiraParser\GUI\MainForm.cs:wiersz 5656

--- Main exception: Source ---
System.Windows.Forms

poniedziałek, 24 grudnia 2018 12:49:19

Automatyczne sprawdzanie zgłoszeń zakończono o: 2018-12-24 12:49:19 

poniedziałek, 24 grudnia 2018 12:52:04

Automatyczne sprawdzanie zgłoszeń zakończono o: 2018-12-24 12:52:04 

poniedziałek, 24 grudnia 2018 12:54:51

Automatyczne sprawdzanie zgłoszeń zakończono o: 2018-12-24 12:54:51 

poniedziałek, 24 grudnia 2018 12:57:37

Automatyczne sprawdzanie zgłoszeń zakończono o: 2018-12-24 12:57:37 

poniedziałek, 24 grudnia 2018 13:00:22

Automatyczne sprawdzanie zgłoszeń zakończono o: 2018-12-24 13:00:22 

poniedziałek, 24 grudnia 2018 13:03:08

Automatyczne sprawdzanie zgłoszeń zakończono o: 2018-12-24 13:03:08 

poniedziałek, 24 grudnia 2018 13:03:12

Zgłoszenie ZCC-17742 dodano automatycznie o godzinie 2018-12-24 13:03:12!
poniedziałek, 24 grudnia 2018 13:05:53

Automatyczne sprawdzanie zgłoszeń zakończono o: 2018-12-24 13:05:53 

poniedziałek, 24 grudnia 2018 13:12:00

Automatyczne sprawdzanie zgłoszeń zakończono o: 2018-12-24 13:12:00 

poniedziałek, 24 grudnia 2018 13:14:45

Automatyczne sprawdzanie zgłoszeń zakończono o: 2018-12-24 13:14:45 

poniedziałek, 24 grudnia 2018 13:17:52

Automatyczne sprawdzanie zgłoszeń zakończono o: 2018-12-24 13:17:52 

poniedziałek, 24 grudnia 2018 13:20:37

Automatyczne sprawdzanie zgłoszeń zakończono o: 2018-12-24 13:20:37 

poniedziałek, 24 grudnia 2018 13:23:24

Automatyczne sprawdzanie zgłoszeń zakończono o: 2018-12-24 13:23:24 

poniedziałek, 24 grudnia 2018 13:26:09

Automatyczne sprawdzanie zgłoszeń zakończono o: 2018-12-24 13:26:09 

poniedziałek, 24 grudnia 2018 13:28:54

Automatyczne sprawdzanie zgłoszeń zakończono o: 2018-12-24 13:28:54 

poniedziałek, 24 grudnia 2018 13:31:40

Automatyczne sprawdzanie zgłoszeń zakończono o: 2018-12-24 13:31:40 

poniedziałek, 24 grudnia 2018 13:34:25

Automatyczne sprawdzanie zgłoszeń zakończono o: 2018-12-24 13:34:25 

poniedziałek, 24 grudnia 2018 13:37:11

Automatyczne sprawdzanie zgłoszeń zakończono o: 2018-12-24 13:37:11 

poniedziałek, 24 grudnia 2018 13:39:56

Automatyczne sprawdzanie zgłoszeń zakończono o: 2018-12-24 13:39:56 

poniedziałek, 24 grudnia 2018 13:42:42

Automatyczne sprawdzanie zgłoszeń zakończono o: 2018-12-24 13:42:42 

poniedziałek, 24 grudnia 2018 13:45:27

Automatyczne sprawdzanie zgłoszeń zakończono o: 2018-12-24 13:45:27 

poniedziałek, 24 grudnia 2018 13:48:13

Automatyczne sprawdzanie zgłoszeń zakończono o: 2018-12-24 13:48:13 

poniedziałek, 24 grudnia 2018 13:50:58

Automatyczne sprawdzanie zgłoszeń zakończono o: 2018-12-24 13:50:58 

poniedziałek, 24 grudnia 2018 13:53:43

Automatyczne sprawdzanie zgłoszeń zakończono o: 2018-12-24 13:53:43 

poniedziałek, 24 grudnia 2018 13:56:49

Automatyczne sprawdzanie zgłoszeń zakończono o: 2018-12-24 13:56:49 

poniedziałek, 24 grudnia 2018 13:59:35

Automatyczne sprawdzanie zgłoszeń zakończono o: 2018-12-24 13:59:35 

poniedziałek, 24 grudnia 2018 14:02:22

Automatyczne sprawdzanie zgłoszeń zakończono o: 2018-12-24 14:02:22 

poniedziałek, 24 grudnia 2018 14:02:25

Zgłoszenie ZCC-17743 dodano automatycznie o godzinie 2018-12-24 14:02:25!
poniedziałek, 24 grudnia 2018 14:06:31

--- Main exception: Message ---
Nie można odczytać danych z połączenia transportowego: Istniejące połączenie zostało gwałtownie zamknięte przez zdalnego hosta.

--- Main exception: StackTrace ---
   w System.Windows.Forms.Control.MarshaledInvoke(Control caller, Delegate method, Object[] args, Boolean synchronous)
   w System.Windows.Forms.Control.Invoke(Delegate method, Object[] args)
   w GUI.MainForm.slaReportLoad(Object sender, DoWorkEventArgs e)

--- Main exception: Source ---
System.Windows.Forms

poniedziałek, 24 grudnia 2018 14:09:01

Automatyczne sprawdzanie zgłoszeń zakończono o: 2018-12-24 14:09:01 

poniedziałek, 24 grudnia 2018 14:11:47

Automatyczne sprawdzanie zgłoszeń zakończono o: 2018-12-24 14:11:46 

poniedziałek, 24 grudnia 2018 14:11:49

Zgłoszenie CRM-74756 dodano automatycznie o godzinie 2018-12-24 14:11:49!
poniedziałek, 24 grudnia 2018 14:33:27

--- Main exception: Message ---
Nie można odczytać danych z połączenia transportowego: Istniejące połączenie zostało gwałtownie zamknięte przez zdalnego hosta.

--- Main exception: StackTrace ---
   w System.Windows.Forms.Control.MarshaledInvoke(Control caller, Delegate method, Object[] args, Boolean synchronous)
   w System.Windows.Forms.Control.Invoke(Delegate method, Object[] args)
   w GUI.MainForm.slaReportLoad(Object sender, DoWorkEventArgs e)

--- Main exception: Source ---
System.Windows.Forms

poniedziałek, 24 grudnia 2018 14:35:59

Automatyczne sprawdzanie zgłoszeń zakończono o: 2018-12-24 14:35:59 

poniedziałek, 24 grudnia 2018 14:38:45

Automatyczne sprawdzanie zgłoszeń zakończono o: 2018-12-24 14:38:45 

poniedziałek, 24 grudnia 2018 14:41:30

Automatyczne sprawdzanie zgłoszeń zakończono o: 2018-12-24 14:41:30 

poniedziałek, 24 grudnia 2018 14:44:16

Automatyczne sprawdzanie zgłoszeń zakończono o: 2018-12-24 14:44:16 

poniedziałek, 24 grudnia 2018 14:47:01

Automatyczne sprawdzanie zgłoszeń zakończono o: 2018-12-24 14:47:01 

poniedziałek, 24 grudnia 2018 14:49:46

Automatyczne sprawdzanie zgłoszeń zakończono o: 2018-12-24 14:49:46 

poniedziałek, 24 grudnia 2018 14:52:32

Automatyczne sprawdzanie zgłoszeń zakończono o: 2018-12-24 14:52:32 

poniedziałek, 24 grudnia 2018 14:55:17

Automatyczne sprawdzanie zgłoszeń zakończono o: 2018-12-24 14:55:17 

poniedziałek, 24 grudnia 2018 14:58:03

Automatyczne sprawdzanie zgłoszeń zakończono o: 2018-12-24 14:58:03 

poniedziałek, 24 grudnia 2018 15:00:48

Automatyczne sprawdzanie zgłoszeń zakończono o: 2018-12-24 15:00:48 

poniedziałek, 24 grudnia 2018 15:03:34

Automatyczne sprawdzanie zgłoszeń zakończono o: 2018-12-24 15:03:34 

poniedziałek, 24 grudnia 2018 15:06:19

Automatyczne sprawdzanie zgłoszeń zakończono o: 2018-12-24 15:06:19 

poniedziałek, 24 grudnia 2018 15:09:05

Automatyczne sprawdzanie zgłoszeń zakończono o: 2018-12-24 15:09:04 

poniedziałek, 24 grudnia 2018 15:11:50

Automatyczne sprawdzanie zgłoszeń zakończono o: 2018-12-24 15:11:50 

poniedziałek, 24 grudnia 2018 15:14:35

Automatyczne sprawdzanie zgłoszeń zakończono o: 2018-12-24 15:14:35 

poniedziałek, 24 grudnia 2018 15:17:21

Automatyczne sprawdzanie zgłoszeń zakończono o: 2018-12-24 15:17:21 

poniedziałek, 24 grudnia 2018 15:20:06

Automatyczne sprawdzanie zgłoszeń zakończono o: 2018-12-24 15:20:06 

poniedziałek, 24 grudnia 2018 15:22:52

Automatyczne sprawdzanie zgłoszeń zakończono o: 2018-12-24 15:22:52 

poniedziałek, 24 grudnia 2018 15:25:37

Automatyczne sprawdzanie zgłoszeń zakończono o: 2018-12-24 15:25:37 

poniedziałek, 24 grudnia 2018 15:28:22

Automatyczne sprawdzanie zgłoszeń zakończono o: 2018-12-24 15:28:22 

poniedziałek, 24 grudnia 2018 15:31:08

Automatyczne sprawdzanie zgłoszeń zakończono o: 2018-12-24 15:31:08 

poniedziałek, 24 grudnia 2018 15:33:54

Automatyczne sprawdzanie zgłoszeń zakończono o: 2018-12-24 15:33:54 

poniedziałek, 24 grudnia 2018 15:36:39

Automatyczne sprawdzanie zgłoszeń zakończono o: 2018-12-24 15:36:39 

poniedziałek, 24 grudnia 2018 15:39:24

Automatyczne sprawdzanie zgłoszeń zakończono o: 2018-12-24 15:39:24 

poniedziałek, 24 grudnia 2018 15:42:10

Automatyczne sprawdzanie zgłoszeń zakończono o: 2018-12-24 15:42:10 

poniedziałek, 24 grudnia 2018 15:44:55

Automatyczne sprawdzanie zgłoszeń zakończono o: 2018-12-24 15:44:55 

poniedziałek, 24 grudnia 2018 15:47:41

Automatyczne sprawdzanie zgłoszeń zakończono o: 2018-12-24 15:47:41 

poniedziałek, 24 grudnia 2018 15:50:26

Automatyczne sprawdzanie zgłoszeń zakończono o: 2018-12-24 15:50:26 

poniedziałek, 24 grudnia 2018 15:53:12

Automatyczne sprawdzanie zgłoszeń zakończono o: 2018-12-24 15:53:12 

poniedziałek, 24 grudnia 2018 15:55:57

Automatyczne sprawdzanie zgłoszeń zakończono o: 2018-12-24 15:55:57 

poniedziałek, 24 grudnia 2018 15:58:42

Automatyczne sprawdzanie zgłoszeń zakończono o: 2018-12-24 15:58:42 

poniedziałek, 24 grudnia 2018 16:01:28

Automatyczne sprawdzanie zgłoszeń zakończono o: 2018-12-24 16:01:28 

poniedziałek, 24 grudnia 2018 16:04:24

Automatyczne sprawdzanie zgłoszeń zakończono o: 2018-12-24 16:04:24 

poniedziałek, 24 grudnia 2018 16:07:10

Automatyczne sprawdzanie zgłoszeń zakończono o: 2018-12-24 16:07:10 

poniedziałek, 24 grudnia 2018 16:09:55

Automatyczne sprawdzanie zgłoszeń zakończono o: 2018-12-24 16:09:55 

poniedziałek, 24 grudnia 2018 16:12:40

Automatyczne sprawdzanie zgłoszeń zakończono o: 2018-12-24 16:12:40 

poniedziałek, 24 grudnia 2018 16:15:26

Automatyczne sprawdzanie zgłoszeń zakończono o: 2018-12-24 16:15:26 

poniedziałek, 24 grudnia 2018 16:18:11

Automatyczne sprawdzanie zgłoszeń zakończono o: 2018-12-24 16:18:11 

poniedziałek, 24 grudnia 2018 16:20:57

Automatyczne sprawdzanie zgłoszeń zakończono o: 2018-12-24 16:20:57 

poniedziałek, 24 grudnia 2018 16:23:43

Automatyczne sprawdzanie zgłoszeń zakończono o: 2018-12-24 16:23:42 

poniedziałek, 24 grudnia 2018 16:26:28

Automatyczne sprawdzanie zgłoszeń zakończono o: 2018-12-24 16:26:28 

poniedziałek, 24 grudnia 2018 16:29:13

Automatyczne sprawdzanie zgłoszeń zakończono o: 2018-12-24 16:29:13 

poniedziałek, 24 grudnia 2018 16:31:59

Automatyczne sprawdzanie zgłoszeń zakończono o: 2018-12-24 16:31:59 

poniedziałek, 24 grudnia 2018 16:34:44

Automatyczne sprawdzanie zgłoszeń zakończono o: 2018-12-24 16:34:44 

poniedziałek, 24 grudnia 2018 16:37:30

Automatyczne sprawdzanie zgłoszeń zakończono o: 2018-12-24 16:37:30 

poniedziałek, 24 grudnia 2018 16:40:15

Automatyczne sprawdzanie zgłoszeń zakończono o: 2018-12-24 16:40:15 

poniedziałek, 24 grudnia 2018 16:43:01

Automatyczne sprawdzanie zgłoszeń zakończono o: 2018-12-24 16:43:01 

poniedziałek, 24 grudnia 2018 16:45:46

Automatyczne sprawdzanie zgłoszeń zakończono o: 2018-12-24 16:45:46 

poniedziałek, 24 grudnia 2018 16:48:32

Automatyczne sprawdzanie zgłoszeń zakończono o: 2018-12-24 16:48:32 

poniedziałek, 24 grudnia 2018 16:51:17

Automatyczne sprawdzanie zgłoszeń zakończono o: 2018-12-24 16:51:17 

poniedziałek, 24 grudnia 2018 16:54:02

Automatyczne sprawdzanie zgłoszeń zakończono o: 2018-12-24 16:54:02 

poniedziałek, 24 grudnia 2018 16:56:48

Automatyczne sprawdzanie zgłoszeń zakończono o: 2018-12-24 16:56:48 

poniedziałek, 24 grudnia 2018 16:59:33

Automatyczne sprawdzanie zgłoszeń zakończono o: 2018-12-24 16:59:33 

poniedziałek, 24 grudnia 2018 17:02:19

Automatyczne sprawdzanie zgłoszeń zakończono o: 2018-12-24 17:02:19 

poniedziałek, 24 grudnia 2018 20:04:21

Automatyczne sprawdzanie zgłoszeń zakończono o: 2018-12-24 20:04:21 

poniedziałek, 24 grudnia 2018 20:04:21

--- Main exception: Message ---
Przekroczono limit czasu nieaktywności (00:10:00).

--- Main exception: StackTrace ---

Server stack trace: 
   w System.ServiceModel.Channels.CommunicationObject.ThrowPending()
   w System.ServiceModel.Channels.CommunicationObject.ThrowIfDisposedOrNotOpen()
   w System.ServiceModel.Channels.RequestChannel.Request(Message message, TimeSpan timeout)
   w System.ServiceModel.Dispatcher.RequestChannelBinder.Request(Message message, TimeSpan timeout)
   w System.ServiceModel.Channels.ServiceChannel.Call(String action, Boolean oneway, ProxyOperationRuntime operation, Object[] ins, Object[] outs, TimeSpan timeout)
   w System.ServiceModel.Channels.ServiceChannelProxy.InvokeService(IMethodCallMessage methodCall, ProxyOperationRuntime operation)
   w System.ServiceModel.Channels.ServiceChannelProxy.Invoke(IMessage message)

Exception rethrown at [0]: 
   w System.Runtime.Remoting.Proxies.RealProxy.HandleReturnMessage(IMessage reqMsg, IMessage retMsg)
   w System.Runtime.Remoting.Proxies.RealProxy.PrivateInvoke(MessageData& msgData, Int32 type)
   w DataLayer.HPDataService.IDataService4HP.ExecuteStoredProcedure(User user, String procedureName, String[] parameters, DatabaseName database)
   w DataLayer.Implementation.GatewayDaoWFS.ExecuteStoredProcedure(String procedureName, String[] parameters, DatabaseName database) w C:\CP\ParserGit\JiraParser\DataLayer\Implementation\GatewayDaoWFS.cs:wiersz 138

--- Main exception: Source ---
mscorlib

poniedziałek, 24 grudnia 2018 23:05:03

--- Main exception: Message ---
Przekroczono limit czasu nieaktywności (00:10:00).

--- Main exception: StackTrace ---

Server stack trace: 
   w System.ServiceModel.Channels.ReliableRequestSessionChannel.SyncRequest.WaitForReply(TimeSpan timeout)
   w System.ServiceModel.Channels.RequestChannel.Request(Message message, TimeSpan timeout)
   w System.ServiceModel.Dispatcher.RequestChannelBinder.Request(Message message, TimeSpan timeout)
   w System.ServiceModel.Channels.ServiceChannel.Call(String action, Boolean oneway, ProxyOperationRuntime operation, Object[] ins, Object[] outs, TimeSpan timeout)
   w System.ServiceModel.Channels.ServiceChannelProxy.InvokeService(IMethodCallMessage methodCall, ProxyOperationRuntime operation)
   w System.ServiceModel.Channels.ServiceChannelProxy.Invoke(IMessage message)

Exception rethrown at [0]: 
   w System.Runtime.Remoting.Proxies.RealProxy.HandleReturnMessage(IMessage reqMsg, IMessage retMsg)
   w System.Runtime.Remoting.Proxies.RealProxy.PrivateInvoke(MessageData& msgData, Int32 type)
   w DataLayer.HPDataService.IDataService4HP.ExecuteStoredProcedure(User user, String procedureName, String[] parameters, DatabaseName database)
   w DataLayer.Implementation.GatewayDaoWFS.ExecuteStoredProcedure(String procedureName, String[] parameters, DatabaseName database) w C:\CP\ParserGit\JiraParser\DataLayer\Implementation\GatewayDaoWFS.cs:wiersz 138

--- Main exception: Source ---
mscorlib

