czwartek, 20 grudnia 2018 07:27:30

Automatyczny zapis nowego zgłoszenia Entities.BillingIssueDtoHelios [2018-12-20 07:27:30] 

czwartek, 20 grudnia 2018 07:27:34

Automatyczny zapis poprawny Entities.BillingIssueDtoHelios [2018-12-20 07:27:34] 

czwartek, 20 grudnia 2018 07:27:34

Modyfikacja treeItemczwartek, 20 grudnia 2018 07:27:34

Status Auto: False 

czwartek, 20 grudnia 2018 07:44:46

Automatyczne sprawdzanie zgłoszeń zakończono o: 2018-12-20 07:44:46 

czwartek, 20 grudnia 2018 07:45:33

Automatyczny zapis nowego zgłoszenia Entities.BillingIssueDtoHelios [2018-12-20 07:45:33] 

czwartek, 20 grudnia 2018 07:45:37

Automatyczny zapis poprawny Entities.BillingIssueDtoHelios [2018-12-20 07:45:37] 

czwartek, 20 grudnia 2018 07:45:37

Modyfikacja treeItemczwartek, 20 grudnia 2018 07:45:37

Status Auto: False 

czwartek, 20 grudnia 2018 07:50:48

Automatyczne sprawdzanie zgłoszeń zakończono o: 2018-12-20 07:50:48 

czwartek, 20 grudnia 2018 07:56:50

Automatyczne sprawdzanie zgłoszeń zakończono o: 2018-12-20 07:56:50 

czwartek, 20 grudnia 2018 08:02:51

Automatyczne sprawdzanie zgłoszeń zakończono o: 2018-12-20 08:02:51 

czwartek, 20 grudnia 2018 08:08:53

Automatyczne sprawdzanie zgłoszeń zakończono o: 2018-12-20 08:08:53 

czwartek, 20 grudnia 2018 08:14:55

Automatyczne sprawdzanie zgłoszeń zakończono o: 2018-12-20 08:14:55 

czwartek, 20 grudnia 2018 08:14:56

Zgłoszenie CRM-74722 dodano automatycznie o godzinie 2018-12-20 08:14:56!
czwartek, 20 grudnia 2018 08:20:57

Automatyczne sprawdzanie zgłoszeń zakończono o: 2018-12-20 08:20:57 

czwartek, 20 grudnia 2018 08:26:59

Automatyczne sprawdzanie zgłoszeń zakończono o: 2018-12-20 08:26:59 

czwartek, 20 grudnia 2018 10:17:59

--- Main exception: Message ---
Filter with name 'DoPobrania2liniaBill' was not found

--- Main exception: StackTrace ---
   w Atlassian.Jira.Jira.GetIssuesFromFilter(String filterName, Int32 start, Nullable`1 maxResults) w c:\projects\atlassian-net-sdk\Atlassian.Jira\Jira.cs:wiersz 291
   w Logic.Implementation.JiraIssues.GetIssuesFromFilterAsync(String filterName) w C:\CP\ParserGit\JiraParser\Logic\Implementation\JiraIssues.cs:wiersz 626
   w GUI.MainForm.<timer2_Tick>b__83_0() w C:\CP\ParserGit\JiraParser\GUI\MainForm.cs:wiersz 2444

--- Main exception: Source ---
Atlassian.Jira

czwartek, 20 grudnia 2018 10:22:58

--- Main exception: Message ---
Filter with name 'DoPobrania2liniaBill' was not found

--- Main exception: StackTrace ---
   w Atlassian.Jira.Jira.GetIssuesFromFilter(String filterName, Int32 start, Nullable`1 maxResults) w c:\projects\atlassian-net-sdk\Atlassian.Jira\Jira.cs:wiersz 291
   w Logic.Implementation.JiraIssues.GetIssuesFromFilterAsync(String filterName) w C:\CP\ParserGit\JiraParser\Logic\Implementation\JiraIssues.cs:wiersz 626
   w GUI.MainForm.<timer2_Tick>b__83_0() w C:\CP\ParserGit\JiraParser\GUI\MainForm.cs:wiersz 2444

--- Main exception: Source ---
Atlassian.Jira

czwartek, 20 grudnia 2018 10:57:25

Automatyczne sprawdzanie zgłoszeń zakończono o: 2018-12-20 10:57:25 

czwartek, 20 grudnia 2018 10:57:26

Zgłoszenie ZCC-17723 dodano automatycznie o godzinie 2018-12-20 10:57:26!
czwartek, 20 grudnia 2018 11:04:30

--- Main exception: Message ---
System.Web.Services.Protocols.SoapException: Server was unable to process request. ---> System.ServiceModel.FaultException`1[System.ServiceModel.ExceptionDetail]: A local error occurred.

Server stack trace: 
   at System.ServiceModel.Channels.ServiceChannel.ThrowIfFaultUnderstood(Message reply, MessageFault fault, String action, MessageVersion version, FaultConverter faultConverter)
   at System.ServiceModel.Channels.ServiceChannel.HandleReply(ProxyOperationRuntime operation, ProxyRpc& rpc)
   at System.ServiceModel.Channels.ServiceChannel.Call(String action, Boolean oneway, ProxyOperationRuntime operation, Object[] ins, Object[] outs, TimeSpan timeout)
   at System.ServiceModel.Channels.ServiceChannelProxy.InvokeService(IMethodCallMessage methodCall, ProxyOperationRuntime operation)
   at System.ServiceModel.Channels.ServiceChannelProxy.Invoke(IMessage message)

Exception rethrown at [0]: 
   at System.Runtime.Remoting.Proxies.RealProxy.HandleReturnMessage(IMessage reqMsg, IMessage retMsg)
   at System.Runtime.Remoting.Proxies.RealProxy.PrivateInvoke(MessageData& msgData, Int32 type)
   at Billennium.WFS.Providers.Authentication.Elements.BOMService.IBOMService.GetSsoUserId(String username, String password)
   at Billennium.WFS.Providers.Authentication.Elements.Authenticator.GetSsoUserIdFromElements(String login, String password)
   at Billennium.WFS.Providers.Authentication.Elements.Authenticator.GetUser(String login, String password)
   at Billennium.WFS.Obj.Common.Authentication.GetUserMEF(String login, String pass, Boolean auto) in C:\TFS\WD\44\s\BPM\Billennium.WFS.Obj.Common\Authentication.cs:line 177
   at Billennium.WFS.Obj.Common.Authentication.AuthenticateUserMEF(String login, String pass, Dictionary`2& _groupsDictionary, Dictionary`2& _relationsDict, Boolean auto) in C:\TFS\WD\44\s\BPM\Billennium.WFS.Obj.Common\Authentication.cs:line 81
   at Billennium.WFS.Obj.Common.Authentication.AuthenticateUser(String login, String pass, Dictionary`2& _groupsDictionary, Dictionary`2& _relationsDict, Boolean auto) in C:\TFS\WD\44\s\BPM\Billennium.WFS.Obj.Common\Authentication.cs:line 215
   at Billennium.WFS.Obj.Common.SessionUser.LogInUser(String userName, String pass, Boolean onlyLoginUser) in C:\TFS\WD\44\s\BPM\Billennium.WFS.Obj.Common\EntityExt\SessionUser.cs:line 390
   at Billennium.WFS.Obj.Common.Login.Login.LoginUser(String userLogin, String password, Int32 maxLoginTries, Boolean isTimeLockEnabled) in C:\TFS\WD\44\s\BPM\Billennium.WFS.Obj.Common\Login\Login.cs:line 17
   at Billennium.WFS.Services.DataService.DataService.LogInMain2(String login, String pass, Boolean fromRepository) in C:\TFS\WD\44\s\BPM\Billennium.WFS.Services.DataService\DataServiceLogIn.cs:line 512
   at Billennium.WFS.Services.DataService.DataService.LogIn2(String login, String pass) in C:\TFS\WD\44\s\BPM\Billennium.WFS.Services.DataService\DataServiceLogIn.cs:line 160
   --- End of inner exception stack trace ---

--- Main exception: StackTrace ---

Server stack trace: 
   w System.ServiceModel.Channels.ServiceChannel.HandleReply(ProxyOperationRuntime operation, ProxyRpc& rpc)
   w System.ServiceModel.Channels.ServiceChannel.Call(String action, Boolean oneway, ProxyOperationRuntime operation, Object[] ins, Object[] outs, TimeSpan timeout)
   w System.ServiceModel.Channels.ServiceChannelProxy.InvokeService(IMethodCallMessage methodCall, ProxyOperationRuntime operation)
   w System.ServiceModel.Channels.ServiceChannelProxy.Invoke(IMessage message)

Exception rethrown at [0]: 
   w System.Runtime.Remoting.Proxies.RealProxy.HandleReturnMessage(IMessage reqMsg, IMessage retMsg)
   w System.Runtime.Remoting.Proxies.RealProxy.PrivateInvoke(MessageData& msgData, Int32 type)
   w DataLayer.HPDataService.IDataService4HP.LogIn2(String login, String pass)
   w DataLayer.Implementation.GatewayDaoWFS.loginToWFSWithUserInfo(String user, String password) w C:\CP\ParserGit\JiraParser\DataLayer\Implementation\GatewayDaoWFS.cs:wiersz 263
   w LogicLayer.Implementation.ParserEngineWFS.loginToWFSWithUserInfo(String username, String password) w C:\CP\ParserGit\JiraParser\Logic\Implementation\ParserEngineWFS.cs:wiersz 46
   w GUI.Login.<button1_Click>b__20_0() w C:\CP\ParserGit\JiraParser\GUI\LoginForm.cs:wiersz 90

--- Main exception: Source ---
mscorlib

czwartek, 20 grudnia 2018 11:20:39

Automatyczne sprawdzanie zgłoszeń zakończono o: 2018-12-20 11:20:39 

czwartek, 20 grudnia 2018 11:26:41

Automatyczne sprawdzanie zgłoszeń zakończono o: 2018-12-20 11:26:41 

czwartek, 20 grudnia 2018 11:32:44

Automatyczne sprawdzanie zgłoszeń zakończono o: 2018-12-20 11:32:44 

czwartek, 20 grudnia 2018 11:38:47

Automatyczne sprawdzanie zgłoszeń zakończono o: 2018-12-20 11:38:47 

czwartek, 20 grudnia 2018 11:44:49

Automatyczne sprawdzanie zgłoszeń zakończono o: 2018-12-20 11:44:49 

czwartek, 20 grudnia 2018 11:50:50

Automatyczne sprawdzanie zgłoszeń zakończono o: 2018-12-20 11:50:50 

czwartek, 20 grudnia 2018 11:56:52

Automatyczne sprawdzanie zgłoszeń zakończono o: 2018-12-20 11:56:52 

czwartek, 20 grudnia 2018 12:02:54

Automatyczne sprawdzanie zgłoszeń zakończono o: 2018-12-20 12:02:54 

czwartek, 20 grudnia 2018 12:04:10

--- Main exception: Message ---
Zdalny punkt końcowy nie rozpoznaje już tej sekwencji. Jest to prawdopodobnie spowodowane przerwaniem działania w zdalnym punkcie końcowym. The value of wsrm:Identifier is not a known Sequence identifier. Wystąpił błąd uwierzytelnionej sesji.

--- Main exception: StackTrace ---

Server stack trace: 
   w System.ServiceModel.Channels.ReliableRequestSessionChannel.SyncRequest.WaitForReply(TimeSpan timeout)
   w System.ServiceModel.Channels.RequestChannel.Request(Message message, TimeSpan timeout)
   w System.ServiceModel.Dispatcher.RequestChannelBinder.Request(Message message, TimeSpan timeout)
   w System.ServiceModel.Channels.ServiceChannel.Call(String action, Boolean oneway, ProxyOperationRuntime operation, Object[] ins, Object[] outs, TimeSpan timeout)
   w System.ServiceModel.Channels.ServiceChannelProxy.InvokeService(IMethodCallMessage methodCall, ProxyOperationRuntime operation)
   w System.ServiceModel.Channels.ServiceChannelProxy.Invoke(IMessage message)

Exception rethrown at [0]: 
   w System.Runtime.Remoting.Proxies.RealProxy.HandleReturnMessage(IMessage reqMsg, IMessage retMsg)
   w System.Runtime.Remoting.Proxies.RealProxy.PrivateInvoke(MessageData& msgData, Int32 type)
   w DataLayer.HPDataService.IDataService4HP.ExecuteStoredProcedure(User user, String procedureName, String[] parameters, DatabaseName database)
   w DataLayer.Implementation.GatewayDaoWFS.ExecuteStoredProcedure(String procedureName, String[] parameters, DatabaseName database) w C:\CP\ParserGit\JiraParser\DataLayer\Implementation\GatewayDaoWFS.cs:wiersz 138

--- Main exception: Source ---
mscorlib

czwartek, 20 grudnia 2018 12:09:56

Automatyczne sprawdzanie zgłoszeń zakończono o: 2018-12-20 12:09:56 

czwartek, 20 grudnia 2018 12:31:32

Automatyczne sprawdzanie zgłoszeń zakończono o: 2018-12-20 12:31:32 

czwartek, 20 grudnia 2018 12:31:33

Zgłoszenie INFOLINIA-6422 dodano automatycznie o godzinie 2018-12-20 12:31:33!
czwartek, 20 grudnia 2018 12:37:35

Automatyczne sprawdzanie zgłoszeń zakończono o: 2018-12-20 12:37:35 

czwartek, 20 grudnia 2018 12:43:37

Automatyczne sprawdzanie zgłoszeń zakończono o: 2018-12-20 12:43:37 

czwartek, 20 grudnia 2018 12:49:39

Automatyczne sprawdzanie zgłoszeń zakończono o: 2018-12-20 12:49:39 

czwartek, 20 grudnia 2018 12:49:40

Zgłoszenie CRM-74726 dodano automatycznie o godzinie 2018-12-20 12:49:40!
czwartek, 20 grudnia 2018 12:49:44

Zgłoszenie INFOLINIA-6423 dodano automatycznie o godzinie 2018-12-20 12:49:44!
czwartek, 20 grudnia 2018 12:55:41

Automatyczne sprawdzanie zgłoszeń zakończono o: 2018-12-20 12:55:41 

czwartek, 20 grudnia 2018 13:01:43

Automatyczne sprawdzanie zgłoszeń zakończono o: 2018-12-20 13:01:43 

czwartek, 20 grudnia 2018 13:07:45

Automatyczne sprawdzanie zgłoszeń zakończono o: 2018-12-20 13:07:45 

czwartek, 20 grudnia 2018 13:13:48

Automatyczne sprawdzanie zgłoszeń zakończono o: 2018-12-20 13:13:48 

czwartek, 20 grudnia 2018 13:13:48

Zgłoszenie CRM-74727 dodano automatycznie o godzinie 2018-12-20 13:13:48!
czwartek, 20 grudnia 2018 13:19:50

Automatyczne sprawdzanie zgłoszeń zakończono o: 2018-12-20 13:19:50 

czwartek, 20 grudnia 2018 13:19:50

Zgłoszenie CRM-74728 dodano automatycznie o godzinie 2018-12-20 13:19:50!
czwartek, 20 grudnia 2018 13:25:52

Automatyczne sprawdzanie zgłoszeń zakończono o: 2018-12-20 13:25:52 

czwartek, 20 grudnia 2018 13:31:53

Automatyczne sprawdzanie zgłoszeń zakończono o: 2018-12-20 13:31:53 

czwartek, 20 grudnia 2018 13:37:58

Automatyczne sprawdzanie zgłoszeń zakończono o: 2018-12-20 13:37:58 

czwartek, 20 grudnia 2018 13:40:28

--- Main exception: Message ---
Wartość '4' nie jest prawidłową wartością dla 'Value'. Wartość 'Value' powinna znajdować się w zakresie od 'minimum' do 'maximum'.
Nazwa parametru: Value

--- Main exception: StackTrace ---
   w System.Windows.Forms.ProgressBar.set_Value(Int32 value)
   w GUI.MainForm.<>c__DisplayClass134_0.<pb_UpdateProgressBar>b__0() w C:\CP\ParserGit\JiraParser\GUI\MainForm.cs:wiersz 4824

--- Main exception: Source ---
System.Windows.Forms

czwartek, 20 grudnia 2018 13:40:28

--- Main exception: Message ---
Wartość '4' nie jest prawidłową wartością dla 'Value'. Wartość 'Value' powinna znajdować się w zakresie od 'minimum' do 'maximum'.
Nazwa parametru: Value

--- Main exception: StackTrace ---
   w System.Windows.Forms.ProgressBar.set_Value(Int32 value)
   w GUI.MainForm.<>c__DisplayClass134_0.<pb_UpdateProgressBar>b__0() w C:\CP\ParserGit\JiraParser\GUI\MainForm.cs:wiersz 4824

--- Main exception: Source ---
System.Windows.Forms

czwartek, 20 grudnia 2018 13:40:29

--- Main exception: Message ---
Wartość '4' nie jest prawidłową wartością dla 'Value'. Wartość 'Value' powinna znajdować się w zakresie od 'minimum' do 'maximum'.
Nazwa parametru: Value

--- Main exception: StackTrace ---
   w System.Windows.Forms.ProgressBar.set_Value(Int32 value)
   w GUI.MainForm.<>c__DisplayClass134_0.<pb_UpdateProgressBar>b__0() w C:\CP\ParserGit\JiraParser\GUI\MainForm.cs:wiersz 4824

--- Main exception: Source ---
System.Windows.Forms

czwartek, 20 grudnia 2018 13:40:30

--- Main exception: Message ---
Wartość '4' nie jest prawidłową wartością dla 'Value'. Wartość 'Value' powinna znajdować się w zakresie od 'minimum' do 'maximum'.
Nazwa parametru: Value

--- Main exception: StackTrace ---
   w System.Windows.Forms.ProgressBar.set_Value(Int32 value)
   w GUI.MainForm.<>c__DisplayClass134_0.<pb_UpdateProgressBar>b__0() w C:\CP\ParserGit\JiraParser\GUI\MainForm.cs:wiersz 4824

--- Main exception: Source ---
System.Windows.Forms

czwartek, 20 grudnia 2018 13:40:30

--- Main exception: Message ---
Wartość '4' nie jest prawidłową wartością dla 'Value'. Wartość 'Value' powinna znajdować się w zakresie od 'minimum' do 'maximum'.
Nazwa parametru: Value

--- Main exception: StackTrace ---
   w System.Windows.Forms.ProgressBar.set_Value(Int32 value)
   w GUI.MainForm.<>c__DisplayClass134_0.<pb_UpdateProgressBar>b__0() w C:\CP\ParserGit\JiraParser\GUI\MainForm.cs:wiersz 4824

--- Main exception: Source ---
System.Windows.Forms

czwartek, 20 grudnia 2018 13:40:31

--- Main exception: Message ---
Wartość '4' nie jest prawidłową wartością dla 'Value'. Wartość 'Value' powinna znajdować się w zakresie od 'minimum' do 'maximum'.
Nazwa parametru: Value

--- Main exception: StackTrace ---
   w System.Windows.Forms.ProgressBar.set_Value(Int32 value)
   w GUI.MainForm.<>c__DisplayClass134_0.<pb_UpdateProgressBar>b__0() w C:\CP\ParserGit\JiraParser\GUI\MainForm.cs:wiersz 4824

--- Main exception: Source ---
System.Windows.Forms

czwartek, 20 grudnia 2018 13:40:32

--- Main exception: Message ---
Wartość '4' nie jest prawidłową wartością dla 'Value'. Wartość 'Value' powinna znajdować się w zakresie od 'minimum' do 'maximum'.
Nazwa parametru: Value

--- Main exception: StackTrace ---
   w System.Windows.Forms.ProgressBar.set_Value(Int32 value)
   w GUI.MainForm.<>c__DisplayClass134_0.<pb_UpdateProgressBar>b__0() w C:\CP\ParserGit\JiraParser\GUI\MainForm.cs:wiersz 4824

--- Main exception: Source ---
System.Windows.Forms

czwartek, 20 grudnia 2018 13:40:32

--- Main exception: Message ---
Wartość '4' nie jest prawidłową wartością dla 'Value'. Wartość 'Value' powinna znajdować się w zakresie od 'minimum' do 'maximum'.
Nazwa parametru: Value

--- Main exception: StackTrace ---
   w System.Windows.Forms.ProgressBar.set_Value(Int32 value)
   w GUI.MainForm.<>c__DisplayClass134_0.<pb_UpdateProgressBar>b__0() w C:\CP\ParserGit\JiraParser\GUI\MainForm.cs:wiersz 4824

--- Main exception: Source ---
System.Windows.Forms

czwartek, 20 grudnia 2018 13:40:33

--- Main exception: Message ---
Wartość '4' nie jest prawidłową wartością dla 'Value'. Wartość 'Value' powinna znajdować się w zakresie od 'minimum' do 'maximum'.
Nazwa parametru: Value

--- Main exception: StackTrace ---
   w System.Windows.Forms.ProgressBar.set_Value(Int32 value)
   w GUI.MainForm.<>c__DisplayClass134_0.<pb_UpdateProgressBar>b__0() w C:\CP\ParserGit\JiraParser\GUI\MainForm.cs:wiersz 4824

--- Main exception: Source ---
System.Windows.Forms

czwartek, 20 grudnia 2018 13:41:14

--- Main exception: Message ---
Element o tym samym kluczu został już dodany.

--- Main exception: StackTrace ---
   w System.ThrowHelper.ThrowArgumentException(ExceptionResource resource)
   w System.Collections.Generic.Dictionary`2.Insert(TKey key, TValue value, Boolean add)
   w GUI.MainForm.GetActionForIssues(TreeView tr) w C:\CP\ParserGit\JiraParser\GUI\MainForm.cs:wiersz 4897

--- Main exception: Source ---
mscorlib

czwartek, 20 grudnia 2018 13:44:05

Automatyczne sprawdzanie zgłoszeń zakończono o: 2018-12-20 13:44:05 

czwartek, 20 grudnia 2018 13:44:22

Zgłoszenie CRM-74729 dodano automatycznie o godzinie 2018-12-20 13:44:22!
czwartek, 20 grudnia 2018 13:50:11

Automatyczne sprawdzanie zgłoszeń zakończono o: 2018-12-20 13:50:11 

czwartek, 20 grudnia 2018 13:56:15

Automatyczne sprawdzanie zgłoszeń zakończono o: 2018-12-20 13:56:15 

czwartek, 20 grudnia 2018 13:56:28

Zgłoszenie CRM-74730 dodano automatycznie o godzinie 2018-12-20 13:56:28!
czwartek, 20 grudnia 2018 14:02:20

Automatyczne sprawdzanie zgłoszeń zakończono o: 2018-12-20 14:02:20 

czwartek, 20 grudnia 2018 14:08:22

Automatyczne sprawdzanie zgłoszeń zakończono o: 2018-12-20 14:08:22 

czwartek, 20 grudnia 2018 14:14:24

Automatyczne sprawdzanie zgłoszeń zakończono o: 2018-12-20 14:14:24 

czwartek, 20 grudnia 2018 14:30:39

Automatyczne sprawdzanie zgłoszeń zakończono o: 2018-12-20 14:30:39 

czwartek, 20 grudnia 2018 14:30:39

Zgłoszenie INFOLINIA-6424 dodano automatycznie o godzinie 2018-12-20 14:30:39!
czwartek, 20 grudnia 2018 14:36:43

Automatyczne sprawdzanie zgłoszeń zakończono o: 2018-12-20 14:36:43 

czwartek, 20 grudnia 2018 14:42:45

Automatyczne sprawdzanie zgłoszeń zakończono o: 2018-12-20 14:42:44 

czwartek, 20 grudnia 2018 14:48:47

Automatyczne sprawdzanie zgłoszeń zakończono o: 2018-12-20 14:48:47 

czwartek, 20 grudnia 2018 14:49:21

--- Main exception: Message ---
Nie można uzyskać dostępu do usuniętego obiektu.
Nazwa obiektu: 'WFSform'.

--- Main exception: StackTrace ---
   w System.Windows.Forms.Control.CreateHandle()
   w System.Windows.Forms.Form.CreateHandle()
   w System.Windows.Forms.Control.get_Handle()
   w System.Windows.Forms.Application.ThreadContext.RunMessageLoopInner(Int32 reason, ApplicationContext context)
   w System.Windows.Forms.Application.ThreadContext.RunMessageLoop(Int32 reason, ApplicationContext context)
   w System.Windows.Forms.Form.ShowDialog(IWin32Window owner)
   w GUI.MainForm.UzupelnijDane(TreeView tr, Boolean auto) w C:\CP\ParserGit\JiraParser\GUI\MainForm.cs:wiersz 3516
   w GUI.MainForm.<newIssueAutoAddToBPMUzupelnijDane>b__207_0() w C:\CP\ParserGit\JiraParser\GUI\MainForm.cs:wiersz 7277

--- Main exception: Source ---
System.Windows.Forms

czwartek, 20 grudnia 2018 14:54:49

Automatyczne sprawdzanie zgłoszeń zakończono o: 2018-12-20 14:54:49 

czwartek, 20 grudnia 2018 15:00:50

Automatyczne sprawdzanie zgłoszeń zakończono o: 2018-12-20 15:00:50 

czwartek, 20 grudnia 2018 15:06:52

Automatyczne sprawdzanie zgłoszeń zakończono o: 2018-12-20 15:06:52 

czwartek, 20 grudnia 2018 15:12:54

Automatyczne sprawdzanie zgłoszeń zakończono o: 2018-12-20 15:12:54 

czwartek, 20 grudnia 2018 15:18:56

Automatyczne sprawdzanie zgłoszeń zakończono o: 2018-12-20 15:18:56 

czwartek, 20 grudnia 2018 15:18:56

Zgłoszenie CRM-74732 dodano automatycznie o godzinie 2018-12-20 15:18:56!
czwartek, 20 grudnia 2018 15:24:58

Automatyczne sprawdzanie zgłoszeń zakończono o: 2018-12-20 15:24:58 

czwartek, 20 grudnia 2018 15:24:58

Zgłoszenie CRM-74731 dodano automatycznie o godzinie 2018-12-20 15:24:58!
