sobota, 29 grudnia 2018 01:38:09

Automatyczny zapis nowego zgłoszenia Entities.BillingIssueDtoHelios [2018-12-29 01:38:09] 

sobota, 29 grudnia 2018 01:38:13

Automatyczny zapis poprawny Entities.BillingIssueDtoHelios [2018-12-29 01:38:13] 

sobota, 29 grudnia 2018 01:38:13

Modyfikacja treeItemsobota, 29 grudnia 2018 01:38:13

Status Auto: False 

sobota, 29 grudnia 2018 01:38:13

Automatyczny zapis nowego zgłoszenia Entities.BillingIssueDtoHelios [2018-12-29 01:38:13] 

sobota, 29 grudnia 2018 01:38:16

Automatyczny zapis poprawny Entities.BillingIssueDtoHelios [2018-12-29 01:38:16] 

sobota, 29 grudnia 2018 01:38:16

Modyfikacja treeItemsobota, 29 grudnia 2018 01:38:16

Status Auto: False 

sobota, 29 grudnia 2018 01:38:16

Automatyczny zapis nowego zgłoszenia Entities.BillingIssueDtoHelios [2018-12-29 01:38:16] 

sobota, 29 grudnia 2018 01:38:18

Automatyczny zapis poprawny Entities.BillingIssueDtoHelios [2018-12-29 01:38:18] 

sobota, 29 grudnia 2018 01:38:18

Modyfikacja treeItemsobota, 29 grudnia 2018 01:38:18

Status Auto: False 

sobota, 29 grudnia 2018 01:38:18

Automatyczny zapis nowego zgłoszenia Entities.BillingIssueDtoHelios [2018-12-29 01:38:18] 

sobota, 29 grudnia 2018 01:38:21

Automatyczny zapis poprawny Entities.BillingIssueDtoHelios [2018-12-29 01:38:21] 

sobota, 29 grudnia 2018 01:38:21

Modyfikacja treeItemsobota, 29 grudnia 2018 01:38:21

Status Auto: False 

sobota, 29 grudnia 2018 01:38:21

Automatyczny zapis nowego zgłoszenia Entities.BillingIssueDtoHelios [2018-12-29 01:38:21] 

sobota, 29 grudnia 2018 01:38:23

Automatyczny zapis poprawny Entities.BillingIssueDtoHelios [2018-12-29 01:38:23] 

sobota, 29 grudnia 2018 01:38:23

Modyfikacja treeItemsobota, 29 grudnia 2018 01:38:23

Status Auto: False 

sobota, 29 grudnia 2018 01:38:23

Automatyczny zapis nowego zgłoszenia Entities.BillingIssueDtoHelios [2018-12-29 01:38:23] 

sobota, 29 grudnia 2018 01:38:25

Automatyczny zapis poprawny Entities.BillingIssueDtoHelios [2018-12-29 01:38:25] 

sobota, 29 grudnia 2018 01:38:25

Modyfikacja treeItemsobota, 29 grudnia 2018 01:38:25

Status Auto: False 

sobota, 29 grudnia 2018 01:38:25

Automatyczny zapis nowego zgłoszenia Entities.BillingIssueDtoHelios [2018-12-29 01:38:25] 

sobota, 29 grudnia 2018 01:38:28

Automatyczny zapis poprawny Entities.BillingIssueDtoHelios [2018-12-29 01:38:28] 

sobota, 29 grudnia 2018 01:38:28

Modyfikacja treeItemsobota, 29 grudnia 2018 01:38:28

Status Auto: False 

sobota, 29 grudnia 2018 01:38:28

Automatyczny zapis nowego zgłoszenia Entities.BillingIssueDtoHelios [2018-12-29 01:38:28] 

sobota, 29 grudnia 2018 01:38:30

Automatyczny zapis poprawny Entities.BillingIssueDtoHelios [2018-12-29 01:38:30] 

sobota, 29 grudnia 2018 01:38:30

Modyfikacja treeItemsobota, 29 grudnia 2018 01:38:30

Status Auto: False 

sobota, 29 grudnia 2018 02:05:20

Automatyczny zapis nowego zgłoszenia Entities.BillingIssueDtoHelios [2018-12-29 02:05:20] 

sobota, 29 grudnia 2018 02:05:24

Automatyczny zapis poprawny Entities.BillingIssueDtoHelios [2018-12-29 02:05:24] 

sobota, 29 grudnia 2018 02:05:24

Modyfikacja treeItemsobota, 29 grudnia 2018 02:05:24

Status Auto: False 

sobota, 29 grudnia 2018 02:05:24

Automatyczny zapis nowego zgłoszenia Entities.BillingIssueDtoHelios [2018-12-29 02:05:24] 

sobota, 29 grudnia 2018 02:05:26

Automatyczny zapis poprawny Entities.BillingIssueDtoHelios [2018-12-29 02:05:26] 

sobota, 29 grudnia 2018 02:05:26

Modyfikacja treeItemsobota, 29 grudnia 2018 02:05:26

Status Auto: False 

sobota, 29 grudnia 2018 02:05:26

Automatyczny zapis nowego zgłoszenia Entities.BillingIssueDtoHelios [2018-12-29 02:05:26] 

sobota, 29 grudnia 2018 02:05:28

Automatyczny zapis poprawny Entities.BillingIssueDtoHelios [2018-12-29 02:05:28] 

sobota, 29 grudnia 2018 02:05:28

Modyfikacja treeItemsobota, 29 grudnia 2018 02:05:28

Status Auto: False 

sobota, 29 grudnia 2018 02:05:28

Automatyczny zapis nowego zgłoszenia Entities.BillingIssueDtoHelios [2018-12-29 02:05:28] 

sobota, 29 grudnia 2018 02:05:31

Automatyczny zapis poprawny Entities.BillingIssueDtoHelios [2018-12-29 02:05:31] 

sobota, 29 grudnia 2018 02:05:31

Modyfikacja treeItemsobota, 29 grudnia 2018 02:05:31

Status Auto: False 

sobota, 29 grudnia 2018 02:05:31

Automatyczny zapis nowego zgłoszenia Entities.BillingIssueDtoHelios [2018-12-29 02:05:31] 

sobota, 29 grudnia 2018 02:05:34

Automatyczny zapis poprawny Entities.BillingIssueDtoHelios [2018-12-29 02:05:34] 

sobota, 29 grudnia 2018 02:05:34

Modyfikacja treeItemsobota, 29 grudnia 2018 02:05:34

Status Auto: False 

sobota, 29 grudnia 2018 02:05:34

Automatyczny zapis nowego zgłoszenia Entities.BillingIssueDtoHelios [2018-12-29 02:05:34] 

sobota, 29 grudnia 2018 02:05:36

Automatyczny zapis poprawny Entities.BillingIssueDtoHelios [2018-12-29 02:05:36] 

sobota, 29 grudnia 2018 02:05:36

Modyfikacja treeItemsobota, 29 grudnia 2018 02:05:36

Status Auto: False 

sobota, 29 grudnia 2018 09:30:25

Automatyczny zapis nowego zgłoszenia Entities.BillingIssueDtoHelios [2018-12-29 09:30:25] 

sobota, 29 grudnia 2018 09:30:38

Automatyczny zapis poprawny Entities.BillingIssueDtoHelios [2018-12-29 09:30:38] 

sobota, 29 grudnia 2018 09:30:38

Modyfikacja treeItemsobota, 29 grudnia 2018 09:30:38

Status Auto: False 

sobota, 29 grudnia 2018 09:30:38

Automatyczny zapis nowego zgłoszenia Entities.BillingIssueDtoHelios [2018-12-29 09:30:38] 

sobota, 29 grudnia 2018 09:30:41

Automatyczny zapis poprawny Entities.BillingIssueDtoHelios [2018-12-29 09:30:41] 

sobota, 29 grudnia 2018 09:30:41

Modyfikacja treeItemsobota, 29 grudnia 2018 09:30:41

Status Auto: False 

sobota, 29 grudnia 2018 09:30:41

Automatyczny zapis nowego zgłoszenia Entities.BillingIssueDtoHelios [2018-12-29 09:30:41] 

sobota, 29 grudnia 2018 09:30:44

Automatyczny zapis poprawny Entities.BillingIssueDtoHelios [2018-12-29 09:30:44] 

sobota, 29 grudnia 2018 09:30:44

Modyfikacja treeItemsobota, 29 grudnia 2018 09:30:44

Status Auto: False 

sobota, 29 grudnia 2018 09:30:44

Automatyczny zapis nowego zgłoszenia Entities.BillingIssueDtoHelios [2018-12-29 09:30:44] 

sobota, 29 grudnia 2018 09:30:46

Automatyczny zapis poprawny Entities.BillingIssueDtoHelios [2018-12-29 09:30:46] 

sobota, 29 grudnia 2018 09:30:46

Modyfikacja treeItemsobota, 29 grudnia 2018 09:30:46

Status Auto: False 

sobota, 29 grudnia 2018 09:30:46

Automatyczny zapis nowego zgłoszenia Entities.BillingIssueDtoHelios [2018-12-29 09:30:46] 

sobota, 29 grudnia 2018 09:30:48

Automatyczny zapis poprawny Entities.BillingIssueDtoHelios [2018-12-29 09:30:48] 

sobota, 29 grudnia 2018 09:30:48

Modyfikacja treeItemsobota, 29 grudnia 2018 09:30:48

Status Auto: False 

sobota, 29 grudnia 2018 15:15:42

--- Main exception: Message ---
Nie można rozpoznać nazwy zdalnej: 'jira'

--- Main exception: StackTrace ---
   w Atlassian.Jira.Remote.JiraRestClient.ExecuteRequest[T](Method method, String resource, Object requestBody) w c:\projects\atlassian-net-sdk\Atlassian.Jira\Remote\JiraRestClient.cs:wiersz 119
   w Atlassian.Jira.Remote.JiraRestClient.GetIssueTypes(String token, String projectId) w c:\projects\atlassian-net-sdk\Atlassian.Jira\Remote\JiraRestClient.cs:wiersz 822
   w Atlassian.Jira.Jira.<>c__DisplayClass16.<GetIssueTypes>b__12(String token) w c:\projects\atlassian-net-sdk\Atlassian.Jira\Jira.cs:wiersz 414
   w Atlassian.Jira.Jira.<>c__DisplayClass3c.<WithToken>b__3b(String t) w c:\projects\atlassian-net-sdk\Atlassian.Jira\Jira.cs:wiersz 658
   w Atlassian.Jira.Jira.WithToken[TResult](Func`3 function) w c:\projects\atlassian-net-sdk\Atlassian.Jira\Jira.cs:wiersz 706
   w Atlassian.Jira.Jira.GetIssueTypes(String projectKey) w c:\projects\atlassian-net-sdk\Atlassian.Jira\Jira.cs:wiersz 419
   w Logic.Implementation.JiraIssues.GetJiraIssuesTypes() w C:\CP\ParserGit\JiraParser\Logic\Implementation\JiraIssues.cs:wiersz 50
   w GUI.MainForm.<timer2_Tick>b__86_0() w C:\CP\ParserGit\JiraParser\GUI\MainForm.cs:wiersz 2540

--- Main exception: Source ---
Atlassian.Jira

sobota, 29 grudnia 2018 15:20:42

--- Main exception: Message ---
Nie można rozpoznać nazwy zdalnej: 'jira'

--- Main exception: StackTrace ---
   w Atlassian.Jira.Remote.JiraRestClient.ExecuteRequest[T](Method method, String resource, Object requestBody) w c:\projects\atlassian-net-sdk\Atlassian.Jira\Remote\JiraRestClient.cs:wiersz 119
   w Atlassian.Jira.Remote.JiraRestClient.GetIssueTypes(String token, String projectId) w c:\projects\atlassian-net-sdk\Atlassian.Jira\Remote\JiraRestClient.cs:wiersz 822
   w Atlassian.Jira.Jira.<>c__DisplayClass16.<GetIssueTypes>b__12(String token) w c:\projects\atlassian-net-sdk\Atlassian.Jira\Jira.cs:wiersz 414
   w Atlassian.Jira.Jira.<>c__DisplayClass3c.<WithToken>b__3b(String t) w c:\projects\atlassian-net-sdk\Atlassian.Jira\Jira.cs:wiersz 658
   w Atlassian.Jira.Jira.WithToken[TResult](Func`3 function) w c:\projects\atlassian-net-sdk\Atlassian.Jira\Jira.cs:wiersz 706
   w Atlassian.Jira.Jira.GetIssueTypes(String projectKey) w c:\projects\atlassian-net-sdk\Atlassian.Jira\Jira.cs:wiersz 419
   w Logic.Implementation.JiraIssues.GetJiraIssuesTypes() w C:\CP\ParserGit\JiraParser\Logic\Implementation\JiraIssues.cs:wiersz 50
   w GUI.MainForm.<timer2_Tick>b__86_0() w C:\CP\ParserGit\JiraParser\GUI\MainForm.cs:wiersz 2540

--- Main exception: Source ---
Atlassian.Jira

sobota, 29 grudnia 2018 15:25:42

--- Main exception: Message ---
Nie można rozpoznać nazwy zdalnej: 'jira'

--- Main exception: StackTrace ---
   w Atlassian.Jira.Remote.JiraRestClient.ExecuteRequest[T](Method method, String resource, Object requestBody) w c:\projects\atlassian-net-sdk\Atlassian.Jira\Remote\JiraRestClient.cs:wiersz 119
   w Atlassian.Jira.Remote.JiraRestClient.GetIssueTypes(String token, String projectId) w c:\projects\atlassian-net-sdk\Atlassian.Jira\Remote\JiraRestClient.cs:wiersz 822
   w Atlassian.Jira.Jira.<>c__DisplayClass16.<GetIssueTypes>b__12(String token) w c:\projects\atlassian-net-sdk\Atlassian.Jira\Jira.cs:wiersz 414
   w Atlassian.Jira.Jira.<>c__DisplayClass3c.<WithToken>b__3b(String t) w c:\projects\atlassian-net-sdk\Atlassian.Jira\Jira.cs:wiersz 658
   w Atlassian.Jira.Jira.WithToken[TResult](Func`3 function) w c:\projects\atlassian-net-sdk\Atlassian.Jira\Jira.cs:wiersz 706
   w Atlassian.Jira.Jira.GetIssueTypes(String projectKey) w c:\projects\atlassian-net-sdk\Atlassian.Jira\Jira.cs:wiersz 419
   w Logic.Implementation.JiraIssues.GetJiraIssuesTypes() w C:\CP\ParserGit\JiraParser\Logic\Implementation\JiraIssues.cs:wiersz 50
   w GUI.MainForm.<timer2_Tick>b__86_0() w C:\CP\ParserGit\JiraParser\GUI\MainForm.cs:wiersz 2540

--- Main exception: Source ---
Atlassian.Jira

sobota, 29 grudnia 2018 15:30:42

--- Main exception: Message ---
Nie można rozpoznać nazwy zdalnej: 'jira'

--- Main exception: StackTrace ---
   w Atlassian.Jira.Remote.JiraRestClient.ExecuteRequest[T](Method method, String resource, Object requestBody) w c:\projects\atlassian-net-sdk\Atlassian.Jira\Remote\JiraRestClient.cs:wiersz 119
   w Atlassian.Jira.Remote.JiraRestClient.GetIssueTypes(String token, String projectId) w c:\projects\atlassian-net-sdk\Atlassian.Jira\Remote\JiraRestClient.cs:wiersz 822
   w Atlassian.Jira.Jira.<>c__DisplayClass16.<GetIssueTypes>b__12(String token) w c:\projects\atlassian-net-sdk\Atlassian.Jira\Jira.cs:wiersz 414
   w Atlassian.Jira.Jira.<>c__DisplayClass3c.<WithToken>b__3b(String t) w c:\projects\atlassian-net-sdk\Atlassian.Jira\Jira.cs:wiersz 658
   w Atlassian.Jira.Jira.WithToken[TResult](Func`3 function) w c:\projects\atlassian-net-sdk\Atlassian.Jira\Jira.cs:wiersz 706
   w Atlassian.Jira.Jira.GetIssueTypes(String projectKey) w c:\projects\atlassian-net-sdk\Atlassian.Jira\Jira.cs:wiersz 419
   w Logic.Implementation.JiraIssues.GetJiraIssuesTypes() w C:\CP\ParserGit\JiraParser\Logic\Implementation\JiraIssues.cs:wiersz 50
   w GUI.MainForm.<timer2_Tick>b__86_0() w C:\CP\ParserGit\JiraParser\GUI\MainForm.cs:wiersz 2540

--- Main exception: Source ---
Atlassian.Jira

sobota, 29 grudnia 2018 15:35:42

--- Main exception: Message ---
Nie można rozpoznać nazwy zdalnej: 'jira'

--- Main exception: StackTrace ---
   w Atlassian.Jira.Remote.JiraRestClient.ExecuteRequest[T](Method method, String resource, Object requestBody) w c:\projects\atlassian-net-sdk\Atlassian.Jira\Remote\JiraRestClient.cs:wiersz 119
   w Atlassian.Jira.Remote.JiraRestClient.GetIssueTypes(String token, String projectId) w c:\projects\atlassian-net-sdk\Atlassian.Jira\Remote\JiraRestClient.cs:wiersz 822
   w Atlassian.Jira.Jira.<>c__DisplayClass16.<GetIssueTypes>b__12(String token) w c:\projects\atlassian-net-sdk\Atlassian.Jira\Jira.cs:wiersz 414
   w Atlassian.Jira.Jira.<>c__DisplayClass3c.<WithToken>b__3b(String t) w c:\projects\atlassian-net-sdk\Atlassian.Jira\Jira.cs:wiersz 658
   w Atlassian.Jira.Jira.WithToken[TResult](Func`3 function) w c:\projects\atlassian-net-sdk\Atlassian.Jira\Jira.cs:wiersz 706
   w Atlassian.Jira.Jira.GetIssueTypes(String projectKey) w c:\projects\atlassian-net-sdk\Atlassian.Jira\Jira.cs:wiersz 419
   w Logic.Implementation.JiraIssues.GetJiraIssuesTypes() w C:\CP\ParserGit\JiraParser\Logic\Implementation\JiraIssues.cs:wiersz 50
   w GUI.MainForm.<timer2_Tick>b__86_0() w C:\CP\ParserGit\JiraParser\GUI\MainForm.cs:wiersz 2540

--- Main exception: Source ---
Atlassian.Jira

sobota, 29 grudnia 2018 15:40:43

--- Main exception: Message ---
Nie można rozpoznać nazwy zdalnej: 'jira'

--- Main exception: StackTrace ---
   w Atlassian.Jira.Remote.JiraRestClient.ExecuteRequest[T](Method method, String resource, Object requestBody) w c:\projects\atlassian-net-sdk\Atlassian.Jira\Remote\JiraRestClient.cs:wiersz 119
   w Atlassian.Jira.Remote.JiraRestClient.GetIssueTypes(String token, String projectId) w c:\projects\atlassian-net-sdk\Atlassian.Jira\Remote\JiraRestClient.cs:wiersz 822
   w Atlassian.Jira.Jira.<>c__DisplayClass16.<GetIssueTypes>b__12(String token) w c:\projects\atlassian-net-sdk\Atlassian.Jira\Jira.cs:wiersz 414
   w Atlassian.Jira.Jira.<>c__DisplayClass3c.<WithToken>b__3b(String t) w c:\projects\atlassian-net-sdk\Atlassian.Jira\Jira.cs:wiersz 658
   w Atlassian.Jira.Jira.WithToken[TResult](Func`3 function) w c:\projects\atlassian-net-sdk\Atlassian.Jira\Jira.cs:wiersz 706
   w Atlassian.Jira.Jira.GetIssueTypes(String projectKey) w c:\projects\atlassian-net-sdk\Atlassian.Jira\Jira.cs:wiersz 419
   w Logic.Implementation.JiraIssues.GetJiraIssuesTypes() w C:\CP\ParserGit\JiraParser\Logic\Implementation\JiraIssues.cs:wiersz 50
   w GUI.MainForm.<timer2_Tick>b__86_0() w C:\CP\ParserGit\JiraParser\GUI\MainForm.cs:wiersz 2540

--- Main exception: Source ---
Atlassian.Jira

sobota, 29 grudnia 2018 15:45:42

--- Main exception: Message ---
Nie można rozpoznać nazwy zdalnej: 'jira'

--- Main exception: StackTrace ---
   w Atlassian.Jira.Remote.JiraRestClient.ExecuteRequest[T](Method method, String resource, Object requestBody) w c:\projects\atlassian-net-sdk\Atlassian.Jira\Remote\JiraRestClient.cs:wiersz 119
   w Atlassian.Jira.Remote.JiraRestClient.GetIssueTypes(String token, String projectId) w c:\projects\atlassian-net-sdk\Atlassian.Jira\Remote\JiraRestClient.cs:wiersz 822
   w Atlassian.Jira.Jira.<>c__DisplayClass16.<GetIssueTypes>b__12(String token) w c:\projects\atlassian-net-sdk\Atlassian.Jira\Jira.cs:wiersz 414
   w Atlassian.Jira.Jira.<>c__DisplayClass3c.<WithToken>b__3b(String t) w c:\projects\atlassian-net-sdk\Atlassian.Jira\Jira.cs:wiersz 658
   w Atlassian.Jira.Jira.WithToken[TResult](Func`3 function) w c:\projects\atlassian-net-sdk\Atlassian.Jira\Jira.cs:wiersz 706
   w Atlassian.Jira.Jira.GetIssueTypes(String projectKey) w c:\projects\atlassian-net-sdk\Atlassian.Jira\Jira.cs:wiersz 419
   w Logic.Implementation.JiraIssues.GetJiraIssuesTypes() w C:\CP\ParserGit\JiraParser\Logic\Implementation\JiraIssues.cs:wiersz 50
   w GUI.MainForm.<timer2_Tick>b__86_0() w C:\CP\ParserGit\JiraParser\GUI\MainForm.cs:wiersz 2540

--- Main exception: Source ---
Atlassian.Jira

sobota, 29 grudnia 2018 15:50:42

--- Main exception: Message ---
Nie można rozpoznać nazwy zdalnej: 'jira'

--- Main exception: StackTrace ---
   w Atlassian.Jira.Remote.JiraRestClient.ExecuteRequest[T](Method method, String resource, Object requestBody) w c:\projects\atlassian-net-sdk\Atlassian.Jira\Remote\JiraRestClient.cs:wiersz 119
   w Atlassian.Jira.Remote.JiraRestClient.GetIssueTypes(String token, String projectId) w c:\projects\atlassian-net-sdk\Atlassian.Jira\Remote\JiraRestClient.cs:wiersz 822
   w Atlassian.Jira.Jira.<>c__DisplayClass16.<GetIssueTypes>b__12(String token) w c:\projects\atlassian-net-sdk\Atlassian.Jira\Jira.cs:wiersz 414
   w Atlassian.Jira.Jira.<>c__DisplayClass3c.<WithToken>b__3b(String t) w c:\projects\atlassian-net-sdk\Atlassian.Jira\Jira.cs:wiersz 658
   w Atlassian.Jira.Jira.WithToken[TResult](Func`3 function) w c:\projects\atlassian-net-sdk\Atlassian.Jira\Jira.cs:wiersz 706
   w Atlassian.Jira.Jira.GetIssueTypes(String projectKey) w c:\projects\atlassian-net-sdk\Atlassian.Jira\Jira.cs:wiersz 419
   w Logic.Implementation.JiraIssues.GetJiraIssuesTypes() w C:\CP\ParserGit\JiraParser\Logic\Implementation\JiraIssues.cs:wiersz 50
   w GUI.MainForm.<timer2_Tick>b__86_0() w C:\CP\ParserGit\JiraParser\GUI\MainForm.cs:wiersz 2540

--- Main exception: Source ---
Atlassian.Jira

sobota, 29 grudnia 2018 17:46:12

--- Main exception: Message ---
Obiektu komunikacyjnego System.ServiceModel.Channels.ServiceChannel nie można używać do komunikacji, ponieważ jest w stanie Faulted.

--- Main exception: StackTrace ---

Server stack trace: 
   w System.ServiceModel.Channels.CommunicationObject.ThrowIfDisposedOrNotOpen()
   w System.ServiceModel.Channels.ServiceChannel.EnsureOpened(TimeSpan timeout)
   w System.ServiceModel.Channels.ServiceChannel.Call(String action, Boolean oneway, ProxyOperationRuntime operation, Object[] ins, Object[] outs, TimeSpan timeout)
   w System.ServiceModel.Channels.ServiceChannelProxy.InvokeService(IMethodCallMessage methodCall, ProxyOperationRuntime operation)
   w System.ServiceModel.Channels.ServiceChannelProxy.Invoke(IMessage message)

Exception rethrown at [0]: 
   w System.Runtime.Remoting.Proxies.RealProxy.HandleReturnMessage(IMessage reqMsg, IMessage retMsg)
   w System.Runtime.Remoting.Proxies.RealProxy.PrivateInvoke(MessageData& msgData, Int32 type)
   w DataLayer.HPDataService.IDataService4HP.ExecuteStoredProcedure(User user, String procedureName, String[] parameters, DatabaseName database)
   w DataLayer.Implementation.GatewayDaoWFS.ExecuteStoredProcedure(String procedureName, String[] parameters, DatabaseName database) w C:\CP\ParserGit\JiraParser\DataLayer\Implementation\GatewayDaoWFS.cs:wiersz 138

--- Main exception: Source ---
mscorlib

sobota, 29 grudnia 2018 17:46:16

--- Main exception: Message ---
Nie można rozpoznać nazwy zdalnej: 'jira'

--- Main exception: StackTrace ---
   w Atlassian.Jira.Remote.JiraRestClient.ExecuteRequest[T](Method method, String resource, Object requestBody) w c:\projects\atlassian-net-sdk\Atlassian.Jira\Remote\JiraRestClient.cs:wiersz 119
   w Atlassian.Jira.Remote.JiraRestClient.GetIssueTypes(String token, String projectId) w c:\projects\atlassian-net-sdk\Atlassian.Jira\Remote\JiraRestClient.cs:wiersz 822
   w Atlassian.Jira.Jira.<>c__DisplayClass16.<GetIssueTypes>b__12(String token) w c:\projects\atlassian-net-sdk\Atlassian.Jira\Jira.cs:wiersz 414
   w Atlassian.Jira.Jira.<>c__DisplayClass3c.<WithToken>b__3b(String t) w c:\projects\atlassian-net-sdk\Atlassian.Jira\Jira.cs:wiersz 658
   w Atlassian.Jira.Jira.WithToken[TResult](Func`3 function) w c:\projects\atlassian-net-sdk\Atlassian.Jira\Jira.cs:wiersz 706
   w Atlassian.Jira.Jira.GetIssueTypes(String projectKey) w c:\projects\atlassian-net-sdk\Atlassian.Jira\Jira.cs:wiersz 419
   w Logic.Implementation.JiraIssues.GetJiraIssuesTypes() w C:\CP\ParserGit\JiraParser\Logic\Implementation\JiraIssues.cs:wiersz 50
   w GUI.MainForm.<timer2_Tick>b__86_0() w C:\CP\ParserGit\JiraParser\GUI\MainForm.cs:wiersz 2540

--- Main exception: Source ---
Atlassian.Jira

