poniedziałek, 31 grudnia 2018 08:03:30

Automatyczne sprawdzanie zgłoszeń zakończono o: 2018-12-31 08:03:30 

poniedziałek, 31 grudnia 2018 08:06:36

Automatyczne sprawdzanie zgłoszeń zakończono o: 2018-12-31 08:06:36 

poniedziałek, 31 grudnia 2018 08:09:22

Automatyczne sprawdzanie zgłoszeń zakończono o: 2018-12-31 08:09:22 

poniedziałek, 31 grudnia 2018 08:09:25

Zgłoszenie CRM-74774 dodano automatycznie o godzinie 2018-12-31 08:09:25!
poniedziałek, 31 grudnia 2018 08:12:07

Automatyczne sprawdzanie zgłoszeń zakończono o: 2018-12-31 08:12:07 

poniedziałek, 31 grudnia 2018 08:12:20

--- Main exception: Message ---
Bieżący wątek musi być ustawiony na tryb jednowątkowego apartamentu, aby można było wykonywać wywołania OLE. Upewnij się, że w funkcji Main jest zaznaczony element STAThreadAttribute.

--- Main exception: StackTrace ---
   w System.Windows.Forms.ComboBox.set_AutoCompleteMode(AutoCompleteMode value)
   w GUI.WFSModelerForm.AddComboBox(EventParamModeler ep, GroupBox group) w C:\CP\ParserGit\JiraParser\GUI\WFSModelerForm.cs:wiersz 547
   w GUI.WFSModelerForm.GenerateForm(GroupBox group, Int32 ParamGroupId) w C:\CP\ParserGit\JiraParser\GUI\WFSModelerForm.cs:wiersz 451
   w GUI.WFSModelerForm.GenerateForm(GroupBox group, Int32 ParamGroupId) w C:\CP\ParserGit\JiraParser\GUI\WFSModelerForm.cs:wiersz 458
   w GUI.WFSModelerForm.GenerateForm(GroupBox group, Int32 ParamGroupId) w C:\CP\ParserGit\JiraParser\GUI\WFSModelerForm.cs:wiersz 458
   w GUI.WFSModelerForm.GenerateForm(Boolean visible) w C:\CP\ParserGit\JiraParser\GUI\WFSModelerForm.cs:wiersz 411
   w GUI.WFSModelerForm..ctor(List`1 list, String name, BillingIssueDto issue, IParserEngineWFS gujaczWFS, Int32 eventMoveId, calbackDelegate callback, TreeView tr, Boolean quickStep, Object selectOption) w C:\CP\ParserGit\JiraParser\GUI\WFSModelerForm.cs:wiersz 308

--- Main exception: Source ---
System.Windows.Forms

poniedziałek, 31 grudnia 2018 08:14:53

Automatyczne sprawdzanie zgłoszeń zakończono o: 2018-12-31 08:14:52 

poniedziałek, 31 grudnia 2018 08:15:01

--- Main exception: Message ---
Bieżący wątek musi być ustawiony na tryb jednowątkowego apartamentu, aby można było wykonywać wywołania OLE. Upewnij się, że w funkcji Main jest zaznaczony element STAThreadAttribute.

--- Main exception: StackTrace ---
   w System.Windows.Forms.ComboBox.set_AutoCompleteMode(AutoCompleteMode value)
   w GUI.WFSModelerForm.AddComboBox(EventParamModeler ep, GroupBox group) w C:\CP\ParserGit\JiraParser\GUI\WFSModelerForm.cs:wiersz 547
   w GUI.WFSModelerForm.GenerateForm(GroupBox group, Int32 ParamGroupId) w C:\CP\ParserGit\JiraParser\GUI\WFSModelerForm.cs:wiersz 451
   w GUI.WFSModelerForm.GenerateForm(GroupBox group, Int32 ParamGroupId) w C:\CP\ParserGit\JiraParser\GUI\WFSModelerForm.cs:wiersz 458
   w GUI.WFSModelerForm.GenerateForm(GroupBox group, Int32 ParamGroupId) w C:\CP\ParserGit\JiraParser\GUI\WFSModelerForm.cs:wiersz 458
   w GUI.WFSModelerForm.GenerateForm(Boolean visible) w C:\CP\ParserGit\JiraParser\GUI\WFSModelerForm.cs:wiersz 411
   w GUI.WFSModelerForm..ctor(List`1 list, String name, BillingIssueDto issue, IParserEngineWFS gujaczWFS, Int32 eventMoveId, calbackDelegate callback, TreeView tr, Boolean quickStep, Object selectOption) w C:\CP\ParserGit\JiraParser\GUI\WFSModelerForm.cs:wiersz 308

--- Main exception: Source ---
System.Windows.Forms

poniedziałek, 31 grudnia 2018 08:17:38

Automatyczne sprawdzanie zgłoszeń zakończono o: 2018-12-31 08:17:38 

poniedziałek, 31 grudnia 2018 08:17:51

--- Main exception: Message ---
Bieżący wątek musi być ustawiony na tryb jednowątkowego apartamentu, aby można było wykonywać wywołania OLE. Upewnij się, że w funkcji Main jest zaznaczony element STAThreadAttribute.

--- Main exception: StackTrace ---
   w System.Windows.Forms.ComboBox.set_AutoCompleteMode(AutoCompleteMode value)
   w GUI.WFSModelerForm.AddComboBox(EventParamModeler ep, GroupBox group) w C:\CP\ParserGit\JiraParser\GUI\WFSModelerForm.cs:wiersz 547
   w GUI.WFSModelerForm.GenerateForm(GroupBox group, Int32 ParamGroupId) w C:\CP\ParserGit\JiraParser\GUI\WFSModelerForm.cs:wiersz 451
   w GUI.WFSModelerForm.GenerateForm(GroupBox group, Int32 ParamGroupId) w C:\CP\ParserGit\JiraParser\GUI\WFSModelerForm.cs:wiersz 458
   w GUI.WFSModelerForm.GenerateForm(GroupBox group, Int32 ParamGroupId) w C:\CP\ParserGit\JiraParser\GUI\WFSModelerForm.cs:wiersz 458
   w GUI.WFSModelerForm.GenerateForm(Boolean visible) w C:\CP\ParserGit\JiraParser\GUI\WFSModelerForm.cs:wiersz 411
   w GUI.WFSModelerForm..ctor(List`1 list, String name, BillingIssueDto issue, IParserEngineWFS gujaczWFS, Int32 eventMoveId, calbackDelegate callback, TreeView tr, Boolean quickStep, Object selectOption) w C:\CP\ParserGit\JiraParser\GUI\WFSModelerForm.cs:wiersz 308

--- Main exception: Source ---
System.Windows.Forms

poniedziałek, 31 grudnia 2018 08:20:23

Automatyczne sprawdzanie zgłoszeń zakończono o: 2018-12-31 08:20:23 

poniedziałek, 31 grudnia 2018 08:23:09

Automatyczne sprawdzanie zgłoszeń zakończono o: 2018-12-31 08:23:09 

poniedziałek, 31 grudnia 2018 08:25:54

Automatyczne sprawdzanie zgłoszeń zakończono o: 2018-12-31 08:25:54 

poniedziałek, 31 grudnia 2018 08:28:40

Automatyczne sprawdzanie zgłoszeń zakończono o: 2018-12-31 08:28:40 

poniedziałek, 31 grudnia 2018 08:31:25

Automatyczne sprawdzanie zgłoszeń zakończono o: 2018-12-31 08:31:25 

poniedziałek, 31 grudnia 2018 09:22:42

Automatyczne sprawdzanie zgłoszeń zakończono o: 2018-12-31 09:22:42 

poniedziałek, 31 grudnia 2018 09:25:51

Automatyczne sprawdzanie zgłoszeń zakończono o: 2018-12-31 09:25:51 

poniedziałek, 31 grudnia 2018 12:09:25

Automatyczne sprawdzanie zgłoszeń zakończono o: 2018-12-31 12:09:25 

poniedziałek, 31 grudnia 2018 12:10:00

--- Main exception: Message ---
Nieprawidłowa operacja między wątkami: do formantu '' uzyskiwany jest dostęp z wątku innego niż wątek, w którym został utworzony.

--- Main exception: StackTrace ---
   w System.Windows.Forms.Control.get_Handle()
   w System.Windows.Forms.Control.SetBoundsCore(Int32 x, Int32 y, Int32 width, Int32 height, BoundsSpecified specified)
   w System.Windows.Forms.Control.System.Windows.Forms.Layout.IArrangedElement.SetBounds(Rectangle bounds, BoundsSpecified specified)
   w System.Windows.Forms.ToolStripControlHost.OnBoundsChanged()
   w System.Windows.Forms.ToolStripItem.SetBounds(Rectangle bounds)
   w System.Windows.Forms.ToolStripItem.System.Windows.Forms.Layout.IArrangedElement.SetBounds(Rectangle bounds, BoundsSpecified specified)
   w System.Windows.Forms.Layout.TableLayout.SetElementBounds(ContainerInfo containerInfo, RectangleF displayRectF)
   w System.Windows.Forms.Layout.TableLayout.LayoutCore(IArrangedElement container, LayoutEventArgs args)
   w System.Windows.Forms.Layout.LayoutEngine.Layout(Object container, LayoutEventArgs layoutEventArgs)
   w System.Windows.Forms.Control.OnLayout(LayoutEventArgs levent)
   w System.Windows.Forms.ToolStrip.OnLayout(LayoutEventArgs e)
   w System.Windows.Forms.StatusStrip.OnLayout(LayoutEventArgs levent)
   w System.Windows.Forms.Control.PerformLayout(LayoutEventArgs args)
   w System.Windows.Forms.ToolStripItem.InvalidateItemLayout(String affectedProperty, Boolean invalidatePainting)
   w System.Windows.Forms.ToolStripItem.OnTextChanged(EventArgs e)
   w System.Windows.Forms.ToolStripItem.set_Text(String value)
   w GUI.MainForm.slaReportLoad(Object sender, DoWorkEventArgs e) w C:\CP\ParserGit\JiraParser\GUI\SlaService.cs:wiersz 27

--- Main exception: Source ---
System.Windows.Forms

poniedziałek, 31 grudnia 2018 12:12:30

Automatyczne sprawdzanie zgłoszeń zakończono o: 2018-12-31 12:12:30 

poniedziałek, 31 grudnia 2018 12:15:15

Automatyczne sprawdzanie zgłoszeń zakończono o: 2018-12-31 12:15:15 

poniedziałek, 31 grudnia 2018 12:18:01

Automatyczne sprawdzanie zgłoszeń zakończono o: 2018-12-31 12:18:01 

poniedziałek, 31 grudnia 2018 12:20:46

Automatyczne sprawdzanie zgłoszeń zakończono o: 2018-12-31 12:20:46 

poniedziałek, 31 grudnia 2018 12:23:32

Automatyczne sprawdzanie zgłoszeń zakończono o: 2018-12-31 12:23:32 

poniedziałek, 31 grudnia 2018 12:26:17

Automatyczne sprawdzanie zgłoszeń zakończono o: 2018-12-31 12:26:17 

poniedziałek, 31 grudnia 2018 12:29:03

Automatyczne sprawdzanie zgłoszeń zakończono o: 2018-12-31 12:29:03 

poniedziałek, 31 grudnia 2018 12:31:48

Automatyczne sprawdzanie zgłoszeń zakończono o: 2018-12-31 12:31:48 

poniedziałek, 31 grudnia 2018 12:34:34

Automatyczne sprawdzanie zgłoszeń zakończono o: 2018-12-31 12:34:34 

poniedziałek, 31 grudnia 2018 12:37:19

Automatyczne sprawdzanie zgłoszeń zakończono o: 2018-12-31 12:37:19 

poniedziałek, 31 grudnia 2018 12:40:04

Automatyczne sprawdzanie zgłoszeń zakończono o: 2018-12-31 12:40:04 

poniedziałek, 31 grudnia 2018 12:40:07

Zgłoszenie CRM-74776 dodano automatycznie o godzinie 2018-12-31 12:40:07!
poniedziałek, 31 grudnia 2018 12:42:50

Automatyczne sprawdzanie zgłoszeń zakończono o: 2018-12-31 12:42:50 

poniedziałek, 31 grudnia 2018 15:51:41

Automatyczne sprawdzanie zgłoszeń zakończono o: 2018-12-31 15:51:41 

