piątek, 28 grudnia 2018 09:51:01

Automatyczne sprawdzanie zgłoszeń zakończono o: 2018-12-28 09:51:01 

piątek, 28 grudnia 2018 09:53:46

Automatyczne sprawdzanie zgłoszeń zakończono o: 2018-12-28 09:53:46 

piątek, 28 grudnia 2018 09:56:32

Automatyczne sprawdzanie zgłoszeń zakończono o: 2018-12-28 09:56:32 

piątek, 28 grudnia 2018 09:59:17

Automatyczne sprawdzanie zgłoszeń zakończono o: 2018-12-28 09:59:17 

piątek, 28 grudnia 2018 10:02:03

Automatyczne sprawdzanie zgłoszeń zakończono o: 2018-12-28 10:02:03 

piątek, 28 grudnia 2018 10:04:48

Automatyczne sprawdzanie zgłoszeń zakończono o: 2018-12-28 10:04:48 

piątek, 28 grudnia 2018 10:07:34

Automatyczne sprawdzanie zgłoszeń zakończono o: 2018-12-28 10:07:34 

piątek, 28 grudnia 2018 10:10:19

Automatyczne sprawdzanie zgłoszeń zakończono o: 2018-12-28 10:10:19 

piątek, 28 grudnia 2018 10:13:04

Automatyczne sprawdzanie zgłoszeń zakończono o: 2018-12-28 10:13:04 

piątek, 28 grudnia 2018 10:15:50

Automatyczne sprawdzanie zgłoszeń zakończono o: 2018-12-28 10:15:50 

piątek, 28 grudnia 2018 10:18:35

Automatyczne sprawdzanie zgłoszeń zakończono o: 2018-12-28 10:18:35 

piątek, 28 grudnia 2018 10:21:21

Automatyczne sprawdzanie zgłoszeń zakończono o: 2018-12-28 10:21:21 

piątek, 28 grudnia 2018 10:24:06

Automatyczne sprawdzanie zgłoszeń zakończono o: 2018-12-28 10:24:06 

piątek, 28 grudnia 2018 10:26:52

Automatyczne sprawdzanie zgłoszeń zakończono o: 2018-12-28 10:26:52 

piątek, 28 grudnia 2018 10:29:37

Automatyczne sprawdzanie zgłoszeń zakończono o: 2018-12-28 10:29:37 

piątek, 28 grudnia 2018 10:32:22

Automatyczne sprawdzanie zgłoszeń zakończono o: 2018-12-28 10:32:22 

piątek, 28 grudnia 2018 10:32:24

Zgłoszenie CRM-74765 dodano automatycznie o godzinie 2018-12-28 10:32:24!
piątek, 28 grudnia 2018 10:35:08

Automatyczne sprawdzanie zgłoszeń zakończono o: 2018-12-28 10:35:08 

piątek, 28 grudnia 2018 10:37:53

Automatyczne sprawdzanie zgłoszeń zakończono o: 2018-12-28 10:37:53 

piątek, 28 grudnia 2018 10:40:39

Automatyczne sprawdzanie zgłoszeń zakończono o: 2018-12-28 10:40:39 

piątek, 28 grudnia 2018 10:43:24

Automatyczne sprawdzanie zgłoszeń zakończono o: 2018-12-28 10:43:24 

piątek, 28 grudnia 2018 10:46:10

Automatyczne sprawdzanie zgłoszeń zakończono o: 2018-12-28 10:46:10 

piątek, 28 grudnia 2018 10:48:55

Automatyczne sprawdzanie zgłoszeń zakończono o: 2018-12-28 10:48:55 

piątek, 28 grudnia 2018 10:51:40

Automatyczne sprawdzanie zgłoszeń zakończono o: 2018-12-28 10:51:40 

piątek, 28 grudnia 2018 10:54:26

Automatyczne sprawdzanie zgłoszeń zakończono o: 2018-12-28 10:54:26 

piątek, 28 grudnia 2018 10:57:11

Automatyczne sprawdzanie zgłoszeń zakończono o: 2018-12-28 10:57:11 

piątek, 28 grudnia 2018 10:59:57

Automatyczne sprawdzanie zgłoszeń zakończono o: 2018-12-28 10:59:57 

piątek, 28 grudnia 2018 11:02:42

Automatyczne sprawdzanie zgłoszeń zakończono o: 2018-12-28 11:02:42 

piątek, 28 grudnia 2018 11:05:27

Automatyczne sprawdzanie zgłoszeń zakończono o: 2018-12-28 11:05:27 

piątek, 28 grudnia 2018 11:08:13

Automatyczne sprawdzanie zgłoszeń zakończono o: 2018-12-28 11:08:13 

piątek, 28 grudnia 2018 11:10:58

Automatyczne sprawdzanie zgłoszeń zakończono o: 2018-12-28 11:10:58 

piątek, 28 grudnia 2018 11:11:00

Zgłoszenie CRM-74766 dodano automatycznie o godzinie 2018-12-28 11:11:00!
piątek, 28 grudnia 2018 11:11:05

Zgłoszenie CRM-74767 dodano automatycznie o godzinie 2018-12-28 11:11:05!
piątek, 28 grudnia 2018 11:11:09

Zgłoszenie WIND-7923 dodano automatycznie o godzinie 2018-12-28 11:11:09!
piątek, 28 grudnia 2018 11:13:44

Automatyczne sprawdzanie zgłoszeń zakończono o: 2018-12-28 11:13:44 

piątek, 28 grudnia 2018 11:16:29

Automatyczne sprawdzanie zgłoszeń zakończono o: 2018-12-28 11:16:29 

piątek, 28 grudnia 2018 11:19:15

Automatyczne sprawdzanie zgłoszeń zakończono o: 2018-12-28 11:19:15 

piątek, 28 grudnia 2018 11:22:00

Automatyczne sprawdzanie zgłoszeń zakończono o: 2018-12-28 11:22:00 

piątek, 28 grudnia 2018 11:24:46

Automatyczne sprawdzanie zgłoszeń zakończono o: 2018-12-28 11:24:46 

piątek, 28 grudnia 2018 11:27:31

Automatyczne sprawdzanie zgłoszeń zakończono o: 2018-12-28 11:27:31 

piątek, 28 grudnia 2018 11:30:17

Automatyczne sprawdzanie zgłoszeń zakończono o: 2018-12-28 11:30:17 

piątek, 28 grudnia 2018 11:33:02

Automatyczne sprawdzanie zgłoszeń zakończono o: 2018-12-28 11:33:02 

piątek, 28 grudnia 2018 11:35:48

Automatyczne sprawdzanie zgłoszeń zakończono o: 2018-12-28 11:35:48 

piątek, 28 grudnia 2018 11:38:34

Automatyczne sprawdzanie zgłoszeń zakończono o: 2018-12-28 11:38:34 

piątek, 28 grudnia 2018 11:41:19

Automatyczne sprawdzanie zgłoszeń zakończono o: 2018-12-28 11:41:19 

piątek, 28 grudnia 2018 11:44:04

Automatyczne sprawdzanie zgłoszeń zakończono o: 2018-12-28 11:44:04 

piątek, 28 grudnia 2018 11:46:50

Automatyczne sprawdzanie zgłoszeń zakończono o: 2018-12-28 11:46:50 

piątek, 28 grudnia 2018 11:49:35

Automatyczne sprawdzanie zgłoszeń zakończono o: 2018-12-28 11:49:35 

piątek, 28 grudnia 2018 11:52:21

Automatyczne sprawdzanie zgłoszeń zakończono o: 2018-12-28 11:52:21 

piątek, 28 grudnia 2018 11:55:06

Automatyczne sprawdzanie zgłoszeń zakończono o: 2018-12-28 11:55:06 

piątek, 28 grudnia 2018 11:55:09

Zgłoszenie CRM-74768 dodano automatycznie o godzinie 2018-12-28 11:55:09!
piątek, 28 grudnia 2018 11:55:14

Zgłoszenie CRM-74769 dodano automatycznie o godzinie 2018-12-28 11:55:14!
piątek, 28 grudnia 2018 11:57:52

Automatyczne sprawdzanie zgłoszeń zakończono o: 2018-12-28 11:57:52 

piątek, 28 grudnia 2018 12:00:38

Automatyczne sprawdzanie zgłoszeń zakończono o: 2018-12-28 12:00:38 

piątek, 28 grudnia 2018 12:03:23

Automatyczne sprawdzanie zgłoszeń zakończono o: 2018-12-28 12:03:23 

piątek, 28 grudnia 2018 12:06:08

Automatyczne sprawdzanie zgłoszeń zakończono o: 2018-12-28 12:06:08 

piątek, 28 grudnia 2018 12:06:09

--- Main exception: Message ---
Nieprawidłowa operacja między wątkami: do formantu '' uzyskiwany jest dostęp z wątku innego niż wątek, w którym został utworzony.

--- Main exception: StackTrace ---
   w System.Windows.Forms.Control.get_Handle()
   w System.Windows.Forms.Control.SetBoundsCore(Int32 x, Int32 y, Int32 width, Int32 height, BoundsSpecified specified)
   w System.Windows.Forms.Control.System.Windows.Forms.Layout.IArrangedElement.SetBounds(Rectangle bounds, BoundsSpecified specified)
   w System.Windows.Forms.ToolStripControlHost.OnBoundsChanged()
   w System.Windows.Forms.ToolStripItem.SetBounds(Rectangle bounds)
   w System.Windows.Forms.ToolStripItem.System.Windows.Forms.Layout.IArrangedElement.SetBounds(Rectangle bounds, BoundsSpecified specified)
   w System.Windows.Forms.Layout.TableLayout.SetElementBounds(ContainerInfo containerInfo, RectangleF displayRectF)
   w System.Windows.Forms.Layout.TableLayout.LayoutCore(IArrangedElement container, LayoutEventArgs args)
   w System.Windows.Forms.Layout.LayoutEngine.Layout(Object container, LayoutEventArgs layoutEventArgs)
   w System.Windows.Forms.Control.OnLayout(LayoutEventArgs levent)
   w System.Windows.Forms.ToolStrip.OnLayout(LayoutEventArgs e)
   w System.Windows.Forms.StatusStrip.OnLayout(LayoutEventArgs levent)
   w System.Windows.Forms.Control.PerformLayout(LayoutEventArgs args)
   w System.Windows.Forms.ToolStripItem.InvalidateItemLayout(String affectedProperty, Boolean invalidatePainting)
   w System.Windows.Forms.ToolStripItem.OnTextChanged(EventArgs e)
   w System.Windows.Forms.ToolStripItem.set_Text(String value)
   w GUI.MainForm.slaReportLoad(Object sender, DoWorkEventArgs e) w C:\CP\ParserGit\JiraParser\GUI\MainForm.cs:wiersz 5725

--- Main exception: Source ---
System.Windows.Forms

piątek, 28 grudnia 2018 12:08:54

Automatyczne sprawdzanie zgłoszeń zakończono o: 2018-12-28 12:08:54 

piątek, 28 grudnia 2018 12:11:39

Automatyczne sprawdzanie zgłoszeń zakończono o: 2018-12-28 12:11:39 

piątek, 28 grudnia 2018 12:14:25

Automatyczne sprawdzanie zgłoszeń zakończono o: 2018-12-28 12:14:25 

piątek, 28 grudnia 2018 12:17:11

Automatyczne sprawdzanie zgłoszeń zakończono o: 2018-12-28 12:17:10 

piątek, 28 grudnia 2018 12:19:56

Automatyczne sprawdzanie zgłoszeń zakończono o: 2018-12-28 12:19:56 

piątek, 28 grudnia 2018 12:22:41

Automatyczne sprawdzanie zgłoszeń zakończono o: 2018-12-28 12:22:41 

piątek, 28 grudnia 2018 12:25:27

Automatyczne sprawdzanie zgłoszeń zakończono o: 2018-12-28 12:25:27 

piątek, 28 grudnia 2018 12:28:12

Automatyczne sprawdzanie zgłoszeń zakończono o: 2018-12-28 12:28:12 

piątek, 28 grudnia 2018 12:30:58

Automatyczne sprawdzanie zgłoszeń zakończono o: 2018-12-28 12:30:58 

piątek, 28 grudnia 2018 12:33:43

Automatyczne sprawdzanie zgłoszeń zakończono o: 2018-12-28 12:33:43 

piątek, 28 grudnia 2018 12:36:29

Automatyczne sprawdzanie zgłoszeń zakończono o: 2018-12-28 12:36:29 

piątek, 28 grudnia 2018 12:36:31

Zgłoszenie CRM-74770 dodano automatycznie o godzinie 2018-12-28 12:36:31!
piątek, 28 grudnia 2018 12:39:14

Automatyczne sprawdzanie zgłoszeń zakończono o: 2018-12-28 12:39:14 

piątek, 28 grudnia 2018 12:41:59

Automatyczne sprawdzanie zgłoszeń zakończono o: 2018-12-28 12:41:59 

piątek, 28 grudnia 2018 12:44:45

Automatyczne sprawdzanie zgłoszeń zakończono o: 2018-12-28 12:44:45 

piątek, 28 grudnia 2018 12:47:30

Automatyczne sprawdzanie zgłoszeń zakończono o: 2018-12-28 12:47:30 

piątek, 28 grudnia 2018 12:50:16

Automatyczne sprawdzanie zgłoszeń zakończono o: 2018-12-28 12:50:16 

piątek, 28 grudnia 2018 12:50:18

Zgłoszenie ZCC-17761 dodano automatycznie o godzinie 2018-12-28 12:50:18!
piątek, 28 grudnia 2018 12:50:23

Zgłoszenie ZCC-17762 dodano automatycznie o godzinie 2018-12-28 12:50:23!
piątek, 28 grudnia 2018 12:53:01

Automatyczne sprawdzanie zgłoszeń zakończono o: 2018-12-28 12:53:01 

piątek, 28 grudnia 2018 12:55:47

Automatyczne sprawdzanie zgłoszeń zakończono o: 2018-12-28 12:55:47 

piątek, 28 grudnia 2018 12:58:32

Automatyczne sprawdzanie zgłoszeń zakończono o: 2018-12-28 12:58:32 

piątek, 28 grudnia 2018 12:58:33

--- Main exception: Message ---
Nieprawidłowa operacja między wątkami: do formantu '' uzyskiwany jest dostęp z wątku innego niż wątek, w którym został utworzony.

--- Main exception: StackTrace ---
   w System.Windows.Forms.Control.get_Handle()
   w System.Windows.Forms.Control.SetBoundsCore(Int32 x, Int32 y, Int32 width, Int32 height, BoundsSpecified specified)
   w System.Windows.Forms.Control.System.Windows.Forms.Layout.IArrangedElement.SetBounds(Rectangle bounds, BoundsSpecified specified)
   w System.Windows.Forms.ToolStripControlHost.OnBoundsChanged()
   w System.Windows.Forms.ToolStripItem.SetBounds(Rectangle bounds)
   w System.Windows.Forms.ToolStripItem.System.Windows.Forms.Layout.IArrangedElement.SetBounds(Rectangle bounds, BoundsSpecified specified)
   w System.Windows.Forms.Layout.TableLayout.SetElementBounds(ContainerInfo containerInfo, RectangleF displayRectF)
   w System.Windows.Forms.Layout.TableLayout.LayoutCore(IArrangedElement container, LayoutEventArgs args)
   w System.Windows.Forms.Layout.LayoutEngine.Layout(Object container, LayoutEventArgs layoutEventArgs)
   w System.Windows.Forms.Control.OnLayout(LayoutEventArgs levent)
   w System.Windows.Forms.ToolStrip.OnLayout(LayoutEventArgs e)
   w System.Windows.Forms.StatusStrip.OnLayout(LayoutEventArgs levent)
   w System.Windows.Forms.Control.PerformLayout(LayoutEventArgs args)
   w System.Windows.Forms.ToolStripItem.InvalidateItemLayout(String affectedProperty, Boolean invalidatePainting)
   w System.Windows.Forms.ToolStripItem.OnTextChanged(EventArgs e)
   w System.Windows.Forms.ToolStripItem.set_Text(String value)
   w GUI.MainForm.slaReportLoad(Object sender, DoWorkEventArgs e) w C:\CP\ParserGit\JiraParser\GUI\MainForm.cs:wiersz 5725

--- Main exception: Source ---
System.Windows.Forms

piątek, 28 grudnia 2018 13:01:18

Automatyczne sprawdzanie zgłoszeń zakończono o: 2018-12-28 13:01:18 

piątek, 28 grudnia 2018 13:01:19

--- Main exception: Message ---
Nieprawidłowa operacja między wątkami: do formantu '' uzyskiwany jest dostęp z wątku innego niż wątek, w którym został utworzony.

--- Main exception: StackTrace ---
   w System.Windows.Forms.Control.get_Handle()
   w System.Windows.Forms.Control.SetBoundsCore(Int32 x, Int32 y, Int32 width, Int32 height, BoundsSpecified specified)
   w System.Windows.Forms.Control.System.Windows.Forms.Layout.IArrangedElement.SetBounds(Rectangle bounds, BoundsSpecified specified)
   w System.Windows.Forms.ToolStripControlHost.OnBoundsChanged()
   w System.Windows.Forms.ToolStripItem.SetBounds(Rectangle bounds)
   w System.Windows.Forms.ToolStripItem.System.Windows.Forms.Layout.IArrangedElement.SetBounds(Rectangle bounds, BoundsSpecified specified)
   w System.Windows.Forms.Layout.TableLayout.SetElementBounds(ContainerInfo containerInfo, RectangleF displayRectF)
   w System.Windows.Forms.Layout.TableLayout.LayoutCore(IArrangedElement container, LayoutEventArgs args)
   w System.Windows.Forms.Layout.LayoutEngine.Layout(Object container, LayoutEventArgs layoutEventArgs)
   w System.Windows.Forms.Control.OnLayout(LayoutEventArgs levent)
   w System.Windows.Forms.ToolStrip.OnLayout(LayoutEventArgs e)
   w System.Windows.Forms.StatusStrip.OnLayout(LayoutEventArgs levent)
   w System.Windows.Forms.Control.PerformLayout(LayoutEventArgs args)
   w System.Windows.Forms.ToolStripItem.InvalidateItemLayout(String affectedProperty, Boolean invalidatePainting)
   w System.Windows.Forms.ToolStripItem.OnTextChanged(EventArgs e)
   w System.Windows.Forms.ToolStripItem.set_Text(String value)
   w GUI.MainForm.slaReportLoad(Object sender, DoWorkEventArgs e) w C:\CP\ParserGit\JiraParser\GUI\MainForm.cs:wiersz 5725

--- Main exception: Source ---
System.Windows.Forms

piątek, 28 grudnia 2018 13:01:33

--- Main exception: Message ---
Nie można rozpoznać nazwy zdalnej: 'jira'

--- Main exception: StackTrace ---
   w Atlassian.Jira.Remote.JiraRestClient.ExecuteRequest[T](Method method, String resource, Object requestBody) w c:\projects\atlassian-net-sdk\Atlassian.Jira\Remote\JiraRestClient.cs:wiersz 119
   w Atlassian.Jira.Remote.JiraRestClient.GetPriorities(String token) w c:\projects\atlassian-net-sdk\Atlassian.Jira\Remote\JiraRestClient.cs:wiersz 785
   w Atlassian.Jira.Jira.<GetIssuePriorities>b__24(String token) w c:\projects\atlassian-net-sdk\Atlassian.Jira\Jira.cs:wiersz 478
   w Atlassian.Jira.Jira.<>c__DisplayClass3c.<WithToken>b__3b(String t) w c:\projects\atlassian-net-sdk\Atlassian.Jira\Jira.cs:wiersz 658
   w Atlassian.Jira.Jira.WithToken[TResult](Func`3 function) w c:\projects\atlassian-net-sdk\Atlassian.Jira\Jira.cs:wiersz 706
   w Atlassian.Jira.Jira.GetIssuePriorities() w c:\projects\atlassian-net-sdk\Atlassian.Jira\Jira.cs:wiersz 482
   w GUI.MainForm.LoginJira() w C:\CP\ParserGit\JiraParser\GUI\MainForm.cs:wiersz 4220

--- Main exception: Source ---
Atlassian.Jira

piątek, 28 grudnia 2018 13:01:48

--- Main exception: Message ---
Nie można rozpoznać nazwy zdalnej: 'jira'

--- Main exception: StackTrace ---
   w Atlassian.Jira.Remote.JiraRestClient.ExecuteRequest[T](Method method, String resource, Object requestBody) w c:\projects\atlassian-net-sdk\Atlassian.Jira\Remote\JiraRestClient.cs:wiersz 119
   w Atlassian.Jira.Remote.JiraRestClient.GetPriorities(String token) w c:\projects\atlassian-net-sdk\Atlassian.Jira\Remote\JiraRestClient.cs:wiersz 785
   w Atlassian.Jira.Jira.<GetIssuePriorities>b__24(String token) w c:\projects\atlassian-net-sdk\Atlassian.Jira\Jira.cs:wiersz 478
   w Atlassian.Jira.Jira.<>c__DisplayClass3c.<WithToken>b__3b(String t) w c:\projects\atlassian-net-sdk\Atlassian.Jira\Jira.cs:wiersz 658
   w Atlassian.Jira.Jira.WithToken[TResult](Func`3 function) w c:\projects\atlassian-net-sdk\Atlassian.Jira\Jira.cs:wiersz 706
   w Atlassian.Jira.Jira.GetIssuePriorities() w c:\projects\atlassian-net-sdk\Atlassian.Jira\Jira.cs:wiersz 482
   w GUI.MainForm.LoginJira() w C:\CP\ParserGit\JiraParser\GUI\MainForm.cs:wiersz 4220

--- Main exception: Source ---
Atlassian.Jira

piątek, 28 grudnia 2018 13:02:03

--- Main exception: Message ---
Nie można rozpoznać nazwy zdalnej: 'jira'

--- Main exception: StackTrace ---
   w Atlassian.Jira.Remote.JiraRestClient.ExecuteRequest[T](Method method, String resource, Object requestBody) w c:\projects\atlassian-net-sdk\Atlassian.Jira\Remote\JiraRestClient.cs:wiersz 119
   w Atlassian.Jira.Remote.JiraRestClient.GetPriorities(String token) w c:\projects\atlassian-net-sdk\Atlassian.Jira\Remote\JiraRestClient.cs:wiersz 785
   w Atlassian.Jira.Jira.<GetIssuePriorities>b__24(String token) w c:\projects\atlassian-net-sdk\Atlassian.Jira\Jira.cs:wiersz 478
   w Atlassian.Jira.Jira.<>c__DisplayClass3c.<WithToken>b__3b(String t) w c:\projects\atlassian-net-sdk\Atlassian.Jira\Jira.cs:wiersz 658
   w Atlassian.Jira.Jira.WithToken[TResult](Func`3 function) w c:\projects\atlassian-net-sdk\Atlassian.Jira\Jira.cs:wiersz 706
   w Atlassian.Jira.Jira.GetIssuePriorities() w c:\projects\atlassian-net-sdk\Atlassian.Jira\Jira.cs:wiersz 482
   w GUI.MainForm.LoginJira() w C:\CP\ParserGit\JiraParser\GUI\MainForm.cs:wiersz 4220

--- Main exception: Source ---
Atlassian.Jira

piątek, 28 grudnia 2018 13:02:18

--- Main exception: Message ---
Nie można rozpoznać nazwy zdalnej: 'jira'

--- Main exception: StackTrace ---
   w Atlassian.Jira.Remote.JiraRestClient.ExecuteRequest[T](Method method, String resource, Object requestBody) w c:\projects\atlassian-net-sdk\Atlassian.Jira\Remote\JiraRestClient.cs:wiersz 119
   w Atlassian.Jira.Remote.JiraRestClient.GetPriorities(String token) w c:\projects\atlassian-net-sdk\Atlassian.Jira\Remote\JiraRestClient.cs:wiersz 785
   w Atlassian.Jira.Jira.<GetIssuePriorities>b__24(String token) w c:\projects\atlassian-net-sdk\Atlassian.Jira\Jira.cs:wiersz 478
   w Atlassian.Jira.Jira.<>c__DisplayClass3c.<WithToken>b__3b(String t) w c:\projects\atlassian-net-sdk\Atlassian.Jira\Jira.cs:wiersz 658
   w Atlassian.Jira.Jira.WithToken[TResult](Func`3 function) w c:\projects\atlassian-net-sdk\Atlassian.Jira\Jira.cs:wiersz 706
   w Atlassian.Jira.Jira.GetIssuePriorities() w c:\projects\atlassian-net-sdk\Atlassian.Jira\Jira.cs:wiersz 482
   w GUI.MainForm.LoginJira() w C:\CP\ParserGit\JiraParser\GUI\MainForm.cs:wiersz 4220

--- Main exception: Source ---
Atlassian.Jira

piątek, 28 grudnia 2018 13:02:34

--- Main exception: Message ---
Nie można rozpoznać nazwy zdalnej: 'jira'

--- Main exception: StackTrace ---
   w Atlassian.Jira.Remote.JiraRestClient.ExecuteRequest[T](Method method, String resource, Object requestBody) w c:\projects\atlassian-net-sdk\Atlassian.Jira\Remote\JiraRestClient.cs:wiersz 119
   w Atlassian.Jira.Remote.JiraRestClient.GetPriorities(String token) w c:\projects\atlassian-net-sdk\Atlassian.Jira\Remote\JiraRestClient.cs:wiersz 785
   w Atlassian.Jira.Jira.<GetIssuePriorities>b__24(String token) w c:\projects\atlassian-net-sdk\Atlassian.Jira\Jira.cs:wiersz 478
   w Atlassian.Jira.Jira.<>c__DisplayClass3c.<WithToken>b__3b(String t) w c:\projects\atlassian-net-sdk\Atlassian.Jira\Jira.cs:wiersz 658
   w Atlassian.Jira.Jira.WithToken[TResult](Func`3 function) w c:\projects\atlassian-net-sdk\Atlassian.Jira\Jira.cs:wiersz 706
   w Atlassian.Jira.Jira.GetIssuePriorities() w c:\projects\atlassian-net-sdk\Atlassian.Jira\Jira.cs:wiersz 482
   w GUI.MainForm.LoginJira() w C:\CP\ParserGit\JiraParser\GUI\MainForm.cs:wiersz 4220

--- Main exception: Source ---
Atlassian.Jira

piątek, 28 grudnia 2018 13:02:49

--- Main exception: Message ---
Nie można rozpoznać nazwy zdalnej: 'jira'

--- Main exception: StackTrace ---
   w Atlassian.Jira.Remote.JiraRestClient.ExecuteRequest[T](Method method, String resource, Object requestBody) w c:\projects\atlassian-net-sdk\Atlassian.Jira\Remote\JiraRestClient.cs:wiersz 119
   w Atlassian.Jira.Remote.JiraRestClient.GetPriorities(String token) w c:\projects\atlassian-net-sdk\Atlassian.Jira\Remote\JiraRestClient.cs:wiersz 785
   w Atlassian.Jira.Jira.<GetIssuePriorities>b__24(String token) w c:\projects\atlassian-net-sdk\Atlassian.Jira\Jira.cs:wiersz 478
   w Atlassian.Jira.Jira.<>c__DisplayClass3c.<WithToken>b__3b(String t) w c:\projects\atlassian-net-sdk\Atlassian.Jira\Jira.cs:wiersz 658
   w Atlassian.Jira.Jira.WithToken[TResult](Func`3 function) w c:\projects\atlassian-net-sdk\Atlassian.Jira\Jira.cs:wiersz 706
   w Atlassian.Jira.Jira.GetIssuePriorities() w c:\projects\atlassian-net-sdk\Atlassian.Jira\Jira.cs:wiersz 482
   w GUI.MainForm.LoginJira() w C:\CP\ParserGit\JiraParser\GUI\MainForm.cs:wiersz 4220

--- Main exception: Source ---
Atlassian.Jira

piątek, 28 grudnia 2018 13:05:32

Automatyczne sprawdzanie zgłoszeń zakończono o: 2018-12-28 13:05:32 

piątek, 28 grudnia 2018 13:07:01

--- Main exception: Message ---
Nie można rozpoznać nazwy zdalnej: 'jira'

--- Main exception: StackTrace ---
   w Atlassian.Jira.Remote.JiraRestClient.ExecuteRequest[T](Method method, String resource, Object requestBody) w c:\projects\atlassian-net-sdk\Atlassian.Jira\Remote\JiraRestClient.cs:wiersz 119
   w Atlassian.Jira.Remote.JiraRestClient.GetPriorities(String token) w c:\projects\atlassian-net-sdk\Atlassian.Jira\Remote\JiraRestClient.cs:wiersz 785
   w Atlassian.Jira.Jira.<GetIssuePriorities>b__24(String token) w c:\projects\atlassian-net-sdk\Atlassian.Jira\Jira.cs:wiersz 478
   w Atlassian.Jira.Jira.<>c__DisplayClass3c.<WithToken>b__3b(String t) w c:\projects\atlassian-net-sdk\Atlassian.Jira\Jira.cs:wiersz 658
   w Atlassian.Jira.Jira.WithToken[TResult](Func`3 function) w c:\projects\atlassian-net-sdk\Atlassian.Jira\Jira.cs:wiersz 706
   w Atlassian.Jira.Jira.GetIssuePriorities() w c:\projects\atlassian-net-sdk\Atlassian.Jira\Jira.cs:wiersz 482
   w GUI.MainForm.LoginJira() w C:\CP\ParserGit\JiraParser\GUI\MainForm.cs:wiersz 4220

--- Main exception: Source ---
Atlassian.Jira

piątek, 28 grudnia 2018 13:09:34

Automatyczne sprawdzanie zgłoszeń zakończono o: 2018-12-28 13:09:34 

piątek, 28 grudnia 2018 13:12:19

Automatyczne sprawdzanie zgłoszeń zakończono o: 2018-12-28 13:12:19 

piątek, 28 grudnia 2018 13:12:21

Zgłoszenie WIND-7924 dodano automatycznie o godzinie 2018-12-28 13:12:21!
piątek, 28 grudnia 2018 13:12:26

Zgłoszenie ZCC-17763 dodano automatycznie o godzinie 2018-12-28 13:12:26!
piątek, 28 grudnia 2018 13:12:29

Zgłoszenie KKK-3834 dodano automatycznie o godzinie 2018-12-28 13:12:29!
piątek, 28 grudnia 2018 13:15:05

Automatyczne sprawdzanie zgłoszeń zakończono o: 2018-12-28 13:15:05 

piątek, 28 grudnia 2018 13:17:50

Automatyczne sprawdzanie zgłoszeń zakończono o: 2018-12-28 13:17:50 

piątek, 28 grudnia 2018 13:20:35

Automatyczne sprawdzanie zgłoszeń zakończono o: 2018-12-28 13:20:35 

piątek, 28 grudnia 2018 13:23:21

Automatyczne sprawdzanie zgłoszeń zakończono o: 2018-12-28 13:23:21 

piątek, 28 grudnia 2018 13:26:06

Automatyczne sprawdzanie zgłoszeń zakończono o: 2018-12-28 13:26:06 

piątek, 28 grudnia 2018 13:36:29

Automatyczne sprawdzanie zgłoszeń zakończono o: 2018-12-28 13:36:29 

piątek, 28 grudnia 2018 13:39:41

Automatyczne sprawdzanie zgłoszeń zakończono o: 2018-12-28 13:39:41 

piątek, 28 grudnia 2018 14:05:50

Automatyczne sprawdzanie zgłoszeń zakończono o: 2018-12-28 14:05:50 

piątek, 28 grudnia 2018 14:08:37

Automatyczne sprawdzanie zgłoszeń zakończono o: 2018-12-28 14:08:37 

piątek, 28 grudnia 2018 14:42:27

Automatyczne sprawdzanie zgłoszeń zakończono o: 2018-12-28 14:42:27 

piątek, 28 grudnia 2018 14:45:22

Automatyczne sprawdzanie zgłoszeń zakończono o: 2018-12-28 14:45:22 

piątek, 28 grudnia 2018 14:49:10

Automatyczne sprawdzanie zgłoszeń zakończono o: 2018-12-28 14:49:10 

piątek, 28 grudnia 2018 14:52:30

Automatyczne sprawdzanie zgłoszeń zakończono o: 2018-12-28 14:52:30 

piątek, 28 grudnia 2018 14:55:16

Automatyczne sprawdzanie zgłoszeń zakończono o: 2018-12-28 14:55:15 

piątek, 28 grudnia 2018 14:58:01

Automatyczne sprawdzanie zgłoszeń zakończono o: 2018-12-28 14:58:01 

piątek, 28 grudnia 2018 15:00:46

Automatyczne sprawdzanie zgłoszeń zakończono o: 2018-12-28 15:00:46 

piątek, 28 grudnia 2018 15:03:32

Automatyczne sprawdzanie zgłoszeń zakończono o: 2018-12-28 15:03:32 

piątek, 28 grudnia 2018 15:06:18

Automatyczne sprawdzanie zgłoszeń zakończono o: 2018-12-28 15:06:18 

piątek, 28 grudnia 2018 15:09:21

Automatyczne sprawdzanie zgłoszeń zakończono o: 2018-12-28 15:09:21 

piątek, 28 grudnia 2018 15:12:06

Automatyczne sprawdzanie zgłoszeń zakończono o: 2018-12-28 15:12:06 

piątek, 28 grudnia 2018 15:14:53

Automatyczne sprawdzanie zgłoszeń zakończono o: 2018-12-28 15:14:53 

piątek, 28 grudnia 2018 15:17:51

Automatyczne sprawdzanie zgłoszeń zakończono o: 2018-12-28 15:17:51 

piątek, 28 grudnia 2018 15:20:44

Automatyczne sprawdzanie zgłoszeń zakończono o: 2018-12-28 15:20:44 

piątek, 28 grudnia 2018 15:23:32

Automatyczne sprawdzanie zgłoszeń zakończono o: 2018-12-28 15:23:32 

piątek, 28 grudnia 2018 15:26:17

Automatyczne sprawdzanie zgłoszeń zakończono o: 2018-12-28 15:26:17 

piątek, 28 grudnia 2018 15:29:07

Automatyczne sprawdzanie zgłoszeń zakończono o: 2018-12-28 15:29:06 

piątek, 28 grudnia 2018 15:31:52

Automatyczne sprawdzanie zgłoszeń zakończono o: 2018-12-28 15:31:52 

piątek, 28 grudnia 2018 15:34:59

Automatyczne sprawdzanie zgłoszeń zakończono o: 2018-12-28 15:34:59 

piątek, 28 grudnia 2018 15:37:44

Automatyczne sprawdzanie zgłoszeń zakończono o: 2018-12-28 15:37:44 

piątek, 28 grudnia 2018 15:37:47

--- Main exception: Message ---
Nieprawidłowa operacja między wątkami: do formantu '' uzyskiwany jest dostęp z wątku innego niż wątek, w którym został utworzony.

--- Main exception: StackTrace ---
   w System.Windows.Forms.Control.get_Handle()
   w System.Windows.Forms.Control.SetBoundsCore(Int32 x, Int32 y, Int32 width, Int32 height, BoundsSpecified specified)
   w System.Windows.Forms.Control.System.Windows.Forms.Layout.IArrangedElement.SetBounds(Rectangle bounds, BoundsSpecified specified)
   w System.Windows.Forms.ToolStripControlHost.OnBoundsChanged()
   w System.Windows.Forms.ToolStripItem.SetBounds(Rectangle bounds)
   w System.Windows.Forms.ToolStripItem.System.Windows.Forms.Layout.IArrangedElement.SetBounds(Rectangle bounds, BoundsSpecified specified)
   w System.Windows.Forms.Layout.TableLayout.SetElementBounds(ContainerInfo containerInfo, RectangleF displayRectF)
   w System.Windows.Forms.Layout.TableLayout.LayoutCore(IArrangedElement container, LayoutEventArgs args)
   w System.Windows.Forms.Layout.LayoutEngine.Layout(Object container, LayoutEventArgs layoutEventArgs)
   w System.Windows.Forms.Control.OnLayout(LayoutEventArgs levent)
   w System.Windows.Forms.ToolStrip.OnLayout(LayoutEventArgs e)
   w System.Windows.Forms.StatusStrip.OnLayout(LayoutEventArgs levent)
   w System.Windows.Forms.Control.PerformLayout(LayoutEventArgs args)
   w System.Windows.Forms.ToolStripItem.InvalidateItemLayout(String affectedProperty, Boolean invalidatePainting)
   w System.Windows.Forms.ToolStripItem.OnTextChanged(EventArgs e)
   w System.Windows.Forms.ToolStripItem.set_Text(String value)
   w GUI.MainForm.slaReportLoad(Object sender, DoWorkEventArgs e)

--- Main exception: Source ---
System.Windows.Forms

piątek, 28 grudnia 2018 15:40:29

Automatyczne sprawdzanie zgłoszeń zakończono o: 2018-12-28 15:40:29 

piątek, 28 grudnia 2018 15:43:15

Automatyczne sprawdzanie zgłoszeń zakończono o: 2018-12-28 15:43:15 

piątek, 28 grudnia 2018 15:46:00

Automatyczne sprawdzanie zgłoszeń zakończono o: 2018-12-28 15:46:00 

piątek, 28 grudnia 2018 15:48:46

Automatyczne sprawdzanie zgłoszeń zakończono o: 2018-12-28 15:48:46 

piątek, 28 grudnia 2018 15:51:31

Automatyczne sprawdzanie zgłoszeń zakończono o: 2018-12-28 15:51:31 

piątek, 28 grudnia 2018 15:54:17

Automatyczne sprawdzanie zgłoszeń zakończono o: 2018-12-28 15:54:17 

piątek, 28 grudnia 2018 15:57:02

Automatyczne sprawdzanie zgłoszeń zakończono o: 2018-12-28 15:57:02 

piątek, 28 grudnia 2018 15:59:48

Automatyczne sprawdzanie zgłoszeń zakończono o: 2018-12-28 15:59:48 

piątek, 28 grudnia 2018 16:02:33

Automatyczne sprawdzanie zgłoszeń zakończono o: 2018-12-28 16:02:33 

piątek, 28 grudnia 2018 16:05:19

Automatyczne sprawdzanie zgłoszeń zakończono o: 2018-12-28 16:05:19 

piątek, 28 grudnia 2018 16:08:04

Automatyczne sprawdzanie zgłoszeń zakończono o: 2018-12-28 16:08:04 

piątek, 28 grudnia 2018 16:10:50

Automatyczne sprawdzanie zgłoszeń zakończono o: 2018-12-28 16:10:50 

piątek, 28 grudnia 2018 16:13:35

Automatyczne sprawdzanie zgłoszeń zakończono o: 2018-12-28 16:13:35 

piątek, 28 grudnia 2018 16:16:21

Automatyczne sprawdzanie zgłoszeń zakończono o: 2018-12-28 16:16:21 

piątek, 28 grudnia 2018 16:19:06

Automatyczne sprawdzanie zgłoszeń zakończono o: 2018-12-28 16:19:06 

piątek, 28 grudnia 2018 16:21:52

Automatyczne sprawdzanie zgłoszeń zakończono o: 2018-12-28 16:21:52 

piątek, 28 grudnia 2018 16:24:37

Automatyczne sprawdzanie zgłoszeń zakończono o: 2018-12-28 16:24:37 

piątek, 28 grudnia 2018 16:27:23

Automatyczne sprawdzanie zgłoszeń zakończono o: 2018-12-28 16:27:23 

piątek, 28 grudnia 2018 16:30:08

Automatyczne sprawdzanie zgłoszeń zakończono o: 2018-12-28 16:30:08 

piątek, 28 grudnia 2018 16:32:54

Automatyczne sprawdzanie zgłoszeń zakończono o: 2018-12-28 16:32:54 

piątek, 28 grudnia 2018 16:35:39

Automatyczne sprawdzanie zgłoszeń zakończono o: 2018-12-28 16:35:39 

piątek, 28 grudnia 2018 16:38:00

--- Main exception: Message ---
Nie można połączyć się z serwerem zdalnym

--- Main exception: StackTrace ---
   w Atlassian.Jira.Remote.JiraRestClient.ExecuteRequest[T](Method method, String resource, Object requestBody) w c:\projects\atlassian-net-sdk\Atlassian.Jira\Remote\JiraRestClient.cs:wiersz 119
   w Atlassian.Jira.Remote.JiraRestClient.GetIssueTypes(String token, String projectId) w c:\projects\atlassian-net-sdk\Atlassian.Jira\Remote\JiraRestClient.cs:wiersz 822
   w Atlassian.Jira.Jira.<>c__DisplayClass16.<GetIssueTypes>b__12(String token) w c:\projects\atlassian-net-sdk\Atlassian.Jira\Jira.cs:wiersz 414
   w Atlassian.Jira.Jira.<>c__DisplayClass3c.<WithToken>b__3b(String t) w c:\projects\atlassian-net-sdk\Atlassian.Jira\Jira.cs:wiersz 658
   w Atlassian.Jira.Jira.WithToken[TResult](Func`3 function) w c:\projects\atlassian-net-sdk\Atlassian.Jira\Jira.cs:wiersz 706
   w Atlassian.Jira.Jira.GetIssueTypes(String projectKey) w c:\projects\atlassian-net-sdk\Atlassian.Jira\Jira.cs:wiersz 419
   w Logic.Implementation.JiraIssues.GetJiraIssuesTypes() w C:\CP\ParserGit\JiraParser\Logic\Implementation\JiraIssues.cs:wiersz 50
   w GUI.MainForm.<timer2_Tick>b__85_0()

--- Main exception: Source ---
Atlassian.Jira

piątek, 28 grudnia 2018 16:38:25

Automatyczne sprawdzanie zgłoszeń zakończono o: 2018-12-28 16:38:25 

piątek, 28 grudnia 2018 16:38:41

--- Main exception: Message ---
Nie można rozpoznać nazwy zdalnej: 'jira'

--- Main exception: StackTrace ---
   w Atlassian.Jira.Remote.JiraRestClient.ExecuteRequest[T](Method method, String resource, Object requestBody) w c:\projects\atlassian-net-sdk\Atlassian.Jira\Remote\JiraRestClient.cs:wiersz 119
   w Atlassian.Jira.Remote.JiraRestClient.GetPriorities(String token) w c:\projects\atlassian-net-sdk\Atlassian.Jira\Remote\JiraRestClient.cs:wiersz 785
   w Atlassian.Jira.Jira.<GetIssuePriorities>b__24(String token) w c:\projects\atlassian-net-sdk\Atlassian.Jira\Jira.cs:wiersz 478
   w Atlassian.Jira.Jira.<>c__DisplayClass3c.<WithToken>b__3b(String t) w c:\projects\atlassian-net-sdk\Atlassian.Jira\Jira.cs:wiersz 658
   w Atlassian.Jira.Jira.WithToken[TResult](Func`3 function) w c:\projects\atlassian-net-sdk\Atlassian.Jira\Jira.cs:wiersz 706
   w Atlassian.Jira.Jira.GetIssuePriorities() w c:\projects\atlassian-net-sdk\Atlassian.Jira\Jira.cs:wiersz 482
   w GUI.MainForm.LoginJira()

--- Main exception: Source ---
Atlassian.Jira

piątek, 28 grudnia 2018 16:50:42

--- Main exception: Message ---
Nie można rozpoznać nazwy zdalnej: 'jira'

--- Main exception: StackTrace ---
   w Atlassian.Jira.Remote.JiraRestClient.ExecuteRequest[T](Method method, String resource, Object requestBody) w c:\projects\atlassian-net-sdk\Atlassian.Jira\Remote\JiraRestClient.cs:wiersz 119
   w Atlassian.Jira.Remote.JiraRestClient.GetIssueTypes(String token, String projectId) w c:\projects\atlassian-net-sdk\Atlassian.Jira\Remote\JiraRestClient.cs:wiersz 822
   w Atlassian.Jira.Jira.<>c__DisplayClass16.<GetIssueTypes>b__12(String token) w c:\projects\atlassian-net-sdk\Atlassian.Jira\Jira.cs:wiersz 414
   w Atlassian.Jira.Jira.<>c__DisplayClass3c.<WithToken>b__3b(String t) w c:\projects\atlassian-net-sdk\Atlassian.Jira\Jira.cs:wiersz 658
   w Atlassian.Jira.Jira.WithToken[TResult](Func`3 function) w c:\projects\atlassian-net-sdk\Atlassian.Jira\Jira.cs:wiersz 706
   w Atlassian.Jira.Jira.GetIssueTypes(String projectKey) w c:\projects\atlassian-net-sdk\Atlassian.Jira\Jira.cs:wiersz 419
   w Logic.Implementation.JiraIssues.GetJiraIssuesTypes() w C:\CP\ParserGit\JiraParser\Logic\Implementation\JiraIssues.cs:wiersz 50
   w GUI.MainForm.<timer2_Tick>b__86_0()

--- Main exception: Source ---
Atlassian.Jira

piątek, 28 grudnia 2018 16:57:35

--- Main exception: Message ---
Nie można rozpoznać nazwy zdalnej: 'jira'

--- Main exception: StackTrace ---
   w Atlassian.Jira.Remote.JiraRestClient.ExecuteRequest[T](Method method, String resource, Object requestBody) w c:\projects\atlassian-net-sdk\Atlassian.Jira\Remote\JiraRestClient.cs:wiersz 119
   w Atlassian.Jira.Remote.JiraRestClient.GetIssueTypes(String token, String projectId) w c:\projects\atlassian-net-sdk\Atlassian.Jira\Remote\JiraRestClient.cs:wiersz 822
   w Atlassian.Jira.Jira.<>c__DisplayClass16.<GetIssueTypes>b__12(String token) w c:\projects\atlassian-net-sdk\Atlassian.Jira\Jira.cs:wiersz 414
   w Atlassian.Jira.Jira.<>c__DisplayClass3c.<WithToken>b__3b(String t) w c:\projects\atlassian-net-sdk\Atlassian.Jira\Jira.cs:wiersz 658
   w Atlassian.Jira.Jira.WithToken[TResult](Func`3 function) w c:\projects\atlassian-net-sdk\Atlassian.Jira\Jira.cs:wiersz 706
   w Atlassian.Jira.Jira.GetIssueTypes(String projectKey) w c:\projects\atlassian-net-sdk\Atlassian.Jira\Jira.cs:wiersz 419
   w Logic.Implementation.JiraIssues.GetJiraIssuesTypes() w C:\CP\ParserGit\JiraParser\Logic\Implementation\JiraIssues.cs:wiersz 50
   w GUI.MainForm.<timer2_Tick>b__86_0() w C:\CP\ParserGit\JiraParser\GUI\MainForm.cs:wiersz 2537

--- Main exception: Source ---
Atlassian.Jira

piątek, 28 grudnia 2018 17:02:52

--- Main exception: Message ---
Nie można rozpoznać nazwy zdalnej: 'jira'

--- Main exception: StackTrace ---
   w Atlassian.Jira.Remote.JiraRestClient.ExecuteRequest[T](Method method, String resource, Object requestBody) w c:\projects\atlassian-net-sdk\Atlassian.Jira\Remote\JiraRestClient.cs:wiersz 119
   w Atlassian.Jira.Remote.JiraRestClient.GetIssueTypes(String token, String projectId) w c:\projects\atlassian-net-sdk\Atlassian.Jira\Remote\JiraRestClient.cs:wiersz 822
   w Atlassian.Jira.Jira.<>c__DisplayClass16.<GetIssueTypes>b__12(String token) w c:\projects\atlassian-net-sdk\Atlassian.Jira\Jira.cs:wiersz 414
   w Atlassian.Jira.Jira.<>c__DisplayClass3c.<WithToken>b__3b(String t) w c:\projects\atlassian-net-sdk\Atlassian.Jira\Jira.cs:wiersz 658
   w Atlassian.Jira.Jira.WithToken[TResult](Func`3 function) w c:\projects\atlassian-net-sdk\Atlassian.Jira\Jira.cs:wiersz 706
   w Atlassian.Jira.Jira.GetIssueTypes(String projectKey) w c:\projects\atlassian-net-sdk\Atlassian.Jira\Jira.cs:wiersz 419
   w Logic.Implementation.JiraIssues.GetJiraIssuesTypes() w C:\CP\ParserGit\JiraParser\Logic\Implementation\JiraIssues.cs:wiersz 50
   w GUI.MainForm.<timer2_Tick>b__86_0()

--- Main exception: Source ---
Atlassian.Jira

