czwartek, 27 grudnia 2018 08:10:01

Automatyczne sprawdzanie zgłoszeń zakończono o: 2018-12-27 08:10:01 

czwartek, 27 grudnia 2018 08:10:05

Zgłoszenie KKK-3832 dodano automatycznie o godzinie 2018-12-27 08:10:05!
czwartek, 27 grudnia 2018 08:13:40

Automatyczne sprawdzanie zgłoszeń zakończono o: 2018-12-27 08:13:40 

czwartek, 27 grudnia 2018 08:16:26

Automatyczne sprawdzanie zgłoszeń zakończono o: 2018-12-27 08:16:26 

czwartek, 27 grudnia 2018 08:19:11

Automatyczne sprawdzanie zgłoszeń zakończono o: 2018-12-27 08:19:11 

czwartek, 27 grudnia 2018 08:21:57

Automatyczne sprawdzanie zgłoszeń zakończono o: 2018-12-27 08:21:57 

czwartek, 27 grudnia 2018 08:24:42

Automatyczne sprawdzanie zgłoszeń zakończono o: 2018-12-27 08:24:42 

czwartek, 27 grudnia 2018 08:27:27

Automatyczne sprawdzanie zgłoszeń zakończono o: 2018-12-27 08:27:27 

czwartek, 27 grudnia 2018 08:30:13

Automatyczne sprawdzanie zgłoszeń zakończono o: 2018-12-27 08:30:13 

czwartek, 27 grudnia 2018 08:32:58

Automatyczne sprawdzanie zgłoszeń zakończono o: 2018-12-27 08:32:58 

czwartek, 27 grudnia 2018 08:35:44

Automatyczne sprawdzanie zgłoszeń zakończono o: 2018-12-27 08:35:44 

czwartek, 27 grudnia 2018 08:38:29

Automatyczne sprawdzanie zgłoszeń zakończono o: 2018-12-27 08:38:29 

czwartek, 27 grudnia 2018 08:41:15

Automatyczne sprawdzanie zgłoszeń zakończono o: 2018-12-27 08:41:15 

czwartek, 27 grudnia 2018 08:44:00

Automatyczne sprawdzanie zgłoszeń zakończono o: 2018-12-27 08:44:00 

czwartek, 27 grudnia 2018 08:46:46

Automatyczne sprawdzanie zgłoszeń zakończono o: 2018-12-27 08:46:46 

czwartek, 27 grudnia 2018 08:46:49

Zgłoszenie ZCC-17745 dodano automatycznie o godzinie 2018-12-27 08:46:49!
czwartek, 27 grudnia 2018 08:49:31

Automatyczne sprawdzanie zgłoszeń zakończono o: 2018-12-27 08:49:31 

czwartek, 27 grudnia 2018 08:49:32

--- Main exception: Message ---
Nieprawidłowa operacja między wątkami: do formantu '' uzyskiwany jest dostęp z wątku innego niż wątek, w którym został utworzony.

--- Main exception: StackTrace ---
   w System.Windows.Forms.Control.get_Handle()
   w System.Windows.Forms.Control.SetBoundsCore(Int32 x, Int32 y, Int32 width, Int32 height, BoundsSpecified specified)
   w System.Windows.Forms.Control.System.Windows.Forms.Layout.IArrangedElement.SetBounds(Rectangle bounds, BoundsSpecified specified)
   w System.Windows.Forms.ToolStripControlHost.OnBoundsChanged()
   w System.Windows.Forms.ToolStripItem.SetBounds(Rectangle bounds)
   w System.Windows.Forms.ToolStripItem.System.Windows.Forms.Layout.IArrangedElement.SetBounds(Rectangle bounds, BoundsSpecified specified)
   w System.Windows.Forms.Layout.TableLayout.SetElementBounds(ContainerInfo containerInfo, RectangleF displayRectF)
   w System.Windows.Forms.Layout.TableLayout.LayoutCore(IArrangedElement container, LayoutEventArgs args)
   w System.Windows.Forms.Layout.LayoutEngine.Layout(Object container, LayoutEventArgs layoutEventArgs)
   w System.Windows.Forms.Control.OnLayout(LayoutEventArgs levent)
   w System.Windows.Forms.ToolStrip.OnLayout(LayoutEventArgs e)
   w System.Windows.Forms.StatusStrip.OnLayout(LayoutEventArgs levent)
   w System.Windows.Forms.Control.PerformLayout(LayoutEventArgs args)
   w System.Windows.Forms.ToolStripItem.InvalidateItemLayout(String affectedProperty, Boolean invalidatePainting)
   w System.Windows.Forms.ToolStripItem.OnTextChanged(EventArgs e)
   w System.Windows.Forms.ToolStripItem.set_Text(String value)
   w GUI.MainForm.slaReportLoad(Object sender, DoWorkEventArgs e) w C:\CP\ParserGit\JiraParser\GUI\MainForm.cs:wiersz 5675

--- Main exception: Source ---
System.Windows.Forms

czwartek, 27 grudnia 2018 08:52:16

Automatyczne sprawdzanie zgłoszeń zakończono o: 2018-12-27 08:52:16 

czwartek, 27 grudnia 2018 08:52:17

--- Main exception: Message ---
Nieprawidłowa operacja między wątkami: do formantu '' uzyskiwany jest dostęp z wątku innego niż wątek, w którym został utworzony.

--- Main exception: StackTrace ---
   w System.Windows.Forms.Control.get_Handle()
   w System.Windows.Forms.Control.SetBoundsCore(Int32 x, Int32 y, Int32 width, Int32 height, BoundsSpecified specified)
   w System.Windows.Forms.Control.System.Windows.Forms.Layout.IArrangedElement.SetBounds(Rectangle bounds, BoundsSpecified specified)
   w System.Windows.Forms.ToolStripControlHost.OnBoundsChanged()
   w System.Windows.Forms.ToolStripItem.SetBounds(Rectangle bounds)
   w System.Windows.Forms.ToolStripItem.System.Windows.Forms.Layout.IArrangedElement.SetBounds(Rectangle bounds, BoundsSpecified specified)
   w System.Windows.Forms.Layout.TableLayout.SetElementBounds(ContainerInfo containerInfo, RectangleF displayRectF)
   w System.Windows.Forms.Layout.TableLayout.LayoutCore(IArrangedElement container, LayoutEventArgs args)
   w System.Windows.Forms.Layout.LayoutEngine.Layout(Object container, LayoutEventArgs layoutEventArgs)
   w System.Windows.Forms.Control.OnLayout(LayoutEventArgs levent)
   w System.Windows.Forms.ToolStrip.OnLayout(LayoutEventArgs e)
   w System.Windows.Forms.StatusStrip.OnLayout(LayoutEventArgs levent)
   w System.Windows.Forms.Control.PerformLayout(LayoutEventArgs args)
   w System.Windows.Forms.ToolStripItem.InvalidateItemLayout(String affectedProperty, Boolean invalidatePainting)
   w System.Windows.Forms.ToolStripItem.OnTextChanged(EventArgs e)
   w System.Windows.Forms.ToolStripItem.set_Text(String value)
   w GUI.MainForm.slaReportLoad(Object sender, DoWorkEventArgs e) w C:\CP\ParserGit\JiraParser\GUI\MainForm.cs:wiersz 5675

--- Main exception: Source ---
System.Windows.Forms

czwartek, 27 grudnia 2018 08:52:18

Zgłoszenie ZCC-17747 dodano automatycznie o godzinie 2018-12-27 08:52:18!
czwartek, 27 grudnia 2018 08:55:02

Automatyczne sprawdzanie zgłoszeń zakończono o: 2018-12-27 08:55:02 

czwartek, 27 grudnia 2018 08:55:02

--- Main exception: Message ---
Nieprawidłowa operacja między wątkami: do formantu '' uzyskiwany jest dostęp z wątku innego niż wątek, w którym został utworzony.

--- Main exception: StackTrace ---
   w System.Windows.Forms.Control.get_Handle()
   w System.Windows.Forms.Control.SetBoundsCore(Int32 x, Int32 y, Int32 width, Int32 height, BoundsSpecified specified)
   w System.Windows.Forms.Control.System.Windows.Forms.Layout.IArrangedElement.SetBounds(Rectangle bounds, BoundsSpecified specified)
   w System.Windows.Forms.ToolStripControlHost.OnBoundsChanged()
   w System.Windows.Forms.ToolStripItem.SetBounds(Rectangle bounds)
   w System.Windows.Forms.ToolStripItem.System.Windows.Forms.Layout.IArrangedElement.SetBounds(Rectangle bounds, BoundsSpecified specified)
   w System.Windows.Forms.Layout.TableLayout.SetElementBounds(ContainerInfo containerInfo, RectangleF displayRectF)
   w System.Windows.Forms.Layout.TableLayout.LayoutCore(IArrangedElement container, LayoutEventArgs args)
   w System.Windows.Forms.Layout.LayoutEngine.Layout(Object container, LayoutEventArgs layoutEventArgs)
   w System.Windows.Forms.Control.OnLayout(LayoutEventArgs levent)
   w System.Windows.Forms.ToolStrip.OnLayout(LayoutEventArgs e)
   w System.Windows.Forms.StatusStrip.OnLayout(LayoutEventArgs levent)
   w System.Windows.Forms.Control.PerformLayout(LayoutEventArgs args)
   w System.Windows.Forms.ToolStripItem.InvalidateItemLayout(String affectedProperty, Boolean invalidatePainting)
   w System.Windows.Forms.ToolStripItem.OnTextChanged(EventArgs e)
   w System.Windows.Forms.ToolStripItem.set_Text(String value)
   w GUI.MainForm.slaReportLoad(Object sender, DoWorkEventArgs e) w C:\CP\ParserGit\JiraParser\GUI\MainForm.cs:wiersz 5675

--- Main exception: Source ---
System.Windows.Forms

czwartek, 27 grudnia 2018 08:57:47

Automatyczne sprawdzanie zgłoszeń zakończono o: 2018-12-27 08:57:47 

czwartek, 27 grudnia 2018 09:00:33

Automatyczne sprawdzanie zgłoszeń zakończono o: 2018-12-27 09:00:33 

czwartek, 27 grudnia 2018 09:03:18

Automatyczne sprawdzanie zgłoszeń zakończono o: 2018-12-27 09:03:18 

czwartek, 27 grudnia 2018 09:06:04

Automatyczne sprawdzanie zgłoszeń zakończono o: 2018-12-27 09:06:04 

czwartek, 27 grudnia 2018 09:06:07

Zgłoszenie INFOLINIA-6428 dodano automatycznie o godzinie 2018-12-27 09:06:07!
czwartek, 27 grudnia 2018 09:08:49

Automatyczne sprawdzanie zgłoszeń zakończono o: 2018-12-27 09:08:49 

czwartek, 27 grudnia 2018 09:11:35

Automatyczne sprawdzanie zgłoszeń zakończono o: 2018-12-27 09:11:35 

czwartek, 27 grudnia 2018 09:48:08

Automatyczne sprawdzanie zgłoszeń zakończono o: 2018-12-27 09:48:08 

czwartek, 27 grudnia 2018 09:48:11

Zgłoszenie CRM-74757 dodano automatycznie o godzinie 2018-12-27 09:48:11!
czwartek, 27 grudnia 2018 09:48:15

Zgłoszenie WIND-7921 dodano automatycznie o godzinie 2018-12-27 09:48:15!
czwartek, 27 grudnia 2018 09:52:59

Automatyczne sprawdzanie zgłoszeń zakończono o: 2018-12-27 09:52:59 

czwartek, 27 grudnia 2018 09:55:44

Automatyczne sprawdzanie zgłoszeń zakończono o: 2018-12-27 09:55:44 

czwartek, 27 grudnia 2018 09:58:57

Automatyczne sprawdzanie zgłoszeń zakończono o: 2018-12-27 09:58:57 

czwartek, 27 grudnia 2018 10:01:51

Automatyczne sprawdzanie zgłoszeń zakończono o: 2018-12-27 10:01:51 

czwartek, 27 grudnia 2018 10:08:26

Automatyczne sprawdzanie zgłoszeń zakończono o: 2018-12-27 10:08:26 

czwartek, 27 grudnia 2018 10:08:29

Zgłoszenie CRM-74758 dodano automatycznie o godzinie 2018-12-27 10:08:29!
czwartek, 27 grudnia 2018 10:11:12

Automatyczne sprawdzanie zgłoszeń zakończono o: 2018-12-27 10:11:11 

czwartek, 27 grudnia 2018 10:13:57

Automatyczne sprawdzanie zgłoszeń zakończono o: 2018-12-27 10:13:57 

czwartek, 27 grudnia 2018 10:16:42

Automatyczne sprawdzanie zgłoszeń zakończono o: 2018-12-27 10:16:42 

czwartek, 27 grudnia 2018 10:19:28

Automatyczne sprawdzanie zgłoszeń zakończono o: 2018-12-27 10:19:28 

czwartek, 27 grudnia 2018 10:22:13

Automatyczne sprawdzanie zgłoszeń zakończono o: 2018-12-27 10:22:13 

czwartek, 27 grudnia 2018 10:24:59

Automatyczne sprawdzanie zgłoszeń zakończono o: 2018-12-27 10:24:59 

czwartek, 27 grudnia 2018 10:27:44

Automatyczne sprawdzanie zgłoszeń zakończono o: 2018-12-27 10:27:44 

czwartek, 27 grudnia 2018 10:30:30

Automatyczne sprawdzanie zgłoszeń zakończono o: 2018-12-27 10:30:30 

czwartek, 27 grudnia 2018 10:33:15

Automatyczne sprawdzanie zgłoszeń zakończono o: 2018-12-27 10:33:15 

czwartek, 27 grudnia 2018 10:36:00

Automatyczne sprawdzanie zgłoszeń zakończono o: 2018-12-27 10:36:00 

czwartek, 27 grudnia 2018 10:38:46

Automatyczne sprawdzanie zgłoszeń zakończono o: 2018-12-27 10:38:46 

czwartek, 27 grudnia 2018 10:41:31

Automatyczne sprawdzanie zgłoszeń zakończono o: 2018-12-27 10:41:31 

czwartek, 27 grudnia 2018 10:41:34

Zgłoszenie ZCC-17750 dodano automatycznie o godzinie 2018-12-27 10:41:34!
czwartek, 27 grudnia 2018 10:44:17

Automatyczne sprawdzanie zgłoszeń zakończono o: 2018-12-27 10:44:17 

czwartek, 27 grudnia 2018 10:47:02

Automatyczne sprawdzanie zgłoszeń zakończono o: 2018-12-27 10:47:02 

czwartek, 27 grudnia 2018 10:48:10

--- Main exception: Message ---
Zmodyfikowano kolekcję. Nie można wykonać operacji wyliczania.

--- Main exception: StackTrace ---
   w System.ThrowHelper.ThrowInvalidOperationException(ExceptionResource resource)
   w System.Collections.Generic.Dictionary`2.Enumerator.MoveNext()
   w GUI.MainForm.GetActionForIssues(TreeView tr) w C:\CP\ParserGit\JiraParser\GUI\MainForm.cs:wiersz 4943

--- Main exception: Source ---
mscorlib

czwartek, 27 grudnia 2018 11:43:33

--- Main exception: Message ---
Filter with name 'DoPobrania2liniaBill' was not found

--- Main exception: StackTrace ---
   w Atlassian.Jira.Jira.GetIssuesFromFilter(String filterName, Int32 start, Nullable`1 maxResults) w c:\projects\atlassian-net-sdk\Atlassian.Jira\Jira.cs:wiersz 291
   w Logic.Implementation.JiraIssues.GetIssuesFromFilterAsync(String filterName) w C:\CP\ParserGit\JiraParser\Logic\Implementation\JiraIssues.cs:wiersz 626
   w GUI.MainForm.<timer2_Tick>b__84_0() w C:\CP\ParserGit\JiraParser\GUI\MainForm.cs:wiersz 2467

--- Main exception: Source ---
Atlassian.Jira

czwartek, 27 grudnia 2018 12:04:59

Automatyczne sprawdzanie zgłoszeń zakończono o: 2018-12-27 12:04:59 

czwartek, 27 grudnia 2018 12:05:03

Zgłoszenie CRM-74759 dodano automatycznie o godzinie 2018-12-27 12:05:03!
czwartek, 27 grudnia 2018 12:06:03

--- Main exception: Message ---
Nie można uzyskać dostępu do usuniętego obiektu.
Nazwa obiektu: 'WFSform'.

--- Main exception: StackTrace ---
   w System.Windows.Forms.Control.CreateHandle()
   w System.Windows.Forms.Form.CreateHandle()
   w System.Windows.Forms.Control.get_Handle()
   w System.Windows.Forms.Application.ThreadContext.RunMessageLoopInner(Int32 reason, ApplicationContext context)
   w System.Windows.Forms.Application.ThreadContext.RunMessageLoop(Int32 reason, ApplicationContext context)
   w System.Windows.Forms.Form.ShowDialog(IWin32Window owner)
   w GUI.MainForm.UzupelnijDane(TreeView tr, Boolean auto)
   w GUI.MainForm.<newIssueAutoAddToBPMUzupelnijDane>b__213_0()

--- Main exception: Source ---
System.Windows.Forms

czwartek, 27 grudnia 2018 12:26:27

Automatyczne sprawdzanie zgłoszeń zakończono o: 2018-12-27 12:26:27 

czwartek, 27 grudnia 2018 13:33:03

Automatyczne sprawdzanie zgłoszeń zakończono o: 2018-12-27 13:33:03 

czwartek, 27 grudnia 2018 13:33:07

Zgłoszenie CRM-74760 dodano automatycznie o godzinie 2018-12-27 13:33:07!
czwartek, 27 grudnia 2018 13:33:15

Zgłoszenie INFOLINIA-6430 dodano automatycznie o godzinie 2018-12-27 13:33:15!
czwartek, 27 grudnia 2018 13:35:49

Automatyczne sprawdzanie zgłoszeń zakończono o: 2018-12-27 13:35:49 

czwartek, 27 grudnia 2018 13:35:51

Zgłoszenie ZCC-17752 dodano automatycznie o godzinie 2018-12-27 13:35:51!
czwartek, 27 grudnia 2018 13:38:34

Automatyczne sprawdzanie zgłoszeń zakończono o: 2018-12-27 13:38:34 

czwartek, 27 grudnia 2018 13:41:20

Automatyczne sprawdzanie zgłoszeń zakończono o: 2018-12-27 13:41:20 

