piątek, 29 marca 2019 08:13:35

Zgłoszenie CRM-75608 dodano automatycznie o godzinie 2019-03-29 08:13:35!
piątek, 29 marca 2019 08:13:35

Modyfikacja treeItem checkAsAssignepiątek, 29 marca 2019 08:13:43

Zgłoszenie CRM-75610 dodano automatycznie o godzinie 2019-03-29 08:13:43!
piątek, 29 marca 2019 08:13:43

Modyfikacja treeItem checkAsAssignepiątek, 29 marca 2019 08:13:45

addCommentJira string jiraKey CRM-75608piątek, 29 marca 2019 08:13:45

addCommentJira object sender, DoWorkEventArgs e CRM-75608piątek, 29 marca 2019 08:13:47

addCommentJira string jiraKey CRM-75610piątek, 29 marca 2019 08:13:47

addCommentJira object sender, DoWorkEventArgs e CRM-75610piątek, 29 marca 2019 08:13:54

Zgłoszenie CRM-75612 dodano automatycznie o godzinie 2019-03-29 08:13:54!
piątek, 29 marca 2019 08:13:55

Modyfikacja treeItem checkAsAssignepiątek, 29 marca 2019 08:14:03

addCommentJira string jiraKey CRM-75612piątek, 29 marca 2019 08:14:03

addCommentJira object sender, DoWorkEventArgs e CRM-75612piątek, 29 marca 2019 09:55:27

Zgłoszenie ZCC-18449 dodano automatycznie o godzinie 2019-03-29 09:55:27!
piątek, 29 marca 2019 09:55:27

Modyfikacja treeItem checkAsAssignepiątek, 29 marca 2019 09:55:50

addCommentJira string jiraKey ZCC-18449piątek, 29 marca 2019 09:55:50

addCommentJira object sender, DoWorkEventArgs e ZCC-18449piątek, 29 marca 2019 11:13:25

Zgłoszenie CRM-75615 dodano automatycznie o godzinie 2019-03-29 11:13:25!
piątek, 29 marca 2019 11:13:25

Modyfikacja treeItem checkAsAssignepiątek, 29 marca 2019 11:13:32

addCommentJira string jiraKey CRM-75615piątek, 29 marca 2019 11:13:33

addCommentJira object sender, DoWorkEventArgs e CRM-75615piątek, 29 marca 2019 11:13:34

Zgłoszenie ZCC-18450 dodano automatycznie o godzinie 2019-03-29 11:13:34!
piątek, 29 marca 2019 11:13:34

Modyfikacja treeItem checkAsAssignepiątek, 29 marca 2019 11:13:37

addCommentJira string jiraKey ZCC-18450piątek, 29 marca 2019 11:13:37

addCommentJira object sender, DoWorkEventArgs e ZCC-18450piątek, 29 marca 2019 11:31:27

Zgłoszenie INFOLINIA-6614 dodano automatycznie o godzinie 2019-03-29 11:31:27!
piątek, 29 marca 2019 11:31:27

Modyfikacja treeItem checkAsAssignepiątek, 29 marca 2019 11:31:30

addCommentJira string jiraKey INFOLINIA-6614piątek, 29 marca 2019 11:31:30

addCommentJira object sender, DoWorkEventArgs e INFOLINIA-6614piątek, 29 marca 2019 11:55:28

Zgłoszenie CRM-75617 dodano automatycznie o godzinie 2019-03-29 11:55:28!
piątek, 29 marca 2019 11:55:28

Modyfikacja treeItem checkAsAssignepiątek, 29 marca 2019 11:55:38

addCommentJira string jiraKey CRM-75617piątek, 29 marca 2019 11:55:38

addCommentJira object sender, DoWorkEventArgs e CRM-75617piątek, 29 marca 2019 12:00:26

--- Main exception: Message ---
Nie można rozpoznać nazwy zdalnej: 'jira'

--- Main exception: StackTrace ---
   w Atlassian.Jira.Remote.JiraRestClient.ExecuteRequest[T](Method method, String resource, Object requestBody) w c:\projects\atlassian-net-sdk\Atlassian.Jira\Remote\JiraRestClient.cs:wiersz 119
   w Atlassian.Jira.Remote.JiraRestClient.GetIssueTypes(String token, String projectId) w c:\projects\atlassian-net-sdk\Atlassian.Jira\Remote\JiraRestClient.cs:wiersz 822
   w Atlassian.Jira.Jira.<>c__DisplayClass16.<GetIssueTypes>b__12(String token) w c:\projects\atlassian-net-sdk\Atlassian.Jira\Jira.cs:wiersz 414
   w Atlassian.Jira.Jira.<>c__DisplayClass3c.<WithToken>b__3b(String t) w c:\projects\atlassian-net-sdk\Atlassian.Jira\Jira.cs:wiersz 658
   w Atlassian.Jira.Jira.WithToken[TResult](Func`3 function) w c:\projects\atlassian-net-sdk\Atlassian.Jira\Jira.cs:wiersz 706
   w Atlassian.Jira.Jira.GetIssueTypes(String projectKey) w c:\projects\atlassian-net-sdk\Atlassian.Jira\Jira.cs:wiersz 419
   w Logic.Implementation.JiraIssues.GetJiraIssuesTypes() w C:\CP\ParserGit\JiraParser\Logic\Implementation\JiraIssues.cs:wiersz 68
   w GUI.MainForm.<timer2_Tick>b__105_0() w C:\CP\ParserGit\JiraParser\GUI\MainForm.cs:wiersz 2725

--- Main exception: Source ---
Atlassian.Jira

piątek, 29 marca 2019 12:01:00

--- Main exception: Message ---
Nie można rozpoznać nazwy zdalnej: 'jira'

--- Main exception: StackTrace ---
   w Atlassian.Jira.Remote.JiraRestClient.ExecuteRequest[T](Method method, String resource, Object requestBody) w c:\projects\atlassian-net-sdk\Atlassian.Jira\Remote\JiraRestClient.cs:wiersz 119
   w Atlassian.Jira.Remote.JiraRestClient.GetPriorities(String token) w c:\projects\atlassian-net-sdk\Atlassian.Jira\Remote\JiraRestClient.cs:wiersz 785
   w Atlassian.Jira.Jira.<GetIssuePriorities>b__24(String token) w c:\projects\atlassian-net-sdk\Atlassian.Jira\Jira.cs:wiersz 478
   w Atlassian.Jira.Jira.<>c__DisplayClass3c.<WithToken>b__3b(String t) w c:\projects\atlassian-net-sdk\Atlassian.Jira\Jira.cs:wiersz 658
   w Atlassian.Jira.Jira.WithToken[TResult](Func`3 function) w c:\projects\atlassian-net-sdk\Atlassian.Jira\Jira.cs:wiersz 706
   w Atlassian.Jira.Jira.GetIssuePriorities() w c:\projects\atlassian-net-sdk\Atlassian.Jira\Jira.cs:wiersz 482
   w GUI.MainForm.LoginJira() w C:\CP\ParserGit\JiraParser\GUI\MainForm.cs:wiersz 4475

--- Main exception: Source ---
Atlassian.Jira

piątek, 29 marca 2019 12:06:29

Zgłoszenie CRM-75617 dodano automatycznie o godzinie 2019-03-29 12:06:29!
piątek, 29 marca 2019 12:06:31

Modyfikacja treeItem checkAsAssignepiątek, 29 marca 2019 12:06:31

--- Main exception: Message ---
Nie można uzyskać dostępu do usuniętego obiektu.
Nazwa obiektu: 'WFSform'.

--- Main exception: StackTrace ---
   w System.Windows.Forms.Control.CreateHandle()
   w System.Windows.Forms.Form.CreateHandle()
   w System.Windows.Forms.Control.get_Handle()
   w System.Windows.Forms.Application.ThreadContext.RunMessageLoopInner(Int32 reason, ApplicationContext context)
   w System.Windows.Forms.Application.ThreadContext.RunMessageLoop(Int32 reason, ApplicationContext context)
   w System.Windows.Forms.Form.ShowDialog(IWin32Window owner)
   w GUI.MainForm.UzupelnijDane(TreeView tr, Boolean auto) w C:\CP\ParserGit\JiraParser\GUI\MainForm.cs:wiersz 3873
   w GUI.MainForm.<newIssueAutoAddToBPMUzupelnijDane>b__226_0() w C:\CP\ParserGit\JiraParser\GUI\MainForm.cs:wiersz 7444

--- Main exception: Source ---
System.Windows.Forms

piątek, 29 marca 2019 12:06:35

addCommentJira string jiraKey CRM-75617piątek, 29 marca 2019 12:06:35

addCommentJira object sender, DoWorkEventArgs e CRM-75617piątek, 29 marca 2019 12:19:28

Zgłoszenie ZCC-18451 dodano automatycznie o godzinie 2019-03-29 12:19:28!
piątek, 29 marca 2019 12:19:28

Modyfikacja treeItem checkAsAssignepiątek, 29 marca 2019 12:19:35

addCommentJira string jiraKey ZCC-18451piątek, 29 marca 2019 12:19:35

addCommentJira object sender, DoWorkEventArgs e ZCC-18451piątek, 29 marca 2019 13:01:34

Zgłoszenie CRM-75618 dodano automatycznie o godzinie 2019-03-29 13:01:34!
piątek, 29 marca 2019 13:01:35

Modyfikacja treeItem checkAsAssignepiątek, 29 marca 2019 13:01:40

addCommentJira string jiraKey CRM-75618piątek, 29 marca 2019 13:01:40

addCommentJira object sender, DoWorkEventArgs e CRM-75618