czwartek, 10 stycznia 2019 08:08:31

--- Main exception: Message ---
Nie można rozpoznać nazwy zdalnej: 'jira'

--- Main exception: StackTrace ---
   w Atlassian.Jira.Remote.JiraRestClient.ExecuteRequest[T](Method method, String resource, Object requestBody) w c:\projects\atlassian-net-sdk\Atlassian.Jira\Remote\JiraRestClient.cs:wiersz 119
   w Atlassian.Jira.Remote.JiraRestClient.GetPriorities(String token) w c:\projects\atlassian-net-sdk\Atlassian.Jira\Remote\JiraRestClient.cs:wiersz 785
   w Atlassian.Jira.Jira.<GetIssuePriorities>b__24(String token) w c:\projects\atlassian-net-sdk\Atlassian.Jira\Jira.cs:wiersz 478
   w Atlassian.Jira.Jira.<>c__DisplayClass3c.<WithToken>b__3b(String t) w c:\projects\atlassian-net-sdk\Atlassian.Jira\Jira.cs:wiersz 658
   w Atlassian.Jira.Jira.WithToken[TResult](Func`3 function) w c:\projects\atlassian-net-sdk\Atlassian.Jira\Jira.cs:wiersz 706
   w Atlassian.Jira.Jira.GetIssuePriorities() w c:\projects\atlassian-net-sdk\Atlassian.Jira\Jira.cs:wiersz 482
   w GUI.MainForm.LoginJira() w C:\CP\ParserGit\JiraParser\GUI\MainForm.cs:wiersz 4360

--- Main exception: Source ---
Atlassian.Jira

czwartek, 10 stycznia 2019 08:10:07

Automatyczny zapis nowego zgłoszenia Entities.BillingIssueDtoHelios [2019-01-10 08:10:07] 

czwartek, 10 stycznia 2019 08:10:10

Automatyczny zapis poprawny Entities.BillingIssueDtoHelios [2019-01-10 08:10:10] 

czwartek, 10 stycznia 2019 08:10:10

Modyfikacja treeItemczwartek, 10 stycznia 2019 08:10:10

Status Auto: False 

czwartek, 10 stycznia 2019 08:11:35

addCommentJira List<KeyValuePair<BillingIssueDto, IssueState>> CRM-74862 Trueczwartek, 10 stycznia 2019 08:43:32

Automatyczne sprawdzanie zgłoszeń zakończono o: 2019-01-10 08:43:32 

czwartek, 10 stycznia 2019 08:43:35

Zgłoszenie INFOLINIA-6447 dodano automatycznie o godzinie 2019-01-10 08:43:35!
czwartek, 10 stycznia 2019 08:43:47

--- Main exception: Message ---
Bieżący wątek musi być ustawiony na tryb jednowątkowego apartamentu, aby można było wykonywać wywołania OLE. Upewnij się, że w funkcji Main jest zaznaczony element STAThreadAttribute.

--- Main exception: StackTrace ---
   w System.Windows.Forms.ComboBox.set_AutoCompleteMode(AutoCompleteMode value)
   w GUI.WFSModelerForm.AddComboBox(EventParamModeler ep, GroupBox group) w C:\CP\ParserGit\JiraParser\GUI\WFSModelerForm.cs:wiersz 547
   w GUI.WFSModelerForm.GenerateForm(GroupBox group, Int32 ParamGroupId) w C:\CP\ParserGit\JiraParser\GUI\WFSModelerForm.cs:wiersz 451
   w GUI.WFSModelerForm.GenerateForm(GroupBox group, Int32 ParamGroupId) w C:\CP\ParserGit\JiraParser\GUI\WFSModelerForm.cs:wiersz 458
   w GUI.WFSModelerForm.GenerateForm(GroupBox group, Int32 ParamGroupId) w C:\CP\ParserGit\JiraParser\GUI\WFSModelerForm.cs:wiersz 458
   w GUI.WFSModelerForm.GenerateForm(Boolean visible) w C:\CP\ParserGit\JiraParser\GUI\WFSModelerForm.cs:wiersz 411
   w GUI.WFSModelerForm..ctor(List`1 list, String name, BillingIssueDto issue, IParserEngineWFS gujaczWFS, Int32 eventMoveId, calbackDelegate callback, TreeView tr, Boolean quickStep, Object selectOption) w C:\CP\ParserGit\JiraParser\GUI\WFSModelerForm.cs:wiersz 308

--- Main exception: Source ---
System.Windows.Forms

czwartek, 10 stycznia 2019 08:46:21

Automatyczne sprawdzanie zgłoszeń zakończono o: 2019-01-10 08:46:21 

czwartek, 10 stycznia 2019 08:46:46

--- Main exception: Message ---
Zmodyfikowano kolekcję. Nie można wykonać operacji wyliczania.

--- Main exception: StackTrace ---
   w System.ThrowHelper.ThrowInvalidOperationException(ExceptionResource resource)
   w System.Collections.Generic.Dictionary`2.Enumerator.MoveNext()
   w GUI.MainForm.GetActionForIssues(TreeView tr) w C:\CP\ParserGit\JiraParser\GUI\MainForm.cs:wiersz 5133

--- Main exception: Source ---
mscorlib

czwartek, 10 stycznia 2019 08:49:15

Automatyczne sprawdzanie zgłoszeń zakończono o: 2019-01-10 08:49:15 

czwartek, 10 stycznia 2019 08:49:23

--- Main exception: Message ---
Bieżący wątek musi być ustawiony na tryb jednowątkowego apartamentu, aby można było wykonywać wywołania OLE. Upewnij się, że w funkcji Main jest zaznaczony element STAThreadAttribute.

--- Main exception: StackTrace ---
   w System.Windows.Forms.ComboBox.set_AutoCompleteMode(AutoCompleteMode value)
   w GUI.WFSModelerForm.AddComboBox(EventParamModeler ep, GroupBox group) w C:\CP\ParserGit\JiraParser\GUI\WFSModelerForm.cs:wiersz 547
   w GUI.WFSModelerForm.GenerateForm(GroupBox group, Int32 ParamGroupId) w C:\CP\ParserGit\JiraParser\GUI\WFSModelerForm.cs:wiersz 451
   w GUI.WFSModelerForm.GenerateForm(GroupBox group, Int32 ParamGroupId) w C:\CP\ParserGit\JiraParser\GUI\WFSModelerForm.cs:wiersz 458
   w GUI.WFSModelerForm.GenerateForm(GroupBox group, Int32 ParamGroupId) w C:\CP\ParserGit\JiraParser\GUI\WFSModelerForm.cs:wiersz 458
   w GUI.WFSModelerForm.GenerateForm(Boolean visible) w C:\CP\ParserGit\JiraParser\GUI\WFSModelerForm.cs:wiersz 411
   w GUI.WFSModelerForm..ctor(List`1 list, String name, BillingIssueDto issue, IParserEngineWFS gujaczWFS, Int32 eventMoveId, calbackDelegate callback, TreeView tr, Boolean quickStep, Object selectOption) w C:\CP\ParserGit\JiraParser\GUI\WFSModelerForm.cs:wiersz 308

--- Main exception: Source ---
System.Windows.Forms

czwartek, 10 stycznia 2019 08:52:01

Automatyczne sprawdzanie zgłoszeń zakończono o: 2019-01-10 08:52:01 

czwartek, 10 stycznia 2019 08:52:27

--- Main exception: Message ---
Bieżący wątek musi być ustawiony na tryb jednowątkowego apartamentu, aby można było wykonywać wywołania OLE. Upewnij się, że w funkcji Main jest zaznaczony element STAThreadAttribute.

--- Main exception: StackTrace ---
   w System.Windows.Forms.ComboBox.set_AutoCompleteMode(AutoCompleteMode value)
   w GUI.WFSModelerForm.AddComboBox(EventParamModeler ep, GroupBox group) w C:\CP\ParserGit\JiraParser\GUI\WFSModelerForm.cs:wiersz 547
   w GUI.WFSModelerForm.GenerateForm(GroupBox group, Int32 ParamGroupId) w C:\CP\ParserGit\JiraParser\GUI\WFSModelerForm.cs:wiersz 451
   w GUI.WFSModelerForm.GenerateForm(GroupBox group, Int32 ParamGroupId) w C:\CP\ParserGit\JiraParser\GUI\WFSModelerForm.cs:wiersz 458
   w GUI.WFSModelerForm.GenerateForm(GroupBox group, Int32 ParamGroupId) w C:\CP\ParserGit\JiraParser\GUI\WFSModelerForm.cs:wiersz 458
   w GUI.WFSModelerForm.GenerateForm(Boolean visible) w C:\CP\ParserGit\JiraParser\GUI\WFSModelerForm.cs:wiersz 411
   w GUI.WFSModelerForm..ctor(List`1 list, String name, BillingIssueDto issue, IParserEngineWFS gujaczWFS, Int32 eventMoveId, calbackDelegate callback, TreeView tr, Boolean quickStep, Object selectOption) w C:\CP\ParserGit\JiraParser\GUI\WFSModelerForm.cs:wiersz 308

--- Main exception: Source ---
System.Windows.Forms

czwartek, 10 stycznia 2019 08:54:57

Automatyczne sprawdzanie zgłoszeń zakończono o: 2019-01-10 08:54:57 

czwartek, 10 stycznia 2019 08:54:59

Zgłoszenie CRM-74863 dodano automatycznie o godzinie 2019-01-10 08:54:59!
czwartek, 10 stycznia 2019 08:55:04

--- Main exception: Message ---
Bieżący wątek musi być ustawiony na tryb jednowątkowego apartamentu, aby można było wykonywać wywołania OLE. Upewnij się, że w funkcji Main jest zaznaczony element STAThreadAttribute.

--- Main exception: StackTrace ---
   w System.Windows.Forms.ComboBox.set_AutoCompleteMode(AutoCompleteMode value)
   w GUI.WFSModelerForm.AddComboBox(EventParamModeler ep, GroupBox group) w C:\CP\ParserGit\JiraParser\GUI\WFSModelerForm.cs:wiersz 547
   w GUI.WFSModelerForm.GenerateForm(GroupBox group, Int32 ParamGroupId) w C:\CP\ParserGit\JiraParser\GUI\WFSModelerForm.cs:wiersz 451
   w GUI.WFSModelerForm.GenerateForm(GroupBox group, Int32 ParamGroupId) w C:\CP\ParserGit\JiraParser\GUI\WFSModelerForm.cs:wiersz 458
   w GUI.WFSModelerForm.GenerateForm(GroupBox group, Int32 ParamGroupId) w C:\CP\ParserGit\JiraParser\GUI\WFSModelerForm.cs:wiersz 458
   w GUI.WFSModelerForm.GenerateForm(Boolean visible) w C:\CP\ParserGit\JiraParser\GUI\WFSModelerForm.cs:wiersz 411
   w GUI.WFSModelerForm..ctor(List`1 list, String name, BillingIssueDto issue, IParserEngineWFS gujaczWFS, Int32 eventMoveId, calbackDelegate callback, TreeView tr, Boolean quickStep, Object selectOption) w C:\CP\ParserGit\JiraParser\GUI\WFSModelerForm.cs:wiersz 308

--- Main exception: Source ---
System.Windows.Forms

czwartek, 10 stycznia 2019 08:55:04

Zgłoszenie INFOLINIA-6448 dodano automatycznie o godzinie 2019-01-10 08:55:04!
czwartek, 10 stycznia 2019 08:57:42

Automatyczne sprawdzanie zgłoszeń zakończono o: 2019-01-10 08:57:42 

czwartek, 10 stycznia 2019 08:58:02

--- Main exception: Message ---
Bieżący wątek musi być ustawiony na tryb jednowątkowego apartamentu, aby można było wykonywać wywołania OLE. Upewnij się, że w funkcji Main jest zaznaczony element STAThreadAttribute.

--- Main exception: StackTrace ---
   w System.Windows.Forms.ComboBox.set_AutoCompleteMode(AutoCompleteMode value)
   w GUI.WFSModelerForm.AddComboBox(EventParamModeler ep, GroupBox group) w C:\CP\ParserGit\JiraParser\GUI\WFSModelerForm.cs:wiersz 547
   w GUI.WFSModelerForm.GenerateForm(GroupBox group, Int32 ParamGroupId) w C:\CP\ParserGit\JiraParser\GUI\WFSModelerForm.cs:wiersz 451
   w GUI.WFSModelerForm.GenerateForm(GroupBox group, Int32 ParamGroupId) w C:\CP\ParserGit\JiraParser\GUI\WFSModelerForm.cs:wiersz 458
   w GUI.WFSModelerForm.GenerateForm(GroupBox group, Int32 ParamGroupId) w C:\CP\ParserGit\JiraParser\GUI\WFSModelerForm.cs:wiersz 458
   w GUI.WFSModelerForm.GenerateForm(Boolean visible) w C:\CP\ParserGit\JiraParser\GUI\WFSModelerForm.cs:wiersz 411
   w GUI.WFSModelerForm..ctor(List`1 list, String name, BillingIssueDto issue, IParserEngineWFS gujaczWFS, Int32 eventMoveId, calbackDelegate callback, TreeView tr, Boolean quickStep, Object selectOption) w C:\CP\ParserGit\JiraParser\GUI\WFSModelerForm.cs:wiersz 308

--- Main exception: Source ---
System.Windows.Forms

czwartek, 10 stycznia 2019 09:00:34

Automatyczne sprawdzanie zgłoszeń zakończono o: 2019-01-10 09:00:34 

czwartek, 10 stycznia 2019 09:03:32

Automatyczne sprawdzanie zgłoszeń zakończono o: 2019-01-10 09:03:32 

czwartek, 10 stycznia 2019 09:06:17

Automatyczne sprawdzanie zgłoszeń zakończono o: 2019-01-10 09:06:17 

czwartek, 10 stycznia 2019 09:09:10

Automatyczne sprawdzanie zgłoszeń zakończono o: 2019-01-10 09:09:10 

czwartek, 10 stycznia 2019 09:09:12

Zgłoszenie CRM-74864 dodano automatycznie o godzinie 2019-01-10 09:09:12!
czwartek, 10 stycznia 2019 09:09:16

Zgłoszenie ZCC-17834 dodano automatycznie o godzinie 2019-01-10 09:09:16!
czwartek, 10 stycznia 2019 09:11:55

Automatyczne sprawdzanie zgłoszeń zakończono o: 2019-01-10 09:11:55 

czwartek, 10 stycznia 2019 09:14:48

Automatyczne sprawdzanie zgłoszeń zakończono o: 2019-01-10 09:14:48 

czwartek, 10 stycznia 2019 09:17:34

Automatyczne sprawdzanie zgłoszeń zakończono o: 2019-01-10 09:17:34 

czwartek, 10 stycznia 2019 09:20:26

Automatyczne sprawdzanie zgłoszeń zakończono o: 2019-01-10 09:20:26 

czwartek, 10 stycznia 2019 09:23:12

Automatyczne sprawdzanie zgłoszeń zakończono o: 2019-01-10 09:23:12 

czwartek, 10 stycznia 2019 09:26:13

Automatyczne sprawdzanie zgłoszeń zakończono o: 2019-01-10 09:26:13 

czwartek, 10 stycznia 2019 09:26:14

Zgłoszenie WIND-7969 dodano automatycznie o godzinie 2019-01-10 09:26:14!
czwartek, 10 stycznia 2019 09:28:58

Automatyczne sprawdzanie zgłoszeń zakończono o: 2019-01-10 09:28:58 

czwartek, 10 stycznia 2019 09:32:00

Automatyczne sprawdzanie zgłoszeń zakończono o: 2019-01-10 09:32:00 

czwartek, 10 stycznia 2019 09:34:46

Automatyczne sprawdzanie zgłoszeń zakończono o: 2019-01-10 09:34:46 

czwartek, 10 stycznia 2019 09:37:47

Automatyczne sprawdzanie zgłoszeń zakończono o: 2019-01-10 09:37:47 

czwartek, 10 stycznia 2019 09:40:33

Automatyczne sprawdzanie zgłoszeń zakończono o: 2019-01-10 09:40:33 

czwartek, 10 stycznia 2019 09:43:25

Automatyczne sprawdzanie zgłoszeń zakończono o: 2019-01-10 09:43:25 

czwartek, 10 stycznia 2019 09:46:26

Automatyczne sprawdzanie zgłoszeń zakończono o: 2019-01-10 09:46:26 

czwartek, 10 stycznia 2019 09:49:12

Automatyczne sprawdzanie zgłoszeń zakończono o: 2019-01-10 09:49:12 

czwartek, 10 stycznia 2019 09:49:38

--- Main exception: Message ---
Nie można rozpoznać nazwy zdalnej: 'jira'

--- Main exception: StackTrace ---
   w Atlassian.Jira.Remote.JiraRestClient.ExecuteRequest[T](Method method, String resource, Object requestBody) w c:\projects\atlassian-net-sdk\Atlassian.Jira\Remote\JiraRestClient.cs:wiersz 119
   w Atlassian.Jira.Remote.JiraRestClient.GetPriorities(String token) w c:\projects\atlassian-net-sdk\Atlassian.Jira\Remote\JiraRestClient.cs:wiersz 785
   w Atlassian.Jira.Jira.<GetIssuePriorities>b__24(String token) w c:\projects\atlassian-net-sdk\Atlassian.Jira\Jira.cs:wiersz 478
   w Atlassian.Jira.Jira.<>c__DisplayClass3c.<WithToken>b__3b(String t) w c:\projects\atlassian-net-sdk\Atlassian.Jira\Jira.cs:wiersz 658
   w Atlassian.Jira.Jira.WithToken[TResult](Func`3 function) w c:\projects\atlassian-net-sdk\Atlassian.Jira\Jira.cs:wiersz 706
   w Atlassian.Jira.Jira.GetIssuePriorities() w c:\projects\atlassian-net-sdk\Atlassian.Jira\Jira.cs:wiersz 482
   w GUI.MainForm.LoginJira() w C:\CP\ParserGit\JiraParser\GUI\MainForm.cs:wiersz 4360

--- Main exception: Source ---
Atlassian.Jira

czwartek, 10 stycznia 2019 09:49:38

--- Main exception: Message ---
Nie można rozpoznać nazwy zdalnej: 'jira'

--- Main exception: StackTrace ---
   w Atlassian.Jira.Remote.JiraRestClient.ExecuteRequest[T](Method method, String resource, Object requestBody) w c:\projects\atlassian-net-sdk\Atlassian.Jira\Remote\JiraRestClient.cs:wiersz 119
   w Atlassian.Jira.Remote.JiraRestClient.GetIssueTypes(String token, String projectId) w c:\projects\atlassian-net-sdk\Atlassian.Jira\Remote\JiraRestClient.cs:wiersz 822
   w Atlassian.Jira.Jira.<>c__DisplayClass16.<GetIssueTypes>b__12(String token) w c:\projects\atlassian-net-sdk\Atlassian.Jira\Jira.cs:wiersz 414
   w Atlassian.Jira.Jira.<>c__DisplayClass3c.<WithToken>b__3b(String t) w c:\projects\atlassian-net-sdk\Atlassian.Jira\Jira.cs:wiersz 658
   w Atlassian.Jira.Jira.WithToken[TResult](Func`3 function) w c:\projects\atlassian-net-sdk\Atlassian.Jira\Jira.cs:wiersz 706
   w Atlassian.Jira.Jira.GetIssueTypes(String projectKey) w c:\projects\atlassian-net-sdk\Atlassian.Jira\Jira.cs:wiersz 419
   w Logic.Implementation.JiraIssues.GetJiraIssuesTypes() w C:\CP\ParserGit\JiraParser\Logic\Implementation\JiraIssues.cs:wiersz 68
   w GUI.MainForm.<timer2_Tick>b__96_0() w C:\CP\ParserGit\JiraParser\GUI\MainForm.cs:wiersz 2633

--- Main exception: Source ---
Atlassian.Jira

czwartek, 10 stycznia 2019 09:49:43

--- Main exception: Message ---
Nie można rozpoznać nazwy zdalnej: 'jira'

--- Main exception: StackTrace ---
   w Atlassian.Jira.Remote.JiraRestClient.ExecuteRequest[T](Method method, String resource, Object requestBody) w c:\projects\atlassian-net-sdk\Atlassian.Jira\Remote\JiraRestClient.cs:wiersz 119
   w Atlassian.Jira.Remote.JiraRestClient.GetPriorities(String token) w c:\projects\atlassian-net-sdk\Atlassian.Jira\Remote\JiraRestClient.cs:wiersz 785
   w Atlassian.Jira.Jira.<GetIssuePriorities>b__24(String token) w c:\projects\atlassian-net-sdk\Atlassian.Jira\Jira.cs:wiersz 478
   w Atlassian.Jira.Jira.<>c__DisplayClass3c.<WithToken>b__3b(String t) w c:\projects\atlassian-net-sdk\Atlassian.Jira\Jira.cs:wiersz 658
   w Atlassian.Jira.Jira.WithToken[TResult](Func`3 function) w c:\projects\atlassian-net-sdk\Atlassian.Jira\Jira.cs:wiersz 706
   w Atlassian.Jira.Jira.GetIssuePriorities() w c:\projects\atlassian-net-sdk\Atlassian.Jira\Jira.cs:wiersz 482
   w GUI.MainForm.LoginJira() w C:\CP\ParserGit\JiraParser\GUI\MainForm.cs:wiersz 4360

--- Main exception: Source ---
Atlassian.Jira

czwartek, 10 stycznia 2019 09:49:58

--- Main exception: Message ---
Nie można rozpoznać nazwy zdalnej: 'jira'

--- Main exception: StackTrace ---
   w Atlassian.Jira.Remote.JiraRestClient.ExecuteRequest[T](Method method, String resource, Object requestBody) w c:\projects\atlassian-net-sdk\Atlassian.Jira\Remote\JiraRestClient.cs:wiersz 119
   w Atlassian.Jira.Remote.JiraRestClient.GetPriorities(String token) w c:\projects\atlassian-net-sdk\Atlassian.Jira\Remote\JiraRestClient.cs:wiersz 785
   w Atlassian.Jira.Jira.<GetIssuePriorities>b__24(String token) w c:\projects\atlassian-net-sdk\Atlassian.Jira\Jira.cs:wiersz 478
   w Atlassian.Jira.Jira.<>c__DisplayClass3c.<WithToken>b__3b(String t) w c:\projects\atlassian-net-sdk\Atlassian.Jira\Jira.cs:wiersz 658
   w Atlassian.Jira.Jira.WithToken[TResult](Func`3 function) w c:\projects\atlassian-net-sdk\Atlassian.Jira\Jira.cs:wiersz 706
   w Atlassian.Jira.Jira.GetIssuePriorities() w c:\projects\atlassian-net-sdk\Atlassian.Jira\Jira.cs:wiersz 482
   w GUI.MainForm.LoginJira() w C:\CP\ParserGit\JiraParser\GUI\MainForm.cs:wiersz 4360

--- Main exception: Source ---
Atlassian.Jira

czwartek, 10 stycznia 2019 09:50:13

--- Main exception: Message ---
Nie można rozpoznać nazwy zdalnej: 'jira'

--- Main exception: StackTrace ---
   w Atlassian.Jira.Remote.JiraRestClient.ExecuteRequest[T](Method method, String resource, Object requestBody) w c:\projects\atlassian-net-sdk\Atlassian.Jira\Remote\JiraRestClient.cs:wiersz 119
   w Atlassian.Jira.Remote.JiraRestClient.GetPriorities(String token) w c:\projects\atlassian-net-sdk\Atlassian.Jira\Remote\JiraRestClient.cs:wiersz 785
   w Atlassian.Jira.Jira.<GetIssuePriorities>b__24(String token) w c:\projects\atlassian-net-sdk\Atlassian.Jira\Jira.cs:wiersz 478
   w Atlassian.Jira.Jira.<>c__DisplayClass3c.<WithToken>b__3b(String t) w c:\projects\atlassian-net-sdk\Atlassian.Jira\Jira.cs:wiersz 658
   w Atlassian.Jira.Jira.WithToken[TResult](Func`3 function) w c:\projects\atlassian-net-sdk\Atlassian.Jira\Jira.cs:wiersz 706
   w Atlassian.Jira.Jira.GetIssuePriorities() w c:\projects\atlassian-net-sdk\Atlassian.Jira\Jira.cs:wiersz 482
   w GUI.MainForm.LoginJira() w C:\CP\ParserGit\JiraParser\GUI\MainForm.cs:wiersz 4360

--- Main exception: Source ---
Atlassian.Jira

czwartek, 10 stycznia 2019 09:50:28

--- Main exception: Message ---
Nie można rozpoznać nazwy zdalnej: 'jira'

--- Main exception: StackTrace ---
   w Atlassian.Jira.Remote.JiraRestClient.ExecuteRequest[T](Method method, String resource, Object requestBody) w c:\projects\atlassian-net-sdk\Atlassian.Jira\Remote\JiraRestClient.cs:wiersz 119
   w Atlassian.Jira.Remote.JiraRestClient.GetPriorities(String token) w c:\projects\atlassian-net-sdk\Atlassian.Jira\Remote\JiraRestClient.cs:wiersz 785
   w Atlassian.Jira.Jira.<GetIssuePriorities>b__24(String token) w c:\projects\atlassian-net-sdk\Atlassian.Jira\Jira.cs:wiersz 478
   w Atlassian.Jira.Jira.<>c__DisplayClass3c.<WithToken>b__3b(String t) w c:\projects\atlassian-net-sdk\Atlassian.Jira\Jira.cs:wiersz 658
   w Atlassian.Jira.Jira.WithToken[TResult](Func`3 function) w c:\projects\atlassian-net-sdk\Atlassian.Jira\Jira.cs:wiersz 706
   w Atlassian.Jira.Jira.GetIssuePriorities() w c:\projects\atlassian-net-sdk\Atlassian.Jira\Jira.cs:wiersz 482
   w GUI.MainForm.LoginJira() w C:\CP\ParserGit\JiraParser\GUI\MainForm.cs:wiersz 4360

--- Main exception: Source ---
Atlassian.Jira

czwartek, 10 stycznia 2019 09:50:43

--- Main exception: Message ---
Nie można rozpoznać nazwy zdalnej: 'jira'

--- Main exception: StackTrace ---
   w Atlassian.Jira.Remote.JiraRestClient.ExecuteRequest[T](Method method, String resource, Object requestBody) w c:\projects\atlassian-net-sdk\Atlassian.Jira\Remote\JiraRestClient.cs:wiersz 119
   w Atlassian.Jira.Remote.JiraRestClient.GetPriorities(String token) w c:\projects\atlassian-net-sdk\Atlassian.Jira\Remote\JiraRestClient.cs:wiersz 785
   w Atlassian.Jira.Jira.<GetIssuePriorities>b__24(String token) w c:\projects\atlassian-net-sdk\Atlassian.Jira\Jira.cs:wiersz 478
   w Atlassian.Jira.Jira.<>c__DisplayClass3c.<WithToken>b__3b(String t) w c:\projects\atlassian-net-sdk\Atlassian.Jira\Jira.cs:wiersz 658
   w Atlassian.Jira.Jira.WithToken[TResult](Func`3 function) w c:\projects\atlassian-net-sdk\Atlassian.Jira\Jira.cs:wiersz 706
   w Atlassian.Jira.Jira.GetIssuePriorities() w c:\projects\atlassian-net-sdk\Atlassian.Jira\Jira.cs:wiersz 482
   w GUI.MainForm.LoginJira() w C:\CP\ParserGit\JiraParser\GUI\MainForm.cs:wiersz 4360

--- Main exception: Source ---
Atlassian.Jira

czwartek, 10 stycznia 2019 09:50:58

--- Main exception: Message ---
Nie można rozpoznać nazwy zdalnej: 'jira'

--- Main exception: StackTrace ---
   w Atlassian.Jira.Remote.JiraRestClient.ExecuteRequest[T](Method method, String resource, Object requestBody) w c:\projects\atlassian-net-sdk\Atlassian.Jira\Remote\JiraRestClient.cs:wiersz 119
   w Atlassian.Jira.Remote.JiraRestClient.GetPriorities(String token) w c:\projects\atlassian-net-sdk\Atlassian.Jira\Remote\JiraRestClient.cs:wiersz 785
   w Atlassian.Jira.Jira.<GetIssuePriorities>b__24(String token) w c:\projects\atlassian-net-sdk\Atlassian.Jira\Jira.cs:wiersz 478
   w Atlassian.Jira.Jira.<>c__DisplayClass3c.<WithToken>b__3b(String t) w c:\projects\atlassian-net-sdk\Atlassian.Jira\Jira.cs:wiersz 658
   w Atlassian.Jira.Jira.WithToken[TResult](Func`3 function) w c:\projects\atlassian-net-sdk\Atlassian.Jira\Jira.cs:wiersz 706
   w Atlassian.Jira.Jira.GetIssuePriorities() w c:\projects\atlassian-net-sdk\Atlassian.Jira\Jira.cs:wiersz 482
   w GUI.MainForm.LoginJira() w C:\CP\ParserGit\JiraParser\GUI\MainForm.cs:wiersz 4360

--- Main exception: Source ---
Atlassian.Jira

czwartek, 10 stycznia 2019 09:51:13

--- Main exception: Message ---
Nie można rozpoznać nazwy zdalnej: 'jira'

--- Main exception: StackTrace ---
   w Atlassian.Jira.Remote.JiraRestClient.ExecuteRequest[T](Method method, String resource, Object requestBody) w c:\projects\atlassian-net-sdk\Atlassian.Jira\Remote\JiraRestClient.cs:wiersz 119
   w Atlassian.Jira.Remote.JiraRestClient.GetPriorities(String token) w c:\projects\atlassian-net-sdk\Atlassian.Jira\Remote\JiraRestClient.cs:wiersz 785
   w Atlassian.Jira.Jira.<GetIssuePriorities>b__24(String token) w c:\projects\atlassian-net-sdk\Atlassian.Jira\Jira.cs:wiersz 478
   w Atlassian.Jira.Jira.<>c__DisplayClass3c.<WithToken>b__3b(String t) w c:\projects\atlassian-net-sdk\Atlassian.Jira\Jira.cs:wiersz 658
   w Atlassian.Jira.Jira.WithToken[TResult](Func`3 function) w c:\projects\atlassian-net-sdk\Atlassian.Jira\Jira.cs:wiersz 706
   w Atlassian.Jira.Jira.GetIssuePriorities() w c:\projects\atlassian-net-sdk\Atlassian.Jira\Jira.cs:wiersz 482
   w GUI.MainForm.LoginJira() w C:\CP\ParserGit\JiraParser\GUI\MainForm.cs:wiersz 4360

--- Main exception: Source ---
Atlassian.Jira

czwartek, 10 stycznia 2019 09:51:28

--- Main exception: Message ---
Nie można rozpoznać nazwy zdalnej: 'jira'

--- Main exception: StackTrace ---
   w Atlassian.Jira.Remote.JiraRestClient.ExecuteRequest[T](Method method, String resource, Object requestBody) w c:\projects\atlassian-net-sdk\Atlassian.Jira\Remote\JiraRestClient.cs:wiersz 119
   w Atlassian.Jira.Remote.JiraRestClient.GetPriorities(String token) w c:\projects\atlassian-net-sdk\Atlassian.Jira\Remote\JiraRestClient.cs:wiersz 785
   w Atlassian.Jira.Jira.<GetIssuePriorities>b__24(String token) w c:\projects\atlassian-net-sdk\Atlassian.Jira\Jira.cs:wiersz 478
   w Atlassian.Jira.Jira.<>c__DisplayClass3c.<WithToken>b__3b(String t) w c:\projects\atlassian-net-sdk\Atlassian.Jira\Jira.cs:wiersz 658
   w Atlassian.Jira.Jira.WithToken[TResult](Func`3 function) w c:\projects\atlassian-net-sdk\Atlassian.Jira\Jira.cs:wiersz 706
   w Atlassian.Jira.Jira.GetIssuePriorities() w c:\projects\atlassian-net-sdk\Atlassian.Jira\Jira.cs:wiersz 482
   w GUI.MainForm.LoginJira() w C:\CP\ParserGit\JiraParser\GUI\MainForm.cs:wiersz 4360

--- Main exception: Source ---
Atlassian.Jira

czwartek, 10 stycznia 2019 09:51:43

--- Main exception: Message ---
Nie można rozpoznać nazwy zdalnej: 'jira'

--- Main exception: StackTrace ---
   w Atlassian.Jira.Remote.JiraRestClient.ExecuteRequest[T](Method method, String resource, Object requestBody) w c:\projects\atlassian-net-sdk\Atlassian.Jira\Remote\JiraRestClient.cs:wiersz 119
   w Atlassian.Jira.Remote.JiraRestClient.GetPriorities(String token) w c:\projects\atlassian-net-sdk\Atlassian.Jira\Remote\JiraRestClient.cs:wiersz 785
   w Atlassian.Jira.Jira.<GetIssuePriorities>b__24(String token) w c:\projects\atlassian-net-sdk\Atlassian.Jira\Jira.cs:wiersz 478
   w Atlassian.Jira.Jira.<>c__DisplayClass3c.<WithToken>b__3b(String t) w c:\projects\atlassian-net-sdk\Atlassian.Jira\Jira.cs:wiersz 658
   w Atlassian.Jira.Jira.WithToken[TResult](Func`3 function) w c:\projects\atlassian-net-sdk\Atlassian.Jira\Jira.cs:wiersz 706
   w Atlassian.Jira.Jira.GetIssuePriorities() w c:\projects\atlassian-net-sdk\Atlassian.Jira\Jira.cs:wiersz 482
   w GUI.MainForm.LoginJira() w C:\CP\ParserGit\JiraParser\GUI\MainForm.cs:wiersz 4360

--- Main exception: Source ---
Atlassian.Jira

czwartek, 10 stycznia 2019 09:51:58

--- Main exception: Message ---
Nie można rozpoznać nazwy zdalnej: 'jira'

--- Main exception: StackTrace ---
   w Atlassian.Jira.Remote.JiraRestClient.ExecuteRequest[T](Method method, String resource, Object requestBody) w c:\projects\atlassian-net-sdk\Atlassian.Jira\Remote\JiraRestClient.cs:wiersz 119
   w Atlassian.Jira.Remote.JiraRestClient.GetPriorities(String token) w c:\projects\atlassian-net-sdk\Atlassian.Jira\Remote\JiraRestClient.cs:wiersz 785
   w Atlassian.Jira.Jira.<GetIssuePriorities>b__24(String token) w c:\projects\atlassian-net-sdk\Atlassian.Jira\Jira.cs:wiersz 478
   w Atlassian.Jira.Jira.<>c__DisplayClass3c.<WithToken>b__3b(String t) w c:\projects\atlassian-net-sdk\Atlassian.Jira\Jira.cs:wiersz 658
   w Atlassian.Jira.Jira.WithToken[TResult](Func`3 function) w c:\projects\atlassian-net-sdk\Atlassian.Jira\Jira.cs:wiersz 706
   w Atlassian.Jira.Jira.GetIssuePriorities() w c:\projects\atlassian-net-sdk\Atlassian.Jira\Jira.cs:wiersz 482
   w GUI.MainForm.LoginJira() w C:\CP\ParserGit\JiraParser\GUI\MainForm.cs:wiersz 4360

--- Main exception: Source ---
Atlassian.Jira

czwartek, 10 stycznia 2019 09:52:13

--- Main exception: Message ---
Nie można rozpoznać nazwy zdalnej: 'jira'

--- Main exception: StackTrace ---
   w Atlassian.Jira.Remote.JiraRestClient.ExecuteRequest[T](Method method, String resource, Object requestBody) w c:\projects\atlassian-net-sdk\Atlassian.Jira\Remote\JiraRestClient.cs:wiersz 119
   w Atlassian.Jira.Remote.JiraRestClient.GetPriorities(String token) w c:\projects\atlassian-net-sdk\Atlassian.Jira\Remote\JiraRestClient.cs:wiersz 785
   w Atlassian.Jira.Jira.<GetIssuePriorities>b__24(String token) w c:\projects\atlassian-net-sdk\Atlassian.Jira\Jira.cs:wiersz 478
   w Atlassian.Jira.Jira.<>c__DisplayClass3c.<WithToken>b__3b(String t) w c:\projects\atlassian-net-sdk\Atlassian.Jira\Jira.cs:wiersz 658
   w Atlassian.Jira.Jira.WithToken[TResult](Func`3 function) w c:\projects\atlassian-net-sdk\Atlassian.Jira\Jira.cs:wiersz 706
   w Atlassian.Jira.Jira.GetIssuePriorities() w c:\projects\atlassian-net-sdk\Atlassian.Jira\Jira.cs:wiersz 482
   w GUI.MainForm.LoginJira() w C:\CP\ParserGit\JiraParser\GUI\MainForm.cs:wiersz 4360

--- Main exception: Source ---
Atlassian.Jira

czwartek, 10 stycznia 2019 09:52:28

--- Main exception: Message ---
Nie można rozpoznać nazwy zdalnej: 'jira'

--- Main exception: StackTrace ---
   w Atlassian.Jira.Remote.JiraRestClient.ExecuteRequest[T](Method method, String resource, Object requestBody) w c:\projects\atlassian-net-sdk\Atlassian.Jira\Remote\JiraRestClient.cs:wiersz 119
   w Atlassian.Jira.Remote.JiraRestClient.GetPriorities(String token) w c:\projects\atlassian-net-sdk\Atlassian.Jira\Remote\JiraRestClient.cs:wiersz 785
   w Atlassian.Jira.Jira.<GetIssuePriorities>b__24(String token) w c:\projects\atlassian-net-sdk\Atlassian.Jira\Jira.cs:wiersz 478
   w Atlassian.Jira.Jira.<>c__DisplayClass3c.<WithToken>b__3b(String t) w c:\projects\atlassian-net-sdk\Atlassian.Jira\Jira.cs:wiersz 658
   w Atlassian.Jira.Jira.WithToken[TResult](Func`3 function) w c:\projects\atlassian-net-sdk\Atlassian.Jira\Jira.cs:wiersz 706
   w Atlassian.Jira.Jira.GetIssuePriorities() w c:\projects\atlassian-net-sdk\Atlassian.Jira\Jira.cs:wiersz 482
   w GUI.MainForm.LoginJira() w C:\CP\ParserGit\JiraParser\GUI\MainForm.cs:wiersz 4360

--- Main exception: Source ---
Atlassian.Jira

czwartek, 10 stycznia 2019 09:52:43

--- Main exception: Message ---
Nie można rozpoznać nazwy zdalnej: 'jira'

--- Main exception: StackTrace ---
   w Atlassian.Jira.Remote.JiraRestClient.ExecuteRequest[T](Method method, String resource, Object requestBody) w c:\projects\atlassian-net-sdk\Atlassian.Jira\Remote\JiraRestClient.cs:wiersz 119
   w Atlassian.Jira.Remote.JiraRestClient.GetPriorities(String token) w c:\projects\atlassian-net-sdk\Atlassian.Jira\Remote\JiraRestClient.cs:wiersz 785
   w Atlassian.Jira.Jira.<GetIssuePriorities>b__24(String token) w c:\projects\atlassian-net-sdk\Atlassian.Jira\Jira.cs:wiersz 478
   w Atlassian.Jira.Jira.<>c__DisplayClass3c.<WithToken>b__3b(String t) w c:\projects\atlassian-net-sdk\Atlassian.Jira\Jira.cs:wiersz 658
   w Atlassian.Jira.Jira.WithToken[TResult](Func`3 function) w c:\projects\atlassian-net-sdk\Atlassian.Jira\Jira.cs:wiersz 706
   w Atlassian.Jira.Jira.GetIssuePriorities() w c:\projects\atlassian-net-sdk\Atlassian.Jira\Jira.cs:wiersz 482
   w GUI.MainForm.LoginJira() w C:\CP\ParserGit\JiraParser\GUI\MainForm.cs:wiersz 4360

--- Main exception: Source ---
Atlassian.Jira

czwartek, 10 stycznia 2019 09:52:58

--- Main exception: Message ---
Nie można rozpoznać nazwy zdalnej: 'jira'

--- Main exception: StackTrace ---
   w Atlassian.Jira.Remote.JiraRestClient.ExecuteRequest[T](Method method, String resource, Object requestBody) w c:\projects\atlassian-net-sdk\Atlassian.Jira\Remote\JiraRestClient.cs:wiersz 119
   w Atlassian.Jira.Remote.JiraRestClient.GetPriorities(String token) w c:\projects\atlassian-net-sdk\Atlassian.Jira\Remote\JiraRestClient.cs:wiersz 785
   w Atlassian.Jira.Jira.<GetIssuePriorities>b__24(String token) w c:\projects\atlassian-net-sdk\Atlassian.Jira\Jira.cs:wiersz 478
   w Atlassian.Jira.Jira.<>c__DisplayClass3c.<WithToken>b__3b(String t) w c:\projects\atlassian-net-sdk\Atlassian.Jira\Jira.cs:wiersz 658
   w Atlassian.Jira.Jira.WithToken[TResult](Func`3 function) w c:\projects\atlassian-net-sdk\Atlassian.Jira\Jira.cs:wiersz 706
   w Atlassian.Jira.Jira.GetIssuePriorities() w c:\projects\atlassian-net-sdk\Atlassian.Jira\Jira.cs:wiersz 482
   w GUI.MainForm.LoginJira() w C:\CP\ParserGit\JiraParser\GUI\MainForm.cs:wiersz 4360

--- Main exception: Source ---
Atlassian.Jira

czwartek, 10 stycznia 2019 09:53:13

--- Main exception: Message ---
Nie można rozpoznać nazwy zdalnej: 'jira'

--- Main exception: StackTrace ---
   w Atlassian.Jira.Remote.JiraRestClient.ExecuteRequest[T](Method method, String resource, Object requestBody) w c:\projects\atlassian-net-sdk\Atlassian.Jira\Remote\JiraRestClient.cs:wiersz 119
   w Atlassian.Jira.Remote.JiraRestClient.GetPriorities(String token) w c:\projects\atlassian-net-sdk\Atlassian.Jira\Remote\JiraRestClient.cs:wiersz 785
   w Atlassian.Jira.Jira.<GetIssuePriorities>b__24(String token) w c:\projects\atlassian-net-sdk\Atlassian.Jira\Jira.cs:wiersz 478
   w Atlassian.Jira.Jira.<>c__DisplayClass3c.<WithToken>b__3b(String t) w c:\projects\atlassian-net-sdk\Atlassian.Jira\Jira.cs:wiersz 658
   w Atlassian.Jira.Jira.WithToken[TResult](Func`3 function) w c:\projects\atlassian-net-sdk\Atlassian.Jira\Jira.cs:wiersz 706
   w Atlassian.Jira.Jira.GetIssuePriorities() w c:\projects\atlassian-net-sdk\Atlassian.Jira\Jira.cs:wiersz 482
   w GUI.MainForm.LoginJira() w C:\CP\ParserGit\JiraParser\GUI\MainForm.cs:wiersz 4360

--- Main exception: Source ---
Atlassian.Jira

czwartek, 10 stycznia 2019 09:53:28

--- Main exception: Message ---
Nie można rozpoznać nazwy zdalnej: 'jira'

--- Main exception: StackTrace ---
   w Atlassian.Jira.Remote.JiraRestClient.ExecuteRequest[T](Method method, String resource, Object requestBody) w c:\projects\atlassian-net-sdk\Atlassian.Jira\Remote\JiraRestClient.cs:wiersz 119
   w Atlassian.Jira.Remote.JiraRestClient.GetPriorities(String token) w c:\projects\atlassian-net-sdk\Atlassian.Jira\Remote\JiraRestClient.cs:wiersz 785
   w Atlassian.Jira.Jira.<GetIssuePriorities>b__24(String token) w c:\projects\atlassian-net-sdk\Atlassian.Jira\Jira.cs:wiersz 478
   w Atlassian.Jira.Jira.<>c__DisplayClass3c.<WithToken>b__3b(String t) w c:\projects\atlassian-net-sdk\Atlassian.Jira\Jira.cs:wiersz 658
   w Atlassian.Jira.Jira.WithToken[TResult](Func`3 function) w c:\projects\atlassian-net-sdk\Atlassian.Jira\Jira.cs:wiersz 706
   w Atlassian.Jira.Jira.GetIssuePriorities() w c:\projects\atlassian-net-sdk\Atlassian.Jira\Jira.cs:wiersz 482
   w GUI.MainForm.LoginJira() w C:\CP\ParserGit\JiraParser\GUI\MainForm.cs:wiersz 4360

--- Main exception: Source ---
Atlassian.Jira

czwartek, 10 stycznia 2019 09:56:13

Automatyczne sprawdzanie zgłoszeń zakończono o: 2019-01-10 09:56:13 

czwartek, 10 stycznia 2019 09:58:52

Automatyczne sprawdzanie zgłoszeń zakończono o: 2019-01-10 09:58:52 

czwartek, 10 stycznia 2019 10:01:50

Automatyczne sprawdzanie zgłoszeń zakończono o: 2019-01-10 10:01:50 

czwartek, 10 stycznia 2019 10:04:44

Automatyczne sprawdzanie zgłoszeń zakończono o: 2019-01-10 10:04:44 

czwartek, 10 stycznia 2019 10:07:37

Automatyczne sprawdzanie zgłoszeń zakończono o: 2019-01-10 10:07:37 

czwartek, 10 stycznia 2019 10:10:38

Automatyczne sprawdzanie zgłoszeń zakończono o: 2019-01-10 10:10:38 

czwartek, 10 stycznia 2019 10:13:32

Automatyczne sprawdzanie zgłoszeń zakończono o: 2019-01-10 10:13:32 

czwartek, 10 stycznia 2019 10:16:35

Automatyczne sprawdzanie zgłoszeń zakończono o: 2019-01-10 10:16:35 

czwartek, 10 stycznia 2019 10:19:26

Automatyczne sprawdzanie zgłoszeń zakończono o: 2019-01-10 10:19:26 

czwartek, 10 stycznia 2019 10:22:26

Automatyczne sprawdzanie zgłoszeń zakończono o: 2019-01-10 10:22:26 

czwartek, 10 stycznia 2019 10:22:29

Zgłoszenie ZCC-17835 dodano automatycznie o godzinie 2019-01-10 10:22:29!
czwartek, 10 stycznia 2019 10:25:12

Automatyczne sprawdzanie zgłoszeń zakończono o: 2019-01-10 10:25:12 

czwartek, 10 stycznia 2019 10:28:13

Automatyczne sprawdzanie zgłoszeń zakończono o: 2019-01-10 10:28:13 

czwartek, 10 stycznia 2019 10:31:08

Automatyczne sprawdzanie zgłoszeń zakończono o: 2019-01-10 10:31:08 

czwartek, 10 stycznia 2019 10:34:10

Automatyczne sprawdzanie zgłoszeń zakończono o: 2019-01-10 10:34:10 

czwartek, 10 stycznia 2019 10:36:56

Automatyczne sprawdzanie zgłoszeń zakończono o: 2019-01-10 10:36:56 

czwartek, 10 stycznia 2019 10:39:57

Automatyczne sprawdzanie zgłoszeń zakończono o: 2019-01-10 10:39:57 

czwartek, 10 stycznia 2019 10:42:46

Automatyczne sprawdzanie zgłoszeń zakończono o: 2019-01-10 10:42:46 

czwartek, 10 stycznia 2019 10:45:47

Automatyczne sprawdzanie zgłoszeń zakończono o: 2019-01-10 10:45:47 

czwartek, 10 stycznia 2019 10:48:34

Automatyczne sprawdzanie zgłoszeń zakończono o: 2019-01-10 10:48:34 

czwartek, 10 stycznia 2019 10:51:30

Automatyczne sprawdzanie zgłoszeń zakończono o: 2019-01-10 10:51:30 

czwartek, 10 stycznia 2019 10:54:24

Automatyczne sprawdzanie zgłoszeń zakończono o: 2019-01-10 10:54:24 

czwartek, 10 stycznia 2019 10:57:23

Automatyczne sprawdzanie zgłoszeń zakończono o: 2019-01-10 10:57:23 

czwartek, 10 stycznia 2019 11:00:16

Automatyczne sprawdzanie zgłoszeń zakończono o: 2019-01-10 11:00:16 

czwartek, 10 stycznia 2019 11:03:10

Automatyczne sprawdzanie zgłoszeń zakończono o: 2019-01-10 11:03:10 

czwartek, 10 stycznia 2019 11:06:04

Automatyczne sprawdzanie zgłoszeń zakończono o: 2019-01-10 11:06:04 

czwartek, 10 stycznia 2019 11:09:01

Automatyczne sprawdzanie zgłoszeń zakończono o: 2019-01-10 11:09:01 

czwartek, 10 stycznia 2019 11:11:49

Automatyczne sprawdzanie zgłoszeń zakończono o: 2019-01-10 11:11:49 

czwartek, 10 stycznia 2019 11:14:42

Automatyczne sprawdzanie zgłoszeń zakończono o: 2019-01-10 11:14:42 

czwartek, 10 stycznia 2019 11:17:43

Automatyczne sprawdzanie zgłoszeń zakończono o: 2019-01-10 11:17:43 

czwartek, 10 stycznia 2019 11:20:31

Automatyczne sprawdzanie zgłoszeń zakończono o: 2019-01-10 11:20:30 

czwartek, 10 stycznia 2019 11:20:32

Zgłoszenie WIND-7970 dodano automatycznie o godzinie 2019-01-10 11:20:32!
czwartek, 10 stycznia 2019 11:23:25

Automatyczne sprawdzanie zgłoszeń zakończono o: 2019-01-10 11:23:25 

czwartek, 10 stycznia 2019 11:26:20

Automatyczne sprawdzanie zgłoszeń zakończono o: 2019-01-10 11:26:20 

czwartek, 10 stycznia 2019 11:26:21

Zgłoszenie KKK-3853 dodano automatycznie o godzinie 2019-01-10 11:26:21!
czwartek, 10 stycznia 2019 11:29:11

Automatyczne sprawdzanie zgłoszeń zakończono o: 2019-01-10 11:29:11 

czwartek, 10 stycznia 2019 11:32:14

Automatyczne sprawdzanie zgłoszeń zakończono o: 2019-01-10 11:32:14 

czwartek, 10 stycznia 2019 11:32:33

--- Main exception: Message ---
Zmodyfikowano kolekcję. Nie można wykonać operacji wyliczania.

--- Main exception: StackTrace ---
   w System.ThrowHelper.ThrowInvalidOperationException(ExceptionResource resource)
   w System.Collections.Generic.Dictionary`2.Enumerator.MoveNext()
   w GUI.MainForm.GetActionForIssues(TreeView tr) w C:\CP\ParserGit\JiraParser\GUI\MainForm.cs:wiersz 5133

--- Main exception: Source ---
mscorlib

czwartek, 10 stycznia 2019 11:35:02

Automatyczne sprawdzanie zgłoszeń zakończono o: 2019-01-10 11:35:02 

czwartek, 10 stycznia 2019 11:35:03

--- Main exception: Message ---
Nieprawidłowa operacja między wątkami: do formantu '' uzyskiwany jest dostęp z wątku innego niż wątek, w którym został utworzony.

--- Main exception: StackTrace ---
   w System.Windows.Forms.Control.get_Handle()
   w System.Windows.Forms.Control.SetBoundsCore(Int32 x, Int32 y, Int32 width, Int32 height, BoundsSpecified specified)
   w System.Windows.Forms.Control.System.Windows.Forms.Layout.IArrangedElement.SetBounds(Rectangle bounds, BoundsSpecified specified)
   w System.Windows.Forms.ToolStripControlHost.OnBoundsChanged()
   w System.Windows.Forms.ToolStripItem.SetBounds(Rectangle bounds)
   w System.Windows.Forms.ToolStripItem.System.Windows.Forms.Layout.IArrangedElement.SetBounds(Rectangle bounds, BoundsSpecified specified)
   w System.Windows.Forms.Layout.TableLayout.SetElementBounds(ContainerInfo containerInfo, RectangleF displayRectF)
   w System.Windows.Forms.Layout.TableLayout.LayoutCore(IArrangedElement container, LayoutEventArgs args)
   w System.Windows.Forms.Layout.LayoutEngine.Layout(Object container, LayoutEventArgs layoutEventArgs)
   w System.Windows.Forms.Control.OnLayout(LayoutEventArgs levent)
   w System.Windows.Forms.ToolStrip.OnLayout(LayoutEventArgs e)
   w System.Windows.Forms.StatusStrip.OnLayout(LayoutEventArgs levent)
   w System.Windows.Forms.Control.PerformLayout(LayoutEventArgs args)
   w System.Windows.Forms.ToolStripItem.InvalidateItemLayout(String affectedProperty, Boolean invalidatePainting)
   w System.Windows.Forms.ToolStripItem.OnTextChanged(EventArgs e)
   w System.Windows.Forms.ToolStripItem.set_Text(String value)
   w GUI.MainForm.slaReportLoad(Object sender, DoWorkEventArgs e) w C:\CP\ParserGit\JiraParser\GUI\SlaService.cs:wiersz 27

--- Main exception: Source ---
System.Windows.Forms

czwartek, 10 stycznia 2019 11:38:02

Automatyczne sprawdzanie zgłoszeń zakończono o: 2019-01-10 11:38:02 

czwartek, 10 stycznia 2019 11:38:30

--- Main exception: Message ---
Zmodyfikowano kolekcję. Nie można wykonać operacji wyliczania.

--- Main exception: StackTrace ---
   w System.ThrowHelper.ThrowInvalidOperationException(ExceptionResource resource)
   w System.Collections.Generic.Dictionary`2.Enumerator.MoveNext()
   w GUI.MainForm.GetActionForIssues(TreeView tr) w C:\CP\ParserGit\JiraParser\GUI\MainForm.cs:wiersz 5133

--- Main exception: Source ---
mscorlib

czwartek, 10 stycznia 2019 11:40:59

Automatyczne sprawdzanie zgłoszeń zakończono o: 2019-01-10 11:40:59 

czwartek, 10 stycznia 2019 11:41:33

--- Main exception: Message ---
Zmodyfikowano kolekcję. Nie można wykonać operacji wyliczania.

--- Main exception: StackTrace ---
   w System.ThrowHelper.ThrowInvalidOperationException(ExceptionResource resource)
   w System.Collections.Generic.Dictionary`2.Enumerator.MoveNext()
   w GUI.MainForm.GetActionForIssues(TreeView tr) w C:\CP\ParserGit\JiraParser\GUI\MainForm.cs:wiersz 5133

--- Main exception: Source ---
mscorlib

czwartek, 10 stycznia 2019 11:44:03

Automatyczne sprawdzanie zgłoszeń zakończono o: 2019-01-10 11:44:03 

czwartek, 10 stycznia 2019 11:44:25

--- Main exception: Message ---
Zmodyfikowano kolekcję. Nie można wykonać operacji wyliczania.

--- Main exception: StackTrace ---
   w System.ThrowHelper.ThrowInvalidOperationException(ExceptionResource resource)
   w System.Collections.Generic.Dictionary`2.Enumerator.MoveNext()
   w GUI.MainForm.GetActionForIssues(TreeView tr) w C:\CP\ParserGit\JiraParser\GUI\MainForm.cs:wiersz 5133

--- Main exception: Source ---
mscorlib

czwartek, 10 stycznia 2019 11:46:54

Automatyczne sprawdzanie zgłoszeń zakończono o: 2019-01-10 11:46:54 

czwartek, 10 stycznia 2019 11:49:52

Automatyczne sprawdzanie zgłoszeń zakończono o: 2019-01-10 11:49:52 

czwartek, 10 stycznia 2019 11:53:33

Automatyczne sprawdzanie zgłoszeń zakończono o: 2019-01-10 11:53:33 

czwartek, 10 stycznia 2019 11:56:36

Automatyczne sprawdzanie zgłoszeń zakończono o: 2019-01-10 11:56:36 

czwartek, 10 stycznia 2019 11:59:22

Automatyczne sprawdzanie zgłoszeń zakończono o: 2019-01-10 11:59:22 

czwartek, 10 stycznia 2019 12:02:49

Automatyczne sprawdzanie zgłoszeń zakończono o: 2019-01-10 12:02:49 

czwartek, 10 stycznia 2019 12:05:43

Automatyczne sprawdzanie zgłoszeń zakończono o: 2019-01-10 12:05:43 

czwartek, 10 stycznia 2019 12:08:36

Automatyczne sprawdzanie zgłoszeń zakończono o: 2019-01-10 12:08:36 

czwartek, 10 stycznia 2019 12:17:25

Automatyczne sprawdzanie zgłoszeń zakończono o: 2019-01-10 12:17:25 

czwartek, 10 stycznia 2019 12:17:28

Zgłoszenie CRM-74865 dodano automatycznie o godzinie 2019-01-10 12:17:28!
czwartek, 10 stycznia 2019 12:17:35

Zgłoszenie CRM-74866 dodano automatycznie o godzinie 2019-01-10 12:17:35!
czwartek, 10 stycznia 2019 12:20:25

Automatyczne sprawdzanie zgłoszeń zakończono o: 2019-01-10 12:20:25 

czwartek, 10 stycznia 2019 12:23:54

--- Main exception: Message ---
Bieżący wątek musi być ustawiony na tryb jednowątkowego apartamentu, aby można było wykonywać wywołania OLE. Upewnij się, że w funkcji Main jest zaznaczony element STAThreadAttribute.

--- Main exception: StackTrace ---
   w System.Windows.Forms.ComboBox.set_AutoCompleteMode(AutoCompleteMode value)
   w GUI.WFSModelerForm.AddComboBox(EventParamModeler ep, GroupBox group) w C:\CP\ParserGit\JiraParser\GUI\WFSModelerForm.cs:wiersz 547
   w GUI.WFSModelerForm.GenerateForm(GroupBox group, Int32 ParamGroupId) w C:\CP\ParserGit\JiraParser\GUI\WFSModelerForm.cs:wiersz 451
   w GUI.WFSModelerForm.GenerateForm(GroupBox group, Int32 ParamGroupId) w C:\CP\ParserGit\JiraParser\GUI\WFSModelerForm.cs:wiersz 458
   w GUI.WFSModelerForm.GenerateForm(GroupBox group, Int32 ParamGroupId) w C:\CP\ParserGit\JiraParser\GUI\WFSModelerForm.cs:wiersz 458
   w GUI.WFSModelerForm.GenerateForm(Boolean visible) w C:\CP\ParserGit\JiraParser\GUI\WFSModelerForm.cs:wiersz 411
   w GUI.WFSModelerForm..ctor(List`1 list, String name, BillingIssueDto issue, IParserEngineWFS gujaczWFS, Int32 eventMoveId, calbackDelegate callback, TreeView tr, Boolean quickStep, Object selectOption) w C:\CP\ParserGit\JiraParser\GUI\WFSModelerForm.cs:wiersz 308

--- Main exception: Source ---
System.Windows.Forms

czwartek, 10 stycznia 2019 12:26:24

Automatyczne sprawdzanie zgłoszeń zakończono o: 2019-01-10 12:26:24 

czwartek, 10 stycznia 2019 12:27:01

--- Main exception: Message ---
Bieżący wątek musi być ustawiony na tryb jednowątkowego apartamentu, aby można było wykonywać wywołania OLE. Upewnij się, że w funkcji Main jest zaznaczony element STAThreadAttribute.

--- Main exception: StackTrace ---
   w System.Windows.Forms.ComboBox.set_AutoCompleteMode(AutoCompleteMode value)
   w GUI.WFSModelerForm.AddComboBox(EventParamModeler ep, GroupBox group) w C:\CP\ParserGit\JiraParser\GUI\WFSModelerForm.cs:wiersz 547
   w GUI.WFSModelerForm.GenerateForm(GroupBox group, Int32 ParamGroupId) w C:\CP\ParserGit\JiraParser\GUI\WFSModelerForm.cs:wiersz 451
   w GUI.WFSModelerForm.GenerateForm(GroupBox group, Int32 ParamGroupId) w C:\CP\ParserGit\JiraParser\GUI\WFSModelerForm.cs:wiersz 458
   w GUI.WFSModelerForm.GenerateForm(GroupBox group, Int32 ParamGroupId) w C:\CP\ParserGit\JiraParser\GUI\WFSModelerForm.cs:wiersz 458
   w GUI.WFSModelerForm.GenerateForm(Boolean visible) w C:\CP\ParserGit\JiraParser\GUI\WFSModelerForm.cs:wiersz 411
   w GUI.WFSModelerForm..ctor(List`1 list, String name, BillingIssueDto issue, IParserEngineWFS gujaczWFS, Int32 eventMoveId, calbackDelegate callback, TreeView tr, Boolean quickStep, Object selectOption) w C:\CP\ParserGit\JiraParser\GUI\WFSModelerForm.cs:wiersz 308

--- Main exception: Source ---
System.Windows.Forms

czwartek, 10 stycznia 2019 12:31:10

Automatyczne sprawdzanie zgłoszeń zakończono o: 2019-01-10 12:31:10 

czwartek, 10 stycznia 2019 12:34:12

Automatyczne sprawdzanie zgłoszeń zakończono o: 2019-01-10 12:34:11 

czwartek, 10 stycznia 2019 12:37:00

Automatyczne sprawdzanie zgłoszeń zakończono o: 2019-01-10 12:37:00 

czwartek, 10 stycznia 2019 12:37:04

Zgłoszenie CRM-74867 dodano automatycznie o godzinie 2019-01-10 12:37:04!
czwartek, 10 stycznia 2019 12:39:46

Automatyczne sprawdzanie zgłoszeń zakończono o: 2019-01-10 12:39:46 

czwartek, 10 stycznia 2019 12:42:53

Automatyczne sprawdzanie zgłoszeń zakończono o: 2019-01-10 12:42:53 

czwartek, 10 stycznia 2019 12:47:56

Automatyczne sprawdzanie zgłoszeń zakończono o: 2019-01-10 12:47:56 

czwartek, 10 stycznia 2019 12:50:48

Automatyczne sprawdzanie zgłoszeń zakończono o: 2019-01-10 12:50:48 

czwartek, 10 stycznia 2019 12:53:53

Automatyczne sprawdzanie zgłoszeń zakończono o: 2019-01-10 12:53:53 

czwartek, 10 stycznia 2019 12:56:38

Automatyczne sprawdzanie zgłoszeń zakończono o: 2019-01-10 12:56:38 

czwartek, 10 stycznia 2019 12:59:45

Automatyczne sprawdzanie zgłoszeń zakończono o: 2019-01-10 12:59:45 

czwartek, 10 stycznia 2019 13:02:30

Automatyczne sprawdzanie zgłoszeń zakończono o: 2019-01-10 13:02:30 

czwartek, 10 stycznia 2019 13:05:28

Automatyczne sprawdzanie zgłoszeń zakończono o: 2019-01-10 13:05:28 

czwartek, 10 stycznia 2019 13:08:24

Automatyczne sprawdzanie zgłoszeń zakończono o: 2019-01-10 13:08:24 

czwartek, 10 stycznia 2019 13:11:09

Automatyczne sprawdzanie zgłoszeń zakończono o: 2019-01-10 13:11:09 

czwartek, 10 stycznia 2019 13:14:13

Automatyczne sprawdzanie zgłoszeń zakończono o: 2019-01-10 13:14:13 

czwartek, 10 stycznia 2019 13:16:58

Automatyczne sprawdzanie zgłoszeń zakończono o: 2019-01-10 13:16:58 

czwartek, 10 stycznia 2019 13:19:52

Automatyczne sprawdzanie zgłoszeń zakończono o: 2019-01-10 13:19:52 

czwartek, 10 stycznia 2019 13:22:37

Automatyczne sprawdzanie zgłoszeń zakończono o: 2019-01-10 13:22:37 

czwartek, 10 stycznia 2019 13:22:40

Zgłoszenie KKK-3854 dodano automatycznie o godzinie 2019-01-10 13:22:40!
czwartek, 10 stycznia 2019 13:25:32

Automatyczne sprawdzanie zgłoszeń zakończono o: 2019-01-10 13:25:32 

czwartek, 10 stycznia 2019 13:28:34

Automatyczne sprawdzanie zgłoszeń zakończono o: 2019-01-10 13:28:34 

czwartek, 10 stycznia 2019 13:28:42

--- Main exception: Message ---
Nieprawidłowa operacja między wątkami: do formantu '' uzyskiwany jest dostęp z wątku innego niż wątek, w którym został utworzony.

--- Main exception: StackTrace ---
   w System.Windows.Forms.Control.get_Handle()
   w System.Windows.Forms.Control.SetBoundsCore(Int32 x, Int32 y, Int32 width, Int32 height, BoundsSpecified specified)
   w System.Windows.Forms.Control.System.Windows.Forms.Layout.IArrangedElement.SetBounds(Rectangle bounds, BoundsSpecified specified)
   w System.Windows.Forms.ToolStripControlHost.OnBoundsChanged()
   w System.Windows.Forms.ToolStripItem.SetBounds(Rectangle bounds)
   w System.Windows.Forms.ToolStrip.SetItemLocation(ToolStripItem item, Point location)
   w System.Windows.Forms.StatusStrip.SetDisplayedItems()
   w System.Windows.Forms.ToolStrip.OnLayout(LayoutEventArgs e)
   w System.Windows.Forms.StatusStrip.OnLayout(LayoutEventArgs levent)
   w System.Windows.Forms.Control.PerformLayout(LayoutEventArgs args)
   w System.Windows.Forms.ToolStripItem.InvalidateItemLayout(String affectedProperty, Boolean invalidatePainting)
   w System.Windows.Forms.ToolStripItem.OnTextChanged(EventArgs e)
   w System.Windows.Forms.ToolStripItem.set_Text(String value)
   w GUI.MainForm.slaReportLoad(Object sender, DoWorkEventArgs e) w C:\CP\ParserGit\JiraParser\GUI\SlaService.cs:wiersz 27

--- Main exception: Source ---
System.Windows.Forms

czwartek, 10 stycznia 2019 13:34:44

Automatyczne sprawdzanie zgłoszeń zakończono o: 2019-01-10 13:34:44 

czwartek, 10 stycznia 2019 13:51:35

Automatyczne sprawdzanie zgłoszeń zakończono o: 2019-01-10 13:51:35 

czwartek, 10 stycznia 2019 13:55:05

Automatyczne sprawdzanie zgłoszeń zakończono o: 2019-01-10 13:55:05 

czwartek, 10 stycznia 2019 13:58:00

Automatyczne sprawdzanie zgłoszeń zakończono o: 2019-01-10 13:57:59 

czwartek, 10 stycznia 2019 14:00:45

Automatyczne sprawdzanie zgłoszeń zakończono o: 2019-01-10 14:00:45 

czwartek, 10 stycznia 2019 14:01:08

--- Main exception: Message ---
Zmodyfikowano kolekcję. Nie można wykonać operacji wyliczania.

--- Main exception: StackTrace ---
   w System.ThrowHelper.ThrowInvalidOperationException(ExceptionResource resource)
   w System.Collections.Generic.Dictionary`2.Enumerator.MoveNext()
   w GUI.MainForm.GetActionForIssues(TreeView tr) w C:\CP\ParserGit\JiraParser\GUI\MainForm.cs:wiersz 5133

--- Main exception: Source ---
mscorlib

czwartek, 10 stycznia 2019 14:03:38

Automatyczne sprawdzanie zgłoszeń zakończono o: 2019-01-10 14:03:38 

czwartek, 10 stycznia 2019 14:04:01

--- Main exception: Message ---
Zmodyfikowano kolekcję. Nie można wykonać operacji wyliczania.

--- Main exception: StackTrace ---
   w System.ThrowHelper.ThrowInvalidOperationException(ExceptionResource resource)
   w System.Collections.Generic.Dictionary`2.Enumerator.MoveNext()
   w GUI.MainForm.GetActionForIssues(TreeView tr) w C:\CP\ParserGit\JiraParser\GUI\MainForm.cs:wiersz 5133

--- Main exception: Source ---
mscorlib

czwartek, 10 stycznia 2019 14:06:31

Automatyczne sprawdzanie zgłoszeń zakończono o: 2019-01-10 14:06:31 

czwartek, 10 stycznia 2019 14:09:30

Automatyczne sprawdzanie zgłoszeń zakończono o: 2019-01-10 14:09:30 

czwartek, 10 stycznia 2019 14:12:24

Automatyczne sprawdzanie zgłoszeń zakończono o: 2019-01-10 14:12:24 

czwartek, 10 stycznia 2019 14:12:47

--- Main exception: Message ---
Zmodyfikowano kolekcję. Nie można wykonać operacji wyliczania.

--- Main exception: StackTrace ---
   w System.ThrowHelper.ThrowInvalidOperationException(ExceptionResource resource)
   w System.Collections.Generic.Dictionary`2.Enumerator.MoveNext()
   w GUI.MainForm.GetActionForIssues(TreeView tr)

--- Main exception: Source ---
mscorlib

czwartek, 10 stycznia 2019 14:15:15

Automatyczne sprawdzanie zgłoszeń zakończono o: 2019-01-10 14:15:15 

czwartek, 10 stycznia 2019 14:18:21

Automatyczne sprawdzanie zgłoszeń zakończono o: 2019-01-10 14:18:21 

czwartek, 10 stycznia 2019 14:21:22

Automatyczne sprawdzanie zgłoszeń zakończono o: 2019-01-10 14:21:22 

czwartek, 10 stycznia 2019 14:24:19

Automatyczne sprawdzanie zgłoszeń zakończono o: 2019-01-10 14:24:19 

czwartek, 10 stycznia 2019 14:28:45

Automatyczne sprawdzanie zgłoszeń zakończono o: 2019-01-10 14:28:45 

czwartek, 10 stycznia 2019 14:29:09

--- Main exception: Message ---
Bieżący wątek musi być ustawiony na tryb jednowątkowego apartamentu, aby można było wykonywać wywołania OLE. Upewnij się, że w funkcji Main jest zaznaczony element STAThreadAttribute.

--- Main exception: StackTrace ---
   w System.Windows.Forms.ComboBox.set_AutoCompleteMode(AutoCompleteMode value)
   w GUI.WFSModelerForm.AddComboBox(EventParamModeler ep, GroupBox group) w C:\CP\ParserGit\JiraParser\GUI\WFSModelerForm.cs:wiersz 549
   w GUI.WFSModelerForm.GenerateForm(GroupBox group, Int32 ParamGroupId) w C:\CP\ParserGit\JiraParser\GUI\WFSModelerForm.cs:wiersz 453
   w GUI.WFSModelerForm.GenerateForm(GroupBox group, Int32 ParamGroupId) w C:\CP\ParserGit\JiraParser\GUI\WFSModelerForm.cs:wiersz 460
   w GUI.WFSModelerForm.GenerateForm(GroupBox group, Int32 ParamGroupId) w C:\CP\ParserGit\JiraParser\GUI\WFSModelerForm.cs:wiersz 460
   w GUI.WFSModelerForm.GenerateForm(Boolean visible) w C:\CP\ParserGit\JiraParser\GUI\WFSModelerForm.cs:wiersz 413
   w GUI.WFSModelerForm..ctor(List`1 list, String name, BillingIssueDto issue, IParserEngineWFS gujaczWFS, Int32 eventMoveId, calbackDelegate callback, TreeView tr, Boolean quickStep, Object selectOption) w C:\CP\ParserGit\JiraParser\GUI\WFSModelerForm.cs:wiersz 309

--- Main exception: Source ---
System.Windows.Forms

czwartek, 10 stycznia 2019 14:31:37

Automatyczne sprawdzanie zgłoszeń zakończono o: 2019-01-10 14:31:37 

czwartek, 10 stycznia 2019 14:31:49

--- Main exception: Message ---
Bieżący wątek musi być ustawiony na tryb jednowątkowego apartamentu, aby można było wykonywać wywołania OLE. Upewnij się, że w funkcji Main jest zaznaczony element STAThreadAttribute.

--- Main exception: StackTrace ---
   w System.Windows.Forms.ComboBox.set_AutoCompleteMode(AutoCompleteMode value)
   w GUI.WFSModelerForm.AddComboBox(EventParamModeler ep, GroupBox group) w C:\CP\ParserGit\JiraParser\GUI\WFSModelerForm.cs:wiersz 549
   w GUI.WFSModelerForm.GenerateForm(GroupBox group, Int32 ParamGroupId) w C:\CP\ParserGit\JiraParser\GUI\WFSModelerForm.cs:wiersz 453
   w GUI.WFSModelerForm.GenerateForm(GroupBox group, Int32 ParamGroupId) w C:\CP\ParserGit\JiraParser\GUI\WFSModelerForm.cs:wiersz 460
   w GUI.WFSModelerForm.GenerateForm(GroupBox group, Int32 ParamGroupId) w C:\CP\ParserGit\JiraParser\GUI\WFSModelerForm.cs:wiersz 460
   w GUI.WFSModelerForm.GenerateForm(Boolean visible) w C:\CP\ParserGit\JiraParser\GUI\WFSModelerForm.cs:wiersz 413
   w GUI.WFSModelerForm..ctor(List`1 list, String name, BillingIssueDto issue, IParserEngineWFS gujaczWFS, Int32 eventMoveId, calbackDelegate callback, TreeView tr, Boolean quickStep, Object selectOption) w C:\CP\ParserGit\JiraParser\GUI\WFSModelerForm.cs:wiersz 309

--- Main exception: Source ---
System.Windows.Forms

czwartek, 10 stycznia 2019 14:34:23

Automatyczne sprawdzanie zgłoszeń zakończono o: 2019-01-10 14:34:23 

czwartek, 10 stycznia 2019 14:37:09

Automatyczne sprawdzanie zgłoszeń zakończono o: 2019-01-10 14:37:09 

czwartek, 10 stycznia 2019 14:39:54

Automatyczne sprawdzanie zgłoszeń zakończono o: 2019-01-10 14:39:54 

czwartek, 10 stycznia 2019 14:48:35

Automatyczny zapis nowego zgłoszenia Entities.BillingIssueDtoHelios [2019-01-10 14:48:35] 

czwartek, 10 stycznia 2019 14:48:38

Automatyczny zapis poprawny Entities.BillingIssueDtoHelios [2019-01-10 14:48:38] 

czwartek, 10 stycznia 2019 14:48:38

Modyfikacja treeItemczwartek, 10 stycznia 2019 14:48:38

Status Auto: False 

czwartek, 10 stycznia 2019 14:48:42

addCommentJira List<KeyValuePair<BillingIssueDto, IssueState>> INFOLINIA-6449 Trueczwartek, 10 stycznia 2019 14:49:28

Automatyczne sprawdzanie zgłoszeń zakończono o: 2019-01-10 14:49:28 

czwartek, 10 stycznia 2019 14:49:30

Zgłoszenie INFOLINIA-6449 dodano automatycznie o godzinie 2019-01-10 14:49:30!
czwartek, 10 stycznia 2019 14:49:32

--- Main exception: Message ---
Nie można uzyskać dostępu do usuniętego obiektu.
Nazwa obiektu: 'WFSform'.

--- Main exception: StackTrace ---
   w System.Windows.Forms.Control.CreateHandle()
   w System.Windows.Forms.Form.CreateHandle()
   w System.Windows.Forms.Control.get_Handle()
   w System.Windows.Forms.Application.ThreadContext.RunMessageLoopInner(Int32 reason, ApplicationContext context)
   w System.Windows.Forms.Application.ThreadContext.RunMessageLoop(Int32 reason, ApplicationContext context)
   w System.Windows.Forms.Form.ShowDialog(IWin32Window owner)
   w GUI.MainForm.UzupelnijDane(TreeView tr, Boolean auto) w C:\CP\ParserGit\JiraParser\GUI\MainForm.cs:wiersz 3759
   w GUI.MainForm.<newIssueAutoAddToBPMUzupelnijDane>b__212_0() w C:\CP\ParserGit\JiraParser\GUI\MainForm.cs:wiersz 6993

--- Main exception: Source ---
System.Windows.Forms

czwartek, 10 stycznia 2019 14:52:19

Automatyczne sprawdzanie zgłoszeń zakończono o: 2019-01-10 14:52:19 

czwartek, 10 stycznia 2019 14:55:12

Automatyczne sprawdzanie zgłoszeń zakończono o: 2019-01-10 14:55:12 

czwartek, 10 stycznia 2019 15:03:40

Automatyczne sprawdzanie zgłoszeń zakończono o: 2019-01-10 15:03:40 

czwartek, 10 stycznia 2019 15:06:28

Automatyczne sprawdzanie zgłoszeń zakończono o: 2019-01-10 15:06:28 

czwartek, 10 stycznia 2019 15:06:32

Zgłoszenie ZCC-17837 dodano automatycznie o godzinie 2019-01-10 15:06:32!
czwartek, 10 stycznia 2019 15:09:14

Automatyczne sprawdzanie zgłoszeń zakończono o: 2019-01-10 15:09:14 

czwartek, 10 stycznia 2019 15:11:59

Automatyczne sprawdzanie zgłoszeń zakończono o: 2019-01-10 15:11:59 

czwartek, 10 stycznia 2019 15:14:45

Automatyczne sprawdzanie zgłoszeń zakończono o: 2019-01-10 15:14:45 

czwartek, 10 stycznia 2019 15:17:33

Automatyczne sprawdzanie zgłoszeń zakończono o: 2019-01-10 15:17:33 

czwartek, 10 stycznia 2019 15:20:18

Automatyczne sprawdzanie zgłoszeń zakończono o: 2019-01-10 15:20:18 

czwartek, 10 stycznia 2019 15:23:06

Automatyczne sprawdzanie zgłoszeń zakończono o: 2019-01-10 15:23:06 

czwartek, 10 stycznia 2019 15:25:52

Automatyczne sprawdzanie zgłoszeń zakończono o: 2019-01-10 15:25:52 

czwartek, 10 stycznia 2019 15:28:42

Automatyczne sprawdzanie zgłoszeń zakończono o: 2019-01-10 15:28:42 

czwartek, 10 stycznia 2019 15:31:28

Automatyczne sprawdzanie zgłoszeń zakończono o: 2019-01-10 15:31:28 

czwartek, 10 stycznia 2019 15:34:15

Automatyczne sprawdzanie zgłoszeń zakończono o: 2019-01-10 15:34:15 

czwartek, 10 stycznia 2019 15:34:18

Zgłoszenie CRM-74870 dodano automatycznie o godzinie 2019-01-10 15:34:18!
czwartek, 10 stycznia 2019 15:44:47

--- Main exception: Message ---
Nieprawidłowa operacja między wątkami: do formantu '' uzyskiwany jest dostęp z wątku innego niż wątek, w którym został utworzony.

--- Main exception: StackTrace ---
   w System.Windows.Forms.Control.get_Handle()
   w System.Windows.Forms.Control.SetBoundsCore(Int32 x, Int32 y, Int32 width, Int32 height, BoundsSpecified specified)
   w System.Windows.Forms.Control.System.Windows.Forms.Layout.IArrangedElement.SetBounds(Rectangle bounds, BoundsSpecified specified)
   w System.Windows.Forms.ToolStripControlHost.OnBoundsChanged()
   w System.Windows.Forms.ToolStripItem.SetBounds(Rectangle bounds)
   w System.Windows.Forms.ToolStrip.SetItemLocation(ToolStripItem item, Point location)
   w System.Windows.Forms.StatusStrip.SetDisplayedItems()
   w System.Windows.Forms.ToolStrip.OnLayout(LayoutEventArgs e)
   w System.Windows.Forms.StatusStrip.OnLayout(LayoutEventArgs levent)
   w System.Windows.Forms.Control.PerformLayout(LayoutEventArgs args)
   w System.Windows.Forms.ToolStripItem.InvalidateItemLayout(String affectedProperty, Boolean invalidatePainting)
   w System.Windows.Forms.ToolStripItem.OnTextChanged(EventArgs e)
   w System.Windows.Forms.ToolStripItem.set_Text(String value)
   w GUI.MainForm.slaReportLoad(Object sender, DoWorkEventArgs e) w C:\CP\ParserGit\JiraParser\GUI\SlaService.cs:wiersz 27

--- Main exception: Source ---
System.Windows.Forms

czwartek, 10 stycznia 2019 15:46:16

--- Main exception: Message ---
Wartość '4' nie jest prawidłową wartością dla 'Value'. Wartość 'Value' powinna znajdować się w zakresie od 'minimum' do 'maximum'.
Nazwa parametru: Value

--- Main exception: StackTrace ---
   w System.Windows.Forms.ProgressBar.set_Value(Int32 value)
   w GUI.MainForm.<>c__DisplayClass149_0.<pb_UpdateProgressBar>b__0()

--- Main exception: Source ---
System.Windows.Forms

czwartek, 10 stycznia 2019 15:46:16

--- Main exception: Message ---
Wartość '4' nie jest prawidłową wartością dla 'Value'. Wartość 'Value' powinna znajdować się w zakresie od 'minimum' do 'maximum'.
Nazwa parametru: Value

--- Main exception: StackTrace ---
   w System.Windows.Forms.ProgressBar.set_Value(Int32 value)
   w GUI.MainForm.<>c__DisplayClass149_0.<pb_UpdateProgressBar>b__0()

--- Main exception: Source ---
System.Windows.Forms

czwartek, 10 stycznia 2019 15:46:16

--- Main exception: Message ---
Wartość '4' nie jest prawidłową wartością dla 'Value'. Wartość 'Value' powinna znajdować się w zakresie od 'minimum' do 'maximum'.
Nazwa parametru: Value

--- Main exception: StackTrace ---
   w System.Windows.Forms.ProgressBar.set_Value(Int32 value)
   w GUI.MainForm.<>c__DisplayClass149_0.<pb_UpdateProgressBar>b__0()

--- Main exception: Source ---
System.Windows.Forms

czwartek, 10 stycznia 2019 15:46:17

--- Main exception: Message ---
Wartość '4' nie jest prawidłową wartością dla 'Value'. Wartość 'Value' powinna znajdować się w zakresie od 'minimum' do 'maximum'.
Nazwa parametru: Value

--- Main exception: StackTrace ---
   w System.Windows.Forms.ProgressBar.set_Value(Int32 value)
   w GUI.MainForm.<>c__DisplayClass149_0.<pb_UpdateProgressBar>b__0()

--- Main exception: Source ---
System.Windows.Forms

czwartek, 10 stycznia 2019 15:46:17

--- Main exception: Message ---
Wartość '4' nie jest prawidłową wartością dla 'Value'. Wartość 'Value' powinna znajdować się w zakresie od 'minimum' do 'maximum'.
Nazwa parametru: Value

--- Main exception: StackTrace ---
   w System.Windows.Forms.ProgressBar.set_Value(Int32 value)
   w GUI.MainForm.<>c__DisplayClass149_0.<pb_UpdateProgressBar>b__0()

--- Main exception: Source ---
System.Windows.Forms

czwartek, 10 stycznia 2019 15:46:19

--- Main exception: Message ---
Wartość '4' nie jest prawidłową wartością dla 'Value'. Wartość 'Value' powinna znajdować się w zakresie od 'minimum' do 'maximum'.
Nazwa parametru: Value

--- Main exception: StackTrace ---
   w System.Windows.Forms.ProgressBar.set_Value(Int32 value)
   w GUI.MainForm.<>c__DisplayClass149_0.<pb_UpdateProgressBar>b__0()

--- Main exception: Source ---
System.Windows.Forms

czwartek, 10 stycznia 2019 15:46:25

--- Main exception: Message ---
Wartość '4' nie jest prawidłową wartością dla 'Value'. Wartość 'Value' powinna znajdować się w zakresie od 'minimum' do 'maximum'.
Nazwa parametru: Value

--- Main exception: StackTrace ---
   w System.Windows.Forms.ProgressBar.set_Value(Int32 value)
   w GUI.MainForm.<>c__DisplayClass149_0.<pb_UpdateProgressBar>b__0()

--- Main exception: Source ---
System.Windows.Forms

czwartek, 10 stycznia 2019 15:46:25

--- Main exception: Message ---
Wartość '4' nie jest prawidłową wartością dla 'Value'. Wartość 'Value' powinna znajdować się w zakresie od 'minimum' do 'maximum'.
Nazwa parametru: Value

--- Main exception: StackTrace ---
   w System.Windows.Forms.ProgressBar.set_Value(Int32 value)
   w GUI.MainForm.<>c__DisplayClass149_0.<pb_UpdateProgressBar>b__0()

--- Main exception: Source ---
System.Windows.Forms

czwartek, 10 stycznia 2019 15:46:26

--- Main exception: Message ---
Wartość '4' nie jest prawidłową wartością dla 'Value'. Wartość 'Value' powinna znajdować się w zakresie od 'minimum' do 'maximum'.
Nazwa parametru: Value

--- Main exception: StackTrace ---
   w System.Windows.Forms.ProgressBar.set_Value(Int32 value)
   w GUI.MainForm.<>c__DisplayClass149_0.<pb_UpdateProgressBar>b__0()

--- Main exception: Source ---
System.Windows.Forms

czwartek, 10 stycznia 2019 15:46:27

--- Main exception: Message ---
Wartość '4' nie jest prawidłową wartością dla 'Value'. Wartość 'Value' powinna znajdować się w zakresie od 'minimum' do 'maximum'.
Nazwa parametru: Value

--- Main exception: StackTrace ---
   w System.Windows.Forms.ProgressBar.set_Value(Int32 value)
   w GUI.MainForm.<>c__DisplayClass149_0.<pb_UpdateProgressBar>b__0()

--- Main exception: Source ---
System.Windows.Forms

czwartek, 10 stycznia 2019 15:46:28

--- Main exception: Message ---
Wartość '4' nie jest prawidłową wartością dla 'Value'. Wartość 'Value' powinna znajdować się w zakresie od 'minimum' do 'maximum'.
Nazwa parametru: Value

--- Main exception: StackTrace ---
   w System.Windows.Forms.ProgressBar.set_Value(Int32 value)
   w GUI.MainForm.<>c__DisplayClass149_0.<pb_UpdateProgressBar>b__0()

--- Main exception: Source ---
System.Windows.Forms

czwartek, 10 stycznia 2019 15:46:28

--- Main exception: Message ---
Wartość '4' nie jest prawidłową wartością dla 'Value'. Wartość 'Value' powinna znajdować się w zakresie od 'minimum' do 'maximum'.
Nazwa parametru: Value

--- Main exception: StackTrace ---
   w System.Windows.Forms.ProgressBar.set_Value(Int32 value)
   w GUI.MainForm.<>c__DisplayClass149_0.<pb_UpdateProgressBar>b__0()

--- Main exception: Source ---
System.Windows.Forms

czwartek, 10 stycznia 2019 15:46:28

--- Main exception: Message ---
Wartość '4' nie jest prawidłową wartością dla 'Value'. Wartość 'Value' powinna znajdować się w zakresie od 'minimum' do 'maximum'.
Nazwa parametru: Value

--- Main exception: StackTrace ---
   w System.Windows.Forms.ProgressBar.set_Value(Int32 value)
   w GUI.MainForm.<>c__DisplayClass149_0.<pb_UpdateProgressBar>b__0()

--- Main exception: Source ---
System.Windows.Forms

czwartek, 10 stycznia 2019 15:46:28

--- Main exception: Message ---
Wartość '4' nie jest prawidłową wartością dla 'Value'. Wartość 'Value' powinna znajdować się w zakresie od 'minimum' do 'maximum'.
Nazwa parametru: Value

--- Main exception: StackTrace ---
   w System.Windows.Forms.ProgressBar.set_Value(Int32 value)
   w GUI.MainForm.<>c__DisplayClass149_0.<pb_UpdateProgressBar>b__0()

--- Main exception: Source ---
System.Windows.Forms

czwartek, 10 stycznia 2019 15:46:28

--- Main exception: Message ---
Wartość '4' nie jest prawidłową wartością dla 'Value'. Wartość 'Value' powinna znajdować się w zakresie od 'minimum' do 'maximum'.
Nazwa parametru: Value

--- Main exception: StackTrace ---
   w System.Windows.Forms.ProgressBar.set_Value(Int32 value)
   w GUI.MainForm.<>c__DisplayClass149_0.<pb_UpdateProgressBar>b__0()

--- Main exception: Source ---
System.Windows.Forms

czwartek, 10 stycznia 2019 15:49:06

--- Main exception: Message ---
Wartość '4' nie jest prawidłową wartością dla 'Value'. Wartość 'Value' powinna znajdować się w zakresie od 'minimum' do 'maximum'.
Nazwa parametru: Value

--- Main exception: StackTrace ---
   w System.Windows.Forms.ProgressBar.set_Value(Int32 value)
   w GUI.MainForm.<>c__DisplayClass149_0.<pb_UpdateProgressBar>b__0() w C:\CP\ParserGit\JiraParser\GUI\MainForm.cs:wiersz 5235

--- Main exception: Source ---
System.Windows.Forms

czwartek, 10 stycznia 2019 15:51:01

--- Main exception: Message ---
Element o tym samym kluczu został już dodany.

--- Main exception: StackTrace ---
   w System.ThrowHelper.ThrowArgumentException(ExceptionResource resource)
   w System.Collections.Generic.Dictionary`2.Insert(TKey key, TValue value, Boolean add)
   w GUI.MainForm.GetActionForIssues(TreeView tr) w C:\CP\ParserGit\JiraParser\GUI\MainForm.cs:wiersz 5308

--- Main exception: Source ---
mscorlib

czwartek, 10 stycznia 2019 15:51:04

--- Main exception: Message ---
Element o tym samym kluczu został już dodany.

--- Main exception: StackTrace ---
   w System.ThrowHelper.ThrowArgumentException(ExceptionResource resource)
   w System.Collections.Generic.Dictionary`2.Insert(TKey key, TValue value, Boolean add)
   w GUI.MainForm.GetActionForIssues(TreeView tr) w C:\CP\ParserGit\JiraParser\GUI\MainForm.cs:wiersz 5308

--- Main exception: Source ---
mscorlib

czwartek, 10 stycznia 2019 20:07:53

Automatyczny zapis nowego zgłoszenia Entities.BillingIssueDtoHelios [2019-01-10 20:07:53] 

czwartek, 10 stycznia 2019 20:07:57

Automatyczny zapis poprawny Entities.BillingIssueDtoHelios [2019-01-10 20:07:57] 

czwartek, 10 stycznia 2019 20:07:57

Modyfikacja treeItemczwartek, 10 stycznia 2019 20:07:57

Status Auto: False 

czwartek, 10 stycznia 2019 20:07:57

Automatyczny zapis nowego zgłoszenia Entities.BillingIssueDtoHelios [2019-01-10 20:07:57] 

czwartek, 10 stycznia 2019 20:08:00

Automatyczny zapis poprawny Entities.BillingIssueDtoHelios [2019-01-10 20:08:00] 

czwartek, 10 stycznia 2019 20:08:00

Modyfikacja treeItemczwartek, 10 stycznia 2019 20:08:00

Status Auto: False 

czwartek, 10 stycznia 2019 20:08:03

addCommentJira List<KeyValuePair<BillingIssueDto, IssueState>> WIND-7972 Trueczwartek, 10 stycznia 2019 20:08:05

addCommentJira List<KeyValuePair<BillingIssueDto, IssueState>> WIND-7971 Trueczwartek, 10 stycznia 2019 21:52:12

--- Main exception: Message ---
Nie można rozpoznać nazwy zdalnej: 'jira'

--- Main exception: StackTrace ---
   w Atlassian.Jira.Remote.JiraRestClient.ExecuteRequest[T](Method method, String resource, Object requestBody) w c:\projects\atlassian-net-sdk\Atlassian.Jira\Remote\JiraRestClient.cs:wiersz 119
   w Atlassian.Jira.Remote.JiraRestClient.GetIssueTypes(String token, String projectId) w c:\projects\atlassian-net-sdk\Atlassian.Jira\Remote\JiraRestClient.cs:wiersz 822
   w Atlassian.Jira.Jira.<>c__DisplayClass16.<GetIssueTypes>b__12(String token) w c:\projects\atlassian-net-sdk\Atlassian.Jira\Jira.cs:wiersz 414
   w Atlassian.Jira.Jira.<>c__DisplayClass3c.<WithToken>b__3b(String t) w c:\projects\atlassian-net-sdk\Atlassian.Jira\Jira.cs:wiersz 658
   w Atlassian.Jira.Jira.WithToken[TResult](Func`3 function) w c:\projects\atlassian-net-sdk\Atlassian.Jira\Jira.cs:wiersz 706
   w Atlassian.Jira.Jira.GetIssueTypes(String projectKey) w c:\projects\atlassian-net-sdk\Atlassian.Jira\Jira.cs:wiersz 419
   w Logic.Implementation.JiraIssues.GetJiraIssuesTypes() w C:\CP\ParserGit\JiraParser\Logic\Implementation\JiraIssues.cs:wiersz 68
   w GUI.MainForm.<timer2_Tick>b__96_0() w C:\CP\ParserGit\JiraParser\GUI\MainForm.cs:wiersz 2633

--- Main exception: Source ---
Atlassian.Jira

czwartek, 10 stycznia 2019 21:52:14

--- Main exception: Message ---
Nie można rozpoznać nazwy zdalnej: 'jira'

--- Main exception: StackTrace ---
   w Atlassian.Jira.Remote.JiraRestClient.ExecuteRequest[T](Method method, String resource, Object requestBody) w c:\projects\atlassian-net-sdk\Atlassian.Jira\Remote\JiraRestClient.cs:wiersz 119
   w Atlassian.Jira.Remote.JiraRestClient.GetPriorities(String token) w c:\projects\atlassian-net-sdk\Atlassian.Jira\Remote\JiraRestClient.cs:wiersz 785
   w Atlassian.Jira.Jira.<GetIssuePriorities>b__24(String token) w c:\projects\atlassian-net-sdk\Atlassian.Jira\Jira.cs:wiersz 478
   w Atlassian.Jira.Jira.<>c__DisplayClass3c.<WithToken>b__3b(String t) w c:\projects\atlassian-net-sdk\Atlassian.Jira\Jira.cs:wiersz 658
   w Atlassian.Jira.Jira.WithToken[TResult](Func`3 function) w c:\projects\atlassian-net-sdk\Atlassian.Jira\Jira.cs:wiersz 706
   w Atlassian.Jira.Jira.GetIssuePriorities() w c:\projects\atlassian-net-sdk\Atlassian.Jira\Jira.cs:wiersz 482
   w GUI.MainForm.LoginJira() w C:\CP\ParserGit\JiraParser\GUI\MainForm.cs:wiersz 4360

--- Main exception: Source ---
Atlassian.Jira

czwartek, 10 stycznia 2019 21:54:54

--- Main exception: Message ---
Nie można rozpoznać nazwy zdalnej: 'jira'

--- Main exception: StackTrace ---
   w Atlassian.Jira.Remote.JiraRestClient.ExecuteRequest[T](Method method, String resource, Object requestBody) w c:\projects\atlassian-net-sdk\Atlassian.Jira\Remote\JiraRestClient.cs:wiersz 119
   w Atlassian.Jira.Remote.JiraRestClient.GetPriorities(String token) w c:\projects\atlassian-net-sdk\Atlassian.Jira\Remote\JiraRestClient.cs:wiersz 785
   w Atlassian.Jira.Jira.<GetIssuePriorities>b__24(String token) w c:\projects\atlassian-net-sdk\Atlassian.Jira\Jira.cs:wiersz 478
   w Atlassian.Jira.Jira.<>c__DisplayClass3c.<WithToken>b__3b(String t) w c:\projects\atlassian-net-sdk\Atlassian.Jira\Jira.cs:wiersz 658
   w Atlassian.Jira.Jira.WithToken[TResult](Func`3 function) w c:\projects\atlassian-net-sdk\Atlassian.Jira\Jira.cs:wiersz 706
   w Atlassian.Jira.Jira.GetIssuePriorities() w c:\projects\atlassian-net-sdk\Atlassian.Jira\Jira.cs:wiersz 482
   w GUI.MainForm.LoginJira() w C:\CP\ParserGit\JiraParser\GUI\MainForm.cs:wiersz 4360

--- Main exception: Source ---
Atlassian.Jira

czwartek, 10 stycznia 2019 22:05:38

--- Main exception: Message ---
Nieprawidłowa operacja między wątkami: do formantu '' uzyskiwany jest dostęp z wątku innego niż wątek, w którym został utworzony.

--- Main exception: StackTrace ---
   w System.Windows.Forms.Control.get_Handle()
   w System.Windows.Forms.Control.SetBoundsCore(Int32 x, Int32 y, Int32 width, Int32 height, BoundsSpecified specified)
   w System.Windows.Forms.Control.System.Windows.Forms.Layout.IArrangedElement.SetBounds(Rectangle bounds, BoundsSpecified specified)
   w System.Windows.Forms.ToolStripControlHost.OnBoundsChanged()
   w System.Windows.Forms.ToolStripItem.SetBounds(Rectangle bounds)
   w System.Windows.Forms.ToolStripItem.System.Windows.Forms.Layout.IArrangedElement.SetBounds(Rectangle bounds, BoundsSpecified specified)
   w System.Windows.Forms.Layout.TableLayout.SetElementBounds(ContainerInfo containerInfo, RectangleF displayRectF)
   w System.Windows.Forms.Layout.TableLayout.LayoutCore(IArrangedElement container, LayoutEventArgs args)
   w System.Windows.Forms.Layout.LayoutEngine.Layout(Object container, LayoutEventArgs layoutEventArgs)
   w System.Windows.Forms.Control.OnLayout(LayoutEventArgs levent)
   w System.Windows.Forms.ToolStrip.OnLayout(LayoutEventArgs e)
   w System.Windows.Forms.StatusStrip.OnLayout(LayoutEventArgs levent)
   w System.Windows.Forms.Control.PerformLayout(LayoutEventArgs args)
   w System.Windows.Forms.ToolStripItem.InvalidateItemLayout(String affectedProperty, Boolean invalidatePainting)
   w System.Windows.Forms.ToolStripItem.OnTextChanged(EventArgs e)
   w System.Windows.Forms.ToolStripItem.set_Text(String value)
   w GUI.MainForm.btn_slaRaport_Load_Click(Object sender, EventArgs e) w C:\CP\ParserGit\JiraParser\GUI\SlaService.cs:wiersz 329

--- Main exception: Source ---
System.Windows.Forms

czwartek, 10 stycznia 2019 22:08:03

--- Main exception: Message ---
Nieprawidłowa operacja między wątkami: do formantu '' uzyskiwany jest dostęp z wątku innego niż wątek, w którym został utworzony.

--- Main exception: StackTrace ---
   w System.Windows.Forms.Control.get_Handle()
   w System.Windows.Forms.Control.SetBoundsCore(Int32 x, Int32 y, Int32 width, Int32 height, BoundsSpecified specified)
   w System.Windows.Forms.Control.System.Windows.Forms.Layout.IArrangedElement.SetBounds(Rectangle bounds, BoundsSpecified specified)
   w System.Windows.Forms.ToolStripControlHost.OnBoundsChanged()
   w System.Windows.Forms.ToolStripItem.SetBounds(Rectangle bounds)
   w System.Windows.Forms.ToolStripItem.System.Windows.Forms.Layout.IArrangedElement.SetBounds(Rectangle bounds, BoundsSpecified specified)
   w System.Windows.Forms.Layout.TableLayout.SetElementBounds(ContainerInfo containerInfo, RectangleF displayRectF)
   w System.Windows.Forms.Layout.TableLayout.LayoutCore(IArrangedElement container, LayoutEventArgs args)
   w System.Windows.Forms.Layout.LayoutEngine.Layout(Object container, LayoutEventArgs layoutEventArgs)
   w System.Windows.Forms.Control.OnLayout(LayoutEventArgs levent)
   w System.Windows.Forms.ToolStrip.OnLayout(LayoutEventArgs e)
   w System.Windows.Forms.StatusStrip.OnLayout(LayoutEventArgs levent)
   w System.Windows.Forms.Control.PerformLayout(LayoutEventArgs args)
   w System.Windows.Forms.ToolStripItem.InvalidateItemLayout(String affectedProperty, Boolean invalidatePainting)
   w System.Windows.Forms.ToolStripItem.OnTextChanged(EventArgs e)
   w System.Windows.Forms.ToolStripItem.set_Text(String value)
   w GUI.MainForm.btn_slaRaport_Load_Click(Object sender, EventArgs e) w C:\CP\ParserGit\JiraParser\GUI\SlaService.cs:wiersz 329

--- Main exception: Source ---
System.Windows.Forms

