czwartek, 28 marca 2019 08:32:41

Zgłoszenie ZCC-18440 dodano automatycznie o godzinie 2019-03-28 08:32:41!
czwartek, 28 marca 2019 08:32:42

Modyfikacja treeItem checkAsAssigneczwartek, 28 marca 2019 08:32:49

addCommentJira string jiraKey ZCC-18440czwartek, 28 marca 2019 08:32:49

addCommentJira object sender, DoWorkEventArgs e ZCC-18440czwartek, 28 marca 2019 09:50:49

Zgłoszenie INFOLINIA-6608 dodano automatycznie o godzinie 2019-03-28 09:50:49!
czwartek, 28 marca 2019 09:50:49

Modyfikacja treeItem checkAsAssigneczwartek, 28 marca 2019 09:50:55

Zgłoszenie KKK-4144 dodano automatycznie o godzinie 2019-03-28 09:50:55!
czwartek, 28 marca 2019 09:50:55

Modyfikacja treeItem checkAsAssigneczwartek, 28 marca 2019 09:50:57

addCommentJira string jiraKey INFOLINIA-6608czwartek, 28 marca 2019 09:50:57

addCommentJira object sender, DoWorkEventArgs e INFOLINIA-6608czwartek, 28 marca 2019 09:51:00

addCommentJira string jiraKey KKK-4144czwartek, 28 marca 2019 09:51:00

addCommentJira object sender, DoWorkEventArgs e KKK-4144czwartek, 28 marca 2019 09:51:01

Zgłoszenie ZCC-18441 dodano automatycznie o godzinie 2019-03-28 09:51:01!
czwartek, 28 marca 2019 09:51:01

Modyfikacja treeItem checkAsAssigneczwartek, 28 marca 2019 09:51:04

addCommentJira string jiraKey ZCC-18441czwartek, 28 marca 2019 09:51:04

addCommentJira object sender, DoWorkEventArgs e ZCC-18441czwartek, 28 marca 2019 10:14:43

Zgłoszenie ZCC-18443 dodano automatycznie o godzinie 2019-03-28 10:14:43!
czwartek, 28 marca 2019 10:14:43

Modyfikacja treeItem checkAsAssigneczwartek, 28 marca 2019 10:14:52

addCommentJira string jiraKey ZCC-18443czwartek, 28 marca 2019 10:14:52

addCommentJira object sender, DoWorkEventArgs e ZCC-18443czwartek, 28 marca 2019 10:26:46

Zgłoszenie CRM-75601 dodano automatycznie o godzinie 2019-03-28 10:26:46!
czwartek, 28 marca 2019 10:26:46

Modyfikacja treeItem checkAsAssigneczwartek, 28 marca 2019 10:27:03

addCommentJira string jiraKey CRM-75601czwartek, 28 marca 2019 10:27:03

addCommentJira object sender, DoWorkEventArgs e CRM-75601czwartek, 28 marca 2019 11:43:43

--- Main exception: Message ---
Nie można rozpoznać nazwy zdalnej: 'jira'

--- Main exception: StackTrace ---
   w Atlassian.Jira.Remote.JiraRestClient.ExecuteRequest[T](Method method, String resource, Object requestBody) w c:\projects\atlassian-net-sdk\Atlassian.Jira\Remote\JiraRestClient.cs:wiersz 119
   w Atlassian.Jira.Remote.JiraRestClient.GetIssueTypes(String token, String projectId) w c:\projects\atlassian-net-sdk\Atlassian.Jira\Remote\JiraRestClient.cs:wiersz 822
   w Atlassian.Jira.Jira.<>c__DisplayClass16.<GetIssueTypes>b__12(String token) w c:\projects\atlassian-net-sdk\Atlassian.Jira\Jira.cs:wiersz 414
   w Atlassian.Jira.Jira.<>c__DisplayClass3c.<WithToken>b__3b(String t) w c:\projects\atlassian-net-sdk\Atlassian.Jira\Jira.cs:wiersz 658
   w Atlassian.Jira.Jira.WithToken[TResult](Func`3 function) w c:\projects\atlassian-net-sdk\Atlassian.Jira\Jira.cs:wiersz 706
   w Atlassian.Jira.Jira.GetIssueTypes(String projectKey) w c:\projects\atlassian-net-sdk\Atlassian.Jira\Jira.cs:wiersz 419
   w Logic.Implementation.JiraIssues.GetJiraIssuesTypes() w C:\CP\ParserGit\JiraParser\Logic\Implementation\JiraIssues.cs:wiersz 68
   w GUI.MainForm.<timer2_Tick>b__105_0() w C:\CP\ParserGit\JiraParser\GUI\MainForm.cs:wiersz 2725

--- Main exception: Source ---
Atlassian.Jira

czwartek, 28 marca 2019 11:44:21

--- Main exception: Message ---
Nie można rozpoznać nazwy zdalnej: 'jira'

--- Main exception: StackTrace ---
   w Atlassian.Jira.Remote.JiraRestClient.ExecuteRequest[T](Method method, String resource, Object requestBody) w c:\projects\atlassian-net-sdk\Atlassian.Jira\Remote\JiraRestClient.cs:wiersz 119
   w Atlassian.Jira.Remote.JiraRestClient.GetPriorities(String token) w c:\projects\atlassian-net-sdk\Atlassian.Jira\Remote\JiraRestClient.cs:wiersz 785
   w Atlassian.Jira.Jira.<GetIssuePriorities>b__24(String token) w c:\projects\atlassian-net-sdk\Atlassian.Jira\Jira.cs:wiersz 478
   w Atlassian.Jira.Jira.<>c__DisplayClass3c.<WithToken>b__3b(String t) w c:\projects\atlassian-net-sdk\Atlassian.Jira\Jira.cs:wiersz 658
   w Atlassian.Jira.Jira.WithToken[TResult](Func`3 function) w c:\projects\atlassian-net-sdk\Atlassian.Jira\Jira.cs:wiersz 706
   w Atlassian.Jira.Jira.GetIssuePriorities() w c:\projects\atlassian-net-sdk\Atlassian.Jira\Jira.cs:wiersz 482
   w GUI.MainForm.LoginJira() w C:\CP\ParserGit\JiraParser\GUI\MainForm.cs:wiersz 4475

--- Main exception: Source ---
Atlassian.Jira

czwartek, 28 marca 2019 12:14:42

Zgłoszenie CRM-75602 dodano automatycznie o godzinie 2019-03-28 12:14:42!
czwartek, 28 marca 2019 12:14:42

Modyfikacja treeItem checkAsAssigneczwartek, 28 marca 2019 12:14:51

addCommentJira string jiraKey CRM-75602czwartek, 28 marca 2019 12:14:51

addCommentJira object sender, DoWorkEventArgs e CRM-75602czwartek, 28 marca 2019 12:56:44

Zgłoszenie CRM-75603 dodano automatycznie o godzinie 2019-03-28 12:56:44!
czwartek, 28 marca 2019 12:56:44

Modyfikacja treeItem checkAsAssigneczwartek, 28 marca 2019 12:56:56

addCommentJira string jiraKey CRM-75603czwartek, 28 marca 2019 12:56:56

addCommentJira object sender, DoWorkEventArgs e CRM-75603czwartek, 28 marca 2019 13:32:41

Zgłoszenie ZCC-18444 dodano automatycznie o godzinie 2019-03-28 13:32:41!
czwartek, 28 marca 2019 13:32:41

Modyfikacja treeItem checkAsAssigneczwartek, 28 marca 2019 13:32:53

addCommentJira string jiraKey ZCC-18444czwartek, 28 marca 2019 13:32:53

addCommentJira object sender, DoWorkEventArgs e ZCC-18444czwartek, 28 marca 2019 13:38:59

--- Main exception: Message ---
Zmodyfikowano kolekcję. Nie można wykonać operacji wyliczania.

--- Main exception: StackTrace ---
   w System.ThrowHelper.ThrowInvalidOperationException(ExceptionResource resource)
   w System.Collections.Generic.Dictionary`2.Enumerator.MoveNext()
   w System.Linq.Enumerable.Any[TSource](IEnumerable`1 source, Func`2 predicate)
   w GUI.MainForm.addIssueToTreeNode(String issueNumber, List`1 issue, String treeViewName) w C:\CP\ParserGit\JiraParser\GUI\MainForm.cs:wiersz 6283
   w GUI.MainForm.slaAutoStep(DataGridViewRow tmpRow, String issueNumber) w C:\CP\ParserGit\JiraParser\GUI\SlaService.cs:wiersz 596

--- Main exception: Source ---
mscorlib

czwartek, 28 marca 2019 14:59:33

--- Main exception: Message ---
Przekroczono limit czasu nieaktywności (00:10:00).

--- Main exception: StackTrace ---

Server stack trace: 
   w System.ServiceModel.Channels.ReliableRequestSessionChannel.SyncRequest.WaitForReply(TimeSpan timeout)
   w System.ServiceModel.Channels.RequestChannel.Request(Message message, TimeSpan timeout)
   w System.ServiceModel.Dispatcher.RequestChannelBinder.Request(Message message, TimeSpan timeout)
   w System.ServiceModel.Channels.ServiceChannel.Call(String action, Boolean oneway, ProxyOperationRuntime operation, Object[] ins, Object[] outs, TimeSpan timeout)
   w System.ServiceModel.Channels.ServiceChannelProxy.InvokeService(IMethodCallMessage methodCall, ProxyOperationRuntime operation)
   w System.ServiceModel.Channels.ServiceChannelProxy.Invoke(IMessage message)

Exception rethrown at [0]: 
   w System.Runtime.Remoting.Proxies.RealProxy.HandleReturnMessage(IMessage reqMsg, IMessage retMsg)
   w System.Runtime.Remoting.Proxies.RealProxy.PrivateInvoke(MessageData& msgData, Int32 type)
   w DataLayer.HPDataService.IDataService4HP.ExecuteStoredProcedure(User user, String procedureName, String[] parameters, DatabaseName database)
   w DataLayer.Implementation.GatewayDaoWFS.ExecuteStoredProcedure(String procedureName, String[] parameters, DatabaseName database) w C:\CP\ParserGit\JiraParser\DataLayer\Implementation\GatewayDaoWFS.cs:wiersz 138

--- Main exception: Source ---
mscorlib

czwartek, 28 marca 2019 14:59:33

--- Main exception: Message ---
Nie można rozpoznać nazwy zdalnej: 'jira'

--- Main exception: StackTrace ---
   w Atlassian.Jira.Remote.JiraRestClient.ExecuteRequest[T](Method method, String resource, Object requestBody) w c:\projects\atlassian-net-sdk\Atlassian.Jira\Remote\JiraRestClient.cs:wiersz 119
   w Atlassian.Jira.Remote.JiraRestClient.GetIssueTypes(String token, String projectId) w c:\projects\atlassian-net-sdk\Atlassian.Jira\Remote\JiraRestClient.cs:wiersz 822
   w Atlassian.Jira.Jira.<>c__DisplayClass16.<GetIssueTypes>b__12(String token) w c:\projects\atlassian-net-sdk\Atlassian.Jira\Jira.cs:wiersz 414
   w Atlassian.Jira.Jira.<>c__DisplayClass3c.<WithToken>b__3b(String t) w c:\projects\atlassian-net-sdk\Atlassian.Jira\Jira.cs:wiersz 658
   w Atlassian.Jira.Jira.WithToken[TResult](Func`3 function) w c:\projects\atlassian-net-sdk\Atlassian.Jira\Jira.cs:wiersz 706
   w Atlassian.Jira.Jira.GetIssueTypes(String projectKey) w c:\projects\atlassian-net-sdk\Atlassian.Jira\Jira.cs:wiersz 419
   w Logic.Implementation.JiraIssues.GetJiraIssuesTypes() w C:\CP\ParserGit\JiraParser\Logic\Implementation\JiraIssues.cs:wiersz 68
   w GUI.MainForm.<timer2_Tick>b__105_0() w C:\CP\ParserGit\JiraParser\GUI\MainForm.cs:wiersz 2725

--- Main exception: Source ---
Atlassian.Jira

czwartek, 28 marca 2019 14:59:34

--- Main exception: Message ---
Nie można rozpoznać nazwy zdalnej: 'jira'

--- Main exception: StackTrace ---
   w Atlassian.Jira.Remote.JiraRestClient.ExecuteRequest[T](Method method, String resource, Object requestBody) w c:\projects\atlassian-net-sdk\Atlassian.Jira\Remote\JiraRestClient.cs:wiersz 119
   w Atlassian.Jira.Remote.JiraRestClient.GetPriorities(String token) w c:\projects\atlassian-net-sdk\Atlassian.Jira\Remote\JiraRestClient.cs:wiersz 785
   w Atlassian.Jira.Jira.<GetIssuePriorities>b__24(String token) w c:\projects\atlassian-net-sdk\Atlassian.Jira\Jira.cs:wiersz 478
   w Atlassian.Jira.Jira.<>c__DisplayClass3c.<WithToken>b__3b(String t) w c:\projects\atlassian-net-sdk\Atlassian.Jira\Jira.cs:wiersz 658
   w Atlassian.Jira.Jira.WithToken[TResult](Func`3 function) w c:\projects\atlassian-net-sdk\Atlassian.Jira\Jira.cs:wiersz 706
   w Atlassian.Jira.Jira.GetIssuePriorities() w c:\projects\atlassian-net-sdk\Atlassian.Jira\Jira.cs:wiersz 482
   w GUI.MainForm.LoginJira() w C:\CP\ParserGit\JiraParser\GUI\MainForm.cs:wiersz 4475

--- Main exception: Source ---
Atlassian.Jira

czwartek, 28 marca 2019 15:01:58

--- Main exception: Message ---
Obiektu komunikacyjnego System.ServiceModel.Channels.ReliableRequestSessionChannel nie można używać do komunikacji, ponieważ jest w stanie Faulted.

--- Main exception: StackTrace ---

Server stack trace: 
   w System.ServiceModel.Channels.ReliableRequestSessionChannel.SyncRequest.WaitForReply(TimeSpan timeout)
   w System.ServiceModel.Channels.RequestChannel.Request(Message message, TimeSpan timeout)
   w System.ServiceModel.Dispatcher.RequestChannelBinder.Request(Message message, TimeSpan timeout)
   w System.ServiceModel.Channels.ServiceChannel.Call(String action, Boolean oneway, ProxyOperationRuntime operation, Object[] ins, Object[] outs, TimeSpan timeout)
   w System.ServiceModel.Channels.ServiceChannelProxy.InvokeService(IMethodCallMessage methodCall, ProxyOperationRuntime operation)
   w System.ServiceModel.Channels.ServiceChannelProxy.Invoke(IMessage message)

Exception rethrown at [0]: 
   w System.Runtime.Remoting.Proxies.RealProxy.HandleReturnMessage(IMessage reqMsg, IMessage retMsg)
   w System.Runtime.Remoting.Proxies.RealProxy.PrivateInvoke(MessageData& msgData, Int32 type)
   w DataLayer.HPDataService.IDataService4HP.CheckIssuesPresenceOnBpm(User user, BillingDTHIssueWFS[] issues)
   w DataLayer.Implementation.GatewayDaoWFS.CheckIssuesPresenceOnBpm(List`1 issues) w C:\CP\ParserGit\JiraParser\DataLayer\Implementation\GatewayDaoWFS.cs:wiersz 121
   w LogicLayer.Implementation.ParserEngineWFS.compareBillingWithWFS(List`1 issues) w C:\CP\ParserGit\JiraParser\Logic\Implementation\ParserEngineWFS.cs:wiersz 124
   w GUI.MainForm.addIssueToTreeNode(String issueNumber, List`1 issue, String treeViewName) w C:\CP\ParserGit\JiraParser\GUI\MainForm.cs:wiersz 6245
   w GUI.MainForm.slaAutoStep(DataGridViewRow tmpRow, String issueNumber) w C:\CP\ParserGit\JiraParser\GUI\SlaService.cs:wiersz 596

--- Main exception: Source ---
mscorlib

czwartek, 28 marca 2019 15:01:58

--- Main exception: Message ---
Obiektu komunikacyjnego System.ServiceModel.Channels.ReliableRequestSessionChannel nie można używać do komunikacji, ponieważ jest w stanie Faulted.

--- Main exception: StackTrace ---

Server stack trace: 
   w System.ServiceModel.Channels.ReliableRequestSessionChannel.SyncRequest.WaitForReply(TimeSpan timeout)
   w System.ServiceModel.Channels.RequestChannel.Request(Message message, TimeSpan timeout)
   w System.ServiceModel.Dispatcher.RequestChannelBinder.Request(Message message, TimeSpan timeout)
   w System.ServiceModel.Channels.ServiceChannel.Call(String action, Boolean oneway, ProxyOperationRuntime operation, Object[] ins, Object[] outs, TimeSpan timeout)
   w System.ServiceModel.Channels.ServiceChannelProxy.InvokeService(IMethodCallMessage methodCall, ProxyOperationRuntime operation)
   w System.ServiceModel.Channels.ServiceChannelProxy.Invoke(IMessage message)

Exception rethrown at [0]: 
   w System.Runtime.Remoting.Proxies.RealProxy.HandleReturnMessage(IMessage reqMsg, IMessage retMsg)
   w System.Runtime.Remoting.Proxies.RealProxy.PrivateInvoke(MessageData& msgData, Int32 type)
   w DataLayer.HPDataService.IDataService4HP.CheckIssuesPresenceOnBpm(User user, BillingDTHIssueWFS[] issues)
   w DataLayer.Implementation.GatewayDaoWFS.CheckIssuesPresenceOnBpm(List`1 issues) w C:\CP\ParserGit\JiraParser\DataLayer\Implementation\GatewayDaoWFS.cs:wiersz 121
   w LogicLayer.Implementation.ParserEngineWFS.compareBillingWithWFS(List`1 issues) w C:\CP\ParserGit\JiraParser\Logic\Implementation\ParserEngineWFS.cs:wiersz 124
   w GUI.MainForm.addIssueToTreeNode(String issueNumber, List`1 issue, String treeViewName) w C:\CP\ParserGit\JiraParser\GUI\MainForm.cs:wiersz 6245
   w GUI.MainForm.slaAutoStep(DataGridViewRow tmpRow, String issueNumber) w C:\CP\ParserGit\JiraParser\GUI\SlaService.cs:wiersz 596

--- Main exception: Source ---
mscorlib

czwartek, 28 marca 2019 15:01:58

--- Main exception: Message ---
Obiektu komunikacyjnego System.ServiceModel.Channels.ReliableRequestSessionChannel nie można używać do komunikacji, ponieważ jest w stanie Faulted.

--- Main exception: StackTrace ---

Server stack trace: 
   w System.ServiceModel.Channels.TransmissionStrategy.WaitQueueAdder.Wait(TimeSpan timeout)
   w System.ServiceModel.Channels.TransmissionStrategy.InternalAdd(Message message, Boolean isLast, TimeSpan timeout, Object state, MessageAttemptInfo& attemptInfo)
   w System.ServiceModel.Channels.ReliableOutputConnection.InternalAddMessage(Message message, TimeSpan timeout, Object state, Boolean isLast)
   w System.ServiceModel.Channels.ReliableRequestSessionChannel.SyncRequest.SendRequest(Message message, TimeSpan timeout)
   w System.ServiceModel.Channels.RequestChannel.Request(Message message, TimeSpan timeout)
   w System.ServiceModel.Dispatcher.RequestChannelBinder.Request(Message message, TimeSpan timeout)
   w System.ServiceModel.Channels.ServiceChannel.Call(String action, Boolean oneway, ProxyOperationRuntime operation, Object[] ins, Object[] outs, TimeSpan timeout)
   w System.ServiceModel.Channels.ServiceChannelProxy.InvokeService(IMethodCallMessage methodCall, ProxyOperationRuntime operation)
   w System.ServiceModel.Channels.ServiceChannelProxy.Invoke(IMessage message)

Exception rethrown at [0]: 
   w System.Runtime.Remoting.Proxies.RealProxy.HandleReturnMessage(IMessage reqMsg, IMessage retMsg)
   w System.Runtime.Remoting.Proxies.RealProxy.PrivateInvoke(MessageData& msgData, Int32 type)
   w DataLayer.HPDataService.IDataService4HP.GetBillingBoundEventParamForIssue(User user, Int32 issueId, Int32[] eventParamId)
   w DataLayer.Implementation.GatewayDaoWFS.GetBillingBoundEventParamForIssue(Int32 issueId, Int32[] eventParamId) w C:\CP\ParserGit\JiraParser\DataLayer\Implementation\GatewayDaoWFS.cs:wiersz 226
   w LogicLayer.Implementation.ParserEngineWFS.GetBillingBoundEventParamForIssue(Int32 issueId, Int32[] eventsParamId) w C:\CP\ParserGit\JiraParser\Logic\Implementation\ParserEngineWFS.cs:wiersz 215
   w LogicLayer.Implementation.ParserEngineWFS.UpdateIssue(BillingIssueDtoHelios issue) w C:\CP\ParserGit\JiraParser\Logic\Implementation\ParserEngineWFS.cs:wiersz 363
   w GUI.MainForm.addIssueToTreeNode(String issueNumber, List`1 issue, String treeViewName) w C:\CP\ParserGit\JiraParser\GUI\MainForm.cs:wiersz 6247
   w GUI.MainForm.slaAutoStep(DataGridViewRow tmpRow, String issueNumber) w C:\CP\ParserGit\JiraParser\GUI\SlaService.cs:wiersz 596

--- Main exception: Source ---
mscorlib

czwartek, 28 marca 2019 15:01:58

--- Main exception: Message ---
Obiektu komunikacyjnego System.ServiceModel.Channels.ReliableRequestSessionChannel nie można używać do komunikacji, ponieważ jest w stanie Faulted.

--- Main exception: StackTrace ---

Server stack trace: 
   w System.ServiceModel.Channels.ReliableRequestSessionChannel.SyncRequest.WaitForReply(TimeSpan timeout)
   w System.ServiceModel.Channels.RequestChannel.Request(Message message, TimeSpan timeout)
   w System.ServiceModel.Dispatcher.RequestChannelBinder.Request(Message message, TimeSpan timeout)
   w System.ServiceModel.Channels.ServiceChannel.Call(String action, Boolean oneway, ProxyOperationRuntime operation, Object[] ins, Object[] outs, TimeSpan timeout)
   w System.ServiceModel.Channels.ServiceChannelProxy.InvokeService(IMethodCallMessage methodCall, ProxyOperationRuntime operation)
   w System.ServiceModel.Channels.ServiceChannelProxy.Invoke(IMessage message)

Exception rethrown at [0]: 
   w System.Runtime.Remoting.Proxies.RealProxy.HandleReturnMessage(IMessage reqMsg, IMessage retMsg)
   w System.Runtime.Remoting.Proxies.RealProxy.PrivateInvoke(MessageData& msgData, Int32 type)
   w DataLayer.HPDataService.IDataService4HP.CheckIssuesPresenceOnBpm(User user, BillingDTHIssueWFS[] issues)
   w DataLayer.Implementation.GatewayDaoWFS.CheckIssuesPresenceOnBpm(List`1 issues) w C:\CP\ParserGit\JiraParser\DataLayer\Implementation\GatewayDaoWFS.cs:wiersz 121
   w LogicLayer.Implementation.ParserEngineWFS.compareBillingWithWFS(List`1 issues) w C:\CP\ParserGit\JiraParser\Logic\Implementation\ParserEngineWFS.cs:wiersz 124
   w GUI.MainForm.addIssueToTreeNode(String issueNumber, List`1 issue, String treeViewName) w C:\CP\ParserGit\JiraParser\GUI\MainForm.cs:wiersz 6245
   w GUI.MainForm.slaAutoStep(DataGridViewRow tmpRow, String issueNumber) w C:\CP\ParserGit\JiraParser\GUI\SlaService.cs:wiersz 596

--- Main exception: Source ---
mscorlib

czwartek, 28 marca 2019 15:01:58

--- Main exception: Message ---
Kanał żądania przekroczył limit czasu, próbując wysłać po 00:00:23.4144970. Zwiększ wartość limitu czasu podawaną do wywołania elementu Request lub zwiększ wartość właściwości SendTimeout w powiązaniu. Czas przeznaczony na tę operację może być częścią większego limitu czasu.

--- Inner exception 1: Message ---
Operacja żądania nie zakończyła się w ciągu przydzielonego limitu czasu 00:02:00. Czas przydzielony na tę operację mógł być częścią dłuższego limitu czasu.

--- Inner exception 1: StackTrace ---
   w System.ServiceModel.Channels.ReliableRequestSessionChannel.SyncRequest.WaitForReply(TimeSpan timeout)
   w System.ServiceModel.Channels.RequestChannel.Request(Message message, TimeSpan timeout)

--- Inner exception 1: Source ---
System.ServiceModel

--- Main exception: StackTrace ---

Server stack trace: 
   w System.ServiceModel.Channels.RequestChannel.Request(Message message, TimeSpan timeout)
   w System.ServiceModel.Dispatcher.RequestChannelBinder.Request(Message message, TimeSpan timeout)
   w System.ServiceModel.Channels.ServiceChannel.Call(String action, Boolean oneway, ProxyOperationRuntime operation, Object[] ins, Object[] outs, TimeSpan timeout)
   w System.ServiceModel.Channels.ServiceChannelProxy.InvokeService(IMethodCallMessage methodCall, ProxyOperationRuntime operation)
   w System.ServiceModel.Channels.ServiceChannelProxy.Invoke(IMessage message)

Exception rethrown at [0]: 
   w System.Runtime.Remoting.Proxies.RealProxy.HandleReturnMessage(IMessage reqMsg, IMessage retMsg)
   w System.Runtime.Remoting.Proxies.RealProxy.PrivateInvoke(MessageData& msgData, Int32 type)
   w DataLayer.HPDataService.IDataService4HP.CheckIssuesPresenceOnBpm(User user, BillingDTHIssueWFS[] issues)
   w DataLayer.Implementation.GatewayDaoWFS.CheckIssuesPresenceOnBpm(List`1 issues) w C:\CP\ParserGit\JiraParser\DataLayer\Implementation\GatewayDaoWFS.cs:wiersz 121
   w LogicLayer.Implementation.ParserEngineWFS.compareBillingWithWFS(List`1 issues) w C:\CP\ParserGit\JiraParser\Logic\Implementation\ParserEngineWFS.cs:wiersz 124
   w GUI.MainForm.addIssueToTreeNode(String issueNumber, List`1 issue, String treeViewName) w C:\CP\ParserGit\JiraParser\GUI\MainForm.cs:wiersz 6245
   w GUI.MainForm.slaAutoStep(DataGridViewRow tmpRow, String issueNumber) w C:\CP\ParserGit\JiraParser\GUI\SlaService.cs:wiersz 596

--- Main exception: Source ---
mscorlib

czwartek, 28 marca 2019 15:01:58

--- Main exception: Message ---
Obiektu komunikacyjnego System.ServiceModel.Channels.ReliableRequestSessionChannel nie można używać do komunikacji, ponieważ jest w stanie Faulted.

--- Main exception: StackTrace ---

Server stack trace: 
   w System.ServiceModel.Channels.TransmissionStrategy.WaitQueueAdder.Wait(TimeSpan timeout)
   w System.ServiceModel.Channels.TransmissionStrategy.InternalAdd(Message message, Boolean isLast, TimeSpan timeout, Object state, MessageAttemptInfo& attemptInfo)
   w System.ServiceModel.Channels.ReliableOutputConnection.InternalAddMessage(Message message, TimeSpan timeout, Object state, Boolean isLast)
   w System.ServiceModel.Channels.ReliableRequestSessionChannel.SyncRequest.SendRequest(Message message, TimeSpan timeout)
   w System.ServiceModel.Channels.RequestChannel.Request(Message message, TimeSpan timeout)
   w System.ServiceModel.Dispatcher.RequestChannelBinder.Request(Message message, TimeSpan timeout)
   w System.ServiceModel.Channels.ServiceChannel.Call(String action, Boolean oneway, ProxyOperationRuntime operation, Object[] ins, Object[] outs, TimeSpan timeout)
   w System.ServiceModel.Channels.ServiceChannelProxy.InvokeService(IMethodCallMessage methodCall, ProxyOperationRuntime operation)
   w System.ServiceModel.Channels.ServiceChannelProxy.Invoke(IMessage message)

Exception rethrown at [0]: 
   w System.Runtime.Remoting.Proxies.RealProxy.HandleReturnMessage(IMessage reqMsg, IMessage retMsg)
   w System.Runtime.Remoting.Proxies.RealProxy.PrivateInvoke(MessageData& msgData, Int32 type)
   w DataLayer.HPDataService.IDataService4HP.GetBillingBoundEventParamForIssue(User user, Int32 issueId, Int32[] eventParamId)
   w DataLayer.Implementation.GatewayDaoWFS.GetBillingBoundEventParamForIssue(Int32 issueId, Int32[] eventParamId) w C:\CP\ParserGit\JiraParser\DataLayer\Implementation\GatewayDaoWFS.cs:wiersz 226
   w LogicLayer.Implementation.ParserEngineWFS.GetBillingBoundEventParamForIssue(Int32 issueId, Int32[] eventsParamId) w C:\CP\ParserGit\JiraParser\Logic\Implementation\ParserEngineWFS.cs:wiersz 215
   w LogicLayer.Implementation.ParserEngineWFS.UpdateIssue(BillingIssueDtoHelios issue) w C:\CP\ParserGit\JiraParser\Logic\Implementation\ParserEngineWFS.cs:wiersz 363
   w GUI.MainForm.addIssueToTreeNode(String issueNumber, List`1 issue, String treeViewName) w C:\CP\ParserGit\JiraParser\GUI\MainForm.cs:wiersz 6247
   w GUI.MainForm.slaAutoStep(DataGridViewRow tmpRow, String issueNumber) w C:\CP\ParserGit\JiraParser\GUI\SlaService.cs:wiersz 596

--- Main exception: Source ---
mscorlib

czwartek, 28 marca 2019 15:01:59

--- Main exception: Message ---
Obiektu komunikacyjnego System.ServiceModel.Channels.ReliableRequestSessionChannel nie można używać do komunikacji, ponieważ jest w stanie Faulted.

--- Main exception: StackTrace ---

Server stack trace: 
   w System.ServiceModel.Channels.TransmissionStrategy.WaitQueueAdder.Wait(TimeSpan timeout)
   w System.ServiceModel.Channels.TransmissionStrategy.InternalAdd(Message message, Boolean isLast, TimeSpan timeout, Object state, MessageAttemptInfo& attemptInfo)
   w System.ServiceModel.Channels.ReliableOutputConnection.InternalAddMessage(Message message, TimeSpan timeout, Object state, Boolean isLast)
   w System.ServiceModel.Channels.ReliableRequestSessionChannel.SyncRequest.SendRequest(Message message, TimeSpan timeout)
   w System.ServiceModel.Channels.RequestChannel.Request(Message message, TimeSpan timeout)
   w System.ServiceModel.Dispatcher.RequestChannelBinder.Request(Message message, TimeSpan timeout)
   w System.ServiceModel.Channels.ServiceChannel.Call(String action, Boolean oneway, ProxyOperationRuntime operation, Object[] ins, Object[] outs, TimeSpan timeout)
   w System.ServiceModel.Channels.ServiceChannelProxy.InvokeService(IMethodCallMessage methodCall, ProxyOperationRuntime operation)
   w System.ServiceModel.Channels.ServiceChannelProxy.Invoke(IMessage message)

Exception rethrown at [0]: 
   w System.Runtime.Remoting.Proxies.RealProxy.HandleReturnMessage(IMessage reqMsg, IMessage retMsg)
   w System.Runtime.Remoting.Proxies.RealProxy.PrivateInvoke(MessageData& msgData, Int32 type)
   w DataLayer.HPDataService.IDataService4HP.CheckIssuesPresenceOnBpm(User user, BillingDTHIssueWFS[] issues)
   w DataLayer.Implementation.GatewayDaoWFS.CheckIssuesPresenceOnBpm(List`1 issues) w C:\CP\ParserGit\JiraParser\DataLayer\Implementation\GatewayDaoWFS.cs:wiersz 121
   w LogicLayer.Implementation.ParserEngineWFS.compareBillingWithWFS(List`1 issues) w C:\CP\ParserGit\JiraParser\Logic\Implementation\ParserEngineWFS.cs:wiersz 124
   w GUI.MainForm.addIssueToTreeNode(String issueNumber, List`1 issue, String treeViewName) w C:\CP\ParserGit\JiraParser\GUI\MainForm.cs:wiersz 6245
   w GUI.MainForm.slaAutoStep(DataGridViewRow tmpRow, String issueNumber) w C:\CP\ParserGit\JiraParser\GUI\SlaService.cs:wiersz 596

--- Main exception: Source ---
mscorlib

czwartek, 28 marca 2019 15:01:59

--- Main exception: Message ---
Obiektu komunikacyjnego System.ServiceModel.Channels.ReliableRequestSessionChannel nie można używać do komunikacji, ponieważ jest w stanie Faulted.

--- Main exception: StackTrace ---

Server stack trace: 
   w System.ServiceModel.Channels.TransmissionStrategy.WaitQueueAdder.Wait(TimeSpan timeout)
   w System.ServiceModel.Channels.TransmissionStrategy.InternalAdd(Message message, Boolean isLast, TimeSpan timeout, Object state, MessageAttemptInfo& attemptInfo)
   w System.ServiceModel.Channels.ReliableOutputConnection.InternalAddMessage(Message message, TimeSpan timeout, Object state, Boolean isLast)
   w System.ServiceModel.Channels.ReliableRequestSessionChannel.SyncRequest.SendRequest(Message message, TimeSpan timeout)
   w System.ServiceModel.Channels.RequestChannel.Request(Message message, TimeSpan timeout)
   w System.ServiceModel.Dispatcher.RequestChannelBinder.Request(Message message, TimeSpan timeout)
   w System.ServiceModel.Channels.ServiceChannel.Call(String action, Boolean oneway, ProxyOperationRuntime operation, Object[] ins, Object[] outs, TimeSpan timeout)
   w System.ServiceModel.Channels.ServiceChannelProxy.InvokeService(IMethodCallMessage methodCall, ProxyOperationRuntime operation)
   w System.ServiceModel.Channels.ServiceChannelProxy.Invoke(IMessage message)

Exception rethrown at [0]: 
   w System.Runtime.Remoting.Proxies.RealProxy.HandleReturnMessage(IMessage reqMsg, IMessage retMsg)
   w System.Runtime.Remoting.Proxies.RealProxy.PrivateInvoke(MessageData& msgData, Int32 type)
   w DataLayer.HPDataService.IDataService4HP.CheckIssuesPresenceOnBpm(User user, BillingDTHIssueWFS[] issues)
   w DataLayer.Implementation.GatewayDaoWFS.CheckIssuesPresenceOnBpm(List`1 issues) w C:\CP\ParserGit\JiraParser\DataLayer\Implementation\GatewayDaoWFS.cs:wiersz 121
   w LogicLayer.Implementation.ParserEngineWFS.compareBillingWithWFS(List`1 issues) w C:\CP\ParserGit\JiraParser\Logic\Implementation\ParserEngineWFS.cs:wiersz 124
   w GUI.MainForm.addIssueToTreeNode(String issueNumber, List`1 issue, String treeViewName) w C:\CP\ParserGit\JiraParser\GUI\MainForm.cs:wiersz 6245
   w GUI.MainForm.slaAutoStep(DataGridViewRow tmpRow, String issueNumber) w C:\CP\ParserGit\JiraParser\GUI\SlaService.cs:wiersz 596

--- Main exception: Source ---
mscorlib

czwartek, 28 marca 2019 15:01:59

--- Main exception: Message ---
Obiektu komunikacyjnego System.ServiceModel.Channels.ReliableRequestSessionChannel nie można używać do komunikacji, ponieważ jest w stanie Faulted.

--- Main exception: StackTrace ---

Server stack trace: 
   w System.ServiceModel.Channels.TransmissionStrategy.WaitQueueAdder.Wait(TimeSpan timeout)
   w System.ServiceModel.Channels.TransmissionStrategy.InternalAdd(Message message, Boolean isLast, TimeSpan timeout, Object state, MessageAttemptInfo& attemptInfo)
   w System.ServiceModel.Channels.ReliableOutputConnection.InternalAddMessage(Message message, TimeSpan timeout, Object state, Boolean isLast)
   w System.ServiceModel.Channels.ReliableRequestSessionChannel.SyncRequest.SendRequest(Message message, TimeSpan timeout)
   w System.ServiceModel.Channels.RequestChannel.Request(Message message, TimeSpan timeout)
   w System.ServiceModel.Dispatcher.RequestChannelBinder.Request(Message message, TimeSpan timeout)
   w System.ServiceModel.Channels.ServiceChannel.Call(String action, Boolean oneway, ProxyOperationRuntime operation, Object[] ins, Object[] outs, TimeSpan timeout)
   w System.ServiceModel.Channels.ServiceChannelProxy.InvokeService(IMethodCallMessage methodCall, ProxyOperationRuntime operation)
   w System.ServiceModel.Channels.ServiceChannelProxy.Invoke(IMessage message)

Exception rethrown at [0]: 
   w System.Runtime.Remoting.Proxies.RealProxy.HandleReturnMessage(IMessage reqMsg, IMessage retMsg)
   w System.Runtime.Remoting.Proxies.RealProxy.PrivateInvoke(MessageData& msgData, Int32 type)
   w DataLayer.HPDataService.IDataService4HP.CheckIssuesPresenceOnBpm(User user, BillingDTHIssueWFS[] issues)
   w DataLayer.Implementation.GatewayDaoWFS.CheckIssuesPresenceOnBpm(List`1 issues) w C:\CP\ParserGit\JiraParser\DataLayer\Implementation\GatewayDaoWFS.cs:wiersz 121
   w LogicLayer.Implementation.ParserEngineWFS.compareBillingWithWFS(List`1 issues) w C:\CP\ParserGit\JiraParser\Logic\Implementation\ParserEngineWFS.cs:wiersz 124
   w GUI.MainForm.addIssueToTreeNode(String issueNumber, List`1 issue, String treeViewName) w C:\CP\ParserGit\JiraParser\GUI\MainForm.cs:wiersz 6245
   w GUI.MainForm.slaAutoStep(DataGridViewRow tmpRow, String issueNumber) w C:\CP\ParserGit\JiraParser\GUI\SlaService.cs:wiersz 596

--- Main exception: Source ---
mscorlib

czwartek, 28 marca 2019 15:01:59

--- Main exception: Message ---
Obiektu komunikacyjnego System.ServiceModel.Channels.ReliableRequestSessionChannel nie można używać do komunikacji, ponieważ jest w stanie Faulted.

--- Main exception: StackTrace ---

Server stack trace: 
   w System.ServiceModel.Channels.TransmissionStrategy.WaitQueueAdder.Wait(TimeSpan timeout)
   w System.ServiceModel.Channels.TransmissionStrategy.InternalAdd(Message message, Boolean isLast, TimeSpan timeout, Object state, MessageAttemptInfo& attemptInfo)
   w System.ServiceModel.Channels.ReliableOutputConnection.InternalAddMessage(Message message, TimeSpan timeout, Object state, Boolean isLast)
   w System.ServiceModel.Channels.ReliableRequestSessionChannel.SyncRequest.SendRequest(Message message, TimeSpan timeout)
   w System.ServiceModel.Channels.RequestChannel.Request(Message message, TimeSpan timeout)
   w System.ServiceModel.Dispatcher.RequestChannelBinder.Request(Message message, TimeSpan timeout)
   w System.ServiceModel.Channels.ServiceChannel.Call(String action, Boolean oneway, ProxyOperationRuntime operation, Object[] ins, Object[] outs, TimeSpan timeout)
   w System.ServiceModel.Channels.ServiceChannelProxy.InvokeService(IMethodCallMessage methodCall, ProxyOperationRuntime operation)
   w System.ServiceModel.Channels.ServiceChannelProxy.Invoke(IMessage message)

Exception rethrown at [0]: 
   w System.Runtime.Remoting.Proxies.RealProxy.HandleReturnMessage(IMessage reqMsg, IMessage retMsg)
   w System.Runtime.Remoting.Proxies.RealProxy.PrivateInvoke(MessageData& msgData, Int32 type)
   w DataLayer.HPDataService.IDataService4HP.CheckIssuesPresenceOnBpm(User user, BillingDTHIssueWFS[] issues)
   w DataLayer.Implementation.GatewayDaoWFS.CheckIssuesPresenceOnBpm(List`1 issues) w C:\CP\ParserGit\JiraParser\DataLayer\Implementation\GatewayDaoWFS.cs:wiersz 121
   w LogicLayer.Implementation.ParserEngineWFS.compareBillingWithWFS(List`1 issues) w C:\CP\ParserGit\JiraParser\Logic\Implementation\ParserEngineWFS.cs:wiersz 124
   w GUI.MainForm.addIssueToTreeNode(String issueNumber, List`1 issue, String treeViewName) w C:\CP\ParserGit\JiraParser\GUI\MainForm.cs:wiersz 6245
   w GUI.MainForm.slaAutoStep(DataGridViewRow tmpRow, String issueNumber) w C:\CP\ParserGit\JiraParser\GUI\SlaService.cs:wiersz 596

--- Main exception: Source ---
mscorlib

czwartek, 28 marca 2019 15:01:59

--- Main exception: Message ---
Obiektu komunikacyjnego System.ServiceModel.Channels.ReliableRequestSessionChannel nie można używać do komunikacji, ponieważ jest w stanie Faulted.

--- Main exception: StackTrace ---

Server stack trace: 
   w System.ServiceModel.Channels.TransmissionStrategy.WaitQueueAdder.Wait(TimeSpan timeout)
   w System.ServiceModel.Channels.TransmissionStrategy.InternalAdd(Message message, Boolean isLast, TimeSpan timeout, Object state, MessageAttemptInfo& attemptInfo)
   w System.ServiceModel.Channels.ReliableOutputConnection.InternalAddMessage(Message message, TimeSpan timeout, Object state, Boolean isLast)
   w System.ServiceModel.Channels.ReliableRequestSessionChannel.SyncRequest.SendRequest(Message message, TimeSpan timeout)
   w System.ServiceModel.Channels.RequestChannel.Request(Message message, TimeSpan timeout)
   w System.ServiceModel.Dispatcher.RequestChannelBinder.Request(Message message, TimeSpan timeout)
   w System.ServiceModel.Channels.ServiceChannel.Call(String action, Boolean oneway, ProxyOperationRuntime operation, Object[] ins, Object[] outs, TimeSpan timeout)
   w System.ServiceModel.Channels.ServiceChannelProxy.InvokeService(IMethodCallMessage methodCall, ProxyOperationRuntime operation)
   w System.ServiceModel.Channels.ServiceChannelProxy.Invoke(IMessage message)

Exception rethrown at [0]: 
   w System.Runtime.Remoting.Proxies.RealProxy.HandleReturnMessage(IMessage reqMsg, IMessage retMsg)
   w System.Runtime.Remoting.Proxies.RealProxy.PrivateInvoke(MessageData& msgData, Int32 type)
   w DataLayer.HPDataService.IDataService4HP.GetBillingBoundEventParamForIssue(User user, Int32 issueId, Int32[] eventParamId)
   w DataLayer.Implementation.GatewayDaoWFS.GetBillingBoundEventParamForIssue(Int32 issueId, Int32[] eventParamId) w C:\CP\ParserGit\JiraParser\DataLayer\Implementation\GatewayDaoWFS.cs:wiersz 226
   w LogicLayer.Implementation.ParserEngineWFS.GetBillingBoundEventParamForIssue(Int32 issueId, Int32[] eventsParamId) w C:\CP\ParserGit\JiraParser\Logic\Implementation\ParserEngineWFS.cs:wiersz 215
   w LogicLayer.Implementation.ParserEngineWFS.UpdateIssue(BillingIssueDtoHelios issue) w C:\CP\ParserGit\JiraParser\Logic\Implementation\ParserEngineWFS.cs:wiersz 363
   w GUI.MainForm.addIssueToTreeNode(String issueNumber, List`1 issue, String treeViewName) w C:\CP\ParserGit\JiraParser\GUI\MainForm.cs:wiersz 6247
   w GUI.MainForm.slaAutoStep(DataGridViewRow tmpRow, String issueNumber) w C:\CP\ParserGit\JiraParser\GUI\SlaService.cs:wiersz 596

--- Main exception: Source ---
mscorlib

czwartek, 28 marca 2019 15:01:59

--- Main exception: Message ---
Obiektu komunikacyjnego System.ServiceModel.Channels.ReliableRequestSessionChannel nie można używać do komunikacji, ponieważ jest w stanie Faulted.

--- Main exception: StackTrace ---

Server stack trace: 
   w System.ServiceModel.Channels.TransmissionStrategy.WaitQueueAdder.Wait(TimeSpan timeout)
   w System.ServiceModel.Channels.TransmissionStrategy.InternalAdd(Message message, Boolean isLast, TimeSpan timeout, Object state, MessageAttemptInfo& attemptInfo)
   w System.ServiceModel.Channels.ReliableOutputConnection.InternalAddMessage(Message message, TimeSpan timeout, Object state, Boolean isLast)
   w System.ServiceModel.Channels.ReliableRequestSessionChannel.SyncRequest.SendRequest(Message message, TimeSpan timeout)
   w System.ServiceModel.Channels.RequestChannel.Request(Message message, TimeSpan timeout)
   w System.ServiceModel.Dispatcher.RequestChannelBinder.Request(Message message, TimeSpan timeout)
   w System.ServiceModel.Channels.ServiceChannel.Call(String action, Boolean oneway, ProxyOperationRuntime operation, Object[] ins, Object[] outs, TimeSpan timeout)
   w System.ServiceModel.Channels.ServiceChannelProxy.InvokeService(IMethodCallMessage methodCall, ProxyOperationRuntime operation)
   w System.ServiceModel.Channels.ServiceChannelProxy.Invoke(IMessage message)

Exception rethrown at [0]: 
   w System.Runtime.Remoting.Proxies.RealProxy.HandleReturnMessage(IMessage reqMsg, IMessage retMsg)
   w System.Runtime.Remoting.Proxies.RealProxy.PrivateInvoke(MessageData& msgData, Int32 type)
   w DataLayer.HPDataService.IDataService4HP.GetBillingBoundEventParamForIssue(User user, Int32 issueId, Int32[] eventParamId)
   w DataLayer.Implementation.GatewayDaoWFS.GetBillingBoundEventParamForIssue(Int32 issueId, Int32[] eventParamId) w C:\CP\ParserGit\JiraParser\DataLayer\Implementation\GatewayDaoWFS.cs:wiersz 226
   w LogicLayer.Implementation.ParserEngineWFS.GetBillingBoundEventParamForIssue(Int32 issueId, Int32[] eventsParamId) w C:\CP\ParserGit\JiraParser\Logic\Implementation\ParserEngineWFS.cs:wiersz 215
   w LogicLayer.Implementation.ParserEngineWFS.UpdateIssue(BillingIssueDtoHelios issue) w C:\CP\ParserGit\JiraParser\Logic\Implementation\ParserEngineWFS.cs:wiersz 363
   w GUI.MainForm.addIssueToTreeNode(String issueNumber, List`1 issue, String treeViewName) w C:\CP\ParserGit\JiraParser\GUI\MainForm.cs:wiersz 6247
   w GUI.MainForm.slaAutoStep(DataGridViewRow tmpRow, String issueNumber) w C:\CP\ParserGit\JiraParser\GUI\SlaService.cs:wiersz 596

--- Main exception: Source ---
mscorlib

