piątek, 22 marca 2019 08:13:09

Zgłoszenie CRM-75561 dodano automatycznie o godzinie 2019-03-22 08:13:09!
piątek, 22 marca 2019 08:13:09

Modyfikacja treeItem checkAsAssignepiątek, 22 marca 2019 08:13:16

addCommentJira string jiraKey CRM-75561piątek, 22 marca 2019 08:13:16

addCommentJira object sender, DoWorkEventArgs e CRM-75561piątek, 22 marca 2019 08:55:08

Zgłoszenie INFOLINIA-6594 dodano automatycznie o godzinie 2019-03-22 08:55:08!
piątek, 22 marca 2019 08:55:08

Modyfikacja treeItem checkAsAssignepiątek, 22 marca 2019 09:43:06

Zgłoszenie ZCC-18402 dodano automatycznie o godzinie 2019-03-22 09:43:06!
piątek, 22 marca 2019 09:43:06

Modyfikacja treeItem checkAsAssignepiątek, 22 marca 2019 10:07:06

Zgłoszenie ZCC-18403 dodano automatycznie o godzinie 2019-03-22 10:07:06!
piątek, 22 marca 2019 10:07:07

Modyfikacja treeItem checkAsAssignepiątek, 22 marca 2019 10:07:13

addCommentJira string jiraKey ZCC-18403piątek, 22 marca 2019 10:07:13

addCommentJira object sender, DoWorkEventArgs e ZCC-18403piątek, 22 marca 2019 10:25:03

Zgłoszenie INFOLINIA-6595 dodano automatycznie o godzinie 2019-03-22 10:25:03!
piątek, 22 marca 2019 10:25:03

Modyfikacja treeItem checkAsAssignepiątek, 22 marca 2019 10:25:10

addCommentJira string jiraKey INFOLINIA-6595piątek, 22 marca 2019 10:25:10

addCommentJira object sender, DoWorkEventArgs e INFOLINIA-6595piątek, 22 marca 2019 12:07:10

Zgłoszenie CRM-75562 dodano automatycznie o godzinie 2019-03-22 12:07:10!
piątek, 22 marca 2019 12:07:10

Modyfikacja treeItem checkAsAssignepiątek, 22 marca 2019 12:07:16

Zgłoszenie INFOLINIA-6597 dodano automatycznie o godzinie 2019-03-22 12:07:16!
piątek, 22 marca 2019 12:07:16

Modyfikacja treeItem checkAsAssignepiątek, 22 marca 2019 12:07:17

addCommentJira string jiraKey CRM-75562piątek, 22 marca 2019 12:07:17

addCommentJira object sender, DoWorkEventArgs e CRM-75562piątek, 22 marca 2019 12:07:19

addCommentJira string jiraKey INFOLINIA-6597piątek, 22 marca 2019 12:07:20

addCommentJira object sender, DoWorkEventArgs e INFOLINIA-6597piątek, 22 marca 2019 12:07:24

Zgłoszenie INFOLINIA-6598 dodano automatycznie o godzinie 2019-03-22 12:07:24!
piątek, 22 marca 2019 12:07:24

Modyfikacja treeItem checkAsAssignepiątek, 22 marca 2019 12:07:27

addCommentJira string jiraKey INFOLINIA-6598piątek, 22 marca 2019 12:07:27

addCommentJira object sender, DoWorkEventArgs e INFOLINIA-6598piątek, 22 marca 2019 12:07:31

Zgłoszenie ZCC-18404 dodano automatycznie o godzinie 2019-03-22 12:07:31!
piątek, 22 marca 2019 12:07:31

Modyfikacja treeItem checkAsAssignepiątek, 22 marca 2019 12:07:34

addCommentJira string jiraKey ZCC-18404piątek, 22 marca 2019 12:07:34

addCommentJira object sender, DoWorkEventArgs e ZCC-18404piątek, 22 marca 2019 12:25:05

Zgłoszenie ZCC-18405 dodano automatycznie o godzinie 2019-03-22 12:25:05!
piątek, 22 marca 2019 12:25:06

Modyfikacja treeItem checkAsAssignepiątek, 22 marca 2019 12:25:15

addCommentJira string jiraKey ZCC-18405piątek, 22 marca 2019 12:25:15

addCommentJira object sender, DoWorkEventArgs e ZCC-18405piątek, 22 marca 2019 12:43:08

Zgłoszenie ZCC-18407 dodano automatycznie o godzinie 2019-03-22 12:43:08!
piątek, 22 marca 2019 12:43:08

Modyfikacja treeItem checkAsAssignepiątek, 22 marca 2019 12:43:16

addCommentJira string jiraKey ZCC-18407piątek, 22 marca 2019 12:43:16

addCommentJira object sender, DoWorkEventArgs e ZCC-18407piątek, 22 marca 2019 12:55:06

Zgłoszenie KKK-4129 dodano automatycznie o godzinie 2019-03-22 12:55:06!
piątek, 22 marca 2019 12:55:06

Modyfikacja treeItem checkAsAssignepiątek, 22 marca 2019 12:55:13

addCommentJira string jiraKey KKK-4129piątek, 22 marca 2019 12:55:13

addCommentJira object sender, DoWorkEventArgs e KKK-4129piątek, 22 marca 2019 13:19:04

Zgłoszenie CRM-75563 dodano automatycznie o godzinie 2019-03-22 13:19:04!
piątek, 22 marca 2019 13:19:04

Modyfikacja treeItem checkAsAssignepiątek, 22 marca 2019 13:19:12

addCommentJira string jiraKey CRM-75563piątek, 22 marca 2019 13:19:12

addCommentJira object sender, DoWorkEventArgs e CRM-75563piątek, 22 marca 2019 13:37:10

Zgłoszenie WIND-8215 dodano automatycznie o godzinie 2019-03-22 13:37:10!
piątek, 22 marca 2019 13:37:10

Modyfikacja treeItem checkAsAssignepiątek, 22 marca 2019 13:37:19

addCommentJira string jiraKey WIND-8215piątek, 22 marca 2019 13:37:19

addCommentJira object sender, DoWorkEventArgs e WIND-8215