środa, 16 stycznia 2019 07:47:08

addCommentJira string jiraKey WIND-7997środa, 16 stycznia 2019 07:47:08

addCommentJira object sender, DoWorkEventArgs e WIND-7997środa, 16 stycznia 2019 07:47:33

--- Main exception: Message ---
Bieżący wątek musi być ustawiony na tryb jednowątkowego apartamentu, aby można było wykonywać wywołania OLE. Upewnij się, że w funkcji Main jest zaznaczony element STAThreadAttribute.

--- Main exception: StackTrace ---
   w System.Windows.Forms.ComboBox.set_AutoCompleteMode(AutoCompleteMode value)
   w GUI.WFSModelerForm.AddComboBox(EventParamModeler ep, GroupBox group) w C:\CP\ParserGit\JiraParser\GUI\WFSModelerForm.cs:wiersz 549
   w GUI.WFSModelerForm.GenerateForm(GroupBox group, Int32 ParamGroupId) w C:\CP\ParserGit\JiraParser\GUI\WFSModelerForm.cs:wiersz 453
   w GUI.WFSModelerForm.GenerateForm(GroupBox group, Int32 ParamGroupId) w C:\CP\ParserGit\JiraParser\GUI\WFSModelerForm.cs:wiersz 460
   w GUI.WFSModelerForm.GenerateForm(GroupBox group, Int32 ParamGroupId) w C:\CP\ParserGit\JiraParser\GUI\WFSModelerForm.cs:wiersz 460
   w GUI.WFSModelerForm.GenerateForm(Boolean visible) w C:\CP\ParserGit\JiraParser\GUI\WFSModelerForm.cs:wiersz 412
   w GUI.WFSModelerForm..ctor(List`1 list, String name, BillingIssueDto issue, IParserEngineWFS gujaczWFS, Int32 eventMoveId, calbackDelegate callback, TreeView tr, Boolean quickStep, Object selectOption) w C:\CP\ParserGit\JiraParser\GUI\WFSModelerForm.cs:wiersz 308

--- Main exception: Source ---
System.Windows.Forms

środa, 16 stycznia 2019 07:47:35

addCommentJira string jiraKey ZCC-17863środa, 16 stycznia 2019 07:47:35

addCommentJira object sender, DoWorkEventArgs e ZCC-17863środa, 16 stycznia 2019 07:47:35

addCommentJira string jiraKey CRM-74919środa, 16 stycznia 2019 07:47:35

addCommentJira object sender, DoWorkEventArgs e CRM-74919środa, 16 stycznia 2019 07:47:36

addCommentJira string jiraKey ZCC-17862środa, 16 stycznia 2019 07:47:36

addCommentJira object sender, DoWorkEventArgs e ZCC-17862środa, 16 stycznia 2019 07:52:02

addCommentJira string jiraKey WIND-7997środa, 16 stycznia 2019 07:52:02

addCommentJira object sender, DoWorkEventArgs e WIND-7997środa, 16 stycznia 2019 07:52:26

addCommentJira string jiraKey CRM-74919środa, 16 stycznia 2019 07:52:26

addCommentJira object sender, DoWorkEventArgs e CRM-74919środa, 16 stycznia 2019 07:52:26

addCommentJira string jiraKey ZCC-17862środa, 16 stycznia 2019 07:52:26

addCommentJira object sender, DoWorkEventArgs e ZCC-17862środa, 16 stycznia 2019 07:52:28

addCommentJira string jiraKey ZCC-17863środa, 16 stycznia 2019 07:52:28

addCommentJira object sender, DoWorkEventArgs e ZCC-17863środa, 16 stycznia 2019 07:53:44

Automatyczny zapis nowego zgłoszenia Entities.BillingIssueDtoHelios [2019-01-16 07:53:44] 

środa, 16 stycznia 2019 07:53:44

Automatyczny zapis nowego zgłoszenia Entities.BillingIssueDtoHelios [2019-01-16 07:53:44] 

środa, 16 stycznia 2019 07:53:51

Automatyczny zapis poprawny Entities.BillingIssueDtoHelios [2019-01-16 07:53:51] 

środa, 16 stycznia 2019 07:53:53

Automatyczny zapis poprawny Entities.BillingIssueDtoHelios [2019-01-16 07:53:53] 

środa, 16 stycznia 2019 07:53:53

Modyfikacja treeItemśroda, 16 stycznia 2019 07:53:53

Modyfikacja treeItemśroda, 16 stycznia 2019 07:53:54

Status Auto: False 

środa, 16 stycznia 2019 07:53:54

Status Auto: False 

środa, 16 stycznia 2019 07:53:54

Automatyczny zapis nowego zgłoszenia Entities.BillingIssueDtoHelios [2019-01-16 07:53:54] 

środa, 16 stycznia 2019 07:53:54

Automatyczny zapis nowego zgłoszenia Entities.BillingIssueDtoHelios [2019-01-16 07:53:54] 

środa, 16 stycznia 2019 07:53:56

Automatyczny zapis poprawny Entities.BillingIssueDtoHelios [2019-01-16 07:53:56] 

środa, 16 stycznia 2019 07:53:56

Modyfikacja treeItemśroda, 16 stycznia 2019 07:53:56

Status Auto: False 

środa, 16 stycznia 2019 07:53:59

Automatyczny zapis poprawny Entities.BillingIssueDtoHelios [2019-01-16 07:53:59] 

środa, 16 stycznia 2019 07:53:59

--- Main exception: Message ---
Wartość '5' nie jest prawidłową wartością dla 'Value'. Wartość 'Value' powinna znajdować się w zakresie od 'minimum' do 'maximum'.
Nazwa parametru: Value

--- Main exception: StackTrace ---
   w System.Windows.Forms.ProgressBar.set_Value(Int32 value)
   w GUI.MainForm.<>c__DisplayClass151_0.<pb_UpdateProgressBar>b__0() w C:\CP\ParserGit\JiraParser\GUI\MainForm.cs:wiersz 5211

--- Main exception: Source ---
System.Windows.Forms

środa, 16 stycznia 2019 07:53:59

Modyfikacja treeItemśroda, 16 stycznia 2019 07:53:59

Status Auto: False 

środa, 16 stycznia 2019 07:54:08

addCommentJira string jiraKey ZCC-17862środa, 16 stycznia 2019 07:54:11

addCommentJira string jiraKey WIND-7997środa, 16 stycznia 2019 07:54:13

addCommentJira string jiraKey ZCC-17863środa, 16 stycznia 2019 07:54:15

addCommentJira string jiraKey CRM-74919środa, 16 stycznia 2019 08:06:55

Zgłoszenie CRM-74920 dodano automatycznie o godzinie 2019-01-16 08:06:55!
środa, 16 stycznia 2019 08:06:58

addCommentJira string jiraKey CRM-74920środa, 16 stycznia 2019 08:06:58

addCommentJira object sender, DoWorkEventArgs e CRM-74920środa, 16 stycznia 2019 08:07:00

Zgłoszenie ZCC-17864 dodano automatycznie o godzinie 2019-01-16 08:07:00!
środa, 16 stycznia 2019 08:07:21

addCommentJira string jiraKey ZCC-17864środa, 16 stycznia 2019 08:07:21

addCommentJira object sender, DoWorkEventArgs e ZCC-17864środa, 16 stycznia 2019 08:21:49

--- Main exception: Message ---
Nieprawidłowa operacja między wątkami: do formantu '' uzyskiwany jest dostęp z wątku innego niż wątek, w którym został utworzony.

--- Main exception: StackTrace ---
   w System.Windows.Forms.Control.get_Handle()
   w System.Windows.Forms.Control.SetBoundsCore(Int32 x, Int32 y, Int32 width, Int32 height, BoundsSpecified specified)
   w System.Windows.Forms.Control.System.Windows.Forms.Layout.IArrangedElement.SetBounds(Rectangle bounds, BoundsSpecified specified)
   w System.Windows.Forms.ToolStripControlHost.OnBoundsChanged()
   w System.Windows.Forms.ToolStripItem.SetBounds(Rectangle bounds)
   w System.Windows.Forms.ToolStripItem.System.Windows.Forms.Layout.IArrangedElement.SetBounds(Rectangle bounds, BoundsSpecified specified)
   w System.Windows.Forms.Layout.TableLayout.SetElementBounds(ContainerInfo containerInfo, RectangleF displayRectF)
   w System.Windows.Forms.Layout.TableLayout.LayoutCore(IArrangedElement container, LayoutEventArgs args)
   w System.Windows.Forms.Layout.LayoutEngine.Layout(Object container, LayoutEventArgs layoutEventArgs)
   w System.Windows.Forms.Control.OnLayout(LayoutEventArgs levent)
   w System.Windows.Forms.ToolStrip.OnLayout(LayoutEventArgs e)
   w System.Windows.Forms.StatusStrip.OnLayout(LayoutEventArgs levent)
   w System.Windows.Forms.Control.PerformLayout(LayoutEventArgs args)
   w System.Windows.Forms.ToolStripItem.InvalidateItemLayout(String affectedProperty, Boolean invalidatePainting)
   w System.Windows.Forms.ToolStripItem.OnTextChanged(EventArgs e)
   w System.Windows.Forms.ToolStripItem.set_Text(String value)
   w GUI.MainForm.slaReportLoad(Object sender, DoWorkEventArgs e) w C:\CP\ParserGit\JiraParser\GUI\SlaService.cs:wiersz 27

--- Main exception: Source ---
System.Windows.Forms

środa, 16 stycznia 2019 08:35:18

--- Main exception: Message ---
Nieprawidłowa operacja między wątkami: do formantu '' uzyskiwany jest dostęp z wątku innego niż wątek, w którym został utworzony.

--- Main exception: StackTrace ---
   w System.Windows.Forms.Control.get_Handle()
   w System.Windows.Forms.Control.SetBoundsCore(Int32 x, Int32 y, Int32 width, Int32 height, BoundsSpecified specified)
   w System.Windows.Forms.Control.System.Windows.Forms.Layout.IArrangedElement.SetBounds(Rectangle bounds, BoundsSpecified specified)
   w System.Windows.Forms.ToolStripControlHost.OnBoundsChanged()
   w System.Windows.Forms.ToolStripItem.SetBounds(Rectangle bounds)
   w System.Windows.Forms.ToolStripItem.System.Windows.Forms.Layout.IArrangedElement.SetBounds(Rectangle bounds, BoundsSpecified specified)
   w System.Windows.Forms.Layout.TableLayout.SetElementBounds(ContainerInfo containerInfo, RectangleF displayRectF)
   w System.Windows.Forms.Layout.TableLayout.LayoutCore(IArrangedElement container, LayoutEventArgs args)
   w System.Windows.Forms.Layout.LayoutEngine.Layout(Object container, LayoutEventArgs layoutEventArgs)
   w System.Windows.Forms.Control.OnLayout(LayoutEventArgs levent)
   w System.Windows.Forms.ToolStrip.OnLayout(LayoutEventArgs e)
   w System.Windows.Forms.StatusStrip.OnLayout(LayoutEventArgs levent)
   w System.Windows.Forms.Control.PerformLayout(LayoutEventArgs args)
   w System.Windows.Forms.ToolStripItem.InvalidateItemLayout(String affectedProperty, Boolean invalidatePainting)
   w System.Windows.Forms.ToolStripItem.OnTextChanged(EventArgs e)
   w System.Windows.Forms.ToolStripItem.set_Text(String value)
   w GUI.MainForm.slaReportLoad(Object sender, DoWorkEventArgs e)

--- Main exception: Source ---
System.Windows.Forms

środa, 16 stycznia 2019 08:44:59

--- Main exception: Message ---
Nie można rozpoznać nazwy zdalnej: 'jira'

--- Main exception: StackTrace ---
   w Atlassian.Jira.Remote.JiraRestClient.ExecuteRequest[T](Method method, String resource, Object requestBody) w c:\projects\atlassian-net-sdk\Atlassian.Jira\Remote\JiraRestClient.cs:wiersz 119
   w Atlassian.Jira.Remote.JiraRestClient.GetPriorities(String token) w c:\projects\atlassian-net-sdk\Atlassian.Jira\Remote\JiraRestClient.cs:wiersz 785
   w Atlassian.Jira.Jira.<GetIssuePriorities>b__24(String token) w c:\projects\atlassian-net-sdk\Atlassian.Jira\Jira.cs:wiersz 478
   w Atlassian.Jira.Jira.<>c__DisplayClass3c.<WithToken>b__3b(String t) w c:\projects\atlassian-net-sdk\Atlassian.Jira\Jira.cs:wiersz 658
   w Atlassian.Jira.Jira.WithToken[TResult](Func`3 function) w c:\projects\atlassian-net-sdk\Atlassian.Jira\Jira.cs:wiersz 706
   w Atlassian.Jira.Jira.GetIssuePriorities() w c:\projects\atlassian-net-sdk\Atlassian.Jira\Jira.cs:wiersz 482
   w GUI.MainForm.LoginJira()

--- Main exception: Source ---
Atlassian.Jira

środa, 16 stycznia 2019 09:06:29

Zgłoszenie ZCC-17865 dodano automatycznie o godzinie 2019-01-16 09:06:29!
środa, 16 stycznia 2019 09:06:32

addCommentJira string jiraKey ZCC-17865środa, 16 stycznia 2019 09:06:32

addCommentJira object sender, DoWorkEventArgs e ZCC-17865środa, 16 stycznia 2019 09:06:34

Zgłoszenie ZCC-17866 dodano automatycznie o godzinie 2019-01-16 09:06:34!
środa, 16 stycznia 2019 09:06:39

Zgłoszenie CRM-74921 dodano automatycznie o godzinie 2019-01-16 09:06:39!
środa, 16 stycznia 2019 09:06:55

addCommentJira string jiraKey ZCC-17866środa, 16 stycznia 2019 09:06:55

addCommentJira object sender, DoWorkEventArgs e ZCC-17866środa, 16 stycznia 2019 09:06:59

addCommentJira string jiraKey CRM-74921środa, 16 stycznia 2019 09:06:59

addCommentJira object sender, DoWorkEventArgs e CRM-74921środa, 16 stycznia 2019 09:14:36

Zgłoszenie CRM-74922 dodano automatycznie o godzinie 2019-01-16 09:14:36!
środa, 16 stycznia 2019 09:14:40

addCommentJira string jiraKey CRM-74922środa, 16 stycznia 2019 09:14:40

addCommentJira object sender, DoWorkEventArgs e CRM-74922środa, 16 stycznia 2019 09:30:03

--- Main exception: Message ---
Bieżący wątek musi być ustawiony na tryb jednowątkowego apartamentu, aby można było wykonywać wywołania OLE. Upewnij się, że w funkcji Main jest zaznaczony element STAThreadAttribute.

--- Main exception: StackTrace ---
   w System.Windows.Forms.ComboBox.set_AutoCompleteMode(AutoCompleteMode value)
   w GUI.WFSModelerForm.AddComboBox(EventParamModeler ep, GroupBox group) w C:\CP\ParserGit\JiraParser\GUI\WFSModelerForm.cs:wiersz 549
   w GUI.WFSModelerForm.GenerateForm(GroupBox group, Int32 ParamGroupId) w C:\CP\ParserGit\JiraParser\GUI\WFSModelerForm.cs:wiersz 453
   w GUI.WFSModelerForm.GenerateForm(GroupBox group, Int32 ParamGroupId) w C:\CP\ParserGit\JiraParser\GUI\WFSModelerForm.cs:wiersz 460
   w GUI.WFSModelerForm.GenerateForm(GroupBox group, Int32 ParamGroupId) w C:\CP\ParserGit\JiraParser\GUI\WFSModelerForm.cs:wiersz 460
   w GUI.WFSModelerForm.GenerateForm(Boolean visible) w C:\CP\ParserGit\JiraParser\GUI\WFSModelerForm.cs:wiersz 412
   w GUI.WFSModelerForm..ctor(List`1 list, String name, BillingIssueDto issue, IParserEngineWFS gujaczWFS, Int32 eventMoveId, calbackDelegate callback, TreeView tr, Boolean quickStep, Object selectOption) w C:\CP\ParserGit\JiraParser\GUI\WFSModelerForm.cs:wiersz 308

--- Main exception: Source ---
System.Windows.Forms

środa, 16 stycznia 2019 09:34:40

Zgłoszenie ZCC-17868 dodano automatycznie o godzinie 2019-01-16 09:34:40!
środa, 16 stycznia 2019 09:34:44

addCommentJira string jiraKey ZCC-17868środa, 16 stycznia 2019 09:34:44

addCommentJira object sender, DoWorkEventArgs e ZCC-17868środa, 16 stycznia 2019 09:34:45

Zgłoszenie ZCC-17867 dodano automatycznie o godzinie 2019-01-16 09:34:45!
środa, 16 stycznia 2019 09:35:03

addCommentJira string jiraKey ZCC-17867środa, 16 stycznia 2019 09:35:03

addCommentJira object sender, DoWorkEventArgs e ZCC-17867środa, 16 stycznia 2019 09:35:04

--- Main exception: Message ---
Bieżący wątek musi być ustawiony na tryb jednowątkowego apartamentu, aby można było wykonywać wywołania OLE. Upewnij się, że w funkcji Main jest zaznaczony element STAThreadAttribute.

--- Main exception: StackTrace ---
   w System.Windows.Forms.ComboBox.set_AutoCompleteMode(AutoCompleteMode value)
   w GUI.WFSModelerForm.AddComboBox(EventParamModeler ep, GroupBox group) w C:\CP\ParserGit\JiraParser\GUI\WFSModelerForm.cs:wiersz 549
   w GUI.WFSModelerForm.GenerateForm(GroupBox group, Int32 ParamGroupId) w C:\CP\ParserGit\JiraParser\GUI\WFSModelerForm.cs:wiersz 453
   w GUI.WFSModelerForm.GenerateForm(GroupBox group, Int32 ParamGroupId) w C:\CP\ParserGit\JiraParser\GUI\WFSModelerForm.cs:wiersz 460
   w GUI.WFSModelerForm.GenerateForm(GroupBox group, Int32 ParamGroupId) w C:\CP\ParserGit\JiraParser\GUI\WFSModelerForm.cs:wiersz 460
   w GUI.WFSModelerForm.GenerateForm(Boolean visible) w C:\CP\ParserGit\JiraParser\GUI\WFSModelerForm.cs:wiersz 412
   w GUI.WFSModelerForm..ctor(List`1 list, String name, BillingIssueDto issue, IParserEngineWFS gujaczWFS, Int32 eventMoveId, calbackDelegate callback, TreeView tr, Boolean quickStep, Object selectOption) w C:\CP\ParserGit\JiraParser\GUI\WFSModelerForm.cs:wiersz 308

--- Main exception: Source ---
System.Windows.Forms

środa, 16 stycznia 2019 09:40:00

--- Main exception: Message ---
Bieżący wątek musi być ustawiony na tryb jednowątkowego apartamentu, aby można było wykonywać wywołania OLE. Upewnij się, że w funkcji Main jest zaznaczony element STAThreadAttribute.

--- Main exception: StackTrace ---
   w System.Windows.Forms.ComboBox.set_AutoCompleteMode(AutoCompleteMode value)
   w GUI.WFSModelerForm.AddComboBox(EventParamModeler ep, GroupBox group) w C:\CP\ParserGit\JiraParser\GUI\WFSModelerForm.cs:wiersz 549
   w GUI.WFSModelerForm.GenerateForm(GroupBox group, Int32 ParamGroupId) w C:\CP\ParserGit\JiraParser\GUI\WFSModelerForm.cs:wiersz 453
   w GUI.WFSModelerForm.GenerateForm(GroupBox group, Int32 ParamGroupId) w C:\CP\ParserGit\JiraParser\GUI\WFSModelerForm.cs:wiersz 460
   w GUI.WFSModelerForm.GenerateForm(GroupBox group, Int32 ParamGroupId) w C:\CP\ParserGit\JiraParser\GUI\WFSModelerForm.cs:wiersz 460
   w GUI.WFSModelerForm.GenerateForm(Boolean visible) w C:\CP\ParserGit\JiraParser\GUI\WFSModelerForm.cs:wiersz 412
   w GUI.WFSModelerForm..ctor(List`1 list, String name, BillingIssueDto issue, IParserEngineWFS gujaczWFS, Int32 eventMoveId, calbackDelegate callback, TreeView tr, Boolean quickStep, Object selectOption) w C:\CP\ParserGit\JiraParser\GUI\WFSModelerForm.cs:wiersz 308

--- Main exception: Source ---
System.Windows.Forms

środa, 16 stycznia 2019 10:14:55

--- Main exception: Message ---
Zmodyfikowano kolekcję. Nie można wykonać operacji wyliczania.

--- Main exception: StackTrace ---
   w System.ThrowHelper.ThrowInvalidOperationException(ExceptionResource resource)
   w System.Collections.Generic.Dictionary`2.Enumerator.MoveNext()
   w GUI.MainForm.GetActionForIssues(TreeView tr) w C:\CP\ParserGit\JiraParser\GUI\MainForm.cs:wiersz 5283

--- Main exception: Source ---
mscorlib

środa, 16 stycznia 2019 10:19:37

Zgłoszenie ZCC-17869 dodano automatycznie o godzinie 2019-01-16 10:19:37!
środa, 16 stycznia 2019 10:19:39

addCommentJira string jiraKey ZCC-17869środa, 16 stycznia 2019 10:19:39

addCommentJira object sender, DoWorkEventArgs e ZCC-17869środa, 16 stycznia 2019 11:00:23

Zgłoszenie CRM-74925 dodano automatycznie o godzinie 2019-01-16 11:00:23!
środa, 16 stycznia 2019 11:00:26

addCommentJira string jiraKey CRM-74925środa, 16 stycznia 2019 11:00:26

addCommentJira object sender, DoWorkEventArgs e CRM-74925środa, 16 stycznia 2019 11:15:20

--- Main exception: Message ---
Nieprawidłowa operacja między wątkami: do formantu '' uzyskiwany jest dostęp z wątku innego niż wątek, w którym został utworzony.

--- Main exception: StackTrace ---
   w System.Windows.Forms.Control.get_Handle()
   w System.Windows.Forms.Control.SetBoundsCore(Int32 x, Int32 y, Int32 width, Int32 height, BoundsSpecified specified)
   w System.Windows.Forms.Control.System.Windows.Forms.Layout.IArrangedElement.SetBounds(Rectangle bounds, BoundsSpecified specified)
   w System.Windows.Forms.ToolStripControlHost.OnBoundsChanged()
   w System.Windows.Forms.ToolStripItem.SetBounds(Rectangle bounds)
   w System.Windows.Forms.ToolStripItem.System.Windows.Forms.Layout.IArrangedElement.SetBounds(Rectangle bounds, BoundsSpecified specified)
   w System.Windows.Forms.Layout.TableLayout.SetElementBounds(ContainerInfo containerInfo, RectangleF displayRectF)
   w System.Windows.Forms.Layout.TableLayout.LayoutCore(IArrangedElement container, LayoutEventArgs args)
   w System.Windows.Forms.Layout.LayoutEngine.Layout(Object container, LayoutEventArgs layoutEventArgs)
   w System.Windows.Forms.Control.OnLayout(LayoutEventArgs levent)
   w System.Windows.Forms.ToolStrip.OnLayout(LayoutEventArgs e)
   w System.Windows.Forms.StatusStrip.OnLayout(LayoutEventArgs levent)
   w System.Windows.Forms.Control.PerformLayout(LayoutEventArgs args)
   w System.Windows.Forms.ToolStripItem.InvalidateItemLayout(String affectedProperty, Boolean invalidatePainting)
   w System.Windows.Forms.ToolStripItem.OnTextChanged(EventArgs e)
   w System.Windows.Forms.ToolStripItem.set_Text(String value)
   w GUI.MainForm.slaReportLoad(Object sender, DoWorkEventArgs e) w C:\CP\ParserGit\JiraParser\GUI\SlaService.cs:wiersz 28

--- Main exception: Source ---
System.Windows.Forms

środa, 16 stycznia 2019 11:20:19

--- Main exception: Message ---
Nieprawidłowa operacja między wątkami: do formantu '' uzyskiwany jest dostęp z wątku innego niż wątek, w którym został utworzony.

--- Main exception: StackTrace ---
   w System.Windows.Forms.Control.get_Handle()
   w System.Windows.Forms.Control.SetBoundsCore(Int32 x, Int32 y, Int32 width, Int32 height, BoundsSpecified specified)
   w System.Windows.Forms.Control.System.Windows.Forms.Layout.IArrangedElement.SetBounds(Rectangle bounds, BoundsSpecified specified)
   w System.Windows.Forms.ToolStripControlHost.OnBoundsChanged()
   w System.Windows.Forms.ToolStripItem.SetBounds(Rectangle bounds)
   w System.Windows.Forms.ToolStripItem.System.Windows.Forms.Layout.IArrangedElement.SetBounds(Rectangle bounds, BoundsSpecified specified)
   w System.Windows.Forms.Layout.TableLayout.SetElementBounds(ContainerInfo containerInfo, RectangleF displayRectF)
   w System.Windows.Forms.Layout.TableLayout.LayoutCore(IArrangedElement container, LayoutEventArgs args)
   w System.Windows.Forms.Layout.LayoutEngine.Layout(Object container, LayoutEventArgs layoutEventArgs)
   w System.Windows.Forms.Control.OnLayout(LayoutEventArgs levent)
   w System.Windows.Forms.ToolStrip.OnLayout(LayoutEventArgs e)
   w System.Windows.Forms.StatusStrip.OnLayout(LayoutEventArgs levent)
   w System.Windows.Forms.Control.PerformLayout(LayoutEventArgs args)
   w System.Windows.Forms.ToolStripItem.InvalidateItemLayout(String affectedProperty, Boolean invalidatePainting)
   w System.Windows.Forms.ToolStripItem.OnTextChanged(EventArgs e)
   w System.Windows.Forms.ToolStripItem.set_Text(String value)
   w GUI.MainForm.slaReportLoad(Object sender, DoWorkEventArgs e) w C:\CP\ParserGit\JiraParser\GUI\SlaService.cs:wiersz 28

--- Main exception: Source ---
System.Windows.Forms

środa, 16 stycznia 2019 11:49:09

Zgłoszenie CRM-74926 dodano automatycznie o godzinie 2019-01-16 11:49:09!
środa, 16 stycznia 2019 11:49:12

addCommentJira string jiraKey CRM-74926środa, 16 stycznia 2019 11:49:12

addCommentJira object sender, DoWorkEventArgs e CRM-74926środa, 16 stycznia 2019 12:24:54

Zgłoszenie WIND-8003 dodano automatycznie o godzinie 2019-01-16 12:24:54!
środa, 16 stycznia 2019 12:24:57

addCommentJira string jiraKey WIND-8003środa, 16 stycznia 2019 12:24:57

addCommentJira object sender, DoWorkEventArgs e WIND-8003środa, 16 stycznia 2019 12:25:01

Zgłoszenie ZCC-17871 dodano automatycznie o godzinie 2019-01-16 12:25:01!
środa, 16 stycznia 2019 12:25:19

addCommentJira string jiraKey ZCC-17871środa, 16 stycznia 2019 12:25:19

addCommentJira object sender, DoWorkEventArgs e ZCC-17871środa, 16 stycznia 2019 12:29:46

Zgłoszenie WIND-8004 dodano automatycznie o godzinie 2019-01-16 12:29:46!
środa, 16 stycznia 2019 12:29:49

addCommentJira string jiraKey WIND-8004środa, 16 stycznia 2019 12:29:49

addCommentJira object sender, DoWorkEventArgs e WIND-8004środa, 16 stycznia 2019 12:34:44

Zgłoszenie ZCC-17872 dodano automatycznie o godzinie 2019-01-16 12:34:44!
środa, 16 stycznia 2019 12:34:49

addCommentJira string jiraKey ZCC-17872środa, 16 stycznia 2019 12:34:49

addCommentJira object sender, DoWorkEventArgs e ZCC-17872środa, 16 stycznia 2019 12:47:33

Zgłoszenie ZCC-17873 dodano automatycznie o godzinie 2019-01-16 12:47:33!
środa, 16 stycznia 2019 12:47:36

addCommentJira string jiraKey ZCC-17873środa, 16 stycznia 2019 12:47:36

addCommentJira object sender, DoWorkEventArgs e ZCC-17873środa, 16 stycznia 2019 13:12:22

Zgłoszenie INFOLINIA-6458 dodano automatycznie o godzinie 2019-01-16 13:12:22!
środa, 16 stycznia 2019 13:12:25

addCommentJira string jiraKey INFOLINIA-6458środa, 16 stycznia 2019 13:12:25

addCommentJira object sender, DoWorkEventArgs e INFOLINIA-6458środa, 16 stycznia 2019 13:22:01

--- Main exception: Message ---
Nie można rozpoznać nazwy zdalnej: 'jira'

--- Main exception: StackTrace ---
   w Atlassian.Jira.Remote.JiraRestClient.ExecuteRequest[T](Method method, String resource, Object requestBody) w c:\projects\atlassian-net-sdk\Atlassian.Jira\Remote\JiraRestClient.cs:wiersz 119
   w Atlassian.Jira.Remote.JiraRestClient.GetPriorities(String token) w c:\projects\atlassian-net-sdk\Atlassian.Jira\Remote\JiraRestClient.cs:wiersz 785
   w Atlassian.Jira.Jira.<GetIssuePriorities>b__24(String token) w c:\projects\atlassian-net-sdk\Atlassian.Jira\Jira.cs:wiersz 478
   w Atlassian.Jira.Jira.<>c__DisplayClass3c.<WithToken>b__3b(String t) w c:\projects\atlassian-net-sdk\Atlassian.Jira\Jira.cs:wiersz 658
   w Atlassian.Jira.Jira.WithToken[TResult](Func`3 function) w c:\projects\atlassian-net-sdk\Atlassian.Jira\Jira.cs:wiersz 706
   w Atlassian.Jira.Jira.GetIssuePriorities() w c:\projects\atlassian-net-sdk\Atlassian.Jira\Jira.cs:wiersz 482
   w GUI.MainForm.LoginJira() w C:\CP\ParserGit\JiraParser\GUI\MainForm.cs:wiersz 4345

--- Main exception: Source ---
Atlassian.Jira

środa, 16 stycznia 2019 13:22:24

--- Main exception: Message ---
Nie można rozpoznać nazwy zdalnej: 'jira'

--- Main exception: StackTrace ---
   w Atlassian.Jira.Remote.JiraRestClient.ExecuteRequest[T](Method method, String resource, Object requestBody) w c:\projects\atlassian-net-sdk\Atlassian.Jira\Remote\JiraRestClient.cs:wiersz 119
   w Atlassian.Jira.Remote.JiraRestClient.GetIssueTypes(String token, String projectId) w c:\projects\atlassian-net-sdk\Atlassian.Jira\Remote\JiraRestClient.cs:wiersz 822
   w Atlassian.Jira.Jira.<>c__DisplayClass16.<GetIssueTypes>b__12(String token) w c:\projects\atlassian-net-sdk\Atlassian.Jira\Jira.cs:wiersz 414
   w Atlassian.Jira.Jira.<>c__DisplayClass3c.<WithToken>b__3b(String t) w c:\projects\atlassian-net-sdk\Atlassian.Jira\Jira.cs:wiersz 658
   w Atlassian.Jira.Jira.WithToken[TResult](Func`3 function) w c:\projects\atlassian-net-sdk\Atlassian.Jira\Jira.cs:wiersz 706
   w Atlassian.Jira.Jira.GetIssueTypes(String projectKey) w c:\projects\atlassian-net-sdk\Atlassian.Jira\Jira.cs:wiersz 419
   w Logic.Implementation.JiraIssues.GetJiraIssuesTypes() w C:\CP\ParserGit\JiraParser\Logic\Implementation\JiraIssues.cs:wiersz 68
   w GUI.MainForm.<timer2_Tick>b__101_0() w C:\CP\ParserGit\JiraParser\GUI\MainForm.cs:wiersz 2646

--- Main exception: Source ---
Atlassian.Jira

środa, 16 stycznia 2019 13:32:41

--- Main exception: Message ---
Zmodyfikowano kolekcję. Nie można wykonać operacji wyliczania.

--- Main exception: StackTrace ---
   w System.ThrowHelper.ThrowInvalidOperationException(ExceptionResource resource)
   w System.Collections.Generic.Dictionary`2.Enumerator.MoveNext()
   w GUI.MainForm.GetActionForIssues(TreeView tr) w C:\CP\ParserGit\JiraParser\GUI\MainForm.cs:wiersz 5289

--- Main exception: Source ---
mscorlib

środa, 16 stycznia 2019 13:37:22

Zgłoszenie INFOLINIA-6459 dodano automatycznie o godzinie 2019-01-16 13:37:22!
środa, 16 stycznia 2019 13:37:26

addCommentJira string jiraKey INFOLINIA-6459środa, 16 stycznia 2019 13:37:26

addCommentJira object sender, DoWorkEventArgs e INFOLINIA-6459środa, 16 stycznia 2019 13:37:43

--- Main exception: Message ---
Zmodyfikowano kolekcję. Nie można wykonać operacji wyliczania.

--- Main exception: StackTrace ---
   w System.ThrowHelper.ThrowInvalidOperationException(ExceptionResource resource)
   w System.Collections.Generic.Dictionary`2.Enumerator.MoveNext()
   w GUI.MainForm.GetActionForIssues(TreeView tr) w C:\CP\ParserGit\JiraParser\GUI\MainForm.cs:wiersz 5289

--- Main exception: Source ---
mscorlib

środa, 16 stycznia 2019 13:47:23

Zgłoszenie ZCC-17874 dodano automatycznie o godzinie 2019-01-16 13:47:23!
środa, 16 stycznia 2019 13:47:27

addCommentJira string jiraKey ZCC-17874środa, 16 stycznia 2019 13:47:28

addCommentJira object sender, DoWorkEventArgs e ZCC-17874środa, 16 stycznia 2019 13:57:48

--- Main exception: Message ---
Zmodyfikowano kolekcję. Nie można wykonać operacji wyliczania.

--- Main exception: StackTrace ---
   w System.ThrowHelper.ThrowInvalidOperationException(ExceptionResource resource)
   w System.Collections.Generic.Dictionary`2.Enumerator.MoveNext()
   w GUI.MainForm.GetActionForIssues(TreeView tr) w C:\CP\ParserGit\JiraParser\GUI\MainForm.cs:wiersz 5289

--- Main exception: Source ---
mscorlib

środa, 16 stycznia 2019 14:12:47

--- Main exception: Message ---
Zmodyfikowano kolekcję. Nie można wykonać operacji wyliczania.

--- Main exception: StackTrace ---
   w System.ThrowHelper.ThrowInvalidOperationException(ExceptionResource resource)
   w System.Collections.Generic.Dictionary`2.Enumerator.MoveNext()
   w GUI.MainForm.GetActionForIssues(TreeView tr) w C:\CP\ParserGit\JiraParser\GUI\MainForm.cs:wiersz 5289

--- Main exception: Source ---
mscorlib

środa, 16 stycznia 2019 14:22:30

--- Main exception: Message ---
Zmodyfikowano kolekcję. Nie można wykonać operacji wyliczania.

--- Main exception: StackTrace ---
   w System.ThrowHelper.ThrowInvalidOperationException(ExceptionResource resource)
   w System.Collections.Generic.Dictionary`2.Enumerator.MoveNext()
   w GUI.MainForm.GetActionForIssues(TreeView tr) w C:\CP\ParserGit\JiraParser\GUI\MainForm.cs:wiersz 5289

--- Main exception: Source ---
mscorlib

środa, 16 stycznia 2019 14:31:53

--- Main exception: Message ---
Zmodyfikowano kolekcję. Nie można wykonać operacji wyliczania.

--- Main exception: StackTrace ---
   w System.ThrowHelper.ThrowInvalidOperationException(ExceptionResource resource)
   w System.Collections.Generic.Dictionary`2.Enumerator.MoveNext()
   w GUI.MainForm.GetActionForIssues(TreeView tr) w C:\CP\ParserGit\JiraParser\GUI\MainForm.cs:wiersz 5289

--- Main exception: Source ---
mscorlib

środa, 16 stycznia 2019 14:36:56

--- Main exception: Message ---
Zmodyfikowano kolekcję. Nie można wykonać operacji wyliczania.

--- Main exception: StackTrace ---
   w System.ThrowHelper.ThrowInvalidOperationException(ExceptionResource resource)
   w System.Collections.Generic.Dictionary`2.Enumerator.MoveNext()
   w GUI.MainForm.GetActionForIssues(TreeView tr) w C:\CP\ParserGit\JiraParser\GUI\MainForm.cs:wiersz 5289

--- Main exception: Source ---
mscorlib

środa, 16 stycznia 2019 14:51:34

Zgłoszenie CRM-74930 dodano automatycznie o godzinie 2019-01-16 14:51:34!
środa, 16 stycznia 2019 14:51:38

addCommentJira string jiraKey CRM-74930środa, 16 stycznia 2019 14:51:38

addCommentJira object sender, DoWorkEventArgs e CRM-74930środa, 16 stycznia 2019 14:51:40

Zgłoszenie ZCC-17875 dodano automatycznie o godzinie 2019-01-16 14:51:40!
środa, 16 stycznia 2019 14:51:53

addCommentJira string jiraKey ZCC-17875środa, 16 stycznia 2019 14:51:53

addCommentJira object sender, DoWorkEventArgs e ZCC-17875środa, 16 stycznia 2019 14:51:54

--- Main exception: Message ---
Zmodyfikowano kolekcję. Nie można wykonać operacji wyliczania.

--- Main exception: StackTrace ---
   w System.ThrowHelper.ThrowInvalidOperationException(ExceptionResource resource)
   w System.Collections.Generic.Dictionary`2.Enumerator.MoveNext()
   w GUI.MainForm.GetActionForIssues(TreeView tr) w C:\CP\ParserGit\JiraParser\GUI\MainForm.cs:wiersz 5289

--- Main exception: Source ---
mscorlib

środa, 16 stycznia 2019 15:00:29

Zgłoszenie CRM-74932 dodano automatycznie o godzinie 2019-01-16 15:00:29!
środa, 16 stycznia 2019 15:00:33

addCommentJira string jiraKey CRM-74932środa, 16 stycznia 2019 15:00:33

addCommentJira object sender, DoWorkEventArgs e CRM-74932środa, 16 stycznia 2019 15:10:22

Zgłoszenie CRM-74933 dodano automatycznie o godzinie 2019-01-16 15:10:22!
środa, 16 stycznia 2019 15:10:25

addCommentJira string jiraKey CRM-74933środa, 16 stycznia 2019 15:10:25

addCommentJira object sender, DoWorkEventArgs e CRM-74933środa, 16 stycznia 2019 15:20:25

Zgłoszenie CRM-74934 dodano automatycznie o godzinie 2019-01-16 15:20:25!
środa, 16 stycznia 2019 15:20:28

addCommentJira string jiraKey CRM-74934środa, 16 stycznia 2019 15:20:28

addCommentJira object sender, DoWorkEventArgs e CRM-74934środa, 16 stycznia 2019 15:20:30

Zgłoszenie CRM-74935 dodano automatycznie o godzinie 2019-01-16 15:20:30!
środa, 16 stycznia 2019 15:20:45

addCommentJira string jiraKey CRM-74935środa, 16 stycznia 2019 15:20:45

addCommentJira object sender, DoWorkEventArgs e CRM-74935środa, 16 stycznia 2019 15:20:47

--- Main exception: Message ---
Zmodyfikowano kolekcję. Nie można wykonać operacji wyliczania.

--- Main exception: StackTrace ---
   w System.ThrowHelper.ThrowInvalidOperationException(ExceptionResource resource)
   w System.Collections.Generic.Dictionary`2.Enumerator.MoveNext()
   w GUI.MainForm.GetActionForIssues(TreeView tr) w C:\CP\ParserGit\JiraParser\GUI\MainForm.cs:wiersz 5289

--- Main exception: Source ---
mscorlib

środa, 16 stycznia 2019 15:20:47

--- Main exception: Message ---
Zmodyfikowano kolekcję. Nie można wykonać operacji wyliczania.

--- Main exception: StackTrace ---
   w System.ThrowHelper.ThrowInvalidOperationException(ExceptionResource resource)
   w System.Collections.Generic.Dictionary`2.Enumerator.MoveNext()
   w GUI.MainForm.GetActionForIssues(TreeView tr) w C:\CP\ParserGit\JiraParser\GUI\MainForm.cs:wiersz 5289

--- Main exception: Source ---
mscorlib

środa, 16 stycznia 2019 15:20:47

--- Main exception: Message ---
Element o tym samym kluczu został już dodany.

--- Main exception: StackTrace ---
   w System.ThrowHelper.ThrowArgumentException(ExceptionResource resource)
   w System.Collections.Generic.Dictionary`2.Insert(TKey key, TValue value, Boolean add)
   w GUI.MainForm.GetActionForIssues(TreeView tr) w C:\CP\ParserGit\JiraParser\GUI\MainForm.cs:wiersz 5293

--- Main exception: Source ---
mscorlib

środa, 16 stycznia 2019 15:20:48

--- Main exception: Message ---
Zmodyfikowano kolekcję. Nie można wykonać operacji wyliczania.

--- Main exception: StackTrace ---
   w System.ThrowHelper.ThrowInvalidOperationException(ExceptionResource resource)
   w System.Collections.Generic.Dictionary`2.Enumerator.MoveNext()
   w GUI.MainForm.GetActionForIssues(TreeView tr) w C:\CP\ParserGit\JiraParser\GUI\MainForm.cs:wiersz 5289

--- Main exception: Source ---
mscorlib

środa, 16 stycznia 2019 15:25:48

--- Main exception: Message ---
Zmodyfikowano kolekcję. Nie można wykonać operacji wyliczania.

--- Main exception: StackTrace ---
   w System.ThrowHelper.ThrowInvalidOperationException(ExceptionResource resource)
   w System.Collections.Generic.Dictionary`2.Enumerator.MoveNext()
   w GUI.MainForm.GetActionForIssues(TreeView tr) w C:\CP\ParserGit\JiraParser\GUI\MainForm.cs:wiersz 5289

--- Main exception: Source ---
mscorlib

środa, 16 stycznia 2019 15:25:49

--- Main exception: Message ---
Zmodyfikowano kolekcję. Nie można wykonać operacji wyliczania.

--- Main exception: StackTrace ---
   w System.ThrowHelper.ThrowInvalidOperationException(ExceptionResource resource)
   w System.Collections.Generic.Dictionary`2.Enumerator.MoveNext()
   w GUI.MainForm.GetActionForIssues(TreeView tr) w C:\CP\ParserGit\JiraParser\GUI\MainForm.cs:wiersz 5289

--- Main exception: Source ---
mscorlib

środa, 16 stycznia 2019 15:25:49

--- Main exception: Message ---
Zmodyfikowano kolekcję. Nie można wykonać operacji wyliczania.

--- Main exception: StackTrace ---
   w System.ThrowHelper.ThrowInvalidOperationException(ExceptionResource resource)
   w System.Collections.Generic.Dictionary`2.Enumerator.MoveNext()
   w GUI.MainForm.GetActionForIssues(TreeView tr) w C:\CP\ParserGit\JiraParser\GUI\MainForm.cs:wiersz 5289

--- Main exception: Source ---
mscorlib

środa, 16 stycznia 2019 15:25:49

--- Main exception: Message ---
Zmodyfikowano kolekcję. Nie można wykonać operacji wyliczania.

--- Main exception: StackTrace ---
   w System.ThrowHelper.ThrowInvalidOperationException(ExceptionResource resource)
   w System.Collections.Generic.Dictionary`2.Enumerator.MoveNext()
   w GUI.MainForm.GetActionForIssues(TreeView tr) w C:\CP\ParserGit\JiraParser\GUI\MainForm.cs:wiersz 5289

--- Main exception: Source ---
mscorlib

środa, 16 stycznia 2019 15:25:49

--- Main exception: Message ---
Element o tym samym kluczu został już dodany.

--- Main exception: StackTrace ---
   w System.ThrowHelper.ThrowArgumentException(ExceptionResource resource)
   w System.Collections.Generic.Dictionary`2.Insert(TKey key, TValue value, Boolean add)
   w GUI.MainForm.GetActionForIssues(TreeView tr) w C:\CP\ParserGit\JiraParser\GUI\MainForm.cs:wiersz 5293

--- Main exception: Source ---
mscorlib

środa, 16 stycznia 2019 15:25:50

--- Main exception: Message ---
Zmodyfikowano kolekcję. Nie można wykonać operacji wyliczania.

--- Main exception: StackTrace ---
   w System.ThrowHelper.ThrowInvalidOperationException(ExceptionResource resource)
   w System.Collections.Generic.Dictionary`2.Enumerator.MoveNext()
   w GUI.MainForm.GetActionForIssues(TreeView tr) w C:\CP\ParserGit\JiraParser\GUI\MainForm.cs:wiersz 5289

--- Main exception: Source ---
mscorlib

środa, 16 stycznia 2019 15:25:50

--- Main exception: Message ---
Element o tym samym kluczu został już dodany.

--- Main exception: StackTrace ---
   w System.ThrowHelper.ThrowArgumentException(ExceptionResource resource)
   w System.Collections.Generic.Dictionary`2.Insert(TKey key, TValue value, Boolean add)
   w GUI.MainForm.GetActionForIssues(TreeView tr) w C:\CP\ParserGit\JiraParser\GUI\MainForm.cs:wiersz 5293

--- Main exception: Source ---
mscorlib

środa, 16 stycznia 2019 15:32:31

Zgłoszenie INFOLINIA-6460 dodano automatycznie o godzinie 2019-01-16 15:32:31!
środa, 16 stycznia 2019 15:32:35

addCommentJira string jiraKey INFOLINIA-6460środa, 16 stycznia 2019 15:32:35

addCommentJira object sender, DoWorkEventArgs e INFOLINIA-6460środa, 16 stycznia 2019 15:32:35

Zgłoszenie WIND-8005 dodano automatycznie o godzinie 2019-01-16 15:32:35!
środa, 16 stycznia 2019 15:32:52

addCommentJira string jiraKey WIND-8005środa, 16 stycznia 2019 15:32:52

addCommentJira object sender, DoWorkEventArgs e WIND-8005środa, 16 stycznia 2019 15:37:34

--- Main exception: Message ---
Bieżący wątek musi być ustawiony na tryb jednowątkowego apartamentu, aby można było wykonywać wywołania OLE. Upewnij się, że w funkcji Main jest zaznaczony element STAThreadAttribute.

--- Main exception: StackTrace ---
   w System.Windows.Forms.ComboBox.set_AutoCompleteMode(AutoCompleteMode value)
   w GUI.WFSModelerForm.AddComboBox(EventParamModeler ep, GroupBox group) w C:\CP\ParserGit\JiraParser\GUI\WFSModelerForm.cs:wiersz 549
   w GUI.WFSModelerForm.GenerateForm(GroupBox group, Int32 ParamGroupId) w C:\CP\ParserGit\JiraParser\GUI\WFSModelerForm.cs:wiersz 453
   w GUI.WFSModelerForm.GenerateForm(GroupBox group, Int32 ParamGroupId) w C:\CP\ParserGit\JiraParser\GUI\WFSModelerForm.cs:wiersz 460
   w GUI.WFSModelerForm.GenerateForm(GroupBox group, Int32 ParamGroupId) w C:\CP\ParserGit\JiraParser\GUI\WFSModelerForm.cs:wiersz 460
   w GUI.WFSModelerForm.GenerateForm(Boolean visible) w C:\CP\ParserGit\JiraParser\GUI\WFSModelerForm.cs:wiersz 412
   w GUI.WFSModelerForm..ctor(List`1 list, String name, BillingIssueDto issue, IParserEngineWFS gujaczWFS, Int32 eventMoveId, calbackDelegate callback, TreeView tr, Boolean quickStep, Object selectOption) w C:\CP\ParserGit\JiraParser\GUI\WFSModelerForm.cs:wiersz 308

--- Main exception: Source ---
System.Windows.Forms

