piątek, 6 września 2019 07:53:26

Modyfikacja treeItem checkAsAssignepiątek, 6 września 2019 07:53:32

addCommentJira string jiraKey CRM-76786piątek, 6 września 2019 07:53:32

addCommentJira object sender, DoWorkEventArgs e CRM-76786piątek, 6 września 2019 07:53:36

Modyfikacja treeItem checkAsAssignepiątek, 6 września 2019 07:53:38

addCommentJira string jiraKey CRM-76787piątek, 6 września 2019 07:53:38

addCommentJira object sender, DoWorkEventArgs e CRM-76787piątek, 6 września 2019 07:53:46

Modyfikacja treeItem checkAsAssignepiątek, 6 września 2019 07:53:48

addCommentJira string jiraKey CRM-76788piątek, 6 września 2019 07:53:48

addCommentJira object sender, DoWorkEventArgs e CRM-76788piątek, 6 września 2019 07:54:08

Modyfikacja treeItem checkAsAssignepiątek, 6 września 2019 07:54:11

addCommentJira string jiraKey CRM-76789piątek, 6 września 2019 07:54:11

addCommentJira object sender, DoWorkEventArgs e CRM-76789piątek, 6 września 2019 07:54:11

Modyfikacja treeItem checkAsAssignepiątek, 6 września 2019 07:54:13

addCommentJira string jiraKey CRM-76790piątek, 6 września 2019 07:54:13

addCommentJira object sender, DoWorkEventArgs e CRM-76790piątek, 6 września 2019 07:54:14

Modyfikacja treeItem checkAsAssignepiątek, 6 września 2019 07:54:16

addCommentJira string jiraKey CRM-76791piątek, 6 września 2019 07:54:16

addCommentJira object sender, DoWorkEventArgs e CRM-76791piątek, 6 września 2019 07:54:17

Modyfikacja treeItem checkAsAssignepiątek, 6 września 2019 07:54:18

Modyfikacja treeItem checkAsAssignepiątek, 6 września 2019 07:54:19

addCommentJira string jiraKey CRM-76792piątek, 6 września 2019 07:54:19

addCommentJira object sender, DoWorkEventArgs e CRM-76792piątek, 6 września 2019 07:54:20

addCommentJira string jiraKey CRM-76793piątek, 6 września 2019 07:54:20

addCommentJira object sender, DoWorkEventArgs e CRM-76793piątek, 6 września 2019 07:54:21

Modyfikacja treeItem checkAsAssignepiątek, 6 września 2019 07:54:23

addCommentJira string jiraKey CRM-76794piątek, 6 września 2019 07:54:23

addCommentJira object sender, DoWorkEventArgs e CRM-76794piątek, 6 września 2019 07:54:24

Modyfikacja treeItem checkAsAssignepiątek, 6 września 2019 07:54:26

addCommentJira string jiraKey CRM-76795piątek, 6 września 2019 07:54:26

addCommentJira object sender, DoWorkEventArgs e CRM-76795piątek, 6 września 2019 07:54:27

Modyfikacja treeItem checkAsAssignepiątek, 6 września 2019 07:54:29

addCommentJira string jiraKey CRM-76796piątek, 6 września 2019 07:54:29

addCommentJira object sender, DoWorkEventArgs e CRM-76796piątek, 6 września 2019 07:54:31

Modyfikacja treeItem checkAsAssignepiątek, 6 września 2019 07:54:34

addCommentJira string jiraKey ZCC-19414piątek, 6 września 2019 07:54:34

addCommentJira object sender, DoWorkEventArgs e ZCC-19414piątek, 6 września 2019 07:54:37

Automatyczny zapis nowego zgłoszenia Entities.BillingIssueDtoHelios [2019-09-06 07:54:37] 

piątek, 6 września 2019 07:54:40

Automatyczny zapis poprawny Entities.BillingIssueDtoHelios [2019-09-06 07:54:40] 

piątek, 6 września 2019 07:54:40

Modyfikacja treeItempiątek, 6 września 2019 07:54:40

Status Auto: False 

piątek, 6 września 2019 07:54:40

Automatyczny zapis nowego zgłoszenia Entities.BillingIssueDtoHelios [2019-09-06 07:54:40] 

piątek, 6 września 2019 07:54:42

Automatyczny zapis poprawny Entities.BillingIssueDtoHelios [2019-09-06 07:54:42] 

piątek, 6 września 2019 07:54:42

Modyfikacja treeItempiątek, 6 września 2019 07:54:42

Status Auto: False 

piątek, 6 września 2019 07:54:42

Automatyczny zapis nowego zgłoszenia Entities.BillingIssueDtoHelios [2019-09-06 07:54:42] 

piątek, 6 września 2019 07:54:45

Automatyczny zapis poprawny Entities.BillingIssueDtoHelios [2019-09-06 07:54:45] 

piątek, 6 września 2019 07:54:45

Modyfikacja treeItempiątek, 6 września 2019 07:54:45

Status Auto: False 

piątek, 6 września 2019 07:54:45

Automatyczny zapis nowego zgłoszenia Entities.BillingIssueDtoHelios [2019-09-06 07:54:45] 

piątek, 6 września 2019 07:54:47

Automatyczny zapis poprawny Entities.BillingIssueDtoHelios [2019-09-06 07:54:47] 

piątek, 6 września 2019 07:54:47

Modyfikacja treeItempiątek, 6 września 2019 07:54:47

Status Auto: False 

piątek, 6 września 2019 07:54:47

Automatyczny zapis nowego zgłoszenia Entities.BillingIssueDtoHelios [2019-09-06 07:54:47] 

piątek, 6 września 2019 07:54:49

Automatyczny zapis poprawny Entities.BillingIssueDtoHelios [2019-09-06 07:54:49] 

piątek, 6 września 2019 07:54:49

Modyfikacja treeItempiątek, 6 września 2019 07:54:49

Status Auto: False 

piątek, 6 września 2019 07:54:49

Automatyczny zapis nowego zgłoszenia Entities.BillingIssueDtoHelios [2019-09-06 07:54:49] 

piątek, 6 września 2019 07:54:52

Automatyczny zapis poprawny Entities.BillingIssueDtoHelios [2019-09-06 07:54:52] 

piątek, 6 września 2019 07:54:52

Modyfikacja treeItempiątek, 6 września 2019 07:54:52

Status Auto: False 

piątek, 6 września 2019 07:54:52

Automatyczny zapis nowego zgłoszenia Entities.BillingIssueDtoHelios [2019-09-06 07:54:52] 

piątek, 6 września 2019 07:54:54

Automatyczny zapis poprawny Entities.BillingIssueDtoHelios [2019-09-06 07:54:54] 

piątek, 6 września 2019 07:54:54

Modyfikacja treeItempiątek, 6 września 2019 07:54:54

Status Auto: False 

piątek, 6 września 2019 07:54:54

Automatyczny zapis nowego zgłoszenia Entities.BillingIssueDtoHelios [2019-09-06 07:54:54] 

piątek, 6 września 2019 07:54:56

Automatyczny zapis poprawny Entities.BillingIssueDtoHelios [2019-09-06 07:54:56] 

piątek, 6 września 2019 07:54:56

Modyfikacja treeItempiątek, 6 września 2019 07:54:56

Status Auto: False 

piątek, 6 września 2019 07:54:56

Automatyczny zapis nowego zgłoszenia Entities.BillingIssueDtoHelios [2019-09-06 07:54:56] 

piątek, 6 września 2019 07:54:59

Automatyczny zapis poprawny Entities.BillingIssueDtoHelios [2019-09-06 07:54:59] 

piątek, 6 września 2019 07:54:59

Modyfikacja treeItempiątek, 6 września 2019 07:54:59

Status Auto: False 

piątek, 6 września 2019 07:54:59

Automatyczny zapis nowego zgłoszenia Entities.BillingIssueDtoHelios [2019-09-06 07:54:59] 

piątek, 6 września 2019 07:55:01

Automatyczny zapis poprawny Entities.BillingIssueDtoHelios [2019-09-06 07:55:01] 

piątek, 6 września 2019 07:55:01

Modyfikacja treeItempiątek, 6 września 2019 07:55:01

Status Auto: False 

piątek, 6 września 2019 07:55:46

addCommentJira string jiraKey CRM-76795 NIE DODANO KOMENTARZA BO ISTNIEJE WPISpiątek, 6 września 2019 07:55:47

addCommentJira string jiraKey CRM-76794 NIE DODANO KOMENTARZA BO ISTNIEJE WPISpiątek, 6 września 2019 07:55:48

addCommentJira string jiraKey CRM-76793 NIE DODANO KOMENTARZA BO ISTNIEJE WPISpiątek, 6 września 2019 07:55:50

addCommentJira string jiraKey CRM-76792 NIE DODANO KOMENTARZA BO ISTNIEJE WPISpiątek, 6 września 2019 07:55:51

addCommentJira string jiraKey CRM-76791 NIE DODANO KOMENTARZA BO ISTNIEJE WPISpiątek, 6 września 2019 07:55:52

addCommentJira string jiraKey CRM-76790 NIE DODANO KOMENTARZA BO ISTNIEJE WPISpiątek, 6 września 2019 07:55:53

addCommentJira string jiraKey CRM-76789 NIE DODANO KOMENTARZA BO ISTNIEJE WPISpiątek, 6 września 2019 07:55:54

addCommentJira string jiraKey CRM-76788 NIE DODANO KOMENTARZA BO ISTNIEJE WPISpiątek, 6 września 2019 07:55:56

addCommentJira string jiraKey CRM-76787 NIE DODANO KOMENTARZA BO ISTNIEJE WPISpiątek, 6 września 2019 07:55:57

addCommentJira string jiraKey CRM-76786 NIE DODANO KOMENTARZA BO ISTNIEJE WPISpiątek, 6 września 2019 07:59:12

Modyfikacja treeItem checkAsAssignepiątek, 6 września 2019 07:59:16

addCommentJira string jiraKey CRM-76796 NIE DODANO KOMENTARZA BO ISTNIEJE WPISpiątek, 6 września 2019 07:59:16

addCommentJira object sender, DoWorkEventArgs e CRM-76796piątek, 6 września 2019 08:05:09

Zgłoszenie CRM-76796 dodano automatycznie o godzinie 2019-09-06 08:05:09!
piątek, 6 września 2019 08:05:09

Modyfikacja treeItem checkAsAssignepiątek, 6 września 2019 08:05:14

Zgłoszenie ZCC-19414 dodano automatycznie o godzinie 2019-09-06 08:05:14!
piątek, 6 września 2019 08:05:14

Modyfikacja treeItem checkAsAssignepiątek, 6 września 2019 08:05:14

addCommentJira string jiraKey CRM-76796 NIE DODANO KOMENTARZA BO ISTNIEJE WPISpiątek, 6 września 2019 08:05:14

addCommentJira object sender, DoWorkEventArgs e CRM-76796piątek, 6 września 2019 08:05:19

addCommentJira string jiraKey ZCC-19414 NIE DODANO KOMENTARZA BO ISTNIEJE WPISpiątek, 6 września 2019 08:05:19

addCommentJira object sender, DoWorkEventArgs e ZCC-19414piątek, 6 września 2019 08:09:21

Zgłoszenie ZCC-19414 dodano automatycznie o godzinie 2019-09-06 08:09:21!
piątek, 6 września 2019 08:09:22

Modyfikacja treeItem checkAsAssignepiątek, 6 września 2019 08:09:22

--- Main exception: Message ---
Nie można uzyskać dostępu do usuniętego obiektu.
Nazwa obiektu: 'WFSform'.

--- Main exception: StackTrace ---
   w System.Windows.Forms.Control.CreateHandle()
   w System.Windows.Forms.Form.CreateHandle()
   w System.Windows.Forms.Control.get_Handle()
   w System.Windows.Forms.Application.ThreadContext.RunMessageLoopInner(Int32 reason, ApplicationContext context)
   w System.Windows.Forms.Application.ThreadContext.RunMessageLoop(Int32 reason, ApplicationContext context)
   w System.Windows.Forms.Form.ShowDialog(IWin32Window owner)
   w GUI.MainForm.UzupelnijDane(TreeView tr, Boolean auto) w C:\CP\ParserGit\JiraParser\GUI\MainForm.cs:wiersz 3882
   w GUI.MainForm.<newIssueAutoAddToBPMUzupelnijDane>b__237_0() w C:\CP\ParserGit\JiraParser\GUI\MainForm.cs:wiersz 7514

--- Main exception: Source ---
System.Windows.Forms

piątek, 6 września 2019 08:09:24

addCommentJira string jiraKey ZCC-19414 NIE DODANO KOMENTARZA BO ISTNIEJE WPISpiątek, 6 września 2019 08:09:24

addCommentJira object sender, DoWorkEventArgs e ZCC-19414piątek, 6 września 2019 08:50:14

--- Main exception: Message ---
Nieprawidłowa operacja między wątkami: do formantu '' uzyskiwany jest dostęp z wątku innego niż wątek, w którym został utworzony.

--- Main exception: StackTrace ---
   w System.Windows.Forms.Control.get_Handle()
   w System.Windows.Forms.ScrollBar.UpdateScrollInfo()
   w System.Windows.Forms.ScrollBar.set_Maximum(Int32 value)
   w System.Windows.Forms.DataGridView.LayoutScrollBars()
   w System.Windows.Forms.DataGridView.ComputeLayout()
   w System.Windows.Forms.DataGridView.PerformLayoutPrivate(Boolean useRowShortcut, Boolean computeVisibleRows, Boolean invalidInAdjustFillingColumns, Boolean repositionEditingControl)
   w System.Windows.Forms.DataGridView.OnColumnWidthChanged(DataGridViewColumnEventArgs e)
   w System.Windows.Forms.DataGridViewBand.set_ThicknessInternal(Int32 value)
   w System.Windows.Forms.DataGridView.AutoResizeColumnInternal(Int32 columnIndex, DataGridViewAutoSizeColumnCriteriaInternal autoSizeColumnCriteriaInternal, Boolean fixedHeight)
   w System.Windows.Forms.DataGridView.OnCellCommonChange(Int32 columnIndex, Int32 rowIndex)
   w System.Windows.Forms.DataGridView.OnCellValueChanged(DataGridViewCellEventArgs e)
   w System.Windows.Forms.DataGridViewCell.SetValue(Int32 rowIndex, Object value)
   w GUI.MainForm.slaUpdateRowInfo(Object sender, DoWorkEventArgs e) w C:\CP\ParserGit\JiraParser\GUI\SlaService.cs:wiersz 623

--- Main exception: Source ---
System.Windows.Forms

piątek, 6 września 2019 08:52:20

--- Main exception: Message ---
issueMove[treeView4] nie zawiera IssueId=CRM-76794

--- Main exception: StackTrace ---
   w GUI.MainForm.ModelerForm_sla_ActionFinish(String issueid, String eventName, TreeView tr) w C:\CP\ParserGit\JiraParser\GUI\MainForm.cs:wiersz 6752

--- Main exception: Source ---
GUI

piątek, 6 września 2019 08:52:23

--- Main exception: Message ---
issueMove[treeView4] nie zawiera IssueId=CRM-76794

--- Main exception: StackTrace ---
   w GUI.MainForm.ModelerForm_sla_ActionFinish(String issueid, String eventName, TreeView tr) w C:\CP\ParserGit\JiraParser\GUI\MainForm.cs:wiersz 6752

--- Main exception: Source ---
GUI

piątek, 6 września 2019 08:56:11

--- Main exception: Message ---
Nieprawidłowa operacja między wątkami: do formantu '' uzyskiwany jest dostęp z wątku innego niż wątek, w którym został utworzony.

--- Main exception: StackTrace ---
   w System.Windows.Forms.Control.get_Handle()
   w System.Windows.Forms.ScrollBar.UpdateScrollInfo()
   w System.Windows.Forms.ScrollBar.set_Maximum(Int32 value)
   w System.Windows.Forms.DataGridView.LayoutScrollBars()
   w System.Windows.Forms.DataGridView.ComputeLayout()
   w System.Windows.Forms.DataGridView.PerformLayoutPrivate(Boolean useRowShortcut, Boolean computeVisibleRows, Boolean invalidInAdjustFillingColumns, Boolean repositionEditingControl)
   w System.Windows.Forms.DataGridView.OnColumnWidthChanged(DataGridViewColumnEventArgs e)
   w System.Windows.Forms.DataGridViewBand.set_ThicknessInternal(Int32 value)
   w System.Windows.Forms.DataGridView.AutoResizeColumnInternal(Int32 columnIndex, DataGridViewAutoSizeColumnCriteriaInternal autoSizeColumnCriteriaInternal, Boolean fixedHeight)
   w System.Windows.Forms.DataGridView.OnCellCommonChange(Int32 columnIndex, Int32 rowIndex)
   w System.Windows.Forms.DataGridView.OnCellValueChanged(DataGridViewCellEventArgs e)
   w System.Windows.Forms.DataGridViewCell.SetValue(Int32 rowIndex, Object value)
   w GUI.MainForm.slaUpdateRowInfo(Object sender, DoWorkEventArgs e) w C:\CP\ParserGit\JiraParser\GUI\SlaService.cs:wiersz 623

--- Main exception: Source ---
System.Windows.Forms

piątek, 6 września 2019 09:09:44

Odwołanie do obiektu nie zostało ustawione na wystąpienie obiektu.

piątek, 6 września 2019 09:31:57

Zgłoszenie CRM-76798 dodano automatycznie o godzinie 2019-09-06 09:31:57!
piątek, 6 września 2019 09:31:57

Modyfikacja treeItem checkAsAssignepiątek, 6 września 2019 09:32:03

addCommentJira string jiraKey CRM-76798piątek, 6 września 2019 09:32:03

addCommentJira object sender, DoWorkEventArgs e CRM-76798piątek, 6 września 2019 09:56:11

--- Main exception: Message ---
Nieprawidłowa operacja między wątkami: do formantu '' uzyskiwany jest dostęp z wątku innego niż wątek, w którym został utworzony.

--- Main exception: StackTrace ---
   w System.Windows.Forms.Control.get_Handle()
   w System.Windows.Forms.Control.SetVisibleCore(Boolean value)
   w System.Windows.Forms.DataGridView.LayoutScrollBars()
   w System.Windows.Forms.DataGridView.ComputeLayout()
   w System.Windows.Forms.DataGridView.PerformLayoutPrivate(Boolean useRowShortcut, Boolean computeVisibleRows, Boolean invalidInAdjustFillingColumns, Boolean repositionEditingControl)
   w System.Windows.Forms.DataGridView.OnColumnWidthChanged(DataGridViewColumnEventArgs e)
   w System.Windows.Forms.DataGridViewBand.set_ThicknessInternal(Int32 value)
   w System.Windows.Forms.DataGridView.AutoResizeColumnInternal(Int32 columnIndex, DataGridViewAutoSizeColumnCriteriaInternal autoSizeColumnCriteriaInternal, Boolean fixedHeight)
   w System.Windows.Forms.DataGridView.OnCellCommonChange(Int32 columnIndex, Int32 rowIndex)
   w System.Windows.Forms.DataGridView.OnCellValueChanged(DataGridViewCellEventArgs e)
   w System.Windows.Forms.DataGridViewCell.SetValue(Int32 rowIndex, Object value)
   w GUI.MainForm.slaUpdateRowInfo(Object sender, DoWorkEventArgs e) w C:\CP\ParserGit\JiraParser\GUI\SlaService.cs:wiersz 623

--- Main exception: Source ---
System.Windows.Forms

piątek, 6 września 2019 10:07:56

Zgłoszenie CRM-76799 dodano automatycznie o godzinie 2019-09-06 10:07:56!
piątek, 6 września 2019 10:07:56

Modyfikacja treeItem checkAsAssignepiątek, 6 września 2019 10:08:01

addCommentJira string jiraKey CRM-76799piątek, 6 września 2019 10:08:01

addCommentJira object sender, DoWorkEventArgs e CRM-76799piątek, 6 września 2019 10:19:56

Zgłoszenie WIND-8542 dodano automatycznie o godzinie 2019-09-06 10:19:56!
piątek, 6 września 2019 10:19:56

Modyfikacja treeItem checkAsAssignepiątek, 6 września 2019 10:20:02

addCommentJira string jiraKey WIND-8542piątek, 6 września 2019 10:20:02

addCommentJira object sender, DoWorkEventArgs e WIND-8542piątek, 6 września 2019 10:25:56

Zgłoszenie CRM-76800 dodano automatycznie o godzinie 2019-09-06 10:25:56!
piątek, 6 września 2019 10:25:56

Modyfikacja treeItem checkAsAssignepiątek, 6 września 2019 10:26:03

addCommentJira string jiraKey CRM-76800piątek, 6 września 2019 10:26:03

addCommentJira object sender, DoWorkEventArgs e CRM-76800piątek, 6 września 2019 10:26:16

--- Main exception: Message ---
Nieprawidłowa operacja między wątkami: do formantu '' uzyskiwany jest dostęp z wątku innego niż wątek, w którym został utworzony.

--- Main exception: StackTrace ---
   w System.Windows.Forms.Control.get_Handle()
   w System.Windows.Forms.ScrollBar.UpdateScrollInfo()
   w System.Windows.Forms.ScrollBar.OnEnabledChanged(EventArgs e)
   w System.Windows.Forms.Control.set_Enabled(Boolean value)
   w System.Windows.Forms.DataGridView.LayoutScrollBars()
   w System.Windows.Forms.DataGridView.ComputeLayout()
   w System.Windows.Forms.DataGridView.PerformLayoutPrivate(Boolean useRowShortcut, Boolean computeVisibleRows, Boolean invalidInAdjustFillingColumns, Boolean repositionEditingControl)
   w System.Windows.Forms.DataGridView.OnColumnWidthChanged(DataGridViewColumnEventArgs e)
   w System.Windows.Forms.DataGridViewBand.set_ThicknessInternal(Int32 value)
   w System.Windows.Forms.DataGridView.AutoResizeColumnInternal(Int32 columnIndex, DataGridViewAutoSizeColumnCriteriaInternal autoSizeColumnCriteriaInternal, Boolean fixedHeight)
   w System.Windows.Forms.DataGridView.OnCellCommonChange(Int32 columnIndex, Int32 rowIndex)
   w System.Windows.Forms.DataGridView.OnCellValueChanged(DataGridViewCellEventArgs e)
   w System.Windows.Forms.DataGridViewCell.SetValue(Int32 rowIndex, Object value)
   w GUI.MainForm.slaUpdateRowInfo(Object sender, DoWorkEventArgs e) w C:\CP\ParserGit\JiraParser\GUI\SlaService.cs:wiersz 623

--- Main exception: Source ---
System.Windows.Forms

piątek, 6 września 2019 10:32:04

--- Main exception: Message ---
Nieprawidłowa operacja między wątkami: do formantu '' uzyskiwany jest dostęp z wątku innego niż wątek, w którym został utworzony.

--- Main exception: StackTrace ---
   w System.Windows.Forms.Control.get_Handle()
   w System.Windows.Forms.Control.SetVisibleCore(Boolean value)
   w System.Windows.Forms.DataGridView.LayoutScrollBars()
   w System.Windows.Forms.DataGridView.ComputeLayout()
   w System.Windows.Forms.DataGridView.PerformLayoutPrivate(Boolean useRowShortcut, Boolean computeVisibleRows, Boolean invalidInAdjustFillingColumns, Boolean repositionEditingControl)
   w System.Windows.Forms.DataGridView.OnColumnWidthChanged(DataGridViewColumnEventArgs e)
   w System.Windows.Forms.DataGridViewBand.set_ThicknessInternal(Int32 value)
   w System.Windows.Forms.DataGridView.AutoResizeColumnInternal(Int32 columnIndex, DataGridViewAutoSizeColumnCriteriaInternal autoSizeColumnCriteriaInternal, Boolean fixedHeight)
   w System.Windows.Forms.DataGridView.OnCellCommonChange(Int32 columnIndex, Int32 rowIndex)
   w System.Windows.Forms.DataGridView.OnCellValueChanged(DataGridViewCellEventArgs e)
   w System.Windows.Forms.DataGridViewCell.SetValue(Int32 rowIndex, Object value)
   w GUI.MainForm.slaUpdateRowInfo(Object sender, DoWorkEventArgs e) w C:\CP\ParserGit\JiraParser\GUI\SlaService.cs:wiersz 623

--- Main exception: Source ---
System.Windows.Forms

piątek, 6 września 2019 10:43:57

Zgłoszenie CRM-76801 dodano automatycznie o godzinie 2019-09-06 10:43:57!
piątek, 6 września 2019 10:43:57

Modyfikacja treeItem checkAsAssignepiątek, 6 września 2019 10:44:03

addCommentJira string jiraKey CRM-76801piątek, 6 września 2019 10:44:03

addCommentJira object sender, DoWorkEventArgs e CRM-76801piątek, 6 września 2019 11:14:11

--- Main exception: Message ---
Nieprawidłowa operacja między wątkami: do formantu '' uzyskiwany jest dostęp z wątku innego niż wątek, w którym został utworzony.

--- Main exception: StackTrace ---
   w System.Windows.Forms.Control.get_Handle()
   w System.Windows.Forms.ScrollBar.UpdateScrollInfo()
   w System.Windows.Forms.ScrollBar.OnEnabledChanged(EventArgs e)
   w System.Windows.Forms.Control.set_Enabled(Boolean value)
   w System.Windows.Forms.DataGridView.LayoutScrollBars()
   w System.Windows.Forms.DataGridView.ComputeLayout()
   w System.Windows.Forms.DataGridView.PerformLayoutPrivate(Boolean useRowShortcut, Boolean computeVisibleRows, Boolean invalidInAdjustFillingColumns, Boolean repositionEditingControl)
   w System.Windows.Forms.DataGridView.OnColumnWidthChanged(DataGridViewColumnEventArgs e)
   w System.Windows.Forms.DataGridViewBand.set_ThicknessInternal(Int32 value)
   w System.Windows.Forms.DataGridView.AutoResizeColumnInternal(Int32 columnIndex, DataGridViewAutoSizeColumnCriteriaInternal autoSizeColumnCriteriaInternal, Boolean fixedHeight)
   w System.Windows.Forms.DataGridView.OnCellCommonChange(Int32 columnIndex, Int32 rowIndex)
   w System.Windows.Forms.DataGridView.OnCellValueChanged(DataGridViewCellEventArgs e)
   w System.Windows.Forms.DataGridViewCell.SetValue(Int32 rowIndex, Object value)
   w GUI.MainForm.slaUpdateRowInfo(Object sender, DoWorkEventArgs e) w C:\CP\ParserGit\JiraParser\GUI\SlaService.cs:wiersz 623

--- Main exception: Source ---
System.Windows.Forms

piątek, 6 września 2019 11:19:57

Zgłoszenie CRM-76802 dodano automatycznie o godzinie 2019-09-06 11:19:57!
piątek, 6 września 2019 11:19:57

Modyfikacja treeItem checkAsAssignepiątek, 6 września 2019 11:20:01

Zgłoszenie CRM-76803 dodano automatycznie o godzinie 2019-09-06 11:20:01!
piątek, 6 września 2019 11:20:01

Modyfikacja treeItem checkAsAssignepiątek, 6 września 2019 11:20:02

addCommentJira string jiraKey CRM-76802piątek, 6 września 2019 11:20:02

addCommentJira object sender, DoWorkEventArgs e CRM-76802piątek, 6 września 2019 11:20:08

addCommentJira string jiraKey CRM-76803piątek, 6 września 2019 11:20:08

addCommentJira object sender, DoWorkEventArgs e CRM-76803piątek, 6 września 2019 11:25:58

Zgłoszenie CRM-76804 dodano automatycznie o godzinie 2019-09-06 11:25:58!
piątek, 6 września 2019 11:25:58

Modyfikacja treeItem checkAsAssignepiątek, 6 września 2019 11:26:04

addCommentJira string jiraKey CRM-76804piątek, 6 września 2019 11:26:04

addCommentJira object sender, DoWorkEventArgs e CRM-76804piątek, 6 września 2019 12:38:00

Zgłoszenie CRM-76805 dodano automatycznie o godzinie 2019-09-06 12:38:00!
piątek, 6 września 2019 12:38:01

Modyfikacja treeItem checkAsAssignepiątek, 6 września 2019 12:38:06

addCommentJira string jiraKey CRM-76805piątek, 6 września 2019 12:38:06

addCommentJira object sender, DoWorkEventArgs e CRM-76805piątek, 6 września 2019 12:38:11

Zgłoszenie ZCC-19416 dodano automatycznie o godzinie 2019-09-06 12:38:11!
piątek, 6 września 2019 12:38:11

Modyfikacja treeItem checkAsAssignepiątek, 6 września 2019 12:38:14

addCommentJira string jiraKey ZCC-19416piątek, 6 września 2019 12:38:14

addCommentJira object sender, DoWorkEventArgs e ZCC-19416piątek, 6 września 2019 14:13:17

--- Main exception: Message ---
Zdalny punkt końcowy nie rozpoznaje już tej sekwencji. Jest to prawdopodobnie spowodowane przerwaniem działania w zdalnym punkcie końcowym. The value of wsrm:Identifier is not a known Sequence identifier. Wystąpił błąd uwierzytelnionej sesji.

--- Main exception: StackTrace ---

Server stack trace: 
   w System.ServiceModel.Channels.ReliableRequestSessionChannel.SyncRequest.WaitForReply(TimeSpan timeout)
   w System.ServiceModel.Channels.RequestChannel.Request(Message message, TimeSpan timeout)
   w System.ServiceModel.Dispatcher.RequestChannelBinder.Request(Message message, TimeSpan timeout)
   w System.ServiceModel.Channels.ServiceChannel.Call(String action, Boolean oneway, ProxyOperationRuntime operation, Object[] ins, Object[] outs, TimeSpan timeout)
   w System.ServiceModel.Channels.ServiceChannelProxy.InvokeService(IMethodCallMessage methodCall, ProxyOperationRuntime operation)
   w System.ServiceModel.Channels.ServiceChannelProxy.Invoke(IMessage message)

Exception rethrown at [0]: 
   w System.Runtime.Remoting.Proxies.RealProxy.HandleReturnMessage(IMessage reqMsg, IMessage retMsg)
   w System.Runtime.Remoting.Proxies.RealProxy.PrivateInvoke(MessageData& msgData, Int32 type)
   w DataLayer.HPDataService.IDataService4HP.ExecuteStoredProcedure(User user, String procedureName, String[] parameters, DatabaseName database)
   w DataLayer.Implementation.GatewayDaoWFS.ExecuteStoredProcedure(String procedureName, String[] parameters, DatabaseName database) w C:\CP\ParserGit\JiraParser\DataLayer\Implementation\GatewayDaoWFS.cs:wiersz 138

--- Main exception: Source ---
mscorlib

piątek, 6 września 2019 14:32:02

Zgłoszenie CRM-76806 dodano automatycznie o godzinie 2019-09-06 14:32:02!
piątek, 6 września 2019 14:32:03

Modyfikacja treeItem checkAsAssignepiątek, 6 września 2019 14:32:08

addCommentJira string jiraKey CRM-76806 NIE DODANO KOMENTARZA BO ISTNIEJE WPISpiątek, 6 września 2019 14:32:08

addCommentJira object sender, DoWorkEventArgs e CRM-76806piątek, 6 września 2019 14:32:40

--- Main exception: Message ---
Obiektu komunikacyjnego System.ServiceModel.Channels.ReliableRequestSessionChannel nie można używać do komunikacji, ponieważ jest w stanie Faulted.

--- Main exception: StackTrace ---

Server stack trace: 
   w System.ServiceModel.Channels.ReliableRequestSessionChannel.SyncRequest.WaitForReply(TimeSpan timeout)
   w System.ServiceModel.Channels.RequestChannel.Request(Message message, TimeSpan timeout)
   w System.ServiceModel.Dispatcher.RequestChannelBinder.Request(Message message, TimeSpan timeout)
   w System.ServiceModel.Channels.ServiceChannel.Call(String action, Boolean oneway, ProxyOperationRuntime operation, Object[] ins, Object[] outs, TimeSpan timeout)
   w System.ServiceModel.Channels.ServiceChannelProxy.InvokeService(IMethodCallMessage methodCall, ProxyOperationRuntime operation)
   w System.ServiceModel.Channels.ServiceChannelProxy.Invoke(IMessage message)

Exception rethrown at [0]: 
   w System.Runtime.Remoting.Proxies.RealProxy.HandleReturnMessage(IMessage reqMsg, IMessage retMsg)
   w System.Runtime.Remoting.Proxies.RealProxy.PrivateInvoke(MessageData& msgData, Int32 type)
   w DataLayer.HPDataService.IDataService4HP.GetActionForIssue(User user, Int32 issueId, Int32 userId)
   w DataLayer.Implementation.GatewayDaoWFS.GetActionForIssue(Int32 issueId, Int32 userId) w C:\CP\ParserGit\JiraParser\DataLayer\Implementation\GatewayDaoWFS.cs:wiersz 86
   w LogicLayer.Implementation.ParserEngineWFS.GetActionForIssue(Int32 issueId, Int32 userId) w C:\CP\ParserGit\JiraParser\Logic\Implementation\ParserEngineWFS.cs:wiersz 209
   w GUI.MainForm.GetActionForIssue(Int32 WFSIssueId) w C:\CP\ParserGit\JiraParser\GUI\MainForm.cs:wiersz 5512

--- Main exception: Source ---
mscorlib

