środa, 30 stycznia 2019 01:32:45

--- Main exception: Message ---
Nie jesteś zalogowany lub brak uprawnień

--- Main exception: StackTrace ---
   w Entities.ResultValue`1.GetResult() w C:\CP\ParserGit\JiraParser\Entities\ResultValue.cs:wiersz 52
   w DataLayer.Implementation.GatewayDaoWFS.ExecuteStoredProcedure(String procedureName, String[] parameters, DatabaseName database) w C:\CP\ParserGit\JiraParser\DataLayer\Implementation\GatewayDaoWFS.cs:wiersz 142

--- Main exception: Source ---
Entities

środa, 30 stycznia 2019 07:34:53

addCommentJira string jiraKey CRM-75091środa, 30 stycznia 2019 07:34:53

addCommentJira object sender, DoWorkEventArgs e CRM-75091środa, 30 stycznia 2019 07:35:18

--- Main exception: Message ---
Zmodyfikowano kolekcję. Nie można wykonać operacji wyliczania.

--- Main exception: StackTrace ---
   w System.ThrowHelper.ThrowInvalidOperationException(ExceptionResource resource)
   w System.Collections.Generic.List`1.Enumerator.MoveNextRare()
   w GUI.MainForm.addIssueToTreeNode(String issueNumber, List`1 issue, String treeViewName) w C:\CP\ParserGit\JiraParser\GUI\MainForm.cs:wiersz 6142
   w GUI.MainForm.slaAutoAssigneTakenIssue(Object sender, RunWorkerCompletedEventArgs e) w C:\CP\ParserGit\JiraParser\GUI\SlaService.cs:wiersz 586

--- Main exception: Source ---
mscorlib

środa, 30 stycznia 2019 07:35:26

--- Main exception: Message ---
Zmodyfikowano kolekcję. Nie można wykonać operacji wyliczania.

--- Main exception: StackTrace ---
   w System.ThrowHelper.ThrowInvalidOperationException(ExceptionResource resource)
   w System.Collections.Generic.List`1.Enumerator.MoveNextRare()
   w GUI.MainForm.addIssueToTreeNode(String issueNumber, List`1 issue, String treeViewName) w C:\CP\ParserGit\JiraParser\GUI\MainForm.cs:wiersz 6142
   w GUI.MainForm.slaAutoAssigneTakenIssue(Object sender, RunWorkerCompletedEventArgs e) w C:\CP\ParserGit\JiraParser\GUI\SlaService.cs:wiersz 586

--- Main exception: Source ---
mscorlib

środa, 30 stycznia 2019 07:35:34

--- Main exception: Message ---
Zmodyfikowano kolekcję. Nie można wykonać operacji wyliczania.

--- Main exception: StackTrace ---
   w System.ThrowHelper.ThrowInvalidOperationException(ExceptionResource resource)
   w System.Collections.Generic.List`1.Enumerator.MoveNextRare()
   w GUI.MainForm.addIssueToTreeNode(String issueNumber, List`1 issue, String treeViewName) w C:\CP\ParserGit\JiraParser\GUI\MainForm.cs:wiersz 6142
   w GUI.MainForm.slaAutoAssigneTakenIssue(Object sender, RunWorkerCompletedEventArgs e) w C:\CP\ParserGit\JiraParser\GUI\SlaService.cs:wiersz 586

--- Main exception: Source ---
mscorlib

środa, 30 stycznia 2019 07:35:36

--- Main exception: Message ---
Zmodyfikowano kolekcję. Nie można wykonać operacji wyliczania.

--- Main exception: StackTrace ---
   w System.ThrowHelper.ThrowInvalidOperationException(ExceptionResource resource)
   w System.Collections.Generic.List`1.Enumerator.MoveNextRare()
   w GUI.MainForm.addIssueToTreeNode(String issueNumber, List`1 issue, String treeViewName) w C:\CP\ParserGit\JiraParser\GUI\MainForm.cs:wiersz 6142
   w GUI.MainForm.slaAutoAssigneTakenIssue(Object sender, RunWorkerCompletedEventArgs e) w C:\CP\ParserGit\JiraParser\GUI\SlaService.cs:wiersz 586

--- Main exception: Source ---
mscorlib

środa, 30 stycznia 2019 07:35:36

--- Main exception: Message ---
Zmodyfikowano kolekcję. Nie można wykonać operacji wyliczania.

--- Main exception: StackTrace ---
   w System.ThrowHelper.ThrowInvalidOperationException(ExceptionResource resource)
   w System.Collections.Generic.List`1.Enumerator.MoveNextRare()
   w GUI.MainForm.addIssueToTreeNode(String issueNumber, List`1 issue, String treeViewName) w C:\CP\ParserGit\JiraParser\GUI\MainForm.cs:wiersz 6142
   w GUI.MainForm.slaAutoAssigneTakenIssue(Object sender, RunWorkerCompletedEventArgs e) w C:\CP\ParserGit\JiraParser\GUI\SlaService.cs:wiersz 586

--- Main exception: Source ---
mscorlib

środa, 30 stycznia 2019 07:35:36

--- Main exception: Message ---
Zmodyfikowano kolekcję. Nie można wykonać operacji wyliczania.

--- Main exception: StackTrace ---
   w System.ThrowHelper.ThrowInvalidOperationException(ExceptionResource resource)
   w System.Collections.Generic.List`1.Enumerator.MoveNextRare()
   w GUI.MainForm.addIssueToTreeNode(String issueNumber, List`1 issue, String treeViewName) w C:\CP\ParserGit\JiraParser\GUI\MainForm.cs:wiersz 6142
   w GUI.MainForm.slaAutoAssigneTakenIssue(Object sender, RunWorkerCompletedEventArgs e) w C:\CP\ParserGit\JiraParser\GUI\SlaService.cs:wiersz 586

--- Main exception: Source ---
mscorlib

środa, 30 stycznia 2019 07:35:37

--- Main exception: Message ---
Zmodyfikowano kolekcję. Nie można wykonać operacji wyliczania.

--- Main exception: StackTrace ---
   w System.ThrowHelper.ThrowInvalidOperationException(ExceptionResource resource)
   w System.Collections.Generic.List`1.Enumerator.MoveNextRare()
   w GUI.MainForm.addIssueToTreeNode(String issueNumber, List`1 issue, String treeViewName) w C:\CP\ParserGit\JiraParser\GUI\MainForm.cs:wiersz 6142
   w GUI.MainForm.slaAutoAssigneTakenIssue(Object sender, RunWorkerCompletedEventArgs e) w C:\CP\ParserGit\JiraParser\GUI\SlaService.cs:wiersz 586

--- Main exception: Source ---
mscorlib

środa, 30 stycznia 2019 07:35:42

addCommentJira string jiraKey CRM-75098środa, 30 stycznia 2019 07:35:42

addCommentJira object sender, DoWorkEventArgs e CRM-75098środa, 30 stycznia 2019 07:35:47

addCommentJira string jiraKey CRM-75099środa, 30 stycznia 2019 07:35:47

addCommentJira object sender, DoWorkEventArgs e CRM-75099środa, 30 stycznia 2019 07:35:52

addCommentJira string jiraKey CRM-75100środa, 30 stycznia 2019 07:35:52

addCommentJira object sender, DoWorkEventArgs e CRM-75100środa, 30 stycznia 2019 07:35:58

addCommentJira string jiraKey CRM-75101środa, 30 stycznia 2019 07:35:58

addCommentJira object sender, DoWorkEventArgs e CRM-75101środa, 30 stycznia 2019 07:36:02

addCommentJira string jiraKey KKK-3909środa, 30 stycznia 2019 07:36:02

addCommentJira object sender, DoWorkEventArgs e KKK-3909środa, 30 stycznia 2019 07:36:05

addCommentJira string jiraKey WIND-8058środa, 30 stycznia 2019 07:36:05

addCommentJira object sender, DoWorkEventArgs e WIND-8058środa, 30 stycznia 2019 07:36:09

addCommentJira string jiraKey ZCC-17957środa, 30 stycznia 2019 07:36:09

addCommentJira object sender, DoWorkEventArgs e ZCC-17957środa, 30 stycznia 2019 07:36:13

addCommentJira string jiraKey ZCC-17958środa, 30 stycznia 2019 07:36:13

addCommentJira object sender, DoWorkEventArgs e ZCC-17958środa, 30 stycznia 2019 07:36:17

addCommentJira string jiraKey ZCC-17959środa, 30 stycznia 2019 07:36:17

addCommentJira object sender, DoWorkEventArgs e ZCC-17959środa, 30 stycznia 2019 07:36:24

addCommentJira string jiraKey CRM-75094środa, 30 stycznia 2019 07:36:24

addCommentJira object sender, DoWorkEventArgs e CRM-75094środa, 30 stycznia 2019 07:36:28

addCommentJira string jiraKey CRM-75095środa, 30 stycznia 2019 07:36:28

addCommentJira object sender, DoWorkEventArgs e CRM-75095środa, 30 stycznia 2019 07:36:33

addCommentJira string jiraKey KKK-3908środa, 30 stycznia 2019 07:36:33

addCommentJira object sender, DoWorkEventArgs e KKK-3908środa, 30 stycznia 2019 07:40:28

Automatyczny zapis nowego zgłoszenia Entities.BillingIssueDtoHelios [2019-01-30 07:40:28] 

środa, 30 stycznia 2019 07:40:34

Automatyczny zapis poprawny Entities.BillingIssueDtoHelios [2019-01-30 07:40:34] 

środa, 30 stycznia 2019 07:40:34

Modyfikacja treeItemśroda, 30 stycznia 2019 07:40:34

Status Auto: False 

środa, 30 stycznia 2019 07:40:34

Automatyczny zapis nowego zgłoszenia Entities.BillingIssueDtoHelios [2019-01-30 07:40:34] 

środa, 30 stycznia 2019 07:40:37

Automatyczny zapis poprawny Entities.BillingIssueDtoHelios [2019-01-30 07:40:37] 

środa, 30 stycznia 2019 07:40:37

Modyfikacja treeItemśroda, 30 stycznia 2019 07:40:37

Status Auto: False 

środa, 30 stycznia 2019 07:40:37

Automatyczny zapis nowego zgłoszenia Entities.BillingIssueDtoHelios [2019-01-30 07:40:37] 

środa, 30 stycznia 2019 07:40:39

Automatyczny zapis poprawny Entities.BillingIssueDtoHelios [2019-01-30 07:40:39] 

środa, 30 stycznia 2019 07:40:39

Modyfikacja treeItemśroda, 30 stycznia 2019 07:40:39

Status Auto: False 

środa, 30 stycznia 2019 07:40:39

Automatyczny zapis nowego zgłoszenia Entities.BillingIssueDtoHelios [2019-01-30 07:40:39] 

środa, 30 stycznia 2019 07:40:43

Automatyczny zapis poprawny Entities.BillingIssueDtoHelios [2019-01-30 07:40:43] 

środa, 30 stycznia 2019 07:40:43

Modyfikacja treeItemśroda, 30 stycznia 2019 07:40:43

Status Auto: False 

środa, 30 stycznia 2019 07:40:43

Automatyczny zapis nowego zgłoszenia Entities.BillingIssueDtoHelios [2019-01-30 07:40:43] 

środa, 30 stycznia 2019 07:40:46

Automatyczny zapis poprawny Entities.BillingIssueDtoHelios [2019-01-30 07:40:46] 

środa, 30 stycznia 2019 07:40:46

Modyfikacja treeItemśroda, 30 stycznia 2019 07:40:46

Status Auto: False 

środa, 30 stycznia 2019 07:40:46

Automatyczny zapis nowego zgłoszenia Entities.BillingIssueDtoHelios [2019-01-30 07:40:46] 

środa, 30 stycznia 2019 07:40:48

Automatyczny zapis poprawny Entities.BillingIssueDtoHelios [2019-01-30 07:40:48] 

środa, 30 stycznia 2019 07:40:48

Modyfikacja treeItemśroda, 30 stycznia 2019 07:40:48

Status Auto: False 

środa, 30 stycznia 2019 07:40:48

Automatyczny zapis nowego zgłoszenia Entities.BillingIssueDtoHelios [2019-01-30 07:40:48] 

środa, 30 stycznia 2019 07:40:50

Automatyczny zapis poprawny Entities.BillingIssueDtoHelios [2019-01-30 07:40:50] 

środa, 30 stycznia 2019 07:40:50

Modyfikacja treeItemśroda, 30 stycznia 2019 07:40:50

Status Auto: False 

środa, 30 stycznia 2019 07:40:50

Automatyczny zapis nowego zgłoszenia Entities.BillingIssueDtoHelios [2019-01-30 07:40:50] 

środa, 30 stycznia 2019 07:40:53

Automatyczny zapis poprawny Entities.BillingIssueDtoHelios [2019-01-30 07:40:53] 

środa, 30 stycznia 2019 07:40:53

Modyfikacja treeItemśroda, 30 stycznia 2019 07:40:53

Status Auto: False 

środa, 30 stycznia 2019 07:56:00

addCommentJira string jiraKey CRM-75094środa, 30 stycznia 2019 07:56:00

addCommentJira object sender, DoWorkEventArgs e CRM-75094środa, 30 stycznia 2019 07:56:08

--- Main exception: Message ---
Zmodyfikowano kolekcję. Nie można wykonać operacji wyliczania.

--- Main exception: StackTrace ---
   w System.ThrowHelper.ThrowInvalidOperationException(ExceptionResource resource)
   w System.Collections.Generic.List`1.Enumerator.MoveNextRare()
   w GUI.MainForm.addIssueToTreeNode(String issueNumber, List`1 issue, String treeViewName) w C:\CP\ParserGit\JiraParser\GUI\MainForm.cs:wiersz 6142
   w GUI.MainForm.slaAutoAssigneTakenIssue(Object sender, RunWorkerCompletedEventArgs e) w C:\CP\ParserGit\JiraParser\GUI\SlaService.cs:wiersz 586

--- Main exception: Source ---
mscorlib

środa, 30 stycznia 2019 07:56:17

--- Main exception: Message ---
Zmodyfikowano kolekcję. Nie można wykonać operacji wyliczania.

--- Main exception: StackTrace ---
   w System.ThrowHelper.ThrowInvalidOperationException(ExceptionResource resource)
   w System.Collections.Generic.List`1.Enumerator.MoveNextRare()
   w GUI.MainForm.addIssueToTreeNode(String issueNumber, List`1 issue, String treeViewName) w C:\CP\ParserGit\JiraParser\GUI\MainForm.cs:wiersz 6142
   w GUI.MainForm.slaAutoAssigneTakenIssue(Object sender, RunWorkerCompletedEventArgs e) w C:\CP\ParserGit\JiraParser\GUI\SlaService.cs:wiersz 586

--- Main exception: Source ---
mscorlib

środa, 30 stycznia 2019 07:56:22

--- Main exception: Message ---
Zmodyfikowano kolekcję. Nie można wykonać operacji wyliczania.

--- Main exception: StackTrace ---
   w System.ThrowHelper.ThrowInvalidOperationException(ExceptionResource resource)
   w System.Collections.Generic.List`1.Enumerator.MoveNextRare()
   w GUI.MainForm.addIssueToTreeNode(String issueNumber, List`1 issue, String treeViewName) w C:\CP\ParserGit\JiraParser\GUI\MainForm.cs:wiersz 6142
   w GUI.MainForm.slaAutoAssigneTakenIssue(Object sender, RunWorkerCompletedEventArgs e) w C:\CP\ParserGit\JiraParser\GUI\SlaService.cs:wiersz 586

--- Main exception: Source ---
mscorlib

środa, 30 stycznia 2019 07:56:57

--- Main exception: Message ---
Zmodyfikowano kolekcję. Nie można wykonać operacji wyliczania.

--- Main exception: StackTrace ---
   w System.ThrowHelper.ThrowInvalidOperationException(ExceptionResource resource)
   w System.Collections.Generic.List`1.Enumerator.MoveNextRare()
   w GUI.MainForm.addIssueToTreeNode(String issueNumber, List`1 issue, String treeViewName) w C:\CP\ParserGit\JiraParser\GUI\MainForm.cs:wiersz 6142
   w GUI.MainForm.slaAutoAssigneTakenIssue(Object sender, RunWorkerCompletedEventArgs e) w C:\CP\ParserGit\JiraParser\GUI\SlaService.cs:wiersz 586

--- Main exception: Source ---
mscorlib

środa, 30 stycznia 2019 07:57:07

--- Main exception: Message ---
Zmodyfikowano kolekcję. Nie można wykonać operacji wyliczania.

--- Main exception: StackTrace ---
   w System.ThrowHelper.ThrowInvalidOperationException(ExceptionResource resource)
   w System.Collections.Generic.List`1.Enumerator.MoveNextRare()
   w GUI.MainForm.addIssueToTreeNode(String issueNumber, List`1 issue, String treeViewName) w C:\CP\ParserGit\JiraParser\GUI\MainForm.cs:wiersz 6142
   w GUI.MainForm.slaAutoAssigneTakenIssue(Object sender, RunWorkerCompletedEventArgs e) w C:\CP\ParserGit\JiraParser\GUI\SlaService.cs:wiersz 586

--- Main exception: Source ---
mscorlib

środa, 30 stycznia 2019 07:57:50

--- Main exception: Message ---
Zmodyfikowano kolekcję. Nie można wykonać operacji wyliczania.

--- Main exception: StackTrace ---
   w System.ThrowHelper.ThrowInvalidOperationException(ExceptionResource resource)
   w System.Collections.Generic.List`1.Enumerator.MoveNextRare()
   w GUI.MainForm.addIssueToTreeNode(String issueNumber, List`1 issue, String treeViewName) w C:\CP\ParserGit\JiraParser\GUI\MainForm.cs:wiersz 6142
   w GUI.MainForm.slaAutoAssigneTakenIssue(Object sender, RunWorkerCompletedEventArgs e) w C:\CP\ParserGit\JiraParser\GUI\SlaService.cs:wiersz 586

--- Main exception: Source ---
mscorlib

środa, 30 stycznia 2019 07:57:50

--- Main exception: Message ---
Zmodyfikowano kolekcję. Nie można wykonać operacji wyliczania.

--- Main exception: StackTrace ---
   w System.ThrowHelper.ThrowInvalidOperationException(ExceptionResource resource)
   w System.Collections.Generic.List`1.Enumerator.MoveNextRare()
   w GUI.MainForm.addIssueToTreeNode(String issueNumber, List`1 issue, String treeViewName) w C:\CP\ParserGit\JiraParser\GUI\MainForm.cs:wiersz 6142
   w GUI.MainForm.slaAutoAssigneTakenIssue(Object sender, RunWorkerCompletedEventArgs e) w C:\CP\ParserGit\JiraParser\GUI\SlaService.cs:wiersz 586

--- Main exception: Source ---
mscorlib

środa, 30 stycznia 2019 07:58:30

--- Main exception: Message ---
Zmodyfikowano kolekcję. Nie można wykonać operacji wyliczania.

--- Main exception: StackTrace ---
   w System.ThrowHelper.ThrowInvalidOperationException(ExceptionResource resource)
   w System.Collections.Generic.List`1.Enumerator.MoveNextRare()
   w GUI.MainForm.addIssueToTreeNode(String issueNumber, List`1 issue, String treeViewName) w C:\CP\ParserGit\JiraParser\GUI\MainForm.cs:wiersz 6142
   w GUI.MainForm.slaAutoAssigneTakenIssue(Object sender, RunWorkerCompletedEventArgs e) w C:\CP\ParserGit\JiraParser\GUI\SlaService.cs:wiersz 586

--- Main exception: Source ---
mscorlib

środa, 30 stycznia 2019 08:09:40

Zgłoszenie CRM-75094 dodano automatycznie o godzinie 2019-01-30 08:09:40!
środa, 30 stycznia 2019 08:09:42

addCommentJira string jiraKey CRM-75094środa, 30 stycznia 2019 08:09:42

addCommentJira object sender, DoWorkEventArgs e CRM-75094środa, 30 stycznia 2019 08:09:45

Zgłoszenie CRM-75099 dodano automatycznie o godzinie 2019-01-30 08:09:45!
środa, 30 stycznia 2019 08:09:49

--- Main exception: Message ---
Zmodyfikowano kolekcję. Nie można wykonać operacji wyliczania.

--- Main exception: StackTrace ---
   w System.ThrowHelper.ThrowInvalidOperationException(ExceptionResource resource)
   w System.Collections.Generic.List`1.Enumerator.MoveNextRare()
   w GUI.MainForm.addIssueToTreeNode(String issueNumber, List`1 issue, String treeViewName) w C:\CP\ParserGit\JiraParser\GUI\MainForm.cs:wiersz 6142
   w GUI.MainForm.slaAutoAssigneTakenIssue(Object sender, RunWorkerCompletedEventArgs e) w C:\CP\ParserGit\JiraParser\GUI\SlaService.cs:wiersz 586

--- Main exception: Source ---
mscorlib

środa, 30 stycznia 2019 08:09:54

--- Main exception: Message ---
Zmodyfikowano kolekcję. Nie można wykonać operacji wyliczania.

--- Main exception: StackTrace ---
   w System.ThrowHelper.ThrowInvalidOperationException(ExceptionResource resource)
   w System.Collections.Generic.List`1.Enumerator.MoveNextRare()
   w GUI.MainForm.addIssueToTreeNode(String issueNumber, List`1 issue, String treeViewName) w C:\CP\ParserGit\JiraParser\GUI\MainForm.cs:wiersz 6142
   w GUI.MainForm.slaAutoAssigneTakenIssue(Object sender, RunWorkerCompletedEventArgs e) w C:\CP\ParserGit\JiraParser\GUI\SlaService.cs:wiersz 586

--- Main exception: Source ---
mscorlib

środa, 30 stycznia 2019 08:09:56

--- Main exception: Message ---
Zmodyfikowano kolekcję. Nie można wykonać operacji wyliczania.

--- Main exception: StackTrace ---
   w System.ThrowHelper.ThrowInvalidOperationException(ExceptionResource resource)
   w System.Collections.Generic.List`1.Enumerator.MoveNextRare()
   w GUI.MainForm.addIssueToTreeNode(String issueNumber, List`1 issue, String treeViewName) w C:\CP\ParserGit\JiraParser\GUI\MainForm.cs:wiersz 6142
   w GUI.MainForm.slaAutoAssigneTakenIssue(Object sender, RunWorkerCompletedEventArgs e) w C:\CP\ParserGit\JiraParser\GUI\SlaService.cs:wiersz 586

--- Main exception: Source ---
mscorlib

środa, 30 stycznia 2019 08:10:02

--- Main exception: Message ---
Zmodyfikowano kolekcję. Nie można wykonać operacji wyliczania.

--- Main exception: StackTrace ---
   w System.ThrowHelper.ThrowInvalidOperationException(ExceptionResource resource)
   w System.Collections.Generic.List`1.Enumerator.MoveNextRare()
   w GUI.MainForm.addIssueToTreeNode(String issueNumber, List`1 issue, String treeViewName) w C:\CP\ParserGit\JiraParser\GUI\MainForm.cs:wiersz 6142
   w GUI.MainForm.slaAutoAssigneTakenIssue(Object sender, RunWorkerCompletedEventArgs e) w C:\CP\ParserGit\JiraParser\GUI\SlaService.cs:wiersz 586

--- Main exception: Source ---
mscorlib

środa, 30 stycznia 2019 08:10:02

--- Main exception: Message ---
Zmodyfikowano kolekcję. Nie można wykonać operacji wyliczania.

--- Main exception: StackTrace ---
   w System.ThrowHelper.ThrowInvalidOperationException(ExceptionResource resource)
   w System.Collections.Generic.List`1.Enumerator.MoveNextRare()
   w GUI.MainForm.addIssueToTreeNode(String issueNumber, List`1 issue, String treeViewName) w C:\CP\ParserGit\JiraParser\GUI\MainForm.cs:wiersz 6142
   w GUI.MainForm.slaAutoAssigneTakenIssue(Object sender, RunWorkerCompletedEventArgs e) w C:\CP\ParserGit\JiraParser\GUI\SlaService.cs:wiersz 586

--- Main exception: Source ---
mscorlib

środa, 30 stycznia 2019 08:10:06

--- Main exception: Message ---
Zmodyfikowano kolekcję. Nie można wykonać operacji wyliczania.

--- Main exception: StackTrace ---
   w System.ThrowHelper.ThrowInvalidOperationException(ExceptionResource resource)
   w System.Collections.Generic.List`1.Enumerator.MoveNextRare()
   w GUI.MainForm.addIssueToTreeNode(String issueNumber, List`1 issue, String treeViewName) w C:\CP\ParserGit\JiraParser\GUI\MainForm.cs:wiersz 6142
   w GUI.MainForm.slaAutoAssigneTakenIssue(Object sender, RunWorkerCompletedEventArgs e) w C:\CP\ParserGit\JiraParser\GUI\SlaService.cs:wiersz 586

--- Main exception: Source ---
mscorlib

środa, 30 stycznia 2019 08:10:09

--- Main exception: Message ---
Odwołanie do obiektu nie zostało ustawione na wystąpienie obiektu.

--- Main exception: StackTrace ---
   w System.Collections.Generic.Dictionary`2.Insert(TKey key, TValue value, Boolean add)
   w GUI.MainForm.addIssueToTreeNode(String issueNumber, List`1 issue, String treeViewName) w C:\CP\ParserGit\JiraParser\GUI\MainForm.cs:wiersz 6176
   w GUI.MainForm.slaAutoAssigneTakenIssue(Object sender, RunWorkerCompletedEventArgs e) w C:\CP\ParserGit\JiraParser\GUI\SlaService.cs:wiersz 586

--- Main exception: Source ---
mscorlib

środa, 30 stycznia 2019 08:10:09

--- Main exception: Message ---
Zmodyfikowano kolekcję. Nie można wykonać operacji wyliczania.

--- Main exception: StackTrace ---
   w System.ThrowHelper.ThrowInvalidOperationException(ExceptionResource resource)
   w System.Collections.Generic.Dictionary`2.Enumerator.MoveNext()
   w System.Linq.Enumerable.Any[TSource](IEnumerable`1 source, Func`2 predicate)
   w GUI.MainForm.addIssueToTreeNode(String issueNumber, List`1 issue, String treeViewName) w C:\CP\ParserGit\JiraParser\GUI\MainForm.cs:wiersz 6175
   w GUI.MainForm.slaAutoAssigneTakenIssue(Object sender, RunWorkerCompletedEventArgs e) w C:\CP\ParserGit\JiraParser\GUI\SlaService.cs:wiersz 586

--- Main exception: Source ---
mscorlib

środa, 30 stycznia 2019 08:10:09

--- Main exception: Message ---
Zmodyfikowano kolekcję. Nie można wykonać operacji wyliczania.

--- Main exception: StackTrace ---
   w System.ThrowHelper.ThrowInvalidOperationException(ExceptionResource resource)
   w System.Collections.Generic.Dictionary`2.Enumerator.MoveNext()
   w System.Linq.Enumerable.Any[TSource](IEnumerable`1 source, Func`2 predicate)
   w GUI.MainForm.addIssueToTreeNode(String issueNumber, List`1 issue, String treeViewName) w C:\CP\ParserGit\JiraParser\GUI\MainForm.cs:wiersz 6175
   w GUI.MainForm.slaAutoAssigneTakenIssue(Object sender, RunWorkerCompletedEventArgs e) w C:\CP\ParserGit\JiraParser\GUI\SlaService.cs:wiersz 586

--- Main exception: Source ---
mscorlib

środa, 30 stycznia 2019 08:10:09

--- Main exception: Message ---
Odwołanie do obiektu nie zostało ustawione na wystąpienie obiektu.

--- Main exception: StackTrace ---
   w System.Collections.Generic.Dictionary`2.Insert(TKey key, TValue value, Boolean add)
   w GUI.MainForm.addIssueToTreeNode(String issueNumber, List`1 issue, String treeViewName) w C:\CP\ParserGit\JiraParser\GUI\MainForm.cs:wiersz 6176
   w GUI.MainForm.slaAutoAssigneTakenIssue(Object sender, RunWorkerCompletedEventArgs e) w C:\CP\ParserGit\JiraParser\GUI\SlaService.cs:wiersz 586

--- Main exception: Source ---
mscorlib

środa, 30 stycznia 2019 08:10:11

addCommentJira string jiraKey CRM-75099środa, 30 stycznia 2019 08:10:11

addCommentJira object sender, DoWorkEventArgs e CRM-75099środa, 30 stycznia 2019 08:10:14

--- Main exception: Message ---
Zmodyfikowano kolekcję. Nie można wykonać operacji wyliczania.

--- Main exception: StackTrace ---
   w System.ThrowHelper.ThrowInvalidOperationException(ExceptionResource resource)
   w System.Collections.Generic.List`1.Enumerator.MoveNextRare()
   w GUI.MainForm.addIssueToTreeNode(String issueNumber, List`1 issue, String treeViewName) w C:\CP\ParserGit\JiraParser\GUI\MainForm.cs:wiersz 6142
   w GUI.MainForm.slaAutoAssigneTakenIssue(Object sender, RunWorkerCompletedEventArgs e) w C:\CP\ParserGit\JiraParser\GUI\SlaService.cs:wiersz 586

--- Main exception: Source ---
mscorlib

środa, 30 stycznia 2019 08:10:15

--- Main exception: Message ---
Zmodyfikowano kolekcję. Nie można wykonać operacji wyliczania.

--- Main exception: StackTrace ---
   w System.ThrowHelper.ThrowInvalidOperationException(ExceptionResource resource)
   w System.Collections.Generic.List`1.Enumerator.MoveNextRare()
   w GUI.MainForm.addIssueToTreeNode(String issueNumber, List`1 issue, String treeViewName) w C:\CP\ParserGit\JiraParser\GUI\MainForm.cs:wiersz 6142
   w GUI.MainForm.slaAutoAssigneTakenIssue(Object sender, RunWorkerCompletedEventArgs e) w C:\CP\ParserGit\JiraParser\GUI\SlaService.cs:wiersz 586

--- Main exception: Source ---
mscorlib

środa, 30 stycznia 2019 08:10:16

--- Main exception: Message ---
Zmodyfikowano kolekcję. Nie można wykonać operacji wyliczania.

--- Main exception: StackTrace ---
   w System.ThrowHelper.ThrowInvalidOperationException(ExceptionResource resource)
   w System.Collections.Generic.List`1.Enumerator.MoveNextRare()
   w GUI.MainForm.addIssueToTreeNode(String issueNumber, List`1 issue, String treeViewName) w C:\CP\ParserGit\JiraParser\GUI\MainForm.cs:wiersz 6142
   w GUI.MainForm.slaAutoAssigneTakenIssue(Object sender, RunWorkerCompletedEventArgs e) w C:\CP\ParserGit\JiraParser\GUI\SlaService.cs:wiersz 586

--- Main exception: Source ---
mscorlib

środa, 30 stycznia 2019 08:10:17

--- Main exception: Message ---
Zmodyfikowano kolekcję. Nie można wykonać operacji wyliczania.

--- Main exception: StackTrace ---
   w System.ThrowHelper.ThrowInvalidOperationException(ExceptionResource resource)
   w System.Collections.Generic.List`1.Enumerator.MoveNextRare()
   w GUI.MainForm.addIssueToTreeNode(String issueNumber, List`1 issue, String treeViewName) w C:\CP\ParserGit\JiraParser\GUI\MainForm.cs:wiersz 6142
   w GUI.MainForm.slaAutoAssigneTakenIssue(Object sender, RunWorkerCompletedEventArgs e) w C:\CP\ParserGit\JiraParser\GUI\SlaService.cs:wiersz 586

--- Main exception: Source ---
mscorlib

środa, 30 stycznia 2019 08:10:20

--- Main exception: Message ---
Zmodyfikowano kolekcję. Nie można wykonać operacji wyliczania.

--- Main exception: StackTrace ---
   w System.ThrowHelper.ThrowInvalidOperationException(ExceptionResource resource)
   w System.Collections.Generic.List`1.Enumerator.MoveNextRare()
   w GUI.MainForm.addIssueToTreeNode(String issueNumber, List`1 issue, String treeViewName) w C:\CP\ParserGit\JiraParser\GUI\MainForm.cs:wiersz 6142
   w GUI.MainForm.slaAutoAssigneTakenIssue(Object sender, RunWorkerCompletedEventArgs e) w C:\CP\ParserGit\JiraParser\GUI\SlaService.cs:wiersz 586

--- Main exception: Source ---
mscorlib

środa, 30 stycznia 2019 08:10:25

Zgłoszenie CRM-75100 dodano automatycznie o godzinie 2019-01-30 08:10:25!
środa, 30 stycznia 2019 08:10:28

addCommentJira string jiraKey CRM-75100środa, 30 stycznia 2019 08:10:28

addCommentJira object sender, DoWorkEventArgs e CRM-75100środa, 30 stycznia 2019 08:10:36

Zgłoszenie KKK-3908 dodano automatycznie o godzinie 2019-01-30 08:10:36!
środa, 30 stycznia 2019 08:10:39

addCommentJira string jiraKey KKK-3908środa, 30 stycznia 2019 08:10:39

addCommentJira object sender, DoWorkEventArgs e KKK-3908środa, 30 stycznia 2019 08:15:36

--- Main exception: Message ---
Zmodyfikowano kolekcję. Nie można wykonać operacji wyliczania.

--- Main exception: StackTrace ---
   w System.ThrowHelper.ThrowInvalidOperationException(ExceptionResource resource)
   w System.Collections.Generic.List`1.Enumerator.MoveNextRare()
   w GUI.MainForm.addIssueToTreeNode(String issueNumber, List`1 issue, String treeViewName) w C:\CP\ParserGit\JiraParser\GUI\MainForm.cs:wiersz 6142
   w GUI.MainForm.slaAutoAssigneTakenIssue(Object sender, RunWorkerCompletedEventArgs e) w C:\CP\ParserGit\JiraParser\GUI\SlaService.cs:wiersz 586

--- Main exception: Source ---
mscorlib

środa, 30 stycznia 2019 08:15:40

--- Main exception: Message ---
Zmodyfikowano kolekcję. Nie można wykonać operacji wyliczania.

--- Main exception: StackTrace ---
   w System.ThrowHelper.ThrowInvalidOperationException(ExceptionResource resource)
   w System.Collections.Generic.List`1.Enumerator.MoveNextRare()
   w GUI.MainForm.addIssueToTreeNode(String issueNumber, List`1 issue, String treeViewName) w C:\CP\ParserGit\JiraParser\GUI\MainForm.cs:wiersz 6142
   w GUI.MainForm.slaAutoAssigneTakenIssue(Object sender, RunWorkerCompletedEventArgs e) w C:\CP\ParserGit\JiraParser\GUI\SlaService.cs:wiersz 586

--- Main exception: Source ---
mscorlib

środa, 30 stycznia 2019 08:15:42

--- Main exception: Message ---
Zmodyfikowano kolekcję. Nie można wykonać operacji wyliczania.

--- Main exception: StackTrace ---
   w System.ThrowHelper.ThrowInvalidOperationException(ExceptionResource resource)
   w System.Collections.Generic.List`1.Enumerator.MoveNextRare()
   w GUI.MainForm.addIssueToTreeNode(String issueNumber, List`1 issue, String treeViewName) w C:\CP\ParserGit\JiraParser\GUI\MainForm.cs:wiersz 6142
   w GUI.MainForm.slaAutoAssigneTakenIssue(Object sender, RunWorkerCompletedEventArgs e) w C:\CP\ParserGit\JiraParser\GUI\SlaService.cs:wiersz 586

--- Main exception: Source ---
mscorlib

środa, 30 stycznia 2019 08:15:49

--- Main exception: Message ---
Zmodyfikowano kolekcję. Nie można wykonać operacji wyliczania.

--- Main exception: StackTrace ---
   w System.ThrowHelper.ThrowInvalidOperationException(ExceptionResource resource)
   w System.Collections.Generic.List`1.Enumerator.MoveNextRare()
   w GUI.MainForm.addIssueToTreeNode(String issueNumber, List`1 issue, String treeViewName) w C:\CP\ParserGit\JiraParser\GUI\MainForm.cs:wiersz 6142
   w GUI.MainForm.slaAutoAssigneTakenIssue(Object sender, RunWorkerCompletedEventArgs e) w C:\CP\ParserGit\JiraParser\GUI\SlaService.cs:wiersz 586

--- Main exception: Source ---
mscorlib

środa, 30 stycznia 2019 08:15:50

--- Main exception: Message ---
Zmodyfikowano kolekcję. Nie można wykonać operacji wyliczania.

--- Main exception: StackTrace ---
   w System.ThrowHelper.ThrowInvalidOperationException(ExceptionResource resource)
   w System.Collections.Generic.List`1.Enumerator.MoveNextRare()
   w GUI.MainForm.addIssueToTreeNode(String issueNumber, List`1 issue, String treeViewName) w C:\CP\ParserGit\JiraParser\GUI\MainForm.cs:wiersz 6142
   w GUI.MainForm.slaAutoAssigneTakenIssue(Object sender, RunWorkerCompletedEventArgs e) w C:\CP\ParserGit\JiraParser\GUI\SlaService.cs:wiersz 586

--- Main exception: Source ---
mscorlib

środa, 30 stycznia 2019 08:15:52

--- Main exception: Message ---
Zmodyfikowano kolekcję. Nie można wykonać operacji wyliczania.

--- Main exception: StackTrace ---
   w System.ThrowHelper.ThrowInvalidOperationException(ExceptionResource resource)
   w System.Collections.Generic.List`1.Enumerator.MoveNextRare()
   w GUI.MainForm.addIssueToTreeNode(String issueNumber, List`1 issue, String treeViewName) w C:\CP\ParserGit\JiraParser\GUI\MainForm.cs:wiersz 6142
   w GUI.MainForm.slaAutoAssigneTakenIssue(Object sender, RunWorkerCompletedEventArgs e) w C:\CP\ParserGit\JiraParser\GUI\SlaService.cs:wiersz 586

--- Main exception: Source ---
mscorlib

środa, 30 stycznia 2019 08:15:57

--- Main exception: Message ---
Zmodyfikowano kolekcję. Nie można wykonać operacji wyliczania.

--- Main exception: StackTrace ---
   w System.ThrowHelper.ThrowInvalidOperationException(ExceptionResource resource)
   w System.Collections.Generic.List`1.Enumerator.MoveNextRare()
   w GUI.MainForm.addIssueToTreeNode(String issueNumber, List`1 issue, String treeViewName) w C:\CP\ParserGit\JiraParser\GUI\MainForm.cs:wiersz 6142
   w GUI.MainForm.slaAutoAssigneTakenIssue(Object sender, RunWorkerCompletedEventArgs e) w C:\CP\ParserGit\JiraParser\GUI\SlaService.cs:wiersz 586

--- Main exception: Source ---
mscorlib

środa, 30 stycznia 2019 08:16:00

--- Main exception: Message ---
Zmodyfikowano kolekcję. Nie można wykonać operacji wyliczania.

--- Main exception: StackTrace ---
   w System.ThrowHelper.ThrowInvalidOperationException(ExceptionResource resource)
   w System.Collections.Generic.List`1.Enumerator.MoveNextRare()
   w GUI.MainForm.addIssueToTreeNode(String issueNumber, List`1 issue, String treeViewName) w C:\CP\ParserGit\JiraParser\GUI\MainForm.cs:wiersz 6142
   w GUI.MainForm.slaAutoAssigneTakenIssue(Object sender, RunWorkerCompletedEventArgs e) w C:\CP\ParserGit\JiraParser\GUI\SlaService.cs:wiersz 586

--- Main exception: Source ---
mscorlib

środa, 30 stycznia 2019 08:16:02

--- Main exception: Message ---
Zmodyfikowano kolekcję. Nie można wykonać operacji wyliczania.

--- Main exception: StackTrace ---
   w System.ThrowHelper.ThrowInvalidOperationException(ExceptionResource resource)
   w System.Collections.Generic.List`1.Enumerator.MoveNextRare()
   w GUI.MainForm.addIssueToTreeNode(String issueNumber, List`1 issue, String treeViewName) w C:\CP\ParserGit\JiraParser\GUI\MainForm.cs:wiersz 6142
   w GUI.MainForm.slaAutoAssigneTakenIssue(Object sender, RunWorkerCompletedEventArgs e) w C:\CP\ParserGit\JiraParser\GUI\SlaService.cs:wiersz 586

--- Main exception: Source ---
mscorlib

środa, 30 stycznia 2019 08:16:05

--- Main exception: Message ---
Zmodyfikowano kolekcję. Nie można wykonać operacji wyliczania.

--- Main exception: StackTrace ---
   w System.ThrowHelper.ThrowInvalidOperationException(ExceptionResource resource)
   w System.Collections.Generic.List`1.Enumerator.MoveNextRare()
   w GUI.MainForm.addIssueToTreeNode(String issueNumber, List`1 issue, String treeViewName) w C:\CP\ParserGit\JiraParser\GUI\MainForm.cs:wiersz 6142
   w GUI.MainForm.slaAutoAssigneTakenIssue(Object sender, RunWorkerCompletedEventArgs e) w C:\CP\ParserGit\JiraParser\GUI\SlaService.cs:wiersz 586

--- Main exception: Source ---
mscorlib

środa, 30 stycznia 2019 08:16:06

--- Main exception: Message ---
Zmodyfikowano kolekcję. Nie można wykonać operacji wyliczania.

--- Main exception: StackTrace ---
   w System.ThrowHelper.ThrowInvalidOperationException(ExceptionResource resource)
   w System.Collections.Generic.List`1.Enumerator.MoveNextRare()
   w GUI.MainForm.addIssueToTreeNode(String issueNumber, List`1 issue, String treeViewName) w C:\CP\ParserGit\JiraParser\GUI\MainForm.cs:wiersz 6142
   w GUI.MainForm.slaAutoAssigneTakenIssue(Object sender, RunWorkerCompletedEventArgs e) w C:\CP\ParserGit\JiraParser\GUI\SlaService.cs:wiersz 586

--- Main exception: Source ---
mscorlib

środa, 30 stycznia 2019 08:16:08

--- Main exception: Message ---
Zmodyfikowano kolekcję. Nie można wykonać operacji wyliczania.

--- Main exception: StackTrace ---
   w System.ThrowHelper.ThrowInvalidOperationException(ExceptionResource resource)
   w System.Collections.Generic.List`1.Enumerator.MoveNextRare()
   w GUI.MainForm.addIssueToTreeNode(String issueNumber, List`1 issue, String treeViewName) w C:\CP\ParserGit\JiraParser\GUI\MainForm.cs:wiersz 6142
   w GUI.MainForm.slaAutoAssigneTakenIssue(Object sender, RunWorkerCompletedEventArgs e) w C:\CP\ParserGit\JiraParser\GUI\SlaService.cs:wiersz 586

--- Main exception: Source ---
mscorlib

środa, 30 stycznia 2019 08:21:34

--- Main exception: Message ---
Zmodyfikowano kolekcję. Nie można wykonać operacji wyliczania.

--- Main exception: StackTrace ---
   w System.ThrowHelper.ThrowInvalidOperationException(ExceptionResource resource)
   w System.Collections.Generic.List`1.Enumerator.MoveNextRare()
   w GUI.MainForm.addIssueToTreeNode(String issueNumber, List`1 issue, String treeViewName) w C:\CP\ParserGit\JiraParser\GUI\MainForm.cs:wiersz 6142
   w GUI.MainForm.slaAutoAssigneTakenIssue(Object sender, RunWorkerCompletedEventArgs e) w C:\CP\ParserGit\JiraParser\GUI\SlaService.cs:wiersz 586

--- Main exception: Source ---
mscorlib

środa, 30 stycznia 2019 08:21:44

--- Main exception: Message ---
Zmodyfikowano kolekcję. Nie można wykonać operacji wyliczania.

--- Main exception: StackTrace ---
   w System.ThrowHelper.ThrowInvalidOperationException(ExceptionResource resource)
   w System.Collections.Generic.List`1.Enumerator.MoveNextRare()
   w GUI.MainForm.addIssueToTreeNode(String issueNumber, List`1 issue, String treeViewName) w C:\CP\ParserGit\JiraParser\GUI\MainForm.cs:wiersz 6142
   w GUI.MainForm.slaAutoAssigneTakenIssue(Object sender, RunWorkerCompletedEventArgs e) w C:\CP\ParserGit\JiraParser\GUI\SlaService.cs:wiersz 586

--- Main exception: Source ---
mscorlib

środa, 30 stycznia 2019 08:21:48

--- Main exception: Message ---
Zmodyfikowano kolekcję. Nie można wykonać operacji wyliczania.

--- Main exception: StackTrace ---
   w System.ThrowHelper.ThrowInvalidOperationException(ExceptionResource resource)
   w System.Collections.Generic.List`1.Enumerator.MoveNextRare()
   w GUI.MainForm.addIssueToTreeNode(String issueNumber, List`1 issue, String treeViewName) w C:\CP\ParserGit\JiraParser\GUI\MainForm.cs:wiersz 6142
   w GUI.MainForm.slaAutoAssigneTakenIssue(Object sender, RunWorkerCompletedEventArgs e) w C:\CP\ParserGit\JiraParser\GUI\SlaService.cs:wiersz 586

--- Main exception: Source ---
mscorlib

środa, 30 stycznia 2019 08:21:49

--- Main exception: Message ---
Zmodyfikowano kolekcję. Nie można wykonać operacji wyliczania.

--- Main exception: StackTrace ---
   w System.ThrowHelper.ThrowInvalidOperationException(ExceptionResource resource)
   w System.Collections.Generic.List`1.Enumerator.MoveNextRare()
   w GUI.MainForm.addIssueToTreeNode(String issueNumber, List`1 issue, String treeViewName) w C:\CP\ParserGit\JiraParser\GUI\MainForm.cs:wiersz 6142
   w GUI.MainForm.slaAutoAssigneTakenIssue(Object sender, RunWorkerCompletedEventArgs e) w C:\CP\ParserGit\JiraParser\GUI\SlaService.cs:wiersz 586

--- Main exception: Source ---
mscorlib

środa, 30 stycznia 2019 08:21:51

--- Main exception: Message ---
Zmodyfikowano kolekcję. Nie można wykonać operacji wyliczania.

--- Main exception: StackTrace ---
   w System.ThrowHelper.ThrowInvalidOperationException(ExceptionResource resource)
   w System.Collections.Generic.List`1.Enumerator.MoveNextRare()
   w GUI.MainForm.addIssueToTreeNode(String issueNumber, List`1 issue, String treeViewName) w C:\CP\ParserGit\JiraParser\GUI\MainForm.cs:wiersz 6142
   w GUI.MainForm.slaAutoAssigneTakenIssue(Object sender, RunWorkerCompletedEventArgs e) w C:\CP\ParserGit\JiraParser\GUI\SlaService.cs:wiersz 586

--- Main exception: Source ---
mscorlib

środa, 30 stycznia 2019 08:21:55

--- Main exception: Message ---
Zmodyfikowano kolekcję. Nie można wykonać operacji wyliczania.

--- Main exception: StackTrace ---
   w System.ThrowHelper.ThrowInvalidOperationException(ExceptionResource resource)
   w System.Collections.Generic.List`1.Enumerator.MoveNextRare()
   w GUI.MainForm.addIssueToTreeNode(String issueNumber, List`1 issue, String treeViewName) w C:\CP\ParserGit\JiraParser\GUI\MainForm.cs:wiersz 6142
   w GUI.MainForm.slaAutoAssigneTakenIssue(Object sender, RunWorkerCompletedEventArgs e) w C:\CP\ParserGit\JiraParser\GUI\SlaService.cs:wiersz 586

--- Main exception: Source ---
mscorlib

środa, 30 stycznia 2019 08:22:00

--- Main exception: Message ---
Zmodyfikowano kolekcję. Nie można wykonać operacji wyliczania.

--- Main exception: StackTrace ---
   w System.ThrowHelper.ThrowInvalidOperationException(ExceptionResource resource)
   w System.Collections.Generic.List`1.Enumerator.MoveNextRare()
   w GUI.MainForm.addIssueToTreeNode(String issueNumber, List`1 issue, String treeViewName) w C:\CP\ParserGit\JiraParser\GUI\MainForm.cs:wiersz 6142
   w GUI.MainForm.slaAutoAssigneTakenIssue(Object sender, RunWorkerCompletedEventArgs e) w C:\CP\ParserGit\JiraParser\GUI\SlaService.cs:wiersz 586

--- Main exception: Source ---
mscorlib

środa, 30 stycznia 2019 08:22:01

--- Main exception: Message ---
Zmodyfikowano kolekcję. Nie można wykonać operacji wyliczania.

--- Main exception: StackTrace ---
   w System.ThrowHelper.ThrowInvalidOperationException(ExceptionResource resource)
   w System.Collections.Generic.List`1.Enumerator.MoveNextRare()
   w GUI.MainForm.addIssueToTreeNode(String issueNumber, List`1 issue, String treeViewName) w C:\CP\ParserGit\JiraParser\GUI\MainForm.cs:wiersz 6142
   w GUI.MainForm.slaAutoAssigneTakenIssue(Object sender, RunWorkerCompletedEventArgs e) w C:\CP\ParserGit\JiraParser\GUI\SlaService.cs:wiersz 586

--- Main exception: Source ---
mscorlib

środa, 30 stycznia 2019 08:22:02

--- Main exception: Message ---
Zmodyfikowano kolekcję. Nie można wykonać operacji wyliczania.

--- Main exception: StackTrace ---
   w System.ThrowHelper.ThrowInvalidOperationException(ExceptionResource resource)
   w System.Collections.Generic.List`1.Enumerator.MoveNextRare()
   w GUI.MainForm.addIssueToTreeNode(String issueNumber, List`1 issue, String treeViewName) w C:\CP\ParserGit\JiraParser\GUI\MainForm.cs:wiersz 6142
   w GUI.MainForm.slaAutoAssigneTakenIssue(Object sender, RunWorkerCompletedEventArgs e) w C:\CP\ParserGit\JiraParser\GUI\SlaService.cs:wiersz 586

--- Main exception: Source ---
mscorlib

środa, 30 stycznia 2019 08:22:02

--- Main exception: Message ---
Zmodyfikowano kolekcję. Nie można wykonać operacji wyliczania.

--- Main exception: StackTrace ---
   w System.ThrowHelper.ThrowInvalidOperationException(ExceptionResource resource)
   w System.Collections.Generic.List`1.Enumerator.MoveNextRare()
   w GUI.MainForm.addIssueToTreeNode(String issueNumber, List`1 issue, String treeViewName) w C:\CP\ParserGit\JiraParser\GUI\MainForm.cs:wiersz 6142
   w GUI.MainForm.slaAutoAssigneTakenIssue(Object sender, RunWorkerCompletedEventArgs e) w C:\CP\ParserGit\JiraParser\GUI\SlaService.cs:wiersz 586

--- Main exception: Source ---
mscorlib

środa, 30 stycznia 2019 08:22:03

--- Main exception: Message ---
Zmodyfikowano kolekcję. Nie można wykonać operacji wyliczania.

--- Main exception: StackTrace ---
   w System.ThrowHelper.ThrowInvalidOperationException(ExceptionResource resource)
   w System.Collections.Generic.List`1.Enumerator.MoveNextRare()
   w GUI.MainForm.addIssueToTreeNode(String issueNumber, List`1 issue, String treeViewName) w C:\CP\ParserGit\JiraParser\GUI\MainForm.cs:wiersz 6142
   w GUI.MainForm.slaAutoAssigneTakenIssue(Object sender, RunWorkerCompletedEventArgs e) w C:\CP\ParserGit\JiraParser\GUI\SlaService.cs:wiersz 586

--- Main exception: Source ---
mscorlib

środa, 30 stycznia 2019 08:27:39

--- Main exception: Message ---
Zmodyfikowano kolekcję. Nie można wykonać operacji wyliczania.

--- Main exception: StackTrace ---
   w System.ThrowHelper.ThrowInvalidOperationException(ExceptionResource resource)
   w System.Collections.Generic.List`1.Enumerator.MoveNextRare()
   w GUI.MainForm.addIssueToTreeNode(String issueNumber, List`1 issue, String treeViewName) w C:\CP\ParserGit\JiraParser\GUI\MainForm.cs:wiersz 6142
   w GUI.MainForm.slaAutoAssigneTakenIssue(Object sender, RunWorkerCompletedEventArgs e) w C:\CP\ParserGit\JiraParser\GUI\SlaService.cs:wiersz 586

--- Main exception: Source ---
mscorlib

środa, 30 stycznia 2019 08:27:40

--- Main exception: Message ---
Zmodyfikowano kolekcję. Nie można wykonać operacji wyliczania.

--- Main exception: StackTrace ---
   w System.ThrowHelper.ThrowInvalidOperationException(ExceptionResource resource)
   w System.Collections.Generic.List`1.Enumerator.MoveNextRare()
   w GUI.MainForm.addIssueToTreeNode(String issueNumber, List`1 issue, String treeViewName) w C:\CP\ParserGit\JiraParser\GUI\MainForm.cs:wiersz 6142
   w GUI.MainForm.slaAutoAssigneTakenIssue(Object sender, RunWorkerCompletedEventArgs e) w C:\CP\ParserGit\JiraParser\GUI\SlaService.cs:wiersz 586

--- Main exception: Source ---
mscorlib

środa, 30 stycznia 2019 08:27:46

--- Main exception: Message ---
Zmodyfikowano kolekcję. Nie można wykonać operacji wyliczania.

--- Main exception: StackTrace ---
   w System.ThrowHelper.ThrowInvalidOperationException(ExceptionResource resource)
   w System.Collections.Generic.List`1.Enumerator.MoveNextRare()
   w GUI.MainForm.addIssueToTreeNode(String issueNumber, List`1 issue, String treeViewName) w C:\CP\ParserGit\JiraParser\GUI\MainForm.cs:wiersz 6142
   w GUI.MainForm.slaAutoAssigneTakenIssue(Object sender, RunWorkerCompletedEventArgs e) w C:\CP\ParserGit\JiraParser\GUI\SlaService.cs:wiersz 586

--- Main exception: Source ---
mscorlib

środa, 30 stycznia 2019 08:27:48

--- Main exception: Message ---
Zmodyfikowano kolekcję. Nie można wykonać operacji wyliczania.

--- Main exception: StackTrace ---
   w System.ThrowHelper.ThrowInvalidOperationException(ExceptionResource resource)
   w System.Collections.Generic.List`1.Enumerator.MoveNextRare()
   w GUI.MainForm.addIssueToTreeNode(String issueNumber, List`1 issue, String treeViewName) w C:\CP\ParserGit\JiraParser\GUI\MainForm.cs:wiersz 6142
   w GUI.MainForm.slaAutoAssigneTakenIssue(Object sender, RunWorkerCompletedEventArgs e) w C:\CP\ParserGit\JiraParser\GUI\SlaService.cs:wiersz 586

--- Main exception: Source ---
mscorlib

środa, 30 stycznia 2019 08:27:50

--- Main exception: Message ---
Zmodyfikowano kolekcję. Nie można wykonać operacji wyliczania.

--- Main exception: StackTrace ---
   w System.ThrowHelper.ThrowInvalidOperationException(ExceptionResource resource)
   w System.Collections.Generic.List`1.Enumerator.MoveNextRare()
   w GUI.MainForm.addIssueToTreeNode(String issueNumber, List`1 issue, String treeViewName) w C:\CP\ParserGit\JiraParser\GUI\MainForm.cs:wiersz 6142
   w GUI.MainForm.slaAutoAssigneTakenIssue(Object sender, RunWorkerCompletedEventArgs e) w C:\CP\ParserGit\JiraParser\GUI\SlaService.cs:wiersz 586

--- Main exception: Source ---
mscorlib

środa, 30 stycznia 2019 08:27:50

--- Main exception: Message ---
Zmodyfikowano kolekcję. Nie można wykonać operacji wyliczania.

--- Main exception: StackTrace ---
   w System.ThrowHelper.ThrowInvalidOperationException(ExceptionResource resource)
   w System.Collections.Generic.List`1.Enumerator.MoveNextRare()
   w GUI.MainForm.addIssueToTreeNode(String issueNumber, List`1 issue, String treeViewName) w C:\CP\ParserGit\JiraParser\GUI\MainForm.cs:wiersz 6142
   w GUI.MainForm.slaAutoAssigneTakenIssue(Object sender, RunWorkerCompletedEventArgs e) w C:\CP\ParserGit\JiraParser\GUI\SlaService.cs:wiersz 586

--- Main exception: Source ---
mscorlib

środa, 30 stycznia 2019 08:27:51

--- Main exception: Message ---
Zmodyfikowano kolekcję. Nie można wykonać operacji wyliczania.

--- Main exception: StackTrace ---
   w System.ThrowHelper.ThrowInvalidOperationException(ExceptionResource resource)
   w System.Collections.Generic.List`1.Enumerator.MoveNextRare()
   w GUI.MainForm.addIssueToTreeNode(String issueNumber, List`1 issue, String treeViewName) w C:\CP\ParserGit\JiraParser\GUI\MainForm.cs:wiersz 6142
   w GUI.MainForm.slaAutoAssigneTakenIssue(Object sender, RunWorkerCompletedEventArgs e) w C:\CP\ParserGit\JiraParser\GUI\SlaService.cs:wiersz 586

--- Main exception: Source ---
mscorlib

środa, 30 stycznia 2019 08:27:53

--- Main exception: Message ---
Zmodyfikowano kolekcję. Nie można wykonać operacji wyliczania.

--- Main exception: StackTrace ---
   w System.ThrowHelper.ThrowInvalidOperationException(ExceptionResource resource)
   w System.Collections.Generic.List`1.Enumerator.MoveNextRare()
   w GUI.MainForm.addIssueToTreeNode(String issueNumber, List`1 issue, String treeViewName) w C:\CP\ParserGit\JiraParser\GUI\MainForm.cs:wiersz 6142
   w GUI.MainForm.slaAutoAssigneTakenIssue(Object sender, RunWorkerCompletedEventArgs e) w C:\CP\ParserGit\JiraParser\GUI\SlaService.cs:wiersz 586

--- Main exception: Source ---
mscorlib

środa, 30 stycznia 2019 08:27:57

--- Main exception: Message ---
Zmodyfikowano kolekcję. Nie można wykonać operacji wyliczania.

--- Main exception: StackTrace ---
   w System.ThrowHelper.ThrowInvalidOperationException(ExceptionResource resource)
   w System.Collections.Generic.List`1.Enumerator.MoveNextRare()
   w GUI.MainForm.addIssueToTreeNode(String issueNumber, List`1 issue, String treeViewName) w C:\CP\ParserGit\JiraParser\GUI\MainForm.cs:wiersz 6142
   w GUI.MainForm.slaAutoAssigneTakenIssue(Object sender, RunWorkerCompletedEventArgs e) w C:\CP\ParserGit\JiraParser\GUI\SlaService.cs:wiersz 586

--- Main exception: Source ---
mscorlib

środa, 30 stycznia 2019 08:27:59

--- Main exception: Message ---
Zmodyfikowano kolekcję. Nie można wykonać operacji wyliczania.

--- Main exception: StackTrace ---
   w System.ThrowHelper.ThrowInvalidOperationException(ExceptionResource resource)
   w System.Collections.Generic.List`1.Enumerator.MoveNextRare()
   w GUI.MainForm.addIssueToTreeNode(String issueNumber, List`1 issue, String treeViewName) w C:\CP\ParserGit\JiraParser\GUI\MainForm.cs:wiersz 6142
   w GUI.MainForm.slaAutoAssigneTakenIssue(Object sender, RunWorkerCompletedEventArgs e) w C:\CP\ParserGit\JiraParser\GUI\SlaService.cs:wiersz 586

--- Main exception: Source ---
mscorlib

środa, 30 stycznia 2019 08:33:39

--- Main exception: Message ---
Zmodyfikowano kolekcję. Nie można wykonać operacji wyliczania.

--- Main exception: StackTrace ---
   w System.ThrowHelper.ThrowInvalidOperationException(ExceptionResource resource)
   w System.Collections.Generic.List`1.Enumerator.MoveNextRare()
   w GUI.MainForm.addIssueToTreeNode(String issueNumber, List`1 issue, String treeViewName) w C:\CP\ParserGit\JiraParser\GUI\MainForm.cs:wiersz 6142
   w GUI.MainForm.slaAutoAssigneTakenIssue(Object sender, RunWorkerCompletedEventArgs e) w C:\CP\ParserGit\JiraParser\GUI\SlaService.cs:wiersz 586

--- Main exception: Source ---
mscorlib

środa, 30 stycznia 2019 08:33:52

--- Main exception: Message ---
Zmodyfikowano kolekcję. Nie można wykonać operacji wyliczania.

--- Main exception: StackTrace ---
   w System.ThrowHelper.ThrowInvalidOperationException(ExceptionResource resource)
   w System.Collections.Generic.List`1.Enumerator.MoveNextRare()
   w GUI.MainForm.addIssueToTreeNode(String issueNumber, List`1 issue, String treeViewName) w C:\CP\ParserGit\JiraParser\GUI\MainForm.cs:wiersz 6142
   w GUI.MainForm.slaAutoAssigneTakenIssue(Object sender, RunWorkerCompletedEventArgs e) w C:\CP\ParserGit\JiraParser\GUI\SlaService.cs:wiersz 586

--- Main exception: Source ---
mscorlib

środa, 30 stycznia 2019 08:33:54

--- Main exception: Message ---
Zmodyfikowano kolekcję. Nie można wykonać operacji wyliczania.

--- Main exception: StackTrace ---
   w System.ThrowHelper.ThrowInvalidOperationException(ExceptionResource resource)
   w System.Collections.Generic.List`1.Enumerator.MoveNextRare()
   w GUI.MainForm.addIssueToTreeNode(String issueNumber, List`1 issue, String treeViewName) w C:\CP\ParserGit\JiraParser\GUI\MainForm.cs:wiersz 6142
   w GUI.MainForm.slaAutoAssigneTakenIssue(Object sender, RunWorkerCompletedEventArgs e) w C:\CP\ParserGit\JiraParser\GUI\SlaService.cs:wiersz 586

--- Main exception: Source ---
mscorlib

środa, 30 stycznia 2019 08:33:59

--- Main exception: Message ---
Zmodyfikowano kolekcję. Nie można wykonać operacji wyliczania.

--- Main exception: StackTrace ---
   w System.ThrowHelper.ThrowInvalidOperationException(ExceptionResource resource)
   w System.Collections.Generic.List`1.Enumerator.MoveNextRare()
   w GUI.MainForm.addIssueToTreeNode(String issueNumber, List`1 issue, String treeViewName) w C:\CP\ParserGit\JiraParser\GUI\MainForm.cs:wiersz 6142
   w GUI.MainForm.slaAutoAssigneTakenIssue(Object sender, RunWorkerCompletedEventArgs e) w C:\CP\ParserGit\JiraParser\GUI\SlaService.cs:wiersz 586

--- Main exception: Source ---
mscorlib

środa, 30 stycznia 2019 08:33:59

--- Main exception: Message ---
Zmodyfikowano kolekcję. Nie można wykonać operacji wyliczania.

--- Main exception: StackTrace ---
   w System.ThrowHelper.ThrowInvalidOperationException(ExceptionResource resource)
   w System.Collections.Generic.List`1.Enumerator.MoveNextRare()
   w GUI.MainForm.addIssueToTreeNode(String issueNumber, List`1 issue, String treeViewName) w C:\CP\ParserGit\JiraParser\GUI\MainForm.cs:wiersz 6142
   w GUI.MainForm.slaAutoAssigneTakenIssue(Object sender, RunWorkerCompletedEventArgs e) w C:\CP\ParserGit\JiraParser\GUI\SlaService.cs:wiersz 586

--- Main exception: Source ---
mscorlib

środa, 30 stycznia 2019 08:34:02

--- Main exception: Message ---
Zmodyfikowano kolekcję. Nie można wykonać operacji wyliczania.

--- Main exception: StackTrace ---
   w System.ThrowHelper.ThrowInvalidOperationException(ExceptionResource resource)
   w System.Collections.Generic.List`1.Enumerator.MoveNextRare()
   w GUI.MainForm.addIssueToTreeNode(String issueNumber, List`1 issue, String treeViewName) w C:\CP\ParserGit\JiraParser\GUI\MainForm.cs:wiersz 6142
   w GUI.MainForm.slaAutoAssigneTakenIssue(Object sender, RunWorkerCompletedEventArgs e) w C:\CP\ParserGit\JiraParser\GUI\SlaService.cs:wiersz 586

--- Main exception: Source ---
mscorlib

środa, 30 stycznia 2019 08:34:04

--- Main exception: Message ---
Zmodyfikowano kolekcję. Nie można wykonać operacji wyliczania.

--- Main exception: StackTrace ---
   w System.ThrowHelper.ThrowInvalidOperationException(ExceptionResource resource)
   w System.Collections.Generic.List`1.Enumerator.MoveNextRare()
   w GUI.MainForm.addIssueToTreeNode(String issueNumber, List`1 issue, String treeViewName) w C:\CP\ParserGit\JiraParser\GUI\MainForm.cs:wiersz 6142
   w GUI.MainForm.slaAutoAssigneTakenIssue(Object sender, RunWorkerCompletedEventArgs e) w C:\CP\ParserGit\JiraParser\GUI\SlaService.cs:wiersz 586

--- Main exception: Source ---
mscorlib

środa, 30 stycznia 2019 08:34:04

--- Main exception: Message ---
Zmodyfikowano kolekcję. Nie można wykonać operacji wyliczania.

--- Main exception: StackTrace ---
   w System.ThrowHelper.ThrowInvalidOperationException(ExceptionResource resource)
   w System.Collections.Generic.List`1.Enumerator.MoveNextRare()
   w GUI.MainForm.addIssueToTreeNode(String issueNumber, List`1 issue, String treeViewName) w C:\CP\ParserGit\JiraParser\GUI\MainForm.cs:wiersz 6142
   w GUI.MainForm.slaAutoAssigneTakenIssue(Object sender, RunWorkerCompletedEventArgs e) w C:\CP\ParserGit\JiraParser\GUI\SlaService.cs:wiersz 586

--- Main exception: Source ---
mscorlib

środa, 30 stycznia 2019 08:34:06

--- Main exception: Message ---
Zmodyfikowano kolekcję. Nie można wykonać operacji wyliczania.

--- Main exception: StackTrace ---
   w System.ThrowHelper.ThrowInvalidOperationException(ExceptionResource resource)
   w System.Collections.Generic.List`1.Enumerator.MoveNextRare()
   w GUI.MainForm.addIssueToTreeNode(String issueNumber, List`1 issue, String treeViewName) w C:\CP\ParserGit\JiraParser\GUI\MainForm.cs:wiersz 6142
   w GUI.MainForm.slaAutoAssigneTakenIssue(Object sender, RunWorkerCompletedEventArgs e) w C:\CP\ParserGit\JiraParser\GUI\SlaService.cs:wiersz 586

--- Main exception: Source ---
mscorlib

środa, 30 stycznia 2019 08:34:06

--- Main exception: Message ---
Zmodyfikowano kolekcję. Nie można wykonać operacji wyliczania.

--- Main exception: StackTrace ---
   w System.ThrowHelper.ThrowInvalidOperationException(ExceptionResource resource)
   w System.Collections.Generic.List`1.Enumerator.MoveNextRare()
   w GUI.MainForm.addIssueToTreeNode(String issueNumber, List`1 issue, String treeViewName) w C:\CP\ParserGit\JiraParser\GUI\MainForm.cs:wiersz 6142
   w GUI.MainForm.slaAutoAssigneTakenIssue(Object sender, RunWorkerCompletedEventArgs e) w C:\CP\ParserGit\JiraParser\GUI\SlaService.cs:wiersz 586

--- Main exception: Source ---
mscorlib

środa, 30 stycznia 2019 08:39:37

--- Main exception: Message ---
Zmodyfikowano kolekcję. Nie można wykonać operacji wyliczania.

--- Main exception: StackTrace ---
   w System.ThrowHelper.ThrowInvalidOperationException(ExceptionResource resource)
   w System.Collections.Generic.List`1.Enumerator.MoveNextRare()
   w GUI.MainForm.addIssueToTreeNode(String issueNumber, List`1 issue, String treeViewName) w C:\CP\ParserGit\JiraParser\GUI\MainForm.cs:wiersz 6142
   w GUI.MainForm.slaAutoAssigneTakenIssue(Object sender, RunWorkerCompletedEventArgs e) w C:\CP\ParserGit\JiraParser\GUI\SlaService.cs:wiersz 586

--- Main exception: Source ---
mscorlib

środa, 30 stycznia 2019 08:39:39

--- Main exception: Message ---
Zmodyfikowano kolekcję. Nie można wykonać operacji wyliczania.

--- Main exception: StackTrace ---
   w System.ThrowHelper.ThrowInvalidOperationException(ExceptionResource resource)
   w System.Collections.Generic.List`1.Enumerator.MoveNextRare()
   w GUI.MainForm.addIssueToTreeNode(String issueNumber, List`1 issue, String treeViewName) w C:\CP\ParserGit\JiraParser\GUI\MainForm.cs:wiersz 6142
   w GUI.MainForm.slaAutoAssigneTakenIssue(Object sender, RunWorkerCompletedEventArgs e) w C:\CP\ParserGit\JiraParser\GUI\SlaService.cs:wiersz 586

--- Main exception: Source ---
mscorlib

środa, 30 stycznia 2019 08:39:43

--- Main exception: Message ---
Zmodyfikowano kolekcję. Nie można wykonać operacji wyliczania.

--- Main exception: StackTrace ---
   w System.ThrowHelper.ThrowInvalidOperationException(ExceptionResource resource)
   w System.Collections.Generic.List`1.Enumerator.MoveNextRare()
   w GUI.MainForm.addIssueToTreeNode(String issueNumber, List`1 issue, String treeViewName) w C:\CP\ParserGit\JiraParser\GUI\MainForm.cs:wiersz 6142
   w GUI.MainForm.slaAutoAssigneTakenIssue(Object sender, RunWorkerCompletedEventArgs e) w C:\CP\ParserGit\JiraParser\GUI\SlaService.cs:wiersz 586

--- Main exception: Source ---
mscorlib

środa, 30 stycznia 2019 08:39:54

--- Main exception: Message ---
Zmodyfikowano kolekcję. Nie można wykonać operacji wyliczania.

--- Main exception: StackTrace ---
   w System.ThrowHelper.ThrowInvalidOperationException(ExceptionResource resource)
   w System.Collections.Generic.List`1.Enumerator.MoveNextRare()
   w GUI.MainForm.addIssueToTreeNode(String issueNumber, List`1 issue, String treeViewName) w C:\CP\ParserGit\JiraParser\GUI\MainForm.cs:wiersz 6142
   w GUI.MainForm.slaAutoAssigneTakenIssue(Object sender, RunWorkerCompletedEventArgs e) w C:\CP\ParserGit\JiraParser\GUI\SlaService.cs:wiersz 586

--- Main exception: Source ---
mscorlib

środa, 30 stycznia 2019 08:39:56

--- Main exception: Message ---
Zmodyfikowano kolekcję. Nie można wykonać operacji wyliczania.

--- Main exception: StackTrace ---
   w System.ThrowHelper.ThrowInvalidOperationException(ExceptionResource resource)
   w System.Collections.Generic.List`1.Enumerator.MoveNextRare()
   w GUI.MainForm.addIssueToTreeNode(String issueNumber, List`1 issue, String treeViewName) w C:\CP\ParserGit\JiraParser\GUI\MainForm.cs:wiersz 6142
   w GUI.MainForm.slaAutoAssigneTakenIssue(Object sender, RunWorkerCompletedEventArgs e) w C:\CP\ParserGit\JiraParser\GUI\SlaService.cs:wiersz 586

--- Main exception: Source ---
mscorlib

środa, 30 stycznia 2019 08:39:56

--- Main exception: Message ---
Zmodyfikowano kolekcję. Nie można wykonać operacji wyliczania.

--- Main exception: StackTrace ---
   w System.ThrowHelper.ThrowInvalidOperationException(ExceptionResource resource)
   w System.Collections.Generic.List`1.Enumerator.MoveNextRare()
   w GUI.MainForm.addIssueToTreeNode(String issueNumber, List`1 issue, String treeViewName) w C:\CP\ParserGit\JiraParser\GUI\MainForm.cs:wiersz 6142
   w GUI.MainForm.slaAutoAssigneTakenIssue(Object sender, RunWorkerCompletedEventArgs e) w C:\CP\ParserGit\JiraParser\GUI\SlaService.cs:wiersz 586

--- Main exception: Source ---
mscorlib

środa, 30 stycznia 2019 08:39:56

--- Main exception: Message ---
Zmodyfikowano kolekcję. Nie można wykonać operacji wyliczania.

--- Main exception: StackTrace ---
   w System.ThrowHelper.ThrowInvalidOperationException(ExceptionResource resource)
   w System.Collections.Generic.List`1.Enumerator.MoveNextRare()
   w GUI.MainForm.addIssueToTreeNode(String issueNumber, List`1 issue, String treeViewName) w C:\CP\ParserGit\JiraParser\GUI\MainForm.cs:wiersz 6142
   w GUI.MainForm.slaAutoAssigneTakenIssue(Object sender, RunWorkerCompletedEventArgs e) w C:\CP\ParserGit\JiraParser\GUI\SlaService.cs:wiersz 586

--- Main exception: Source ---
mscorlib

środa, 30 stycznia 2019 08:39:59

--- Main exception: Message ---
Zmodyfikowano kolekcję. Nie można wykonać operacji wyliczania.

--- Main exception: StackTrace ---
   w System.ThrowHelper.ThrowInvalidOperationException(ExceptionResource resource)
   w System.Collections.Generic.List`1.Enumerator.MoveNextRare()
   w GUI.MainForm.addIssueToTreeNode(String issueNumber, List`1 issue, String treeViewName) w C:\CP\ParserGit\JiraParser\GUI\MainForm.cs:wiersz 6142
   w GUI.MainForm.slaAutoAssigneTakenIssue(Object sender, RunWorkerCompletedEventArgs e) w C:\CP\ParserGit\JiraParser\GUI\SlaService.cs:wiersz 586

--- Main exception: Source ---
mscorlib

środa, 30 stycznia 2019 08:40:01

--- Main exception: Message ---
Zmodyfikowano kolekcję. Nie można wykonać operacji wyliczania.

--- Main exception: StackTrace ---
   w System.ThrowHelper.ThrowInvalidOperationException(ExceptionResource resource)
   w System.Collections.Generic.List`1.Enumerator.MoveNextRare()
   w GUI.MainForm.addIssueToTreeNode(String issueNumber, List`1 issue, String treeViewName) w C:\CP\ParserGit\JiraParser\GUI\MainForm.cs:wiersz 6142
   w GUI.MainForm.slaAutoAssigneTakenIssue(Object sender, RunWorkerCompletedEventArgs e) w C:\CP\ParserGit\JiraParser\GUI\SlaService.cs:wiersz 586

--- Main exception: Source ---
mscorlib

środa, 30 stycznia 2019 08:40:02

--- Main exception: Message ---
Zmodyfikowano kolekcję. Nie można wykonać operacji wyliczania.

--- Main exception: StackTrace ---
   w System.ThrowHelper.ThrowInvalidOperationException(ExceptionResource resource)
   w System.Collections.Generic.List`1.Enumerator.MoveNextRare()
   w GUI.MainForm.addIssueToTreeNode(String issueNumber, List`1 issue, String treeViewName) w C:\CP\ParserGit\JiraParser\GUI\MainForm.cs:wiersz 6142
   w GUI.MainForm.slaAutoAssigneTakenIssue(Object sender, RunWorkerCompletedEventArgs e) w C:\CP\ParserGit\JiraParser\GUI\SlaService.cs:wiersz 586

--- Main exception: Source ---
mscorlib

środa, 30 stycznia 2019 08:45:45

--- Main exception: Message ---
Zmodyfikowano kolekcję. Nie można wykonać operacji wyliczania.

--- Main exception: StackTrace ---
   w System.ThrowHelper.ThrowInvalidOperationException(ExceptionResource resource)
   w System.Collections.Generic.List`1.Enumerator.MoveNextRare()
   w GUI.MainForm.addIssueToTreeNode(String issueNumber, List`1 issue, String treeViewName) w C:\CP\ParserGit\JiraParser\GUI\MainForm.cs:wiersz 6142
   w GUI.MainForm.slaAutoAssigneTakenIssue(Object sender, RunWorkerCompletedEventArgs e) w C:\CP\ParserGit\JiraParser\GUI\SlaService.cs:wiersz 586

--- Main exception: Source ---
mscorlib

środa, 30 stycznia 2019 08:45:47

--- Main exception: Message ---
Zmodyfikowano kolekcję. Nie można wykonać operacji wyliczania.

--- Main exception: StackTrace ---
   w System.ThrowHelper.ThrowInvalidOperationException(ExceptionResource resource)
   w System.Collections.Generic.List`1.Enumerator.MoveNextRare()
   w GUI.MainForm.addIssueToTreeNode(String issueNumber, List`1 issue, String treeViewName) w C:\CP\ParserGit\JiraParser\GUI\MainForm.cs:wiersz 6142
   w GUI.MainForm.slaAutoAssigneTakenIssue(Object sender, RunWorkerCompletedEventArgs e) w C:\CP\ParserGit\JiraParser\GUI\SlaService.cs:wiersz 586

--- Main exception: Source ---
mscorlib

środa, 30 stycznia 2019 08:45:49

--- Main exception: Message ---
Zmodyfikowano kolekcję. Nie można wykonać operacji wyliczania.

--- Main exception: StackTrace ---
   w System.ThrowHelper.ThrowInvalidOperationException(ExceptionResource resource)
   w System.Collections.Generic.List`1.Enumerator.MoveNextRare()
   w GUI.MainForm.addIssueToTreeNode(String issueNumber, List`1 issue, String treeViewName) w C:\CP\ParserGit\JiraParser\GUI\MainForm.cs:wiersz 6142
   w GUI.MainForm.slaAutoAssigneTakenIssue(Object sender, RunWorkerCompletedEventArgs e) w C:\CP\ParserGit\JiraParser\GUI\SlaService.cs:wiersz 586

--- Main exception: Source ---
mscorlib

środa, 30 stycznia 2019 08:45:52

--- Main exception: Message ---
Zmodyfikowano kolekcję. Nie można wykonać operacji wyliczania.

--- Main exception: StackTrace ---
   w System.ThrowHelper.ThrowInvalidOperationException(ExceptionResource resource)
   w System.Collections.Generic.List`1.Enumerator.MoveNextRare()
   w GUI.MainForm.addIssueToTreeNode(String issueNumber, List`1 issue, String treeViewName) w C:\CP\ParserGit\JiraParser\GUI\MainForm.cs:wiersz 6142
   w GUI.MainForm.slaAutoAssigneTakenIssue(Object sender, RunWorkerCompletedEventArgs e) w C:\CP\ParserGit\JiraParser\GUI\SlaService.cs:wiersz 586

--- Main exception: Source ---
mscorlib

środa, 30 stycznia 2019 08:45:57

--- Main exception: Message ---
Zmodyfikowano kolekcję. Nie można wykonać operacji wyliczania.

--- Main exception: StackTrace ---
   w System.ThrowHelper.ThrowInvalidOperationException(ExceptionResource resource)
   w System.Collections.Generic.List`1.Enumerator.MoveNextRare()
   w GUI.MainForm.addIssueToTreeNode(String issueNumber, List`1 issue, String treeViewName) w C:\CP\ParserGit\JiraParser\GUI\MainForm.cs:wiersz 6142
   w GUI.MainForm.slaAutoAssigneTakenIssue(Object sender, RunWorkerCompletedEventArgs e) w C:\CP\ParserGit\JiraParser\GUI\SlaService.cs:wiersz 586

--- Main exception: Source ---
mscorlib

środa, 30 stycznia 2019 08:45:58

--- Main exception: Message ---
Zmodyfikowano kolekcję. Nie można wykonać operacji wyliczania.

--- Main exception: StackTrace ---
   w System.ThrowHelper.ThrowInvalidOperationException(ExceptionResource resource)
   w System.Collections.Generic.List`1.Enumerator.MoveNextRare()
   w GUI.MainForm.addIssueToTreeNode(String issueNumber, List`1 issue, String treeViewName) w C:\CP\ParserGit\JiraParser\GUI\MainForm.cs:wiersz 6142
   w GUI.MainForm.slaAutoAssigneTakenIssue(Object sender, RunWorkerCompletedEventArgs e) w C:\CP\ParserGit\JiraParser\GUI\SlaService.cs:wiersz 586

--- Main exception: Source ---
mscorlib

środa, 30 stycznia 2019 08:45:59

--- Main exception: Message ---
Zmodyfikowano kolekcję. Nie można wykonać operacji wyliczania.

--- Main exception: StackTrace ---
   w System.ThrowHelper.ThrowInvalidOperationException(ExceptionResource resource)
   w System.Collections.Generic.List`1.Enumerator.MoveNextRare()
   w GUI.MainForm.addIssueToTreeNode(String issueNumber, List`1 issue, String treeViewName) w C:\CP\ParserGit\JiraParser\GUI\MainForm.cs:wiersz 6142
   w GUI.MainForm.slaAutoAssigneTakenIssue(Object sender, RunWorkerCompletedEventArgs e) w C:\CP\ParserGit\JiraParser\GUI\SlaService.cs:wiersz 586

--- Main exception: Source ---
mscorlib

środa, 30 stycznia 2019 08:46:00

--- Main exception: Message ---
Zmodyfikowano kolekcję. Nie można wykonać operacji wyliczania.

--- Main exception: StackTrace ---
   w System.ThrowHelper.ThrowInvalidOperationException(ExceptionResource resource)
   w System.Collections.Generic.List`1.Enumerator.MoveNextRare()
   w GUI.MainForm.addIssueToTreeNode(String issueNumber, List`1 issue, String treeViewName) w C:\CP\ParserGit\JiraParser\GUI\MainForm.cs:wiersz 6142
   w GUI.MainForm.slaAutoAssigneTakenIssue(Object sender, RunWorkerCompletedEventArgs e) w C:\CP\ParserGit\JiraParser\GUI\SlaService.cs:wiersz 586

--- Main exception: Source ---
mscorlib

środa, 30 stycznia 2019 08:46:01

--- Main exception: Message ---
Zmodyfikowano kolekcję. Nie można wykonać operacji wyliczania.

--- Main exception: StackTrace ---
   w System.ThrowHelper.ThrowInvalidOperationException(ExceptionResource resource)
   w System.Collections.Generic.List`1.Enumerator.MoveNextRare()
   w GUI.MainForm.addIssueToTreeNode(String issueNumber, List`1 issue, String treeViewName) w C:\CP\ParserGit\JiraParser\GUI\MainForm.cs:wiersz 6142
   w GUI.MainForm.slaAutoAssigneTakenIssue(Object sender, RunWorkerCompletedEventArgs e) w C:\CP\ParserGit\JiraParser\GUI\SlaService.cs:wiersz 586

--- Main exception: Source ---
mscorlib

środa, 30 stycznia 2019 08:46:02

--- Main exception: Message ---
Zmodyfikowano kolekcję. Nie można wykonać operacji wyliczania.

--- Main exception: StackTrace ---
   w System.ThrowHelper.ThrowInvalidOperationException(ExceptionResource resource)
   w System.Collections.Generic.List`1.Enumerator.MoveNextRare()
   w GUI.MainForm.addIssueToTreeNode(String issueNumber, List`1 issue, String treeViewName) w C:\CP\ParserGit\JiraParser\GUI\MainForm.cs:wiersz 6142
   w GUI.MainForm.slaAutoAssigneTakenIssue(Object sender, RunWorkerCompletedEventArgs e) w C:\CP\ParserGit\JiraParser\GUI\SlaService.cs:wiersz 586

--- Main exception: Source ---
mscorlib

środa, 30 stycznia 2019 08:51:42

--- Main exception: Message ---
Zmodyfikowano kolekcję. Nie można wykonać operacji wyliczania.

--- Main exception: StackTrace ---
   w System.ThrowHelper.ThrowInvalidOperationException(ExceptionResource resource)
   w System.Collections.Generic.List`1.Enumerator.MoveNextRare()
   w GUI.MainForm.addIssueToTreeNode(String issueNumber, List`1 issue, String treeViewName) w C:\CP\ParserGit\JiraParser\GUI\MainForm.cs:wiersz 6142
   w GUI.MainForm.slaAutoAssigneTakenIssue(Object sender, RunWorkerCompletedEventArgs e) w C:\CP\ParserGit\JiraParser\GUI\SlaService.cs:wiersz 586

--- Main exception: Source ---
mscorlib

środa, 30 stycznia 2019 08:51:43

--- Main exception: Message ---
Zmodyfikowano kolekcję. Nie można wykonać operacji wyliczania.

--- Main exception: StackTrace ---
   w System.ThrowHelper.ThrowInvalidOperationException(ExceptionResource resource)
   w System.Collections.Generic.List`1.Enumerator.MoveNextRare()
   w GUI.MainForm.addIssueToTreeNode(String issueNumber, List`1 issue, String treeViewName) w C:\CP\ParserGit\JiraParser\GUI\MainForm.cs:wiersz 6142
   w GUI.MainForm.slaAutoAssigneTakenIssue(Object sender, RunWorkerCompletedEventArgs e) w C:\CP\ParserGit\JiraParser\GUI\SlaService.cs:wiersz 586

--- Main exception: Source ---
mscorlib

środa, 30 stycznia 2019 08:51:45

--- Main exception: Message ---
Zmodyfikowano kolekcję. Nie można wykonać operacji wyliczania.

--- Main exception: StackTrace ---
   w System.ThrowHelper.ThrowInvalidOperationException(ExceptionResource resource)
   w System.Collections.Generic.List`1.Enumerator.MoveNextRare()
   w GUI.MainForm.addIssueToTreeNode(String issueNumber, List`1 issue, String treeViewName) w C:\CP\ParserGit\JiraParser\GUI\MainForm.cs:wiersz 6142
   w GUI.MainForm.slaAutoAssigneTakenIssue(Object sender, RunWorkerCompletedEventArgs e) w C:\CP\ParserGit\JiraParser\GUI\SlaService.cs:wiersz 586

--- Main exception: Source ---
mscorlib

środa, 30 stycznia 2019 08:51:47

--- Main exception: Message ---
Zmodyfikowano kolekcję. Nie można wykonać operacji wyliczania.

--- Main exception: StackTrace ---
   w System.ThrowHelper.ThrowInvalidOperationException(ExceptionResource resource)
   w System.Collections.Generic.List`1.Enumerator.MoveNextRare()
   w GUI.MainForm.addIssueToTreeNode(String issueNumber, List`1 issue, String treeViewName) w C:\CP\ParserGit\JiraParser\GUI\MainForm.cs:wiersz 6142
   w GUI.MainForm.slaAutoAssigneTakenIssue(Object sender, RunWorkerCompletedEventArgs e) w C:\CP\ParserGit\JiraParser\GUI\SlaService.cs:wiersz 586

--- Main exception: Source ---
mscorlib

środa, 30 stycznia 2019 08:51:51

--- Main exception: Message ---
Zmodyfikowano kolekcję. Nie można wykonać operacji wyliczania.

--- Main exception: StackTrace ---
   w System.ThrowHelper.ThrowInvalidOperationException(ExceptionResource resource)
   w System.Collections.Generic.List`1.Enumerator.MoveNextRare()
   w GUI.MainForm.addIssueToTreeNode(String issueNumber, List`1 issue, String treeViewName) w C:\CP\ParserGit\JiraParser\GUI\MainForm.cs:wiersz 6142
   w GUI.MainForm.slaAutoAssigneTakenIssue(Object sender, RunWorkerCompletedEventArgs e) w C:\CP\ParserGit\JiraParser\GUI\SlaService.cs:wiersz 586

--- Main exception: Source ---
mscorlib

środa, 30 stycznia 2019 08:51:58

--- Main exception: Message ---
Zmodyfikowano kolekcję. Nie można wykonać operacji wyliczania.

--- Main exception: StackTrace ---
   w System.ThrowHelper.ThrowInvalidOperationException(ExceptionResource resource)
   w System.Collections.Generic.List`1.Enumerator.MoveNextRare()
   w GUI.MainForm.addIssueToTreeNode(String issueNumber, List`1 issue, String treeViewName) w C:\CP\ParserGit\JiraParser\GUI\MainForm.cs:wiersz 6142
   w GUI.MainForm.slaAutoAssigneTakenIssue(Object sender, RunWorkerCompletedEventArgs e) w C:\CP\ParserGit\JiraParser\GUI\SlaService.cs:wiersz 586

--- Main exception: Source ---
mscorlib

środa, 30 stycznia 2019 08:51:59

--- Main exception: Message ---
Zmodyfikowano kolekcję. Nie można wykonać operacji wyliczania.

--- Main exception: StackTrace ---
   w System.ThrowHelper.ThrowInvalidOperationException(ExceptionResource resource)
   w System.Collections.Generic.List`1.Enumerator.MoveNextRare()
   w GUI.MainForm.addIssueToTreeNode(String issueNumber, List`1 issue, String treeViewName) w C:\CP\ParserGit\JiraParser\GUI\MainForm.cs:wiersz 6142
   w GUI.MainForm.slaAutoAssigneTakenIssue(Object sender, RunWorkerCompletedEventArgs e) w C:\CP\ParserGit\JiraParser\GUI\SlaService.cs:wiersz 586

--- Main exception: Source ---
mscorlib

środa, 30 stycznia 2019 08:52:00

--- Main exception: Message ---
Zmodyfikowano kolekcję. Nie można wykonać operacji wyliczania.

--- Main exception: StackTrace ---
   w System.ThrowHelper.ThrowInvalidOperationException(ExceptionResource resource)
   w System.Collections.Generic.List`1.Enumerator.MoveNextRare()
   w GUI.MainForm.addIssueToTreeNode(String issueNumber, List`1 issue, String treeViewName) w C:\CP\ParserGit\JiraParser\GUI\MainForm.cs:wiersz 6142
   w GUI.MainForm.slaAutoAssigneTakenIssue(Object sender, RunWorkerCompletedEventArgs e) w C:\CP\ParserGit\JiraParser\GUI\SlaService.cs:wiersz 586

--- Main exception: Source ---
mscorlib

środa, 30 stycznia 2019 08:52:02

--- Main exception: Message ---
Zmodyfikowano kolekcję. Nie można wykonać operacji wyliczania.

--- Main exception: StackTrace ---
   w System.ThrowHelper.ThrowInvalidOperationException(ExceptionResource resource)
   w System.Collections.Generic.List`1.Enumerator.MoveNextRare()
   w GUI.MainForm.addIssueToTreeNode(String issueNumber, List`1 issue, String treeViewName) w C:\CP\ParserGit\JiraParser\GUI\MainForm.cs:wiersz 6142
   w GUI.MainForm.slaAutoAssigneTakenIssue(Object sender, RunWorkerCompletedEventArgs e) w C:\CP\ParserGit\JiraParser\GUI\SlaService.cs:wiersz 586

--- Main exception: Source ---
mscorlib

środa, 30 stycznia 2019 08:52:03

--- Main exception: Message ---
Zmodyfikowano kolekcję. Nie można wykonać operacji wyliczania.

--- Main exception: StackTrace ---
   w System.ThrowHelper.ThrowInvalidOperationException(ExceptionResource resource)
   w System.Collections.Generic.List`1.Enumerator.MoveNextRare()
   w GUI.MainForm.addIssueToTreeNode(String issueNumber, List`1 issue, String treeViewName) w C:\CP\ParserGit\JiraParser\GUI\MainForm.cs:wiersz 6142
   w GUI.MainForm.slaAutoAssigneTakenIssue(Object sender, RunWorkerCompletedEventArgs e) w C:\CP\ParserGit\JiraParser\GUI\SlaService.cs:wiersz 586

--- Main exception: Source ---
mscorlib

środa, 30 stycznia 2019 08:55:00

--- Main exception: Message ---
Zmodyfikowano kolekcję. Nie można wykonać operacji wyliczania.

--- Main exception: StackTrace ---
   w System.ThrowHelper.ThrowInvalidOperationException(ExceptionResource resource)
   w System.Collections.Generic.List`1.Enumerator.MoveNextRare()
   w GUI.MainForm.addIssueToTreeNode(String issueNumber, List`1 issue, String treeViewName) w C:\CP\ParserGit\JiraParser\GUI\MainForm.cs:wiersz 6142
   w GUI.MainForm.slaAutoAssigneTakenIssue(Object sender, RunWorkerCompletedEventArgs e) w C:\CP\ParserGit\JiraParser\GUI\SlaService.cs:wiersz 586

--- Main exception: Source ---
mscorlib

środa, 30 stycznia 2019 08:55:05

--- Main exception: Message ---
Zmodyfikowano kolekcję. Nie można wykonać operacji wyliczania.

--- Main exception: StackTrace ---
   w System.ThrowHelper.ThrowInvalidOperationException(ExceptionResource resource)
   w System.Collections.Generic.List`1.Enumerator.MoveNextRare()
   w GUI.MainForm.addIssueToTreeNode(String issueNumber, List`1 issue, String treeViewName) w C:\CP\ParserGit\JiraParser\GUI\MainForm.cs:wiersz 6142
   w GUI.MainForm.slaAutoAssigneTakenIssue(Object sender, RunWorkerCompletedEventArgs e) w C:\CP\ParserGit\JiraParser\GUI\SlaService.cs:wiersz 586

--- Main exception: Source ---
mscorlib

środa, 30 stycznia 2019 08:55:06

--- Main exception: Message ---
Zmodyfikowano kolekcję. Nie można wykonać operacji wyliczania.

--- Main exception: StackTrace ---
   w System.ThrowHelper.ThrowInvalidOperationException(ExceptionResource resource)
   w System.Collections.Generic.List`1.Enumerator.MoveNextRare()
   w GUI.MainForm.addIssueToTreeNode(String issueNumber, List`1 issue, String treeViewName) w C:\CP\ParserGit\JiraParser\GUI\MainForm.cs:wiersz 6142
   w GUI.MainForm.slaAutoAssigneTakenIssue(Object sender, RunWorkerCompletedEventArgs e) w C:\CP\ParserGit\JiraParser\GUI\SlaService.cs:wiersz 586

--- Main exception: Source ---
mscorlib

środa, 30 stycznia 2019 08:55:16

--- Main exception: Message ---
Zmodyfikowano kolekcję. Nie można wykonać operacji wyliczania.

--- Main exception: StackTrace ---
   w System.ThrowHelper.ThrowInvalidOperationException(ExceptionResource resource)
   w System.Collections.Generic.List`1.Enumerator.MoveNextRare()
   w GUI.MainForm.addIssueToTreeNode(String issueNumber, List`1 issue, String treeViewName) w C:\CP\ParserGit\JiraParser\GUI\MainForm.cs:wiersz 6142
   w GUI.MainForm.slaAutoAssigneTakenIssue(Object sender, RunWorkerCompletedEventArgs e) w C:\CP\ParserGit\JiraParser\GUI\SlaService.cs:wiersz 586

--- Main exception: Source ---
mscorlib

środa, 30 stycznia 2019 08:55:19

--- Main exception: Message ---
Zmodyfikowano kolekcję. Nie można wykonać operacji wyliczania.

--- Main exception: StackTrace ---
   w System.ThrowHelper.ThrowInvalidOperationException(ExceptionResource resource)
   w System.Collections.Generic.List`1.Enumerator.MoveNextRare()
   w GUI.MainForm.addIssueToTreeNode(String issueNumber, List`1 issue, String treeViewName) w C:\CP\ParserGit\JiraParser\GUI\MainForm.cs:wiersz 6142
   w GUI.MainForm.slaAutoAssigneTakenIssue(Object sender, RunWorkerCompletedEventArgs e) w C:\CP\ParserGit\JiraParser\GUI\SlaService.cs:wiersz 586

--- Main exception: Source ---
mscorlib

środa, 30 stycznia 2019 08:55:20

--- Main exception: Message ---
Zmodyfikowano kolekcję. Nie można wykonać operacji wyliczania.

--- Main exception: StackTrace ---
   w System.ThrowHelper.ThrowInvalidOperationException(ExceptionResource resource)
   w System.Collections.Generic.List`1.Enumerator.MoveNextRare()
   w GUI.MainForm.addIssueToTreeNode(String issueNumber, List`1 issue, String treeViewName) w C:\CP\ParserGit\JiraParser\GUI\MainForm.cs:wiersz 6142
   w GUI.MainForm.slaAutoAssigneTakenIssue(Object sender, RunWorkerCompletedEventArgs e) w C:\CP\ParserGit\JiraParser\GUI\SlaService.cs:wiersz 586

--- Main exception: Source ---
mscorlib

środa, 30 stycznia 2019 08:55:21

--- Main exception: Message ---
Zmodyfikowano kolekcję. Nie można wykonać operacji wyliczania.

--- Main exception: StackTrace ---
   w System.ThrowHelper.ThrowInvalidOperationException(ExceptionResource resource)
   w System.Collections.Generic.List`1.Enumerator.MoveNextRare()
   w GUI.MainForm.addIssueToTreeNode(String issueNumber, List`1 issue, String treeViewName) w C:\CP\ParserGit\JiraParser\GUI\MainForm.cs:wiersz 6142
   w GUI.MainForm.slaAutoAssigneTakenIssue(Object sender, RunWorkerCompletedEventArgs e) w C:\CP\ParserGit\JiraParser\GUI\SlaService.cs:wiersz 586

--- Main exception: Source ---
mscorlib

środa, 30 stycznia 2019 08:55:23

--- Main exception: Message ---
Zmodyfikowano kolekcję. Nie można wykonać operacji wyliczania.

--- Main exception: StackTrace ---
   w System.ThrowHelper.ThrowInvalidOperationException(ExceptionResource resource)
   w System.Collections.Generic.List`1.Enumerator.MoveNextRare()
   w GUI.MainForm.addIssueToTreeNode(String issueNumber, List`1 issue, String treeViewName) w C:\CP\ParserGit\JiraParser\GUI\MainForm.cs:wiersz 6142
   w GUI.MainForm.slaAutoAssigneTakenIssue(Object sender, RunWorkerCompletedEventArgs e) w C:\CP\ParserGit\JiraParser\GUI\SlaService.cs:wiersz 586

--- Main exception: Source ---
mscorlib

środa, 30 stycznia 2019 08:55:24

--- Main exception: Message ---
Zmodyfikowano kolekcję. Nie można wykonać operacji wyliczania.

--- Main exception: StackTrace ---
   w System.ThrowHelper.ThrowInvalidOperationException(ExceptionResource resource)
   w System.Collections.Generic.List`1.Enumerator.MoveNextRare()
   w GUI.MainForm.addIssueToTreeNode(String issueNumber, List`1 issue, String treeViewName) w C:\CP\ParserGit\JiraParser\GUI\MainForm.cs:wiersz 6142
   w GUI.MainForm.slaAutoAssigneTakenIssue(Object sender, RunWorkerCompletedEventArgs e) w C:\CP\ParserGit\JiraParser\GUI\SlaService.cs:wiersz 586

--- Main exception: Source ---
mscorlib

środa, 30 stycznia 2019 08:55:24

--- Main exception: Message ---
Zmodyfikowano kolekcję. Nie można wykonać operacji wyliczania.

--- Main exception: StackTrace ---
   w System.ThrowHelper.ThrowInvalidOperationException(ExceptionResource resource)
   w System.Collections.Generic.List`1.Enumerator.MoveNextRare()
   w GUI.MainForm.addIssueToTreeNode(String issueNumber, List`1 issue, String treeViewName) w C:\CP\ParserGit\JiraParser\GUI\MainForm.cs:wiersz 6142
   w GUI.MainForm.slaAutoAssigneTakenIssue(Object sender, RunWorkerCompletedEventArgs e) w C:\CP\ParserGit\JiraParser\GUI\SlaService.cs:wiersz 586

--- Main exception: Source ---
mscorlib

środa, 30 stycznia 2019 08:55:25

--- Main exception: Message ---
Zmodyfikowano kolekcję. Nie można wykonać operacji wyliczania.

--- Main exception: StackTrace ---
   w System.ThrowHelper.ThrowInvalidOperationException(ExceptionResource resource)
   w System.Collections.Generic.List`1.Enumerator.MoveNextRare()
   w GUI.MainForm.addIssueToTreeNode(String issueNumber, List`1 issue, String treeViewName) w C:\CP\ParserGit\JiraParser\GUI\MainForm.cs:wiersz 6142
   w GUI.MainForm.slaAutoAssigneTakenIssue(Object sender, RunWorkerCompletedEventArgs e) w C:\CP\ParserGit\JiraParser\GUI\SlaService.cs:wiersz 586

--- Main exception: Source ---
mscorlib

