środa, 13 marca 2019 04:38:55

Automatyczny zapis nowego zgłoszenia Entities.BillingIssueDtoHelios [2019-03-13 04:38:55] 

środa, 13 marca 2019 04:39:11

Automatyczny zapis poprawny Entities.BillingIssueDtoHelios [2019-03-13 04:39:11] 

środa, 13 marca 2019 04:39:11

Modyfikacja treeItemśroda, 13 marca 2019 04:39:11

Status Auto: False 

środa, 13 marca 2019 04:39:24

addCommentJira string jiraKey WIND-8186środa, 13 marca 2019 08:11:00

--- Main exception: Message ---
Filter with name 'DoPobrania2liniaBill' was not found

--- Main exception: StackTrace ---
   w Atlassian.Jira.Jira.GetIssuesFromFilter(String filterName, Int32 start, Nullable`1 maxResults) w c:\projects\atlassian-net-sdk\Atlassian.Jira\Jira.cs:wiersz 291
   w Logic.Implementation.JiraIssues.GetIssuesFromFilterAsync(String filterName) w C:\CP\ParserGit\JiraParser\Logic\Implementation\JiraIssues.cs:wiersz 803
   w GUI.MainForm.<timer2_Tick>b__104_0() w C:\CP\ParserGit\JiraParser\GUI\MainForm.cs:wiersz 2742

--- Main exception: Source ---
Atlassian.Jira

środa, 13 marca 2019 08:14:58

--- Main exception: Message ---
Filter with name 'DoPobrania2liniaBill' was not found

--- Main exception: StackTrace ---
   w Atlassian.Jira.Jira.GetIssuesFromFilter(String filterName, Int32 start, Nullable`1 maxResults) w c:\projects\atlassian-net-sdk\Atlassian.Jira\Jira.cs:wiersz 291
   w Logic.Implementation.JiraIssues.GetIssuesFromFilterAsync(String filterName) w C:\CP\ParserGit\JiraParser\Logic\Implementation\JiraIssues.cs:wiersz 803
   w GUI.MainForm.<timer2_Tick>b__104_0() w C:\CP\ParserGit\JiraParser\GUI\MainForm.cs:wiersz 2742

--- Main exception: Source ---
Atlassian.Jira

środa, 13 marca 2019 08:20:26

--- Main exception: Message ---
Zmodyfikowano kolekcję. Nie można wykonać operacji wyliczania.

--- Main exception: StackTrace ---
   w System.ThrowHelper.ThrowInvalidOperationException(ExceptionResource resource)
   w System.Collections.Generic.List`1.Enumerator.MoveNextRare()
   w GUI.MainForm.addIssueToTreeNode(String issueNumber, List`1 issue, String treeViewName) w C:\CP\ParserGit\JiraParser\GUI\MainForm.cs:wiersz 6228
   w GUI.MainForm.slaAutoAssigneTakenIssue(Object sender, DoWorkEventArgs e) w C:\CP\ParserGit\JiraParser\GUI\SlaService.cs:wiersz 595

--- Main exception: Source ---
mscorlib

środa, 13 marca 2019 08:20:27

--- Main exception: Message ---
Zmodyfikowano kolekcję. Nie można wykonać operacji wyliczania.

--- Main exception: StackTrace ---
   w System.ThrowHelper.ThrowInvalidOperationException(ExceptionResource resource)
   w System.Collections.Generic.List`1.Enumerator.MoveNextRare()
   w GUI.MainForm.addIssueToTreeNode(String issueNumber, List`1 issue, String treeViewName) w C:\CP\ParserGit\JiraParser\GUI\MainForm.cs:wiersz 6228
   w GUI.MainForm.slaAutoAssigneTakenIssue(Object sender, DoWorkEventArgs e) w C:\CP\ParserGit\JiraParser\GUI\SlaService.cs:wiersz 595

--- Main exception: Source ---
mscorlib

środa, 13 marca 2019 08:26:10

--- Main exception: Message ---
Zmodyfikowano kolekcję. Nie można wykonać operacji wyliczania.

--- Main exception: StackTrace ---
   w System.ThrowHelper.ThrowInvalidOperationException(ExceptionResource resource)
   w System.Collections.Generic.List`1.Enumerator.MoveNextRare()
   w GUI.MainForm.addIssueToTreeNode(String issueNumber, List`1 issue, String treeViewName) w C:\CP\ParserGit\JiraParser\GUI\MainForm.cs:wiersz 6228
   w GUI.MainForm.slaAutoAssigneTakenIssue(Object sender, DoWorkEventArgs e) w C:\CP\ParserGit\JiraParser\GUI\SlaService.cs:wiersz 595

--- Main exception: Source ---
mscorlib

środa, 13 marca 2019 08:26:10

--- Main exception: Message ---
Zmodyfikowano kolekcję. Nie można wykonać operacji wyliczania.

--- Main exception: StackTrace ---
   w System.ThrowHelper.ThrowInvalidOperationException(ExceptionResource resource)
   w System.Collections.Generic.List`1.Enumerator.MoveNextRare()
   w GUI.MainForm.addIssueToTreeNode(String issueNumber, List`1 issue, String treeViewName) w C:\CP\ParserGit\JiraParser\GUI\MainForm.cs:wiersz 6228
   w GUI.MainForm.slaAutoAssigneTakenIssue(Object sender, DoWorkEventArgs e) w C:\CP\ParserGit\JiraParser\GUI\SlaService.cs:wiersz 595

--- Main exception: Source ---
mscorlib

środa, 13 marca 2019 08:26:11

--- Main exception: Message ---
Zmodyfikowano kolekcję. Nie można wykonać operacji wyliczania.

--- Main exception: StackTrace ---
   w System.ThrowHelper.ThrowInvalidOperationException(ExceptionResource resource)
   w System.Collections.Generic.List`1.Enumerator.MoveNextRare()
   w GUI.MainForm.addIssueToTreeNode(String issueNumber, List`1 issue, String treeViewName) w C:\CP\ParserGit\JiraParser\GUI\MainForm.cs:wiersz 6228
   w GUI.MainForm.slaAutoAssigneTakenIssue(Object sender, DoWorkEventArgs e) w C:\CP\ParserGit\JiraParser\GUI\SlaService.cs:wiersz 595

--- Main exception: Source ---
mscorlib

środa, 13 marca 2019 08:31:44

Zgłoszenie CRM-75509 dodano automatycznie o godzinie 2019-03-13 08:31:44!
środa, 13 marca 2019 08:31:45

Modyfikacja treeItem checkAsAssigneśroda, 13 marca 2019 08:31:59

--- Main exception: Message ---
Zmodyfikowano kolekcję. Nie można wykonać operacji wyliczania.

--- Main exception: StackTrace ---
   w System.ThrowHelper.ThrowInvalidOperationException(ExceptionResource resource)
   w System.Collections.Generic.List`1.Enumerator.MoveNextRare()
   w GUI.MainForm.addIssueToTreeNode(String issueNumber, List`1 issue, String treeViewName) w C:\CP\ParserGit\JiraParser\GUI\MainForm.cs:wiersz 6228
   w GUI.MainForm.slaAutoAssigneTakenIssue(Object sender, DoWorkEventArgs e) w C:\CP\ParserGit\JiraParser\GUI\SlaService.cs:wiersz 595

--- Main exception: Source ---
mscorlib

środa, 13 marca 2019 08:31:59

--- Main exception: Message ---
Zmodyfikowano kolekcję. Nie można wykonać operacji wyliczania.

--- Main exception: StackTrace ---
   w System.ThrowHelper.ThrowInvalidOperationException(ExceptionResource resource)
   w System.Collections.Generic.List`1.Enumerator.MoveNextRare()
   w GUI.MainForm.addIssueToTreeNode(String issueNumber, List`1 issue, String treeViewName) w C:\CP\ParserGit\JiraParser\GUI\MainForm.cs:wiersz 6228
   w GUI.MainForm.slaAutoAssigneTakenIssue(Object sender, DoWorkEventArgs e) w C:\CP\ParserGit\JiraParser\GUI\SlaService.cs:wiersz 595

--- Main exception: Source ---
mscorlib

środa, 13 marca 2019 08:31:59

--- Main exception: Message ---
Zmodyfikowano kolekcję. Nie można wykonać operacji wyliczania.

--- Main exception: StackTrace ---
   w System.ThrowHelper.ThrowInvalidOperationException(ExceptionResource resource)
   w System.Collections.Generic.List`1.Enumerator.MoveNextRare()
   w GUI.MainForm.addIssueToTreeNode(String issueNumber, List`1 issue, String treeViewName) w C:\CP\ParserGit\JiraParser\GUI\MainForm.cs:wiersz 6228
   w GUI.MainForm.slaAutoAssigneTakenIssue(Object sender, DoWorkEventArgs e) w C:\CP\ParserGit\JiraParser\GUI\SlaService.cs:wiersz 595

--- Main exception: Source ---
mscorlib

środa, 13 marca 2019 08:39:59

--- Main exception: Message ---
Zmodyfikowano kolekcję. Nie można wykonać operacji wyliczania.

--- Main exception: StackTrace ---
   w System.ThrowHelper.ThrowInvalidOperationException(ExceptionResource resource)
   w System.Collections.Generic.List`1.Enumerator.MoveNextRare()
   w GUI.MainForm.addIssueToTreeNode(String issueNumber, List`1 issue, String treeViewName) w C:\CP\ParserGit\JiraParser\GUI\MainForm.cs:wiersz 6228
   w GUI.MainForm.slaAutoAssigneTakenIssue(Object sender, DoWorkEventArgs e) w C:\CP\ParserGit\JiraParser\GUI\SlaService.cs:wiersz 595

--- Main exception: Source ---
mscorlib

środa, 13 marca 2019 08:39:59

--- Main exception: Message ---
Zmodyfikowano kolekcję. Nie można wykonać operacji wyliczania.

--- Main exception: StackTrace ---
   w System.ThrowHelper.ThrowInvalidOperationException(ExceptionResource resource)
   w System.Collections.Generic.List`1.Enumerator.MoveNextRare()
   w GUI.MainForm.addIssueToTreeNode(String issueNumber, List`1 issue, String treeViewName) w C:\CP\ParserGit\JiraParser\GUI\MainForm.cs:wiersz 6228
   w GUI.MainForm.slaAutoAssigneTakenIssue(Object sender, DoWorkEventArgs e) w C:\CP\ParserGit\JiraParser\GUI\SlaService.cs:wiersz 595

--- Main exception: Source ---
mscorlib

środa, 13 marca 2019 08:40:05

--- Main exception: Message ---
Zmodyfikowano kolekcję. Nie można wykonać operacji wyliczania.

--- Main exception: StackTrace ---
   w System.ThrowHelper.ThrowInvalidOperationException(ExceptionResource resource)
   w System.Collections.Generic.List`1.Enumerator.MoveNextRare()
   w GUI.MainForm.addIssueToTreeNode(String issueNumber, List`1 issue, String treeViewName) w C:\CP\ParserGit\JiraParser\GUI\MainForm.cs:wiersz 6228
   w GUI.MainForm.slaAutoAssigneTakenIssue(Object sender, DoWorkEventArgs e) w C:\CP\ParserGit\JiraParser\GUI\SlaService.cs:wiersz 595

--- Main exception: Source ---
mscorlib

środa, 13 marca 2019 08:43:52

Zgłoszenie ZCC-18325 dodano automatycznie o godzinie 2019-03-13 08:43:52!
środa, 13 marca 2019 08:44:04

--- Main exception: Message ---
Zmodyfikowano kolekcję. Nie można wykonać operacji wyliczania.

--- Main exception: StackTrace ---
   w System.ThrowHelper.ThrowInvalidOperationException(ExceptionResource resource)
   w System.Collections.Generic.List`1.Enumerator.MoveNextRare()
   w GUI.MainForm.addIssueToTreeNode(String issueNumber, List`1 issue, String treeViewName) w C:\CP\ParserGit\JiraParser\GUI\MainForm.cs:wiersz 6228
   w GUI.MainForm.slaAutoAssigneTakenIssue(Object sender, DoWorkEventArgs e) w C:\CP\ParserGit\JiraParser\GUI\SlaService.cs:wiersz 595

--- Main exception: Source ---
mscorlib

środa, 13 marca 2019 08:44:04

--- Main exception: Message ---
Zmodyfikowano kolekcję. Nie można wykonać operacji wyliczania.

--- Main exception: StackTrace ---
   w System.ThrowHelper.ThrowInvalidOperationException(ExceptionResource resource)
   w System.Collections.Generic.List`1.Enumerator.MoveNextRare()
   w GUI.MainForm.addIssueToTreeNode(String issueNumber, List`1 issue, String treeViewName) w C:\CP\ParserGit\JiraParser\GUI\MainForm.cs:wiersz 6228
   w GUI.MainForm.slaAutoAssigneTakenIssue(Object sender, DoWorkEventArgs e) w C:\CP\ParserGit\JiraParser\GUI\SlaService.cs:wiersz 595

--- Main exception: Source ---
mscorlib

środa, 13 marca 2019 08:44:05

--- Main exception: Message ---
Zmodyfikowano kolekcję. Nie można wykonać operacji wyliczania.

--- Main exception: StackTrace ---
   w System.ThrowHelper.ThrowInvalidOperationException(ExceptionResource resource)
   w System.Collections.Generic.List`1.Enumerator.MoveNextRare()
   w GUI.MainForm.addIssueToTreeNode(String issueNumber, List`1 issue, String treeViewName) w C:\CP\ParserGit\JiraParser\GUI\MainForm.cs:wiersz 6228
   w GUI.MainForm.slaAutoAssigneTakenIssue(Object sender, DoWorkEventArgs e) w C:\CP\ParserGit\JiraParser\GUI\SlaService.cs:wiersz 595

--- Main exception: Source ---
mscorlib

środa, 13 marca 2019 08:44:06

--- Main exception: Message ---
Zmodyfikowano kolekcję. Nie można wykonać operacji wyliczania.

--- Main exception: StackTrace ---
   w System.ThrowHelper.ThrowInvalidOperationException(ExceptionResource resource)
   w System.Collections.Generic.List`1.Enumerator.MoveNextRare()
   w GUI.MainForm.addIssueToTreeNode(String issueNumber, List`1 issue, String treeViewName) w C:\CP\ParserGit\JiraParser\GUI\MainForm.cs:wiersz 6228
   w GUI.MainForm.slaAutoAssigneTakenIssue(Object sender, DoWorkEventArgs e) w C:\CP\ParserGit\JiraParser\GUI\SlaService.cs:wiersz 595

--- Main exception: Source ---
mscorlib

środa, 13 marca 2019 08:49:37

Zgłoszenie CRM-75510 dodano automatycznie o godzinie 2019-03-13 08:49:37!
środa, 13 marca 2019 08:49:37

Modyfikacja treeItem checkAsAssigneśroda, 13 marca 2019 08:49:44

--- Main exception: Message ---
Zmodyfikowano kolekcję. Nie można wykonać operacji wyliczania.

--- Main exception: StackTrace ---
   w System.ThrowHelper.ThrowInvalidOperationException(ExceptionResource resource)
   w System.Collections.Generic.List`1.Enumerator.MoveNextRare()
   w GUI.MainForm.addIssueToTreeNode(String issueNumber, List`1 issue, String treeViewName) w C:\CP\ParserGit\JiraParser\GUI\MainForm.cs:wiersz 6228
   w GUI.MainForm.slaAutoAssigneTakenIssue(Object sender, DoWorkEventArgs e) w C:\CP\ParserGit\JiraParser\GUI\SlaService.cs:wiersz 595

--- Main exception: Source ---
mscorlib

środa, 13 marca 2019 08:49:46

--- Main exception: Message ---
Zmodyfikowano kolekcję. Nie można wykonać operacji wyliczania.

--- Main exception: StackTrace ---
   w System.ThrowHelper.ThrowInvalidOperationException(ExceptionResource resource)
   w System.Collections.Generic.List`1.Enumerator.MoveNextRare()
   w GUI.MainForm.addIssueToTreeNode(String issueNumber, List`1 issue, String treeViewName) w C:\CP\ParserGit\JiraParser\GUI\MainForm.cs:wiersz 6228
   w GUI.MainForm.slaAutoAssigneTakenIssue(Object sender, DoWorkEventArgs e) w C:\CP\ParserGit\JiraParser\GUI\SlaService.cs:wiersz 595

--- Main exception: Source ---
mscorlib

środa, 13 marca 2019 08:49:46

--- Main exception: Message ---
Zmodyfikowano kolekcję. Nie można wykonać operacji wyliczania.

--- Main exception: StackTrace ---
   w System.ThrowHelper.ThrowInvalidOperationException(ExceptionResource resource)
   w System.Collections.Generic.List`1.Enumerator.MoveNextRare()
   w GUI.MainForm.addIssueToTreeNode(String issueNumber, List`1 issue, String treeViewName) w C:\CP\ParserGit\JiraParser\GUI\MainForm.cs:wiersz 6228
   w GUI.MainForm.slaAutoAssigneTakenIssue(Object sender, DoWorkEventArgs e) w C:\CP\ParserGit\JiraParser\GUI\SlaService.cs:wiersz 595

--- Main exception: Source ---
mscorlib

środa, 13 marca 2019 08:49:48

addCommentJira string jiraKey CRM-75510środa, 13 marca 2019 08:49:48

addCommentJira object sender, DoWorkEventArgs e CRM-75510środa, 13 marca 2019 08:49:48

--- Main exception: Message ---
Zmodyfikowano kolekcję. Nie można wykonać operacji wyliczania.

--- Main exception: StackTrace ---
   w System.ThrowHelper.ThrowInvalidOperationException(ExceptionResource resource)
   w System.Collections.Generic.List`1.Enumerator.MoveNextRare()
   w GUI.MainForm.addIssueToTreeNode(String issueNumber, List`1 issue, String treeViewName) w C:\CP\ParserGit\JiraParser\GUI\MainForm.cs:wiersz 6228
   w GUI.MainForm.slaAutoAssigneTakenIssue(Object sender, DoWorkEventArgs e) w C:\CP\ParserGit\JiraParser\GUI\SlaService.cs:wiersz 595

--- Main exception: Source ---
mscorlib

środa, 13 marca 2019 08:49:48

--- Main exception: Message ---
Zmodyfikowano kolekcję. Nie można wykonać operacji wyliczania.

--- Main exception: StackTrace ---
   w System.ThrowHelper.ThrowInvalidOperationException(ExceptionResource resource)
   w System.Collections.Generic.List`1.Enumerator.MoveNextRare()
   w GUI.MainForm.addIssueToTreeNode(String issueNumber, List`1 issue, String treeViewName) w C:\CP\ParserGit\JiraParser\GUI\MainForm.cs:wiersz 6228
   w GUI.MainForm.slaAutoAssigneTakenIssue(Object sender, DoWorkEventArgs e) w C:\CP\ParserGit\JiraParser\GUI\SlaService.cs:wiersz 595

--- Main exception: Source ---
mscorlib

środa, 13 marca 2019 08:55:46

--- Main exception: Message ---
Zmodyfikowano kolekcję. Nie można wykonać operacji wyliczania.

--- Main exception: StackTrace ---
   w System.ThrowHelper.ThrowInvalidOperationException(ExceptionResource resource)
   w System.Collections.Generic.List`1.Enumerator.MoveNextRare()
   w GUI.MainForm.addIssueToTreeNode(String issueNumber, List`1 issue, String treeViewName) w C:\CP\ParserGit\JiraParser\GUI\MainForm.cs:wiersz 6228
   w GUI.MainForm.slaAutoAssigneTakenIssue(Object sender, DoWorkEventArgs e) w C:\CP\ParserGit\JiraParser\GUI\SlaService.cs:wiersz 595

--- Main exception: Source ---
mscorlib

środa, 13 marca 2019 08:55:46

--- Main exception: Message ---
Zmodyfikowano kolekcję. Nie można wykonać operacji wyliczania.

--- Main exception: StackTrace ---
   w System.ThrowHelper.ThrowInvalidOperationException(ExceptionResource resource)
   w System.Collections.Generic.List`1.Enumerator.MoveNextRare()
   w GUI.MainForm.addIssueToTreeNode(String issueNumber, List`1 issue, String treeViewName) w C:\CP\ParserGit\JiraParser\GUI\MainForm.cs:wiersz 6228
   w GUI.MainForm.slaAutoAssigneTakenIssue(Object sender, DoWorkEventArgs e) w C:\CP\ParserGit\JiraParser\GUI\SlaService.cs:wiersz 595

--- Main exception: Source ---
mscorlib

środa, 13 marca 2019 08:55:46

--- Main exception: Message ---
Zmodyfikowano kolekcję. Nie można wykonać operacji wyliczania.

--- Main exception: StackTrace ---
   w System.ThrowHelper.ThrowInvalidOperationException(ExceptionResource resource)
   w System.Collections.Generic.List`1.Enumerator.MoveNextRare()
   w GUI.MainForm.addIssueToTreeNode(String issueNumber, List`1 issue, String treeViewName) w C:\CP\ParserGit\JiraParser\GUI\MainForm.cs:wiersz 6228
   w GUI.MainForm.slaAutoAssigneTakenIssue(Object sender, DoWorkEventArgs e) w C:\CP\ParserGit\JiraParser\GUI\SlaService.cs:wiersz 595

--- Main exception: Source ---
mscorlib

środa, 13 marca 2019 08:55:46

--- Main exception: Message ---
Zmodyfikowano kolekcję. Nie można wykonać operacji wyliczania.

--- Main exception: StackTrace ---
   w System.ThrowHelper.ThrowInvalidOperationException(ExceptionResource resource)
   w System.Collections.Generic.List`1.Enumerator.MoveNextRare()
   w GUI.MainForm.addIssueToTreeNode(String issueNumber, List`1 issue, String treeViewName) w C:\CP\ParserGit\JiraParser\GUI\MainForm.cs:wiersz 6228
   w GUI.MainForm.slaAutoAssigneTakenIssue(Object sender, DoWorkEventArgs e) w C:\CP\ParserGit\JiraParser\GUI\SlaService.cs:wiersz 595

--- Main exception: Source ---
mscorlib

środa, 13 marca 2019 08:55:46

--- Main exception: Message ---
Zmodyfikowano kolekcję. Nie można wykonać operacji wyliczania.

--- Main exception: StackTrace ---
   w System.ThrowHelper.ThrowInvalidOperationException(ExceptionResource resource)
   w System.Collections.Generic.List`1.Enumerator.MoveNextRare()
   w GUI.MainForm.addIssueToTreeNode(String issueNumber, List`1 issue, String treeViewName) w C:\CP\ParserGit\JiraParser\GUI\MainForm.cs:wiersz 6228
   w GUI.MainForm.slaAutoAssigneTakenIssue(Object sender, DoWorkEventArgs e) w C:\CP\ParserGit\JiraParser\GUI\SlaService.cs:wiersz 595

--- Main exception: Source ---
mscorlib

środa, 13 marca 2019 09:01:38

Zgłoszenie ZCC-18327 dodano automatycznie o godzinie 2019-03-13 09:01:38!
środa, 13 marca 2019 09:01:38

Modyfikacja treeItem checkAsAssigneśroda, 13 marca 2019 09:01:48

--- Main exception: Message ---
Zmodyfikowano kolekcję. Nie można wykonać operacji wyliczania.

--- Main exception: StackTrace ---
   w System.ThrowHelper.ThrowInvalidOperationException(ExceptionResource resource)
   w System.Collections.Generic.List`1.Enumerator.MoveNextRare()
   w GUI.MainForm.addIssueToTreeNode(String issueNumber, List`1 issue, String treeViewName) w C:\CP\ParserGit\JiraParser\GUI\MainForm.cs:wiersz 6228
   w GUI.MainForm.slaAutoAssigneTakenIssue(Object sender, DoWorkEventArgs e) w C:\CP\ParserGit\JiraParser\GUI\SlaService.cs:wiersz 595

--- Main exception: Source ---
mscorlib

środa, 13 marca 2019 09:01:51

--- Main exception: Message ---
Zmodyfikowano kolekcję. Nie można wykonać operacji wyliczania.

--- Main exception: StackTrace ---
   w System.ThrowHelper.ThrowInvalidOperationException(ExceptionResource resource)
   w System.Collections.Generic.List`1.Enumerator.MoveNextRare()
   w GUI.MainForm.addIssueToTreeNode(String issueNumber, List`1 issue, String treeViewName) w C:\CP\ParserGit\JiraParser\GUI\MainForm.cs:wiersz 6228
   w GUI.MainForm.slaAutoAssigneTakenIssue(Object sender, DoWorkEventArgs e) w C:\CP\ParserGit\JiraParser\GUI\SlaService.cs:wiersz 595

--- Main exception: Source ---
mscorlib

środa, 13 marca 2019 09:01:52

addCommentJira string jiraKey ZCC-18327środa, 13 marca 2019 09:01:52

addCommentJira object sender, DoWorkEventArgs e ZCC-18327środa, 13 marca 2019 09:01:52

--- Main exception: Message ---
Zmodyfikowano kolekcję. Nie można wykonać operacji wyliczania.

--- Main exception: StackTrace ---
   w System.ThrowHelper.ThrowInvalidOperationException(ExceptionResource resource)
   w System.Collections.Generic.List`1.Enumerator.MoveNextRare()
   w GUI.MainForm.addIssueToTreeNode(String issueNumber, List`1 issue, String treeViewName) w C:\CP\ParserGit\JiraParser\GUI\MainForm.cs:wiersz 6228
   w GUI.MainForm.slaAutoAssigneTakenIssue(Object sender, DoWorkEventArgs e) w C:\CP\ParserGit\JiraParser\GUI\SlaService.cs:wiersz 595

--- Main exception: Source ---
mscorlib

środa, 13 marca 2019 09:01:52

--- Main exception: Message ---
Zmodyfikowano kolekcję. Nie można wykonać operacji wyliczania.

--- Main exception: StackTrace ---
   w System.ThrowHelper.ThrowInvalidOperationException(ExceptionResource resource)
   w System.Collections.Generic.List`1.Enumerator.MoveNextRare()
   w GUI.MainForm.addIssueToTreeNode(String issueNumber, List`1 issue, String treeViewName) w C:\CP\ParserGit\JiraParser\GUI\MainForm.cs:wiersz 6228
   w GUI.MainForm.slaAutoAssigneTakenIssue(Object sender, DoWorkEventArgs e) w C:\CP\ParserGit\JiraParser\GUI\SlaService.cs:wiersz 595

--- Main exception: Source ---
mscorlib

środa, 13 marca 2019 09:01:53

--- Main exception: Message ---
Zmodyfikowano kolekcję. Nie można wykonać operacji wyliczania.

--- Main exception: StackTrace ---
   w System.ThrowHelper.ThrowInvalidOperationException(ExceptionResource resource)
   w System.Collections.Generic.List`1.Enumerator.MoveNextRare()
   w GUI.MainForm.addIssueToTreeNode(String issueNumber, List`1 issue, String treeViewName) w C:\CP\ParserGit\JiraParser\GUI\MainForm.cs:wiersz 6228
   w GUI.MainForm.slaAutoAssigneTakenIssue(Object sender, DoWorkEventArgs e) w C:\CP\ParserGit\JiraParser\GUI\SlaService.cs:wiersz 595

--- Main exception: Source ---
mscorlib

środa, 13 marca 2019 09:07:50

--- Main exception: Message ---
Zmodyfikowano kolekcję. Nie można wykonać operacji wyliczania.

--- Main exception: StackTrace ---
   w System.ThrowHelper.ThrowInvalidOperationException(ExceptionResource resource)
   w System.Collections.Generic.List`1.Enumerator.MoveNextRare()
   w GUI.MainForm.addIssueToTreeNode(String issueNumber, List`1 issue, String treeViewName) w C:\CP\ParserGit\JiraParser\GUI\MainForm.cs:wiersz 6228
   w GUI.MainForm.slaAutoAssigneTakenIssue(Object sender, DoWorkEventArgs e) w C:\CP\ParserGit\JiraParser\GUI\SlaService.cs:wiersz 595

--- Main exception: Source ---
mscorlib

środa, 13 marca 2019 09:07:50

--- Main exception: Message ---
Zmodyfikowano kolekcję. Nie można wykonać operacji wyliczania.

--- Main exception: StackTrace ---
   w System.ThrowHelper.ThrowInvalidOperationException(ExceptionResource resource)
   w System.Collections.Generic.List`1.Enumerator.MoveNextRare()
   w GUI.MainForm.addIssueToTreeNode(String issueNumber, List`1 issue, String treeViewName) w C:\CP\ParserGit\JiraParser\GUI\MainForm.cs:wiersz 6228
   w GUI.MainForm.slaAutoAssigneTakenIssue(Object sender, DoWorkEventArgs e) w C:\CP\ParserGit\JiraParser\GUI\SlaService.cs:wiersz 595

--- Main exception: Source ---
mscorlib

środa, 13 marca 2019 09:07:51

--- Main exception: Message ---
Zmodyfikowano kolekcję. Nie można wykonać operacji wyliczania.

--- Main exception: StackTrace ---
   w System.ThrowHelper.ThrowInvalidOperationException(ExceptionResource resource)
   w System.Collections.Generic.List`1.Enumerator.MoveNextRare()
   w GUI.MainForm.addIssueToTreeNode(String issueNumber, List`1 issue, String treeViewName) w C:\CP\ParserGit\JiraParser\GUI\MainForm.cs:wiersz 6228
   w GUI.MainForm.slaAutoAssigneTakenIssue(Object sender, DoWorkEventArgs e) w C:\CP\ParserGit\JiraParser\GUI\SlaService.cs:wiersz 595

--- Main exception: Source ---
mscorlib

środa, 13 marca 2019 09:07:51

--- Main exception: Message ---
Zmodyfikowano kolekcję. Nie można wykonać operacji wyliczania.

--- Main exception: StackTrace ---
   w System.ThrowHelper.ThrowInvalidOperationException(ExceptionResource resource)
   w System.Collections.Generic.List`1.Enumerator.MoveNextRare()
   w GUI.MainForm.addIssueToTreeNode(String issueNumber, List`1 issue, String treeViewName) w C:\CP\ParserGit\JiraParser\GUI\MainForm.cs:wiersz 6228
   w GUI.MainForm.slaAutoAssigneTakenIssue(Object sender, DoWorkEventArgs e) w C:\CP\ParserGit\JiraParser\GUI\SlaService.cs:wiersz 595

--- Main exception: Source ---
mscorlib

środa, 13 marca 2019 09:07:51

--- Main exception: Message ---
Zmodyfikowano kolekcję. Nie można wykonać operacji wyliczania.

--- Main exception: StackTrace ---
   w System.ThrowHelper.ThrowInvalidOperationException(ExceptionResource resource)
   w System.Collections.Generic.List`1.Enumerator.MoveNextRare()
   w GUI.MainForm.addIssueToTreeNode(String issueNumber, List`1 issue, String treeViewName) w C:\CP\ParserGit\JiraParser\GUI\MainForm.cs:wiersz 6228
   w GUI.MainForm.slaAutoAssigneTakenIssue(Object sender, DoWorkEventArgs e) w C:\CP\ParserGit\JiraParser\GUI\SlaService.cs:wiersz 595

--- Main exception: Source ---
mscorlib

środa, 13 marca 2019 09:07:51

--- Main exception: Message ---
Zmodyfikowano kolekcję. Nie można wykonać operacji wyliczania.

--- Main exception: StackTrace ---
   w System.ThrowHelper.ThrowInvalidOperationException(ExceptionResource resource)
   w System.Collections.Generic.List`1.Enumerator.MoveNextRare()
   w GUI.MainForm.addIssueToTreeNode(String issueNumber, List`1 issue, String treeViewName) w C:\CP\ParserGit\JiraParser\GUI\MainForm.cs:wiersz 6228
   w GUI.MainForm.slaAutoAssigneTakenIssue(Object sender, DoWorkEventArgs e) w C:\CP\ParserGit\JiraParser\GUI\SlaService.cs:wiersz 595

--- Main exception: Source ---
mscorlib

środa, 13 marca 2019 09:07:51

--- Main exception: Message ---
Zmodyfikowano kolekcję. Nie można wykonać operacji wyliczania.

--- Main exception: StackTrace ---
   w System.ThrowHelper.ThrowInvalidOperationException(ExceptionResource resource)
   w System.Collections.Generic.List`1.Enumerator.MoveNextRare()
   w GUI.MainForm.addIssueToTreeNode(String issueNumber, List`1 issue, String treeViewName) w C:\CP\ParserGit\JiraParser\GUI\MainForm.cs:wiersz 6228
   w GUI.MainForm.slaAutoAssigneTakenIssue(Object sender, DoWorkEventArgs e) w C:\CP\ParserGit\JiraParser\GUI\SlaService.cs:wiersz 595

--- Main exception: Source ---
mscorlib

środa, 13 marca 2019 09:13:48

--- Main exception: Message ---
Zmodyfikowano kolekcję. Nie można wykonać operacji wyliczania.

--- Main exception: StackTrace ---
   w System.ThrowHelper.ThrowInvalidOperationException(ExceptionResource resource)
   w System.Collections.Generic.List`1.Enumerator.MoveNextRare()
   w GUI.MainForm.addIssueToTreeNode(String issueNumber, List`1 issue, String treeViewName) w C:\CP\ParserGit\JiraParser\GUI\MainForm.cs:wiersz 6228
   w GUI.MainForm.slaAutoAssigneTakenIssue(Object sender, DoWorkEventArgs e) w C:\CP\ParserGit\JiraParser\GUI\SlaService.cs:wiersz 595

--- Main exception: Source ---
mscorlib

środa, 13 marca 2019 09:13:49

--- Main exception: Message ---
Zmodyfikowano kolekcję. Nie można wykonać operacji wyliczania.

--- Main exception: StackTrace ---
   w System.ThrowHelper.ThrowInvalidOperationException(ExceptionResource resource)
   w System.Collections.Generic.List`1.Enumerator.MoveNextRare()
   w GUI.MainForm.addIssueToTreeNode(String issueNumber, List`1 issue, String treeViewName) w C:\CP\ParserGit\JiraParser\GUI\MainForm.cs:wiersz 6228
   w GUI.MainForm.slaAutoAssigneTakenIssue(Object sender, DoWorkEventArgs e) w C:\CP\ParserGit\JiraParser\GUI\SlaService.cs:wiersz 595

--- Main exception: Source ---
mscorlib

środa, 13 marca 2019 09:13:49

--- Main exception: Message ---
Zmodyfikowano kolekcję. Nie można wykonać operacji wyliczania.

--- Main exception: StackTrace ---
   w System.ThrowHelper.ThrowInvalidOperationException(ExceptionResource resource)
   w System.Collections.Generic.List`1.Enumerator.MoveNextRare()
   w GUI.MainForm.addIssueToTreeNode(String issueNumber, List`1 issue, String treeViewName) w C:\CP\ParserGit\JiraParser\GUI\MainForm.cs:wiersz 6228
   w GUI.MainForm.slaAutoAssigneTakenIssue(Object sender, DoWorkEventArgs e) w C:\CP\ParserGit\JiraParser\GUI\SlaService.cs:wiersz 595

--- Main exception: Source ---
mscorlib

środa, 13 marca 2019 09:13:49

--- Main exception: Message ---
Zmodyfikowano kolekcję. Nie można wykonać operacji wyliczania.

--- Main exception: StackTrace ---
   w System.ThrowHelper.ThrowInvalidOperationException(ExceptionResource resource)
   w System.Collections.Generic.List`1.Enumerator.MoveNextRare()
   w GUI.MainForm.addIssueToTreeNode(String issueNumber, List`1 issue, String treeViewName) w C:\CP\ParserGit\JiraParser\GUI\MainForm.cs:wiersz 6228
   w GUI.MainForm.slaAutoAssigneTakenIssue(Object sender, DoWorkEventArgs e) w C:\CP\ParserGit\JiraParser\GUI\SlaService.cs:wiersz 595

--- Main exception: Source ---
mscorlib

środa, 13 marca 2019 09:13:50

--- Main exception: Message ---
Zmodyfikowano kolekcję. Nie można wykonać operacji wyliczania.

--- Main exception: StackTrace ---
   w System.ThrowHelper.ThrowInvalidOperationException(ExceptionResource resource)
   w System.Collections.Generic.List`1.Enumerator.MoveNextRare()
   w GUI.MainForm.addIssueToTreeNode(String issueNumber, List`1 issue, String treeViewName) w C:\CP\ParserGit\JiraParser\GUI\MainForm.cs:wiersz 6228
   w GUI.MainForm.slaAutoAssigneTakenIssue(Object sender, DoWorkEventArgs e) w C:\CP\ParserGit\JiraParser\GUI\SlaService.cs:wiersz 595

--- Main exception: Source ---
mscorlib

środa, 13 marca 2019 09:13:50

--- Main exception: Message ---
Zmodyfikowano kolekcję. Nie można wykonać operacji wyliczania.

--- Main exception: StackTrace ---
   w System.ThrowHelper.ThrowInvalidOperationException(ExceptionResource resource)
   w System.Collections.Generic.List`1.Enumerator.MoveNextRare()
   w GUI.MainForm.addIssueToTreeNode(String issueNumber, List`1 issue, String treeViewName) w C:\CP\ParserGit\JiraParser\GUI\MainForm.cs:wiersz 6228
   w GUI.MainForm.slaAutoAssigneTakenIssue(Object sender, DoWorkEventArgs e) w C:\CP\ParserGit\JiraParser\GUI\SlaService.cs:wiersz 595

--- Main exception: Source ---
mscorlib

środa, 13 marca 2019 09:13:51

--- Main exception: Message ---
Zmodyfikowano kolekcję. Nie można wykonać operacji wyliczania.

--- Main exception: StackTrace ---
   w System.ThrowHelper.ThrowInvalidOperationException(ExceptionResource resource)
   w System.Collections.Generic.List`1.Enumerator.MoveNextRare()
   w GUI.MainForm.addIssueToTreeNode(String issueNumber, List`1 issue, String treeViewName) w C:\CP\ParserGit\JiraParser\GUI\MainForm.cs:wiersz 6228
   w GUI.MainForm.slaAutoAssigneTakenIssue(Object sender, DoWorkEventArgs e) w C:\CP\ParserGit\JiraParser\GUI\SlaService.cs:wiersz 595

--- Main exception: Source ---
mscorlib

środa, 13 marca 2019 09:28:07

--- Main exception: Message ---
Nie można połączyć się z serwerem zdalnym

--- Main exception: StackTrace ---
   w Atlassian.Jira.Remote.JiraRestClient.ExecuteRequest(Method method, String resource, Object requestBody) w c:\projects\atlassian-net-sdk\Atlassian.Jira\Remote\JiraRestClient.cs:wiersz 107
   w Atlassian.Jira.Remote.JiraRestClient.GetIssuesFromFilterWithLimit(String token, String filterId, Int32 offset, Int32 maxResults) w c:\projects\atlassian-net-sdk\Atlassian.Jira\Remote\JiraRestClient.cs:wiersz 846
   w Atlassian.Jira.Jira.<>c__DisplayClass5.<GetIssuesFromFilter>b__3(String token) w c:\projects\atlassian-net-sdk\Atlassian.Jira\Jira.cs:wiersz 296
   w Atlassian.Jira.Jira.WithToken[TResult](Func`3 function) w c:\projects\atlassian-net-sdk\Atlassian.Jira\Jira.cs:wiersz 706
   w Atlassian.Jira.Jira.GetIssuesFromFilter(String filterName, Int32 start, Nullable`1 maxResults) w c:\projects\atlassian-net-sdk\Atlassian.Jira\Jira.cs:wiersz 294
   w Logic.Implementation.JiraIssues.GetIssuesFromFilterAsync(String filterName) w C:\CP\ParserGit\JiraParser\Logic\Implementation\JiraIssues.cs:wiersz 803
   w GUI.MainForm.<timer2_Tick>b__104_0() w C:\CP\ParserGit\JiraParser\GUI\MainForm.cs:wiersz 2742

--- Main exception: Source ---
Atlassian.Jira

środa, 13 marca 2019 09:28:22

Modyfikacja treeItem checkAsAssigneśroda, 13 marca 2019 09:28:23

--- Main exception: Message ---
Nie można uzyskać dostępu do usuniętego obiektu.
Nazwa obiektu: 'WFSform'.

--- Main exception: StackTrace ---
   w System.Windows.Forms.Control.CreateHandle()
   w System.Windows.Forms.Form.CreateHandle()
   w System.Windows.Forms.Control.get_Handle()
   w System.Windows.Forms.Application.ThreadContext.RunMessageLoopInner(Int32 reason, ApplicationContext context)
   w System.Windows.Forms.Application.ThreadContext.RunMessageLoop(Int32 reason, ApplicationContext context)
   w System.Windows.Forms.Form.ShowDialog(IWin32Window owner)
   w GUI.MainForm.UzupelnijDane(TreeView tr, Boolean auto) w C:\CP\ParserGit\JiraParser\GUI\MainForm.cs:wiersz 3864
   w GUI.MainForm.<newIssueAutoAddToBPMUzupelnijDane>b__225_0() w C:\CP\ParserGit\JiraParser\GUI\MainForm.cs:wiersz 7427

--- Main exception: Source ---
System.Windows.Forms

środa, 13 marca 2019 12:38:05

--- Main exception: Message ---
Zmodyfikowano kolekcję. Nie można wykonać operacji wyliczania.

--- Main exception: StackTrace ---
   w System.ThrowHelper.ThrowInvalidOperationException(ExceptionResource resource)
   w System.Collections.Generic.List`1.Enumerator.MoveNextRare()
   w GUI.MainForm.addIssueToTreeNode(String issueNumber, List`1 issue, String treeViewName) w C:\CP\ParserGit\JiraParser\GUI\MainForm.cs:wiersz 6228
   w GUI.MainForm.slaAutoAssigneTakenIssue(Object sender, DoWorkEventArgs e) w C:\CP\ParserGit\JiraParser\GUI\SlaService.cs:wiersz 595

--- Main exception: Source ---
mscorlib

środa, 13 marca 2019 12:38:06

--- Main exception: Message ---
Zmodyfikowano kolekcję. Nie można wykonać operacji wyliczania.

--- Main exception: StackTrace ---
   w System.ThrowHelper.ThrowInvalidOperationException(ExceptionResource resource)
   w System.Collections.Generic.List`1.Enumerator.MoveNextRare()
   w GUI.MainForm.addIssueToTreeNode(String issueNumber, List`1 issue, String treeViewName) w C:\CP\ParserGit\JiraParser\GUI\MainForm.cs:wiersz 6228
   w GUI.MainForm.slaAutoAssigneTakenIssue(Object sender, DoWorkEventArgs e) w C:\CP\ParserGit\JiraParser\GUI\SlaService.cs:wiersz 595

--- Main exception: Source ---
mscorlib

środa, 13 marca 2019 12:38:06

--- Main exception: Message ---
Zmodyfikowano kolekcję. Nie można wykonać operacji wyliczania.

--- Main exception: StackTrace ---
   w System.ThrowHelper.ThrowInvalidOperationException(ExceptionResource resource)
   w System.Collections.Generic.List`1.Enumerator.MoveNextRare()
   w GUI.MainForm.addIssueToTreeNode(String issueNumber, List`1 issue, String treeViewName) w C:\CP\ParserGit\JiraParser\GUI\MainForm.cs:wiersz 6228
   w GUI.MainForm.slaAutoAssigneTakenIssue(Object sender, DoWorkEventArgs e) w C:\CP\ParserGit\JiraParser\GUI\SlaService.cs:wiersz 595

--- Main exception: Source ---
mscorlib

środa, 13 marca 2019 12:44:04

--- Main exception: Message ---
Zmodyfikowano kolekcję. Nie można wykonać operacji wyliczania.

--- Main exception: StackTrace ---
   w System.ThrowHelper.ThrowInvalidOperationException(ExceptionResource resource)
   w System.Collections.Generic.List`1.Enumerator.MoveNextRare()
   w GUI.MainForm.addIssueToTreeNode(String issueNumber, List`1 issue, String treeViewName) w C:\CP\ParserGit\JiraParser\GUI\MainForm.cs:wiersz 6228
   w GUI.MainForm.slaAutoAssigneTakenIssue(Object sender, DoWorkEventArgs e) w C:\CP\ParserGit\JiraParser\GUI\SlaService.cs:wiersz 595

--- Main exception: Source ---
mscorlib

środa, 13 marca 2019 12:44:04

--- Main exception: Message ---
Zmodyfikowano kolekcję. Nie można wykonać operacji wyliczania.

--- Main exception: StackTrace ---
   w System.ThrowHelper.ThrowInvalidOperationException(ExceptionResource resource)
   w System.Collections.Generic.List`1.Enumerator.MoveNextRare()
   w GUI.MainForm.addIssueToTreeNode(String issueNumber, List`1 issue, String treeViewName) w C:\CP\ParserGit\JiraParser\GUI\MainForm.cs:wiersz 6228
   w GUI.MainForm.slaAutoAssigneTakenIssue(Object sender, DoWorkEventArgs e) w C:\CP\ParserGit\JiraParser\GUI\SlaService.cs:wiersz 595

--- Main exception: Source ---
mscorlib

środa, 13 marca 2019 12:49:59

Zgłoszenie ZCC-18332 dodano automatycznie o godzinie 2019-03-13 12:49:59!
środa, 13 marca 2019 12:49:59

Modyfikacja treeItem checkAsAssigneśroda, 13 marca 2019 12:50:08

addCommentJira string jiraKey ZCC-18332środa, 13 marca 2019 12:50:08

addCommentJira object sender, DoWorkEventArgs e ZCC-18332środa, 13 marca 2019 12:50:13

--- Main exception: Message ---
Zmodyfikowano kolekcję. Nie można wykonać operacji wyliczania.

--- Main exception: StackTrace ---
   w System.ThrowHelper.ThrowInvalidOperationException(ExceptionResource resource)
   w System.Collections.Generic.List`1.Enumerator.MoveNextRare()
   w GUI.MainForm.addIssueToTreeNode(String issueNumber, List`1 issue, String treeViewName) w C:\CP\ParserGit\JiraParser\GUI\MainForm.cs:wiersz 6228
   w GUI.MainForm.slaAutoAssigneTakenIssue(Object sender, DoWorkEventArgs e) w C:\CP\ParserGit\JiraParser\GUI\SlaService.cs:wiersz 595

--- Main exception: Source ---
mscorlib

środa, 13 marca 2019 12:50:16

--- Main exception: Message ---
Zmodyfikowano kolekcję. Nie można wykonać operacji wyliczania.

--- Main exception: StackTrace ---
   w System.ThrowHelper.ThrowInvalidOperationException(ExceptionResource resource)
   w System.Collections.Generic.List`1.Enumerator.MoveNextRare()
   w GUI.MainForm.addIssueToTreeNode(String issueNumber, List`1 issue, String treeViewName) w C:\CP\ParserGit\JiraParser\GUI\MainForm.cs:wiersz 6228
   w GUI.MainForm.slaAutoAssigneTakenIssue(Object sender, DoWorkEventArgs e) w C:\CP\ParserGit\JiraParser\GUI\SlaService.cs:wiersz 595

--- Main exception: Source ---
mscorlib

środa, 13 marca 2019 12:56:02

--- Main exception: Message ---
Zmodyfikowano kolekcję. Nie można wykonać operacji wyliczania.

--- Main exception: StackTrace ---
   w System.ThrowHelper.ThrowInvalidOperationException(ExceptionResource resource)
   w System.Collections.Generic.List`1.Enumerator.MoveNextRare()
   w GUI.MainForm.addIssueToTreeNode(String issueNumber, List`1 issue, String treeViewName) w C:\CP\ParserGit\JiraParser\GUI\MainForm.cs:wiersz 6228
   w GUI.MainForm.slaAutoAssigneTakenIssue(Object sender, DoWorkEventArgs e) w C:\CP\ParserGit\JiraParser\GUI\SlaService.cs:wiersz 595

--- Main exception: Source ---
mscorlib

środa, 13 marca 2019 12:56:02

--- Main exception: Message ---
Zmodyfikowano kolekcję. Nie można wykonać operacji wyliczania.

--- Main exception: StackTrace ---
   w System.ThrowHelper.ThrowInvalidOperationException(ExceptionResource resource)
   w System.Collections.Generic.List`1.Enumerator.MoveNextRare()
   w GUI.MainForm.addIssueToTreeNode(String issueNumber, List`1 issue, String treeViewName) w C:\CP\ParserGit\JiraParser\GUI\MainForm.cs:wiersz 6228
   w GUI.MainForm.slaAutoAssigneTakenIssue(Object sender, DoWorkEventArgs e) w C:\CP\ParserGit\JiraParser\GUI\SlaService.cs:wiersz 595

--- Main exception: Source ---
mscorlib

środa, 13 marca 2019 12:56:02

--- Main exception: Message ---
Zmodyfikowano kolekcję. Nie można wykonać operacji wyliczania.

--- Main exception: StackTrace ---
   w System.ThrowHelper.ThrowInvalidOperationException(ExceptionResource resource)
   w System.Collections.Generic.List`1.Enumerator.MoveNextRare()
   w GUI.MainForm.addIssueToTreeNode(String issueNumber, List`1 issue, String treeViewName) w C:\CP\ParserGit\JiraParser\GUI\MainForm.cs:wiersz 6228
   w GUI.MainForm.slaAutoAssigneTakenIssue(Object sender, DoWorkEventArgs e) w C:\CP\ParserGit\JiraParser\GUI\SlaService.cs:wiersz 595

--- Main exception: Source ---
mscorlib

środa, 13 marca 2019 13:02:02

--- Main exception: Message ---
Zmodyfikowano kolekcję. Nie można wykonać operacji wyliczania.

--- Main exception: StackTrace ---
   w System.ThrowHelper.ThrowInvalidOperationException(ExceptionResource resource)
   w System.Collections.Generic.List`1.Enumerator.MoveNextRare()
   w GUI.MainForm.addIssueToTreeNode(String issueNumber, List`1 issue, String treeViewName) w C:\CP\ParserGit\JiraParser\GUI\MainForm.cs:wiersz 6228
   w GUI.MainForm.slaAutoAssigneTakenIssue(Object sender, DoWorkEventArgs e) w C:\CP\ParserGit\JiraParser\GUI\SlaService.cs:wiersz 595

--- Main exception: Source ---
mscorlib

środa, 13 marca 2019 13:02:03

--- Main exception: Message ---
Zmodyfikowano kolekcję. Nie można wykonać operacji wyliczania.

--- Main exception: StackTrace ---
   w System.ThrowHelper.ThrowInvalidOperationException(ExceptionResource resource)
   w System.Collections.Generic.List`1.Enumerator.MoveNextRare()
   w GUI.MainForm.addIssueToTreeNode(String issueNumber, List`1 issue, String treeViewName) w C:\CP\ParserGit\JiraParser\GUI\MainForm.cs:wiersz 6228
   w GUI.MainForm.slaAutoAssigneTakenIssue(Object sender, DoWorkEventArgs e) w C:\CP\ParserGit\JiraParser\GUI\SlaService.cs:wiersz 595

--- Main exception: Source ---
mscorlib

środa, 13 marca 2019 13:02:03

--- Main exception: Message ---
Zmodyfikowano kolekcję. Nie można wykonać operacji wyliczania.

--- Main exception: StackTrace ---
   w System.ThrowHelper.ThrowInvalidOperationException(ExceptionResource resource)
   w System.Collections.Generic.List`1.Enumerator.MoveNextRare()
   w GUI.MainForm.addIssueToTreeNode(String issueNumber, List`1 issue, String treeViewName) w C:\CP\ParserGit\JiraParser\GUI\MainForm.cs:wiersz 6228
   w GUI.MainForm.slaAutoAssigneTakenIssue(Object sender, DoWorkEventArgs e) w C:\CP\ParserGit\JiraParser\GUI\SlaService.cs:wiersz 595

--- Main exception: Source ---
mscorlib

środa, 13 marca 2019 13:08:05

--- Main exception: Message ---
Zmodyfikowano kolekcję. Nie można wykonać operacji wyliczania.

--- Main exception: StackTrace ---
   w System.ThrowHelper.ThrowInvalidOperationException(ExceptionResource resource)
   w System.Collections.Generic.List`1.Enumerator.MoveNextRare()
   w GUI.MainForm.addIssueToTreeNode(String issueNumber, List`1 issue, String treeViewName) w C:\CP\ParserGit\JiraParser\GUI\MainForm.cs:wiersz 6228
   w GUI.MainForm.slaAutoAssigneTakenIssue(Object sender, DoWorkEventArgs e) w C:\CP\ParserGit\JiraParser\GUI\SlaService.cs:wiersz 595

--- Main exception: Source ---
mscorlib

środa, 13 marca 2019 13:08:05

--- Main exception: Message ---
Zmodyfikowano kolekcję. Nie można wykonać operacji wyliczania.

--- Main exception: StackTrace ---
   w System.ThrowHelper.ThrowInvalidOperationException(ExceptionResource resource)
   w System.Collections.Generic.List`1.Enumerator.MoveNextRare()
   w GUI.MainForm.addIssueToTreeNode(String issueNumber, List`1 issue, String treeViewName) w C:\CP\ParserGit\JiraParser\GUI\MainForm.cs:wiersz 6228
   w GUI.MainForm.slaAutoAssigneTakenIssue(Object sender, DoWorkEventArgs e) w C:\CP\ParserGit\JiraParser\GUI\SlaService.cs:wiersz 595

--- Main exception: Source ---
mscorlib

środa, 13 marca 2019 13:08:06

--- Main exception: Message ---
Zmodyfikowano kolekcję. Nie można wykonać operacji wyliczania.

--- Main exception: StackTrace ---
   w System.ThrowHelper.ThrowInvalidOperationException(ExceptionResource resource)
   w System.Collections.Generic.List`1.Enumerator.MoveNextRare()
   w GUI.MainForm.addIssueToTreeNode(String issueNumber, List`1 issue, String treeViewName) w C:\CP\ParserGit\JiraParser\GUI\MainForm.cs:wiersz 6228
   w GUI.MainForm.slaAutoAssigneTakenIssue(Object sender, DoWorkEventArgs e) w C:\CP\ParserGit\JiraParser\GUI\SlaService.cs:wiersz 595

--- Main exception: Source ---
mscorlib

środa, 13 marca 2019 13:14:03

--- Main exception: Message ---
Zmodyfikowano kolekcję. Nie można wykonać operacji wyliczania.

--- Main exception: StackTrace ---
   w System.ThrowHelper.ThrowInvalidOperationException(ExceptionResource resource)
   w System.Collections.Generic.List`1.Enumerator.MoveNextRare()
   w GUI.MainForm.addIssueToTreeNode(String issueNumber, List`1 issue, String treeViewName) w C:\CP\ParserGit\JiraParser\GUI\MainForm.cs:wiersz 6228
   w GUI.MainForm.slaAutoAssigneTakenIssue(Object sender, DoWorkEventArgs e) w C:\CP\ParserGit\JiraParser\GUI\SlaService.cs:wiersz 595

--- Main exception: Source ---
mscorlib

środa, 13 marca 2019 13:14:03

--- Main exception: Message ---
Zmodyfikowano kolekcję. Nie można wykonać operacji wyliczania.

--- Main exception: StackTrace ---
   w System.ThrowHelper.ThrowInvalidOperationException(ExceptionResource resource)
   w System.Collections.Generic.List`1.Enumerator.MoveNextRare()
   w GUI.MainForm.addIssueToTreeNode(String issueNumber, List`1 issue, String treeViewName) w C:\CP\ParserGit\JiraParser\GUI\MainForm.cs:wiersz 6228
   w GUI.MainForm.slaAutoAssigneTakenIssue(Object sender, DoWorkEventArgs e) w C:\CP\ParserGit\JiraParser\GUI\SlaService.cs:wiersz 595

--- Main exception: Source ---
mscorlib

środa, 13 marca 2019 13:14:03

--- Main exception: Message ---
Zmodyfikowano kolekcję. Nie można wykonać operacji wyliczania.

--- Main exception: StackTrace ---
   w System.ThrowHelper.ThrowInvalidOperationException(ExceptionResource resource)
   w System.Collections.Generic.List`1.Enumerator.MoveNextRare()
   w GUI.MainForm.addIssueToTreeNode(String issueNumber, List`1 issue, String treeViewName) w C:\CP\ParserGit\JiraParser\GUI\MainForm.cs:wiersz 6228
   w GUI.MainForm.slaAutoAssigneTakenIssue(Object sender, DoWorkEventArgs e) w C:\CP\ParserGit\JiraParser\GUI\SlaService.cs:wiersz 595

--- Main exception: Source ---
mscorlib

środa, 13 marca 2019 13:20:05

--- Main exception: Message ---
Zmodyfikowano kolekcję. Nie można wykonać operacji wyliczania.

--- Main exception: StackTrace ---
   w System.ThrowHelper.ThrowInvalidOperationException(ExceptionResource resource)
   w System.Collections.Generic.List`1.Enumerator.MoveNextRare()
   w GUI.MainForm.addIssueToTreeNode(String issueNumber, List`1 issue, String treeViewName) w C:\CP\ParserGit\JiraParser\GUI\MainForm.cs:wiersz 6228
   w GUI.MainForm.slaAutoAssigneTakenIssue(Object sender, DoWorkEventArgs e) w C:\CP\ParserGit\JiraParser\GUI\SlaService.cs:wiersz 595

--- Main exception: Source ---
mscorlib

środa, 13 marca 2019 13:20:05

--- Main exception: Message ---
Zmodyfikowano kolekcję. Nie można wykonać operacji wyliczania.

--- Main exception: StackTrace ---
   w System.ThrowHelper.ThrowInvalidOperationException(ExceptionResource resource)
   w System.Collections.Generic.List`1.Enumerator.MoveNextRare()
   w GUI.MainForm.addIssueToTreeNode(String issueNumber, List`1 issue, String treeViewName) w C:\CP\ParserGit\JiraParser\GUI\MainForm.cs:wiersz 6228
   w GUI.MainForm.slaAutoAssigneTakenIssue(Object sender, DoWorkEventArgs e) w C:\CP\ParserGit\JiraParser\GUI\SlaService.cs:wiersz 595

--- Main exception: Source ---
mscorlib

środa, 13 marca 2019 13:20:05

--- Main exception: Message ---
Zmodyfikowano kolekcję. Nie można wykonać operacji wyliczania.

--- Main exception: StackTrace ---
   w System.ThrowHelper.ThrowInvalidOperationException(ExceptionResource resource)
   w System.Collections.Generic.List`1.Enumerator.MoveNextRare()
   w GUI.MainForm.addIssueToTreeNode(String issueNumber, List`1 issue, String treeViewName) w C:\CP\ParserGit\JiraParser\GUI\MainForm.cs:wiersz 6228
   w GUI.MainForm.slaAutoAssigneTakenIssue(Object sender, DoWorkEventArgs e) w C:\CP\ParserGit\JiraParser\GUI\SlaService.cs:wiersz 595

--- Main exception: Source ---
mscorlib

środa, 13 marca 2019 13:26:09

--- Main exception: Message ---
Zmodyfikowano kolekcję. Nie można wykonać operacji wyliczania.

--- Main exception: StackTrace ---
   w System.ThrowHelper.ThrowInvalidOperationException(ExceptionResource resource)
   w System.Collections.Generic.List`1.Enumerator.MoveNextRare()
   w GUI.MainForm.addIssueToTreeNode(String issueNumber, List`1 issue, String treeViewName) w C:\CP\ParserGit\JiraParser\GUI\MainForm.cs:wiersz 6228
   w GUI.MainForm.slaAutoAssigneTakenIssue(Object sender, DoWorkEventArgs e) w C:\CP\ParserGit\JiraParser\GUI\SlaService.cs:wiersz 595

--- Main exception: Source ---
mscorlib

środa, 13 marca 2019 13:26:09

--- Main exception: Message ---
Zmodyfikowano kolekcję. Nie można wykonać operacji wyliczania.

--- Main exception: StackTrace ---
   w System.ThrowHelper.ThrowInvalidOperationException(ExceptionResource resource)
   w System.Collections.Generic.List`1.Enumerator.MoveNextRare()
   w GUI.MainForm.addIssueToTreeNode(String issueNumber, List`1 issue, String treeViewName) w C:\CP\ParserGit\JiraParser\GUI\MainForm.cs:wiersz 6228
   w GUI.MainForm.slaAutoAssigneTakenIssue(Object sender, DoWorkEventArgs e) w C:\CP\ParserGit\JiraParser\GUI\SlaService.cs:wiersz 595

--- Main exception: Source ---
mscorlib

środa, 13 marca 2019 13:26:09

--- Main exception: Message ---
Zmodyfikowano kolekcję. Nie można wykonać operacji wyliczania.

--- Main exception: StackTrace ---
   w System.ThrowHelper.ThrowInvalidOperationException(ExceptionResource resource)
   w System.Collections.Generic.List`1.Enumerator.MoveNextRare()
   w GUI.MainForm.addIssueToTreeNode(String issueNumber, List`1 issue, String treeViewName) w C:\CP\ParserGit\JiraParser\GUI\MainForm.cs:wiersz 6228
   w GUI.MainForm.slaAutoAssigneTakenIssue(Object sender, DoWorkEventArgs e) w C:\CP\ParserGit\JiraParser\GUI\SlaService.cs:wiersz 595

--- Main exception: Source ---
mscorlib

środa, 13 marca 2019 13:26:09

--- Main exception: Message ---
Zmodyfikowano kolekcję. Nie można wykonać operacji wyliczania.

--- Main exception: StackTrace ---
   w System.ThrowHelper.ThrowInvalidOperationException(ExceptionResource resource)
   w System.Collections.Generic.List`1.Enumerator.MoveNextRare()
   w GUI.MainForm.addIssueToTreeNode(String issueNumber, List`1 issue, String treeViewName) w C:\CP\ParserGit\JiraParser\GUI\MainForm.cs:wiersz 6228
   w GUI.MainForm.slaAutoAssigneTakenIssue(Object sender, DoWorkEventArgs e) w C:\CP\ParserGit\JiraParser\GUI\SlaService.cs:wiersz 595

--- Main exception: Source ---
mscorlib

środa, 13 marca 2019 13:32:06

--- Main exception: Message ---
Zmodyfikowano kolekcję. Nie można wykonać operacji wyliczania.

--- Main exception: StackTrace ---
   w System.ThrowHelper.ThrowInvalidOperationException(ExceptionResource resource)
   w System.Collections.Generic.List`1.Enumerator.MoveNextRare()
   w GUI.MainForm.addIssueToTreeNode(String issueNumber, List`1 issue, String treeViewName) w C:\CP\ParserGit\JiraParser\GUI\MainForm.cs:wiersz 6228
   w GUI.MainForm.slaAutoAssigneTakenIssue(Object sender, DoWorkEventArgs e) w C:\CP\ParserGit\JiraParser\GUI\SlaService.cs:wiersz 595

--- Main exception: Source ---
mscorlib

środa, 13 marca 2019 13:32:06

--- Main exception: Message ---
Zmodyfikowano kolekcję. Nie można wykonać operacji wyliczania.

--- Main exception: StackTrace ---
   w System.ThrowHelper.ThrowInvalidOperationException(ExceptionResource resource)
   w System.Collections.Generic.List`1.Enumerator.MoveNextRare()
   w GUI.MainForm.addIssueToTreeNode(String issueNumber, List`1 issue, String treeViewName) w C:\CP\ParserGit\JiraParser\GUI\MainForm.cs:wiersz 6228
   w GUI.MainForm.slaAutoAssigneTakenIssue(Object sender, DoWorkEventArgs e) w C:\CP\ParserGit\JiraParser\GUI\SlaService.cs:wiersz 595

--- Main exception: Source ---
mscorlib

środa, 13 marca 2019 13:32:06

--- Main exception: Message ---
Zmodyfikowano kolekcję. Nie można wykonać operacji wyliczania.

--- Main exception: StackTrace ---
   w System.ThrowHelper.ThrowInvalidOperationException(ExceptionResource resource)
   w System.Collections.Generic.List`1.Enumerator.MoveNextRare()
   w GUI.MainForm.addIssueToTreeNode(String issueNumber, List`1 issue, String treeViewName) w C:\CP\ParserGit\JiraParser\GUI\MainForm.cs:wiersz 6228
   w GUI.MainForm.slaAutoAssigneTakenIssue(Object sender, DoWorkEventArgs e) w C:\CP\ParserGit\JiraParser\GUI\SlaService.cs:wiersz 595

--- Main exception: Source ---
mscorlib

środa, 13 marca 2019 13:32:06

--- Main exception: Message ---
Zmodyfikowano kolekcję. Nie można wykonać operacji wyliczania.

--- Main exception: StackTrace ---
   w System.ThrowHelper.ThrowInvalidOperationException(ExceptionResource resource)
   w System.Collections.Generic.List`1.Enumerator.MoveNextRare()
   w GUI.MainForm.addIssueToTreeNode(String issueNumber, List`1 issue, String treeViewName) w C:\CP\ParserGit\JiraParser\GUI\MainForm.cs:wiersz 6228
   w GUI.MainForm.slaAutoAssigneTakenIssue(Object sender, DoWorkEventArgs e) w C:\CP\ParserGit\JiraParser\GUI\SlaService.cs:wiersz 595

--- Main exception: Source ---
mscorlib

środa, 13 marca 2019 13:38:16

--- Main exception: Message ---
Zmodyfikowano kolekcję. Nie można wykonać operacji wyliczania.

--- Main exception: StackTrace ---
   w System.ThrowHelper.ThrowInvalidOperationException(ExceptionResource resource)
   w System.Collections.Generic.List`1.Enumerator.MoveNextRare()
   w GUI.MainForm.addIssueToTreeNode(String issueNumber, List`1 issue, String treeViewName) w C:\CP\ParserGit\JiraParser\GUI\MainForm.cs:wiersz 6228
   w GUI.MainForm.slaAutoAssigneTakenIssue(Object sender, DoWorkEventArgs e) w C:\CP\ParserGit\JiraParser\GUI\SlaService.cs:wiersz 595

--- Main exception: Source ---
mscorlib

środa, 13 marca 2019 13:38:17

--- Main exception: Message ---
Zmodyfikowano kolekcję. Nie można wykonać operacji wyliczania.

--- Main exception: StackTrace ---
   w System.ThrowHelper.ThrowInvalidOperationException(ExceptionResource resource)
   w System.Collections.Generic.List`1.Enumerator.MoveNextRare()
   w GUI.MainForm.addIssueToTreeNode(String issueNumber, List`1 issue, String treeViewName) w C:\CP\ParserGit\JiraParser\GUI\MainForm.cs:wiersz 6228
   w GUI.MainForm.slaAutoAssigneTakenIssue(Object sender, DoWorkEventArgs e) w C:\CP\ParserGit\JiraParser\GUI\SlaService.cs:wiersz 595

--- Main exception: Source ---
mscorlib

środa, 13 marca 2019 13:38:17

--- Main exception: Message ---
Zmodyfikowano kolekcję. Nie można wykonać operacji wyliczania.

--- Main exception: StackTrace ---
   w System.ThrowHelper.ThrowInvalidOperationException(ExceptionResource resource)
   w System.Collections.Generic.List`1.Enumerator.MoveNextRare()
   w GUI.MainForm.addIssueToTreeNode(String issueNumber, List`1 issue, String treeViewName) w C:\CP\ParserGit\JiraParser\GUI\MainForm.cs:wiersz 6228
   w GUI.MainForm.slaAutoAssigneTakenIssue(Object sender, DoWorkEventArgs e) w C:\CP\ParserGit\JiraParser\GUI\SlaService.cs:wiersz 595

--- Main exception: Source ---
mscorlib

środa, 13 marca 2019 13:38:17

--- Main exception: Message ---
Zmodyfikowano kolekcję. Nie można wykonać operacji wyliczania.

--- Main exception: StackTrace ---
   w System.ThrowHelper.ThrowInvalidOperationException(ExceptionResource resource)
   w System.Collections.Generic.List`1.Enumerator.MoveNextRare()
   w GUI.MainForm.addIssueToTreeNode(String issueNumber, List`1 issue, String treeViewName) w C:\CP\ParserGit\JiraParser\GUI\MainForm.cs:wiersz 6228
   w GUI.MainForm.slaAutoAssigneTakenIssue(Object sender, DoWorkEventArgs e) w C:\CP\ParserGit\JiraParser\GUI\SlaService.cs:wiersz 595

--- Main exception: Source ---
mscorlib

środa, 13 marca 2019 13:43:59

Zgłoszenie ZCC-18334 dodano automatycznie o godzinie 2019-03-13 13:43:59!
środa, 13 marca 2019 13:43:59

Modyfikacja treeItem checkAsAssigneśroda, 13 marca 2019 13:44:08

addCommentJira string jiraKey ZCC-18334środa, 13 marca 2019 13:44:08

addCommentJira object sender, DoWorkEventArgs e ZCC-18334środa, 13 marca 2019 13:50:06

--- Main exception: Message ---
Zmodyfikowano kolekcję. Nie można wykonać operacji wyliczania.

--- Main exception: StackTrace ---
   w System.ThrowHelper.ThrowInvalidOperationException(ExceptionResource resource)
   w System.Collections.Generic.List`1.Enumerator.MoveNextRare()
   w GUI.MainForm.addIssueToTreeNode(String issueNumber, List`1 issue, String treeViewName) w C:\CP\ParserGit\JiraParser\GUI\MainForm.cs:wiersz 6228
   w GUI.MainForm.slaAutoAssigneTakenIssue(Object sender, DoWorkEventArgs e) w C:\CP\ParserGit\JiraParser\GUI\SlaService.cs:wiersz 595

--- Main exception: Source ---
mscorlib

środa, 13 marca 2019 15:07:55

Zgłoszenie CRM-75513 dodano automatycznie o godzinie 2019-03-13 15:07:55!
środa, 13 marca 2019 15:07:55

Modyfikacja treeItem checkAsAssigneśroda, 13 marca 2019 15:08:02

addCommentJira string jiraKey CRM-75513środa, 13 marca 2019 15:08:02

addCommentJira object sender, DoWorkEventArgs e CRM-75513środa, 13 marca 2019 15:14:05

--- Main exception: Message ---
Zmodyfikowano kolekcję. Nie można wykonać operacji wyliczania.

--- Main exception: StackTrace ---
   w System.ThrowHelper.ThrowInvalidOperationException(ExceptionResource resource)
   w System.Collections.Generic.List`1.Enumerator.MoveNextRare()
   w GUI.MainForm.addIssueToTreeNode(String issueNumber, List`1 issue, String treeViewName) w C:\CP\ParserGit\JiraParser\GUI\MainForm.cs:wiersz 6228
   w GUI.MainForm.slaAutoAssigneTakenIssue(Object sender, DoWorkEventArgs e) w C:\CP\ParserGit\JiraParser\GUI\SlaService.cs:wiersz 595

--- Main exception: Source ---
mscorlib

środa, 13 marca 2019 15:20:06

Zgłoszenie CRM-75514 dodano automatycznie o godzinie 2019-03-13 15:20:06!
środa, 13 marca 2019 15:20:07

Modyfikacja treeItem checkAsAssigneśroda, 13 marca 2019 15:20:11

Zgłoszenie CRM-75515 dodano automatycznie o godzinie 2019-03-13 15:20:11!
środa, 13 marca 2019 15:20:12

Modyfikacja treeItem checkAsAssigneśroda, 13 marca 2019 15:20:13

addCommentJira string jiraKey CRM-75514środa, 13 marca 2019 15:20:14

addCommentJira object sender, DoWorkEventArgs e CRM-75514środa, 13 marca 2019 15:20:16

addCommentJira string jiraKey CRM-75515środa, 13 marca 2019 15:20:16

addCommentJira object sender, DoWorkEventArgs e CRM-75515środa, 13 marca 2019 15:26:03

--- Main exception: Message ---
Zmodyfikowano kolekcję. Nie można wykonać operacji wyliczania.

--- Main exception: StackTrace ---
   w System.ThrowHelper.ThrowInvalidOperationException(ExceptionResource resource)
   w System.Collections.Generic.List`1.Enumerator.MoveNextRare()
   w GUI.MainForm.addIssueToTreeNode(String issueNumber, List`1 issue, String treeViewName) w C:\CP\ParserGit\JiraParser\GUI\MainForm.cs:wiersz 6228
   w GUI.MainForm.slaAutoAssigneTakenIssue(Object sender, DoWorkEventArgs e) w C:\CP\ParserGit\JiraParser\GUI\SlaService.cs:wiersz 595

--- Main exception: Source ---
mscorlib

środa, 13 marca 2019 15:26:04

--- Main exception: Message ---
Zmodyfikowano kolekcję. Nie można wykonać operacji wyliczania.

--- Main exception: StackTrace ---
   w System.ThrowHelper.ThrowInvalidOperationException(ExceptionResource resource)
   w System.Collections.Generic.List`1.Enumerator.MoveNextRare()
   w GUI.MainForm.addIssueToTreeNode(String issueNumber, List`1 issue, String treeViewName) w C:\CP\ParserGit\JiraParser\GUI\MainForm.cs:wiersz 6228
   w GUI.MainForm.slaAutoAssigneTakenIssue(Object sender, DoWorkEventArgs e) w C:\CP\ParserGit\JiraParser\GUI\SlaService.cs:wiersz 595

--- Main exception: Source ---
mscorlib

środa, 13 marca 2019 17:07:59

--- Main exception: Message ---
Przekroczono limit czasu nieaktywności (00:10:00).

--- Main exception: StackTrace ---

Server stack trace: 
   w System.ServiceModel.Channels.TransmissionStrategy.WaitQueueAdder.Wait(TimeSpan timeout)
   w System.ServiceModel.Channels.TransmissionStrategy.InternalAdd(Message message, Boolean isLast, TimeSpan timeout, Object state, MessageAttemptInfo& attemptInfo)
   w System.ServiceModel.Channels.ReliableOutputConnection.InternalAddMessage(Message message, TimeSpan timeout, Object state, Boolean isLast)
   w System.ServiceModel.Channels.ReliableRequestSessionChannel.SyncRequest.SendRequest(Message message, TimeSpan timeout)
   w System.ServiceModel.Channels.RequestChannel.Request(Message message, TimeSpan timeout)
   w System.ServiceModel.Dispatcher.RequestChannelBinder.Request(Message message, TimeSpan timeout)
   w System.ServiceModel.Channels.ServiceChannel.Call(String action, Boolean oneway, ProxyOperationRuntime operation, Object[] ins, Object[] outs, TimeSpan timeout)
   w System.ServiceModel.Channels.ServiceChannelProxy.InvokeService(IMethodCallMessage methodCall, ProxyOperationRuntime operation)
   w System.ServiceModel.Channels.ServiceChannelProxy.Invoke(IMessage message)

Exception rethrown at [0]: 
   w System.Runtime.Remoting.Proxies.RealProxy.HandleReturnMessage(IMessage reqMsg, IMessage retMsg)
   w System.Runtime.Remoting.Proxies.RealProxy.PrivateInvoke(MessageData& msgData, Int32 type)
   w DataLayer.HPDataService.IDataService4HP.ExecuteStoredProcedure(User user, String procedureName, String[] parameters, DatabaseName database)
   w DataLayer.Implementation.GatewayDaoWFS.ExecuteStoredProcedure(String procedureName, String[] parameters, DatabaseName database) w C:\CP\ParserGit\JiraParser\DataLayer\Implementation\GatewayDaoWFS.cs:wiersz 138

--- Main exception: Source ---
mscorlib

środa, 13 marca 2019 17:08:00

--- Main exception: Message ---
Błędne Hasło JIRA dla użytkownika prekawek

--- Inner exception 1: Message ---
Unexpected character encountered while parsing value: F. Path '', line 1, position 1.

--- Inner exception 1: StackTrace ---
   w Newtonsoft.Json.JsonTextReader.ParseValue()
   w Newtonsoft.Json.JsonTextReader.Read()
   w Newtonsoft.Json.Linq.JContainer.ReadTokenFrom(JsonReader reader)
   w Newtonsoft.Json.Linq.JArray.Load(JsonReader reader)
   w Newtonsoft.Json.Linq.JToken.ReadFrom(JsonReader reader)
   w Newtonsoft.Json.Linq.JToken.Parse(String json)
   w Atlassian.Jira.Remote.JiraRestClient.GetValidJsonFromResponse(IRestResponse response) w c:\projects\atlassian-net-sdk\Atlassian.Jira\Remote\JiraRestClient.cs:wiersz 715

--- Inner exception 1: Source ---
Newtonsoft.Json

--- Main exception: StackTrace ---


--- Main exception: Source ---


środa, 13 marca 2019 17:11:39

Zgłoszenie CRM-75517 dodano automatycznie o godzinie 2019-03-13 17:11:39!
środa, 13 marca 2019 17:11:39

Modyfikacja treeItem checkAsAssigneśroda, 13 marca 2019 17:11:50

--- Main exception: Message ---
Zmodyfikowano kolekcję. Nie można wykonać operacji wyliczania.

--- Main exception: StackTrace ---
   w System.ThrowHelper.ThrowInvalidOperationException(ExceptionResource resource)
   w System.Collections.Generic.List`1.Enumerator.MoveNextRare()
   w GUI.MainForm.addIssueToTreeNode(String issueNumber, List`1 issue, String treeViewName) w C:\CP\ParserGit\JiraParser\GUI\MainForm.cs:wiersz 6228
   w GUI.MainForm.slaAutoAssigneTakenIssue(Object sender, DoWorkEventArgs e) w C:\CP\ParserGit\JiraParser\GUI\SlaService.cs:wiersz 595

--- Main exception: Source ---
mscorlib

środa, 13 marca 2019 17:11:50

--- Main exception: Message ---
Zmodyfikowano kolekcję. Nie można wykonać operacji wyliczania.

--- Main exception: StackTrace ---
   w System.ThrowHelper.ThrowInvalidOperationException(ExceptionResource resource)
   w System.Collections.Generic.List`1.Enumerator.MoveNextRare()
   w GUI.MainForm.addIssueToTreeNode(String issueNumber, List`1 issue, String treeViewName) w C:\CP\ParserGit\JiraParser\GUI\MainForm.cs:wiersz 6228
   w GUI.MainForm.slaAutoAssigneTakenIssue(Object sender, DoWorkEventArgs e) w C:\CP\ParserGit\JiraParser\GUI\SlaService.cs:wiersz 595

--- Main exception: Source ---
mscorlib

środa, 13 marca 2019 17:11:51

addCommentJira string jiraKey CRM-75517środa, 13 marca 2019 17:11:51

addCommentJira object sender, DoWorkEventArgs e CRM-75517środa, 13 marca 2019 17:11:54

Zgłoszenie WIND-8188 dodano automatycznie o godzinie 2019-03-13 17:11:54!
środa, 13 marca 2019 17:11:54

Modyfikacja treeItem checkAsAssigneśroda, 13 marca 2019 17:11:57

addCommentJira string jiraKey WIND-8188środa, 13 marca 2019 17:11:57

addCommentJira object sender, DoWorkEventArgs e WIND-8188środa, 13 marca 2019 17:11:58

Zgłoszenie ZCC-18336 dodano automatycznie o godzinie 2019-03-13 17:11:58!
środa, 13 marca 2019 17:11:58

Modyfikacja treeItem checkAsAssigneśroda, 13 marca 2019 17:12:01

addCommentJira string jiraKey ZCC-18336środa, 13 marca 2019 17:12:01

addCommentJira object sender, DoWorkEventArgs e ZCC-18336środa, 13 marca 2019 17:12:02

Zgłoszenie CRM-75516 dodano automatycznie o godzinie 2019-03-13 17:12:02!
środa, 13 marca 2019 17:12:02

Modyfikacja treeItem checkAsAssigneśroda, 13 marca 2019 17:12:05

addCommentJira string jiraKey CRM-75516środa, 13 marca 2019 17:12:06

addCommentJira object sender, DoWorkEventArgs e CRM-75516środa, 13 marca 2019 17:17:54

--- Main exception: Message ---
Zmodyfikowano kolekcję. Nie można wykonać operacji wyliczania.

--- Main exception: StackTrace ---
   w System.ThrowHelper.ThrowInvalidOperationException(ExceptionResource resource)
   w System.Collections.Generic.List`1.Enumerator.MoveNextRare()
   w GUI.MainForm.addIssueToTreeNode(String issueNumber, List`1 issue, String treeViewName) w C:\CP\ParserGit\JiraParser\GUI\MainForm.cs:wiersz 6228
   w GUI.MainForm.slaAutoAssigneTakenIssue(Object sender, DoWorkEventArgs e) w C:\CP\ParserGit\JiraParser\GUI\SlaService.cs:wiersz 595

--- Main exception: Source ---
mscorlib

środa, 13 marca 2019 17:17:54

--- Main exception: Message ---
Zmodyfikowano kolekcję. Nie można wykonać operacji wyliczania.

--- Main exception: StackTrace ---
   w System.ThrowHelper.ThrowInvalidOperationException(ExceptionResource resource)
   w System.Collections.Generic.List`1.Enumerator.MoveNextRare()
   w GUI.MainForm.addIssueToTreeNode(String issueNumber, List`1 issue, String treeViewName) w C:\CP\ParserGit\JiraParser\GUI\MainForm.cs:wiersz 6228
   w GUI.MainForm.slaAutoAssigneTakenIssue(Object sender, DoWorkEventArgs e) w C:\CP\ParserGit\JiraParser\GUI\SlaService.cs:wiersz 595

--- Main exception: Source ---
mscorlib

środa, 13 marca 2019 17:17:54

--- Main exception: Message ---
Zmodyfikowano kolekcję. Nie można wykonać operacji wyliczania.

--- Main exception: StackTrace ---
   w System.ThrowHelper.ThrowInvalidOperationException(ExceptionResource resource)
   w System.Collections.Generic.List`1.Enumerator.MoveNextRare()
   w GUI.MainForm.addIssueToTreeNode(String issueNumber, List`1 issue, String treeViewName) w C:\CP\ParserGit\JiraParser\GUI\MainForm.cs:wiersz 6228
   w GUI.MainForm.slaAutoAssigneTakenIssue(Object sender, DoWorkEventArgs e) w C:\CP\ParserGit\JiraParser\GUI\SlaService.cs:wiersz 595

--- Main exception: Source ---
mscorlib

środa, 13 marca 2019 17:17:55

--- Main exception: Message ---
Zmodyfikowano kolekcję. Nie można wykonać operacji wyliczania.

--- Main exception: StackTrace ---
   w System.ThrowHelper.ThrowInvalidOperationException(ExceptionResource resource)
   w System.Collections.Generic.List`1.Enumerator.MoveNextRare()
   w GUI.MainForm.addIssueToTreeNode(String issueNumber, List`1 issue, String treeViewName) w C:\CP\ParserGit\JiraParser\GUI\MainForm.cs:wiersz 6228
   w GUI.MainForm.slaAutoAssigneTakenIssue(Object sender, DoWorkEventArgs e) w C:\CP\ParserGit\JiraParser\GUI\SlaService.cs:wiersz 595

--- Main exception: Source ---
mscorlib

środa, 13 marca 2019 17:17:55

--- Main exception: Message ---
Zmodyfikowano kolekcję. Nie można wykonać operacji wyliczania.

--- Main exception: StackTrace ---
   w System.ThrowHelper.ThrowInvalidOperationException(ExceptionResource resource)
   w System.Collections.Generic.List`1.Enumerator.MoveNextRare()
   w GUI.MainForm.addIssueToTreeNode(String issueNumber, List`1 issue, String treeViewName) w C:\CP\ParserGit\JiraParser\GUI\MainForm.cs:wiersz 6228
   w GUI.MainForm.slaAutoAssigneTakenIssue(Object sender, DoWorkEventArgs e) w C:\CP\ParserGit\JiraParser\GUI\SlaService.cs:wiersz 595

--- Main exception: Source ---
mscorlib

środa, 13 marca 2019 17:17:55

--- Main exception: Message ---
Zmodyfikowano kolekcję. Nie można wykonać operacji wyliczania.

--- Main exception: StackTrace ---
   w System.ThrowHelper.ThrowInvalidOperationException(ExceptionResource resource)
   w System.Collections.Generic.List`1.Enumerator.MoveNextRare()
   w GUI.MainForm.addIssueToTreeNode(String issueNumber, List`1 issue, String treeViewName) w C:\CP\ParserGit\JiraParser\GUI\MainForm.cs:wiersz 6228
   w GUI.MainForm.slaAutoAssigneTakenIssue(Object sender, DoWorkEventArgs e) w C:\CP\ParserGit\JiraParser\GUI\SlaService.cs:wiersz 595

--- Main exception: Source ---
mscorlib

środa, 13 marca 2019 17:23:50

--- Main exception: Message ---
Zmodyfikowano kolekcję. Nie można wykonać operacji wyliczania.

--- Main exception: StackTrace ---
   w System.ThrowHelper.ThrowInvalidOperationException(ExceptionResource resource)
   w System.Collections.Generic.List`1.Enumerator.MoveNextRare()
   w GUI.MainForm.addIssueToTreeNode(String issueNumber, List`1 issue, String treeViewName) w C:\CP\ParserGit\JiraParser\GUI\MainForm.cs:wiersz 6228
   w GUI.MainForm.slaAutoAssigneTakenIssue(Object sender, DoWorkEventArgs e) w C:\CP\ParserGit\JiraParser\GUI\SlaService.cs:wiersz 595

--- Main exception: Source ---
mscorlib

środa, 13 marca 2019 17:23:50

--- Main exception: Message ---
Zmodyfikowano kolekcję. Nie można wykonać operacji wyliczania.

--- Main exception: StackTrace ---
   w System.ThrowHelper.ThrowInvalidOperationException(ExceptionResource resource)
   w System.Collections.Generic.List`1.Enumerator.MoveNextRare()
   w GUI.MainForm.addIssueToTreeNode(String issueNumber, List`1 issue, String treeViewName) w C:\CP\ParserGit\JiraParser\GUI\MainForm.cs:wiersz 6228
   w GUI.MainForm.slaAutoAssigneTakenIssue(Object sender, DoWorkEventArgs e) w C:\CP\ParserGit\JiraParser\GUI\SlaService.cs:wiersz 595

--- Main exception: Source ---
mscorlib

środa, 13 marca 2019 17:23:50

--- Main exception: Message ---
Zmodyfikowano kolekcję. Nie można wykonać operacji wyliczania.

--- Main exception: StackTrace ---
   w System.ThrowHelper.ThrowInvalidOperationException(ExceptionResource resource)
   w System.Collections.Generic.List`1.Enumerator.MoveNextRare()
   w GUI.MainForm.addIssueToTreeNode(String issueNumber, List`1 issue, String treeViewName) w C:\CP\ParserGit\JiraParser\GUI\MainForm.cs:wiersz 6228
   w GUI.MainForm.slaAutoAssigneTakenIssue(Object sender, DoWorkEventArgs e) w C:\CP\ParserGit\JiraParser\GUI\SlaService.cs:wiersz 595

--- Main exception: Source ---
mscorlib

środa, 13 marca 2019 17:23:51

--- Main exception: Message ---
Zmodyfikowano kolekcję. Nie można wykonać operacji wyliczania.

--- Main exception: StackTrace ---
   w System.ThrowHelper.ThrowInvalidOperationException(ExceptionResource resource)
   w System.Collections.Generic.List`1.Enumerator.MoveNextRare()
   w GUI.MainForm.addIssueToTreeNode(String issueNumber, List`1 issue, String treeViewName) w C:\CP\ParserGit\JiraParser\GUI\MainForm.cs:wiersz 6228
   w GUI.MainForm.slaAutoAssigneTakenIssue(Object sender, DoWorkEventArgs e) w C:\CP\ParserGit\JiraParser\GUI\SlaService.cs:wiersz 595

--- Main exception: Source ---
mscorlib

środa, 13 marca 2019 17:23:51

--- Main exception: Message ---
Zmodyfikowano kolekcję. Nie można wykonać operacji wyliczania.

--- Main exception: StackTrace ---
   w System.ThrowHelper.ThrowInvalidOperationException(ExceptionResource resource)
   w System.Collections.Generic.List`1.Enumerator.MoveNextRare()
   w GUI.MainForm.addIssueToTreeNode(String issueNumber, List`1 issue, String treeViewName) w C:\CP\ParserGit\JiraParser\GUI\MainForm.cs:wiersz 6228
   w GUI.MainForm.slaAutoAssigneTakenIssue(Object sender, DoWorkEventArgs e) w C:\CP\ParserGit\JiraParser\GUI\SlaService.cs:wiersz 595

--- Main exception: Source ---
mscorlib

środa, 13 marca 2019 17:29:49

--- Main exception: Message ---
Zmodyfikowano kolekcję. Nie można wykonać operacji wyliczania.

--- Main exception: StackTrace ---
   w System.ThrowHelper.ThrowInvalidOperationException(ExceptionResource resource)
   w System.Collections.Generic.List`1.Enumerator.MoveNextRare()
   w GUI.MainForm.addIssueToTreeNode(String issueNumber, List`1 issue, String treeViewName) w C:\CP\ParserGit\JiraParser\GUI\MainForm.cs:wiersz 6228
   w GUI.MainForm.slaAutoAssigneTakenIssue(Object sender, DoWorkEventArgs e) w C:\CP\ParserGit\JiraParser\GUI\SlaService.cs:wiersz 595

--- Main exception: Source ---
mscorlib

środa, 13 marca 2019 17:29:50

--- Main exception: Message ---
Zmodyfikowano kolekcję. Nie można wykonać operacji wyliczania.

--- Main exception: StackTrace ---
   w System.ThrowHelper.ThrowInvalidOperationException(ExceptionResource resource)
   w System.Collections.Generic.List`1.Enumerator.MoveNextRare()
   w GUI.MainForm.addIssueToTreeNode(String issueNumber, List`1 issue, String treeViewName) w C:\CP\ParserGit\JiraParser\GUI\MainForm.cs:wiersz 6228
   w GUI.MainForm.slaAutoAssigneTakenIssue(Object sender, DoWorkEventArgs e) w C:\CP\ParserGit\JiraParser\GUI\SlaService.cs:wiersz 595

--- Main exception: Source ---
mscorlib

środa, 13 marca 2019 17:29:50

--- Main exception: Message ---
Zmodyfikowano kolekcję. Nie można wykonać operacji wyliczania.

--- Main exception: StackTrace ---
   w System.ThrowHelper.ThrowInvalidOperationException(ExceptionResource resource)
   w System.Collections.Generic.List`1.Enumerator.MoveNextRare()
   w GUI.MainForm.addIssueToTreeNode(String issueNumber, List`1 issue, String treeViewName) w C:\CP\ParserGit\JiraParser\GUI\MainForm.cs:wiersz 6228
   w GUI.MainForm.slaAutoAssigneTakenIssue(Object sender, DoWorkEventArgs e) w C:\CP\ParserGit\JiraParser\GUI\SlaService.cs:wiersz 595

--- Main exception: Source ---
mscorlib

środa, 13 marca 2019 17:29:50

--- Main exception: Message ---
Zmodyfikowano kolekcję. Nie można wykonać operacji wyliczania.

--- Main exception: StackTrace ---
   w System.ThrowHelper.ThrowInvalidOperationException(ExceptionResource resource)
   w System.Collections.Generic.List`1.Enumerator.MoveNextRare()
   w GUI.MainForm.addIssueToTreeNode(String issueNumber, List`1 issue, String treeViewName) w C:\CP\ParserGit\JiraParser\GUI\MainForm.cs:wiersz 6228
   w GUI.MainForm.slaAutoAssigneTakenIssue(Object sender, DoWorkEventArgs e) w C:\CP\ParserGit\JiraParser\GUI\SlaService.cs:wiersz 595

--- Main exception: Source ---
mscorlib

środa, 13 marca 2019 17:29:51

--- Main exception: Message ---
Zmodyfikowano kolekcję. Nie można wykonać operacji wyliczania.

--- Main exception: StackTrace ---
   w System.ThrowHelper.ThrowInvalidOperationException(ExceptionResource resource)
   w System.Collections.Generic.List`1.Enumerator.MoveNextRare()
   w GUI.MainForm.addIssueToTreeNode(String issueNumber, List`1 issue, String treeViewName) w C:\CP\ParserGit\JiraParser\GUI\MainForm.cs:wiersz 6228
   w GUI.MainForm.slaAutoAssigneTakenIssue(Object sender, DoWorkEventArgs e) w C:\CP\ParserGit\JiraParser\GUI\SlaService.cs:wiersz 595

--- Main exception: Source ---
mscorlib

środa, 13 marca 2019 17:34:37

--- Main exception: Message ---
Failed to parse response as JSON. Content: [Fiddler] DNS Lookup for "jira" failed. System.Net.Sockets.SocketException Nieznany host

--- Inner exception 1: Message ---
Unexpected character encountered while parsing value: F. Path '', line 1, position 1.

--- Inner exception 1: StackTrace ---
   w Newtonsoft.Json.JsonTextReader.ParseValue()
   w Newtonsoft.Json.JsonTextReader.Read()
   w Newtonsoft.Json.Linq.JContainer.ReadTokenFrom(JsonReader reader)
   w Newtonsoft.Json.Linq.JArray.Load(JsonReader reader)
   w Newtonsoft.Json.Linq.JToken.ReadFrom(JsonReader reader)
   w Newtonsoft.Json.Linq.JToken.Parse(String json)
   w Atlassian.Jira.Remote.JiraRestClient.GetValidJsonFromResponse(IRestResponse response) w c:\projects\atlassian-net-sdk\Atlassian.Jira\Remote\JiraRestClient.cs:wiersz 715

--- Inner exception 1: Source ---
Newtonsoft.Json

--- Main exception: StackTrace ---
   w Atlassian.Jira.Remote.JiraRestClient.ExecuteRequest[T](Method method, String resource, Object requestBody) w c:\projects\atlassian-net-sdk\Atlassian.Jira\Remote\JiraRestClient.cs:wiersz 119
   w Atlassian.Jira.Remote.JiraRestClient.GetIssueTypes(String token, String projectId) w c:\projects\atlassian-net-sdk\Atlassian.Jira\Remote\JiraRestClient.cs:wiersz 822
   w Atlassian.Jira.Jira.<>c__DisplayClass16.<GetIssueTypes>b__12(String token) w c:\projects\atlassian-net-sdk\Atlassian.Jira\Jira.cs:wiersz 414
   w Atlassian.Jira.Jira.<>c__DisplayClass3c.<WithToken>b__3b(String t) w c:\projects\atlassian-net-sdk\Atlassian.Jira\Jira.cs:wiersz 658
   w Atlassian.Jira.Jira.WithToken[TResult](Func`3 function) w c:\projects\atlassian-net-sdk\Atlassian.Jira\Jira.cs:wiersz 706
   w Atlassian.Jira.Jira.GetIssueTypes(String projectKey) w c:\projects\atlassian-net-sdk\Atlassian.Jira\Jira.cs:wiersz 419
   w Logic.Implementation.JiraIssues.GetJiraIssuesTypes() w C:\CP\ParserGit\JiraParser\Logic\Implementation\JiraIssues.cs:wiersz 68
   w GUI.MainForm.<timer2_Tick>b__104_0() w C:\CP\ParserGit\JiraParser\GUI\MainForm.cs:wiersz 2725

--- Main exception: Source ---
Atlassian.Jira

środa, 13 marca 2019 17:43:17

--- Main exception: Message ---
Odwołanie do obiektu nie zostało ustawione na wystąpienie obiektu.

--- Main exception: StackTrace ---
   w System.Collections.Generic.Dictionary`2.Insert(TKey key, TValue value, Boolean add)
   w GUI.MainForm.addIssueToTreeNode(String issueNumber, List`1 issue, String treeViewName) w C:\CP\ParserGit\JiraParser\GUI\MainForm.cs:wiersz 6221
   w GUI.MainForm.slaAutoAssigneTakenIssue(Object sender, DoWorkEventArgs e) w C:\CP\ParserGit\JiraParser\GUI\SlaService.cs:wiersz 595

--- Main exception: Source ---
mscorlib

środa, 13 marca 2019 17:43:17

--- Main exception: Message ---
Odwołanie do obiektu nie zostało ustawione na wystąpienie obiektu.

--- Main exception: StackTrace ---
   w System.Collections.Generic.Dictionary`2.Insert(TKey key, TValue value, Boolean add)
   w GUI.MainForm.addIssueToTreeNode(String issueNumber, List`1 issue, String treeViewName) w C:\CP\ParserGit\JiraParser\GUI\MainForm.cs:wiersz 6221
   w GUI.MainForm.slaAutoAssigneTakenIssue(Object sender, DoWorkEventArgs e) w C:\CP\ParserGit\JiraParser\GUI\SlaService.cs:wiersz 595

--- Main exception: Source ---
mscorlib

środa, 13 marca 2019 17:43:17

--- Main exception: Message ---
Odwołanie do obiektu nie zostało ustawione na wystąpienie obiektu.

--- Main exception: StackTrace ---
   w System.Collections.Generic.Dictionary`2.Insert(TKey key, TValue value, Boolean add)
   w GUI.MainForm.addIssueToTreeNode(String issueNumber, List`1 issue, String treeViewName) w C:\CP\ParserGit\JiraParser\GUI\MainForm.cs:wiersz 6221
   w GUI.MainForm.slaAutoAssigneTakenIssue(Object sender, DoWorkEventArgs e) w C:\CP\ParserGit\JiraParser\GUI\SlaService.cs:wiersz 595

--- Main exception: Source ---
mscorlib

środa, 13 marca 2019 17:43:17

--- Main exception: Message ---
Odwołanie do obiektu nie zostało ustawione na wystąpienie obiektu.

--- Main exception: StackTrace ---
   w System.Collections.Generic.Dictionary`2.Insert(TKey key, TValue value, Boolean add)
   w GUI.MainForm.addIssueToTreeNode(String issueNumber, List`1 issue, String treeViewName) w C:\CP\ParserGit\JiraParser\GUI\MainForm.cs:wiersz 6221
   w GUI.MainForm.slaAutoAssigneTakenIssue(Object sender, DoWorkEventArgs e) w C:\CP\ParserGit\JiraParser\GUI\SlaService.cs:wiersz 595

--- Main exception: Source ---
mscorlib

środa, 13 marca 2019 17:43:18

--- Main exception: Message ---
Zmodyfikowano kolekcję. Nie można wykonać operacji wyliczania.

--- Main exception: StackTrace ---
   w System.ThrowHelper.ThrowInvalidOperationException(ExceptionResource resource)
   w System.Collections.Generic.List`1.Enumerator.MoveNextRare()
   w GUI.MainForm.addIssueToTreeNode(String issueNumber, List`1 issue, String treeViewName) w C:\CP\ParserGit\JiraParser\GUI\MainForm.cs:wiersz 6228
   w GUI.MainForm.slaAutoAssigneTakenIssue(Object sender, DoWorkEventArgs e) w C:\CP\ParserGit\JiraParser\GUI\SlaService.cs:wiersz 595

--- Main exception: Source ---
mscorlib

środa, 13 marca 2019 17:43:18

--- Main exception: Message ---
Odwołanie do obiektu nie zostało ustawione na wystąpienie obiektu.

--- Main exception: StackTrace ---
   w LogicLayer.Implementation.ParserEngineWFS.UpdateIssue(BillingIssueDtoHelios issue) w C:\CP\ParserGit\JiraParser\Logic\Implementation\ParserEngineWFS.cs:wiersz 340
   w GUI.MainForm.addIssueToTreeNode(String issueNumber, List`1 issue, String treeViewName) w C:\CP\ParserGit\JiraParser\GUI\MainForm.cs:wiersz 6230
   w GUI.MainForm.slaAutoAssigneTakenIssue(Object sender, DoWorkEventArgs e) w C:\CP\ParserGit\JiraParser\GUI\SlaService.cs:wiersz 595

--- Main exception: Source ---
Logic

środa, 13 marca 2019 20:44:58

--- Main exception: Message ---
Przekroczono limit czasu nieaktywności (00:10:00).

--- Main exception: StackTrace ---

Server stack trace: 
   w System.ServiceModel.Channels.ReliableRequestSessionChannel.SyncRequest.WaitForReply(TimeSpan timeout)
   w System.ServiceModel.Channels.RequestChannel.Request(Message message, TimeSpan timeout)
   w System.ServiceModel.Dispatcher.RequestChannelBinder.Request(Message message, TimeSpan timeout)
   w System.ServiceModel.Channels.ServiceChannel.Call(String action, Boolean oneway, ProxyOperationRuntime operation, Object[] ins, Object[] outs, TimeSpan timeout)
   w System.ServiceModel.Channels.ServiceChannelProxy.InvokeService(IMethodCallMessage methodCall, ProxyOperationRuntime operation)
   w System.ServiceModel.Channels.ServiceChannelProxy.Invoke(IMessage message)

Exception rethrown at [0]: 
   w System.Runtime.Remoting.Proxies.RealProxy.HandleReturnMessage(IMessage reqMsg, IMessage retMsg)
   w System.Runtime.Remoting.Proxies.RealProxy.PrivateInvoke(MessageData& msgData, Int32 type)
   w DataLayer.HPDataService.IDataService4HP.ExecuteStoredProcedure(User user, String procedureName, String[] parameters, DatabaseName database)
   w DataLayer.Implementation.GatewayDaoWFS.ExecuteStoredProcedure(String procedureName, String[] parameters, DatabaseName database) w C:\CP\ParserGit\JiraParser\DataLayer\Implementation\GatewayDaoWFS.cs:wiersz 138

--- Main exception: Source ---
mscorlib

