środa, 29 maja 2019 08:10:29

Zgłoszenie CRM-75966 dodano automatycznie o godzinie 2019-05-29 08:10:29!
środa, 29 maja 2019 08:10:29

Modyfikacja treeItem checkAsAssigneśroda, 29 maja 2019 08:10:36

Zgłoszenie ZCC-18835 dodano automatycznie o godzinie 2019-05-29 08:10:36!
środa, 29 maja 2019 08:10:36

Modyfikacja treeItem checkAsAssigneśroda, 29 maja 2019 08:10:36

addCommentJira string jiraKey CRM-75966środa, 29 maja 2019 08:10:36

addCommentJira object sender, DoWorkEventArgs e CRM-75966środa, 29 maja 2019 08:11:10

Zgłoszenie ZCC-18836 dodano automatycznie o godzinie 2019-05-29 08:11:10!
środa, 29 maja 2019 08:11:11

Modyfikacja treeItem checkAsAssigneśroda, 29 maja 2019 08:11:17

addCommentJira string jiraKey ZCC-18835środa, 29 maja 2019 08:11:17

addCommentJira object sender, DoWorkEventArgs e ZCC-18835środa, 29 maja 2019 08:11:17

Dany klucz nie był obecny w słowniku.środa, 29 maja 2019 08:11:20

addCommentJira string jiraKey ZCC-18836środa, 29 maja 2019 08:11:20

addCommentJira object sender, DoWorkEventArgs e ZCC-18836środa, 29 maja 2019 08:11:21

Zgłoszenie ZCC-18837 dodano automatycznie o godzinie 2019-05-29 08:11:21!
środa, 29 maja 2019 08:11:22

Modyfikacja treeItem checkAsAssigneśroda, 29 maja 2019 08:11:24

addCommentJira string jiraKey ZCC-18837środa, 29 maja 2019 08:11:24

addCommentJira object sender, DoWorkEventArgs e ZCC-18837środa, 29 maja 2019 08:11:25

Zgłoszenie ZCC-18838 dodano automatycznie o godzinie 2019-05-29 08:11:25!
środa, 29 maja 2019 08:11:25

Modyfikacja treeItem checkAsAssigneśroda, 29 maja 2019 08:11:28

addCommentJira string jiraKey ZCC-18838środa, 29 maja 2019 08:11:28

addCommentJira object sender, DoWorkEventArgs e ZCC-18838środa, 29 maja 2019 08:11:30

Zgłoszenie ZCC-18839 dodano automatycznie o godzinie 2019-05-29 08:11:30!
środa, 29 maja 2019 08:11:30

Modyfikacja treeItem checkAsAssigneśroda, 29 maja 2019 08:11:33

addCommentJira string jiraKey ZCC-18839środa, 29 maja 2019 08:11:33

addCommentJira object sender, DoWorkEventArgs e ZCC-18839środa, 29 maja 2019 08:22:43

Dany klucz nie był obecny w słowniku.środa, 29 maja 2019 08:23:03

Dany klucz nie był obecny w słowniku.środa, 29 maja 2019 08:23:08

Dany klucz nie był obecny w słowniku.środa, 29 maja 2019 08:23:11

Dany klucz nie był obecny w słowniku.środa, 29 maja 2019 08:23:14

Dany klucz nie był obecny w słowniku.środa, 29 maja 2019 08:28:49

--- Main exception: Message ---
Odwołanie do obiektu nie zostało ustawione na wystąpienie obiektu.

--- Main exception: StackTrace ---
   w GUI.MainForm.slaAutoStep(DataGridViewRow tmpRow, String issueNumber) w C:\CP\ParserGit\JiraParser\GUI\SlaService.cs:wiersz 746

--- Main exception: Source ---
GUI

środa, 29 maja 2019 08:34:47

--- Main exception: Message ---
Odwołanie do obiektu nie zostało ustawione na wystąpienie obiektu.

--- Main exception: StackTrace ---
   w GUI.MainForm.slaAutoStep(DataGridViewRow tmpRow, String issueNumber) w C:\CP\ParserGit\JiraParser\GUI\SlaService.cs:wiersz 746

--- Main exception: Source ---
GUI

środa, 29 maja 2019 08:40:41

--- Main exception: Message ---
Odwołanie do obiektu nie zostało ustawione na wystąpienie obiektu.

--- Main exception: StackTrace ---
   w GUI.MainForm.slaAutoStep(DataGridViewRow tmpRow, String issueNumber) w C:\CP\ParserGit\JiraParser\GUI\SlaService.cs:wiersz 746

--- Main exception: Source ---
GUI

środa, 29 maja 2019 08:46:16

Zgłoszenie ZCC-18841 dodano automatycznie o godzinie 2019-05-29 08:46:16!
środa, 29 maja 2019 08:46:16

Modyfikacja treeItem checkAsAssigneśroda, 29 maja 2019 08:46:22

Zgłoszenie ZCC-18840 dodano automatycznie o godzinie 2019-05-29 08:46:22!
środa, 29 maja 2019 08:46:22

Modyfikacja treeItem checkAsAssigneśroda, 29 maja 2019 08:46:23

addCommentJira string jiraKey ZCC-18841środa, 29 maja 2019 08:46:23

addCommentJira object sender, DoWorkEventArgs e ZCC-18841środa, 29 maja 2019 08:46:45

--- Main exception: Message ---
Odwołanie do obiektu nie zostało ustawione na wystąpienie obiektu.

--- Main exception: StackTrace ---
   w GUI.MainForm.slaAutoStep(DataGridViewRow tmpRow, String issueNumber) w C:\CP\ParserGit\JiraParser\GUI\SlaService.cs:wiersz 746

--- Main exception: Source ---
GUI

środa, 29 maja 2019 08:47:06

addCommentJira string jiraKey ZCC-18840środa, 29 maja 2019 08:47:06

addCommentJira object sender, DoWorkEventArgs e ZCC-18840środa, 29 maja 2019 08:52:40

--- Main exception: Message ---
Odwołanie do obiektu nie zostało ustawione na wystąpienie obiektu.

--- Main exception: StackTrace ---
   w GUI.MainForm.slaAutoStep(DataGridViewRow tmpRow, String issueNumber) w C:\CP\ParserGit\JiraParser\GUI\SlaService.cs:wiersz 746

--- Main exception: Source ---
GUI

środa, 29 maja 2019 08:52:57

Dany klucz nie był obecny w słowniku.środa, 29 maja 2019 08:58:38

--- Main exception: Message ---
Odwołanie do obiektu nie zostało ustawione na wystąpienie obiektu.

--- Main exception: StackTrace ---
   w GUI.MainForm.slaAutoStep(DataGridViewRow tmpRow, String issueNumber) w C:\CP\ParserGit\JiraParser\GUI\SlaService.cs:wiersz 746

--- Main exception: Source ---
GUI

środa, 29 maja 2019 09:04:40

--- Main exception: Message ---
Odwołanie do obiektu nie zostało ustawione na wystąpienie obiektu.

--- Main exception: StackTrace ---
   w GUI.MainForm.slaAutoStep(DataGridViewRow tmpRow, String issueNumber) w C:\CP\ParserGit\JiraParser\GUI\SlaService.cs:wiersz 746

--- Main exception: Source ---
GUI

środa, 29 maja 2019 09:10:41

--- Main exception: Message ---
Odwołanie do obiektu nie zostało ustawione na wystąpienie obiektu.

--- Main exception: StackTrace ---
   w GUI.MainForm.slaAutoStep(DataGridViewRow tmpRow, String issueNumber) w C:\CP\ParserGit\JiraParser\GUI\SlaService.cs:wiersz 746

--- Main exception: Source ---
GUI

środa, 29 maja 2019 09:16:39

--- Main exception: Message ---
Odwołanie do obiektu nie zostało ustawione na wystąpienie obiektu.

--- Main exception: StackTrace ---
   w GUI.MainForm.slaAutoStep(DataGridViewRow tmpRow, String issueNumber) w C:\CP\ParserGit\JiraParser\GUI\SlaService.cs:wiersz 746

--- Main exception: Source ---
GUI

środa, 29 maja 2019 09:22:35

--- Main exception: Message ---
Odwołanie do obiektu nie zostało ustawione na wystąpienie obiektu.

--- Main exception: StackTrace ---
   w GUI.MainForm.slaAutoStep(DataGridViewRow tmpRow, String issueNumber) w C:\CP\ParserGit\JiraParser\GUI\SlaService.cs:wiersz 746

--- Main exception: Source ---
GUI

środa, 29 maja 2019 09:43:40

Odwołanie do obiektu nie zostało ustawione na wystąpienie obiektu.

środa, 29 maja 2019 10:16:12

Zgłoszenie KKK-4286 dodano automatycznie o godzinie 2019-05-29 10:16:12!
środa, 29 maja 2019 10:16:13

Modyfikacja treeItem checkAsAssigneśroda, 29 maja 2019 10:16:19

addCommentJira string jiraKey KKK-4286środa, 29 maja 2019 10:16:19

addCommentJira object sender, DoWorkEventArgs e KKK-4286środa, 29 maja 2019 10:46:13

Zgłoszenie CRM-75967 dodano automatycznie o godzinie 2019-05-29 10:46:13!
środa, 29 maja 2019 10:46:14

Modyfikacja treeItem checkAsAssigneśroda, 29 maja 2019 10:46:20

addCommentJira string jiraKey CRM-75967środa, 29 maja 2019 10:46:20

addCommentJira object sender, DoWorkEventArgs e CRM-75967środa, 29 maja 2019 10:52:59

Dany klucz nie był obecny w słowniku.środa, 29 maja 2019 11:40:14

Zgłoszenie CRM-75968 dodano automatycznie o godzinie 2019-05-29 11:40:14!
środa, 29 maja 2019 11:40:14

Modyfikacja treeItem checkAsAssigneśroda, 29 maja 2019 11:40:21

addCommentJira string jiraKey CRM-75968środa, 29 maja 2019 11:40:21

addCommentJira object sender, DoWorkEventArgs e CRM-75968środa, 29 maja 2019 11:45:13

--- Main exception: Message ---
Nie można rozpoznać nazwy zdalnej: 'jira'

--- Main exception: StackTrace ---
   w Atlassian.Jira.Remote.JiraRestClient.ExecuteRequest[T](Method method, String resource, Object requestBody) w c:\projects\atlassian-net-sdk\Atlassian.Jira\Remote\JiraRestClient.cs:wiersz 119
   w Atlassian.Jira.Remote.JiraRestClient.GetIssueTypes(String token, String projectId) w c:\projects\atlassian-net-sdk\Atlassian.Jira\Remote\JiraRestClient.cs:wiersz 822
   w Atlassian.Jira.Jira.<>c__DisplayClass16.<GetIssueTypes>b__12(String token) w c:\projects\atlassian-net-sdk\Atlassian.Jira\Jira.cs:wiersz 414
   w Atlassian.Jira.Jira.<>c__DisplayClass3c.<WithToken>b__3b(String t) w c:\projects\atlassian-net-sdk\Atlassian.Jira\Jira.cs:wiersz 658
   w Atlassian.Jira.Jira.WithToken[TResult](Func`3 function) w c:\projects\atlassian-net-sdk\Atlassian.Jira\Jira.cs:wiersz 706
   w Atlassian.Jira.Jira.GetIssueTypes(String projectKey) w c:\projects\atlassian-net-sdk\Atlassian.Jira\Jira.cs:wiersz 419
   w Logic.Implementation.JiraIssues.GetJiraIssuesTypes() w C:\CP\ParserGit\JiraParser\Logic\Implementation\JiraIssues.cs:wiersz 68
   w GUI.MainForm.<timer2_Tick>b__107_0() w C:\CP\ParserGit\JiraParser\GUI\MainForm.cs:wiersz 2729

--- Main exception: Source ---
Atlassian.Jira

środa, 29 maja 2019 11:45:57

--- Main exception: Message ---
Nie można rozpoznać nazwy zdalnej: 'jira'

--- Main exception: StackTrace ---
   w Atlassian.Jira.Remote.JiraRestClient.ExecuteRequest[T](Method method, String resource, Object requestBody) w c:\projects\atlassian-net-sdk\Atlassian.Jira\Remote\JiraRestClient.cs:wiersz 119
   w Atlassian.Jira.Remote.JiraRestClient.GetPriorities(String token) w c:\projects\atlassian-net-sdk\Atlassian.Jira\Remote\JiraRestClient.cs:wiersz 785
   w Atlassian.Jira.Jira.<GetIssuePriorities>b__24(String token) w c:\projects\atlassian-net-sdk\Atlassian.Jira\Jira.cs:wiersz 478
   w Atlassian.Jira.Jira.<>c__DisplayClass3c.<WithToken>b__3b(String t) w c:\projects\atlassian-net-sdk\Atlassian.Jira\Jira.cs:wiersz 658
   w Atlassian.Jira.Jira.WithToken[TResult](Func`3 function) w c:\projects\atlassian-net-sdk\Atlassian.Jira\Jira.cs:wiersz 706
   w Atlassian.Jira.Jira.GetIssuePriorities() w c:\projects\atlassian-net-sdk\Atlassian.Jira\Jira.cs:wiersz 482
   w GUI.MainForm.LoginJira() w C:\CP\ParserGit\JiraParser\GUI\MainForm.cs:wiersz 4479

--- Main exception: Source ---
Atlassian.Jira

środa, 29 maja 2019 11:52:15

Zgłoszenie CRM-75969 dodano automatycznie o godzinie 2019-05-29 11:52:15!
środa, 29 maja 2019 11:52:15

Modyfikacja treeItem checkAsAssigneśroda, 29 maja 2019 11:52:22

addCommentJira string jiraKey CRM-75969środa, 29 maja 2019 11:52:22

addCommentJira object sender, DoWorkEventArgs e CRM-75969środa, 29 maja 2019 11:54:27

Zgłoszenie CRM-75969 dodano automatycznie o godzinie 2019-05-29 11:54:27!
środa, 29 maja 2019 11:54:30

Modyfikacja treeItem checkAsAssigneśroda, 29 maja 2019 11:54:31

--- Main exception: Message ---
Nie można uzyskać dostępu do usuniętego obiektu.
Nazwa obiektu: 'WFSform'.

--- Main exception: StackTrace ---
   w System.Windows.Forms.Control.CreateHandle()
   w System.Windows.Forms.Form.CreateHandle()
   w System.Windows.Forms.Control.get_Handle()
   w System.Windows.Forms.Application.ThreadContext.RunMessageLoopInner(Int32 reason, ApplicationContext context)
   w System.Windows.Forms.Application.ThreadContext.RunMessageLoop(Int32 reason, ApplicationContext context)
   w System.Windows.Forms.Form.ShowDialog(IWin32Window owner)
   w GUI.MainForm.UzupelnijDane(TreeView tr, Boolean auto) w C:\CP\ParserGit\JiraParser\GUI\MainForm.cs:wiersz 3877
   w GUI.MainForm.<newIssueAutoAddToBPMUzupelnijDane>b__230_0() w C:\CP\ParserGit\JiraParser\GUI\MainForm.cs:wiersz 7436

--- Main exception: Source ---
System.Windows.Forms

środa, 29 maja 2019 11:54:33

addCommentJira string jiraKey CRM-75969 NIE DODANO KOMENTARZA BO ISTNIEJE WPISśroda, 29 maja 2019 11:54:33

addCommentJira object sender, DoWorkEventArgs e CRM-75969środa, 29 maja 2019 11:55:08

Dany klucz nie był obecny w słowniku.środa, 29 maja 2019 11:58:14

Zgłoszenie CRM-75970 dodano automatycznie o godzinie 2019-05-29 11:58:14!
środa, 29 maja 2019 11:58:14

Modyfikacja treeItem checkAsAssigneśroda, 29 maja 2019 11:58:21

addCommentJira string jiraKey CRM-75970środa, 29 maja 2019 11:58:21

addCommentJira object sender, DoWorkEventArgs e CRM-75970środa, 29 maja 2019 12:05:04

Dany klucz nie był obecny w słowniku.środa, 29 maja 2019 12:28:58

Dany klucz nie był obecny w słowniku.środa, 29 maja 2019 13:28:13

Zgłoszenie ZCC-18843 dodano automatycznie o godzinie 2019-05-29 13:28:13!
środa, 29 maja 2019 13:28:13

Modyfikacja treeItem checkAsAssigneśroda, 29 maja 2019 13:28:20

addCommentJira string jiraKey ZCC-18843środa, 29 maja 2019 13:28:20

addCommentJira object sender, DoWorkEventArgs e ZCC-18843środa, 29 maja 2019 13:34:14

Zgłoszenie CRM-75971 dodano automatycznie o godzinie 2019-05-29 13:34:14!
środa, 29 maja 2019 13:34:14

Modyfikacja treeItem checkAsAssigneśroda, 29 maja 2019 13:34:20

Zgłoszenie CRM-75972 dodano automatycznie o godzinie 2019-05-29 13:34:20!
środa, 29 maja 2019 13:34:20

Modyfikacja treeItem checkAsAssigneśroda, 29 maja 2019 13:34:21

addCommentJira string jiraKey CRM-75971środa, 29 maja 2019 13:34:21

addCommentJira object sender, DoWorkEventArgs e CRM-75971środa, 29 maja 2019 13:35:03

Dany klucz nie był obecny w słowniku.środa, 29 maja 2019 13:35:07

addCommentJira string jiraKey CRM-75972środa, 29 maja 2019 13:35:07

addCommentJira object sender, DoWorkEventArgs e CRM-75972środa, 29 maja 2019 13:41:11

Dany klucz nie był obecny w słowniku.środa, 29 maja 2019 13:46:55

--- Main exception: Message ---
Odwołanie do obiektu nie zostało ustawione na wystąpienie obiektu.

--- Main exception: StackTrace ---
   w GUI.MainForm.slaAutoStep(DataGridViewRow tmpRow, String issueNumber) w C:\CP\ParserGit\JiraParser\GUI\SlaService.cs:wiersz 746

--- Main exception: Source ---
GUI

środa, 29 maja 2019 13:47:07

Dany klucz nie był obecny w słowniku.środa, 29 maja 2019 13:52:55

--- Main exception: Message ---
Odwołanie do obiektu nie zostało ustawione na wystąpienie obiektu.

--- Main exception: StackTrace ---
   w GUI.MainForm.slaAutoStep(DataGridViewRow tmpRow, String issueNumber) w C:\CP\ParserGit\JiraParser\GUI\SlaService.cs:wiersz 746

--- Main exception: Source ---
GUI

środa, 29 maja 2019 13:58:54

--- Main exception: Message ---
Odwołanie do obiektu nie zostało ustawione na wystąpienie obiektu.

--- Main exception: StackTrace ---
   w GUI.MainForm.slaAutoStep(DataGridViewRow tmpRow, String issueNumber) w C:\CP\ParserGit\JiraParser\GUI\SlaService.cs:wiersz 746

--- Main exception: Source ---
GUI

środa, 29 maja 2019 14:04:55

--- Main exception: Message ---
Odwołanie do obiektu nie zostało ustawione na wystąpienie obiektu.

--- Main exception: StackTrace ---
   w GUI.MainForm.slaAutoStep(DataGridViewRow tmpRow, String issueNumber) w C:\CP\ParserGit\JiraParser\GUI\SlaService.cs:wiersz 746

--- Main exception: Source ---
GUI

środa, 29 maja 2019 14:10:15

Zgłoszenie INFOLINIA-6710 dodano automatycznie o godzinie 2019-05-29 14:10:15!
środa, 29 maja 2019 14:10:15

Modyfikacja treeItem checkAsAssigneśroda, 29 maja 2019 14:17:46

--- Main exception: Message ---
Filter with name 'DoPobrania2liniaBill' was not found

--- Main exception: StackTrace ---
   w Atlassian.Jira.Jira.GetIssuesFromFilter(String filterName, Int32 start, Nullable`1 maxResults) w c:\projects\atlassian-net-sdk\Atlassian.Jira\Jira.cs:wiersz 291
   w Logic.Implementation.JiraIssues.GetIssuesFromFilterAsync(String filterName) w C:\CP\ParserGit\JiraParser\Logic\Implementation\JiraIssues.cs:wiersz 803
   w GUI.MainForm.<timer2_Tick>b__107_0() w C:\CP\ParserGit\JiraParser\GUI\MainForm.cs:wiersz 2746

--- Main exception: Source ---
Atlassian.Jira

środa, 29 maja 2019 14:39:03

Zgłoszenie LIDKA-138 dodano automatycznie o godzinie 2019-05-29 14:39:03!
środa, 29 maja 2019 14:39:04

Modyfikacja treeItem checkAsAssigneśroda, 29 maja 2019 14:42:36

Zgłoszenie WIND-8353 dodano automatycznie o godzinie 2019-05-29 14:42:36!
środa, 29 maja 2019 14:42:36

Modyfikacja treeItem checkAsAssigneśroda, 29 maja 2019 14:42:43

Zgłoszenie ZCC-18844 dodano automatycznie o godzinie 2019-05-29 14:42:43!
środa, 29 maja 2019 14:42:43

Modyfikacja treeItem checkAsAssigneśroda, 29 maja 2019 14:42:44

addCommentJira string jiraKey WIND-8353środa, 29 maja 2019 14:42:44

addCommentJira object sender, DoWorkEventArgs e WIND-8353środa, 29 maja 2019 14:43:27

--- Main exception: Message ---
Odwołanie do obiektu nie zostało ustawione na wystąpienie obiektu.

--- Main exception: StackTrace ---
   w GUI.MainForm.slaAutoStep(DataGridViewRow tmpRow, String issueNumber) w C:\CP\ParserGit\JiraParser\GUI\SlaService.cs:wiersz 746

--- Main exception: Source ---
GUI

środa, 29 maja 2019 14:43:37

addCommentJira string jiraKey ZCC-18844środa, 29 maja 2019 14:43:37

addCommentJira object sender, DoWorkEventArgs e ZCC-18844środa, 29 maja 2019 14:49:21

--- Main exception: Message ---
Odwołanie do obiektu nie zostało ustawione na wystąpienie obiektu.

--- Main exception: StackTrace ---
   w GUI.MainForm.slaAutoStep(DataGridViewRow tmpRow, String issueNumber) w C:\CP\ParserGit\JiraParser\GUI\SlaService.cs:wiersz 746

--- Main exception: Source ---
GUI

środa, 29 maja 2019 14:55:13

--- Main exception: Message ---
Odwołanie do obiektu nie zostało ustawione na wystąpienie obiektu.

--- Main exception: StackTrace ---
   w GUI.MainForm.slaAutoStep(DataGridViewRow tmpRow, String issueNumber) w C:\CP\ParserGit\JiraParser\GUI\SlaService.cs:wiersz 746

--- Main exception: Source ---
GUI

środa, 29 maja 2019 15:01:20

--- Main exception: Message ---
Odwołanie do obiektu nie zostało ustawione na wystąpienie obiektu.

--- Main exception: StackTrace ---
   w GUI.MainForm.slaAutoStep(DataGridViewRow tmpRow, String issueNumber) w C:\CP\ParserGit\JiraParser\GUI\SlaService.cs:wiersz 746

--- Main exception: Source ---
GUI

środa, 29 maja 2019 15:07:18

--- Main exception: Message ---
Odwołanie do obiektu nie zostało ustawione na wystąpienie obiektu.

--- Main exception: StackTrace ---
   w GUI.MainForm.slaAutoStep(DataGridViewRow tmpRow, String issueNumber) w C:\CP\ParserGit\JiraParser\GUI\SlaService.cs:wiersz 746

--- Main exception: Source ---
GUI

środa, 29 maja 2019 15:13:14

--- Main exception: Message ---
Odwołanie do obiektu nie zostało ustawione na wystąpienie obiektu.

--- Main exception: StackTrace ---
   w GUI.MainForm.slaAutoStep(DataGridViewRow tmpRow, String issueNumber) w C:\CP\ParserGit\JiraParser\GUI\SlaService.cs:wiersz 746

--- Main exception: Source ---
GUI

środa, 29 maja 2019 15:19:15

--- Main exception: Message ---
Odwołanie do obiektu nie zostało ustawione na wystąpienie obiektu.

--- Main exception: StackTrace ---
   w GUI.MainForm.slaAutoStep(DataGridViewRow tmpRow, String issueNumber) w C:\CP\ParserGit\JiraParser\GUI\SlaService.cs:wiersz 746

--- Main exception: Source ---
GUI

środa, 29 maja 2019 15:25:16

--- Main exception: Message ---
Odwołanie do obiektu nie zostało ustawione na wystąpienie obiektu.

--- Main exception: StackTrace ---
   w GUI.MainForm.slaAutoStep(DataGridViewRow tmpRow, String issueNumber) w C:\CP\ParserGit\JiraParser\GUI\SlaService.cs:wiersz 746

--- Main exception: Source ---
GUI

środa, 29 maja 2019 15:30:38

Zgłoszenie LIDKA-138 dodano automatycznie o godzinie 2019-05-29 15:30:38!
środa, 29 maja 2019 15:30:38

Modyfikacja treeItem checkAsAssigneśroda, 29 maja 2019 15:31:01

--- Main exception: Message ---
Serwer zdalny zwrócił błąd: (413) Request Entity Too Large.

--- Main exception: StackTrace ---
   w System.Windows.Forms.Control.MarshaledInvoke(Control caller, Delegate method, Object[] args, Boolean synchronous)
   w System.Windows.Forms.Control.Invoke(Delegate method, Object[] args)
   w GUI.MainForm.slaReportLoad(Object sender, DoWorkEventArgs e) w C:\CP\ParserGit\JiraParser\GUI\SlaService.cs:wiersz 228

--- Main exception: Source ---
System.Windows.Forms

środa, 29 maja 2019 15:31:02

addCommentJira string jiraKey LIDKA-138środa, 29 maja 2019 15:31:02

addCommentJira object sender, DoWorkEventArgs e LIDKA-138środa, 29 maja 2019 15:31:13

--- Main exception: Message ---
Serwer zdalny zwrócił nieoczekiwaną odpowiedź: (413) Request Entity Too Large.

--- Inner exception 1: Message ---
Serwer zdalny zwrócił błąd: (413) Request Entity Too Large.

--- Inner exception 1: StackTrace ---
   w System.Net.HttpWebRequest.EndGetResponse(IAsyncResult asyncResult)
   w System.ServiceModel.Channels.HttpChannelFactory`1.HttpRequestChannel.HttpChannelAsyncRequest.CompleteGetResponse(IAsyncResult result)

--- Inner exception 1: Source ---
System

--- Main exception: StackTrace ---

Server stack trace: 
   w System.ServiceModel.Channels.CommunicationObject.ThrowPending()
   w System.ServiceModel.Channels.CommunicationObject.ThrowIfDisposedOrNotOpen()
   w System.ServiceModel.Channels.RequestChannel.Request(Message message, TimeSpan timeout)
   w System.ServiceModel.Dispatcher.RequestChannelBinder.Request(Message message, TimeSpan timeout)
   w System.ServiceModel.Channels.ServiceChannel.Call(String action, Boolean oneway, ProxyOperationRuntime operation, Object[] ins, Object[] outs, TimeSpan timeout)
   w System.ServiceModel.Channels.ServiceChannelProxy.InvokeService(IMethodCallMessage methodCall, ProxyOperationRuntime operation)
   w System.ServiceModel.Channels.ServiceChannelProxy.Invoke(IMessage message)

Exception rethrown at [0]: 
   w System.Runtime.Remoting.Proxies.RealProxy.HandleReturnMessage(IMessage reqMsg, IMessage retMsg)
   w System.Runtime.Remoting.Proxies.RealProxy.PrivateInvoke(MessageData& msgData, Int32 type)
   w DataLayer.HPDataService.IDataService4HP.CheckIssuesPresenceOnBpm(User user, BillingDTHIssueWFS[] issues)
   w DataLayer.Implementation.GatewayDaoWFS.CheckIssuesPresenceOnBpm(List`1 issues) w C:\CP\ParserGit\JiraParser\DataLayer\Implementation\GatewayDaoWFS.cs:wiersz 121
   w LogicLayer.Implementation.ParserEngineWFS.compareBillingWithWFS(List`1 issues) w C:\CP\ParserGit\JiraParser\Logic\Implementation\ParserEngineWFS.cs:wiersz 124
   w GUI.MainForm.<>c__DisplayClass154_1.<SearchJira>b__0() w C:\CP\ParserGit\JiraParser\GUI\MainForm.cs:wiersz 4544

--- Main exception: Source ---
mscorlib

środa, 29 maja 2019 15:31:18

--- Main exception: Message ---
Serwer zdalny zwrócił nieoczekiwaną odpowiedź: (413) Request Entity Too Large.

--- Inner exception 1: Message ---
Serwer zdalny zwrócił błąd: (413) Request Entity Too Large.

--- Inner exception 1: StackTrace ---
   w System.Net.HttpWebRequest.EndGetResponse(IAsyncResult asyncResult)
   w System.ServiceModel.Channels.HttpChannelFactory`1.HttpRequestChannel.HttpChannelAsyncRequest.CompleteGetResponse(IAsyncResult result)

--- Inner exception 1: Source ---
System

--- Main exception: StackTrace ---

Server stack trace: 
   w System.ServiceModel.Channels.CommunicationObject.ThrowPending()
   w System.ServiceModel.Channels.CommunicationObject.ThrowIfDisposedOrNotOpen()
   w System.ServiceModel.Channels.RequestChannel.Request(Message message, TimeSpan timeout)
   w System.ServiceModel.Dispatcher.RequestChannelBinder.Request(Message message, TimeSpan timeout)
   w System.ServiceModel.Channels.ServiceChannel.Call(String action, Boolean oneway, ProxyOperationRuntime operation, Object[] ins, Object[] outs, TimeSpan timeout)
   w System.ServiceModel.Channels.ServiceChannelProxy.InvokeService(IMethodCallMessage methodCall, ProxyOperationRuntime operation)
   w System.ServiceModel.Channels.ServiceChannelProxy.Invoke(IMessage message)

Exception rethrown at [0]: 
   w System.Runtime.Remoting.Proxies.RealProxy.HandleReturnMessage(IMessage reqMsg, IMessage retMsg)
   w System.Runtime.Remoting.Proxies.RealProxy.PrivateInvoke(MessageData& msgData, Int32 type)
   w DataLayer.HPDataService.IDataService4HP.CheckIssuesPresenceOnBpm(User user, BillingDTHIssueWFS[] issues)
   w DataLayer.Implementation.GatewayDaoWFS.CheckIssuesPresenceOnBpm(List`1 issues) w C:\CP\ParserGit\JiraParser\DataLayer\Implementation\GatewayDaoWFS.cs:wiersz 121
   w LogicLayer.Implementation.ParserEngineWFS.compareBillingWithWFS(List`1 issues) w C:\CP\ParserGit\JiraParser\Logic\Implementation\ParserEngineWFS.cs:wiersz 124
   w GUI.MainForm.getBillingIssueDtoHeliosFromIssueNumber(String issueNumber) w C:\CP\ParserGit\JiraParser\GUI\MainForm.cs:wiersz 6307
   w GUI.MainForm.addIssueToTreeNodeForAutoStep(String issueNumber, Int32 issueId) w C:\CP\ParserGit\JiraParser\GUI\MainForm.cs:wiersz 6314
   w GUI.MainForm.slaAutoStep(DataGridViewRow tmpRow, String issueNumber) w C:\CP\ParserGit\JiraParser\GUI\SlaService.cs:wiersz 693

--- Main exception: Source ---
mscorlib

