wtorek, 26 marca 2019 08:50:12

Zgłoszenie KKK-4135 dodano automatycznie o godzinie 2019-03-26 08:50:12!
wtorek, 26 marca 2019 08:50:13

Modyfikacja treeItem checkAsAssignewtorek, 26 marca 2019 08:50:21

addCommentJira string jiraKey KKK-4135wtorek, 26 marca 2019 08:50:21

addCommentJira object sender, DoWorkEventArgs e KKK-4135wtorek, 26 marca 2019 08:56:13

Zgłoszenie KKK-4136 dodano automatycznie o godzinie 2019-03-26 08:56:13!
wtorek, 26 marca 2019 08:56:13

Modyfikacja treeItem checkAsAssignewtorek, 26 marca 2019 08:56:20

addCommentJira string jiraKey KKK-4136wtorek, 26 marca 2019 08:56:20

addCommentJira object sender, DoWorkEventArgs e KKK-4136wtorek, 26 marca 2019 10:08:14

Zgłoszenie ZCC-18423 dodano automatycznie o godzinie 2019-03-26 10:08:14!
wtorek, 26 marca 2019 10:08:14

Modyfikacja treeItem checkAsAssignewtorek, 26 marca 2019 10:08:21

addCommentJira string jiraKey ZCC-18423wtorek, 26 marca 2019 10:08:21

addCommentJira object sender, DoWorkEventArgs e ZCC-18423wtorek, 26 marca 2019 11:02:11

Zgłoszenie CRM-75582 dodano automatycznie o godzinie 2019-03-26 11:02:11!
wtorek, 26 marca 2019 11:02:11

Modyfikacja treeItem checkAsAssignewtorek, 26 marca 2019 11:02:18

addCommentJira string jiraKey CRM-75582wtorek, 26 marca 2019 11:02:18

addCommentJira object sender, DoWorkEventArgs e CRM-75582wtorek, 26 marca 2019 13:14:12

Zgłoszenie CRM-75564 dodano automatycznie o godzinie 2019-03-26 13:14:12!
wtorek, 26 marca 2019 13:14:12

Modyfikacja treeItem checkAsAssignewtorek, 26 marca 2019 13:14:21

addCommentJira string jiraKey CRM-75564wtorek, 26 marca 2019 13:14:21

addCommentJira object sender, DoWorkEventArgs e CRM-75564wtorek, 26 marca 2019 15:01:27

Zgłoszenie ZCC-18425 dodano automatycznie o godzinie 2019-03-26 15:01:27!
wtorek, 26 marca 2019 15:01:27

Modyfikacja treeItem checkAsAssignewtorek, 26 marca 2019 15:01:36

addCommentJira string jiraKey ZCC-18425wtorek, 26 marca 2019 15:01:36

addCommentJira object sender, DoWorkEventArgs e ZCC-18425wtorek, 26 marca 2019 15:01:51

Zgłoszenie ZCC-18424 dodano automatycznie o godzinie 2019-03-26 15:01:51!
wtorek, 26 marca 2019 15:01:51

Modyfikacja treeItem checkAsAssignewtorek, 26 marca 2019 15:01:54

addCommentJira string jiraKey ZCC-18424wtorek, 26 marca 2019 15:01:54

addCommentJira object sender, DoWorkEventArgs e ZCC-18424