środa, 2 października 2019 07:25:48

Zgłoszenie CRM-76988 dodano automatycznie o godzinie 2019-10-02 07:25:48!
środa, 2 października 2019 07:25:48

Modyfikacja treeItem checkAsAssigneśroda, 2 października 2019 07:25:53

Zgłoszenie KKK-4493 dodano automatycznie o godzinie 2019-10-02 07:25:53!
środa, 2 października 2019 07:25:53

Modyfikacja treeItem checkAsAssigneśroda, 2 października 2019 07:25:54

addCommentJira string jiraKey CRM-76988środa, 2 października 2019 07:25:54

addCommentJira object sender, DoWorkEventArgs e CRM-76988środa, 2 października 2019 07:25:58

addCommentJira string jiraKey KKK-4493środa, 2 października 2019 07:25:58

addCommentJira object sender, DoWorkEventArgs e KKK-4493środa, 2 października 2019 08:55:33

Zgłoszenie ZCC-19516 dodano automatycznie o godzinie 2019-10-02 08:55:33!
środa, 2 października 2019 08:55:34

Modyfikacja treeItem checkAsAssigneśroda, 2 października 2019 08:55:39

addCommentJira string jiraKey ZCC-19516środa, 2 października 2019 08:55:39

addCommentJira object sender, DoWorkEventArgs e ZCC-19516środa, 2 października 2019 09:13:32

Zgłoszenie ZCC-19517 dodano automatycznie o godzinie 2019-10-02 09:13:32!
środa, 2 października 2019 09:13:33

Modyfikacja treeItem checkAsAssigneśroda, 2 października 2019 09:13:39

addCommentJira string jiraKey ZCC-19517środa, 2 października 2019 09:13:39

addCommentJira object sender, DoWorkEventArgs e ZCC-19517