czwartek, 11 kwietnia 2019 08:02:02

Zgłoszenie CRM-75701 dodano automatycznie o godzinie 2019-04-11 08:02:02!
czwartek, 11 kwietnia 2019 08:02:02

Modyfikacja treeItem checkAsAssigneczwartek, 11 kwietnia 2019 08:02:24

addCommentJira string jiraKey CRM-75701czwartek, 11 kwietnia 2019 08:02:24

addCommentJira object sender, DoWorkEventArgs e CRM-75701czwartek, 11 kwietnia 2019 08:02:41

Zgłoszenie ZCC-18540 dodano automatycznie o godzinie 2019-04-11 08:02:41!
czwartek, 11 kwietnia 2019 08:02:41

Modyfikacja treeItem checkAsAssigneczwartek, 11 kwietnia 2019 08:02:43

addCommentJira string jiraKey ZCC-18540czwartek, 11 kwietnia 2019 08:02:43

addCommentJira object sender, DoWorkEventArgs e ZCC-18540czwartek, 11 kwietnia 2019 08:02:45

Zgłoszenie CRM-75698 dodano automatycznie o godzinie 2019-04-11 08:02:45!
czwartek, 11 kwietnia 2019 08:02:45

Modyfikacja treeItem checkAsAssigneczwartek, 11 kwietnia 2019 08:02:47

addCommentJira string jiraKey CRM-75698czwartek, 11 kwietnia 2019 08:02:47

addCommentJira object sender, DoWorkEventArgs e CRM-75698czwartek, 11 kwietnia 2019 08:02:48

Zgłoszenie KKK-4175 dodano automatycznie o godzinie 2019-04-11 08:02:48!
czwartek, 11 kwietnia 2019 08:02:48

Modyfikacja treeItem checkAsAssigneczwartek, 11 kwietnia 2019 08:02:50

addCommentJira string jiraKey KKK-4175czwartek, 11 kwietnia 2019 08:02:50

addCommentJira object sender, DoWorkEventArgs e KKK-4175czwartek, 11 kwietnia 2019 08:02:51

Zgłoszenie ZCC-18539 dodano automatycznie o godzinie 2019-04-11 08:02:51!
czwartek, 11 kwietnia 2019 08:02:51

Modyfikacja treeItem checkAsAssigneczwartek, 11 kwietnia 2019 08:02:54

addCommentJira string jiraKey ZCC-18539czwartek, 11 kwietnia 2019 08:02:54

addCommentJira object sender, DoWorkEventArgs e ZCC-18539czwartek, 11 kwietnia 2019 09:13:47

Zgłoszenie CRM-73780 dodano automatycznie o godzinie 2019-04-11 09:13:47!
czwartek, 11 kwietnia 2019 09:13:48

Modyfikacja treeItem checkAsAssigneczwartek, 11 kwietnia 2019 09:14:04

addCommentJira string jiraKey CRM-73780czwartek, 11 kwietnia 2019 09:14:04

addCommentJira object sender, DoWorkEventArgs e CRM-73780czwartek, 11 kwietnia 2019 09:31:48

Zgłoszenie INFOLINIA-6654 dodano automatycznie o godzinie 2019-04-11 09:31:48!
czwartek, 11 kwietnia 2019 09:31:48

Modyfikacja treeItem checkAsAssigneczwartek, 11 kwietnia 2019 09:32:07

addCommentJira string jiraKey INFOLINIA-6654czwartek, 11 kwietnia 2019 09:32:07

addCommentJira object sender, DoWorkEventArgs e INFOLINIA-6654czwartek, 11 kwietnia 2019 09:37:48

Zgłoszenie WIND-8248 dodano automatycznie o godzinie 2019-04-11 09:37:48!
czwartek, 11 kwietnia 2019 09:37:48

Modyfikacja treeItem checkAsAssigneczwartek, 11 kwietnia 2019 09:37:56

addCommentJira string jiraKey WIND-8248czwartek, 11 kwietnia 2019 09:37:56

addCommentJira object sender, DoWorkEventArgs e WIND-8248czwartek, 11 kwietnia 2019 09:43:46

Zgłoszenie ZCC-18541 dodano automatycznie o godzinie 2019-04-11 09:43:46!
czwartek, 11 kwietnia 2019 09:43:47

Modyfikacja treeItem checkAsAssigneczwartek, 11 kwietnia 2019 09:44:08

addCommentJira string jiraKey ZCC-18541czwartek, 11 kwietnia 2019 09:44:08

addCommentJira object sender, DoWorkEventArgs e ZCC-18541czwartek, 11 kwietnia 2019 09:49:47

--- Main exception: Message ---
Nie można rozpoznać nazwy zdalnej: 'jira'

--- Main exception: StackTrace ---
   w Atlassian.Jira.Remote.JiraRestClient.ExecuteRequest[T](Method method, String resource, Object requestBody) w c:\projects\atlassian-net-sdk\Atlassian.Jira\Remote\JiraRestClient.cs:wiersz 119
   w Atlassian.Jira.Remote.JiraRestClient.GetPriorities(String token) w c:\projects\atlassian-net-sdk\Atlassian.Jira\Remote\JiraRestClient.cs:wiersz 785
   w Atlassian.Jira.Jira.<GetIssuePriorities>b__24(String token) w c:\projects\atlassian-net-sdk\Atlassian.Jira\Jira.cs:wiersz 478
   w Atlassian.Jira.Jira.<>c__DisplayClass3c.<WithToken>b__3b(String t) w c:\projects\atlassian-net-sdk\Atlassian.Jira\Jira.cs:wiersz 658
   w Atlassian.Jira.Jira.WithToken[TResult](Func`3 function) w c:\projects\atlassian-net-sdk\Atlassian.Jira\Jira.cs:wiersz 706
   w Atlassian.Jira.Jira.GetIssuePriorities() w c:\projects\atlassian-net-sdk\Atlassian.Jira\Jira.cs:wiersz 482
   w GUI.MainForm.LoginJira() w C:\CP\ParserGit\JiraParser\GUI\MainForm.cs:wiersz 4475

--- Main exception: Source ---
Atlassian.Jira

czwartek, 11 kwietnia 2019 09:49:48

--- Main exception: Message ---
Nie można rozpoznać nazwy zdalnej: 'jira'

--- Main exception: StackTrace ---
   w Atlassian.Jira.Remote.JiraRestClient.ExecuteRequest[T](Method method, String resource, Object requestBody) w c:\projects\atlassian-net-sdk\Atlassian.Jira\Remote\JiraRestClient.cs:wiersz 119
   w Atlassian.Jira.Remote.JiraRestClient.GetIssueTypes(String token, String projectId) w c:\projects\atlassian-net-sdk\Atlassian.Jira\Remote\JiraRestClient.cs:wiersz 822
   w Atlassian.Jira.Jira.<>c__DisplayClass16.<GetIssueTypes>b__12(String token) w c:\projects\atlassian-net-sdk\Atlassian.Jira\Jira.cs:wiersz 414
   w Atlassian.Jira.Jira.<>c__DisplayClass3c.<WithToken>b__3b(String t) w c:\projects\atlassian-net-sdk\Atlassian.Jira\Jira.cs:wiersz 658
   w Atlassian.Jira.Jira.WithToken[TResult](Func`3 function) w c:\projects\atlassian-net-sdk\Atlassian.Jira\Jira.cs:wiersz 706
   w Atlassian.Jira.Jira.GetIssueTypes(String projectKey) w c:\projects\atlassian-net-sdk\Atlassian.Jira\Jira.cs:wiersz 419
   w Logic.Implementation.JiraIssues.GetJiraIssuesTypes() w C:\CP\ParserGit\JiraParser\Logic\Implementation\JiraIssues.cs:wiersz 68
   w GUI.MainForm.<timer2_Tick>b__105_0() w C:\CP\ParserGit\JiraParser\GUI\MainForm.cs:wiersz 2725

--- Main exception: Source ---
Atlassian.Jira

czwartek, 11 kwietnia 2019 10:03:03

--- Main exception: Message ---
Nie można rozpoznać nazwy zdalnej: 'jira'

--- Main exception: StackTrace ---
   w Atlassian.Jira.Remote.JiraRestClient.ExecuteRequest[T](Method method, String resource, Object requestBody) w c:\projects\atlassian-net-sdk\Atlassian.Jira\Remote\JiraRestClient.cs:wiersz 119
   w Atlassian.Jira.Remote.JiraRestClient.GetIssueTypes(String token, String projectId) w c:\projects\atlassian-net-sdk\Atlassian.Jira\Remote\JiraRestClient.cs:wiersz 822
   w Atlassian.Jira.Jira.<>c__DisplayClass16.<GetIssueTypes>b__12(String token) w c:\projects\atlassian-net-sdk\Atlassian.Jira\Jira.cs:wiersz 414
   w Atlassian.Jira.Jira.<>c__DisplayClass3c.<WithToken>b__3b(String t) w c:\projects\atlassian-net-sdk\Atlassian.Jira\Jira.cs:wiersz 658
   w Atlassian.Jira.Jira.WithToken[TResult](Func`3 function) w c:\projects\atlassian-net-sdk\Atlassian.Jira\Jira.cs:wiersz 706
   w Atlassian.Jira.Jira.GetIssueTypes(String projectKey) w c:\projects\atlassian-net-sdk\Atlassian.Jira\Jira.cs:wiersz 419
   w Logic.Implementation.JiraIssues.GetJiraIssuesTypes() w C:\CP\ParserGit\JiraParser\Logic\Implementation\JiraIssues.cs:wiersz 68
   w GUI.MainForm.<timer2_Tick>b__105_0() w C:\CP\ParserGit\JiraParser\GUI\MainForm.cs:wiersz 2725

--- Main exception: Source ---
Atlassian.Jira

czwartek, 11 kwietnia 2019 10:03:03

--- Main exception: Message ---
Nie można rozpoznać nazwy zdalnej: 'jira'

--- Main exception: StackTrace ---
   w Atlassian.Jira.Remote.JiraRestClient.ExecuteRequest[T](Method method, String resource, Object requestBody) w c:\projects\atlassian-net-sdk\Atlassian.Jira\Remote\JiraRestClient.cs:wiersz 119
   w Atlassian.Jira.Remote.JiraRestClient.GetPriorities(String token) w c:\projects\atlassian-net-sdk\Atlassian.Jira\Remote\JiraRestClient.cs:wiersz 785
   w Atlassian.Jira.Jira.<GetIssuePriorities>b__24(String token) w c:\projects\atlassian-net-sdk\Atlassian.Jira\Jira.cs:wiersz 478
   w Atlassian.Jira.Jira.<>c__DisplayClass3c.<WithToken>b__3b(String t) w c:\projects\atlassian-net-sdk\Atlassian.Jira\Jira.cs:wiersz 658
   w Atlassian.Jira.Jira.WithToken[TResult](Func`3 function) w c:\projects\atlassian-net-sdk\Atlassian.Jira\Jira.cs:wiersz 706
   w Atlassian.Jira.Jira.GetIssuePriorities() w c:\projects\atlassian-net-sdk\Atlassian.Jira\Jira.cs:wiersz 482
   w GUI.MainForm.LoginJira() w C:\CP\ParserGit\JiraParser\GUI\MainForm.cs:wiersz 4475

--- Main exception: Source ---
Atlassian.Jira

czwartek, 11 kwietnia 2019 10:21:52

--- Main exception: Message ---
Nie można odnaleźć kolumny o nazwie dgvAkcjaBPM.
Nazwa parametru: columnName

--- Main exception: StackTrace ---
   w System.Windows.Forms.DataGridViewCellCollection.get_Item(String columnName)
   w GUI.MainForm.slaAutoStep(DataGridViewRow tmpRow, String issueNumber) w C:\CP\ParserGit\JiraParser\GUI\SlaService.cs:wiersz 605

--- Main exception: Source ---
System.Windows.Forms

czwartek, 11 kwietnia 2019 10:21:52

--- Main exception: Message ---
Nie można odnaleźć kolumny o nazwie dgvAkcjaBPM.
Nazwa parametru: columnName

--- Main exception: StackTrace ---
   w System.Windows.Forms.DataGridViewCellCollection.get_Item(String columnName)
   w GUI.MainForm.slaAutoStep(DataGridViewRow tmpRow, String issueNumber) w C:\CP\ParserGit\JiraParser\GUI\SlaService.cs:wiersz 605

--- Main exception: Source ---
System.Windows.Forms

czwartek, 11 kwietnia 2019 10:22:18

--- Main exception: Message ---
Nie można odnaleźć kolumny o nazwie dgvAkcjaBPM.
Nazwa parametru: columnName

--- Main exception: StackTrace ---
   w System.Windows.Forms.DataGridViewCellCollection.get_Item(String columnName)
   w GUI.MainForm.slaAutoStep(DataGridViewRow tmpRow, String issueNumber) w C:\CP\ParserGit\JiraParser\GUI\SlaService.cs:wiersz 605

--- Main exception: Source ---
System.Windows.Forms

czwartek, 11 kwietnia 2019 10:22:18

--- Main exception: Message ---
Nie można odnaleźć kolumny o nazwie dgvAkcjaBPM.
Nazwa parametru: columnName

--- Main exception: StackTrace ---
   w System.Windows.Forms.DataGridViewCellCollection.get_Item(String columnName)
   w GUI.MainForm.slaAutoStep(DataGridViewRow tmpRow, String issueNumber) w C:\CP\ParserGit\JiraParser\GUI\SlaService.cs:wiersz 605

--- Main exception: Source ---
System.Windows.Forms

czwartek, 11 kwietnia 2019 10:22:18

--- Main exception: Message ---
Nie można odnaleźć kolumny o nazwie dgvAkcjaBPM.
Nazwa parametru: columnName

--- Main exception: StackTrace ---
   w System.Windows.Forms.DataGridViewCellCollection.get_Item(String columnName)
   w GUI.MainForm.slaAutoStep(DataGridViewRow tmpRow, String issueNumber) w C:\CP\ParserGit\JiraParser\GUI\SlaService.cs:wiersz 605

--- Main exception: Source ---
System.Windows.Forms

czwartek, 11 kwietnia 2019 10:22:18

--- Main exception: Message ---
Nie można odnaleźć kolumny o nazwie dgvAkcjaBPM.
Nazwa parametru: columnName

--- Main exception: StackTrace ---
   w System.Windows.Forms.DataGridViewCellCollection.get_Item(String columnName)
   w GUI.MainForm.slaAutoStep(DataGridViewRow tmpRow, String issueNumber) w C:\CP\ParserGit\JiraParser\GUI\SlaService.cs:wiersz 605

--- Main exception: Source ---
System.Windows.Forms

czwartek, 11 kwietnia 2019 10:22:18

--- Main exception: Message ---
Nie można odnaleźć kolumny o nazwie dgvAkcjaBPM.
Nazwa parametru: columnName

--- Main exception: StackTrace ---
   w System.Windows.Forms.DataGridViewCellCollection.get_Item(String columnName)
   w GUI.MainForm.slaAutoStep(DataGridViewRow tmpRow, String issueNumber) w C:\CP\ParserGit\JiraParser\GUI\SlaService.cs:wiersz 605

--- Main exception: Source ---
System.Windows.Forms

czwartek, 11 kwietnia 2019 10:22:18

--- Main exception: Message ---
Nie można odnaleźć kolumny o nazwie dgvAkcjaBPM.
Nazwa parametru: columnName

--- Main exception: StackTrace ---
   w System.Windows.Forms.DataGridViewCellCollection.get_Item(String columnName)
   w GUI.MainForm.slaAutoStep(DataGridViewRow tmpRow, String issueNumber) w C:\CP\ParserGit\JiraParser\GUI\SlaService.cs:wiersz 605

--- Main exception: Source ---
System.Windows.Forms

czwartek, 11 kwietnia 2019 10:22:20

--- Main exception: Message ---
Nie można odnaleźć kolumny o nazwie dgvAkcjaBPM.
Nazwa parametru: columnName

--- Main exception: StackTrace ---
   w System.Windows.Forms.DataGridViewCellCollection.get_Item(String columnName)
   w GUI.MainForm.slaAutoStep(DataGridViewRow tmpRow, String issueNumber) w C:\CP\ParserGit\JiraParser\GUI\SlaService.cs:wiersz 605

--- Main exception: Source ---
System.Windows.Forms

czwartek, 11 kwietnia 2019 10:22:20

--- Main exception: Message ---
Nie można odnaleźć kolumny o nazwie dgvAkcjaBPM.
Nazwa parametru: columnName

--- Main exception: StackTrace ---
   w System.Windows.Forms.DataGridViewCellCollection.get_Item(String columnName)
   w GUI.MainForm.slaAutoStep(DataGridViewRow tmpRow, String issueNumber) w C:\CP\ParserGit\JiraParser\GUI\SlaService.cs:wiersz 605

--- Main exception: Source ---
System.Windows.Forms

czwartek, 11 kwietnia 2019 10:22:20

--- Main exception: Message ---
Nie można odnaleźć kolumny o nazwie dgvAkcjaBPM.
Nazwa parametru: columnName

--- Main exception: StackTrace ---
   w System.Windows.Forms.DataGridViewCellCollection.get_Item(String columnName)
   w GUI.MainForm.slaAutoStep(DataGridViewRow tmpRow, String issueNumber) w C:\CP\ParserGit\JiraParser\GUI\SlaService.cs:wiersz 605

--- Main exception: Source ---
System.Windows.Forms

czwartek, 11 kwietnia 2019 10:22:21

--- Main exception: Message ---
Nie można odnaleźć kolumny o nazwie dgvAkcjaBPM.
Nazwa parametru: columnName

--- Main exception: StackTrace ---
   w System.Windows.Forms.DataGridViewCellCollection.get_Item(String columnName)
   w GUI.MainForm.slaAutoStep(DataGridViewRow tmpRow, String issueNumber) w C:\CP\ParserGit\JiraParser\GUI\SlaService.cs:wiersz 605

--- Main exception: Source ---
System.Windows.Forms

czwartek, 11 kwietnia 2019 10:22:25

--- Main exception: Message ---
Nie można odnaleźć kolumny o nazwie dgvAkcjaBPM.
Nazwa parametru: columnName

--- Main exception: StackTrace ---
   w System.Windows.Forms.DataGridViewCellCollection.get_Item(String columnName)
   w GUI.MainForm.slaAutoStep(DataGridViewRow tmpRow, String issueNumber) w C:\CP\ParserGit\JiraParser\GUI\SlaService.cs:wiersz 605

--- Main exception: Source ---
System.Windows.Forms

czwartek, 11 kwietnia 2019 10:22:25

--- Main exception: Message ---
Nie można odnaleźć kolumny o nazwie dgvAkcjaBPM.
Nazwa parametru: columnName

--- Main exception: StackTrace ---
   w System.Windows.Forms.DataGridViewCellCollection.get_Item(String columnName)
   w GUI.MainForm.slaAutoStep(DataGridViewRow tmpRow, String issueNumber) w C:\CP\ParserGit\JiraParser\GUI\SlaService.cs:wiersz 605

--- Main exception: Source ---
System.Windows.Forms

czwartek, 11 kwietnia 2019 10:22:26

--- Main exception: Message ---
Nie można odnaleźć kolumny o nazwie dgvAkcjaBPM.
Nazwa parametru: columnName

--- Main exception: StackTrace ---
   w System.Windows.Forms.DataGridViewCellCollection.get_Item(String columnName)
   w GUI.MainForm.slaAutoStep(DataGridViewRow tmpRow, String issueNumber) w C:\CP\ParserGit\JiraParser\GUI\SlaService.cs:wiersz 605

--- Main exception: Source ---
System.Windows.Forms

czwartek, 11 kwietnia 2019 10:22:29

--- Main exception: Message ---
Nie można odnaleźć kolumny o nazwie dgvAkcjaBPM.
Nazwa parametru: columnName

--- Main exception: StackTrace ---
   w System.Windows.Forms.DataGridViewCellCollection.get_Item(String columnName)
   w GUI.MainForm.slaAutoStep(DataGridViewRow tmpRow, String issueNumber) w C:\CP\ParserGit\JiraParser\GUI\SlaService.cs:wiersz 605

--- Main exception: Source ---
System.Windows.Forms

czwartek, 11 kwietnia 2019 10:22:29

--- Main exception: Message ---
Nie można odnaleźć kolumny o nazwie dgvAkcjaBPM.
Nazwa parametru: columnName

--- Main exception: StackTrace ---
   w System.Windows.Forms.DataGridViewCellCollection.get_Item(String columnName)
   w GUI.MainForm.slaAutoStep(DataGridViewRow tmpRow, String issueNumber) w C:\CP\ParserGit\JiraParser\GUI\SlaService.cs:wiersz 605

--- Main exception: Source ---
System.Windows.Forms

czwartek, 11 kwietnia 2019 10:22:30

--- Main exception: Message ---
Nie można odnaleźć kolumny o nazwie dgvAkcjaBPM.
Nazwa parametru: columnName

--- Main exception: StackTrace ---
   w System.Windows.Forms.DataGridViewCellCollection.get_Item(String columnName)
   w GUI.MainForm.slaAutoStep(DataGridViewRow tmpRow, String issueNumber) w C:\CP\ParserGit\JiraParser\GUI\SlaService.cs:wiersz 605

--- Main exception: Source ---
System.Windows.Forms

czwartek, 11 kwietnia 2019 10:22:32

--- Main exception: Message ---
Nie można odnaleźć kolumny o nazwie dgvAkcjaBPM.
Nazwa parametru: columnName

--- Main exception: StackTrace ---
   w System.Windows.Forms.DataGridViewCellCollection.get_Item(String columnName)
   w GUI.MainForm.slaAutoStep(DataGridViewRow tmpRow, String issueNumber) w C:\CP\ParserGit\JiraParser\GUI\SlaService.cs:wiersz 605

--- Main exception: Source ---
System.Windows.Forms

czwartek, 11 kwietnia 2019 10:22:52

Zgłoszenie INFOLINIA-6655 dodano automatycznie o godzinie 2019-04-11 10:22:52!
czwartek, 11 kwietnia 2019 10:22:52

Modyfikacja treeItem checkAsAssigneczwartek, 11 kwietnia 2019 10:23:12

addCommentJira string jiraKey INFOLINIA-6655czwartek, 11 kwietnia 2019 10:23:12

addCommentJira object sender, DoWorkEventArgs e INFOLINIA-6655czwartek, 11 kwietnia 2019 12:18:13

--- Main exception: Message ---
Nie można rozpoznać nazwy zdalnej: 'jira'

--- Main exception: StackTrace ---
   w Atlassian.Jira.Remote.JiraRestClient.ExecuteRequest[T](Method method, String resource, Object requestBody) w c:\projects\atlassian-net-sdk\Atlassian.Jira\Remote\JiraRestClient.cs:wiersz 119
   w Atlassian.Jira.Remote.JiraRestClient.GetPriorities(String token) w c:\projects\atlassian-net-sdk\Atlassian.Jira\Remote\JiraRestClient.cs:wiersz 785
   w Atlassian.Jira.Jira.<GetIssuePriorities>b__24(String token) w c:\projects\atlassian-net-sdk\Atlassian.Jira\Jira.cs:wiersz 478
   w Atlassian.Jira.Jira.<>c__DisplayClass3c.<WithToken>b__3b(String t) w c:\projects\atlassian-net-sdk\Atlassian.Jira\Jira.cs:wiersz 658
   w Atlassian.Jira.Jira.WithToken[TResult](Func`3 function) w c:\projects\atlassian-net-sdk\Atlassian.Jira\Jira.cs:wiersz 706
   w Atlassian.Jira.Jira.GetIssuePriorities() w c:\projects\atlassian-net-sdk\Atlassian.Jira\Jira.cs:wiersz 482
   w GUI.MainForm.LoginJira() w C:\CP\ParserGit\JiraParser\GUI\MainForm.cs:wiersz 4475

--- Main exception: Source ---
Atlassian.Jira

czwartek, 11 kwietnia 2019 12:18:24

--- Main exception: Message ---
Nie można rozpoznać nazwy zdalnej: 'jira'

--- Main exception: StackTrace ---
   w Atlassian.Jira.Remote.JiraRestClient.ExecuteRequest[T](Method method, String resource, Object requestBody) w c:\projects\atlassian-net-sdk\Atlassian.Jira\Remote\JiraRestClient.cs:wiersz 119
   w Atlassian.Jira.Remote.JiraRestClient.GetIssueTypes(String token, String projectId) w c:\projects\atlassian-net-sdk\Atlassian.Jira\Remote\JiraRestClient.cs:wiersz 822
   w Atlassian.Jira.Jira.<>c__DisplayClass16.<GetIssueTypes>b__12(String token) w c:\projects\atlassian-net-sdk\Atlassian.Jira\Jira.cs:wiersz 414
   w Atlassian.Jira.Jira.<>c__DisplayClass3c.<WithToken>b__3b(String t) w c:\projects\atlassian-net-sdk\Atlassian.Jira\Jira.cs:wiersz 658
   w Atlassian.Jira.Jira.WithToken[TResult](Func`3 function) w c:\projects\atlassian-net-sdk\Atlassian.Jira\Jira.cs:wiersz 706
   w Atlassian.Jira.Jira.GetIssueTypes(String projectKey) w c:\projects\atlassian-net-sdk\Atlassian.Jira\Jira.cs:wiersz 419
   w Logic.Implementation.JiraIssues.GetJiraIssuesTypes() w C:\CP\ParserGit\JiraParser\Logic\Implementation\JiraIssues.cs:wiersz 68
   w GUI.MainForm.<timer2_Tick>b__105_0() w C:\CP\ParserGit\JiraParser\GUI\MainForm.cs:wiersz 2725

--- Main exception: Source ---
Atlassian.Jira

czwartek, 11 kwietnia 2019 14:02:43

--- Main exception: Message ---
Nie można rozpoznać nazwy zdalnej: 'jira'

--- Main exception: StackTrace ---
   w Atlassian.Jira.Remote.JiraRestClient.ExecuteRequest[T](Method method, String resource, Object requestBody) w c:\projects\atlassian-net-sdk\Atlassian.Jira\Remote\JiraRestClient.cs:wiersz 119
   w Atlassian.Jira.Remote.JiraRestClient.GetIssueTypes(String token, String projectId) w c:\projects\atlassian-net-sdk\Atlassian.Jira\Remote\JiraRestClient.cs:wiersz 822
   w Atlassian.Jira.Jira.<>c__DisplayClass16.<GetIssueTypes>b__12(String token) w c:\projects\atlassian-net-sdk\Atlassian.Jira\Jira.cs:wiersz 414
   w Atlassian.Jira.Jira.<>c__DisplayClass3c.<WithToken>b__3b(String t) w c:\projects\atlassian-net-sdk\Atlassian.Jira\Jira.cs:wiersz 658
   w Atlassian.Jira.Jira.WithToken[TResult](Func`3 function) w c:\projects\atlassian-net-sdk\Atlassian.Jira\Jira.cs:wiersz 706
   w Atlassian.Jira.Jira.GetIssueTypes(String projectKey) w c:\projects\atlassian-net-sdk\Atlassian.Jira\Jira.cs:wiersz 419
   w Logic.Implementation.JiraIssues.GetJiraIssuesTypes() w C:\CP\ParserGit\JiraParser\Logic\Implementation\JiraIssues.cs:wiersz 68
   w GUI.MainForm.<timer2_Tick>b__105_0() w C:\CP\ParserGit\JiraParser\GUI\MainForm.cs:wiersz 2725

--- Main exception: Source ---
Atlassian.Jira

czwartek, 11 kwietnia 2019 14:02:44

--- Main exception: Message ---
Nie można rozpoznać nazwy zdalnej: 'jira'

--- Main exception: StackTrace ---
   w Atlassian.Jira.Remote.JiraRestClient.ExecuteRequest[T](Method method, String resource, Object requestBody) w c:\projects\atlassian-net-sdk\Atlassian.Jira\Remote\JiraRestClient.cs:wiersz 119
   w Atlassian.Jira.Remote.JiraRestClient.GetPriorities(String token) w c:\projects\atlassian-net-sdk\Atlassian.Jira\Remote\JiraRestClient.cs:wiersz 785
   w Atlassian.Jira.Jira.<GetIssuePriorities>b__24(String token) w c:\projects\atlassian-net-sdk\Atlassian.Jira\Jira.cs:wiersz 478
   w Atlassian.Jira.Jira.<>c__DisplayClass3c.<WithToken>b__3b(String t) w c:\projects\atlassian-net-sdk\Atlassian.Jira\Jira.cs:wiersz 658
   w Atlassian.Jira.Jira.WithToken[TResult](Func`3 function) w c:\projects\atlassian-net-sdk\Atlassian.Jira\Jira.cs:wiersz 706
   w Atlassian.Jira.Jira.GetIssuePriorities() w c:\projects\atlassian-net-sdk\Atlassian.Jira\Jira.cs:wiersz 482
   w GUI.MainForm.LoginJira() w C:\CP\ParserGit\JiraParser\GUI\MainForm.cs:wiersz 4475

--- Main exception: Source ---
Atlassian.Jira

