sobota, 16 marca 2019 10:19:01

Automatyczny zapis nowego zgłoszenia Entities.BillingIssueDtoHelios [2019-03-16 10:19:01] 

sobota, 16 marca 2019 10:19:01

Automatyczny zapis nowego zgłoszenia Entities.BillingIssueDtoHelios [2019-03-16 10:19:01] 

sobota, 16 marca 2019 10:19:16

Automatyczny zapis poprawny Entities.BillingIssueDtoHelios [2019-03-16 10:19:16] 

sobota, 16 marca 2019 10:19:16

Modyfikacja treeItemsobota, 16 marca 2019 10:19:16

Status Auto: False 

sobota, 16 marca 2019 10:19:16

Automatyczny zapis nowego zgłoszenia Entities.BillingIssueDtoHelios [2019-03-16 10:19:16] 

sobota, 16 marca 2019 10:19:19

Automatyczny zapis poprawny Entities.BillingIssueDtoHelios [2019-03-16 10:19:19] 

sobota, 16 marca 2019 10:19:19

Modyfikacja treeItemsobota, 16 marca 2019 10:19:19

Status Auto: False 

sobota, 16 marca 2019 10:19:22

Automatyczny zapis poprawny Entities.BillingIssueDtoHelios [2019-03-16 10:19:22] 

sobota, 16 marca 2019 10:19:22

--- Main exception: Message ---
Wartość '4' nie jest prawidłową wartością dla 'Value'. Wartość 'Value' powinna znajdować się w zakresie od 'minimum' do 'maximum'.
Nazwa parametru: Value

--- Main exception: StackTrace ---
   w System.Windows.Forms.ProgressBar.set_Value(Int32 value)
   w GUI.MainForm.<>c__DisplayClass158_0.<pb_UpdateProgressBar>b__0() w C:\CP\ParserGit\JiraParser\GUI\MainForm.cs:wiersz 5341

--- Main exception: Source ---
System.Windows.Forms

sobota, 16 marca 2019 10:19:22

Modyfikacja treeItemsobota, 16 marca 2019 10:19:22

Status Auto: False 

sobota, 16 marca 2019 10:20:10

addCommentJira string jiraKey ZCC-18359sobota, 16 marca 2019 10:20:11

addCommentJira string jiraKey WIND-8202sobota, 16 marca 2019 10:20:13

addCommentJira string jiraKey CRM-75530sobota, 16 marca 2019 12:55:29

Automatyczny zapis nowego zgłoszenia Entities.BillingIssueDtoHelios [2019-03-16 12:55:29] 

sobota, 16 marca 2019 12:55:32

Automatyczny zapis poprawny Entities.BillingIssueDtoHelios [2019-03-16 12:55:32] 

sobota, 16 marca 2019 12:55:32

Modyfikacja treeItemsobota, 16 marca 2019 12:55:32

Status Auto: False 

sobota, 16 marca 2019 12:55:32

Automatyczny zapis nowego zgłoszenia Entities.BillingIssueDtoHelios [2019-03-16 12:55:32] 

sobota, 16 marca 2019 12:55:35

Automatyczny zapis poprawny Entities.BillingIssueDtoHelios [2019-03-16 12:55:35] 

sobota, 16 marca 2019 12:55:35

Modyfikacja treeItemsobota, 16 marca 2019 12:55:35

Status Auto: False 

sobota, 16 marca 2019 12:55:42

addCommentJira string jiraKey WIND-8203sobota, 16 marca 2019 12:55:45

addCommentJira string jiraKey CRM-75532sobota, 16 marca 2019 14:09:22

--- Main exception: Message ---
Przekroczono limit czasu nieaktywności (00:10:00).

--- Main exception: StackTrace ---

Server stack trace: 
   w System.ServiceModel.Channels.ReliableRequestSessionChannel.SyncRequest.WaitForReply(TimeSpan timeout)
   w System.ServiceModel.Channels.RequestChannel.Request(Message message, TimeSpan timeout)
   w System.ServiceModel.Dispatcher.RequestChannelBinder.Request(Message message, TimeSpan timeout)
   w System.ServiceModel.Channels.ServiceChannel.Call(String action, Boolean oneway, ProxyOperationRuntime operation, Object[] ins, Object[] outs, TimeSpan timeout)
   w System.ServiceModel.Channels.ServiceChannelProxy.InvokeService(IMethodCallMessage methodCall, ProxyOperationRuntime operation)
   w System.ServiceModel.Channels.ServiceChannelProxy.Invoke(IMessage message)

Exception rethrown at [0]: 
   w System.Runtime.Remoting.Proxies.RealProxy.HandleReturnMessage(IMessage reqMsg, IMessage retMsg)
   w System.Runtime.Remoting.Proxies.RealProxy.PrivateInvoke(MessageData& msgData, Int32 type)
   w DataLayer.HPDataService.IDataService4HP.ExecuteStoredProcedure(User user, String procedureName, String[] parameters, DatabaseName database)
   w DataLayer.Implementation.GatewayDaoWFS.ExecuteStoredProcedure(String procedureName, String[] parameters, DatabaseName database) w C:\CP\ParserGit\JiraParser\DataLayer\Implementation\GatewayDaoWFS.cs:wiersz 138

--- Main exception: Source ---
mscorlib

sobota, 16 marca 2019 16:39:32

--- Main exception: Message ---
Przekroczono limit czasu nieaktywności (00:10:00).

--- Main exception: StackTrace ---

Server stack trace: 
   w System.ServiceModel.Channels.ReliableRequestSessionChannel.SyncRequest.WaitForReply(TimeSpan timeout)
   w System.ServiceModel.Channels.RequestChannel.Request(Message message, TimeSpan timeout)
   w System.ServiceModel.Dispatcher.RequestChannelBinder.Request(Message message, TimeSpan timeout)
   w System.ServiceModel.Channels.ServiceChannel.Call(String action, Boolean oneway, ProxyOperationRuntime operation, Object[] ins, Object[] outs, TimeSpan timeout)
   w System.ServiceModel.Channels.ServiceChannelProxy.InvokeService(IMethodCallMessage methodCall, ProxyOperationRuntime operation)
   w System.ServiceModel.Channels.ServiceChannelProxy.Invoke(IMessage message)

Exception rethrown at [0]: 
   w System.Runtime.Remoting.Proxies.RealProxy.HandleReturnMessage(IMessage reqMsg, IMessage retMsg)
   w System.Runtime.Remoting.Proxies.RealProxy.PrivateInvoke(MessageData& msgData, Int32 type)
   w DataLayer.HPDataService.IDataService4HP.ExecuteStoredProcedure(User user, String procedureName, String[] parameters, DatabaseName database)
   w DataLayer.Implementation.GatewayDaoWFS.ExecuteStoredProcedure(String procedureName, String[] parameters, DatabaseName database) w C:\CP\ParserGit\JiraParser\DataLayer\Implementation\GatewayDaoWFS.cs:wiersz 138

--- Main exception: Source ---
mscorlib

sobota, 16 marca 2019 22:02:04

--- Main exception: Message ---
Wartość nie może być zerowa.
Nazwa parametru: source

--- Main exception: StackTrace ---
   w System.Linq.Enumerable.FirstOrDefault[TSource](IEnumerable`1 source, Func`2 predicate)
   w GUI.MainForm.slaAutoStep(DataGridViewRow tmpRow, String issueNumber) w C:\CP\ParserGit\JiraParser\GUI\SlaService.cs:wiersz 596

--- Main exception: Source ---
System.Core

sobota, 16 marca 2019 22:02:05

--- Main exception: Message ---
Wartość nie może być zerowa.
Nazwa parametru: source

--- Main exception: StackTrace ---
   w System.Linq.Enumerable.FirstOrDefault[TSource](IEnumerable`1 source, Func`2 predicate)
   w GUI.MainForm.slaAutoStep(DataGridViewRow tmpRow, String issueNumber) w C:\CP\ParserGit\JiraParser\GUI\SlaService.cs:wiersz 596

--- Main exception: Source ---
System.Core

sobota, 16 marca 2019 22:02:05

--- Main exception: Message ---
Wartość nie może być zerowa.
Nazwa parametru: source

--- Main exception: StackTrace ---
   w System.Linq.Enumerable.FirstOrDefault[TSource](IEnumerable`1 source, Func`2 predicate)
   w GUI.MainForm.slaAutoStep(DataGridViewRow tmpRow, String issueNumber) w C:\CP\ParserGit\JiraParser\GUI\SlaService.cs:wiersz 596

--- Main exception: Source ---
System.Core

sobota, 16 marca 2019 22:02:06

--- Main exception: Message ---
Wartość nie może być zerowa.
Nazwa parametru: source

--- Main exception: StackTrace ---
   w System.Linq.Enumerable.FirstOrDefault[TSource](IEnumerable`1 source, Func`2 predicate)
   w GUI.MainForm.slaAutoStep(DataGridViewRow tmpRow, String issueNumber) w C:\CP\ParserGit\JiraParser\GUI\SlaService.cs:wiersz 596

--- Main exception: Source ---
System.Core

sobota, 16 marca 2019 22:02:07

--- Main exception: Message ---
Wartość nie może być zerowa.
Nazwa parametru: source

--- Main exception: StackTrace ---
   w System.Linq.Enumerable.FirstOrDefault[TSource](IEnumerable`1 source, Func`2 predicate)
   w GUI.MainForm.slaAutoStep(DataGridViewRow tmpRow, String issueNumber) w C:\CP\ParserGit\JiraParser\GUI\SlaService.cs:wiersz 596

--- Main exception: Source ---
System.Core

sobota, 16 marca 2019 22:02:09

--- Main exception: Message ---
Wartość nie może być zerowa.
Nazwa parametru: source

--- Main exception: StackTrace ---
   w System.Linq.Enumerable.FirstOrDefault[TSource](IEnumerable`1 source, Func`2 predicate)
   w GUI.MainForm.slaAutoStep(DataGridViewRow tmpRow, String issueNumber) w C:\CP\ParserGit\JiraParser\GUI\SlaService.cs:wiersz 596

--- Main exception: Source ---
System.Core

sobota, 16 marca 2019 22:02:10

--- Main exception: Message ---
Wartość nie może być zerowa.
Nazwa parametru: source

--- Main exception: StackTrace ---
   w System.Linq.Enumerable.FirstOrDefault[TSource](IEnumerable`1 source, Func`2 predicate)
   w GUI.MainForm.slaAutoStep(DataGridViewRow tmpRow, String issueNumber) w C:\CP\ParserGit\JiraParser\GUI\SlaService.cs:wiersz 596

--- Main exception: Source ---
System.Core

sobota, 16 marca 2019 22:02:11

--- Main exception: Message ---
Wartość nie może być zerowa.
Nazwa parametru: source

--- Main exception: StackTrace ---
   w System.Linq.Enumerable.FirstOrDefault[TSource](IEnumerable`1 source, Func`2 predicate)
   w GUI.MainForm.slaAutoStep(DataGridViewRow tmpRow, String issueNumber) w C:\CP\ParserGit\JiraParser\GUI\SlaService.cs:wiersz 596

--- Main exception: Source ---
System.Core

sobota, 16 marca 2019 22:02:13

--- Main exception: Message ---
Wartość nie może być zerowa.
Nazwa parametru: source

--- Main exception: StackTrace ---
   w System.Linq.Enumerable.FirstOrDefault[TSource](IEnumerable`1 source, Func`2 predicate)
   w GUI.MainForm.slaAutoStep(DataGridViewRow tmpRow, String issueNumber) w C:\CP\ParserGit\JiraParser\GUI\SlaService.cs:wiersz 596

--- Main exception: Source ---
System.Core

sobota, 16 marca 2019 22:02:15

--- Main exception: Message ---
Wartość nie może być zerowa.
Nazwa parametru: source

--- Main exception: StackTrace ---
   w System.Linq.Enumerable.FirstOrDefault[TSource](IEnumerable`1 source, Func`2 predicate)
   w GUI.MainForm.slaAutoStep(DataGridViewRow tmpRow, String issueNumber) w C:\CP\ParserGit\JiraParser\GUI\SlaService.cs:wiersz 596

--- Main exception: Source ---
System.Core

sobota, 16 marca 2019 22:02:17

--- Main exception: Message ---
Wartość nie może być zerowa.
Nazwa parametru: source

--- Main exception: StackTrace ---
   w System.Linq.Enumerable.FirstOrDefault[TSource](IEnumerable`1 source, Func`2 predicate)
   w GUI.MainForm.slaAutoStep(DataGridViewRow tmpRow, String issueNumber) w C:\CP\ParserGit\JiraParser\GUI\SlaService.cs:wiersz 596

--- Main exception: Source ---
System.Core

sobota, 16 marca 2019 22:02:19

--- Main exception: Message ---
Wartość nie może być zerowa.
Nazwa parametru: source

--- Main exception: StackTrace ---
   w System.Linq.Enumerable.FirstOrDefault[TSource](IEnumerable`1 source, Func`2 predicate)
   w GUI.MainForm.slaAutoStep(DataGridViewRow tmpRow, String issueNumber) w C:\CP\ParserGit\JiraParser\GUI\SlaService.cs:wiersz 596

--- Main exception: Source ---
System.Core

sobota, 16 marca 2019 22:02:22

--- Main exception: Message ---
Wartość nie może być zerowa.
Nazwa parametru: source

--- Main exception: StackTrace ---
   w System.Linq.Enumerable.FirstOrDefault[TSource](IEnumerable`1 source, Func`2 predicate)
   w GUI.MainForm.slaAutoStep(DataGridViewRow tmpRow, String issueNumber) w C:\CP\ParserGit\JiraParser\GUI\SlaService.cs:wiersz 596

--- Main exception: Source ---
System.Core

sobota, 16 marca 2019 22:02:25

--- Main exception: Message ---
Wartość nie może być zerowa.
Nazwa parametru: source

--- Main exception: StackTrace ---
   w System.Linq.Enumerable.FirstOrDefault[TSource](IEnumerable`1 source, Func`2 predicate)
   w GUI.MainForm.slaAutoStep(DataGridViewRow tmpRow, String issueNumber) w C:\CP\ParserGit\JiraParser\GUI\SlaService.cs:wiersz 596

--- Main exception: Source ---
System.Core

sobota, 16 marca 2019 22:02:27

--- Main exception: Message ---
Wartość nie może być zerowa.
Nazwa parametru: source

--- Main exception: StackTrace ---
   w System.Linq.Enumerable.FirstOrDefault[TSource](IEnumerable`1 source, Func`2 predicate)
   w GUI.MainForm.slaAutoStep(DataGridViewRow tmpRow, String issueNumber) w C:\CP\ParserGit\JiraParser\GUI\SlaService.cs:wiersz 596

--- Main exception: Source ---
System.Core

sobota, 16 marca 2019 22:02:30

--- Main exception: Message ---
Wartość nie może być zerowa.
Nazwa parametru: source

--- Main exception: StackTrace ---
   w System.Linq.Enumerable.FirstOrDefault[TSource](IEnumerable`1 source, Func`2 predicate)
   w GUI.MainForm.slaAutoStep(DataGridViewRow tmpRow, String issueNumber) w C:\CP\ParserGit\JiraParser\GUI\SlaService.cs:wiersz 596

--- Main exception: Source ---
System.Core

sobota, 16 marca 2019 22:02:33

--- Main exception: Message ---
Wartość nie może być zerowa.
Nazwa parametru: source

--- Main exception: StackTrace ---
   w System.Linq.Enumerable.FirstOrDefault[TSource](IEnumerable`1 source, Func`2 predicate)
   w GUI.MainForm.slaAutoStep(DataGridViewRow tmpRow, String issueNumber) w C:\CP\ParserGit\JiraParser\GUI\SlaService.cs:wiersz 596

--- Main exception: Source ---
System.Core

sobota, 16 marca 2019 22:02:36

--- Main exception: Message ---
Wartość nie może być zerowa.
Nazwa parametru: source

--- Main exception: StackTrace ---
   w System.Linq.Enumerable.FirstOrDefault[TSource](IEnumerable`1 source, Func`2 predicate)
   w GUI.MainForm.slaAutoStep(DataGridViewRow tmpRow, String issueNumber) w C:\CP\ParserGit\JiraParser\GUI\SlaService.cs:wiersz 596

--- Main exception: Source ---
System.Core

sobota, 16 marca 2019 22:02:39

--- Main exception: Message ---
Wartość nie może być zerowa.
Nazwa parametru: source

--- Main exception: StackTrace ---
   w System.Linq.Enumerable.FirstOrDefault[TSource](IEnumerable`1 source, Func`2 predicate)
   w GUI.MainForm.slaAutoStep(DataGridViewRow tmpRow, String issueNumber) w C:\CP\ParserGit\JiraParser\GUI\SlaService.cs:wiersz 596

--- Main exception: Source ---
System.Core

sobota, 16 marca 2019 22:02:42

--- Main exception: Message ---
Wartość nie może być zerowa.
Nazwa parametru: source

--- Main exception: StackTrace ---
   w System.Linq.Enumerable.FirstOrDefault[TSource](IEnumerable`1 source, Func`2 predicate)
   w GUI.MainForm.slaAutoStep(DataGridViewRow tmpRow, String issueNumber) w C:\CP\ParserGit\JiraParser\GUI\SlaService.cs:wiersz 596

--- Main exception: Source ---
System.Core

sobota, 16 marca 2019 22:02:45

--- Main exception: Message ---
Wartość nie może być zerowa.
Nazwa parametru: source

--- Main exception: StackTrace ---
   w System.Linq.Enumerable.FirstOrDefault[TSource](IEnumerable`1 source, Func`2 predicate)
   w GUI.MainForm.slaAutoStep(DataGridViewRow tmpRow, String issueNumber) w C:\CP\ParserGit\JiraParser\GUI\SlaService.cs:wiersz 596

--- Main exception: Source ---
System.Core

sobota, 16 marca 2019 22:02:48

--- Main exception: Message ---
Wartość nie może być zerowa.
Nazwa parametru: source

--- Main exception: StackTrace ---
   w System.Linq.Enumerable.FirstOrDefault[TSource](IEnumerable`1 source, Func`2 predicate)
   w GUI.MainForm.slaAutoStep(DataGridViewRow tmpRow, String issueNumber) w C:\CP\ParserGit\JiraParser\GUI\SlaService.cs:wiersz 596

--- Main exception: Source ---
System.Core

sobota, 16 marca 2019 22:02:52

--- Main exception: Message ---
Wartość nie może być zerowa.
Nazwa parametru: source

--- Main exception: StackTrace ---
   w System.Linq.Enumerable.FirstOrDefault[TSource](IEnumerable`1 source, Func`2 predicate)
   w GUI.MainForm.slaAutoStep(DataGridViewRow tmpRow, String issueNumber) w C:\CP\ParserGit\JiraParser\GUI\SlaService.cs:wiersz 596

--- Main exception: Source ---
System.Core

sobota, 16 marca 2019 22:02:55

--- Main exception: Message ---
Wartość nie może być zerowa.
Nazwa parametru: source

--- Main exception: StackTrace ---
   w System.Linq.Enumerable.FirstOrDefault[TSource](IEnumerable`1 source, Func`2 predicate)
   w GUI.MainForm.slaAutoStep(DataGridViewRow tmpRow, String issueNumber) w C:\CP\ParserGit\JiraParser\GUI\SlaService.cs:wiersz 596

--- Main exception: Source ---
System.Core

sobota, 16 marca 2019 22:02:59

--- Main exception: Message ---
Wartość nie może być zerowa.
Nazwa parametru: source

--- Main exception: StackTrace ---
   w System.Linq.Enumerable.FirstOrDefault[TSource](IEnumerable`1 source, Func`2 predicate)
   w GUI.MainForm.slaAutoStep(DataGridViewRow tmpRow, String issueNumber) w C:\CP\ParserGit\JiraParser\GUI\SlaService.cs:wiersz 596

--- Main exception: Source ---
System.Core

sobota, 16 marca 2019 22:03:02

--- Main exception: Message ---
Wartość nie może być zerowa.
Nazwa parametru: source

--- Main exception: StackTrace ---
   w System.Linq.Enumerable.FirstOrDefault[TSource](IEnumerable`1 source, Func`2 predicate)
   w GUI.MainForm.slaAutoStep(DataGridViewRow tmpRow, String issueNumber) w C:\CP\ParserGit\JiraParser\GUI\SlaService.cs:wiersz 596

--- Main exception: Source ---
System.Core

sobota, 16 marca 2019 22:03:06

--- Main exception: Message ---
Wartość nie może być zerowa.
Nazwa parametru: source

--- Main exception: StackTrace ---
   w System.Linq.Enumerable.FirstOrDefault[TSource](IEnumerable`1 source, Func`2 predicate)
   w GUI.MainForm.slaAutoStep(DataGridViewRow tmpRow, String issueNumber) w C:\CP\ParserGit\JiraParser\GUI\SlaService.cs:wiersz 596

--- Main exception: Source ---
System.Core

sobota, 16 marca 2019 22:03:10

--- Main exception: Message ---
Wartość nie może być zerowa.
Nazwa parametru: source

--- Main exception: StackTrace ---
   w System.Linq.Enumerable.FirstOrDefault[TSource](IEnumerable`1 source, Func`2 predicate)
   w GUI.MainForm.slaAutoStep(DataGridViewRow tmpRow, String issueNumber) w C:\CP\ParserGit\JiraParser\GUI\SlaService.cs:wiersz 596

--- Main exception: Source ---
System.Core

sobota, 16 marca 2019 22:03:14

--- Main exception: Message ---
Wartość nie może być zerowa.
Nazwa parametru: source

--- Main exception: StackTrace ---
   w System.Linq.Enumerable.FirstOrDefault[TSource](IEnumerable`1 source, Func`2 predicate)
   w GUI.MainForm.slaAutoStep(DataGridViewRow tmpRow, String issueNumber) w C:\CP\ParserGit\JiraParser\GUI\SlaService.cs:wiersz 596

--- Main exception: Source ---
System.Core

sobota, 16 marca 2019 22:03:55

--- Main exception: Message ---
Wartość nie może być zerowa.
Nazwa parametru: source

--- Main exception: StackTrace ---
   w System.Linq.Enumerable.FirstOrDefault[TSource](IEnumerable`1 source, Func`2 predicate)
   w GUI.MainForm.slaAutoStep(DataGridViewRow tmpRow, String issueNumber) w C:\CP\ParserGit\JiraParser\GUI\SlaService.cs:wiersz 596

--- Main exception: Source ---
System.Core

