wtorek, 2 kwietnia 2019 08:04:01

Zgłoszenie ZCC-18462 dodano automatycznie o godzinie 2019-04-02 08:04:01!
wtorek, 2 kwietnia 2019 08:04:01

Modyfikacja treeItem checkAsAssignewtorek, 2 kwietnia 2019 08:04:06

Zgłoszenie ZCC-18464 dodano automatycznie o godzinie 2019-04-02 08:04:06!
wtorek, 2 kwietnia 2019 08:04:06

Modyfikacja treeItem checkAsAssignewtorek, 2 kwietnia 2019 08:04:10

addCommentJira string jiraKey ZCC-18462wtorek, 2 kwietnia 2019 08:04:10

addCommentJira object sender, DoWorkEventArgs e ZCC-18462wtorek, 2 kwietnia 2019 08:04:12

addCommentJira string jiraKey ZCC-18464wtorek, 2 kwietnia 2019 08:04:12

addCommentJira object sender, DoWorkEventArgs e ZCC-18464wtorek, 2 kwietnia 2019 08:04:16

Zgłoszenie INFOLINIA-6623 dodano automatycznie o godzinie 2019-04-02 08:04:16!
wtorek, 2 kwietnia 2019 08:04:16

Modyfikacja treeItem checkAsAssignewtorek, 2 kwietnia 2019 08:04:18

addCommentJira string jiraKey INFOLINIA-6623wtorek, 2 kwietnia 2019 08:04:18

addCommentJira object sender, DoWorkEventArgs e INFOLINIA-6623wtorek, 2 kwietnia 2019 09:03:49

Zgłoszenie CRM-75629 dodano automatycznie o godzinie 2019-04-02 09:03:49!
wtorek, 2 kwietnia 2019 09:03:50

Modyfikacja treeItem checkAsAssignewtorek, 2 kwietnia 2019 09:03:58

addCommentJira string jiraKey CRM-75629wtorek, 2 kwietnia 2019 09:03:58

addCommentJira object sender, DoWorkEventArgs e CRM-75629wtorek, 2 kwietnia 2019 09:21:44

Zgłoszenie ZCC-18465 dodano automatycznie o godzinie 2019-04-02 09:21:44!
wtorek, 2 kwietnia 2019 09:21:45

Modyfikacja treeItem checkAsAssignewtorek, 2 kwietnia 2019 09:21:52

addCommentJira string jiraKey ZCC-18465wtorek, 2 kwietnia 2019 09:21:52

addCommentJira object sender, DoWorkEventArgs e ZCC-18465wtorek, 2 kwietnia 2019 09:56:46

--- Main exception: Message ---
Nie można rozpoznać nazwy zdalnej: 'jira'

--- Main exception: StackTrace ---
   w Atlassian.Jira.Remote.JiraRestClient.ExecuteRequest[T](Method method, String resource, Object requestBody) w c:\projects\atlassian-net-sdk\Atlassian.Jira\Remote\JiraRestClient.cs:wiersz 119
   w Atlassian.Jira.Remote.JiraRestClient.GetIssueTypes(String token, String projectId) w c:\projects\atlassian-net-sdk\Atlassian.Jira\Remote\JiraRestClient.cs:wiersz 822
   w Atlassian.Jira.Jira.<>c__DisplayClass16.<GetIssueTypes>b__12(String token) w c:\projects\atlassian-net-sdk\Atlassian.Jira\Jira.cs:wiersz 414
   w Atlassian.Jira.Jira.<>c__DisplayClass3c.<WithToken>b__3b(String t) w c:\projects\atlassian-net-sdk\Atlassian.Jira\Jira.cs:wiersz 658
   w Atlassian.Jira.Jira.WithToken[TResult](Func`3 function) w c:\projects\atlassian-net-sdk\Atlassian.Jira\Jira.cs:wiersz 706
   w Atlassian.Jira.Jira.GetIssueTypes(String projectKey) w c:\projects\atlassian-net-sdk\Atlassian.Jira\Jira.cs:wiersz 419
   w Logic.Implementation.JiraIssues.GetJiraIssuesTypes() w C:\CP\ParserGit\JiraParser\Logic\Implementation\JiraIssues.cs:wiersz 68
   w GUI.MainForm.<timer2_Tick>b__105_0() w C:\CP\ParserGit\JiraParser\GUI\MainForm.cs:wiersz 2725

--- Main exception: Source ---
Atlassian.Jira

wtorek, 2 kwietnia 2019 09:57:25

--- Main exception: Message ---
Nie można rozpoznać nazwy zdalnej: 'jira'

--- Main exception: StackTrace ---
   w Atlassian.Jira.Remote.JiraRestClient.ExecuteRequest[T](Method method, String resource, Object requestBody) w c:\projects\atlassian-net-sdk\Atlassian.Jira\Remote\JiraRestClient.cs:wiersz 119
   w Atlassian.Jira.Remote.JiraRestClient.GetPriorities(String token) w c:\projects\atlassian-net-sdk\Atlassian.Jira\Remote\JiraRestClient.cs:wiersz 785
   w Atlassian.Jira.Jira.<GetIssuePriorities>b__24(String token) w c:\projects\atlassian-net-sdk\Atlassian.Jira\Jira.cs:wiersz 478
   w Atlassian.Jira.Jira.<>c__DisplayClass3c.<WithToken>b__3b(String t) w c:\projects\atlassian-net-sdk\Atlassian.Jira\Jira.cs:wiersz 658
   w Atlassian.Jira.Jira.WithToken[TResult](Func`3 function) w c:\projects\atlassian-net-sdk\Atlassian.Jira\Jira.cs:wiersz 706
   w Atlassian.Jira.Jira.GetIssuePriorities() w c:\projects\atlassian-net-sdk\Atlassian.Jira\Jira.cs:wiersz 482
   w GUI.MainForm.LoginJira() w C:\CP\ParserGit\JiraParser\GUI\MainForm.cs:wiersz 4475

--- Main exception: Source ---
Atlassian.Jira

wtorek, 2 kwietnia 2019 10:00:00

--- Main exception: Message ---
Wartość nie może być zerowa.
Nazwa parametru: source

--- Main exception: StackTrace ---
   w System.Linq.Enumerable.FirstOrDefault[TSource](IEnumerable`1 source, Func`2 predicate)
   w GUI.MainForm.slaAutoStep(DataGridViewRow tmpRow, String issueNumber) w C:\CP\ParserGit\JiraParser\GUI\SlaService.cs:wiersz 598

--- Main exception: Source ---
System.Core

wtorek, 2 kwietnia 2019 10:00:01

--- Main exception: Message ---
Wartość nie może być zerowa.
Nazwa parametru: source

--- Main exception: StackTrace ---
   w System.Linq.Enumerable.FirstOrDefault[TSource](IEnumerable`1 source, Func`2 predicate)
   w GUI.MainForm.slaAutoStep(DataGridViewRow tmpRow, String issueNumber) w C:\CP\ParserGit\JiraParser\GUI\SlaService.cs:wiersz 598

--- Main exception: Source ---
System.Core

wtorek, 2 kwietnia 2019 10:00:01

--- Main exception: Message ---
Wartość nie może być zerowa.
Nazwa parametru: source

--- Main exception: StackTrace ---
   w System.Linq.Enumerable.FirstOrDefault[TSource](IEnumerable`1 source, Func`2 predicate)
   w GUI.MainForm.slaAutoStep(DataGridViewRow tmpRow, String issueNumber) w C:\CP\ParserGit\JiraParser\GUI\SlaService.cs:wiersz 598

--- Main exception: Source ---
System.Core

wtorek, 2 kwietnia 2019 10:00:02

--- Main exception: Message ---
Wartość nie może być zerowa.
Nazwa parametru: source

--- Main exception: StackTrace ---
   w System.Linq.Enumerable.FirstOrDefault[TSource](IEnumerable`1 source, Func`2 predicate)
   w GUI.MainForm.slaAutoStep(DataGridViewRow tmpRow, String issueNumber) w C:\CP\ParserGit\JiraParser\GUI\SlaService.cs:wiersz 598

--- Main exception: Source ---
System.Core

wtorek, 2 kwietnia 2019 10:00:04

--- Main exception: Message ---
Wartość nie może być zerowa.
Nazwa parametru: source

--- Main exception: StackTrace ---
   w System.Linq.Enumerable.FirstOrDefault[TSource](IEnumerable`1 source, Func`2 predicate)
   w GUI.MainForm.slaAutoStep(DataGridViewRow tmpRow, String issueNumber) w C:\CP\ParserGit\JiraParser\GUI\SlaService.cs:wiersz 598

--- Main exception: Source ---
System.Core

wtorek, 2 kwietnia 2019 10:00:05

--- Main exception: Message ---
Wartość nie może być zerowa.
Nazwa parametru: source

--- Main exception: StackTrace ---
   w System.Linq.Enumerable.FirstOrDefault[TSource](IEnumerable`1 source, Func`2 predicate)
   w GUI.MainForm.slaAutoStep(DataGridViewRow tmpRow, String issueNumber) w C:\CP\ParserGit\JiraParser\GUI\SlaService.cs:wiersz 598

--- Main exception: Source ---
System.Core

wtorek, 2 kwietnia 2019 10:00:05

--- Main exception: Message ---
Wartość nie może być zerowa.
Nazwa parametru: source

--- Main exception: StackTrace ---
   w System.Linq.Enumerable.FirstOrDefault[TSource](IEnumerable`1 source, Func`2 predicate)
   w GUI.MainForm.slaAutoStep(DataGridViewRow tmpRow, String issueNumber) w C:\CP\ParserGit\JiraParser\GUI\SlaService.cs:wiersz 598

--- Main exception: Source ---
System.Core

wtorek, 2 kwietnia 2019 10:00:06

--- Main exception: Message ---
Wartość nie może być zerowa.
Nazwa parametru: source

--- Main exception: StackTrace ---
   w System.Linq.Enumerable.FirstOrDefault[TSource](IEnumerable`1 source, Func`2 predicate)
   w GUI.MainForm.slaAutoStep(DataGridViewRow tmpRow, String issueNumber) w C:\CP\ParserGit\JiraParser\GUI\SlaService.cs:wiersz 598

--- Main exception: Source ---
System.Core

wtorek, 2 kwietnia 2019 10:53:03

--- Main exception: Message ---
Nie można rozpoznać nazwy zdalnej: 'jira'

--- Main exception: StackTrace ---
   w Atlassian.Jira.Remote.JiraRestClient.ExecuteRequest[T](Method method, String resource, Object requestBody) w c:\projects\atlassian-net-sdk\Atlassian.Jira\Remote\JiraRestClient.cs:wiersz 119
   w Atlassian.Jira.Remote.JiraRestClient.GetIssueTypes(String token, String projectId) w c:\projects\atlassian-net-sdk\Atlassian.Jira\Remote\JiraRestClient.cs:wiersz 822
   w Atlassian.Jira.Jira.<>c__DisplayClass16.<GetIssueTypes>b__12(String token) w c:\projects\atlassian-net-sdk\Atlassian.Jira\Jira.cs:wiersz 414
   w Atlassian.Jira.Jira.<>c__DisplayClass3c.<WithToken>b__3b(String t) w c:\projects\atlassian-net-sdk\Atlassian.Jira\Jira.cs:wiersz 658
   w Atlassian.Jira.Jira.WithToken[TResult](Func`3 function) w c:\projects\atlassian-net-sdk\Atlassian.Jira\Jira.cs:wiersz 706
   w Atlassian.Jira.Jira.GetIssueTypes(String projectKey) w c:\projects\atlassian-net-sdk\Atlassian.Jira\Jira.cs:wiersz 419
   w Logic.Implementation.JiraIssues.GetJiraIssuesTypes() w C:\CP\ParserGit\JiraParser\Logic\Implementation\JiraIssues.cs:wiersz 68
   w GUI.MainForm.<timer2_Tick>b__105_0() w C:\CP\ParserGit\JiraParser\GUI\MainForm.cs:wiersz 2725

--- Main exception: Source ---
Atlassian.Jira

wtorek, 2 kwietnia 2019 10:53:21

--- Main exception: Message ---
Błędne Hasło JIRA dla użytkownika prekawek

--- Main exception: StackTrace ---


--- Main exception: Source ---


wtorek, 2 kwietnia 2019 10:58:00

--- Main exception: Message ---
Nie można rozpoznać nazwy zdalnej: 'jira'

--- Main exception: StackTrace ---
   w Atlassian.Jira.Remote.JiraRestClient.ExecuteRequest[T](Method method, String resource, Object requestBody) w c:\projects\atlassian-net-sdk\Atlassian.Jira\Remote\JiraRestClient.cs:wiersz 119
   w Atlassian.Jira.Remote.JiraRestClient.GetIssueTypes(String token, String projectId) w c:\projects\atlassian-net-sdk\Atlassian.Jira\Remote\JiraRestClient.cs:wiersz 822
   w Atlassian.Jira.Jira.<>c__DisplayClass16.<GetIssueTypes>b__12(String token) w c:\projects\atlassian-net-sdk\Atlassian.Jira\Jira.cs:wiersz 414
   w Atlassian.Jira.Jira.<>c__DisplayClass3c.<WithToken>b__3b(String t) w c:\projects\atlassian-net-sdk\Atlassian.Jira\Jira.cs:wiersz 658
   w Atlassian.Jira.Jira.WithToken[TResult](Func`3 function) w c:\projects\atlassian-net-sdk\Atlassian.Jira\Jira.cs:wiersz 706
   w Atlassian.Jira.Jira.GetIssueTypes(String projectKey) w c:\projects\atlassian-net-sdk\Atlassian.Jira\Jira.cs:wiersz 419
   w Logic.Implementation.JiraIssues.GetJiraIssuesTypes() w C:\CP\ParserGit\JiraParser\Logic\Implementation\JiraIssues.cs:wiersz 68
   w GUI.MainForm.<timer2_Tick>b__105_0() w C:\CP\ParserGit\JiraParser\GUI\MainForm.cs:wiersz 2725

--- Main exception: Source ---
Atlassian.Jira

wtorek, 2 kwietnia 2019 10:59:00

--- Main exception: Message ---
Nie można rozpoznać nazwy zdalnej: 'jira'

--- Main exception: StackTrace ---
   w Atlassian.Jira.Remote.JiraRestClient.ExecuteRequest[T](Method method, String resource, Object requestBody) w c:\projects\atlassian-net-sdk\Atlassian.Jira\Remote\JiraRestClient.cs:wiersz 119
   w Atlassian.Jira.Remote.JiraRestClient.GetPriorities(String token) w c:\projects\atlassian-net-sdk\Atlassian.Jira\Remote\JiraRestClient.cs:wiersz 785
   w Atlassian.Jira.Jira.<GetIssuePriorities>b__24(String token) w c:\projects\atlassian-net-sdk\Atlassian.Jira\Jira.cs:wiersz 478
   w Atlassian.Jira.Jira.<>c__DisplayClass3c.<WithToken>b__3b(String t) w c:\projects\atlassian-net-sdk\Atlassian.Jira\Jira.cs:wiersz 658
   w Atlassian.Jira.Jira.WithToken[TResult](Func`3 function) w c:\projects\atlassian-net-sdk\Atlassian.Jira\Jira.cs:wiersz 706
   w Atlassian.Jira.Jira.GetIssuePriorities() w c:\projects\atlassian-net-sdk\Atlassian.Jira\Jira.cs:wiersz 482
   w GUI.MainForm.LoginJira() w C:\CP\ParserGit\JiraParser\GUI\MainForm.cs:wiersz 4475

--- Main exception: Source ---
Atlassian.Jira

wtorek, 2 kwietnia 2019 11:23:25

Zgłoszenie CRM-75636 dodano automatycznie o godzinie 2019-04-02 11:23:25!
wtorek, 2 kwietnia 2019 11:23:25

Modyfikacja treeItem checkAsAssignewtorek, 2 kwietnia 2019 11:23:31

addCommentJira string jiraKey CRM-75636wtorek, 2 kwietnia 2019 11:23:31

addCommentJira object sender, DoWorkEventArgs e CRM-75636wtorek, 2 kwietnia 2019 12:48:43

--- Main exception: Message ---
Przekroczono limit czasu nieaktywności (00:10:00).

--- Main exception: StackTrace ---

Server stack trace: 
   w System.ServiceModel.Channels.ReliableRequestSessionChannel.SyncRequest.WaitForReply(TimeSpan timeout)
   w System.ServiceModel.Channels.RequestChannel.Request(Message message, TimeSpan timeout)
   w System.ServiceModel.Dispatcher.RequestChannelBinder.Request(Message message, TimeSpan timeout)
   w System.ServiceModel.Channels.ServiceChannel.Call(String action, Boolean oneway, ProxyOperationRuntime operation, Object[] ins, Object[] outs, TimeSpan timeout)
   w System.ServiceModel.Channels.ServiceChannelProxy.InvokeService(IMethodCallMessage methodCall, ProxyOperationRuntime operation)
   w System.ServiceModel.Channels.ServiceChannelProxy.Invoke(IMessage message)

Exception rethrown at [0]: 
   w System.Runtime.Remoting.Proxies.RealProxy.HandleReturnMessage(IMessage reqMsg, IMessage retMsg)
   w System.Runtime.Remoting.Proxies.RealProxy.PrivateInvoke(MessageData& msgData, Int32 type)
   w DataLayer.HPDataService.IDataService4HP.ExecuteStoredProcedure(User user, String procedureName, String[] parameters, DatabaseName database)
   w DataLayer.Implementation.GatewayDaoWFS.ExecuteStoredProcedure(String procedureName, String[] parameters, DatabaseName database) w C:\CP\ParserGit\JiraParser\DataLayer\Implementation\GatewayDaoWFS.cs:wiersz 138

--- Main exception: Source ---
mscorlib

wtorek, 2 kwietnia 2019 12:48:44

--- Main exception: Message ---
Nie można rozpoznać nazwy zdalnej: 'jira'

--- Main exception: StackTrace ---
   w Atlassian.Jira.Remote.JiraRestClient.ExecuteRequest[T](Method method, String resource, Object requestBody) w c:\projects\atlassian-net-sdk\Atlassian.Jira\Remote\JiraRestClient.cs:wiersz 119
   w Atlassian.Jira.Remote.JiraRestClient.GetPriorities(String token) w c:\projects\atlassian-net-sdk\Atlassian.Jira\Remote\JiraRestClient.cs:wiersz 785
   w Atlassian.Jira.Jira.<GetIssuePriorities>b__24(String token) w c:\projects\atlassian-net-sdk\Atlassian.Jira\Jira.cs:wiersz 478
   w Atlassian.Jira.Jira.<>c__DisplayClass3c.<WithToken>b__3b(String t) w c:\projects\atlassian-net-sdk\Atlassian.Jira\Jira.cs:wiersz 658
   w Atlassian.Jira.Jira.WithToken[TResult](Func`3 function) w c:\projects\atlassian-net-sdk\Atlassian.Jira\Jira.cs:wiersz 706
   w Atlassian.Jira.Jira.GetIssuePriorities() w c:\projects\atlassian-net-sdk\Atlassian.Jira\Jira.cs:wiersz 482
   w GUI.MainForm.LoginJira() w C:\CP\ParserGit\JiraParser\GUI\MainForm.cs:wiersz 4475

--- Main exception: Source ---
Atlassian.Jira

wtorek, 2 kwietnia 2019 12:55:13

Zgłoszenie KKK-4156 dodano automatycznie o godzinie 2019-04-02 12:55:13!
wtorek, 2 kwietnia 2019 12:55:13

Modyfikacja treeItem checkAsAssignewtorek, 2 kwietnia 2019 12:55:18

addCommentJira string jiraKey KKK-4156wtorek, 2 kwietnia 2019 12:55:18

addCommentJira object sender, DoWorkEventArgs e KKK-4156wtorek, 2 kwietnia 2019 13:07:08

Zgłoszenie ZCC-18467 dodano automatycznie o godzinie 2019-04-02 13:07:08!
wtorek, 2 kwietnia 2019 13:07:08

Modyfikacja treeItem checkAsAssignewtorek, 2 kwietnia 2019 13:07:20

addCommentJira string jiraKey ZCC-18467wtorek, 2 kwietnia 2019 13:07:20

addCommentJira object sender, DoWorkEventArgs e ZCC-18467wtorek, 2 kwietnia 2019 13:49:03

Zgłoszenie CRM-75638 dodano automatycznie o godzinie 2019-04-02 13:49:03!
wtorek, 2 kwietnia 2019 13:49:03

Modyfikacja treeItem checkAsAssignewtorek, 2 kwietnia 2019 13:49:20

addCommentJira string jiraKey CRM-75638wtorek, 2 kwietnia 2019 13:49:20

addCommentJira object sender, DoWorkEventArgs e CRM-75638wtorek, 2 kwietnia 2019 14:49:16

Zgłoszenie ZCC-18470 dodano automatycznie o godzinie 2019-04-02 14:49:16!
wtorek, 2 kwietnia 2019 14:49:17

Modyfikacja treeItem checkAsAssignewtorek, 2 kwietnia 2019 14:49:23

addCommentJira string jiraKey ZCC-18470wtorek, 2 kwietnia 2019 14:49:23

addCommentJira object sender, DoWorkEventArgs e ZCC-18470wtorek, 2 kwietnia 2019 15:06:59

Zgłoszenie KKK-4157 dodano automatycznie o godzinie 2019-04-02 15:06:59!
wtorek, 2 kwietnia 2019 15:07:00

Modyfikacja treeItem checkAsAssignewtorek, 2 kwietnia 2019 15:07:10

addCommentJira string jiraKey KKK-4157wtorek, 2 kwietnia 2019 15:07:10

addCommentJira object sender, DoWorkEventArgs e KKK-4157wtorek, 2 kwietnia 2019 15:43:26

Zgłoszenie ZCC-18473 dodano automatycznie o godzinie 2019-04-02 15:43:26!
wtorek, 2 kwietnia 2019 15:43:26

Modyfikacja treeItem checkAsAssignewtorek, 2 kwietnia 2019 15:43:29

addCommentJira string jiraKey ZCC-18473wtorek, 2 kwietnia 2019 15:43:29

addCommentJira object sender, DoWorkEventArgs e ZCC-18473wtorek, 2 kwietnia 2019 15:49:12

Zgłoszenie INFOLINIA-6626 dodano automatycznie o godzinie 2019-04-02 15:49:12!
wtorek, 2 kwietnia 2019 15:49:13

Modyfikacja treeItem checkAsAssignewtorek, 2 kwietnia 2019 15:49:24

addCommentJira string jiraKey INFOLINIA-6626wtorek, 2 kwietnia 2019 15:49:24

addCommentJira object sender, DoWorkEventArgs e INFOLINIA-6626