wtorek, 6 sierpnia 2019 07:40:39

Modyfikacja treeItem checkAsAssignewtorek, 6 sierpnia 2019 07:40:45

addCommentJira string jiraKey INFOLINIA-6806wtorek, 6 sierpnia 2019 07:40:45

addCommentJira object sender, DoWorkEventArgs e INFOLINIA-6806wtorek, 6 sierpnia 2019 07:40:57

Modyfikacja treeItem checkAsAssignewtorek, 6 sierpnia 2019 07:40:59

addCommentJira string jiraKey INFOLINIA-6807wtorek, 6 sierpnia 2019 07:40:59

addCommentJira object sender, DoWorkEventArgs e INFOLINIA-6807wtorek, 6 sierpnia 2019 07:41:02

Modyfikacja treeItem checkAsAssignewtorek, 6 sierpnia 2019 07:41:04

addCommentJira string jiraKey ZCC-19205wtorek, 6 sierpnia 2019 07:41:04

addCommentJira object sender, DoWorkEventArgs e ZCC-19205wtorek, 6 sierpnia 2019 07:41:06

Modyfikacja treeItem checkAsAssignewtorek, 6 sierpnia 2019 07:41:08

addCommentJira string jiraKey ZCC-19206wtorek, 6 sierpnia 2019 07:41:08

addCommentJira object sender, DoWorkEventArgs e ZCC-19206wtorek, 6 sierpnia 2019 07:41:11

Modyfikacja treeItem checkAsAssignewtorek, 6 sierpnia 2019 07:41:13

addCommentJira string jiraKey CRM-76507wtorek, 6 sierpnia 2019 07:41:13

addCommentJira object sender, DoWorkEventArgs e CRM-76507wtorek, 6 sierpnia 2019 07:41:14

Modyfikacja treeItem checkAsAssignewtorek, 6 sierpnia 2019 07:41:16

addCommentJira string jiraKey KKK-4402wtorek, 6 sierpnia 2019 07:41:16

addCommentJira object sender, DoWorkEventArgs e KKK-4402wtorek, 6 sierpnia 2019 07:41:18

Modyfikacja treeItem checkAsAssignewtorek, 6 sierpnia 2019 07:41:20

addCommentJira string jiraKey ZCC-19207wtorek, 6 sierpnia 2019 07:41:20

addCommentJira object sender, DoWorkEventArgs e ZCC-19207wtorek, 6 sierpnia 2019 07:41:28

Automatyczny zapis nowego zgłoszenia Entities.BillingIssueDtoHelios [2019-08-06 07:41:28] 

wtorek, 6 sierpnia 2019 07:41:33

Automatyczny zapis poprawny Entities.BillingIssueDtoHelios [2019-08-06 07:41:33] 

wtorek, 6 sierpnia 2019 07:41:33

Modyfikacja treeItemwtorek, 6 sierpnia 2019 07:41:33

Status Auto: False 

wtorek, 6 sierpnia 2019 07:41:33

Automatyczny zapis nowego zgłoszenia Entities.BillingIssueDtoHelios [2019-08-06 07:41:33] 

wtorek, 6 sierpnia 2019 07:41:35

Automatyczny zapis poprawny Entities.BillingIssueDtoHelios [2019-08-06 07:41:35] 

wtorek, 6 sierpnia 2019 07:41:35

Modyfikacja treeItemwtorek, 6 sierpnia 2019 07:41:35

Status Auto: False 

wtorek, 6 sierpnia 2019 07:41:35

Automatyczny zapis nowego zgłoszenia Entities.BillingIssueDtoHelios [2019-08-06 07:41:35] 

wtorek, 6 sierpnia 2019 07:41:38

Automatyczny zapis poprawny Entities.BillingIssueDtoHelios [2019-08-06 07:41:38] 

wtorek, 6 sierpnia 2019 07:41:38

Modyfikacja treeItemwtorek, 6 sierpnia 2019 07:41:38

Status Auto: False 

wtorek, 6 sierpnia 2019 07:41:38

Automatyczny zapis nowego zgłoszenia Entities.BillingIssueDtoHelios [2019-08-06 07:41:38] 

wtorek, 6 sierpnia 2019 07:41:40

Automatyczny zapis poprawny Entities.BillingIssueDtoHelios [2019-08-06 07:41:40] 

wtorek, 6 sierpnia 2019 07:41:40

Modyfikacja treeItemwtorek, 6 sierpnia 2019 07:41:40

Status Auto: False 

wtorek, 6 sierpnia 2019 07:41:52

addCommentJira string jiraKey ZCC-19206 NIE DODANO KOMENTARZA BO ISTNIEJE WPISwtorek, 6 sierpnia 2019 07:41:53

addCommentJira string jiraKey ZCC-19205 NIE DODANO KOMENTARZA BO ISTNIEJE WPISwtorek, 6 sierpnia 2019 07:41:54

addCommentJira string jiraKey INFOLINIA-6807 NIE DODANO KOMENTARZA BO ISTNIEJE WPISwtorek, 6 sierpnia 2019 07:41:55

addCommentJira string jiraKey INFOLINIA-6806 NIE DODANO KOMENTARZA BO ISTNIEJE WPISwtorek, 6 sierpnia 2019 07:42:34

Automatyczny zapis nowego zgłoszenia Entities.BillingIssueDtoHelios [2019-08-06 07:42:34] 

wtorek, 6 sierpnia 2019 07:42:37

Automatyczny zapis poprawny Entities.BillingIssueDtoHelios [2019-08-06 07:42:37] 

wtorek, 6 sierpnia 2019 07:42:37

Modyfikacja treeItemwtorek, 6 sierpnia 2019 07:42:37

Status Auto: False 

wtorek, 6 sierpnia 2019 07:42:37

Automatyczny zapis nowego zgłoszenia Entities.BillingIssueDtoHelios [2019-08-06 07:42:37] 

wtorek, 6 sierpnia 2019 07:42:39

Automatyczny zapis poprawny Entities.BillingIssueDtoHelios [2019-08-06 07:42:39] 

wtorek, 6 sierpnia 2019 07:42:39

Modyfikacja treeItemwtorek, 6 sierpnia 2019 07:42:39

Status Auto: False 

wtorek, 6 sierpnia 2019 07:42:39

Automatyczny zapis nowego zgłoszenia Entities.BillingIssueDtoHelios [2019-08-06 07:42:39] 

wtorek, 6 sierpnia 2019 07:42:42

Automatyczny zapis poprawny Entities.BillingIssueDtoHelios [2019-08-06 07:42:42] 

wtorek, 6 sierpnia 2019 07:42:42

Modyfikacja treeItemwtorek, 6 sierpnia 2019 07:42:42

Status Auto: False 

wtorek, 6 sierpnia 2019 07:43:05

addCommentJira string jiraKey ZCC-19207 NIE DODANO KOMENTARZA BO ISTNIEJE WPISwtorek, 6 sierpnia 2019 07:43:07

addCommentJira string jiraKey KKK-4402 NIE DODANO KOMENTARZA BO ISTNIEJE WPISwtorek, 6 sierpnia 2019 07:43:08

addCommentJira string jiraKey CRM-76507 NIE DODANO KOMENTARZA BO ISTNIEJE WPISwtorek, 6 sierpnia 2019 07:46:41

Modyfikacja treeItem checkAsAssignewtorek, 6 sierpnia 2019 07:46:47

addCommentJira string jiraKey ZCC-19208wtorek, 6 sierpnia 2019 07:46:47

addCommentJira object sender, DoWorkEventArgs e ZCC-19208wtorek, 6 sierpnia 2019 07:52:57

Modyfikacja treeItem checkAsAssignewtorek, 6 sierpnia 2019 07:53:02

--- Main exception: Message ---
issueMove[treeView4] nie zawiera IssueId=CRM-76507

--- Main exception: StackTrace ---
   w GUI.MainForm.ModelerForm_sla_ActionFinish(String issueid, String eventName, TreeView tr) w C:\CP\ParserGit\JiraParser\GUI\MainForm.cs:wiersz 6745

--- Main exception: Source ---
GUI

wtorek, 6 sierpnia 2019 07:53:04

addCommentJira string jiraKey ZCC-19208 NIE DODANO KOMENTARZA BO ISTNIEJE WPISwtorek, 6 sierpnia 2019 07:53:04

addCommentJira object sender, DoWorkEventArgs e ZCC-19208wtorek, 6 sierpnia 2019 07:58:40

Modyfikacja treeItem checkAsAssignewtorek, 6 sierpnia 2019 07:59:08

addCommentJira string jiraKey ZCC-19208 NIE DODANO KOMENTARZA BO ISTNIEJE WPISwtorek, 6 sierpnia 2019 07:59:08

addCommentJira object sender, DoWorkEventArgs e ZCC-19208wtorek, 6 sierpnia 2019 07:59:20

--- Main exception: Message ---
issueMove[treeView4] nie zawiera IssueId=INFOLINIA-6807

--- Main exception: StackTrace ---
   w GUI.MainForm.ModelerForm_sla_ActionFinish(String issueid, String eventName, TreeView tr) w C:\CP\ParserGit\JiraParser\GUI\MainForm.cs:wiersz 6745

--- Main exception: Source ---
GUI

wtorek, 6 sierpnia 2019 08:00:25

Zgłoszenie ZCC-19208 dodano automatycznie o godzinie 2019-08-06 08:00:25!
wtorek, 6 sierpnia 2019 08:06:19

Modyfikacja treeItem checkAsAssignewtorek, 6 sierpnia 2019 08:06:19

--- Main exception: Message ---
Nie można uzyskać dostępu do usuniętego obiektu.
Nazwa obiektu: 'WFSform'.

--- Main exception: StackTrace ---
   w System.Windows.Forms.Control.CreateHandle()
   w System.Windows.Forms.Form.CreateHandle()
   w System.Windows.Forms.Control.get_Handle()
   w System.Windows.Forms.Application.ThreadContext.RunMessageLoopInner(Int32 reason, ApplicationContext context)
   w System.Windows.Forms.Application.ThreadContext.RunMessageLoop(Int32 reason, ApplicationContext context)
   w System.Windows.Forms.Form.ShowDialog(IWin32Window owner)
   w GUI.MainForm.UzupelnijDane(TreeView tr, Boolean auto) w C:\CP\ParserGit\JiraParser\GUI\MainForm.cs:wiersz 3877
   w GUI.MainForm.<newIssueAutoAddToBPMUzupelnijDane>b__233_0() w C:\CP\ParserGit\JiraParser\GUI\MainForm.cs:wiersz 7493

--- Main exception: Source ---
System.Windows.Forms

wtorek, 6 sierpnia 2019 08:06:21

addCommentJira string jiraKey ZCC-19208 NIE DODANO KOMENTARZA BO ISTNIEJE WPISwtorek, 6 sierpnia 2019 08:06:21

addCommentJira object sender, DoWorkEventArgs e ZCC-19208wtorek, 6 sierpnia 2019 08:06:28

Zgłoszenie ZCC-19209 dodano automatycznie o godzinie 2019-08-06 08:06:28!
wtorek, 6 sierpnia 2019 08:06:28

Modyfikacja treeItem checkAsAssignewtorek, 6 sierpnia 2019 08:06:34

addCommentJira string jiraKey ZCC-19209wtorek, 6 sierpnia 2019 08:06:34

addCommentJira object sender, DoWorkEventArgs e ZCC-19209wtorek, 6 sierpnia 2019 08:06:41

--- Main exception: Message ---
issueMove[treeView4] nie zawiera IssueId=ZCC-19204

--- Main exception: StackTrace ---
   w GUI.MainForm.ModelerForm_sla_ActionFinish(String issueid, String eventName, TreeView tr) w C:\CP\ParserGit\JiraParser\GUI\MainForm.cs:wiersz 6745

--- Main exception: Source ---
GUI

wtorek, 6 sierpnia 2019 08:06:48

--- Main exception: Message ---
issueMove[treeView4] nie zawiera IssueId=ZCC-19208

--- Main exception: StackTrace ---
   w GUI.MainForm.ModelerForm_sla_ActionFinish(String issueid, String eventName, TreeView tr) w C:\CP\ParserGit\JiraParser\GUI\MainForm.cs:wiersz 6745

--- Main exception: Source ---
GUI

wtorek, 6 sierpnia 2019 08:06:52

--- Main exception: Message ---
issueMove[treeView4] nie zawiera IssueId=KKK-4402

--- Main exception: StackTrace ---
   w GUI.MainForm.ModelerForm_sla_ActionFinish(String issueid, String eventName, TreeView tr) w C:\CP\ParserGit\JiraParser\GUI\MainForm.cs:wiersz 6745

--- Main exception: Source ---
GUI

wtorek, 6 sierpnia 2019 08:06:56

--- Main exception: Message ---
issueMove[treeView4] nie zawiera IssueId=ZCC-19205

--- Main exception: StackTrace ---
   w GUI.MainForm.ModelerForm_sla_ActionFinish(String issueid, String eventName, TreeView tr) w C:\CP\ParserGit\JiraParser\GUI\MainForm.cs:wiersz 6745

--- Main exception: Source ---
GUI

wtorek, 6 sierpnia 2019 08:07:00

--- Main exception: Message ---
issueMove[treeView4] nie zawiera IssueId=ZCC-19206

--- Main exception: StackTrace ---
   w GUI.MainForm.ModelerForm_sla_ActionFinish(String issueid, String eventName, TreeView tr) w C:\CP\ParserGit\JiraParser\GUI\MainForm.cs:wiersz 6745

--- Main exception: Source ---
GUI

wtorek, 6 sierpnia 2019 08:07:06

--- Main exception: Message ---
issueMove[treeView4] nie zawiera IssueId=ZCC-19207

--- Main exception: StackTrace ---
   w GUI.MainForm.ModelerForm_sla_ActionFinish(String issueid, String eventName, TreeView tr) w C:\CP\ParserGit\JiraParser\GUI\MainForm.cs:wiersz 6745

--- Main exception: Source ---
GUI

wtorek, 6 sierpnia 2019 08:23:35

--- Main exception: Message ---
Nie można rozpoznać nazwy zdalnej: 'jira'

--- Main exception: StackTrace ---
   w Atlassian.Jira.Remote.JiraRestClient.ExecuteRequest[T](Method method, String resource, Object requestBody) w c:\projects\atlassian-net-sdk\Atlassian.Jira\Remote\JiraRestClient.cs:wiersz 119
   w Atlassian.Jira.Remote.JiraRestClient.GetIssueTypes(String token, String projectId) w c:\projects\atlassian-net-sdk\Atlassian.Jira\Remote\JiraRestClient.cs:wiersz 822
   w Atlassian.Jira.Jira.<>c__DisplayClass16.<GetIssueTypes>b__12(String token) w c:\projects\atlassian-net-sdk\Atlassian.Jira\Jira.cs:wiersz 414
   w Atlassian.Jira.Jira.<>c__DisplayClass3c.<WithToken>b__3b(String t) w c:\projects\atlassian-net-sdk\Atlassian.Jira\Jira.cs:wiersz 658
   w Atlassian.Jira.Jira.WithToken[TResult](Func`3 function) w c:\projects\atlassian-net-sdk\Atlassian.Jira\Jira.cs:wiersz 706
   w Atlassian.Jira.Jira.GetIssueTypes(String projectKey) w c:\projects\atlassian-net-sdk\Atlassian.Jira\Jira.cs:wiersz 419
   w Logic.Implementation.JiraIssues.GetJiraIssuesTypes() w C:\CP\ParserGit\JiraParser\Logic\Implementation\JiraIssues.cs:wiersz 68
   w GUI.MainForm.<timer2_Tick>b__109_0() w C:\CP\ParserGit\JiraParser\GUI\MainForm.cs:wiersz 2729

--- Main exception: Source ---
Atlassian.Jira

wtorek, 6 sierpnia 2019 08:24:13

--- Main exception: Message ---
Nie można rozpoznać nazwy zdalnej: 'jira'

--- Main exception: StackTrace ---
   w Atlassian.Jira.Remote.JiraRestClient.ExecuteRequest[T](Method method, String resource, Object requestBody) w c:\projects\atlassian-net-sdk\Atlassian.Jira\Remote\JiraRestClient.cs:wiersz 119
   w Atlassian.Jira.Remote.JiraRestClient.GetPriorities(String token) w c:\projects\atlassian-net-sdk\Atlassian.Jira\Remote\JiraRestClient.cs:wiersz 785
   w Atlassian.Jira.Jira.<GetIssuePriorities>b__24(String token) w c:\projects\atlassian-net-sdk\Atlassian.Jira\Jira.cs:wiersz 478
   w Atlassian.Jira.Jira.<>c__DisplayClass3c.<WithToken>b__3b(String t) w c:\projects\atlassian-net-sdk\Atlassian.Jira\Jira.cs:wiersz 658
   w Atlassian.Jira.Jira.WithToken[TResult](Func`3 function) w c:\projects\atlassian-net-sdk\Atlassian.Jira\Jira.cs:wiersz 706
   w Atlassian.Jira.Jira.GetIssuePriorities() w c:\projects\atlassian-net-sdk\Atlassian.Jira\Jira.cs:wiersz 482
   w GUI.MainForm.LoginJira() w C:\CP\ParserGit\JiraParser\GUI\MainForm.cs:wiersz 4479

--- Main exception: Source ---
Atlassian.Jira

wtorek, 6 sierpnia 2019 08:27:06

Odwołanie do obiektu nie zostało ustawione na wystąpienie obiektu.

wtorek, 6 sierpnia 2019 08:28:26

--- Main exception: Message ---
Nie można rozpoznać nazwy zdalnej: 'jira'

--- Main exception: StackTrace ---
   w Atlassian.Jira.Remote.JiraRestClient.ExecuteRequest[T](Method method, String resource, Object requestBody) w c:\projects\atlassian-net-sdk\Atlassian.Jira\Remote\JiraRestClient.cs:wiersz 119
   w Atlassian.Jira.Remote.JiraRestClient.GetIssueTypes(String token, String projectId) w c:\projects\atlassian-net-sdk\Atlassian.Jira\Remote\JiraRestClient.cs:wiersz 822
   w Atlassian.Jira.Jira.<>c__DisplayClass16.<GetIssueTypes>b__12(String token) w c:\projects\atlassian-net-sdk\Atlassian.Jira\Jira.cs:wiersz 414
   w Atlassian.Jira.Jira.<>c__DisplayClass3c.<WithToken>b__3b(String t) w c:\projects\atlassian-net-sdk\Atlassian.Jira\Jira.cs:wiersz 658
   w Atlassian.Jira.Jira.WithToken[TResult](Func`3 function) w c:\projects\atlassian-net-sdk\Atlassian.Jira\Jira.cs:wiersz 706
   w Atlassian.Jira.Jira.GetIssueTypes(String projectKey) w c:\projects\atlassian-net-sdk\Atlassian.Jira\Jira.cs:wiersz 419
   w Logic.Implementation.JiraIssues.GetJiraIssuesTypes() w C:\CP\ParserGit\JiraParser\Logic\Implementation\JiraIssues.cs:wiersz 68
   w GUI.MainForm.<timer2_Tick>b__109_0() w C:\CP\ParserGit\JiraParser\GUI\MainForm.cs:wiersz 2729

--- Main exception: Source ---
Atlassian.Jira

wtorek, 6 sierpnia 2019 08:33:26

--- Main exception: Message ---
Nie można rozpoznać nazwy zdalnej: 'jira'

--- Main exception: StackTrace ---
   w Atlassian.Jira.Remote.JiraRestClient.ExecuteRequest[T](Method method, String resource, Object requestBody) w c:\projects\atlassian-net-sdk\Atlassian.Jira\Remote\JiraRestClient.cs:wiersz 119
   w Atlassian.Jira.Remote.JiraRestClient.GetIssueTypes(String token, String projectId) w c:\projects\atlassian-net-sdk\Atlassian.Jira\Remote\JiraRestClient.cs:wiersz 822
   w Atlassian.Jira.Jira.<>c__DisplayClass16.<GetIssueTypes>b__12(String token) w c:\projects\atlassian-net-sdk\Atlassian.Jira\Jira.cs:wiersz 414
   w Atlassian.Jira.Jira.<>c__DisplayClass3c.<WithToken>b__3b(String t) w c:\projects\atlassian-net-sdk\Atlassian.Jira\Jira.cs:wiersz 658
   w Atlassian.Jira.Jira.WithToken[TResult](Func`3 function) w c:\projects\atlassian-net-sdk\Atlassian.Jira\Jira.cs:wiersz 706
   w Atlassian.Jira.Jira.GetIssueTypes(String projectKey) w c:\projects\atlassian-net-sdk\Atlassian.Jira\Jira.cs:wiersz 419
   w Logic.Implementation.JiraIssues.GetJiraIssuesTypes() w C:\CP\ParserGit\JiraParser\Logic\Implementation\JiraIssues.cs:wiersz 68
   w GUI.MainForm.<timer2_Tick>b__109_0() w C:\CP\ParserGit\JiraParser\GUI\MainForm.cs:wiersz 2729

--- Main exception: Source ---
Atlassian.Jira

wtorek, 6 sierpnia 2019 08:38:26

--- Main exception: Message ---
Nie można rozpoznać nazwy zdalnej: 'jira'

--- Main exception: StackTrace ---
   w Atlassian.Jira.Remote.JiraRestClient.ExecuteRequest[T](Method method, String resource, Object requestBody) w c:\projects\atlassian-net-sdk\Atlassian.Jira\Remote\JiraRestClient.cs:wiersz 119
   w Atlassian.Jira.Remote.JiraRestClient.GetIssueTypes(String token, String projectId) w c:\projects\atlassian-net-sdk\Atlassian.Jira\Remote\JiraRestClient.cs:wiersz 822
   w Atlassian.Jira.Jira.<>c__DisplayClass16.<GetIssueTypes>b__12(String token) w c:\projects\atlassian-net-sdk\Atlassian.Jira\Jira.cs:wiersz 414
   w Atlassian.Jira.Jira.<>c__DisplayClass3c.<WithToken>b__3b(String t) w c:\projects\atlassian-net-sdk\Atlassian.Jira\Jira.cs:wiersz 658
   w Atlassian.Jira.Jira.WithToken[TResult](Func`3 function) w c:\projects\atlassian-net-sdk\Atlassian.Jira\Jira.cs:wiersz 706
   w Atlassian.Jira.Jira.GetIssueTypes(String projectKey) w c:\projects\atlassian-net-sdk\Atlassian.Jira\Jira.cs:wiersz 419
   w Logic.Implementation.JiraIssues.GetJiraIssuesTypes() w C:\CP\ParserGit\JiraParser\Logic\Implementation\JiraIssues.cs:wiersz 68
   w GUI.MainForm.<timer2_Tick>b__109_0() w C:\CP\ParserGit\JiraParser\GUI\MainForm.cs:wiersz 2729

--- Main exception: Source ---
Atlassian.Jira

wtorek, 6 sierpnia 2019 08:43:26

--- Main exception: Message ---
Nie można rozpoznać nazwy zdalnej: 'jira'

--- Main exception: StackTrace ---
   w Atlassian.Jira.Remote.JiraRestClient.ExecuteRequest[T](Method method, String resource, Object requestBody) w c:\projects\atlassian-net-sdk\Atlassian.Jira\Remote\JiraRestClient.cs:wiersz 119
   w Atlassian.Jira.Remote.JiraRestClient.GetIssueTypes(String token, String projectId) w c:\projects\atlassian-net-sdk\Atlassian.Jira\Remote\JiraRestClient.cs:wiersz 822
   w Atlassian.Jira.Jira.<>c__DisplayClass16.<GetIssueTypes>b__12(String token) w c:\projects\atlassian-net-sdk\Atlassian.Jira\Jira.cs:wiersz 414
   w Atlassian.Jira.Jira.<>c__DisplayClass3c.<WithToken>b__3b(String t) w c:\projects\atlassian-net-sdk\Atlassian.Jira\Jira.cs:wiersz 658
   w Atlassian.Jira.Jira.WithToken[TResult](Func`3 function) w c:\projects\atlassian-net-sdk\Atlassian.Jira\Jira.cs:wiersz 706
   w Atlassian.Jira.Jira.GetIssueTypes(String projectKey) w c:\projects\atlassian-net-sdk\Atlassian.Jira\Jira.cs:wiersz 419
   w Logic.Implementation.JiraIssues.GetJiraIssuesTypes() w C:\CP\ParserGit\JiraParser\Logic\Implementation\JiraIssues.cs:wiersz 68
   w GUI.MainForm.<timer2_Tick>b__109_0() w C:\CP\ParserGit\JiraParser\GUI\MainForm.cs:wiersz 2729

--- Main exception: Source ---
Atlassian.Jira

wtorek, 6 sierpnia 2019 08:48:26

--- Main exception: Message ---
Nie można rozpoznać nazwy zdalnej: 'jira'

--- Main exception: StackTrace ---
   w Atlassian.Jira.Remote.JiraRestClient.ExecuteRequest[T](Method method, String resource, Object requestBody) w c:\projects\atlassian-net-sdk\Atlassian.Jira\Remote\JiraRestClient.cs:wiersz 119
   w Atlassian.Jira.Remote.JiraRestClient.GetIssueTypes(String token, String projectId) w c:\projects\atlassian-net-sdk\Atlassian.Jira\Remote\JiraRestClient.cs:wiersz 822
   w Atlassian.Jira.Jira.<>c__DisplayClass16.<GetIssueTypes>b__12(String token) w c:\projects\atlassian-net-sdk\Atlassian.Jira\Jira.cs:wiersz 414
   w Atlassian.Jira.Jira.<>c__DisplayClass3c.<WithToken>b__3b(String t) w c:\projects\atlassian-net-sdk\Atlassian.Jira\Jira.cs:wiersz 658
   w Atlassian.Jira.Jira.WithToken[TResult](Func`3 function) w c:\projects\atlassian-net-sdk\Atlassian.Jira\Jira.cs:wiersz 706
   w Atlassian.Jira.Jira.GetIssueTypes(String projectKey) w c:\projects\atlassian-net-sdk\Atlassian.Jira\Jira.cs:wiersz 419
   w Logic.Implementation.JiraIssues.GetJiraIssuesTypes() w C:\CP\ParserGit\JiraParser\Logic\Implementation\JiraIssues.cs:wiersz 68
   w GUI.MainForm.<timer2_Tick>b__109_0() w C:\CP\ParserGit\JiraParser\GUI\MainForm.cs:wiersz 2729

--- Main exception: Source ---
Atlassian.Jira

wtorek, 6 sierpnia 2019 08:53:26

--- Main exception: Message ---
Nie można rozpoznać nazwy zdalnej: 'jira'

--- Main exception: StackTrace ---
   w Atlassian.Jira.Remote.JiraRestClient.ExecuteRequest[T](Method method, String resource, Object requestBody) w c:\projects\atlassian-net-sdk\Atlassian.Jira\Remote\JiraRestClient.cs:wiersz 119
   w Atlassian.Jira.Remote.JiraRestClient.GetIssueTypes(String token, String projectId) w c:\projects\atlassian-net-sdk\Atlassian.Jira\Remote\JiraRestClient.cs:wiersz 822
   w Atlassian.Jira.Jira.<>c__DisplayClass16.<GetIssueTypes>b__12(String token) w c:\projects\atlassian-net-sdk\Atlassian.Jira\Jira.cs:wiersz 414
   w Atlassian.Jira.Jira.<>c__DisplayClass3c.<WithToken>b__3b(String t) w c:\projects\atlassian-net-sdk\Atlassian.Jira\Jira.cs:wiersz 658
   w Atlassian.Jira.Jira.WithToken[TResult](Func`3 function) w c:\projects\atlassian-net-sdk\Atlassian.Jira\Jira.cs:wiersz 706
   w Atlassian.Jira.Jira.GetIssueTypes(String projectKey) w c:\projects\atlassian-net-sdk\Atlassian.Jira\Jira.cs:wiersz 419
   w Logic.Implementation.JiraIssues.GetJiraIssuesTypes() w C:\CP\ParserGit\JiraParser\Logic\Implementation\JiraIssues.cs:wiersz 68
   w GUI.MainForm.<timer2_Tick>b__109_0() w C:\CP\ParserGit\JiraParser\GUI\MainForm.cs:wiersz 2729

--- Main exception: Source ---
Atlassian.Jira

wtorek, 6 sierpnia 2019 08:58:26

--- Main exception: Message ---
Nie można rozpoznać nazwy zdalnej: 'jira'

--- Main exception: StackTrace ---
   w Atlassian.Jira.Remote.JiraRestClient.ExecuteRequest[T](Method method, String resource, Object requestBody) w c:\projects\atlassian-net-sdk\Atlassian.Jira\Remote\JiraRestClient.cs:wiersz 119
   w Atlassian.Jira.Remote.JiraRestClient.GetIssueTypes(String token, String projectId) w c:\projects\atlassian-net-sdk\Atlassian.Jira\Remote\JiraRestClient.cs:wiersz 822
   w Atlassian.Jira.Jira.<>c__DisplayClass16.<GetIssueTypes>b__12(String token) w c:\projects\atlassian-net-sdk\Atlassian.Jira\Jira.cs:wiersz 414
   w Atlassian.Jira.Jira.<>c__DisplayClass3c.<WithToken>b__3b(String t) w c:\projects\atlassian-net-sdk\Atlassian.Jira\Jira.cs:wiersz 658
   w Atlassian.Jira.Jira.WithToken[TResult](Func`3 function) w c:\projects\atlassian-net-sdk\Atlassian.Jira\Jira.cs:wiersz 706
   w Atlassian.Jira.Jira.GetIssueTypes(String projectKey) w c:\projects\atlassian-net-sdk\Atlassian.Jira\Jira.cs:wiersz 419
   w Logic.Implementation.JiraIssues.GetJiraIssuesTypes() w C:\CP\ParserGit\JiraParser\Logic\Implementation\JiraIssues.cs:wiersz 68
   w GUI.MainForm.<timer2_Tick>b__109_0() w C:\CP\ParserGit\JiraParser\GUI\MainForm.cs:wiersz 2729

--- Main exception: Source ---
Atlassian.Jira

wtorek, 6 sierpnia 2019 09:03:26

--- Main exception: Message ---
Nie można rozpoznać nazwy zdalnej: 'jira'

--- Main exception: StackTrace ---
   w Atlassian.Jira.Remote.JiraRestClient.ExecuteRequest[T](Method method, String resource, Object requestBody) w c:\projects\atlassian-net-sdk\Atlassian.Jira\Remote\JiraRestClient.cs:wiersz 119
   w Atlassian.Jira.Remote.JiraRestClient.GetIssueTypes(String token, String projectId) w c:\projects\atlassian-net-sdk\Atlassian.Jira\Remote\JiraRestClient.cs:wiersz 822
   w Atlassian.Jira.Jira.<>c__DisplayClass16.<GetIssueTypes>b__12(String token) w c:\projects\atlassian-net-sdk\Atlassian.Jira\Jira.cs:wiersz 414
   w Atlassian.Jira.Jira.<>c__DisplayClass3c.<WithToken>b__3b(String t) w c:\projects\atlassian-net-sdk\Atlassian.Jira\Jira.cs:wiersz 658
   w Atlassian.Jira.Jira.WithToken[TResult](Func`3 function) w c:\projects\atlassian-net-sdk\Atlassian.Jira\Jira.cs:wiersz 706
   w Atlassian.Jira.Jira.GetIssueTypes(String projectKey) w c:\projects\atlassian-net-sdk\Atlassian.Jira\Jira.cs:wiersz 419
   w Logic.Implementation.JiraIssues.GetJiraIssuesTypes() w C:\CP\ParserGit\JiraParser\Logic\Implementation\JiraIssues.cs:wiersz 68
   w GUI.MainForm.<timer2_Tick>b__109_0() w C:\CP\ParserGit\JiraParser\GUI\MainForm.cs:wiersz 2729

--- Main exception: Source ---
Atlassian.Jira

wtorek, 6 sierpnia 2019 14:05:22

Zgłoszenie INFOLINIA-6810 dodano automatycznie o godzinie 2019-08-06 14:05:22!
wtorek, 6 sierpnia 2019 14:05:23

Modyfikacja treeItem checkAsAssignewtorek, 6 sierpnia 2019 14:10:32

--- Main exception: Message ---
Nie można odczytać danych z połączenia transportowego: Istniejące połączenie zostało gwałtownie zamknięte przez zdalnego hosta.

--- Main exception: StackTrace ---
   w System.Windows.Forms.Control.MarshaledInvoke(Control caller, Delegate method, Object[] args, Boolean synchronous)
   w System.Windows.Forms.Control.Invoke(Delegate method, Object[] args)
   w GUI.MainForm.slaReportLoad(Object sender, DoWorkEventArgs e)

--- Main exception: Source ---
System.Windows.Forms

wtorek, 6 sierpnia 2019 14:10:34

--- Main exception: Message ---
Serwer zdalny zwrócił nieoczekiwaną odpowiedź: (413) Request Entity Too Large.

--- Inner exception 1: Message ---
Serwer zdalny zwrócił błąd: (413) Request Entity Too Large.

--- Inner exception 1: StackTrace ---
   w System.Net.HttpWebRequest.EndGetResponse(IAsyncResult asyncResult)
   w System.ServiceModel.Channels.HttpChannelFactory`1.HttpRequestChannel.HttpChannelAsyncRequest.CompleteGetResponse(IAsyncResult result)

--- Inner exception 1: Source ---
System

--- Main exception: StackTrace ---

Server stack trace: 
   w System.ServiceModel.Channels.CommunicationObject.ThrowPending()
   w System.ServiceModel.Channels.CommunicationObject.ThrowIfDisposedOrNotOpen()
   w System.ServiceModel.Channels.RequestChannel.Request(Message message, TimeSpan timeout)
   w System.ServiceModel.Dispatcher.RequestChannelBinder.Request(Message message, TimeSpan timeout)
   w System.ServiceModel.Channels.ServiceChannel.Call(String action, Boolean oneway, ProxyOperationRuntime operation, Object[] ins, Object[] outs, TimeSpan timeout)
   w System.ServiceModel.Channels.ServiceChannelProxy.InvokeService(IMethodCallMessage methodCall, ProxyOperationRuntime operation)
   w System.ServiceModel.Channels.ServiceChannelProxy.Invoke(IMessage message)

Exception rethrown at [0]: 
   w System.Runtime.Remoting.Proxies.RealProxy.HandleReturnMessage(IMessage reqMsg, IMessage retMsg)
   w System.Runtime.Remoting.Proxies.RealProxy.PrivateInvoke(MessageData& msgData, Int32 type)
   w DataLayer.HPDataService.IDataService4HP.GetActionForIssue(User user, Int32 issueId, Int32 userId)
   w DataLayer.Implementation.GatewayDaoWFS.GetActionForIssue(Int32 issueId, Int32 userId) w C:\CP\ParserGit\JiraParser\DataLayer\Implementation\GatewayDaoWFS.cs:wiersz 86
   w LogicLayer.Implementation.ParserEngineWFS.GetActionForIssue(Int32 issueId, Int32 userId) w C:\CP\ParserGit\JiraParser\Logic\Implementation\ParserEngineWFS.cs:wiersz 209
   w GUI.MainForm.GetActionForIssue(Int32 WFSIssueId)

--- Main exception: Source ---
mscorlib

wtorek, 6 sierpnia 2019 14:21:19

Zgłoszenie CRM-76516 dodano automatycznie o godzinie 2019-08-06 14:21:19!
wtorek, 6 sierpnia 2019 14:21:19

Modyfikacja treeItem checkAsAssignewtorek, 6 sierpnia 2019 14:21:25

addCommentJira string jiraKey CRM-76516wtorek, 6 sierpnia 2019 14:21:25

addCommentJira object sender, DoWorkEventArgs e CRM-76516wtorek, 6 sierpnia 2019 14:33:09

Zgłoszenie CRM-76517 dodano automatycznie o godzinie 2019-08-06 14:33:09!
wtorek, 6 sierpnia 2019 14:33:09

Modyfikacja treeItem checkAsAssignewtorek, 6 sierpnia 2019 14:33:15

addCommentJira string jiraKey CRM-76517wtorek, 6 sierpnia 2019 14:33:15

addCommentJira object sender, DoWorkEventArgs e CRM-76517wtorek, 6 sierpnia 2019 14:39:21

--- Main exception: Message ---
issueMove[treeView4] nie zawiera IssueId=CRM-76517

--- Main exception: StackTrace ---
   w GUI.MainForm.ModelerForm_sla_ActionFinish(String issueid, String eventName, TreeView tr) w C:\CP\ParserGit\JiraParser\GUI\MainForm.cs:wiersz 6745

--- Main exception: Source ---
GUI

wtorek, 6 sierpnia 2019 14:57:18

--- Main exception: Message ---
Bieżący wątek musi być ustawiony na tryb jednowątkowego apartamentu, aby można było wykonywać wywołania OLE. Upewnij się, że w funkcji Main jest zaznaczony element STAThreadAttribute.

--- Main exception: StackTrace ---
   w System.Windows.Forms.ComboBox.set_AutoCompleteMode(AutoCompleteMode value)
   w GUI.WFSModelerForm.AddComboBox(EventParamModeler ep, GroupBox group) w C:\CP\ParserGit\JiraParser\GUI\WFSModelerForm.cs:wiersz 572
   w GUI.WFSModelerForm.GenerateForm(GroupBox group, Int32 ParamGroupId) w C:\CP\ParserGit\JiraParser\GUI\WFSModelerForm.cs:wiersz 473
   w GUI.WFSModelerForm.GenerateForm(GroupBox group, Int32 ParamGroupId) w C:\CP\ParserGit\JiraParser\GUI\WFSModelerForm.cs:wiersz 480
   w GUI.WFSModelerForm.GenerateForm(GroupBox group, Int32 ParamGroupId) w C:\CP\ParserGit\JiraParser\GUI\WFSModelerForm.cs:wiersz 480
   w GUI.WFSModelerForm..ctor(List`1 list, String name, BillingIssueDto issue, IParserEngineWFS gujaczWFS, Int32 eventMoveId, calbackDelegate callback, TreeView tr, Boolean quickStep, Object selectOption) w C:\CP\ParserGit\JiraParser\GUI\WFSModelerForm.cs:wiersz 308

--- Main exception: Source ---
System.Windows.Forms

