wtorek, 28 maja 2019 07:33:40

Modyfikacja treeItem checkAsAssignewtorek, 28 maja 2019 07:33:47

addCommentJira string jiraKey INFOLINIA-6707wtorek, 28 maja 2019 07:33:47

addCommentJira object sender, DoWorkEventArgs e INFOLINIA-6707wtorek, 28 maja 2019 07:34:33

Dany klucz nie był obecny w słowniku.wtorek, 28 maja 2019 07:39:08

Modyfikacja treeItem checkAsAssignewtorek, 28 maja 2019 07:39:11

addCommentJira string jiraKey INFOLINIA-6708wtorek, 28 maja 2019 07:39:11

addCommentJira object sender, DoWorkEventArgs e INFOLINIA-6708wtorek, 28 maja 2019 07:39:11

Modyfikacja treeItem checkAsAssignewtorek, 28 maja 2019 07:39:15

addCommentJira string jiraKey KKK-4270wtorek, 28 maja 2019 07:39:15

addCommentJira object sender, DoWorkEventArgs e KKK-4270wtorek, 28 maja 2019 07:39:15

Modyfikacja treeItem checkAsAssignewtorek, 28 maja 2019 07:39:18

addCommentJira string jiraKey KKK-4271wtorek, 28 maja 2019 07:39:18

addCommentJira object sender, DoWorkEventArgs e KKK-4271wtorek, 28 maja 2019 07:39:19

Modyfikacja treeItem checkAsAssignewtorek, 28 maja 2019 07:39:22

addCommentJira string jiraKey ZCC-18825wtorek, 28 maja 2019 07:39:22

addCommentJira object sender, DoWorkEventArgs e ZCC-18825wtorek, 28 maja 2019 07:39:23

--- Main exception: Message ---
Wartość nie może być zerowa.
Nazwa parametru: key

--- Main exception: StackTrace ---
   w System.ThrowHelper.ThrowArgumentNullException(ExceptionArgument argument)
   w System.Collections.Generic.Dictionary`2.Remove(TKey key)
   w GUI.MainForm.ReturnIssue(BillingIssueDtoHelios zgloszenie, TreeView tr, Boolean newIssue) w C:\CP\ParserGit\JiraParser\GUI\MainForm.cs:wiersz 5394
   w GUI.WFSform.addButton_Click(Object sender, EventArgs e) w C:\CP\ParserGit\JiraParser\GUI\WFSform.cs:wiersz 584
   w System.Windows.Forms.Control.OnClick(EventArgs e)
   w System.Windows.Forms.Button.OnClick(EventArgs e)
   w System.Windows.Forms.Button.OnMouseUp(MouseEventArgs mevent)
   w System.Windows.Forms.Control.WmMouseUp(Message& m, MouseButtons button, Int32 clicks)
   w System.Windows.Forms.Control.WndProc(Message& m)
   w System.Windows.Forms.ButtonBase.WndProc(Message& m)
   w System.Windows.Forms.Button.WndProc(Message& m)
   w System.Windows.Forms.NativeWindow.DebuggableCallback(IntPtr hWnd, Int32 msg, IntPtr wparam, IntPtr lparam)
   w System.Windows.Forms.UnsafeNativeMethods.DispatchMessageW(MSG& msg)
   w System.Windows.Forms.Application.ComponentManager.System.Windows.Forms.UnsafeNativeMethods.IMsoComponentManager.FPushMessageLoop(IntPtr dwComponentID, Int32 reason, Int32 pvLoopData)
   w System.Windows.Forms.Application.ThreadContext.RunMessageLoopInner(Int32 reason, ApplicationContext context)
   w System.Windows.Forms.Application.ThreadContext.RunMessageLoop(Int32 reason, ApplicationContext context)
   w System.Windows.Forms.Form.ShowDialog(IWin32Window owner)
   w GUI.MainForm.UzupelnijDane(TreeView tr, Boolean auto) w C:\CP\ParserGit\JiraParser\GUI\MainForm.cs:wiersz 3877
   w GUI.MainForm.<newIssueAutoAddToBPMUzupelnijDane>b__230_0() w C:\CP\ParserGit\JiraParser\GUI\MainForm.cs:wiersz 7437

--- Main exception: Source ---
mscorlib

wtorek, 28 maja 2019 07:39:41

Modyfikacja treeItem checkAsAssignewtorek, 28 maja 2019 07:39:46

addCommentJira string jiraKey INFOLINIA-6707 NIE DODANO KOMENTARZA BO ISTNIEJE WPISwtorek, 28 maja 2019 07:39:46

addCommentJira object sender, DoWorkEventArgs e INFOLINIA-6707wtorek, 28 maja 2019 07:45:14

Modyfikacja treeItem checkAsAssignewtorek, 28 maja 2019 07:45:16

addCommentJira string jiraKey INFOLINIA-6708 NIE DODANO KOMENTARZA BO ISTNIEJE WPISwtorek, 28 maja 2019 07:45:16

addCommentJira object sender, DoWorkEventArgs e INFOLINIA-6708wtorek, 28 maja 2019 07:45:19

Modyfikacja treeItem checkAsAssignewtorek, 28 maja 2019 07:45:21

addCommentJira string jiraKey KKK-4270 NIE DODANO KOMENTARZA BO ISTNIEJE WPISwtorek, 28 maja 2019 07:45:21

addCommentJira object sender, DoWorkEventArgs e KKK-4270wtorek, 28 maja 2019 07:45:38

Modyfikacja treeItem checkAsAssignewtorek, 28 maja 2019 07:45:44

addCommentJira string jiraKey INFOLINIA-6707 NIE DODANO KOMENTARZA BO ISTNIEJE WPISwtorek, 28 maja 2019 07:45:44

addCommentJira object sender, DoWorkEventArgs e INFOLINIA-6707wtorek, 28 maja 2019 07:48:32

Modyfikacja treeItem checkAsAssignewtorek, 28 maja 2019 07:48:32

--- Main exception: Message ---
Sekwencja zawiera więcej niż jeden pasujący element.

--- Main exception: StackTrace ---
   w System.Linq.Enumerable.Single[TSource](IEnumerable`1 source, Func`2 predicate)
   w GUI.MainForm.checkAsAssigne(TreeView tr, KeyValuePair`2 tmp, IssueState destState) w C:\CP\ParserGit\JiraParser\GUI\MainForm.cs:wiersz 3671
   w GUI.MainForm.UzupelnijDane(TreeView tr, Boolean auto) w C:\CP\ParserGit\JiraParser\GUI\MainForm.cs:wiersz 3873
   w GUI.MainForm.<newIssueAutoAddToBPMUzupelnijDane>b__230_0() w C:\CP\ParserGit\JiraParser\GUI\MainForm.cs:wiersz 7436

--- Main exception: Source ---
System.Core

wtorek, 28 maja 2019 07:50:08

Automatyczny zapis nowego zgłoszenia Entities.BillingIssueDtoHelios [2019-05-28 07:50:08] 

wtorek, 28 maja 2019 07:50:12

Automatyczny zapis poprawny Entities.BillingIssueDtoHelios [2019-05-28 07:50:12] 

wtorek, 28 maja 2019 07:50:12

Modyfikacja treeItemwtorek, 28 maja 2019 07:50:12

Status Auto: False 

wtorek, 28 maja 2019 07:53:09

Automatyczny zapis nowego zgłoszenia Entities.BillingIssueDtoHelios [2019-05-28 07:53:09] 

wtorek, 28 maja 2019 07:53:09

Automatyczny zapis nowego zgłoszenia Entities.BillingIssueDtoHelios [2019-05-28 07:53:09] 

wtorek, 28 maja 2019 07:53:12

Automatyczny zapis poprawny Entities.BillingIssueDtoHelios [2019-05-28 07:53:12] 

wtorek, 28 maja 2019 07:53:12

Modyfikacja treeItemwtorek, 28 maja 2019 07:53:12

Status Auto: False 

wtorek, 28 maja 2019 07:53:15

Automatyczny zapis poprawny Entities.BillingIssueDtoHelios [2019-05-28 07:53:15] 

wtorek, 28 maja 2019 07:53:15

Modyfikacja treeItemwtorek, 28 maja 2019 07:53:15

Status Auto: False 

wtorek, 28 maja 2019 07:53:15

Automatyczny zapis nowego zgłoszenia Entities.BillingIssueDtoHelios [2019-05-28 07:53:15] 

wtorek, 28 maja 2019 07:53:17

Automatyczny zapis poprawny Entities.BillingIssueDtoHelios [2019-05-28 07:53:17] 

wtorek, 28 maja 2019 07:53:17

Modyfikacja treeItemwtorek, 28 maja 2019 07:53:17

Status Auto: False 

wtorek, 28 maja 2019 07:53:17

Automatyczny zapis nowego zgłoszenia Entities.BillingIssueDtoHelios [2019-05-28 07:53:17] 

wtorek, 28 maja 2019 07:53:19

Automatyczny zapis poprawny Entities.BillingIssueDtoHelios [2019-05-28 07:53:19] 

wtorek, 28 maja 2019 07:53:20

Modyfikacja treeItemwtorek, 28 maja 2019 07:53:20

Status Auto: False 

wtorek, 28 maja 2019 08:07:14

Zgłoszenie CRM-75949 dodano automatycznie o godzinie 2019-05-28 08:07:14!
wtorek, 28 maja 2019 08:07:15

Modyfikacja treeItem checkAsAssignewtorek, 28 maja 2019 08:07:21

addCommentJira string jiraKey CRM-75949wtorek, 28 maja 2019 08:07:21

addCommentJira object sender, DoWorkEventArgs e CRM-75949wtorek, 28 maja 2019 08:07:57

Dany klucz nie był obecny w słowniku.wtorek, 28 maja 2019 08:08:01

Dany klucz nie był obecny w słowniku.wtorek, 28 maja 2019 08:08:05

Dany klucz nie był obecny w słowniku.wtorek, 28 maja 2019 08:08:09

Dany klucz nie był obecny w słowniku.wtorek, 28 maja 2019 08:13:57

Dany klucz nie był obecny w słowniku.wtorek, 28 maja 2019 08:20:02

Dany klucz nie był obecny w słowniku.wtorek, 28 maja 2019 08:25:11

Zgłoszenie ZCC-18827 dodano automatycznie o godzinie 2019-05-28 08:25:11!
wtorek, 28 maja 2019 08:25:11

Modyfikacja treeItem checkAsAssignewtorek, 28 maja 2019 08:25:18

addCommentJira string jiraKey ZCC-18827wtorek, 28 maja 2019 08:25:18

addCommentJira object sender, DoWorkEventArgs e ZCC-18827wtorek, 28 maja 2019 08:32:04

Dany klucz nie był obecny w słowniku.wtorek, 28 maja 2019 08:32:13

Odwołanie do obiektu nie zostało ustawione na wystąpienie obiektu.

wtorek, 28 maja 2019 08:43:13

Zgłoszenie CRM-75951 dodano automatycznie o godzinie 2019-05-28 08:43:13!
wtorek, 28 maja 2019 08:43:13

Modyfikacja treeItem checkAsAssignewtorek, 28 maja 2019 08:43:19

addCommentJira string jiraKey CRM-75951wtorek, 28 maja 2019 08:43:19

addCommentJira object sender, DoWorkEventArgs e CRM-75951wtorek, 28 maja 2019 08:49:11

Zgłoszenie KKK-4273 dodano automatycznie o godzinie 2019-05-28 08:49:11!
wtorek, 28 maja 2019 08:49:11

Modyfikacja treeItem checkAsAssignewtorek, 28 maja 2019 08:49:17

addCommentJira string jiraKey KKK-4273wtorek, 28 maja 2019 08:49:17

addCommentJira object sender, DoWorkEventArgs e KKK-4273wtorek, 28 maja 2019 09:01:13

Zgłoszenie KKK-4274 dodano automatycznie o godzinie 2019-05-28 09:01:13!
wtorek, 28 maja 2019 09:01:13

Modyfikacja treeItem checkAsAssignewtorek, 28 maja 2019 09:01:20

addCommentJira string jiraKey KKK-4274wtorek, 28 maja 2019 09:01:20

addCommentJira object sender, DoWorkEventArgs e KKK-4274wtorek, 28 maja 2019 09:07:57

Dany klucz nie był obecny w słowniku.wtorek, 28 maja 2019 09:37:12

Zgłoszenie ZCC-18828 dodano automatycznie o godzinie 2019-05-28 09:37:12!
wtorek, 28 maja 2019 09:37:12

Modyfikacja treeItem checkAsAssignewtorek, 28 maja 2019 09:37:15

addCommentJira string jiraKey ZCC-18828wtorek, 28 maja 2019 09:37:15

addCommentJira object sender, DoWorkEventArgs e ZCC-18828wtorek, 28 maja 2019 09:49:47

--- Main exception: Message ---
Odwołanie do obiektu nie zostało ustawione na wystąpienie obiektu.

--- Main exception: StackTrace ---
   w GUI.MainForm.slaAutoStep(DataGridViewRow tmpRow, String issueNumber)

--- Main exception: Source ---
GUI

wtorek, 28 maja 2019 09:54:23

--- Main exception: Message ---
Odwołanie do obiektu nie zostało ustawione na wystąpienie obiektu.

--- Main exception: StackTrace ---
   w GUI.MainForm.slaAutoStep(DataGridViewRow tmpRow, String issueNumber) w C:\CP\ParserGit\JiraParser\GUI\SlaService.cs:wiersz 746

--- Main exception: Source ---
GUI

wtorek, 28 maja 2019 10:00:13

--- Main exception: Message ---
Odwołanie do obiektu nie zostało ustawione na wystąpienie obiektu.

--- Main exception: StackTrace ---
   w GUI.MainForm.slaAutoStep(DataGridViewRow tmpRow, String issueNumber) w C:\CP\ParserGit\JiraParser\GUI\SlaService.cs:wiersz 746

--- Main exception: Source ---
GUI

wtorek, 28 maja 2019 10:06:18

--- Main exception: Message ---
Odwołanie do obiektu nie zostało ustawione na wystąpienie obiektu.

--- Main exception: StackTrace ---
   w GUI.MainForm.slaAutoStep(DataGridViewRow tmpRow, String issueNumber) w C:\CP\ParserGit\JiraParser\GUI\SlaService.cs:wiersz 746

--- Main exception: Source ---
GUI

wtorek, 28 maja 2019 10:12:12

--- Main exception: Message ---
Odwołanie do obiektu nie zostało ustawione na wystąpienie obiektu.

--- Main exception: StackTrace ---
   w GUI.MainForm.slaAutoStep(DataGridViewRow tmpRow, String issueNumber) w C:\CP\ParserGit\JiraParser\GUI\SlaService.cs:wiersz 746

--- Main exception: Source ---
GUI

wtorek, 28 maja 2019 10:18:13

--- Main exception: Message ---
Odwołanie do obiektu nie zostało ustawione na wystąpienie obiektu.

--- Main exception: StackTrace ---
   w GUI.MainForm.slaAutoStep(DataGridViewRow tmpRow, String issueNumber) w C:\CP\ParserGit\JiraParser\GUI\SlaService.cs:wiersz 746

--- Main exception: Source ---
GUI

wtorek, 28 maja 2019 10:24:25

--- Main exception: Message ---
Odwołanie do obiektu nie zostało ustawione na wystąpienie obiektu.

--- Main exception: StackTrace ---
   w GUI.MainForm.slaAutoStep(DataGridViewRow tmpRow, String issueNumber) w C:\CP\ParserGit\JiraParser\GUI\SlaService.cs:wiersz 746

--- Main exception: Source ---
GUI

wtorek, 28 maja 2019 10:30:10

--- Main exception: Message ---
Odwołanie do obiektu nie zostało ustawione na wystąpienie obiektu.

--- Main exception: StackTrace ---
   w GUI.MainForm.slaAutoStep(DataGridViewRow tmpRow, String issueNumber) w C:\CP\ParserGit\JiraParser\GUI\SlaService.cs:wiersz 746

--- Main exception: Source ---
GUI

wtorek, 28 maja 2019 10:36:13

--- Main exception: Message ---
Odwołanie do obiektu nie zostało ustawione na wystąpienie obiektu.

--- Main exception: StackTrace ---
   w GUI.MainForm.slaAutoStep(DataGridViewRow tmpRow, String issueNumber) w C:\CP\ParserGit\JiraParser\GUI\SlaService.cs:wiersz 746

--- Main exception: Source ---
GUI

wtorek, 28 maja 2019 10:41:52

Zgłoszenie KKK-4276 dodano automatycznie o godzinie 2019-05-28 10:41:52!
wtorek, 28 maja 2019 10:41:53

Modyfikacja treeItem checkAsAssignewtorek, 28 maja 2019 10:41:56

addCommentJira string jiraKey KKK-4276wtorek, 28 maja 2019 10:41:56

addCommentJira object sender, DoWorkEventArgs e KKK-4276wtorek, 28 maja 2019 10:41:57

Zgłoszenie ZCC-18830 dodano automatycznie o godzinie 2019-05-28 10:41:57!
wtorek, 28 maja 2019 10:41:58

Modyfikacja treeItem checkAsAssignewtorek, 28 maja 2019 10:42:01

addCommentJira string jiraKey ZCC-18830wtorek, 28 maja 2019 10:42:01

addCommentJira object sender, DoWorkEventArgs e ZCC-18830wtorek, 28 maja 2019 10:42:25

--- Main exception: Message ---
Odwołanie do obiektu nie zostało ustawione na wystąpienie obiektu.

--- Main exception: StackTrace ---
   w GUI.MainForm.slaAutoStep(DataGridViewRow tmpRow, String issueNumber) w C:\CP\ParserGit\JiraParser\GUI\SlaService.cs:wiersz 746

--- Main exception: Source ---
GUI

wtorek, 28 maja 2019 10:47:52

Zgłoszenie CRM-75954 dodano automatycznie o godzinie 2019-05-28 10:47:52!
wtorek, 28 maja 2019 10:47:52

Modyfikacja treeItem checkAsAssignewtorek, 28 maja 2019 10:47:58

addCommentJira string jiraKey CRM-75954wtorek, 28 maja 2019 10:47:58

addCommentJira object sender, DoWorkEventArgs e CRM-75954wtorek, 28 maja 2019 10:48:13

--- Main exception: Message ---
Odwołanie do obiektu nie zostało ustawione na wystąpienie obiektu.

--- Main exception: StackTrace ---
   w GUI.MainForm.slaAutoStep(DataGridViewRow tmpRow, String issueNumber) w C:\CP\ParserGit\JiraParser\GUI\SlaService.cs:wiersz 746

--- Main exception: Source ---
GUI

wtorek, 28 maja 2019 10:53:52

Zgłoszenie CRM-75956 dodano automatycznie o godzinie 2019-05-28 10:53:52!
wtorek, 28 maja 2019 10:53:53

Modyfikacja treeItem checkAsAssignewtorek, 28 maja 2019 10:53:58

Zgłoszenie KKK-4277 dodano automatycznie o godzinie 2019-05-28 10:53:58!
wtorek, 28 maja 2019 10:53:58

Modyfikacja treeItem checkAsAssignewtorek, 28 maja 2019 10:53:59

addCommentJira string jiraKey CRM-75956wtorek, 28 maja 2019 10:53:59

addCommentJira object sender, DoWorkEventArgs e CRM-75956wtorek, 28 maja 2019 10:54:18

--- Main exception: Message ---
Odwołanie do obiektu nie zostało ustawione na wystąpienie obiektu.

--- Main exception: StackTrace ---
   w GUI.MainForm.slaAutoStep(DataGridViewRow tmpRow, String issueNumber) w C:\CP\ParserGit\JiraParser\GUI\SlaService.cs:wiersz 746

--- Main exception: Source ---
GUI

wtorek, 28 maja 2019 10:54:43

addCommentJira string jiraKey KKK-4277wtorek, 28 maja 2019 10:54:43

addCommentJira object sender, DoWorkEventArgs e KKK-4277wtorek, 28 maja 2019 10:54:44

Dany klucz nie był obecny w słowniku.wtorek, 28 maja 2019 10:54:49

Dany klucz nie był obecny w słowniku.wtorek, 28 maja 2019 10:59:52

Zgłoszenie CRM-75955 dodano automatycznie o godzinie 2019-05-28 10:59:52!
wtorek, 28 maja 2019 10:59:53

Modyfikacja treeItem checkAsAssignewtorek, 28 maja 2019 11:00:00

addCommentJira string jiraKey CRM-75955wtorek, 28 maja 2019 11:00:00

addCommentJira object sender, DoWorkEventArgs e CRM-75955wtorek, 28 maja 2019 11:00:12

--- Main exception: Message ---
Odwołanie do obiektu nie zostało ustawione na wystąpienie obiektu.

--- Main exception: StackTrace ---
   w GUI.MainForm.slaAutoStep(DataGridViewRow tmpRow, String issueNumber) w C:\CP\ParserGit\JiraParser\GUI\SlaService.cs:wiersz 746

--- Main exception: Source ---
GUI

wtorek, 28 maja 2019 11:00:24

Dany klucz nie był obecny w słowniku.wtorek, 28 maja 2019 11:00:31

Dany klucz nie był obecny w słowniku.wtorek, 28 maja 2019 11:06:22

--- Main exception: Message ---
Odwołanie do obiektu nie zostało ustawione na wystąpienie obiektu.

--- Main exception: StackTrace ---
   w GUI.MainForm.slaAutoStep(DataGridViewRow tmpRow, String issueNumber) w C:\CP\ParserGit\JiraParser\GUI\SlaService.cs:wiersz 746

--- Main exception: Source ---
GUI

wtorek, 28 maja 2019 11:11:53

Zgłoszenie CRM-75958 dodano automatycznie o godzinie 2019-05-28 11:11:53!
wtorek, 28 maja 2019 11:11:53

Modyfikacja treeItem checkAsAssignewtorek, 28 maja 2019 11:12:00

addCommentJira string jiraKey CRM-75958wtorek, 28 maja 2019 11:12:00

addCommentJira object sender, DoWorkEventArgs e CRM-75958wtorek, 28 maja 2019 11:17:41

Odwołanie do obiektu nie zostało ustawione na wystąpienie obiektu.

wtorek, 28 maja 2019 11:18:34

--- Main exception: Message ---
Odwołanie do obiektu nie zostało ustawione na wystąpienie obiektu.

--- Main exception: StackTrace ---
   w GUI.MainForm.slaAutoStep(DataGridViewRow tmpRow, String issueNumber) w C:\CP\ParserGit\JiraParser\GUI\SlaService.cs:wiersz 746

--- Main exception: Source ---
GUI

wtorek, 28 maja 2019 11:41:52

Zgłoszenie ZCC-18831 dodano automatycznie o godzinie 2019-05-28 11:41:52!
wtorek, 28 maja 2019 11:41:53

Modyfikacja treeItem checkAsAssignewtorek, 28 maja 2019 11:42:00

addCommentJira string jiraKey ZCC-18831wtorek, 28 maja 2019 11:42:00

addCommentJira object sender, DoWorkEventArgs e ZCC-18831wtorek, 28 maja 2019 11:59:52

Zgłoszenie KKK-4279 dodano automatycznie o godzinie 2019-05-28 11:59:52!
wtorek, 28 maja 2019 11:59:52

Modyfikacja treeItem checkAsAssignewtorek, 28 maja 2019 12:00:00

addCommentJira string jiraKey KKK-4279wtorek, 28 maja 2019 12:00:00

addCommentJira object sender, DoWorkEventArgs e KKK-4279wtorek, 28 maja 2019 12:00:18

Dany klucz nie był obecny w słowniku.wtorek, 28 maja 2019 12:23:55

Zgłoszenie CRM-75959 dodano automatycznie o godzinie 2019-05-28 12:23:55!
wtorek, 28 maja 2019 12:23:55

Modyfikacja treeItem checkAsAssignewtorek, 28 maja 2019 12:24:02

addCommentJira string jiraKey CRM-75959wtorek, 28 maja 2019 12:24:02

addCommentJira object sender, DoWorkEventArgs e CRM-75959wtorek, 28 maja 2019 12:24:52

Dany klucz nie był obecny w słowniku.wtorek, 28 maja 2019 12:24:57

Dany klucz nie był obecny w słowniku.wtorek, 28 maja 2019 12:25:00

Dany klucz nie był obecny w słowniku.wtorek, 28 maja 2019 12:36:57

Dany klucz nie był obecny w słowniku.wtorek, 28 maja 2019 12:37:01

Dany klucz nie był obecny w słowniku.wtorek, 28 maja 2019 12:47:55

Zgłoszenie KKK-4283 dodano automatycznie o godzinie 2019-05-28 12:47:55!
wtorek, 28 maja 2019 12:47:55

Modyfikacja treeItem checkAsAssignewtorek, 28 maja 2019 12:48:02

addCommentJira string jiraKey KKK-4283wtorek, 28 maja 2019 12:48:02

addCommentJira object sender, DoWorkEventArgs e KKK-4283wtorek, 28 maja 2019 12:53:52

Zgłoszenie KKK-4284 dodano automatycznie o godzinie 2019-05-28 12:53:52!
wtorek, 28 maja 2019 12:53:52

Modyfikacja treeItem checkAsAssignewtorek, 28 maja 2019 12:54:01

addCommentJira string jiraKey KKK-4284wtorek, 28 maja 2019 12:54:01

addCommentJira object sender, DoWorkEventArgs e KKK-4284wtorek, 28 maja 2019 13:11:52

Zgłoszenie ZCC-18832 dodano automatycznie o godzinie 2019-05-28 13:11:52!
wtorek, 28 maja 2019 13:11:52

Modyfikacja treeItem checkAsAssignewtorek, 28 maja 2019 13:11:59

Zgłoszenie KKK-4285 dodano automatycznie o godzinie 2019-05-28 13:11:59!
wtorek, 28 maja 2019 13:11:59

Modyfikacja treeItem checkAsAssignewtorek, 28 maja 2019 13:12:00

addCommentJira string jiraKey ZCC-18832wtorek, 28 maja 2019 13:12:00

addCommentJira object sender, DoWorkEventArgs e ZCC-18832wtorek, 28 maja 2019 13:12:56

addCommentJira string jiraKey KKK-4285wtorek, 28 maja 2019 13:12:56

addCommentJira object sender, DoWorkEventArgs e KKK-4285wtorek, 28 maja 2019 13:48:19

--- Main exception: Message ---
Odwołanie do obiektu nie zostało ustawione na wystąpienie obiektu.

--- Main exception: StackTrace ---
   w GUI.MainForm.slaAutoStep(DataGridViewRow tmpRow, String issueNumber) w C:\CP\ParserGit\JiraParser\GUI\SlaService.cs:wiersz 746

--- Main exception: Source ---
GUI

wtorek, 28 maja 2019 13:54:18

--- Main exception: Message ---
Odwołanie do obiektu nie zostało ustawione na wystąpienie obiektu.

--- Main exception: StackTrace ---
   w GUI.MainForm.slaAutoStep(DataGridViewRow tmpRow, String issueNumber) w C:\CP\ParserGit\JiraParser\GUI\SlaService.cs:wiersz 746

--- Main exception: Source ---
GUI

wtorek, 28 maja 2019 14:00:17

--- Main exception: Message ---
Odwołanie do obiektu nie zostało ustawione na wystąpienie obiektu.

--- Main exception: StackTrace ---
   w GUI.MainForm.slaAutoStep(DataGridViewRow tmpRow, String issueNumber) w C:\CP\ParserGit\JiraParser\GUI\SlaService.cs:wiersz 746

--- Main exception: Source ---
GUI

wtorek, 28 maja 2019 14:00:41

--- Main exception: Message ---
Odwołanie do obiektu nie zostało ustawione na wystąpienie obiektu.

--- Main exception: StackTrace ---
   w GUI.MainForm.slaAutoStep(DataGridViewRow tmpRow, String issueNumber) w C:\CP\ParserGit\JiraParser\GUI\SlaService.cs:wiersz 746

--- Main exception: Source ---
GUI

wtorek, 28 maja 2019 14:06:18

--- Main exception: Message ---
Odwołanie do obiektu nie zostało ustawione na wystąpienie obiektu.

--- Main exception: StackTrace ---
   w GUI.MainForm.slaAutoStep(DataGridViewRow tmpRow, String issueNumber) w C:\CP\ParserGit\JiraParser\GUI\SlaService.cs:wiersz 746

--- Main exception: Source ---
GUI

wtorek, 28 maja 2019 14:06:44

--- Main exception: Message ---
Odwołanie do obiektu nie zostało ustawione na wystąpienie obiektu.

--- Main exception: StackTrace ---
   w GUI.MainForm.slaAutoStep(DataGridViewRow tmpRow, String issueNumber) w C:\CP\ParserGit\JiraParser\GUI\SlaService.cs:wiersz 746

--- Main exception: Source ---
GUI

wtorek, 28 maja 2019 14:11:09

--- Main exception: Message ---
Zdalny punkt końcowy nie rozpoznaje już tej sekwencji. Jest to prawdopodobnie spowodowane przerwaniem działania w zdalnym punkcie końcowym. The value of wsrm:Identifier is not a known Sequence identifier. Wystąpił błąd uwierzytelnionej sesji.

--- Main exception: StackTrace ---

Server stack trace: 
   w System.ServiceModel.Channels.ReliableRequestSessionChannel.SyncRequest.WaitForReply(TimeSpan timeout)
   w System.ServiceModel.Channels.RequestChannel.Request(Message message, TimeSpan timeout)
   w System.ServiceModel.Dispatcher.RequestChannelBinder.Request(Message message, TimeSpan timeout)
   w System.ServiceModel.Channels.ServiceChannel.Call(String action, Boolean oneway, ProxyOperationRuntime operation, Object[] ins, Object[] outs, TimeSpan timeout)
   w System.ServiceModel.Channels.ServiceChannelProxy.InvokeService(IMethodCallMessage methodCall, ProxyOperationRuntime operation)
   w System.ServiceModel.Channels.ServiceChannelProxy.Invoke(IMessage message)

Exception rethrown at [0]: 
   w System.Runtime.Remoting.Proxies.RealProxy.HandleReturnMessage(IMessage reqMsg, IMessage retMsg)
   w System.Runtime.Remoting.Proxies.RealProxy.PrivateInvoke(MessageData& msgData, Int32 type)
   w DataLayer.HPDataService.IDataService4HP.ExecuteStoredProcedure(User user, String procedureName, String[] parameters, DatabaseName database)
   w DataLayer.Implementation.GatewayDaoWFS.ExecuteStoredProcedure(String procedureName, String[] parameters, DatabaseName database) w C:\CP\ParserGit\JiraParser\DataLayer\Implementation\GatewayDaoWFS.cs:wiersz 138

--- Main exception: Source ---
mscorlib

wtorek, 28 maja 2019 14:12:19

--- Main exception: Message ---
Odwołanie do obiektu nie zostało ustawione na wystąpienie obiektu.

--- Main exception: StackTrace ---
   w GUI.MainForm.slaAutoStep(DataGridViewRow tmpRow, String issueNumber) w C:\CP\ParserGit\JiraParser\GUI\SlaService.cs:wiersz 746

--- Main exception: Source ---
GUI

wtorek, 28 maja 2019 14:12:45

--- Main exception: Message ---
Odwołanie do obiektu nie zostało ustawione na wystąpienie obiektu.

--- Main exception: StackTrace ---
   w GUI.MainForm.slaAutoStep(DataGridViewRow tmpRow, String issueNumber) w C:\CP\ParserGit\JiraParser\GUI\SlaService.cs:wiersz 746

--- Main exception: Source ---
GUI

wtorek, 28 maja 2019 14:18:29

--- Main exception: Message ---
Odwołanie do obiektu nie zostało ustawione na wystąpienie obiektu.

--- Main exception: StackTrace ---
   w GUI.MainForm.slaAutoStep(DataGridViewRow tmpRow, String issueNumber) w C:\CP\ParserGit\JiraParser\GUI\SlaService.cs:wiersz 746

--- Main exception: Source ---
GUI

wtorek, 28 maja 2019 14:18:56

--- Main exception: Message ---
Odwołanie do obiektu nie zostało ustawione na wystąpienie obiektu.

--- Main exception: StackTrace ---
   w GUI.MainForm.slaAutoStep(DataGridViewRow tmpRow, String issueNumber) w C:\CP\ParserGit\JiraParser\GUI\SlaService.cs:wiersz 746

--- Main exception: Source ---
GUI

wtorek, 28 maja 2019 14:19:14

Dany klucz nie był obecny w słowniku.wtorek, 28 maja 2019 14:19:20

Dany klucz nie był obecny w słowniku.wtorek, 28 maja 2019 14:24:23

--- Main exception: Message ---
Odwołanie do obiektu nie zostało ustawione na wystąpienie obiektu.

--- Main exception: StackTrace ---
   w GUI.MainForm.slaAutoStep(DataGridViewRow tmpRow, String issueNumber) w C:\CP\ParserGit\JiraParser\GUI\SlaService.cs:wiersz 746

--- Main exception: Source ---
GUI

wtorek, 28 maja 2019 14:24:49

--- Main exception: Message ---
Odwołanie do obiektu nie zostało ustawione na wystąpienie obiektu.

--- Main exception: StackTrace ---
   w GUI.MainForm.slaAutoStep(DataGridViewRow tmpRow, String issueNumber) w C:\CP\ParserGit\JiraParser\GUI\SlaService.cs:wiersz 746

--- Main exception: Source ---
GUI

wtorek, 28 maja 2019 14:30:18

--- Main exception: Message ---
Odwołanie do obiektu nie zostało ustawione na wystąpienie obiektu.

--- Main exception: StackTrace ---
   w GUI.MainForm.slaAutoStep(DataGridViewRow tmpRow, String issueNumber) w C:\CP\ParserGit\JiraParser\GUI\SlaService.cs:wiersz 746

--- Main exception: Source ---
GUI

wtorek, 28 maja 2019 14:31:31

--- Main exception: Message ---
Odwołanie do obiektu nie zostało ustawione na wystąpienie obiektu.

--- Main exception: StackTrace ---
   w GUI.MainForm.slaAutoStep(DataGridViewRow tmpRow, String issueNumber) w C:\CP\ParserGit\JiraParser\GUI\SlaService.cs:wiersz 746

--- Main exception: Source ---
GUI

wtorek, 28 maja 2019 14:36:10

--- Main exception: Message ---
Odwołanie do obiektu nie zostało ustawione na wystąpienie obiektu.

--- Main exception: StackTrace ---
   w GUI.MainForm.slaAutoStep(DataGridViewRow tmpRow, String issueNumber) w C:\CP\ParserGit\JiraParser\GUI\SlaService.cs:wiersz 746

--- Main exception: Source ---
GUI

wtorek, 28 maja 2019 14:36:30

--- Main exception: Message ---
Odwołanie do obiektu nie zostało ustawione na wystąpienie obiektu.

--- Main exception: StackTrace ---
   w GUI.MainForm.slaAutoStep(DataGridViewRow tmpRow, String issueNumber) w C:\CP\ParserGit\JiraParser\GUI\SlaService.cs:wiersz 746

--- Main exception: Source ---
GUI

wtorek, 28 maja 2019 14:48:47

Dany klucz nie był obecny w słowniku.wtorek, 28 maja 2019 15:59:50

Zgłoszenie CRM-75963 dodano automatycznie o godzinie 2019-05-28 15:59:50!
wtorek, 28 maja 2019 15:59:50

Modyfikacja treeItem checkAsAssignewtorek, 28 maja 2019 15:59:56

addCommentJira string jiraKey CRM-75963wtorek, 28 maja 2019 15:59:56

addCommentJira object sender, DoWorkEventArgs e CRM-75963wtorek, 28 maja 2019 16:00:21

Dany klucz nie był obecny w słowniku.