piątek, 15 listopada 2019 08:48:54

Zgłoszenie WIND-8649 dodano automatycznie o godzinie 2019-11-15 08:48:54!
piątek, 15 listopada 2019 08:48:54

Modyfikacja treeItem checkAsAssignepiątek, 15 listopada 2019 08:51:49

addCommentJira string jiraKey WIND-8649 NIE DODANO KOMENTARZA BO ISTNIEJE WPISpiątek, 15 listopada 2019 08:51:49

addCommentJira object sender, DoWorkEventArgs e WIND-8649piątek, 15 listopada 2019 08:54:54

Zgłoszenie WIND-8649 dodano automatycznie o godzinie 2019-11-15 08:54:54!
piątek, 15 listopada 2019 08:54:54

Modyfikacja treeItem checkAsAssignepiątek, 15 listopada 2019 08:55:06

addCommentJira string jiraKey WIND-8649 NIE DODANO KOMENTARZA BO ISTNIEJE WPISpiątek, 15 listopada 2019 08:55:06

addCommentJira object sender, DoWorkEventArgs e WIND-8649piątek, 15 listopada 2019 08:55:09

Zgłoszenie KKK-4546 dodano automatycznie o godzinie 2019-11-15 08:55:09!
piątek, 15 listopada 2019 08:55:09

Modyfikacja treeItem checkAsAssignepiątek, 15 listopada 2019 08:55:11

addCommentJira string jiraKey KKK-4546piątek, 15 listopada 2019 08:55:11

addCommentJira object sender, DoWorkEventArgs e KKK-4546piątek, 15 listopada 2019 09:00:53

Zgłoszenie WIND-8649 dodano automatycznie o godzinie 2019-11-15 09:00:53!
piątek, 15 listopada 2019 09:00:53

Modyfikacja treeItem checkAsAssignepiątek, 15 listopada 2019 09:02:21

addCommentJira string jiraKey WIND-8649 NIE DODANO KOMENTARZA BO ISTNIEJE WPISpiątek, 15 listopada 2019 09:02:21

addCommentJira object sender, DoWorkEventArgs e WIND-8649