poniedziałek, 8 kwietnia 2019 02:10:47

Automatyczny zapis nowego zgłoszenia Entities.BillingIssueDtoHelios [2019-04-08 02:10:47] 

poniedziałek, 8 kwietnia 2019 02:10:51

Automatyczny zapis poprawny Entities.BillingIssueDtoHelios [2019-04-08 02:10:51] 

poniedziałek, 8 kwietnia 2019 02:10:51

Modyfikacja treeItemponiedziałek, 8 kwietnia 2019 02:10:51

Status Auto: False 

poniedziałek, 8 kwietnia 2019 02:10:58

addCommentJira string jiraKey WIND-8232poniedziałek, 8 kwietnia 2019 12:15:27

Zgłoszenie WIND-8235 dodano automatycznie o godzinie 2019-04-08 12:15:27!
poniedziałek, 8 kwietnia 2019 12:15:27

Modyfikacja treeItem checkAsAssigneponiedziałek, 8 kwietnia 2019 12:15:34

addCommentJira string jiraKey WIND-8235poniedziałek, 8 kwietnia 2019 12:15:34

addCommentJira object sender, DoWorkEventArgs e WIND-8235poniedziałek, 8 kwietnia 2019 16:30:49

--- Main exception: Message ---
Nie można rozpoznać nazwy zdalnej: 'jira'

--- Main exception: StackTrace ---
   w Atlassian.Jira.Remote.JiraRestClient.ExecuteRequest[T](Method method, String resource, Object requestBody) w c:\projects\atlassian-net-sdk\Atlassian.Jira\Remote\JiraRestClient.cs:wiersz 119
   w Atlassian.Jira.Remote.JiraRestClient.GetIssueTypes(String token, String projectId) w c:\projects\atlassian-net-sdk\Atlassian.Jira\Remote\JiraRestClient.cs:wiersz 822
   w Atlassian.Jira.Jira.<>c__DisplayClass16.<GetIssueTypes>b__12(String token) w c:\projects\atlassian-net-sdk\Atlassian.Jira\Jira.cs:wiersz 414
   w Atlassian.Jira.Jira.<>c__DisplayClass3c.<WithToken>b__3b(String t) w c:\projects\atlassian-net-sdk\Atlassian.Jira\Jira.cs:wiersz 658
   w Atlassian.Jira.Jira.WithToken[TResult](Func`3 function) w c:\projects\atlassian-net-sdk\Atlassian.Jira\Jira.cs:wiersz 706
   w Atlassian.Jira.Jira.GetIssueTypes(String projectKey) w c:\projects\atlassian-net-sdk\Atlassian.Jira\Jira.cs:wiersz 419
   w Logic.Implementation.JiraIssues.GetJiraIssuesTypes() w C:\CP\ParserGit\JiraParser\Logic\Implementation\JiraIssues.cs:wiersz 68
   w GUI.MainForm.<timer2_Tick>b__105_0() w C:\CP\ParserGit\JiraParser\GUI\MainForm.cs:wiersz 2725

--- Main exception: Source ---
Atlassian.Jira

poniedziałek, 8 kwietnia 2019 16:30:51

--- Main exception: Message ---
Nie można rozpoznać nazwy zdalnej: 'jira'

--- Main exception: StackTrace ---
   w Atlassian.Jira.Remote.JiraRestClient.ExecuteRequest[T](Method method, String resource, Object requestBody) w c:\projects\atlassian-net-sdk\Atlassian.Jira\Remote\JiraRestClient.cs:wiersz 119
   w Atlassian.Jira.Remote.JiraRestClient.GetPriorities(String token) w c:\projects\atlassian-net-sdk\Atlassian.Jira\Remote\JiraRestClient.cs:wiersz 785
   w Atlassian.Jira.Jira.<GetIssuePriorities>b__24(String token) w c:\projects\atlassian-net-sdk\Atlassian.Jira\Jira.cs:wiersz 478
   w Atlassian.Jira.Jira.<>c__DisplayClass3c.<WithToken>b__3b(String t) w c:\projects\atlassian-net-sdk\Atlassian.Jira\Jira.cs:wiersz 658
   w Atlassian.Jira.Jira.WithToken[TResult](Func`3 function) w c:\projects\atlassian-net-sdk\Atlassian.Jira\Jira.cs:wiersz 706
   w Atlassian.Jira.Jira.GetIssuePriorities() w c:\projects\atlassian-net-sdk\Atlassian.Jira\Jira.cs:wiersz 482
   w GUI.MainForm.LoginJira() w C:\CP\ParserGit\JiraParser\GUI\MainForm.cs:wiersz 4475

--- Main exception: Source ---
Atlassian.Jira

poniedziałek, 8 kwietnia 2019 16:33:46

--- Main exception: Message ---
Wartość nie może być zerowa.
Nazwa parametru: source

--- Main exception: StackTrace ---
   w System.Linq.Enumerable.FirstOrDefault[TSource](IEnumerable`1 source, Func`2 predicate)
   w GUI.MainForm.slaAutoStep(DataGridViewRow tmpRow, String issueNumber) w C:\CP\ParserGit\JiraParser\GUI\SlaService.cs:wiersz 598

--- Main exception: Source ---
System.Core

poniedziałek, 8 kwietnia 2019 16:33:46

--- Main exception: Message ---
Wartość nie może być zerowa.
Nazwa parametru: source

--- Main exception: StackTrace ---
   w System.Linq.Enumerable.FirstOrDefault[TSource](IEnumerable`1 source, Func`2 predicate)
   w GUI.MainForm.slaAutoStep(DataGridViewRow tmpRow, String issueNumber) w C:\CP\ParserGit\JiraParser\GUI\SlaService.cs:wiersz 598

--- Main exception: Source ---
System.Core

poniedziałek, 8 kwietnia 2019 16:33:46

--- Main exception: Message ---
Wartość nie może być zerowa.
Nazwa parametru: source

--- Main exception: StackTrace ---
   w System.Linq.Enumerable.FirstOrDefault[TSource](IEnumerable`1 source, Func`2 predicate)
   w GUI.MainForm.slaAutoStep(DataGridViewRow tmpRow, String issueNumber) w C:\CP\ParserGit\JiraParser\GUI\SlaService.cs:wiersz 598

--- Main exception: Source ---
System.Core

poniedziałek, 8 kwietnia 2019 16:33:47

--- Main exception: Message ---
Wartość nie może być zerowa.
Nazwa parametru: source

--- Main exception: StackTrace ---
   w System.Linq.Enumerable.FirstOrDefault[TSource](IEnumerable`1 source, Func`2 predicate)
   w GUI.MainForm.slaAutoStep(DataGridViewRow tmpRow, String issueNumber) w C:\CP\ParserGit\JiraParser\GUI\SlaService.cs:wiersz 598

--- Main exception: Source ---
System.Core

poniedziałek, 8 kwietnia 2019 16:33:47

--- Main exception: Message ---
Wartość nie może być zerowa.
Nazwa parametru: source

--- Main exception: StackTrace ---
   w System.Linq.Enumerable.FirstOrDefault[TSource](IEnumerable`1 source, Func`2 predicate)
   w GUI.MainForm.slaAutoStep(DataGridViewRow tmpRow, String issueNumber) w C:\CP\ParserGit\JiraParser\GUI\SlaService.cs:wiersz 598

--- Main exception: Source ---
System.Core

poniedziałek, 8 kwietnia 2019 16:33:47

--- Main exception: Message ---
Wartość nie może być zerowa.
Nazwa parametru: source

--- Main exception: StackTrace ---
   w System.Linq.Enumerable.FirstOrDefault[TSource](IEnumerable`1 source, Func`2 predicate)
   w GUI.MainForm.slaAutoStep(DataGridViewRow tmpRow, String issueNumber) w C:\CP\ParserGit\JiraParser\GUI\SlaService.cs:wiersz 598

--- Main exception: Source ---
System.Core

poniedziałek, 8 kwietnia 2019 16:33:47

--- Main exception: Message ---
Wartość nie może być zerowa.
Nazwa parametru: source

--- Main exception: StackTrace ---
   w System.Linq.Enumerable.FirstOrDefault[TSource](IEnumerable`1 source, Func`2 predicate)
   w GUI.MainForm.slaAutoStep(DataGridViewRow tmpRow, String issueNumber) w C:\CP\ParserGit\JiraParser\GUI\SlaService.cs:wiersz 598

--- Main exception: Source ---
System.Core

poniedziałek, 8 kwietnia 2019 16:33:47

--- Main exception: Message ---
Wartość nie może być zerowa.
Nazwa parametru: source

--- Main exception: StackTrace ---
   w System.Linq.Enumerable.FirstOrDefault[TSource](IEnumerable`1 source, Func`2 predicate)
   w GUI.MainForm.slaAutoStep(DataGridViewRow tmpRow, String issueNumber) w C:\CP\ParserGit\JiraParser\GUI\SlaService.cs:wiersz 598

--- Main exception: Source ---
System.Core

poniedziałek, 8 kwietnia 2019 16:33:47

--- Main exception: Message ---
Wartość nie może być zerowa.
Nazwa parametru: source

--- Main exception: StackTrace ---
   w System.Linq.Enumerable.FirstOrDefault[TSource](IEnumerable`1 source, Func`2 predicate)
   w GUI.MainForm.slaAutoStep(DataGridViewRow tmpRow, String issueNumber) w C:\CP\ParserGit\JiraParser\GUI\SlaService.cs:wiersz 598

--- Main exception: Source ---
System.Core

poniedziałek, 8 kwietnia 2019 16:33:54

--- Main exception: Message ---
Wartość nie może być zerowa.
Nazwa parametru: source

--- Main exception: StackTrace ---
   w System.Linq.Enumerable.FirstOrDefault[TSource](IEnumerable`1 source, Func`2 predicate)
   w GUI.MainForm.slaAutoStep(DataGridViewRow tmpRow, String issueNumber) w C:\CP\ParserGit\JiraParser\GUI\SlaService.cs:wiersz 598

--- Main exception: Source ---
System.Core

poniedziałek, 8 kwietnia 2019 16:48:27

Zgłoszenie WIND-8237 dodano automatycznie o godzinie 2019-04-08 16:48:27!
poniedziałek, 8 kwietnia 2019 16:48:27

Modyfikacja treeItem checkAsAssigneponiedziałek, 8 kwietnia 2019 16:48:33

addCommentJira string jiraKey WIND-8237poniedziałek, 8 kwietnia 2019 16:48:33

addCommentJira object sender, DoWorkEventArgs e WIND-8237poniedziałek, 8 kwietnia 2019 16:48:46

Zgłoszenie ZCC-18515 dodano automatycznie o godzinie 2019-04-08 16:48:46!
poniedziałek, 8 kwietnia 2019 16:48:46

Modyfikacja treeItem checkAsAssigneponiedziałek, 8 kwietnia 2019 16:48:49

addCommentJira string jiraKey ZCC-18515poniedziałek, 8 kwietnia 2019 16:48:49

addCommentJira object sender, DoWorkEventArgs e ZCC-18515poniedziałek, 8 kwietnia 2019 17:24:28

Zgłoszenie CRM-75677 dodano automatycznie o godzinie 2019-04-08 17:24:28!
poniedziałek, 8 kwietnia 2019 17:24:28

Modyfikacja treeItem checkAsAssigneponiedziałek, 8 kwietnia 2019 17:24:34

addCommentJira string jiraKey CRM-75677poniedziałek, 8 kwietnia 2019 17:24:34

addCommentJira object sender, DoWorkEventArgs e CRM-75677