środa, 2 stycznia 2019 08:06:26

Automatyczny zapis nowego zgłoszenia Entities.BillingIssueDtoHelios [2019-01-02 08:06:26] 

środa, 2 stycznia 2019 08:06:29

Automatyczny zapis poprawny Entities.BillingIssueDtoHelios [2019-01-02 08:06:29] 

środa, 2 stycznia 2019 08:06:29

Modyfikacja treeItemśroda, 2 stycznia 2019 08:06:29

Status Auto: False 

środa, 2 stycznia 2019 08:10:04

Automatyczne sprawdzanie zgłoszeń zakończono o: 2019-01-02 08:10:04 

środa, 2 stycznia 2019 10:14:32

Automatyczne sprawdzanie zgłoszeń zakończono o: 2019-01-02 10:14:32 

środa, 2 stycznia 2019 10:17:18

Automatyczne sprawdzanie zgłoszeń zakończono o: 2019-01-02 10:17:18 

środa, 2 stycznia 2019 10:20:03

Automatyczne sprawdzanie zgłoszeń zakończono o: 2019-01-02 10:20:03 

środa, 2 stycznia 2019 10:22:49

Automatyczne sprawdzanie zgłoszeń zakończono o: 2019-01-02 10:22:49 

środa, 2 stycznia 2019 10:25:34

Automatyczne sprawdzanie zgłoszeń zakończono o: 2019-01-02 10:25:34 

środa, 2 stycznia 2019 10:28:20

Automatyczne sprawdzanie zgłoszeń zakończono o: 2019-01-02 10:28:20 

środa, 2 stycznia 2019 10:31:05

Automatyczne sprawdzanie zgłoszeń zakończono o: 2019-01-02 10:31:05 

środa, 2 stycznia 2019 10:33:51

Automatyczne sprawdzanie zgłoszeń zakończono o: 2019-01-02 10:33:50 

środa, 2 stycznia 2019 11:16:56

Automatyczne sprawdzanie zgłoszeń zakończono o: 2019-01-02 11:16:56 

środa, 2 stycznia 2019 11:19:48

Automatyczne sprawdzanie zgłoszeń zakończono o: 2019-01-02 11:19:48 

środa, 2 stycznia 2019 11:19:50

Zgłoszenie LIDKA-122 dodano automatycznie o godzinie 2019-01-02 11:19:50!
środa, 2 stycznia 2019 11:20:34

--- Main exception: Message ---
Nie można uzyskać dostępu do usuniętego obiektu.
Nazwa obiektu: 'WFSform'.

--- Main exception: StackTrace ---
   w System.Windows.Forms.Control.CreateHandle()
   w System.Windows.Forms.Form.CreateHandle()
   w System.Windows.Forms.Control.get_Handle()
   w System.Windows.Forms.Application.ThreadContext.RunMessageLoopInner(Int32 reason, ApplicationContext context)
   w System.Windows.Forms.Application.ThreadContext.RunMessageLoop(Int32 reason, ApplicationContext context)
   w System.Windows.Forms.Form.ShowDialog(IWin32Window owner)
   w GUI.MainForm.UzupelnijDane(TreeView tr, Boolean auto)
   w GUI.MainForm.<newIssueAutoAddToBPMUzupelnijDane>b__211_0()

--- Main exception: Source ---
System.Windows.Forms

środa, 2 stycznia 2019 11:22:49

Automatyczne sprawdzanie zgłoszeń zakończono o: 2019-01-02 11:22:49 

środa, 2 stycznia 2019 11:25:35

Automatyczne sprawdzanie zgłoszeń zakończono o: 2019-01-02 11:25:35 

środa, 2 stycznia 2019 11:25:38

Zgłoszenie INFOLINIA-6436 dodano automatycznie o godzinie 2019-01-02 11:25:38!
środa, 2 stycznia 2019 11:28:20

Automatyczne sprawdzanie zgłoszeń zakończono o: 2019-01-02 11:28:20 

środa, 2 stycznia 2019 11:31:06

Automatyczne sprawdzanie zgłoszeń zakończono o: 2019-01-02 11:31:06 

środa, 2 stycznia 2019 11:33:51

Automatyczne sprawdzanie zgłoszeń zakończono o: 2019-01-02 11:33:51 

środa, 2 stycznia 2019 11:36:37

Automatyczne sprawdzanie zgłoszeń zakończono o: 2019-01-02 11:36:37 

środa, 2 stycznia 2019 11:39:22

Automatyczne sprawdzanie zgłoszeń zakończono o: 2019-01-02 11:39:22 

środa, 2 stycznia 2019 11:42:08

Automatyczne sprawdzanie zgłoszeń zakończono o: 2019-01-02 11:42:08 

środa, 2 stycznia 2019 11:44:53

Automatyczne sprawdzanie zgłoszeń zakończono o: 2019-01-02 11:44:53 

środa, 2 stycznia 2019 11:47:39

Automatyczne sprawdzanie zgłoszeń zakończono o: 2019-01-02 11:47:39 

środa, 2 stycznia 2019 11:50:24

Automatyczne sprawdzanie zgłoszeń zakończono o: 2019-01-02 11:50:24 

środa, 2 stycznia 2019 11:50:28

Zgłoszenie KKK-3837 dodano automatycznie o godzinie 2019-01-02 11:50:28!
środa, 2 stycznia 2019 11:53:10

Automatyczne sprawdzanie zgłoszeń zakończono o: 2019-01-02 11:53:10 

środa, 2 stycznia 2019 11:53:14

Zgłoszenie WIND-7943 dodano automatycznie o godzinie 2019-01-02 11:53:14!
środa, 2 stycznia 2019 11:55:57

Automatyczne sprawdzanie zgłoszeń zakończono o: 2019-01-02 11:55:57 

środa, 2 stycznia 2019 11:58:43

Automatyczne sprawdzanie zgłoszeń zakończono o: 2019-01-02 11:58:43 

środa, 2 stycznia 2019 12:01:29

Automatyczne sprawdzanie zgłoszeń zakończono o: 2019-01-02 12:01:29 

środa, 2 stycznia 2019 12:04:14

Automatyczne sprawdzanie zgłoszeń zakończono o: 2019-01-02 12:04:14 

środa, 2 stycznia 2019 12:06:59

Automatyczne sprawdzanie zgłoszeń zakończono o: 2019-01-02 12:06:59 

środa, 2 stycznia 2019 12:09:45

Automatyczne sprawdzanie zgłoszeń zakończono o: 2019-01-02 12:09:45 

środa, 2 stycznia 2019 12:12:30

Automatyczne sprawdzanie zgłoszeń zakończono o: 2019-01-02 12:12:30 

środa, 2 stycznia 2019 12:12:33

Zgłoszenie ZCC-17770 dodano automatycznie o godzinie 2019-01-02 12:12:33!
środa, 2 stycznia 2019 12:15:16

Automatyczne sprawdzanie zgłoszeń zakończono o: 2019-01-02 12:15:16 

środa, 2 stycznia 2019 12:18:01

Automatyczne sprawdzanie zgłoszeń zakończono o: 2019-01-02 12:18:01 

środa, 2 stycznia 2019 12:20:47

Automatyczne sprawdzanie zgłoszeń zakończono o: 2019-01-02 12:20:47 

środa, 2 stycznia 2019 12:23:34

Automatyczne sprawdzanie zgłoszeń zakończono o: 2019-01-02 12:23:34 

środa, 2 stycznia 2019 12:26:20

Automatyczne sprawdzanie zgłoszeń zakończono o: 2019-01-02 12:26:20 

środa, 2 stycznia 2019 12:29:06

Automatyczne sprawdzanie zgłoszeń zakończono o: 2019-01-02 12:29:06 

środa, 2 stycznia 2019 12:30:37

--- Main exception: Message ---
Nie można uzyskać dostępu do usuniętego obiektu.
Nazwa obiektu: 'WFSform'.

--- Main exception: StackTrace ---
   w System.Windows.Forms.Control.CreateHandle()
   w System.Windows.Forms.Form.CreateHandle()
   w System.Windows.Forms.Control.get_Handle()
   w System.Windows.Forms.Application.ThreadContext.RunMessageLoopInner(Int32 reason, ApplicationContext context)
   w System.Windows.Forms.Application.ThreadContext.RunMessageLoop(Int32 reason, ApplicationContext context)
   w System.Windows.Forms.Form.ShowDialog(IWin32Window owner)
   w GUI.MainForm.UzupelnijDane(TreeView tr, Boolean auto)
   w GUI.MainForm.<newIssueAutoAddToBPMUzupelnijDane>b__211_0()

--- Main exception: Source ---
System.Windows.Forms

środa, 2 stycznia 2019 12:31:51

Automatyczne sprawdzanie zgłoszeń zakończono o: 2019-01-02 12:31:51 

środa, 2 stycznia 2019 12:34:37

Automatyczne sprawdzanie zgłoszeń zakończono o: 2019-01-02 12:34:37 

środa, 2 stycznia 2019 12:34:56

--- Main exception: Message ---
Zmodyfikowano kolekcję. Nie można wykonać operacji wyliczania.

--- Main exception: StackTrace ---
   w System.ThrowHelper.ThrowInvalidOperationException(ExceptionResource resource)
   w System.Collections.Generic.Dictionary`2.Enumerator.MoveNext()
   w GUI.MainForm.GetActionForIssues(TreeView tr)

--- Main exception: Source ---
mscorlib

środa, 2 stycznia 2019 12:37:24

Automatyczne sprawdzanie zgłoszeń zakończono o: 2019-01-02 12:37:24 

środa, 2 stycznia 2019 12:40:09

Automatyczne sprawdzanie zgłoszeń zakończono o: 2019-01-02 12:40:09 

środa, 2 stycznia 2019 12:40:11

Zgłoszenie WIND-7944 dodano automatycznie o godzinie 2019-01-02 12:40:11!
środa, 2 stycznia 2019 12:42:56

Automatyczne sprawdzanie zgłoszeń zakończono o: 2019-01-02 12:42:56 

środa, 2 stycznia 2019 12:45:41

Automatyczne sprawdzanie zgłoszeń zakończono o: 2019-01-02 12:45:41 

środa, 2 stycznia 2019 12:46:00

--- Main exception: Message ---
Zmodyfikowano kolekcję. Nie można wykonać operacji wyliczania.

--- Main exception: StackTrace ---
   w System.ThrowHelper.ThrowInvalidOperationException(ExceptionResource resource)
   w System.Collections.Generic.Dictionary`2.Enumerator.MoveNext()
   w GUI.MainForm.GetActionForIssues(TreeView tr)

--- Main exception: Source ---
mscorlib

środa, 2 stycznia 2019 12:48:30

Automatyczne sprawdzanie zgłoszeń zakończono o: 2019-01-02 12:48:30 

środa, 2 stycznia 2019 12:51:15

Automatyczne sprawdzanie zgłoszeń zakończono o: 2019-01-02 12:51:15 

środa, 2 stycznia 2019 12:51:34

--- Main exception: Message ---
Zmodyfikowano kolekcję. Nie można wykonać operacji wyliczania.

--- Main exception: StackTrace ---
   w System.ThrowHelper.ThrowInvalidOperationException(ExceptionResource resource)
   w System.Collections.Generic.Dictionary`2.Enumerator.MoveNext()
   w GUI.MainForm.GetActionForIssues(TreeView tr)

--- Main exception: Source ---
mscorlib

środa, 2 stycznia 2019 12:54:04

Automatyczne sprawdzanie zgłoszeń zakończono o: 2019-01-02 12:54:04 

środa, 2 stycznia 2019 12:54:15

--- Main exception: Message ---
Zmodyfikowano kolekcję. Nie można wykonać operacji wyliczania.

--- Main exception: StackTrace ---
   w System.ThrowHelper.ThrowInvalidOperationException(ExceptionResource resource)
   w System.Collections.Generic.Dictionary`2.Enumerator.MoveNext()
   w GUI.MainForm.GetActionForIssues(TreeView tr)

--- Main exception: Source ---
mscorlib

środa, 2 stycznia 2019 12:56:49

Automatyczne sprawdzanie zgłoszeń zakończono o: 2019-01-02 12:56:49 

środa, 2 stycznia 2019 12:57:13

--- Main exception: Message ---
Zmodyfikowano kolekcję. Nie można wykonać operacji wyliczania.

--- Main exception: StackTrace ---
   w System.ThrowHelper.ThrowInvalidOperationException(ExceptionResource resource)
   w System.Collections.Generic.Dictionary`2.Enumerator.MoveNext()
   w GUI.MainForm.GetActionForIssues(TreeView tr)

--- Main exception: Source ---
mscorlib

środa, 2 stycznia 2019 12:59:41

Automatyczne sprawdzanie zgłoszeń zakończono o: 2019-01-02 12:59:41 

środa, 2 stycznia 2019 13:02:27

Automatyczne sprawdzanie zgłoszeń zakończono o: 2019-01-02 13:02:27 

środa, 2 stycznia 2019 13:02:46

--- Main exception: Message ---
Zmodyfikowano kolekcję. Nie można wykonać operacji wyliczania.

--- Main exception: StackTrace ---
   w System.ThrowHelper.ThrowInvalidOperationException(ExceptionResource resource)
   w System.Collections.Generic.Dictionary`2.Enumerator.MoveNext()
   w GUI.MainForm.GetActionForIssues(TreeView tr)

--- Main exception: Source ---
mscorlib

środa, 2 stycznia 2019 13:05:18

Automatyczne sprawdzanie zgłoszeń zakończono o: 2019-01-02 13:05:18 

środa, 2 stycznia 2019 13:05:38

--- Main exception: Message ---
Element o tym samym kluczu został już dodany.

--- Main exception: StackTrace ---
   w System.ThrowHelper.ThrowArgumentException(ExceptionResource resource)
   w System.Collections.Generic.Dictionary`2.Insert(TKey key, TValue value, Boolean add)
   w GUI.MainForm.GetActionForIssues(TreeView tr)

--- Main exception: Source ---
mscorlib

środa, 2 stycznia 2019 13:08:07

Automatyczne sprawdzanie zgłoszeń zakończono o: 2019-01-02 13:08:07 

środa, 2 stycznia 2019 13:08:28

--- Main exception: Message ---
Zmodyfikowano kolekcję. Nie można wykonać operacji wyliczania.

--- Main exception: StackTrace ---
   w System.ThrowHelper.ThrowInvalidOperationException(ExceptionResource resource)
   w System.Collections.Generic.Dictionary`2.Enumerator.MoveNext()
   w GUI.MainForm.GetActionForIssues(TreeView tr)

--- Main exception: Source ---
mscorlib

środa, 2 stycznia 2019 13:11:37

--- Main exception: Message ---
Element o tym samym kluczu został już dodany.

--- Main exception: StackTrace ---
   w System.ThrowHelper.ThrowArgumentException(ExceptionResource resource)
   w System.Collections.Generic.Dictionary`2.Insert(TKey key, TValue value, Boolean add)
   w GUI.MainForm.<GetAllIssuesFromJira>b__144_0() w C:\CP\ParserGit\JiraParser\GUI\MainForm.cs:wiersz 4638

--- Main exception: Source ---
mscorlib

środa, 2 stycznia 2019 13:13:46

Automatyczne sprawdzanie zgłoszeń zakończono o: 2019-01-02 13:13:46 

środa, 2 stycznia 2019 13:16:32

Automatyczne sprawdzanie zgłoszeń zakończono o: 2019-01-02 13:16:32 

środa, 2 stycznia 2019 13:19:35

Automatyczne sprawdzanie zgłoszeń zakończono o: 2019-01-02 13:19:35 

środa, 2 stycznia 2019 13:22:21

Automatyczne sprawdzanie zgłoszeń zakończono o: 2019-01-02 13:22:21 

środa, 2 stycznia 2019 13:25:06

Automatyczne sprawdzanie zgłoszeń zakończono o: 2019-01-02 13:25:06 

środa, 2 stycznia 2019 13:27:52

Automatyczne sprawdzanie zgłoszeń zakończono o: 2019-01-02 13:27:52 

środa, 2 stycznia 2019 13:30:37

Automatyczne sprawdzanie zgłoszeń zakończono o: 2019-01-02 13:30:37 

środa, 2 stycznia 2019 13:33:22

Automatyczne sprawdzanie zgłoszeń zakończono o: 2019-01-02 13:33:22 

środa, 2 stycznia 2019 13:36:08

Automatyczne sprawdzanie zgłoszeń zakończono o: 2019-01-02 13:36:08 

środa, 2 stycznia 2019 13:38:53

Automatyczne sprawdzanie zgłoszeń zakończono o: 2019-01-02 13:38:53 

środa, 2 stycznia 2019 13:41:39

Automatyczne sprawdzanie zgłoszeń zakończono o: 2019-01-02 13:41:39 

środa, 2 stycznia 2019 13:44:24

Automatyczne sprawdzanie zgłoszeń zakończono o: 2019-01-02 13:44:24 

środa, 2 stycznia 2019 13:47:10

Automatyczne sprawdzanie zgłoszeń zakończono o: 2019-01-02 13:47:10 

środa, 2 stycznia 2019 13:49:55

Automatyczne sprawdzanie zgłoszeń zakończono o: 2019-01-02 13:49:55 

środa, 2 stycznia 2019 13:52:41

Automatyczne sprawdzanie zgłoszeń zakończono o: 2019-01-02 13:52:41 

środa, 2 stycznia 2019 13:55:26

Automatyczne sprawdzanie zgłoszeń zakończono o: 2019-01-02 13:55:26 

środa, 2 stycznia 2019 13:58:12

Automatyczne sprawdzanie zgłoszeń zakończono o: 2019-01-02 13:58:12 

środa, 2 stycznia 2019 14:00:57

Automatyczne sprawdzanie zgłoszeń zakończono o: 2019-01-02 14:00:57 

środa, 2 stycznia 2019 14:03:42

Automatyczne sprawdzanie zgłoszeń zakończono o: 2019-01-02 14:03:42 

środa, 2 stycznia 2019 14:06:30

Automatyczne sprawdzanie zgłoszeń zakończono o: 2019-01-02 14:06:30 

środa, 2 stycznia 2019 14:09:15

Automatyczne sprawdzanie zgłoszeń zakończono o: 2019-01-02 14:09:15 

środa, 2 stycznia 2019 14:12:00

Automatyczne sprawdzanie zgłoszeń zakończono o: 2019-01-02 14:12:00 

środa, 2 stycznia 2019 14:14:46

Automatyczne sprawdzanie zgłoszeń zakończono o: 2019-01-02 14:14:46 

środa, 2 stycznia 2019 14:17:31

Automatyczne sprawdzanie zgłoszeń zakończono o: 2019-01-02 14:17:31 

środa, 2 stycznia 2019 14:17:34

Zgłoszenie CRM-74781 dodano automatycznie o godzinie 2019-01-02 14:17:34!
środa, 2 stycznia 2019 14:20:17

Automatyczne sprawdzanie zgłoszeń zakończono o: 2019-01-02 14:20:17 

środa, 2 stycznia 2019 14:23:02

Automatyczne sprawdzanie zgłoszeń zakończono o: 2019-01-02 14:23:02 

środa, 2 stycznia 2019 14:25:48

Automatyczne sprawdzanie zgłoszeń zakończono o: 2019-01-02 14:25:48 

środa, 2 stycznia 2019 14:28:33

Automatyczne sprawdzanie zgłoszeń zakończono o: 2019-01-02 14:28:33 

środa, 2 stycznia 2019 14:28:36

Zgłoszenie CRM-74782 dodano automatycznie o godzinie 2019-01-02 14:28:36!
środa, 2 stycznia 2019 14:31:19

Automatyczne sprawdzanie zgłoszeń zakończono o: 2019-01-02 14:31:19 

środa, 2 stycznia 2019 14:34:04

Automatyczne sprawdzanie zgłoszeń zakończono o: 2019-01-02 14:34:04 

środa, 2 stycznia 2019 14:36:50

Automatyczne sprawdzanie zgłoszeń zakończono o: 2019-01-02 14:36:50 

środa, 2 stycznia 2019 14:39:35

Automatyczne sprawdzanie zgłoszeń zakończono o: 2019-01-02 14:39:35 

środa, 2 stycznia 2019 14:42:20

Automatyczne sprawdzanie zgłoszeń zakończono o: 2019-01-02 14:42:20 

środa, 2 stycznia 2019 14:45:06

Automatyczne sprawdzanie zgłoszeń zakończono o: 2019-01-02 14:45:06 

środa, 2 stycznia 2019 14:47:51

Automatyczne sprawdzanie zgłoszeń zakończono o: 2019-01-02 14:47:51 

środa, 2 stycznia 2019 14:50:37

Automatyczne sprawdzanie zgłoszeń zakończono o: 2019-01-02 14:50:37 

środa, 2 stycznia 2019 14:53:22

Automatyczne sprawdzanie zgłoszeń zakończono o: 2019-01-02 14:53:22 

środa, 2 stycznia 2019 14:56:15

Automatyczne sprawdzanie zgłoszeń zakończono o: 2019-01-02 14:56:15 

środa, 2 stycznia 2019 14:59:00

Automatyczne sprawdzanie zgłoszeń zakończono o: 2019-01-02 14:59:00 

środa, 2 stycznia 2019 15:01:46

Automatyczne sprawdzanie zgłoszeń zakończono o: 2019-01-02 15:01:46 

środa, 2 stycznia 2019 15:04:31

Automatyczne sprawdzanie zgłoszeń zakończono o: 2019-01-02 15:04:31 

środa, 2 stycznia 2019 15:07:17

Automatyczne sprawdzanie zgłoszeń zakończono o: 2019-01-02 15:07:17 

środa, 2 stycznia 2019 15:10:02

Automatyczne sprawdzanie zgłoszeń zakończono o: 2019-01-02 15:10:02 

środa, 2 stycznia 2019 15:12:48

Automatyczne sprawdzanie zgłoszeń zakończono o: 2019-01-02 15:12:48 

środa, 2 stycznia 2019 15:15:35

Automatyczne sprawdzanie zgłoszeń zakończono o: 2019-01-02 15:15:35 

środa, 2 stycznia 2019 15:18:21

Automatyczne sprawdzanie zgłoszeń zakończono o: 2019-01-02 15:18:21 

środa, 2 stycznia 2019 15:18:27

Zgłoszenie CRM-74783 dodano automatycznie o godzinie 2019-01-02 15:18:27!
środa, 2 stycznia 2019 15:21:06

Automatyczne sprawdzanie zgłoszeń zakończono o: 2019-01-02 15:21:06 

środa, 2 stycznia 2019 15:24:00

Automatyczne sprawdzanie zgłoszeń zakończono o: 2019-01-02 15:24:00 

środa, 2 stycznia 2019 15:26:45

Automatyczne sprawdzanie zgłoszeń zakończono o: 2019-01-02 15:26:45 

środa, 2 stycznia 2019 15:29:31

Automatyczne sprawdzanie zgłoszeń zakończono o: 2019-01-02 15:29:31 

środa, 2 stycznia 2019 15:32:16

Automatyczne sprawdzanie zgłoszeń zakończono o: 2019-01-02 15:32:16 

środa, 2 stycznia 2019 15:38:17

Automatyczne sprawdzanie zgłoszeń zakończono o: 2019-01-02 15:38:17 

środa, 2 stycznia 2019 15:41:03

Automatyczne sprawdzanie zgłoszeń zakończono o: 2019-01-02 15:41:03 

środa, 2 stycznia 2019 15:43:48

Automatyczne sprawdzanie zgłoszeń zakończono o: 2019-01-02 15:43:48 

środa, 2 stycznia 2019 15:45:41

--- Main exception: Message ---
Nie można połączyć się z serwerem zdalnym

--- Main exception: StackTrace ---
   w Atlassian.Jira.Remote.JiraRestClient.ExecuteRequest[T](Method method, String resource, Object requestBody) w c:\projects\atlassian-net-sdk\Atlassian.Jira\Remote\JiraRestClient.cs:wiersz 119
   w Atlassian.Jira.Remote.JiraRestClient.GetIssueTypes(String token, String projectId) w c:\projects\atlassian-net-sdk\Atlassian.Jira\Remote\JiraRestClient.cs:wiersz 822
   w Atlassian.Jira.Jira.<>c__DisplayClass16.<GetIssueTypes>b__12(String token) w c:\projects\atlassian-net-sdk\Atlassian.Jira\Jira.cs:wiersz 414
   w Atlassian.Jira.Jira.<>c__DisplayClass3c.<WithToken>b__3b(String t) w c:\projects\atlassian-net-sdk\Atlassian.Jira\Jira.cs:wiersz 658
   w Atlassian.Jira.Jira.WithToken[TResult](Func`3 function) w c:\projects\atlassian-net-sdk\Atlassian.Jira\Jira.cs:wiersz 706
   w Atlassian.Jira.Jira.GetIssueTypes(String projectKey) w c:\projects\atlassian-net-sdk\Atlassian.Jira\Jira.cs:wiersz 419
   w Logic.Implementation.JiraIssues.GetJiraIssuesTypes() w C:\CP\ParserGit\JiraParser\Logic\Implementation\JiraIssues.cs:wiersz 68
   w GUI.MainForm.<timer2_Tick>b__95_0() w C:\CP\ParserGit\JiraParser\GUI\MainForm.cs:wiersz 2574

--- Main exception: Source ---
Atlassian.Jira

środa, 2 stycznia 2019 15:46:34

Automatyczne sprawdzanie zgłoszeń zakończono o: 2019-01-02 15:46:34 

środa, 2 stycznia 2019 15:49:20

Automatyczne sprawdzanie zgłoszeń zakończono o: 2019-01-02 15:49:20 

