poniedziałek, 17 czerwca 2019 09:06:13

--- Main exception: Message ---
issueMove[treeView4] nie zawiera IssueId=INFOLINIA-6726

--- Main exception: StackTrace ---
   w GUI.MainForm.ModelerForm_sla_ActionFinish(String issueid, String eventName, TreeView tr) w C:\CP\ParserGit\JiraParser\GUI\MainForm.cs:wiersz 6699

--- Main exception: Source ---
GUI

poniedziałek, 17 czerwca 2019 09:18:10

--- Main exception: Message ---
issueMove[treeView4] nie zawiera IssueId=WIND-8391

--- Main exception: StackTrace ---
   w GUI.MainForm.ModelerForm_sla_ActionFinish(String issueid, String eventName, TreeView tr) w C:\CP\ParserGit\JiraParser\GUI\MainForm.cs:wiersz 6699

--- Main exception: Source ---
GUI

poniedziałek, 17 czerwca 2019 09:24:17

--- Main exception: Message ---
issueMove[treeView4] nie zawiera IssueId=KKK-4324

--- Main exception: StackTrace ---
   w GUI.MainForm.ModelerForm_sla_ActionFinish(String issueid, String eventName, TreeView tr) w C:\CP\ParserGit\JiraParser\GUI\MainForm.cs:wiersz 6699

--- Main exception: Source ---
GUI

poniedziałek, 17 czerwca 2019 09:24:20

--- Main exception: Message ---
issueMove[treeView4] nie zawiera IssueId=ZCC-18948

--- Main exception: StackTrace ---
   w GUI.MainForm.ModelerForm_sla_ActionFinish(String issueid, String eventName, TreeView tr) w C:\CP\ParserGit\JiraParser\GUI\MainForm.cs:wiersz 6699

--- Main exception: Source ---
GUI

poniedziałek, 17 czerwca 2019 09:24:24

--- Main exception: Message ---
issueMove[treeView4] nie zawiera IssueId=ZCC-18949

--- Main exception: StackTrace ---
   w GUI.MainForm.ModelerForm_sla_ActionFinish(String issueid, String eventName, TreeView tr) w C:\CP\ParserGit\JiraParser\GUI\MainForm.cs:wiersz 6699

--- Main exception: Source ---
GUI

poniedziałek, 17 czerwca 2019 09:24:27

--- Main exception: Message ---
issueMove[treeView4] nie zawiera IssueId=ZCC-18950

--- Main exception: StackTrace ---
   w GUI.MainForm.ModelerForm_sla_ActionFinish(String issueid, String eventName, TreeView tr) w C:\CP\ParserGit\JiraParser\GUI\MainForm.cs:wiersz 6699

--- Main exception: Source ---
GUI

poniedziałek, 17 czerwca 2019 09:35:44

Zgłoszenie WIND-8392 dodano automatycznie o godzinie 2019-06-17 09:35:44!
poniedziałek, 17 czerwca 2019 09:35:44

Modyfikacja treeItem checkAsAssigneponiedziałek, 17 czerwca 2019 09:35:52

addCommentJira string jiraKey WIND-8392poniedziałek, 17 czerwca 2019 09:35:52

addCommentJira object sender, DoWorkEventArgs e WIND-8392poniedziałek, 17 czerwca 2019 10:41:42

Zgłoszenie KKK-4325 dodano automatycznie o godzinie 2019-06-17 10:41:42!
poniedziałek, 17 czerwca 2019 10:41:42

Modyfikacja treeItem checkAsAssigneponiedziałek, 17 czerwca 2019 10:41:49

addCommentJira string jiraKey KKK-4325poniedziałek, 17 czerwca 2019 10:41:49

addCommentJira object sender, DoWorkEventArgs e KKK-4325poniedziałek, 17 czerwca 2019 10:48:16

Odwołanie do obiektu nie zostało ustawione na wystąpienie obiektu.

