poniedziałek, 7 stycznia 2019 07:48:39

Automatyczne sprawdzanie zgłoszeń zakończono o: 2019-01-07 07:48:39 

poniedziałek, 7 stycznia 2019 07:48:45

addCommentJira object sender, DoWorkEventArgs e CRM-74817poniedziałek, 7 stycznia 2019 07:52:04

Automatyczne sprawdzanie zgłoszeń zakończono o: 2019-01-07 07:52:04 

poniedziałek, 7 stycznia 2019 07:52:10

addCommentJira object sender, DoWorkEventArgs e CRM-74817poniedziałek, 7 stycznia 2019 07:53:43

addCommentJira object sender, DoWorkEventArgs e CRM-74817poniedziałek, 7 stycznia 2019 07:53:48

addCommentJira object sender, DoWorkEventArgs e INFOLINIA-6440poniedziałek, 7 stycznia 2019 07:53:51

addCommentJira object sender, DoWorkEventArgs e WIND-7954poniedziałek, 7 stycznia 2019 07:53:54

addCommentJira object sender, DoWorkEventArgs e WIND-7955poniedziałek, 7 stycznia 2019 07:53:56

addCommentJira object sender, DoWorkEventArgs e WIND-7956poniedziałek, 7 stycznia 2019 07:54:01

addCommentJira object sender, DoWorkEventArgs e ZCC-17797poniedziałek, 7 stycznia 2019 07:54:05

addCommentJira object sender, DoWorkEventArgs e CRM-74818poniedziałek, 7 stycznia 2019 07:54:10

addCommentJira object sender, DoWorkEventArgs e CRM-74820poniedziałek, 7 stycznia 2019 07:54:14

addCommentJira object sender, DoWorkEventArgs e ZCC-17798poniedziałek, 7 stycznia 2019 07:54:18

addCommentJira object sender, DoWorkEventArgs e ZCC-17799poniedziałek, 7 stycznia 2019 07:54:18

Automatyczny zapis nowego zgłoszenia Entities.BillingIssueDtoHelios [2019-01-07 07:54:18] 

poniedziałek, 7 stycznia 2019 07:54:18

Automatyczny zapis nowego zgłoszenia Entities.BillingIssueDtoHelios [2019-01-07 07:54:18] 

poniedziałek, 7 stycznia 2019 07:54:23

Automatyczny zapis poprawny Entities.BillingIssueDtoHelios [2019-01-07 07:54:23] 

poniedziałek, 7 stycznia 2019 07:54:23

Modyfikacja treeItemponiedziałek, 7 stycznia 2019 07:54:23

Status Auto: False 

poniedziałek, 7 stycznia 2019 07:54:23

Automatyczny zapis nowego zgłoszenia Entities.BillingIssueDtoHelios [2019-01-07 07:54:23] 

poniedziałek, 7 stycznia 2019 07:54:26

Automatyczny zapis poprawny Entities.BillingIssueDtoHelios [2019-01-07 07:54:26] 

poniedziałek, 7 stycznia 2019 07:54:26

Modyfikacja treeItemponiedziałek, 7 stycznia 2019 07:54:26

Status Auto: False 

poniedziałek, 7 stycznia 2019 07:54:26

Automatyczny zapis nowego zgłoszenia Entities.BillingIssueDtoHelios [2019-01-07 07:54:26] 

poniedziałek, 7 stycznia 2019 07:54:29

Automatyczny zapis poprawny Entities.BillingIssueDtoHelios [2019-01-07 07:54:29] 

poniedziałek, 7 stycznia 2019 07:54:29

Modyfikacja treeItemponiedziałek, 7 stycznia 2019 07:54:29

Status Auto: False 

poniedziałek, 7 stycznia 2019 07:54:29

Automatyczny zapis nowego zgłoszenia Entities.BillingIssueDtoHelios [2019-01-07 07:54:29] 

poniedziałek, 7 stycznia 2019 07:54:31

Automatyczny zapis poprawny Entities.BillingIssueDtoHelios [2019-01-07 07:54:31] 

poniedziałek, 7 stycznia 2019 07:54:31

Modyfikacja treeItemponiedziałek, 7 stycznia 2019 07:54:31

Status Auto: False 

poniedziałek, 7 stycznia 2019 07:54:31

Automatyczny zapis nowego zgłoszenia Entities.BillingIssueDtoHelios [2019-01-07 07:54:31] 

poniedziałek, 7 stycznia 2019 07:54:33

Automatyczny zapis poprawny Entities.BillingIssueDtoHelios [2019-01-07 07:54:33] 

poniedziałek, 7 stycznia 2019 07:54:33

Modyfikacja treeItemponiedziałek, 7 stycznia 2019 07:54:33

Status Auto: False 

poniedziałek, 7 stycznia 2019 07:54:33

Automatyczny zapis nowego zgłoszenia Entities.BillingIssueDtoHelios [2019-01-07 07:54:33] 

poniedziałek, 7 stycznia 2019 07:54:36

Automatyczny zapis poprawny Entities.BillingIssueDtoHelios [2019-01-07 07:54:36] 

poniedziałek, 7 stycznia 2019 07:54:36

--- Main exception: Message ---
Wartość '7' nie jest prawidłową wartością dla 'Value'. Wartość 'Value' powinna znajdować się w zakresie od 'minimum' do 'maximum'.
Nazwa parametru: Value

--- Main exception: StackTrace ---
   w System.Windows.Forms.ProgressBar.set_Value(Int32 value)
   w GUI.MainForm.<>c__DisplayClass148_0.<pb_UpdateProgressBar>b__0() w C:\CP\ParserGit\JiraParser\GUI\MainForm.cs:wiersz 5035

--- Main exception: Source ---
System.Windows.Forms

poniedziałek, 7 stycznia 2019 07:54:36

Modyfikacja treeItemponiedziałek, 7 stycznia 2019 07:54:36

Status Auto: False 

poniedziałek, 7 stycznia 2019 07:54:36

Automatyczny zapis nowego zgłoszenia Entities.BillingIssueDtoHelios [2019-01-07 07:54:36] 

poniedziałek, 7 stycznia 2019 07:54:38

Automatyczny zapis poprawny Entities.BillingIssueDtoHelios [2019-01-07 07:54:38] 

poniedziałek, 7 stycznia 2019 07:54:38

--- Main exception: Message ---
Wartość '7' nie jest prawidłową wartością dla 'Value'. Wartość 'Value' powinna znajdować się w zakresie od 'minimum' do 'maximum'.
Nazwa parametru: Value

--- Main exception: StackTrace ---
   w System.Windows.Forms.ProgressBar.set_Value(Int32 value)
   w GUI.MainForm.<>c__DisplayClass148_0.<pb_UpdateProgressBar>b__0() w C:\CP\ParserGit\JiraParser\GUI\MainForm.cs:wiersz 5035

--- Main exception: Source ---
System.Windows.Forms

poniedziałek, 7 stycznia 2019 07:54:38

Modyfikacja treeItemponiedziałek, 7 stycznia 2019 07:54:38

Status Auto: False 

poniedziałek, 7 stycznia 2019 07:54:38

Automatyczny zapis nowego zgłoszenia Entities.BillingIssueDtoHelios [2019-01-07 07:54:38] 

poniedziałek, 7 stycznia 2019 07:54:41

Automatyczny zapis poprawny Entities.BillingIssueDtoHelios [2019-01-07 07:54:41] 

poniedziałek, 7 stycznia 2019 07:54:41

--- Main exception: Message ---
Wartość '7' nie jest prawidłową wartością dla 'Value'. Wartość 'Value' powinna znajdować się w zakresie od 'minimum' do 'maximum'.
Nazwa parametru: Value

--- Main exception: StackTrace ---
   w System.Windows.Forms.ProgressBar.set_Value(Int32 value)
   w GUI.MainForm.<>c__DisplayClass148_0.<pb_UpdateProgressBar>b__0() w C:\CP\ParserGit\JiraParser\GUI\MainForm.cs:wiersz 5035

--- Main exception: Source ---
System.Windows.Forms

poniedziałek, 7 stycznia 2019 07:54:41

Modyfikacja treeItemponiedziałek, 7 stycznia 2019 07:54:41

Status Auto: False 

poniedziałek, 7 stycznia 2019 07:54:43

Automatyczny zapis poprawny Entities.BillingIssueDtoHelios [2019-01-07 07:54:43] 

poniedziałek, 7 stycznia 2019 07:54:43

--- Main exception: Message ---
Wartość '7' nie jest prawidłową wartością dla 'Value'. Wartość 'Value' powinna znajdować się w zakresie od 'minimum' do 'maximum'.
Nazwa parametru: Value

--- Main exception: StackTrace ---
   w System.Windows.Forms.ProgressBar.set_Value(Int32 value)
   w GUI.MainForm.<>c__DisplayClass148_0.<pb_UpdateProgressBar>b__0() w C:\CP\ParserGit\JiraParser\GUI\MainForm.cs:wiersz 5035

--- Main exception: Source ---
System.Windows.Forms

poniedziałek, 7 stycznia 2019 07:54:43

Modyfikacja treeItemponiedziałek, 7 stycznia 2019 07:54:43

Status Auto: False 

poniedziałek, 7 stycznia 2019 07:54:43

Automatyczny zapis nowego zgłoszenia Entities.BillingIssueDtoHelios [2019-01-07 07:54:43] 

poniedziałek, 7 stycznia 2019 07:54:46

Automatyczny zapis poprawny Entities.BillingIssueDtoHelios [2019-01-07 07:54:46] 

poniedziałek, 7 stycznia 2019 07:54:46

--- Main exception: Message ---
Wartość '7' nie jest prawidłową wartością dla 'Value'. Wartość 'Value' powinna znajdować się w zakresie od 'minimum' do 'maximum'.
Nazwa parametru: Value

--- Main exception: StackTrace ---
   w System.Windows.Forms.ProgressBar.set_Value(Int32 value)
   w GUI.MainForm.<>c__DisplayClass148_0.<pb_UpdateProgressBar>b__0() w C:\CP\ParserGit\JiraParser\GUI\MainForm.cs:wiersz 5035

--- Main exception: Source ---
System.Windows.Forms

poniedziałek, 7 stycznia 2019 07:54:46

Modyfikacja treeItemponiedziałek, 7 stycznia 2019 07:54:46

Status Auto: False 

poniedziałek, 7 stycznia 2019 07:54:51

addCommentJira List<KeyValuePair<BillingIssueDto, IssueState>> ZCC-17797 Trueponiedziałek, 7 stycznia 2019 07:54:52

addCommentJira List<KeyValuePair<BillingIssueDto, IssueState>> ZCC-17799 Trueponiedziałek, 7 stycznia 2019 07:54:53

addCommentJira List<KeyValuePair<BillingIssueDto, IssueState>> WIND-7956 Trueponiedziałek, 7 stycznia 2019 07:54:54

addCommentJira List<KeyValuePair<BillingIssueDto, IssueState>> ZCC-17798 Trueponiedziałek, 7 stycznia 2019 07:54:55

addCommentJira List<KeyValuePair<BillingIssueDto, IssueState>> WIND-7955 Trueponiedziałek, 7 stycznia 2019 07:54:56

addCommentJira List<KeyValuePair<BillingIssueDto, IssueState>> CRM-74820 Trueponiedziałek, 7 stycznia 2019 07:54:56

addCommentJira List<KeyValuePair<BillingIssueDto, IssueState>> WIND-7954 Trueponiedziałek, 7 stycznia 2019 07:54:57

addCommentJira List<KeyValuePair<BillingIssueDto, IssueState>> CRM-74818 Trueponiedziałek, 7 stycznia 2019 07:54:58

addCommentJira List<KeyValuePair<BillingIssueDto, IssueState>> INFOLINIA-6440 Trueponiedziałek, 7 stycznia 2019 07:55:00

addCommentJira List<KeyValuePair<BillingIssueDto, IssueState>> CRM-74817 Trueponiedziałek, 7 stycznia 2019 07:55:19

Automatyczne sprawdzanie zgłoszeń zakończono o: 2019-01-07 07:55:19 

poniedziałek, 7 stycznia 2019 07:55:24

addCommentJira object sender, DoWorkEventArgs e CRM-74817poniedziałek, 7 stycznia 2019 07:56:27

--- Main exception: Message ---
Bieżący wątek musi być ustawiony na tryb jednowątkowego apartamentu, aby można było wykonywać wywołania OLE. Upewnij się, że w funkcji Main jest zaznaczony element STAThreadAttribute.

--- Main exception: StackTrace ---
   w System.Windows.Forms.ComboBox.set_AutoCompleteMode(AutoCompleteMode value)
   w GUI.WFSModelerForm.AddComboBox(EventParamModeler ep, GroupBox group) w C:\CP\ParserGit\JiraParser\GUI\WFSModelerForm.cs:wiersz 547
   w GUI.WFSModelerForm.GenerateForm(GroupBox group, Int32 ParamGroupId) w C:\CP\ParserGit\JiraParser\GUI\WFSModelerForm.cs:wiersz 451
   w GUI.WFSModelerForm.GenerateForm(GroupBox group, Int32 ParamGroupId) w C:\CP\ParserGit\JiraParser\GUI\WFSModelerForm.cs:wiersz 458
   w GUI.WFSModelerForm.GenerateForm(GroupBox group, Int32 ParamGroupId) w C:\CP\ParserGit\JiraParser\GUI\WFSModelerForm.cs:wiersz 458
   w GUI.WFSModelerForm.GenerateForm(Boolean visible) w C:\CP\ParserGit\JiraParser\GUI\WFSModelerForm.cs:wiersz 411
   w GUI.WFSModelerForm..ctor(List`1 list, String name, BillingIssueDto issue, IParserEngineWFS gujaczWFS, Int32 eventMoveId, calbackDelegate callback, TreeView tr, Boolean quickStep, Object selectOption) w C:\CP\ParserGit\JiraParser\GUI\WFSModelerForm.cs:wiersz 308

--- Main exception: Source ---
System.Windows.Forms

poniedziałek, 7 stycznia 2019 07:59:39

Automatyczne sprawdzanie zgłoszeń zakończono o: 2019-01-07 07:59:39 

poniedziałek, 7 stycznia 2019 08:02:47

Automatyczne sprawdzanie zgłoszeń zakończono o: 2019-01-07 08:02:47 

poniedziałek, 7 stycznia 2019 08:05:49

Automatyczne sprawdzanie zgłoszeń zakończono o: 2019-01-07 08:05:49 

poniedziałek, 7 stycznia 2019 08:08:48

Automatyczne sprawdzanie zgłoszeń zakończono o: 2019-01-07 08:08:48 

poniedziałek, 7 stycznia 2019 08:12:01

Automatyczne sprawdzanie zgłoszeń zakończono o: 2019-01-07 08:12:01 

poniedziałek, 7 stycznia 2019 08:15:00

Automatyczne sprawdzanie zgłoszeń zakończono o: 2019-01-07 08:15:00 

poniedziałek, 7 stycznia 2019 08:18:06

Automatyczne sprawdzanie zgłoszeń zakończono o: 2019-01-07 08:18:06 

poniedziałek, 7 stycznia 2019 08:21:10

Automatyczne sprawdzanie zgłoszeń zakończono o: 2019-01-07 08:21:10 

poniedziałek, 7 stycznia 2019 08:24:18

Automatyczne sprawdzanie zgłoszeń zakończono o: 2019-01-07 08:24:18 

poniedziałek, 7 stycznia 2019 08:27:24

Automatyczne sprawdzanie zgłoszeń zakończono o: 2019-01-07 08:27:24 

poniedziałek, 7 stycznia 2019 08:30:30

Automatyczne sprawdzanie zgłoszeń zakończono o: 2019-01-07 08:30:30 

poniedziałek, 7 stycznia 2019 08:33:33

Automatyczne sprawdzanie zgłoszeń zakończono o: 2019-01-07 08:33:33 

poniedziałek, 7 stycznia 2019 08:38:17

Automatyczne sprawdzanie zgłoszeń zakończono o: 2019-01-07 08:38:17 

poniedziałek, 7 stycznia 2019 08:38:20

Zgłoszenie CRM-74822 dodano automatycznie o godzinie 2019-01-07 08:38:20!
poniedziałek, 7 stycznia 2019 08:41:22

Automatyczne sprawdzanie zgłoszeń zakończono o: 2019-01-07 08:41:22 

poniedziałek, 7 stycznia 2019 08:44:20

Automatyczne sprawdzanie zgłoszeń zakończono o: 2019-01-07 08:44:20 

poniedziałek, 7 stycznia 2019 08:47:17

Automatyczne sprawdzanie zgłoszeń zakończono o: 2019-01-07 08:47:17 

poniedziałek, 7 stycznia 2019 08:50:03

Automatyczne sprawdzanie zgłoszeń zakończono o: 2019-01-07 08:50:03 

poniedziałek, 7 stycznia 2019 08:50:06

Zgłoszenie ZCC-17800 dodano automatycznie o godzinie 2019-01-07 08:50:06!
poniedziałek, 7 stycznia 2019 08:53:03

Automatyczne sprawdzanie zgłoszeń zakończono o: 2019-01-07 08:53:03 

poniedziałek, 7 stycznia 2019 08:55:48

Automatyczne sprawdzanie zgłoszeń zakończono o: 2019-01-07 08:55:48 

poniedziałek, 7 stycznia 2019 08:58:54

Automatyczne sprawdzanie zgłoszeń zakończono o: 2019-01-07 08:58:54 

poniedziałek, 7 stycznia 2019 09:01:40

Automatyczne sprawdzanie zgłoszeń zakończono o: 2019-01-07 09:01:40 

poniedziałek, 7 stycznia 2019 09:04:36

Automatyczne sprawdzanie zgłoszeń zakończono o: 2019-01-07 09:04:36 

poniedziałek, 7 stycznia 2019 09:04:42

Zgłoszenie CRM-74823 dodano automatycznie o godzinie 2019-01-07 09:04:42!
poniedziałek, 7 stycznia 2019 09:04:47

Zgłoszenie ZCC-17801 dodano automatycznie o godzinie 2019-01-07 09:04:47!
poniedziałek, 7 stycznia 2019 09:07:33

Automatyczne sprawdzanie zgłoszeń zakończono o: 2019-01-07 09:07:33 

poniedziałek, 7 stycznia 2019 09:10:38

Automatyczne sprawdzanie zgłoszeń zakończono o: 2019-01-07 09:10:38 

poniedziałek, 7 stycznia 2019 09:13:31

Automatyczne sprawdzanie zgłoszeń zakończono o: 2019-01-07 09:13:31 

poniedziałek, 7 stycznia 2019 09:16:33

Automatyczne sprawdzanie zgłoszeń zakończono o: 2019-01-07 09:16:33 

poniedziałek, 7 stycznia 2019 09:16:36

Zgłoszenie ZCC-17802 dodano automatycznie o godzinie 2019-01-07 09:16:36!
poniedziałek, 7 stycznia 2019 09:16:45

Zgłoszenie ZCC-17803 dodano automatycznie o godzinie 2019-01-07 09:16:45!
poniedziałek, 7 stycznia 2019 09:19:22

Automatyczne sprawdzanie zgłoszeń zakończono o: 2019-01-07 09:19:22 

poniedziałek, 7 stycznia 2019 09:22:24

Automatyczne sprawdzanie zgłoszeń zakończono o: 2019-01-07 09:22:24 

poniedziałek, 7 stycznia 2019 09:25:16

Automatyczne sprawdzanie zgłoszeń zakończono o: 2019-01-07 09:25:16 

poniedziałek, 7 stycznia 2019 09:28:18

Automatyczne sprawdzanie zgłoszeń zakończono o: 2019-01-07 09:28:18 

poniedziałek, 7 stycznia 2019 09:31:08

Automatyczne sprawdzanie zgłoszeń zakończono o: 2019-01-07 09:31:08 

poniedziałek, 7 stycznia 2019 09:34:02

Automatyczne sprawdzanie zgłoszeń zakończono o: 2019-01-07 09:34:02 

poniedziałek, 7 stycznia 2019 09:36:56

Automatyczne sprawdzanie zgłoszeń zakończono o: 2019-01-07 09:36:56 

poniedziałek, 7 stycznia 2019 09:39:56

Automatyczne sprawdzanie zgłoszeń zakończono o: 2019-01-07 09:39:56 

poniedziałek, 7 stycznia 2019 09:39:59

Zgłoszenie ZCC-17804 dodano automatycznie o godzinie 2019-01-07 09:39:59!
poniedziałek, 7 stycznia 2019 09:40:03

Zgłoszenie ZCC-17805 dodano automatycznie o godzinie 2019-01-07 09:40:03!
poniedziałek, 7 stycznia 2019 09:42:48

Automatyczne sprawdzanie zgłoszeń zakończono o: 2019-01-07 09:42:48 

poniedziałek, 7 stycznia 2019 09:42:51

Zgłoszenie ZCC-17806 dodano automatycznie o godzinie 2019-01-07 09:42:51!
poniedziałek, 7 stycznia 2019 09:45:44

Automatyczne sprawdzanie zgłoszeń zakończono o: 2019-01-07 09:45:44 

poniedziałek, 7 stycznia 2019 09:48:40

Automatyczne sprawdzanie zgłoszeń zakończono o: 2019-01-07 09:48:40 

poniedziałek, 7 stycznia 2019 09:51:35

Automatyczne sprawdzanie zgłoszeń zakończono o: 2019-01-07 09:51:35 

poniedziałek, 7 stycznia 2019 09:51:39

Zgłoszenie ZCC-17808 dodano automatycznie o godzinie 2019-01-07 09:51:39!
poniedziałek, 7 stycznia 2019 09:51:45

Zgłoszenie ZCC-17807 dodano automatycznie o godzinie 2019-01-07 09:51:45!
poniedziałek, 7 stycznia 2019 09:52:04

--- Main exception: Message ---
Zmodyfikowano kolekcję. Nie można wykonać operacji wyliczania.

--- Main exception: StackTrace ---
   w System.ThrowHelper.ThrowInvalidOperationException(ExceptionResource resource)
   w System.Collections.Generic.Dictionary`2.Enumerator.MoveNext()
   w GUI.MainForm.GetActionForIssues(TreeView tr) w C:\CP\ParserGit\JiraParser\GUI\MainForm.cs:wiersz 5104

--- Main exception: Source ---
mscorlib

poniedziałek, 7 stycznia 2019 09:52:05

--- Main exception: Message ---
Zmodyfikowano kolekcję. Nie można wykonać operacji wyliczania.

--- Main exception: StackTrace ---
   w System.ThrowHelper.ThrowInvalidOperationException(ExceptionResource resource)
   w System.Collections.Generic.Dictionary`2.Enumerator.MoveNext()
   w GUI.MainForm.GetActionForIssues(TreeView tr) w C:\CP\ParserGit\JiraParser\GUI\MainForm.cs:wiersz 5104

--- Main exception: Source ---
mscorlib

poniedziałek, 7 stycznia 2019 09:54:30

Automatyczne sprawdzanie zgłoszeń zakończono o: 2019-01-07 09:54:30 

poniedziałek, 7 stycznia 2019 09:54:58

--- Main exception: Message ---
Zmodyfikowano kolekcję. Nie można wykonać operacji wyliczania.

--- Main exception: StackTrace ---
   w System.ThrowHelper.ThrowInvalidOperationException(ExceptionResource resource)
   w System.Collections.Generic.Dictionary`2.Enumerator.MoveNext()
   w GUI.MainForm.GetActionForIssues(TreeView tr) w C:\CP\ParserGit\JiraParser\GUI\MainForm.cs:wiersz 5104

--- Main exception: Source ---
mscorlib

poniedziałek, 7 stycznia 2019 09:57:28

Automatyczne sprawdzanie zgłoszeń zakończono o: 2019-01-07 09:57:28 

poniedziałek, 7 stycznia 2019 09:57:30

Zgłoszenie CRM-74824 dodano automatycznie o godzinie 2019-01-07 09:57:30!
poniedziałek, 7 stycznia 2019 09:57:53

--- Main exception: Message ---
Zmodyfikowano kolekcję. Nie można wykonać operacji wyliczania.

--- Main exception: StackTrace ---
   w System.ThrowHelper.ThrowInvalidOperationException(ExceptionResource resource)
   w System.Collections.Generic.Dictionary`2.Enumerator.MoveNext()
   w GUI.MainForm.GetActionForIssues(TreeView tr) w C:\CP\ParserGit\JiraParser\GUI\MainForm.cs:wiersz 5104

--- Main exception: Source ---
mscorlib

poniedziałek, 7 stycznia 2019 09:57:54

--- Main exception: Message ---
Zmodyfikowano kolekcję. Nie można wykonać operacji wyliczania.

--- Main exception: StackTrace ---
   w System.ThrowHelper.ThrowInvalidOperationException(ExceptionResource resource)
   w System.Collections.Generic.Dictionary`2.Enumerator.MoveNext()
   w GUI.MainForm.GetActionForIssues(TreeView tr) w C:\CP\ParserGit\JiraParser\GUI\MainForm.cs:wiersz 5104

--- Main exception: Source ---
mscorlib

poniedziałek, 7 stycznia 2019 10:00:20

Automatyczne sprawdzanie zgłoszeń zakończono o: 2019-01-07 10:00:20 

poniedziałek, 7 stycznia 2019 10:00:55

--- Main exception: Message ---
Zmodyfikowano kolekcję. Nie można wykonać operacji wyliczania.

--- Main exception: StackTrace ---
   w System.ThrowHelper.ThrowInvalidOperationException(ExceptionResource resource)
   w System.Collections.Generic.Dictionary`2.Enumerator.MoveNext()
   w GUI.MainForm.GetActionForIssues(TreeView tr) w C:\CP\ParserGit\JiraParser\GUI\MainForm.cs:wiersz 5104

--- Main exception: Source ---
mscorlib

poniedziałek, 7 stycznia 2019 10:03:24

Automatyczne sprawdzanie zgłoszeń zakończono o: 2019-01-07 10:03:24 

poniedziałek, 7 stycznia 2019 10:03:27

Zgłoszenie WIND-7958 dodano automatycznie o godzinie 2019-01-07 10:03:27!
poniedziałek, 7 stycznia 2019 10:03:53

--- Main exception: Message ---
Zmodyfikowano kolekcję. Nie można wykonać operacji wyliczania.

--- Main exception: StackTrace ---
   w System.ThrowHelper.ThrowInvalidOperationException(ExceptionResource resource)
   w System.Collections.Generic.Dictionary`2.Enumerator.MoveNext()
   w GUI.MainForm.GetActionForIssues(TreeView tr) w C:\CP\ParserGit\JiraParser\GUI\MainForm.cs:wiersz 5104

--- Main exception: Source ---
mscorlib

poniedziałek, 7 stycznia 2019 10:03:53

--- Main exception: Message ---
Element o tym samym kluczu został już dodany.

--- Main exception: StackTrace ---
   w System.ThrowHelper.ThrowArgumentException(ExceptionResource resource)
   w System.Collections.Generic.Dictionary`2.Insert(TKey key, TValue value, Boolean add)
   w GUI.MainForm.GetActionForIssues(TreeView tr) w C:\CP\ParserGit\JiraParser\GUI\MainForm.cs:wiersz 5108

--- Main exception: Source ---
mscorlib

poniedziałek, 7 stycznia 2019 10:06:19

Automatyczne sprawdzanie zgłoszeń zakończono o: 2019-01-07 10:06:19 

poniedziałek, 7 stycznia 2019 10:06:49

--- Main exception: Message ---
Zmodyfikowano kolekcję. Nie można wykonać operacji wyliczania.

--- Main exception: StackTrace ---
   w System.ThrowHelper.ThrowInvalidOperationException(ExceptionResource resource)
   w System.Collections.Generic.Dictionary`2.Enumerator.MoveNext()
   w GUI.MainForm.GetActionForIssues(TreeView tr) w C:\CP\ParserGit\JiraParser\GUI\MainForm.cs:wiersz 5104

--- Main exception: Source ---
mscorlib

poniedziałek, 7 stycznia 2019 10:06:49

--- Main exception: Message ---
Zmodyfikowano kolekcję. Nie można wykonać operacji wyliczania.

--- Main exception: StackTrace ---
   w System.ThrowHelper.ThrowInvalidOperationException(ExceptionResource resource)
   w System.Collections.Generic.Dictionary`2.Enumerator.MoveNext()
   w GUI.MainForm.GetActionForIssues(TreeView tr) w C:\CP\ParserGit\JiraParser\GUI\MainForm.cs:wiersz 5104

--- Main exception: Source ---
mscorlib

poniedziałek, 7 stycznia 2019 10:09:18

Automatyczne sprawdzanie zgłoszeń zakończono o: 2019-01-07 10:09:18 

poniedziałek, 7 stycznia 2019 10:09:46

--- Main exception: Message ---
Zmodyfikowano kolekcję. Nie można wykonać operacji wyliczania.

--- Main exception: StackTrace ---
   w System.ThrowHelper.ThrowInvalidOperationException(ExceptionResource resource)
   w System.Collections.Generic.Dictionary`2.Enumerator.MoveNext()
   w GUI.MainForm.GetActionForIssues(TreeView tr) w C:\CP\ParserGit\JiraParser\GUI\MainForm.cs:wiersz 5104

--- Main exception: Source ---
mscorlib

poniedziałek, 7 stycznia 2019 10:11:45

--- Main exception: Message ---
Nie można uzyskać dostępu do usuniętego obiektu.
Nazwa obiektu: 'WFSform'.

--- Main exception: StackTrace ---
   w System.Windows.Forms.Control.CreateHandle()
   w System.Windows.Forms.Form.CreateHandle()
   w System.Windows.Forms.Control.get_Handle()
   w System.Windows.Forms.Application.ThreadContext.RunMessageLoopInner(Int32 reason, ApplicationContext context)
   w System.Windows.Forms.Application.ThreadContext.RunMessageLoop(Int32 reason, ApplicationContext context)
   w System.Windows.Forms.Form.ShowDialog(IWin32Window owner)
   w GUI.MainForm.UzupelnijDane(TreeView tr, Boolean auto) w C:\CP\ParserGit\JiraParser\GUI\MainForm.cs:wiersz 3730
   w GUI.MainForm.<newIssueAutoAddToBPMUzupelnijDane>b__212_0() w C:\CP\ParserGit\JiraParser\GUI\MainForm.cs:wiersz 6962

--- Main exception: Source ---
System.Windows.Forms

poniedziałek, 7 stycznia 2019 10:57:01

Automatyczne sprawdzanie zgłoszeń zakończono o: 2019-01-07 10:57:01 

poniedziałek, 7 stycznia 2019 10:57:33

--- Main exception: Message ---
Bieżący wątek musi być ustawiony na tryb jednowątkowego apartamentu, aby można było wykonywać wywołania OLE. Upewnij się, że w funkcji Main jest zaznaczony element STAThreadAttribute.

--- Main exception: StackTrace ---
   w System.Windows.Forms.ComboBox.set_AutoCompleteMode(AutoCompleteMode value)
   w GUI.WFSModelerForm.AddComboBox(EventParamModeler ep, GroupBox group) w C:\CP\ParserGit\JiraParser\GUI\WFSModelerForm.cs:wiersz 547
   w GUI.WFSModelerForm.GenerateForm(GroupBox group, Int32 ParamGroupId) w C:\CP\ParserGit\JiraParser\GUI\WFSModelerForm.cs:wiersz 451
   w GUI.WFSModelerForm.GenerateForm(GroupBox group, Int32 ParamGroupId) w C:\CP\ParserGit\JiraParser\GUI\WFSModelerForm.cs:wiersz 458
   w GUI.WFSModelerForm.GenerateForm(GroupBox group, Int32 ParamGroupId) w C:\CP\ParserGit\JiraParser\GUI\WFSModelerForm.cs:wiersz 458
   w GUI.WFSModelerForm.GenerateForm(Boolean visible) w C:\CP\ParserGit\JiraParser\GUI\WFSModelerForm.cs:wiersz 411
   w GUI.WFSModelerForm..ctor(List`1 list, String name, BillingIssueDto issue, IParserEngineWFS gujaczWFS, Int32 eventMoveId, calbackDelegate callback, TreeView tr, Boolean quickStep, Object selectOption) w C:\CP\ParserGit\JiraParser\GUI\WFSModelerForm.cs:wiersz 308

--- Main exception: Source ---
System.Windows.Forms

poniedziałek, 7 stycznia 2019 11:00:03

Automatyczne sprawdzanie zgłoszeń zakończono o: 2019-01-07 11:00:03 

poniedziałek, 7 stycznia 2019 11:03:05

Automatyczne sprawdzanie zgłoszeń zakończono o: 2019-01-07 11:03:05 

poniedziałek, 7 stycznia 2019 11:06:06

Automatyczne sprawdzanie zgłoszeń zakończono o: 2019-01-07 11:06:06 

poniedziałek, 7 stycznia 2019 11:08:56

Automatyczne sprawdzanie zgłoszeń zakończono o: 2019-01-07 11:08:56 

poniedziałek, 7 stycznia 2019 11:11:58

Automatyczne sprawdzanie zgłoszeń zakończono o: 2019-01-07 11:11:58 

poniedziałek, 7 stycznia 2019 11:14:53

Automatyczne sprawdzanie zgłoszeń zakończono o: 2019-01-07 11:14:53 

poniedziałek, 7 stycznia 2019 11:17:44

Automatyczne sprawdzanie zgłoszeń zakończono o: 2019-01-07 11:17:44 

poniedziałek, 7 stycznia 2019 11:20:34

Automatyczne sprawdzanie zgłoszeń zakończono o: 2019-01-07 11:20:34 

poniedziałek, 7 stycznia 2019 11:23:32

Automatyczne sprawdzanie zgłoszeń zakończono o: 2019-01-07 11:23:32 

poniedziałek, 7 stycznia 2019 11:26:26

Automatyczne sprawdzanie zgłoszeń zakończono o: 2019-01-07 11:26:26 

poniedziałek, 7 stycznia 2019 11:26:50

--- Main exception: Message ---
Zmodyfikowano kolekcję. Nie można wykonać operacji wyliczania.

--- Main exception: StackTrace ---
   w System.ThrowHelper.ThrowInvalidOperationException(ExceptionResource resource)
   w System.Collections.Generic.Dictionary`2.Enumerator.MoveNext()
   w GUI.MainForm.GetActionForIssues(TreeView tr) w C:\CP\ParserGit\JiraParser\GUI\MainForm.cs:wiersz 5104

--- Main exception: Source ---
mscorlib

poniedziałek, 7 stycznia 2019 11:34:02

Automatyczne sprawdzanie zgłoszeń zakończono o: 2019-01-07 11:34:02 

poniedziałek, 7 stycznia 2019 11:36:57

Automatyczne sprawdzanie zgłoszeń zakończono o: 2019-01-07 11:36:57 

poniedziałek, 7 stycznia 2019 11:39:49

Automatyczne sprawdzanie zgłoszeń zakończono o: 2019-01-07 11:39:49 

poniedziałek, 7 stycznia 2019 11:42:43

Automatyczne sprawdzanie zgłoszeń zakończono o: 2019-01-07 11:42:43 

poniedziałek, 7 stycznia 2019 11:45:34

Automatyczne sprawdzanie zgłoszeń zakończono o: 2019-01-07 11:45:34 

poniedziałek, 7 stycznia 2019 11:48:19

Automatyczne sprawdzanie zgłoszeń zakończono o: 2019-01-07 11:48:19 

poniedziałek, 7 stycznia 2019 11:51:10

Automatyczne sprawdzanie zgłoszeń zakończono o: 2019-01-07 11:51:10 

poniedziałek, 7 stycznia 2019 11:54:01

Automatyczne sprawdzanie zgłoszeń zakończono o: 2019-01-07 11:54:01 

poniedziałek, 7 stycznia 2019 11:54:10

--- Main exception: Message ---
Zmodyfikowano kolekcję. Nie można wykonać operacji wyliczania.

--- Main exception: StackTrace ---
   w System.ThrowHelper.ThrowInvalidOperationException(ExceptionResource resource)
   w System.Collections.Generic.Dictionary`2.Enumerator.MoveNext()
   w GUI.MainForm.GetActionForIssues(TreeView tr) w C:\CP\ParserGit\JiraParser\GUI\MainForm.cs:wiersz 5104

--- Main exception: Source ---
mscorlib

poniedziałek, 7 stycznia 2019 11:56:46

Automatyczne sprawdzanie zgłoszeń zakończono o: 2019-01-07 11:56:46 

poniedziałek, 7 stycznia 2019 11:59:35

Automatyczne sprawdzanie zgłoszeń zakończono o: 2019-01-07 11:59:35 

poniedziałek, 7 stycznia 2019 12:02:20

Automatyczne sprawdzanie zgłoszeń zakończono o: 2019-01-07 12:02:20 

poniedziałek, 7 stycznia 2019 12:05:09

Automatyczne sprawdzanie zgłoszeń zakończono o: 2019-01-07 12:05:09 

poniedziałek, 7 stycznia 2019 12:07:54

Automatyczne sprawdzanie zgłoszeń zakończono o: 2019-01-07 12:07:54 

poniedziałek, 7 stycznia 2019 12:10:42

Automatyczne sprawdzanie zgłoszeń zakończono o: 2019-01-07 12:10:42 

poniedziałek, 7 stycznia 2019 12:13:28

Automatyczne sprawdzanie zgłoszeń zakończono o: 2019-01-07 12:13:28 

poniedziałek, 7 stycznia 2019 12:16:14

Automatyczne sprawdzanie zgłoszeń zakończono o: 2019-01-07 12:16:14 

poniedziałek, 7 stycznia 2019 12:19:00

Automatyczne sprawdzanie zgłoszeń zakończono o: 2019-01-07 12:19:00 

poniedziałek, 7 stycznia 2019 12:21:45

Automatyczne sprawdzanie zgłoszeń zakończono o: 2019-01-07 12:21:45 

poniedziałek, 7 stycznia 2019 12:24:30

Automatyczne sprawdzanie zgłoszeń zakończono o: 2019-01-07 12:24:30 

poniedziałek, 7 stycznia 2019 12:24:46

--- Main exception: Message ---
Nieprawidłowa operacja między wątkami: do formantu '' uzyskiwany jest dostęp z wątku innego niż wątek, w którym został utworzony.

--- Main exception: StackTrace ---
   w System.Windows.Forms.Control.get_Handle()
   w System.Windows.Forms.Control.SetBoundsCore(Int32 x, Int32 y, Int32 width, Int32 height, BoundsSpecified specified)
   w System.Windows.Forms.Control.System.Windows.Forms.Layout.IArrangedElement.SetBounds(Rectangle bounds, BoundsSpecified specified)
   w System.Windows.Forms.ToolStripControlHost.OnBoundsChanged()
   w System.Windows.Forms.ToolStripItem.SetBounds(Rectangle bounds)
   w System.Windows.Forms.ToolStripItem.System.Windows.Forms.Layout.IArrangedElement.SetBounds(Rectangle bounds, BoundsSpecified specified)
   w System.Windows.Forms.Layout.TableLayout.SetElementBounds(ContainerInfo containerInfo, RectangleF displayRectF)
   w System.Windows.Forms.Layout.TableLayout.LayoutCore(IArrangedElement container, LayoutEventArgs args)
   w System.Windows.Forms.Layout.LayoutEngine.Layout(Object container, LayoutEventArgs layoutEventArgs)
   w System.Windows.Forms.Control.OnLayout(LayoutEventArgs levent)
   w System.Windows.Forms.ToolStrip.OnLayout(LayoutEventArgs e)
   w System.Windows.Forms.StatusStrip.OnLayout(LayoutEventArgs levent)
   w System.Windows.Forms.Control.PerformLayout(LayoutEventArgs args)
   w System.Windows.Forms.ToolStripItem.InvalidateItemLayout(String affectedProperty, Boolean invalidatePainting)
   w System.Windows.Forms.ToolStripItem.OnTextChanged(EventArgs e)
   w System.Windows.Forms.ToolStripItem.set_Text(String value)
   w GUI.MainForm.slaReportLoad(Object sender, DoWorkEventArgs e) w C:\CP\ParserGit\JiraParser\GUI\SlaService.cs:wiersz 27

--- Main exception: Source ---
System.Windows.Forms

poniedziałek, 7 stycznia 2019 12:27:16

Automatyczne sprawdzanie zgłoszeń zakończono o: 2019-01-07 12:27:16 

poniedziałek, 7 stycznia 2019 12:27:20

Zgłoszenie INFOLINIA-6441 dodano automatycznie o godzinie 2019-01-07 12:27:20!
poniedziałek, 7 stycznia 2019 12:30:02

Automatyczne sprawdzanie zgłoszeń zakończono o: 2019-01-07 12:30:02 

poniedziałek, 7 stycznia 2019 12:32:47

Automatyczne sprawdzanie zgłoszeń zakończono o: 2019-01-07 12:32:47 

poniedziałek, 7 stycznia 2019 12:32:50

Zgłoszenie CRM-74827 dodano automatycznie o godzinie 2019-01-07 12:32:50!
poniedziałek, 7 stycznia 2019 12:35:33

Automatyczne sprawdzanie zgłoszeń zakończono o: 2019-01-07 12:35:33 

poniedziałek, 7 stycznia 2019 12:38:18

Automatyczne sprawdzanie zgłoszeń zakończono o: 2019-01-07 12:38:18 

poniedziałek, 7 stycznia 2019 13:32:19

Automatyczne sprawdzanie zgłoszeń zakończono o: 2019-01-07 13:32:19 

poniedziałek, 7 stycznia 2019 13:35:04

Automatyczne sprawdzanie zgłoszeń zakończono o: 2019-01-07 13:35:04 

poniedziałek, 7 stycznia 2019 13:37:50

Automatyczne sprawdzanie zgłoszeń zakończono o: 2019-01-07 13:37:50 

poniedziałek, 7 stycznia 2019 13:40:35

Automatyczne sprawdzanie zgłoszeń zakończono o: 2019-01-07 13:40:35 

poniedziałek, 7 stycznia 2019 13:43:21

Automatyczne sprawdzanie zgłoszeń zakończono o: 2019-01-07 13:43:21 

poniedziałek, 7 stycznia 2019 13:46:06

Automatyczne sprawdzanie zgłoszeń zakończono o: 2019-01-07 13:46:06 

poniedziałek, 7 stycznia 2019 13:48:52

Automatyczne sprawdzanie zgłoszeń zakończono o: 2019-01-07 13:48:52 

poniedziałek, 7 stycznia 2019 13:51:40

Automatyczne sprawdzanie zgłoszeń zakończono o: 2019-01-07 13:51:40 

poniedziałek, 7 stycznia 2019 13:54:26

Automatyczne sprawdzanie zgłoszeń zakończono o: 2019-01-07 13:54:26 

poniedziałek, 7 stycznia 2019 13:54:28

Zgłoszenie CRM-74830 dodano automatycznie o godzinie 2019-01-07 13:54:28!
poniedziałek, 7 stycznia 2019 13:57:12

Automatyczne sprawdzanie zgłoszeń zakończono o: 2019-01-07 13:57:12 

poniedziałek, 7 stycznia 2019 13:59:57

Automatyczne sprawdzanie zgłoszeń zakończono o: 2019-01-07 13:59:57 

poniedziałek, 7 stycznia 2019 14:02:43

Automatyczne sprawdzanie zgłoszeń zakończono o: 2019-01-07 14:02:43 

poniedziałek, 7 stycznia 2019 14:02:46

Zgłoszenie CRM-74831 dodano automatycznie o godzinie 2019-01-07 14:02:46!
poniedziałek, 7 stycznia 2019 14:05:29

Automatyczne sprawdzanie zgłoszeń zakończono o: 2019-01-07 14:05:29 

poniedziałek, 7 stycznia 2019 14:08:17

Automatyczne sprawdzanie zgłoszeń zakończono o: 2019-01-07 14:08:17 

poniedziałek, 7 stycznia 2019 14:11:03

Automatyczne sprawdzanie zgłoszeń zakończono o: 2019-01-07 14:11:03 

poniedziałek, 7 stycznia 2019 14:13:51

Automatyczne sprawdzanie zgłoszeń zakończono o: 2019-01-07 14:13:51 

poniedziałek, 7 stycznia 2019 14:16:36

Automatyczne sprawdzanie zgłoszeń zakończono o: 2019-01-07 14:16:36 

poniedziałek, 7 stycznia 2019 14:19:25

Automatyczne sprawdzanie zgłoszeń zakończono o: 2019-01-07 14:19:25 

poniedziałek, 7 stycznia 2019 14:22:11

Automatyczne sprawdzanie zgłoszeń zakończono o: 2019-01-07 14:22:11 

poniedziałek, 7 stycznia 2019 14:24:57

Automatyczne sprawdzanie zgłoszeń zakończono o: 2019-01-07 14:24:57 

poniedziałek, 7 stycznia 2019 14:27:48

Automatyczne sprawdzanie zgłoszeń zakończono o: 2019-01-07 14:27:48 

poniedziałek, 7 stycznia 2019 14:30:33

Automatyczne sprawdzanie zgłoszeń zakończono o: 2019-01-07 14:30:33 

poniedziałek, 7 stycznia 2019 14:33:19

Automatyczne sprawdzanie zgłoszeń zakończono o: 2019-01-07 14:33:19 

poniedziałek, 7 stycznia 2019 14:36:07

Automatyczne sprawdzanie zgłoszeń zakończono o: 2019-01-07 14:36:07 

poniedziałek, 7 stycznia 2019 14:38:53

Automatyczne sprawdzanie zgłoszeń zakończono o: 2019-01-07 14:38:53 

poniedziałek, 7 stycznia 2019 14:41:39

Automatyczne sprawdzanie zgłoszeń zakończono o: 2019-01-07 14:41:39 

poniedziałek, 7 stycznia 2019 14:41:42

Zgłoszenie CRM-74832 dodano automatycznie o godzinie 2019-01-07 14:41:42!
poniedziałek, 7 stycznia 2019 14:44:25

Automatyczne sprawdzanie zgłoszeń zakończono o: 2019-01-07 14:44:25 

poniedziałek, 7 stycznia 2019 14:47:12

Automatyczne sprawdzanie zgłoszeń zakończono o: 2019-01-07 14:47:12 

poniedziałek, 7 stycznia 2019 14:49:57

Automatyczne sprawdzanie zgłoszeń zakończono o: 2019-01-07 14:49:57 

poniedziałek, 7 stycznia 2019 14:52:45

Automatyczne sprawdzanie zgłoszeń zakończono o: 2019-01-07 14:52:45 

poniedziałek, 7 stycznia 2019 14:55:31

Automatyczne sprawdzanie zgłoszeń zakończono o: 2019-01-07 14:55:31 

poniedziałek, 7 stycznia 2019 14:58:19

Automatyczne sprawdzanie zgłoszeń zakończono o: 2019-01-07 14:58:19 

poniedziałek, 7 stycznia 2019 15:01:10

Automatyczne sprawdzanie zgłoszeń zakończono o: 2019-01-07 15:01:10 

poniedziałek, 7 stycznia 2019 15:09:30

Automatyczne sprawdzanie zgłoszeń zakończono o: 2019-01-07 15:09:30 

poniedziałek, 7 stycznia 2019 15:12:47

Automatyczne sprawdzanie zgłoszeń zakończono o: 2019-01-07 15:12:47 

poniedziałek, 7 stycznia 2019 15:15:32

Automatyczne sprawdzanie zgłoszeń zakończono o: 2019-01-07 15:15:32 

poniedziałek, 7 stycznia 2019 15:18:18

Automatyczne sprawdzanie zgłoszeń zakończono o: 2019-01-07 15:18:18 

poniedziałek, 7 stycznia 2019 15:21:03

Automatyczne sprawdzanie zgłoszeń zakończono o: 2019-01-07 15:21:03 

poniedziałek, 7 stycznia 2019 15:23:49

Automatyczne sprawdzanie zgłoszeń zakończono o: 2019-01-07 15:23:48 

poniedziałek, 7 stycznia 2019 15:26:34

Automatyczne sprawdzanie zgłoszeń zakończono o: 2019-01-07 15:26:34 

