niedziela, 2 czerwca 2019 00:00:24

--- Main exception: Message ---
Przekroczono limit czasu nieaktywności (00:10:00).

--- Main exception: StackTrace ---

Server stack trace: 
   w System.ServiceModel.Channels.ReliableRequestSessionChannel.SyncRequest.WaitForReply(TimeSpan timeout)
   w System.ServiceModel.Channels.RequestChannel.Request(Message message, TimeSpan timeout)
   w System.ServiceModel.Dispatcher.RequestChannelBinder.Request(Message message, TimeSpan timeout)
   w System.ServiceModel.Channels.ServiceChannel.Call(String action, Boolean oneway, ProxyOperationRuntime operation, Object[] ins, Object[] outs, TimeSpan timeout)
   w System.ServiceModel.Channels.ServiceChannelProxy.InvokeService(IMethodCallMessage methodCall, ProxyOperationRuntime operation)
   w System.ServiceModel.Channels.ServiceChannelProxy.Invoke(IMessage message)

Exception rethrown at [0]: 
   w System.Runtime.Remoting.Proxies.RealProxy.HandleReturnMessage(IMessage reqMsg, IMessage retMsg)
   w System.Runtime.Remoting.Proxies.RealProxy.PrivateInvoke(MessageData& msgData, Int32 type)
   w DataLayer.HPDataService.IDataService4HP.ExecuteStoredProcedure(User user, String procedureName, String[] parameters, DatabaseName database)
   w DataLayer.Implementation.GatewayDaoWFS.ExecuteStoredProcedure(String procedureName, String[] parameters, DatabaseName database) w C:\CP\ParserGit\JiraParser\DataLayer\Implementation\GatewayDaoWFS.cs:wiersz 138

--- Main exception: Source ---
mscorlib

niedziela, 2 czerwca 2019 23:26:40

--- Main exception: Message ---
Przekroczono limit czasu nieaktywności (00:10:00).

--- Main exception: StackTrace ---

Server stack trace: 
   w System.ServiceModel.Channels.ReliableRequestSessionChannel.SyncRequest.WaitForReply(TimeSpan timeout)
   w System.ServiceModel.Channels.RequestChannel.Request(Message message, TimeSpan timeout)
   w System.ServiceModel.Dispatcher.RequestChannelBinder.Request(Message message, TimeSpan timeout)
   w System.ServiceModel.Channels.ServiceChannel.Call(String action, Boolean oneway, ProxyOperationRuntime operation, Object[] ins, Object[] outs, TimeSpan timeout)
   w System.ServiceModel.Channels.ServiceChannelProxy.InvokeService(IMethodCallMessage methodCall, ProxyOperationRuntime operation)
   w System.ServiceModel.Channels.ServiceChannelProxy.Invoke(IMessage message)

Exception rethrown at [0]: 
   w System.Runtime.Remoting.Proxies.RealProxy.HandleReturnMessage(IMessage reqMsg, IMessage retMsg)
   w System.Runtime.Remoting.Proxies.RealProxy.PrivateInvoke(MessageData& msgData, Int32 type)
   w DataLayer.HPDataService.IDataService4HP.ExecuteStoredProcedure(User user, String procedureName, String[] parameters, DatabaseName database)
   w DataLayer.Implementation.GatewayDaoWFS.ExecuteStoredProcedure(String procedureName, String[] parameters, DatabaseName database) w C:\CP\ParserGit\JiraParser\DataLayer\Implementation\GatewayDaoWFS.cs:wiersz 138

--- Main exception: Source ---
mscorlib

