poniedziałek, 25 marca 2019 07:39:20

--- Main exception: Message ---
Zmodyfikowano kolekcję. Nie można wykonać operacji wyliczania.

--- Main exception: StackTrace ---
   w System.ThrowHelper.ThrowInvalidOperationException(ExceptionResource resource)
   w System.Collections.Generic.Dictionary`2.Enumerator.MoveNext()
   w System.Linq.Enumerable.Any[TSource](IEnumerable`1 source, Func`2 predicate)
   w GUI.MainForm.addIssueToTreeNode(String issueNumber, List`1 issue, String treeViewName) w C:\CP\ParserGit\JiraParser\GUI\MainForm.cs:wiersz 6267
   w GUI.MainForm.slaAutoStep(DataGridViewRow tmpRow, String issueNumber) w C:\CP\ParserGit\JiraParser\GUI\SlaService.cs:wiersz 595

--- Main exception: Source ---
mscorlib

poniedziałek, 25 marca 2019 08:21:27

Zgłoszenie CRM-75566 dodano automatycznie o godzinie 2019-03-25 08:21:27!
poniedziałek, 25 marca 2019 08:21:27

Modyfikacja treeItem checkAsAssigneponiedziałek, 25 marca 2019 08:21:33

Zgłoszenie INFOLINIA-6599 dodano automatycznie o godzinie 2019-03-25 08:21:33!
poniedziałek, 25 marca 2019 08:21:34

Modyfikacja treeItem checkAsAssigneponiedziałek, 25 marca 2019 08:21:40

addCommentJira string jiraKey CRM-75566poniedziałek, 25 marca 2019 08:21:40

addCommentJira object sender, DoWorkEventArgs e CRM-75566poniedziałek, 25 marca 2019 08:21:42

addCommentJira string jiraKey INFOLINIA-6599poniedziałek, 25 marca 2019 08:21:42

addCommentJira object sender, DoWorkEventArgs e INFOLINIA-6599poniedziałek, 25 marca 2019 08:21:51

Zgłoszenie KKK-4131 dodano automatycznie o godzinie 2019-03-25 08:21:51!
poniedziałek, 25 marca 2019 08:21:51

Modyfikacja treeItem checkAsAssigneponiedziałek, 25 marca 2019 08:21:54

addCommentJira string jiraKey KKK-4131poniedziałek, 25 marca 2019 08:21:54

addCommentJira object sender, DoWorkEventArgs e KKK-4131poniedziałek, 25 marca 2019 08:21:57

Zgłoszenie ZCC-18409 dodano automatycznie o godzinie 2019-03-25 08:21:57!
poniedziałek, 25 marca 2019 08:21:57

Modyfikacja treeItem checkAsAssigneponiedziałek, 25 marca 2019 08:22:00

addCommentJira string jiraKey ZCC-18409poniedziałek, 25 marca 2019 08:22:00

addCommentJira object sender, DoWorkEventArgs e ZCC-18409poniedziałek, 25 marca 2019 08:22:01

Zgłoszenie ZCC-18410 dodano automatycznie o godzinie 2019-03-25 08:22:01!
poniedziałek, 25 marca 2019 08:22:01

Modyfikacja treeItem checkAsAssigneponiedziałek, 25 marca 2019 08:22:04

addCommentJira string jiraKey ZCC-18410poniedziałek, 25 marca 2019 08:22:04

addCommentJira object sender, DoWorkEventArgs e ZCC-18410poniedziałek, 25 marca 2019 08:22:05

Zgłoszenie ZCC-18411 dodano automatycznie o godzinie 2019-03-25 08:22:05!
poniedziałek, 25 marca 2019 08:22:05

Modyfikacja treeItem checkAsAssigneponiedziałek, 25 marca 2019 08:22:07

addCommentJira string jiraKey ZCC-18411poniedziałek, 25 marca 2019 08:22:07

addCommentJira object sender, DoWorkEventArgs e ZCC-18411poniedziałek, 25 marca 2019 08:22:09

Zgłoszenie ZCC-18412 dodano automatycznie o godzinie 2019-03-25 08:22:09!
poniedziałek, 25 marca 2019 08:22:09

Modyfikacja treeItem checkAsAssigneponiedziałek, 25 marca 2019 08:22:12

addCommentJira string jiraKey ZCC-18412poniedziałek, 25 marca 2019 08:22:12

addCommentJira object sender, DoWorkEventArgs e ZCC-18412poniedziałek, 25 marca 2019 08:22:13

Zgłoszenie CRM-75567 dodano automatycznie o godzinie 2019-03-25 08:22:13!
poniedziałek, 25 marca 2019 08:22:13

Modyfikacja treeItem checkAsAssigneponiedziałek, 25 marca 2019 08:22:16

addCommentJira string jiraKey CRM-75567poniedziałek, 25 marca 2019 08:22:16

addCommentJira object sender, DoWorkEventArgs e CRM-75567poniedziałek, 25 marca 2019 08:22:16

Zgłoszenie CRM-75568 dodano automatycznie o godzinie 2019-03-25 08:22:16!
poniedziałek, 25 marca 2019 08:22:17

Modyfikacja treeItem checkAsAssigneponiedziałek, 25 marca 2019 08:22:19

addCommentJira string jiraKey CRM-75568poniedziałek, 25 marca 2019 08:22:19

addCommentJira object sender, DoWorkEventArgs e CRM-75568poniedziałek, 25 marca 2019 08:22:21

Zgłoszenie ZCC-18408 dodano automatycznie o godzinie 2019-03-25 08:22:21!
poniedziałek, 25 marca 2019 08:22:21

Modyfikacja treeItem checkAsAssigneponiedziałek, 25 marca 2019 08:22:23

addCommentJira string jiraKey ZCC-18408poniedziałek, 25 marca 2019 08:22:23

addCommentJira object sender, DoWorkEventArgs e ZCC-18408poniedziałek, 25 marca 2019 11:39:23

Zgłoszenie ZCC-18416 dodano automatycznie o godzinie 2019-03-25 11:39:23!
poniedziałek, 25 marca 2019 11:39:23

Modyfikacja treeItem checkAsAssigneponiedziałek, 25 marca 2019 11:39:28

Zgłoszenie ZCC-18417 dodano automatycznie o godzinie 2019-03-25 11:39:28!
poniedziałek, 25 marca 2019 11:39:28

Modyfikacja treeItem checkAsAssigneponiedziałek, 25 marca 2019 11:39:30

addCommentJira string jiraKey ZCC-18416poniedziałek, 25 marca 2019 11:39:30

addCommentJira object sender, DoWorkEventArgs e ZCC-18416poniedziałek, 25 marca 2019 11:39:32

addCommentJira string jiraKey ZCC-18417poniedziałek, 25 marca 2019 11:39:32

addCommentJira object sender, DoWorkEventArgs e ZCC-18417poniedziałek, 25 marca 2019 12:59:25

--- Main exception: Message ---
Błędne Hasło JIRA dla użytkownika prekawek

--- Main exception: StackTrace ---


--- Main exception: Source ---


poniedziałek, 25 marca 2019 14:25:13

--- Main exception: Message ---
Odwołanie do obiektu nie zostało ustawione na wystąpienie obiektu.

--- Main exception: StackTrace ---
   w GUI.MainForm.GetActionForIssue(BillingIssueDto issue, String trName) w C:\CP\ParserGit\JiraParser\GUI\MainForm.cs:wiersz 5460

--- Main exception: Source ---
GUI

poniedziałek, 25 marca 2019 15:21:02

Zgłoszenie ZCC-18419 dodano automatycznie o godzinie 2019-03-25 15:21:02!
poniedziałek, 25 marca 2019 15:21:02

Modyfikacja treeItem checkAsAssigneponiedziałek, 25 marca 2019 15:21:09

addCommentJira string jiraKey ZCC-18419poniedziałek, 25 marca 2019 15:21:09

addCommentJira object sender, DoWorkEventArgs e ZCC-18419