czwartek, 5 września 2019 00:33:13

Modyfikacja treeItem checkAsAssigneczwartek, 5 września 2019 00:33:18

addCommentJira string jiraKey WIND-8539czwartek, 5 września 2019 00:33:18

addCommentJira object sender, DoWorkEventArgs e WIND-8539czwartek, 5 września 2019 00:33:59

Modyfikacja treeItem checkAsAssigneczwartek, 5 września 2019 00:34:01

addCommentJira string jiraKey ZCC-19393czwartek, 5 września 2019 00:34:01

addCommentJira object sender, DoWorkEventArgs e ZCC-19393czwartek, 5 września 2019 00:34:04

Modyfikacja treeItem checkAsAssigneczwartek, 5 września 2019 00:34:06

addCommentJira string jiraKey ZCC-19394czwartek, 5 września 2019 00:34:06

addCommentJira object sender, DoWorkEventArgs e ZCC-19394czwartek, 5 września 2019 00:34:12

Automatyczny zapis nowego zgłoszenia Entities.BillingIssueDtoHelios [2019-09-05 00:34:12] 

czwartek, 5 września 2019 00:34:26

Automatyczny zapis poprawny Entities.BillingIssueDtoHelios [2019-09-05 00:34:26] 

czwartek, 5 września 2019 00:34:26

Modyfikacja treeItemczwartek, 5 września 2019 00:34:26

Status Auto: False 

czwartek, 5 września 2019 00:34:26

Automatyczny zapis nowego zgłoszenia Entities.BillingIssueDtoHelios [2019-09-05 00:34:26] 

czwartek, 5 września 2019 00:34:29

Automatyczny zapis poprawny Entities.BillingIssueDtoHelios [2019-09-05 00:34:29] 

czwartek, 5 września 2019 00:34:29

Modyfikacja treeItemczwartek, 5 września 2019 00:34:29

Status Auto: False 

czwartek, 5 września 2019 00:35:43

addCommentJira string jiraKey ZCC-19393 NIE DODANO KOMENTARZA BO ISTNIEJE WPISczwartek, 5 września 2019 00:35:44

addCommentJira string jiraKey WIND-8539 NIE DODANO KOMENTARZA BO ISTNIEJE WPISczwartek, 5 września 2019 00:39:03

Modyfikacja treeItem checkAsAssigneczwartek, 5 września 2019 00:39:06

addCommentJira string jiraKey ZCC-19394 NIE DODANO KOMENTARZA BO ISTNIEJE WPISczwartek, 5 września 2019 00:39:06

addCommentJira object sender, DoWorkEventArgs e ZCC-19394czwartek, 5 września 2019 00:39:08

--- Main exception: Message ---
Bieżący wątek musi być ustawiony na tryb jednowątkowego apartamentu, aby można było wykonywać wywołania OLE. Upewnij się, że w funkcji Main jest zaznaczony element STAThreadAttribute.

--- Main exception: StackTrace ---
   w System.Windows.Forms.ComboBox.set_AutoCompleteMode(AutoCompleteMode value)
   w GUI.WFSModelerForm.AddComboBox(EventParamModeler ep, GroupBox group) w C:\CP\ParserGit\JiraParser\GUI\WFSModelerForm.cs:wiersz 589
   w GUI.WFSModelerForm.GenerateForm(GroupBox group, Int32 ParamGroupId) w C:\CP\ParserGit\JiraParser\GUI\WFSModelerForm.cs:wiersz 490
   w GUI.WFSModelerForm.GenerateForm(GroupBox group, Int32 ParamGroupId) w C:\CP\ParserGit\JiraParser\GUI\WFSModelerForm.cs:wiersz 497
   w GUI.WFSModelerForm.GenerateForm(GroupBox group, Int32 ParamGroupId) w C:\CP\ParserGit\JiraParser\GUI\WFSModelerForm.cs:wiersz 497
   w GUI.WFSModelerForm..ctor(List`1 list, String name, BillingIssueDto issue, IParserEngineWFS gujaczWFS, Int32 eventMoveId, calbackDelegate callback, TreeView tr, Boolean quickStep, Object selectOption) w C:\CP\ParserGit\JiraParser\GUI\WFSModelerForm.cs:wiersz 308

--- Main exception: Source ---
System.Windows.Forms

czwartek, 5 września 2019 00:41:49

Automatyczny zapis nowego zgłoszenia Entities.BillingIssueDtoHelios [2019-09-05 00:41:49] 

czwartek, 5 września 2019 00:41:52

Automatyczny zapis poprawny Entities.BillingIssueDtoHelios [2019-09-05 00:41:52] 

czwartek, 5 września 2019 00:41:52

Modyfikacja treeItemczwartek, 5 września 2019 00:41:52

Status Auto: False 

czwartek, 5 września 2019 00:41:58

addCommentJira string jiraKey ZCC-19394 NIE DODANO KOMENTARZA BO ISTNIEJE WPISczwartek, 5 września 2019 08:20:26

--- Main exception: Message ---
Bieżący wątek musi być ustawiony na tryb jednowątkowego apartamentu, aby można było wykonywać wywołania OLE. Upewnij się, że w funkcji Main jest zaznaczony element STAThreadAttribute.

--- Main exception: StackTrace ---
   w System.Windows.Forms.ComboBox.set_AutoCompleteMode(AutoCompleteMode value)
   w GUI.WFSModelerForm.AddComboBox(EventParamModeler ep, GroupBox group) w C:\CP\ParserGit\JiraParser\GUI\WFSModelerForm.cs:wiersz 589
   w GUI.WFSModelerForm.GenerateForm(GroupBox group, Int32 ParamGroupId) w C:\CP\ParserGit\JiraParser\GUI\WFSModelerForm.cs:wiersz 490
   w GUI.WFSModelerForm.GenerateForm(GroupBox group, Int32 ParamGroupId) w C:\CP\ParserGit\JiraParser\GUI\WFSModelerForm.cs:wiersz 497
   w GUI.WFSModelerForm.GenerateForm(GroupBox group, Int32 ParamGroupId) w C:\CP\ParserGit\JiraParser\GUI\WFSModelerForm.cs:wiersz 497
   w GUI.WFSModelerForm..ctor(List`1 list, String name, BillingIssueDto issue, IParserEngineWFS gujaczWFS, Int32 eventMoveId, calbackDelegate callback, TreeView tr, Boolean quickStep, Object selectOption) w C:\CP\ParserGit\JiraParser\GUI\WFSModelerForm.cs:wiersz 308

--- Main exception: Source ---
System.Windows.Forms

czwartek, 5 września 2019 08:20:27

--- Main exception: Message ---
Bieżący wątek musi być ustawiony na tryb jednowątkowego apartamentu, aby można było wykonywać wywołania OLE. Upewnij się, że w funkcji Main jest zaznaczony element STAThreadAttribute.

--- Main exception: StackTrace ---
   w System.Windows.Forms.ComboBox.set_AutoCompleteMode(AutoCompleteMode value)
   w GUI.WFSModelerForm.AddComboBox(EventParamModeler ep, GroupBox group) w C:\CP\ParserGit\JiraParser\GUI\WFSModelerForm.cs:wiersz 589
   w GUI.WFSModelerForm.GenerateForm(GroupBox group, Int32 ParamGroupId) w C:\CP\ParserGit\JiraParser\GUI\WFSModelerForm.cs:wiersz 490
   w GUI.WFSModelerForm.GenerateForm(GroupBox group, Int32 ParamGroupId) w C:\CP\ParserGit\JiraParser\GUI\WFSModelerForm.cs:wiersz 497
   w GUI.WFSModelerForm.GenerateForm(GroupBox group, Int32 ParamGroupId) w C:\CP\ParserGit\JiraParser\GUI\WFSModelerForm.cs:wiersz 497
   w GUI.WFSModelerForm..ctor(List`1 list, String name, BillingIssueDto issue, IParserEngineWFS gujaczWFS, Int32 eventMoveId, calbackDelegate callback, TreeView tr, Boolean quickStep, Object selectOption) w C:\CP\ParserGit\JiraParser\GUI\WFSModelerForm.cs:wiersz 308

--- Main exception: Source ---
System.Windows.Forms

czwartek, 5 września 2019 08:26:31

--- Main exception: Message ---
Bieżący wątek musi być ustawiony na tryb jednowątkowego apartamentu, aby można było wykonywać wywołania OLE. Upewnij się, że w funkcji Main jest zaznaczony element STAThreadAttribute.

--- Main exception: StackTrace ---
   w System.Windows.Forms.ComboBox.set_AutoCompleteMode(AutoCompleteMode value)
   w GUI.WFSModelerForm.AddComboBox(EventParamModeler ep, GroupBox group) w C:\CP\ParserGit\JiraParser\GUI\WFSModelerForm.cs:wiersz 589
   w GUI.WFSModelerForm.GenerateForm(GroupBox group, Int32 ParamGroupId) w C:\CP\ParserGit\JiraParser\GUI\WFSModelerForm.cs:wiersz 490
   w GUI.WFSModelerForm.GenerateForm(GroupBox group, Int32 ParamGroupId) w C:\CP\ParserGit\JiraParser\GUI\WFSModelerForm.cs:wiersz 497
   w GUI.WFSModelerForm.GenerateForm(GroupBox group, Int32 ParamGroupId) w C:\CP\ParserGit\JiraParser\GUI\WFSModelerForm.cs:wiersz 497
   w GUI.WFSModelerForm..ctor(List`1 list, String name, BillingIssueDto issue, IParserEngineWFS gujaczWFS, Int32 eventMoveId, calbackDelegate callback, TreeView tr, Boolean quickStep, Object selectOption) w C:\CP\ParserGit\JiraParser\GUI\WFSModelerForm.cs:wiersz 308

--- Main exception: Source ---
System.Windows.Forms

czwartek, 5 września 2019 08:26:33

--- Main exception: Message ---
Bieżący wątek musi być ustawiony na tryb jednowątkowego apartamentu, aby można było wykonywać wywołania OLE. Upewnij się, że w funkcji Main jest zaznaczony element STAThreadAttribute.

--- Main exception: StackTrace ---
   w System.Windows.Forms.ComboBox.set_AutoCompleteMode(AutoCompleteMode value)
   w GUI.WFSModelerForm.AddComboBox(EventParamModeler ep, GroupBox group) w C:\CP\ParserGit\JiraParser\GUI\WFSModelerForm.cs:wiersz 589
   w GUI.WFSModelerForm.GenerateForm(GroupBox group, Int32 ParamGroupId) w C:\CP\ParserGit\JiraParser\GUI\WFSModelerForm.cs:wiersz 490
   w GUI.WFSModelerForm.GenerateForm(GroupBox group, Int32 ParamGroupId) w C:\CP\ParserGit\JiraParser\GUI\WFSModelerForm.cs:wiersz 497
   w GUI.WFSModelerForm.GenerateForm(GroupBox group, Int32 ParamGroupId) w C:\CP\ParserGit\JiraParser\GUI\WFSModelerForm.cs:wiersz 497
   w GUI.WFSModelerForm..ctor(List`1 list, String name, BillingIssueDto issue, IParserEngineWFS gujaczWFS, Int32 eventMoveId, calbackDelegate callback, TreeView tr, Boolean quickStep, Object selectOption) w C:\CP\ParserGit\JiraParser\GUI\WFSModelerForm.cs:wiersz 308

--- Main exception: Source ---
System.Windows.Forms

czwartek, 5 września 2019 08:35:33

Zgłoszenie ZCC-19395 dodano automatycznie o godzinie 2019-09-05 08:35:33!
czwartek, 5 września 2019 08:35:33

Modyfikacja treeItem checkAsAssigneczwartek, 5 września 2019 08:35:39

addCommentJira string jiraKey ZCC-19395czwartek, 5 września 2019 08:35:39

addCommentJira object sender, DoWorkEventArgs e ZCC-19395czwartek, 5 września 2019 08:35:45

--- Main exception: Message ---
Bieżący wątek musi być ustawiony na tryb jednowątkowego apartamentu, aby można było wykonywać wywołania OLE. Upewnij się, że w funkcji Main jest zaznaczony element STAThreadAttribute.

--- Main exception: StackTrace ---
   w System.Windows.Forms.ComboBox.set_AutoCompleteMode(AutoCompleteMode value)
   w GUI.WFSModelerForm.AddComboBox(EventParamModeler ep, GroupBox group) w C:\CP\ParserGit\JiraParser\GUI\WFSModelerForm.cs:wiersz 589
   w GUI.WFSModelerForm.GenerateForm(GroupBox group, Int32 ParamGroupId) w C:\CP\ParserGit\JiraParser\GUI\WFSModelerForm.cs:wiersz 490
   w GUI.WFSModelerForm.GenerateForm(GroupBox group, Int32 ParamGroupId) w C:\CP\ParserGit\JiraParser\GUI\WFSModelerForm.cs:wiersz 497
   w GUI.WFSModelerForm.GenerateForm(GroupBox group, Int32 ParamGroupId) w C:\CP\ParserGit\JiraParser\GUI\WFSModelerForm.cs:wiersz 497
   w GUI.WFSModelerForm..ctor(List`1 list, String name, BillingIssueDto issue, IParserEngineWFS gujaczWFS, Int32 eventMoveId, calbackDelegate callback, TreeView tr, Boolean quickStep, Object selectOption) w C:\CP\ParserGit\JiraParser\GUI\WFSModelerForm.cs:wiersz 308

--- Main exception: Source ---
System.Windows.Forms

czwartek, 5 września 2019 08:35:46

--- Main exception: Message ---
Bieżący wątek musi być ustawiony na tryb jednowątkowego apartamentu, aby można było wykonywać wywołania OLE. Upewnij się, że w funkcji Main jest zaznaczony element STAThreadAttribute.

--- Main exception: StackTrace ---
   w System.Windows.Forms.ComboBox.set_AutoCompleteMode(AutoCompleteMode value)
   w GUI.WFSModelerForm.AddComboBox(EventParamModeler ep, GroupBox group) w C:\CP\ParserGit\JiraParser\GUI\WFSModelerForm.cs:wiersz 589
   w GUI.WFSModelerForm.GenerateForm(GroupBox group, Int32 ParamGroupId) w C:\CP\ParserGit\JiraParser\GUI\WFSModelerForm.cs:wiersz 490
   w GUI.WFSModelerForm.GenerateForm(GroupBox group, Int32 ParamGroupId) w C:\CP\ParserGit\JiraParser\GUI\WFSModelerForm.cs:wiersz 497
   w GUI.WFSModelerForm.GenerateForm(GroupBox group, Int32 ParamGroupId) w C:\CP\ParserGit\JiraParser\GUI\WFSModelerForm.cs:wiersz 497
   w GUI.WFSModelerForm..ctor(List`1 list, String name, BillingIssueDto issue, IParserEngineWFS gujaczWFS, Int32 eventMoveId, calbackDelegate callback, TreeView tr, Boolean quickStep, Object selectOption) w C:\CP\ParserGit\JiraParser\GUI\WFSModelerForm.cs:wiersz 308

--- Main exception: Source ---
System.Windows.Forms

czwartek, 5 września 2019 09:02:31

Zgłoszenie CRM-76772 dodano automatycznie o godzinie 2019-09-05 09:02:31!
czwartek, 5 września 2019 09:02:32

Modyfikacja treeItem checkAsAssigneczwartek, 5 września 2019 09:02:36

addCommentJira string jiraKey CRM-76772czwartek, 5 września 2019 09:02:36

addCommentJira object sender, DoWorkEventArgs e CRM-76772czwartek, 5 września 2019 09:02:39

Zgłoszenie CRM-76773 dodano automatycznie o godzinie 2019-09-05 09:02:39!
czwartek, 5 września 2019 09:02:39

Modyfikacja treeItem checkAsAssigneczwartek, 5 września 2019 09:02:42

addCommentJira string jiraKey CRM-76773czwartek, 5 września 2019 09:02:42

addCommentJira object sender, DoWorkEventArgs e CRM-76773czwartek, 5 września 2019 09:02:44

Zgłoszenie CRM-76774 dodano automatycznie o godzinie 2019-09-05 09:02:44!
czwartek, 5 września 2019 09:02:44

Modyfikacja treeItem checkAsAssigneczwartek, 5 września 2019 09:02:47

addCommentJira string jiraKey CRM-76774czwartek, 5 września 2019 09:02:47

addCommentJira object sender, DoWorkEventArgs e CRM-76774czwartek, 5 września 2019 09:02:48

Zgłoszenie CRM-76775 dodano automatycznie o godzinie 2019-09-05 09:02:48!
czwartek, 5 września 2019 09:02:48

Modyfikacja treeItem checkAsAssigneczwartek, 5 września 2019 09:02:51

addCommentJira string jiraKey CRM-76775czwartek, 5 września 2019 09:02:51

addCommentJira object sender, DoWorkEventArgs e CRM-76775czwartek, 5 września 2019 09:02:52

Zgłoszenie CRM-76776 dodano automatycznie o godzinie 2019-09-05 09:02:52!
czwartek, 5 września 2019 09:02:52

Modyfikacja treeItem checkAsAssigneczwartek, 5 września 2019 09:02:54

addCommentJira string jiraKey CRM-76776czwartek, 5 września 2019 09:02:54

addCommentJira object sender, DoWorkEventArgs e CRM-76776czwartek, 5 września 2019 09:02:56

Zgłoszenie CRM-76777 dodano automatycznie o godzinie 2019-09-05 09:02:56!
czwartek, 5 września 2019 09:02:56

Modyfikacja treeItem checkAsAssigneczwartek, 5 września 2019 09:02:58

addCommentJira string jiraKey CRM-76777czwartek, 5 września 2019 09:02:58

addCommentJira object sender, DoWorkEventArgs e CRM-76777czwartek, 5 września 2019 09:03:00

Zgłoszenie CRM-76778 dodano automatycznie o godzinie 2019-09-05 09:03:00!
czwartek, 5 września 2019 09:03:00

Modyfikacja treeItem checkAsAssigneczwartek, 5 września 2019 09:03:02

addCommentJira string jiraKey CRM-76778czwartek, 5 września 2019 09:03:02

addCommentJira object sender, DoWorkEventArgs e CRM-76778czwartek, 5 września 2019 09:03:04

Zgłoszenie CRM-76779 dodano automatycznie o godzinie 2019-09-05 09:03:04!
czwartek, 5 września 2019 09:03:04

Modyfikacja treeItem checkAsAssigneczwartek, 5 września 2019 09:03:07

addCommentJira string jiraKey CRM-76779czwartek, 5 września 2019 09:03:07

addCommentJira object sender, DoWorkEventArgs e CRM-76779czwartek, 5 września 2019 09:10:41

Zgłoszenie ZCC-19397 dodano automatycznie o godzinie 2019-09-05 09:10:41!
czwartek, 5 września 2019 09:10:41

Modyfikacja treeItem checkAsAssigneczwartek, 5 września 2019 09:10:46

addCommentJira string jiraKey ZCC-19397czwartek, 5 września 2019 09:10:46

addCommentJira object sender, DoWorkEventArgs e ZCC-19397czwartek, 5 września 2019 09:16:47

--- Main exception: Message ---
Nieprawidłowa operacja między wątkami: do formantu '' uzyskiwany jest dostęp z wątku innego niż wątek, w którym został utworzony.

--- Main exception: StackTrace ---
   w System.Windows.Forms.Control.get_Handle()
   w System.Windows.Forms.ScrollBar.UpdateScrollInfo()
   w System.Windows.Forms.ScrollBar.OnEnabledChanged(EventArgs e)
   w System.Windows.Forms.Control.set_Enabled(Boolean value)
   w System.Windows.Forms.DataGridView.LayoutScrollBars()
   w System.Windows.Forms.DataGridView.ComputeLayout()
   w System.Windows.Forms.DataGridView.PerformLayoutPrivate(Boolean useRowShortcut, Boolean computeVisibleRows, Boolean invalidInAdjustFillingColumns, Boolean repositionEditingControl)
   w System.Windows.Forms.DataGridView.OnColumnWidthChanged(DataGridViewColumnEventArgs e)
   w System.Windows.Forms.DataGridViewBand.set_ThicknessInternal(Int32 value)
   w System.Windows.Forms.DataGridView.AutoResizeColumnInternal(Int32 columnIndex, DataGridViewAutoSizeColumnCriteriaInternal autoSizeColumnCriteriaInternal, Boolean fixedHeight)
   w System.Windows.Forms.DataGridView.OnCellCommonChange(Int32 columnIndex, Int32 rowIndex)
   w System.Windows.Forms.DataGridView.OnCellValueChanged(DataGridViewCellEventArgs e)
   w System.Windows.Forms.DataGridViewCell.SetValue(Int32 rowIndex, Object value)
   w GUI.MainForm.slaUpdateRowInfo(Object sender, DoWorkEventArgs e) w C:\CP\ParserGit\JiraParser\GUI\SlaService.cs:wiersz 622

--- Main exception: Source ---
System.Windows.Forms

czwartek, 5 września 2019 09:18:35

--- Main exception: Message ---
Nieprawidłowa operacja między wątkami: do formantu '' uzyskiwany jest dostęp z wątku innego niż wątek, w którym został utworzony.

--- Main exception: StackTrace ---
   w System.Windows.Forms.Control.get_Handle()
   w System.Windows.Forms.ScrollBar.UpdateScrollInfo()
   w System.Windows.Forms.ScrollBar.OnEnabledChanged(EventArgs e)
   w System.Windows.Forms.Control.set_Enabled(Boolean value)
   w System.Windows.Forms.DataGridView.LayoutScrollBars()
   w System.Windows.Forms.DataGridView.ComputeLayout()
   w System.Windows.Forms.DataGridView.PerformLayoutPrivate(Boolean useRowShortcut, Boolean computeVisibleRows, Boolean invalidInAdjustFillingColumns, Boolean repositionEditingControl)
   w System.Windows.Forms.DataGridView.OnColumnWidthChanged(DataGridViewColumnEventArgs e)
   w System.Windows.Forms.DataGridViewBand.set_ThicknessInternal(Int32 value)
   w System.Windows.Forms.DataGridView.AutoResizeColumnInternal(Int32 columnIndex, DataGridViewAutoSizeColumnCriteriaInternal autoSizeColumnCriteriaInternal, Boolean fixedHeight)
   w System.Windows.Forms.DataGridView.OnCellCommonChange(Int32 columnIndex, Int32 rowIndex)
   w System.Windows.Forms.DataGridView.OnCellValueChanged(DataGridViewCellEventArgs e)
   w System.Windows.Forms.DataGridViewCell.SetValue(Int32 rowIndex, Object value)
   w GUI.MainForm.slaUpdateRowInfo(Object sender, DoWorkEventArgs e) w C:\CP\ParserGit\JiraParser\GUI\SlaService.cs:wiersz 622

--- Main exception: Source ---
System.Windows.Forms

czwartek, 5 września 2019 09:36:50

Odwołanie do obiektu nie zostało ustawione na wystąpienie obiektu.

czwartek, 5 września 2019 09:41:17

Zgłoszenie CRM-76781 dodano automatycznie o godzinie 2019-09-05 09:41:17!
czwartek, 5 września 2019 09:41:18

Modyfikacja treeItem checkAsAssigneczwartek, 5 września 2019 09:41:23

addCommentJira string jiraKey CRM-76781czwartek, 5 września 2019 09:41:23

addCommentJira object sender, DoWorkEventArgs e CRM-76781czwartek, 5 września 2019 09:54:41

--- Main exception: Message ---
Nieprawidłowa operacja między wątkami: do formantu '' uzyskiwany jest dostęp z wątku innego niż wątek, w którym został utworzony.

--- Main exception: StackTrace ---
   w System.Windows.Forms.Control.get_Handle()
   w System.Windows.Forms.ScrollBar.UpdateScrollInfo()
   w System.Windows.Forms.ScrollBar.OnEnabledChanged(EventArgs e)
   w System.Windows.Forms.Control.set_Enabled(Boolean value)
   w System.Windows.Forms.DataGridView.LayoutScrollBars()
   w System.Windows.Forms.DataGridView.ComputeLayout()
   w System.Windows.Forms.DataGridView.PerformLayoutPrivate(Boolean useRowShortcut, Boolean computeVisibleRows, Boolean invalidInAdjustFillingColumns, Boolean repositionEditingControl)
   w System.Windows.Forms.DataGridView.OnColumnWidthChanged(DataGridViewColumnEventArgs e)
   w System.Windows.Forms.DataGridViewBand.set_ThicknessInternal(Int32 value)
   w System.Windows.Forms.DataGridView.AutoResizeColumnInternal(Int32 columnIndex, DataGridViewAutoSizeColumnCriteriaInternal autoSizeColumnCriteriaInternal, Boolean fixedHeight)
   w System.Windows.Forms.DataGridView.OnCellCommonChange(Int32 columnIndex, Int32 rowIndex)
   w System.Windows.Forms.DataGridView.OnCellValueChanged(DataGridViewCellEventArgs e)
   w System.Windows.Forms.DataGridViewCell.SetValue(Int32 rowIndex, Object value)
   w GUI.MainForm.slaUpdateRowInfo(Object sender, DoWorkEventArgs e)

--- Main exception: Source ---
System.Windows.Forms

czwartek, 5 września 2019 09:59:32

--- Main exception: Message ---
Nieprawidłowa operacja między wątkami: do formantu '' uzyskiwany jest dostęp z wątku innego niż wątek, w którym został utworzony.

--- Main exception: StackTrace ---
   w System.Windows.Forms.Control.get_Handle()
   w System.Windows.Forms.Control.SetVisibleCore(Boolean value)
   w System.Windows.Forms.DataGridView.LayoutScrollBars()
   w System.Windows.Forms.DataGridView.ComputeLayout()
   w System.Windows.Forms.DataGridView.PerformLayoutPrivate(Boolean useRowShortcut, Boolean computeVisibleRows, Boolean invalidInAdjustFillingColumns, Boolean repositionEditingControl)
   w System.Windows.Forms.DataGridView.OnColumnWidthChanged(DataGridViewColumnEventArgs e)
   w System.Windows.Forms.DataGridViewBand.set_ThicknessInternal(Int32 value)
   w System.Windows.Forms.DataGridView.AutoResizeColumnInternal(Int32 columnIndex, DataGridViewAutoSizeColumnCriteriaInternal autoSizeColumnCriteriaInternal, Boolean fixedHeight)
   w System.Windows.Forms.DataGridView.OnCellCommonChange(Int32 columnIndex, Int32 rowIndex)
   w System.Windows.Forms.DataGridView.OnCellValueChanged(DataGridViewCellEventArgs e)
   w System.Windows.Forms.DataGridViewCell.SetValue(Int32 rowIndex, Object value)
   w GUI.MainForm.slaUpdateRowInfo(Object sender, DoWorkEventArgs e)

--- Main exception: Source ---
System.Windows.Forms

czwartek, 5 września 2019 10:29:23

Zgłoszenie ZCC-19398 dodano automatycznie o godzinie 2019-09-05 10:29:23!
czwartek, 5 września 2019 10:29:23

Modyfikacja treeItem checkAsAssigneczwartek, 5 września 2019 10:29:28

addCommentJira string jiraKey ZCC-19398czwartek, 5 września 2019 10:29:28

addCommentJira object sender, DoWorkEventArgs e ZCC-19398czwartek, 5 września 2019 10:35:20

Zgłoszenie ZCC-19399 dodano automatycznie o godzinie 2019-09-05 10:35:20!
czwartek, 5 września 2019 10:35:20

Modyfikacja treeItem checkAsAssigneczwartek, 5 września 2019 10:35:25

addCommentJira string jiraKey ZCC-19399czwartek, 5 września 2019 10:35:25

addCommentJira object sender, DoWorkEventArgs e ZCC-19399czwartek, 5 września 2019 10:35:32

Zgłoszenie ZCC-19400 dodano automatycznie o godzinie 2019-09-05 10:35:32!
czwartek, 5 września 2019 10:35:33

Modyfikacja treeItem checkAsAssigneczwartek, 5 września 2019 10:35:37

addCommentJira string jiraKey ZCC-19400czwartek, 5 września 2019 10:35:37

addCommentJira object sender, DoWorkEventArgs e ZCC-19400czwartek, 5 września 2019 10:35:44

Zgłoszenie ZCC-19401 dodano automatycznie o godzinie 2019-09-05 10:35:44!
czwartek, 5 września 2019 10:35:44

Modyfikacja treeItem checkAsAssigneczwartek, 5 września 2019 10:35:46

addCommentJira string jiraKey ZCC-19401czwartek, 5 września 2019 10:35:46

addCommentJira object sender, DoWorkEventArgs e ZCC-19401czwartek, 5 września 2019 10:35:55

Zgłoszenie ZCC-19402 dodano automatycznie o godzinie 2019-09-05 10:35:55!
czwartek, 5 września 2019 10:35:55

Modyfikacja treeItem checkAsAssigneczwartek, 5 września 2019 10:35:57

addCommentJira string jiraKey ZCC-19402czwartek, 5 września 2019 10:35:57

addCommentJira object sender, DoWorkEventArgs e ZCC-19402czwartek, 5 września 2019 10:36:04

Zgłoszenie ZCC-19403 dodano automatycznie o godzinie 2019-09-05 10:36:04!
czwartek, 5 września 2019 10:36:04

Modyfikacja treeItem checkAsAssigneczwartek, 5 września 2019 10:36:07

addCommentJira string jiraKey ZCC-19403czwartek, 5 września 2019 10:36:07

addCommentJira object sender, DoWorkEventArgs e ZCC-19403czwartek, 5 września 2019 10:47:26

Zgłoszenie ZCC-19404 dodano automatycznie o godzinie 2019-09-05 10:47:26!
czwartek, 5 września 2019 10:47:26

Modyfikacja treeItem checkAsAssigneczwartek, 5 września 2019 10:47:31

addCommentJira string jiraKey ZCC-19404czwartek, 5 września 2019 10:47:31

addCommentJira object sender, DoWorkEventArgs e ZCC-19404czwartek, 5 września 2019 11:05:21

Zgłoszenie CRM-76783 dodano automatycznie o godzinie 2019-09-05 11:05:21!
czwartek, 5 września 2019 11:05:21

Modyfikacja treeItem checkAsAssigneczwartek, 5 września 2019 11:05:33

addCommentJira string jiraKey CRM-76783czwartek, 5 września 2019 11:05:33

addCommentJira object sender, DoWorkEventArgs e CRM-76783czwartek, 5 września 2019 11:11:40

--- Main exception: Message ---
Indeks był spoza zakresu. Musi mieć wartość nieujemną i mniejszą niż rozmiar kolekcji.
Nazwa parametru: index

--- Main exception: StackTrace ---
   w System.ThrowHelper.ThrowArgumentOutOfRangeException(ExceptionArgument argument, ExceptionResource resource)
   w System.Collections.Generic.List`1.get_Item(Int32 index)
   w GUI.WFSModelerForm.AddComboBox(EventParamModeler ep, GroupBox group)
   w GUI.WFSModelerForm.GenerateForm(GroupBox group, Int32 ParamGroupId)
   w GUI.WFSModelerForm.GenerateForm(GroupBox group, Int32 ParamGroupId)
   w GUI.WFSModelerForm.GenerateForm(GroupBox group, Int32 ParamGroupId)
   w GUI.WFSModelerForm..ctor(List`1 list, String name, BillingIssueDto issue, IParserEngineWFS gujaczWFS, Int32 eventMoveId, calbackDelegate callback, TreeView tr, Boolean quickStep, Object selectOption)

--- Main exception: Source ---
mscorlib

czwartek, 5 września 2019 11:12:59

The request channel timed out while waiting for a reply after 00:01:00. Increase the timeout value passed to the call to Request or increase the SendTimeout value on the Binding. The time allotted to this operation may have been a portion of a longer timeout.czwartek, 5 września 2019 11:14:54

--- Main exception: Message ---
Indeks był spoza zakresu. Musi mieć wartość nieujemną i mniejszą niż rozmiar kolekcji.
Nazwa parametru: index

--- Main exception: StackTrace ---
   w System.ThrowHelper.ThrowArgumentOutOfRangeException(ExceptionArgument argument, ExceptionResource resource)
   w System.Collections.Generic.List`1.get_Item(Int32 index)
   w GUI.WFSModelerForm.AddComboBox(EventParamModeler ep, GroupBox group)
   w GUI.WFSModelerForm.GenerateForm(GroupBox group, Int32 ParamGroupId)
   w GUI.WFSModelerForm.GenerateForm(GroupBox group, Int32 ParamGroupId)
   w GUI.WFSModelerForm.GenerateForm(GroupBox group, Int32 ParamGroupId)
   w GUI.WFSModelerForm..ctor(List`1 list, String name, BillingIssueDto issue, IParserEngineWFS gujaczWFS, Int32 eventMoveId, calbackDelegate callback, TreeView tr, Boolean quickStep, Object selectOption)

--- Main exception: Source ---
mscorlib

czwartek, 5 września 2019 11:17:19

Zgłoszenie CRM-76782 dodano automatycznie o godzinie 2019-09-05 11:17:19!
czwartek, 5 września 2019 11:17:19

Modyfikacja treeItem checkAsAssigneczwartek, 5 września 2019 11:17:25

addCommentJira string jiraKey CRM-76782czwartek, 5 września 2019 11:17:25

addCommentJira object sender, DoWorkEventArgs e CRM-76782czwartek, 5 września 2019 11:17:28

Zgłoszenie ZCC-19405 dodano automatycznie o godzinie 2019-09-05 11:17:28!
czwartek, 5 września 2019 11:17:28

Modyfikacja treeItem checkAsAssigneczwartek, 5 września 2019 11:17:34

addCommentJira string jiraKey ZCC-19405czwartek, 5 września 2019 11:17:34

addCommentJira object sender, DoWorkEventArgs e ZCC-19405czwartek, 5 września 2019 11:17:43

Zgłoszenie ZCC-19406 dodano automatycznie o godzinie 2019-09-05 11:17:43!
czwartek, 5 września 2019 11:17:43

Modyfikacja treeItem checkAsAssigneczwartek, 5 września 2019 11:17:46

addCommentJira string jiraKey ZCC-19406czwartek, 5 września 2019 11:17:46

addCommentJira object sender, DoWorkEventArgs e ZCC-19406czwartek, 5 września 2019 11:18:19

Zgłoszenie ZCC-19407 dodano automatycznie o godzinie 2019-09-05 11:18:19!
czwartek, 5 września 2019 11:18:20

Modyfikacja treeItem checkAsAssigneczwartek, 5 września 2019 11:18:36

addCommentJira string jiraKey ZCC-19407czwartek, 5 września 2019 11:18:36

addCommentJira object sender, DoWorkEventArgs e ZCC-19407czwartek, 5 września 2019 11:18:37

Zgłoszenie ZCC-19408 dodano automatycznie o godzinie 2019-09-05 11:18:37!
czwartek, 5 września 2019 11:18:37

Modyfikacja treeItem checkAsAssigneczwartek, 5 września 2019 11:18:40

addCommentJira string jiraKey ZCC-19408czwartek, 5 września 2019 11:18:40

addCommentJira object sender, DoWorkEventArgs e ZCC-19408czwartek, 5 września 2019 11:18:45

Zgłoszenie ZCC-19409 dodano automatycznie o godzinie 2019-09-05 11:18:45!
czwartek, 5 września 2019 11:18:45

Modyfikacja treeItem checkAsAssigneczwartek, 5 września 2019 11:18:49

addCommentJira string jiraKey ZCC-19409czwartek, 5 września 2019 11:18:49

addCommentJira object sender, DoWorkEventArgs e ZCC-19409czwartek, 5 września 2019 12:05:37

--- Main exception: Message ---
Nieprawidłowa operacja między wątkami: do formantu '' uzyskiwany jest dostęp z wątku innego niż wątek, w którym został utworzony.

--- Main exception: StackTrace ---
   w System.Windows.Forms.Control.get_Handle()
   w System.Windows.Forms.ScrollBar.UpdateScrollInfo()
   w System.Windows.Forms.ScrollBar.set_Maximum(Int32 value)
   w System.Windows.Forms.DataGridView.LayoutScrollBars()
   w System.Windows.Forms.DataGridView.ComputeLayout()
   w System.Windows.Forms.DataGridView.PerformLayoutPrivate(Boolean useRowShortcut, Boolean computeVisibleRows, Boolean invalidInAdjustFillingColumns, Boolean repositionEditingControl)
   w System.Windows.Forms.DataGridView.OnColumnWidthChanged(DataGridViewColumnEventArgs e)
   w System.Windows.Forms.DataGridViewBand.set_ThicknessInternal(Int32 value)
   w System.Windows.Forms.DataGridView.AutoResizeColumnInternal(Int32 columnIndex, DataGridViewAutoSizeColumnCriteriaInternal autoSizeColumnCriteriaInternal, Boolean fixedHeight)
   w System.Windows.Forms.DataGridView.OnCellCommonChange(Int32 columnIndex, Int32 rowIndex)
   w System.Windows.Forms.DataGridView.OnCellValueChanged(DataGridViewCellEventArgs e)
   w System.Windows.Forms.DataGridViewCell.SetValue(Int32 rowIndex, Object value)
   w GUI.MainForm.slaUpdateRowInfo(Object sender, DoWorkEventArgs e)

--- Main exception: Source ---
System.Windows.Forms

czwartek, 5 września 2019 13:40:57

The request channel timed out while waiting for a reply after 00:01:00. Increase the timeout value passed to the call to Request or increase the SendTimeout value on the Binding. The time allotted to this operation may have been a portion of a longer timeout.czwartek, 5 września 2019 14:04:07

--- Main exception: Message ---
Nieprawidłowa operacja między wątkami: do formantu '' uzyskiwany jest dostęp z wątku innego niż wątek, w którym został utworzony.

--- Main exception: StackTrace ---
   w System.Windows.Forms.Control.get_Handle()
   w System.Windows.Forms.Control.SetVisibleCore(Boolean value)
   w System.Windows.Forms.DataGridView.LayoutScrollBars()
   w System.Windows.Forms.DataGridView.ComputeLayout()
   w System.Windows.Forms.DataGridView.PerformLayoutPrivate(Boolean useRowShortcut, Boolean computeVisibleRows, Boolean invalidInAdjustFillingColumns, Boolean repositionEditingControl)
   w System.Windows.Forms.DataGridView.OnColumnWidthChanged(DataGridViewColumnEventArgs e)
   w System.Windows.Forms.DataGridViewBand.set_ThicknessInternal(Int32 value)
   w System.Windows.Forms.DataGridView.AutoResizeColumnInternal(Int32 columnIndex, DataGridViewAutoSizeColumnCriteriaInternal autoSizeColumnCriteriaInternal, Boolean fixedHeight)
   w System.Windows.Forms.DataGridView.OnCellCommonChange(Int32 columnIndex, Int32 rowIndex)
   w System.Windows.Forms.DataGridView.OnCellValueChanged(DataGridViewCellEventArgs e)
   w System.Windows.Forms.DataGridViewCell.SetValue(Int32 rowIndex, Object value)
   w GUI.MainForm.slaUpdateRowInfo(Object sender, DoWorkEventArgs e)

--- Main exception: Source ---
System.Windows.Forms

czwartek, 5 września 2019 14:21:53

Zgłoszenie KKK-4444 dodano automatycznie o godzinie 2019-09-05 14:21:53!
czwartek, 5 września 2019 14:21:53

Modyfikacja treeItem checkAsAssigneczwartek, 5 września 2019 14:21:59

addCommentJira string jiraKey KKK-4444czwartek, 5 września 2019 14:21:59

addCommentJira object sender, DoWorkEventArgs e KKK-4444czwartek, 5 września 2019 15:22:04

Zgłoszenie ZCC-19413 dodano automatycznie o godzinie 2019-09-05 15:22:04!
czwartek, 5 września 2019 15:22:04

Modyfikacja treeItem checkAsAssigneczwartek, 5 września 2019 15:22:09

addCommentJira string jiraKey ZCC-19413czwartek, 5 września 2019 15:22:09

addCommentJira object sender, DoWorkEventArgs e ZCC-19413