wtorek, 11 czerwca 2019 07:45:27

Modyfikacja treeItem checkAsAssignewtorek, 11 czerwca 2019 07:45:33

addCommentJira string jiraKey CRM-76045wtorek, 11 czerwca 2019 07:45:33

addCommentJira object sender, DoWorkEventArgs e CRM-76045wtorek, 11 czerwca 2019 07:46:14

Modyfikacja treeItem checkAsAssignewtorek, 11 czerwca 2019 07:46:16

addCommentJira string jiraKey CRM-76046wtorek, 11 czerwca 2019 07:46:16

addCommentJira object sender, DoWorkEventArgs e CRM-76046wtorek, 11 czerwca 2019 07:46:23

Automatyczny zapis nowego zgłoszenia Entities.BillingIssueDtoHelios [2019-06-11 07:46:23] 

wtorek, 11 czerwca 2019 07:46:26

Automatyczny zapis poprawny Entities.BillingIssueDtoHelios [2019-06-11 07:46:26] 

wtorek, 11 czerwca 2019 07:46:26

Modyfikacja treeItemwtorek, 11 czerwca 2019 07:46:26

Status Auto: False 

wtorek, 11 czerwca 2019 07:46:31

addCommentJira string jiraKey CRM-76046 NIE DODANO KOMENTARZA BO ISTNIEJE WPISwtorek, 11 czerwca 2019 07:46:32

Automatyczny zapis nowego zgłoszenia Entities.BillingIssueDtoHelios [2019-06-11 07:46:32] 

wtorek, 11 czerwca 2019 07:46:35

Automatyczny zapis poprawny Entities.BillingIssueDtoHelios [2019-06-11 07:46:35] 

wtorek, 11 czerwca 2019 07:46:35

Modyfikacja treeItemwtorek, 11 czerwca 2019 07:46:35

Status Auto: False 

wtorek, 11 czerwca 2019 07:46:38

addCommentJira string jiraKey CRM-76045 NIE DODANO KOMENTARZA BO ISTNIEJE WPISwtorek, 11 czerwca 2019 07:51:51

Dany klucz nie był obecny w słowniku.wtorek, 11 czerwca 2019 07:56:27

Odwołanie do obiektu nie zostało ustawione na wystąpienie obiektu.

wtorek, 11 czerwca 2019 08:16:35

Zgłoszenie CRM-76048 dodano automatycznie o godzinie 2019-06-11 08:16:35!
wtorek, 11 czerwca 2019 08:16:35

Modyfikacja treeItem checkAsAssignewtorek, 11 czerwca 2019 08:16:41

addCommentJira string jiraKey CRM-76048wtorek, 11 czerwca 2019 08:16:41

addCommentJira object sender, DoWorkEventArgs e CRM-76048wtorek, 11 czerwca 2019 08:17:15

Dany klucz nie był obecny w słowniku.wtorek, 11 czerwca 2019 08:17:18

Dany klucz nie był obecny w słowniku.wtorek, 11 czerwca 2019 08:23:36

Dany klucz nie był obecny w słowniku.wtorek, 11 czerwca 2019 08:29:17

--- Main exception: Message ---
The request was aborted.

--- Main exception: StackTrace ---
   w Atlassian.Jira.Issue.GetChangeLogs() w c:\projects\atlassian-net-sdk\Atlassian.Jira\Issue.cs:wiersz 696
   w GUI.MainForm.slaAutoStep(DataGridViewRow tmpRow, String issueNumber) w C:\CP\ParserGit\JiraParser\GUI\SlaService.cs:wiersz 781

--- Main exception: Source ---
Atlassian.Jira

wtorek, 11 czerwca 2019 09:34:37

Odwołanie do obiektu nie zostało ustawione na wystąpienie obiektu.

wtorek, 11 czerwca 2019 09:52:34

Zgłoszenie KKK-4312 dodano automatycznie o godzinie 2019-06-11 09:52:34!
wtorek, 11 czerwca 2019 09:52:36

Modyfikacja treeItem checkAsAssignewtorek, 11 czerwca 2019 09:52:43

addCommentJira string jiraKey KKK-4312wtorek, 11 czerwca 2019 09:52:43

addCommentJira object sender, DoWorkEventArgs e KKK-4312wtorek, 11 czerwca 2019 09:53:16

--- Main exception: Message ---
The request was aborted.

--- Main exception: StackTrace ---
   w Atlassian.Jira.Issue.GetChangeLogs() w c:\projects\atlassian-net-sdk\Atlassian.Jira\Issue.cs:wiersz 696
   w GUI.MainForm.slaAutoStep(DataGridViewRow tmpRow, String issueNumber) w C:\CP\ParserGit\JiraParser\GUI\SlaService.cs:wiersz 781

--- Main exception: Source ---
Atlassian.Jira

wtorek, 11 czerwca 2019 09:59:19

Dany klucz nie był obecny w słowniku.wtorek, 11 czerwca 2019 10:06:20

Odwołanie do obiektu nie zostało ustawione na wystąpienie obiektu.

wtorek, 11 czerwca 2019 10:09:11

--- Main exception: Message ---
Odwołanie do obiektu nie zostało ustawione na wystąpienie obiektu.

--- Main exception: StackTrace ---
   w GUI.MainForm.<>c__DisplayClass166_0.<GetActionForIssue>b__0(KeyValuePair`2 x) w C:\CP\ParserGit\JiraParser\GUI\MainForm.cs:wiersz 5484
   w System.Linq.Enumerable.FirstOrDefault[TSource](IEnumerable`1 source, Func`2 predicate)
   w GUI.MainForm.GetActionForIssue(BillingIssueDto issue, String trName) w C:\CP\ParserGit\JiraParser\GUI\MainForm.cs:wiersz 5484

--- Main exception: Source ---
GUI

wtorek, 11 czerwca 2019 10:21:46

--- Main exception: Message ---
Odwołanie do obiektu nie zostało ustawione na wystąpienie obiektu.

--- Main exception: StackTrace ---
   w GUI.MainForm.slaAutoStep(DataGridViewRow tmpRow, String issueNumber) w C:\CP\ParserGit\JiraParser\GUI\SlaService.cs:wiersz 746

--- Main exception: Source ---
GUI

wtorek, 11 czerwca 2019 10:27:44

--- Main exception: Message ---
Odwołanie do obiektu nie zostało ustawione na wystąpienie obiektu.

--- Main exception: StackTrace ---
   w GUI.MainForm.slaAutoStep(DataGridViewRow tmpRow, String issueNumber) w C:\CP\ParserGit\JiraParser\GUI\SlaService.cs:wiersz 746

--- Main exception: Source ---
GUI

wtorek, 11 czerwca 2019 10:33:17

Zgłoszenie ZCC-18915 dodano automatycznie o godzinie 2019-06-11 10:33:17!
wtorek, 11 czerwca 2019 10:33:17

Modyfikacja treeItem checkAsAssignewtorek, 11 czerwca 2019 10:33:23

Zgłoszenie ZCC-18916 dodano automatycznie o godzinie 2019-06-11 10:33:23!
wtorek, 11 czerwca 2019 10:33:23

Modyfikacja treeItem checkAsAssignewtorek, 11 czerwca 2019 10:33:25

addCommentJira string jiraKey ZCC-18915wtorek, 11 czerwca 2019 10:33:25

addCommentJira object sender, DoWorkEventArgs e ZCC-18915wtorek, 11 czerwca 2019 10:33:46

--- Main exception: Message ---
Odwołanie do obiektu nie zostało ustawione na wystąpienie obiektu.

--- Main exception: StackTrace ---
   w GUI.MainForm.slaAutoStep(DataGridViewRow tmpRow, String issueNumber) w C:\CP\ParserGit\JiraParser\GUI\SlaService.cs:wiersz 746

--- Main exception: Source ---
GUI

wtorek, 11 czerwca 2019 10:33:59

addCommentJira string jiraKey ZCC-18916wtorek, 11 czerwca 2019 10:33:59

addCommentJira object sender, DoWorkEventArgs e ZCC-18916wtorek, 11 czerwca 2019 10:39:44

--- Main exception: Message ---
Odwołanie do obiektu nie zostało ustawione na wystąpienie obiektu.

--- Main exception: StackTrace ---
   w GUI.MainForm.slaAutoStep(DataGridViewRow tmpRow, String issueNumber) w C:\CP\ParserGit\JiraParser\GUI\SlaService.cs:wiersz 746

--- Main exception: Source ---
GUI

wtorek, 11 czerwca 2019 10:39:57

Dany klucz nie był obecny w słowniku.wtorek, 11 czerwca 2019 10:40:01

Dany klucz nie był obecny w słowniku.wtorek, 11 czerwca 2019 10:45:46

--- Main exception: Message ---
Odwołanie do obiektu nie zostało ustawione na wystąpienie obiektu.

--- Main exception: StackTrace ---
   w GUI.MainForm.slaAutoStep(DataGridViewRow tmpRow, String issueNumber) w C:\CP\ParserGit\JiraParser\GUI\SlaService.cs:wiersz 746

--- Main exception: Source ---
GUI

wtorek, 11 czerwca 2019 10:51:18

Zgłoszenie CRM-76049 dodano automatycznie o godzinie 2019-06-11 10:51:18!
wtorek, 11 czerwca 2019 10:51:18

Modyfikacja treeItem checkAsAssignewtorek, 11 czerwca 2019 10:51:26

addCommentJira string jiraKey CRM-76049wtorek, 11 czerwca 2019 10:51:26

addCommentJira object sender, DoWorkEventArgs e CRM-76049wtorek, 11 czerwca 2019 10:51:48

--- Main exception: Message ---
Odwołanie do obiektu nie zostało ustawione na wystąpienie obiektu.

--- Main exception: StackTrace ---
   w GUI.MainForm.slaAutoStep(DataGridViewRow tmpRow, String issueNumber) w C:\CP\ParserGit\JiraParser\GUI\SlaService.cs:wiersz 746

--- Main exception: Source ---
GUI

wtorek, 11 czerwca 2019 10:57:47

--- Main exception: Message ---
Odwołanie do obiektu nie zostało ustawione na wystąpienie obiektu.

--- Main exception: StackTrace ---
   w GUI.MainForm.slaAutoStep(DataGridViewRow tmpRow, String issueNumber) w C:\CP\ParserGit\JiraParser\GUI\SlaService.cs:wiersz 746

--- Main exception: Source ---
GUI

wtorek, 11 czerwca 2019 10:57:56

--- Main exception: Message ---
The request was aborted.

--- Main exception: StackTrace ---
   w Atlassian.Jira.Issue.GetChangeLogs() w c:\projects\atlassian-net-sdk\Atlassian.Jira\Issue.cs:wiersz 696
   w GUI.MainForm.slaAutoStep(DataGridViewRow tmpRow, String issueNumber) w C:\CP\ParserGit\JiraParser\GUI\SlaService.cs:wiersz 781

--- Main exception: Source ---
Atlassian.Jira

wtorek, 11 czerwca 2019 11:03:18

Zgłoszenie ZCC-18917 dodano automatycznie o godzinie 2019-06-11 11:03:18!
wtorek, 11 czerwca 2019 11:03:19

Modyfikacja treeItem checkAsAssignewtorek, 11 czerwca 2019 11:03:27

addCommentJira string jiraKey ZCC-18917wtorek, 11 czerwca 2019 11:03:27

addCommentJira object sender, DoWorkEventArgs e ZCC-18917wtorek, 11 czerwca 2019 11:03:50

--- Main exception: Message ---
Odwołanie do obiektu nie zostało ustawione na wystąpienie obiektu.

--- Main exception: StackTrace ---
   w GUI.MainForm.slaAutoStep(DataGridViewRow tmpRow, String issueNumber) w C:\CP\ParserGit\JiraParser\GUI\SlaService.cs:wiersz 746

--- Main exception: Source ---
GUI

wtorek, 11 czerwca 2019 11:09:47

--- Main exception: Message ---
Odwołanie do obiektu nie zostało ustawione na wystąpienie obiektu.

--- Main exception: StackTrace ---
   w GUI.MainForm.slaAutoStep(DataGridViewRow tmpRow, String issueNumber) w C:\CP\ParserGit\JiraParser\GUI\SlaService.cs:wiersz 746

--- Main exception: Source ---
GUI

wtorek, 11 czerwca 2019 11:10:03

Dany klucz nie był obecny w słowniku.wtorek, 11 czerwca 2019 11:10:06

Dany klucz nie był obecny w słowniku.wtorek, 11 czerwca 2019 11:15:47

--- Main exception: Message ---
Odwołanie do obiektu nie zostało ustawione na wystąpienie obiektu.

--- Main exception: StackTrace ---
   w GUI.MainForm.slaAutoStep(DataGridViewRow tmpRow, String issueNumber) w C:\CP\ParserGit\JiraParser\GUI\SlaService.cs:wiersz 746

--- Main exception: Source ---
GUI

wtorek, 11 czerwca 2019 11:15:59

--- Main exception: Message ---
The request was aborted.

--- Main exception: StackTrace ---
   w Atlassian.Jira.Issue.GetChangeLogs() w c:\projects\atlassian-net-sdk\Atlassian.Jira\Issue.cs:wiersz 696
   w GUI.MainForm.slaAutoStep(DataGridViewRow tmpRow, String issueNumber) w C:\CP\ParserGit\JiraParser\GUI\SlaService.cs:wiersz 781

--- Main exception: Source ---
Atlassian.Jira

wtorek, 11 czerwca 2019 11:21:45

--- Main exception: Message ---
Odwołanie do obiektu nie zostało ustawione na wystąpienie obiektu.

--- Main exception: StackTrace ---
   w GUI.MainForm.slaAutoStep(DataGridViewRow tmpRow, String issueNumber) w C:\CP\ParserGit\JiraParser\GUI\SlaService.cs:wiersz 746

--- Main exception: Source ---
GUI

wtorek, 11 czerwca 2019 11:27:51

--- Main exception: Message ---
Odwołanie do obiektu nie zostało ustawione na wystąpienie obiektu.

--- Main exception: StackTrace ---
   w GUI.MainForm.slaAutoStep(DataGridViewRow tmpRow, String issueNumber) w C:\CP\ParserGit\JiraParser\GUI\SlaService.cs:wiersz 746

--- Main exception: Source ---
GUI

wtorek, 11 czerwca 2019 11:33:51

--- Main exception: Message ---
Odwołanie do obiektu nie zostało ustawione na wystąpienie obiektu.

--- Main exception: StackTrace ---
   w GUI.MainForm.slaAutoStep(DataGridViewRow tmpRow, String issueNumber) w C:\CP\ParserGit\JiraParser\GUI\SlaService.cs:wiersz 746

--- Main exception: Source ---
GUI

wtorek, 11 czerwca 2019 11:39:47

--- Main exception: Message ---
Odwołanie do obiektu nie zostało ustawione na wystąpienie obiektu.

--- Main exception: StackTrace ---
   w GUI.MainForm.slaAutoStep(DataGridViewRow tmpRow, String issueNumber) w C:\CP\ParserGit\JiraParser\GUI\SlaService.cs:wiersz 746

--- Main exception: Source ---
GUI

wtorek, 11 czerwca 2019 11:44:52

Zgłoszenie INFOLINIA-6720 dodano automatycznie o godzinie 2019-06-11 11:44:52!
wtorek, 11 czerwca 2019 11:44:52

Modyfikacja treeItem checkAsAssignewtorek, 11 czerwca 2019 11:45:00

addCommentJira string jiraKey INFOLINIA-6720wtorek, 11 czerwca 2019 11:45:00

addCommentJira object sender, DoWorkEventArgs e INFOLINIA-6720wtorek, 11 czerwca 2019 11:45:24

--- Main exception: Message ---
Odwołanie do obiektu nie zostało ustawione na wystąpienie obiektu.

--- Main exception: StackTrace ---
   w GUI.MainForm.slaAutoStep(DataGridViewRow tmpRow, String issueNumber) w C:\CP\ParserGit\JiraParser\GUI\SlaService.cs:wiersz 746

--- Main exception: Source ---
GUI

wtorek, 11 czerwca 2019 11:51:29

--- Main exception: Message ---
Odwołanie do obiektu nie zostało ustawione na wystąpienie obiektu.

--- Main exception: StackTrace ---
   w GUI.MainForm.slaAutoStep(DataGridViewRow tmpRow, String issueNumber) w C:\CP\ParserGit\JiraParser\GUI\SlaService.cs:wiersz 746

--- Main exception: Source ---
GUI

wtorek, 11 czerwca 2019 11:51:43

Dany klucz nie był obecny w słowniku.wtorek, 11 czerwca 2019 11:51:46

Dany klucz nie był obecny w słowniku.wtorek, 11 czerwca 2019 11:57:20

--- Main exception: Message ---
Odwołanie do obiektu nie zostało ustawione na wystąpienie obiektu.

--- Main exception: StackTrace ---
   w GUI.MainForm.slaAutoStep(DataGridViewRow tmpRow, String issueNumber) w C:\CP\ParserGit\JiraParser\GUI\SlaService.cs:wiersz 746

--- Main exception: Source ---
GUI

wtorek, 11 czerwca 2019 12:03:24

--- Main exception: Message ---
Odwołanie do obiektu nie zostało ustawione na wystąpienie obiektu.

--- Main exception: StackTrace ---
   w GUI.MainForm.slaAutoStep(DataGridViewRow tmpRow, String issueNumber) w C:\CP\ParserGit\JiraParser\GUI\SlaService.cs:wiersz 746

--- Main exception: Source ---
GUI

wtorek, 11 czerwca 2019 12:03:41

Dany klucz nie był obecny w słowniku.wtorek, 11 czerwca 2019 12:09:24

--- Main exception: Message ---
Odwołanie do obiektu nie zostało ustawione na wystąpienie obiektu.

--- Main exception: StackTrace ---
   w GUI.MainForm.slaAutoStep(DataGridViewRow tmpRow, String issueNumber) w C:\CP\ParserGit\JiraParser\GUI\SlaService.cs:wiersz 746

--- Main exception: Source ---
GUI

wtorek, 11 czerwca 2019 12:14:51

Zgłoszenie CRM-76051 dodano automatycznie o godzinie 2019-06-11 12:14:51!
wtorek, 11 czerwca 2019 12:14:51

Modyfikacja treeItem checkAsAssignewtorek, 11 czerwca 2019 12:14:59

addCommentJira string jiraKey CRM-76051wtorek, 11 czerwca 2019 12:14:59

addCommentJira object sender, DoWorkEventArgs e CRM-76051wtorek, 11 czerwca 2019 12:15:22

--- Main exception: Message ---
Odwołanie do obiektu nie zostało ustawione na wystąpienie obiektu.

--- Main exception: StackTrace ---
   w GUI.MainForm.slaAutoStep(DataGridViewRow tmpRow, String issueNumber) w C:\CP\ParserGit\JiraParser\GUI\SlaService.cs:wiersz 746

--- Main exception: Source ---
GUI

wtorek, 11 czerwca 2019 12:21:26

--- Main exception: Message ---
Odwołanie do obiektu nie zostało ustawione na wystąpienie obiektu.

--- Main exception: StackTrace ---
   w GUI.MainForm.slaAutoStep(DataGridViewRow tmpRow, String issueNumber) w C:\CP\ParserGit\JiraParser\GUI\SlaService.cs:wiersz 746

--- Main exception: Source ---
GUI

wtorek, 11 czerwca 2019 12:27:25

--- Main exception: Message ---
Odwołanie do obiektu nie zostało ustawione na wystąpienie obiektu.

--- Main exception: StackTrace ---
   w GUI.MainForm.slaAutoStep(DataGridViewRow tmpRow, String issueNumber) w C:\CP\ParserGit\JiraParser\GUI\SlaService.cs:wiersz 746

--- Main exception: Source ---
GUI

wtorek, 11 czerwca 2019 12:33:24

--- Main exception: Message ---
Odwołanie do obiektu nie zostało ustawione na wystąpienie obiektu.

--- Main exception: StackTrace ---
   w GUI.MainForm.slaAutoStep(DataGridViewRow tmpRow, String issueNumber) w C:\CP\ParserGit\JiraParser\GUI\SlaService.cs:wiersz 746

--- Main exception: Source ---
GUI

wtorek, 11 czerwca 2019 12:39:24

--- Main exception: Message ---
Odwołanie do obiektu nie zostało ustawione na wystąpienie obiektu.

--- Main exception: StackTrace ---
   w GUI.MainForm.slaAutoStep(DataGridViewRow tmpRow, String issueNumber) w C:\CP\ParserGit\JiraParser\GUI\SlaService.cs:wiersz 746

--- Main exception: Source ---
GUI

wtorek, 11 czerwca 2019 12:45:25

--- Main exception: Message ---
Odwołanie do obiektu nie zostało ustawione na wystąpienie obiektu.

--- Main exception: StackTrace ---
   w GUI.MainForm.slaAutoStep(DataGridViewRow tmpRow, String issueNumber) w C:\CP\ParserGit\JiraParser\GUI\SlaService.cs:wiersz 746

--- Main exception: Source ---
GUI

wtorek, 11 czerwca 2019 12:51:24

--- Main exception: Message ---
Odwołanie do obiektu nie zostało ustawione na wystąpienie obiektu.

--- Main exception: StackTrace ---
   w GUI.MainForm.slaAutoStep(DataGridViewRow tmpRow, String issueNumber) w C:\CP\ParserGit\JiraParser\GUI\SlaService.cs:wiersz 746

--- Main exception: Source ---
GUI

wtorek, 11 czerwca 2019 12:57:25

--- Main exception: Message ---
Odwołanie do obiektu nie zostało ustawione na wystąpienie obiektu.

--- Main exception: StackTrace ---
   w GUI.MainForm.slaAutoStep(DataGridViewRow tmpRow, String issueNumber) w C:\CP\ParserGit\JiraParser\GUI\SlaService.cs:wiersz 746

--- Main exception: Source ---
GUI

wtorek, 11 czerwca 2019 13:03:24

--- Main exception: Message ---
Odwołanie do obiektu nie zostało ustawione na wystąpienie obiektu.

--- Main exception: StackTrace ---
   w GUI.MainForm.slaAutoStep(DataGridViewRow tmpRow, String issueNumber) w C:\CP\ParserGit\JiraParser\GUI\SlaService.cs:wiersz 746

--- Main exception: Source ---
GUI

wtorek, 11 czerwca 2019 13:09:25

--- Main exception: Message ---
Odwołanie do obiektu nie zostało ustawione na wystąpienie obiektu.

--- Main exception: StackTrace ---
   w GUI.MainForm.slaAutoStep(DataGridViewRow tmpRow, String issueNumber) w C:\CP\ParserGit\JiraParser\GUI\SlaService.cs:wiersz 746

--- Main exception: Source ---
GUI

wtorek, 11 czerwca 2019 13:15:23

--- Main exception: Message ---
Odwołanie do obiektu nie zostało ustawione na wystąpienie obiektu.

--- Main exception: StackTrace ---
   w GUI.MainForm.slaAutoStep(DataGridViewRow tmpRow, String issueNumber) w C:\CP\ParserGit\JiraParser\GUI\SlaService.cs:wiersz 746

--- Main exception: Source ---
GUI

wtorek, 11 czerwca 2019 13:21:25

--- Main exception: Message ---
Odwołanie do obiektu nie zostało ustawione na wystąpienie obiektu.

--- Main exception: StackTrace ---
   w GUI.MainForm.slaAutoStep(DataGridViewRow tmpRow, String issueNumber) w C:\CP\ParserGit\JiraParser\GUI\SlaService.cs:wiersz 746

--- Main exception: Source ---
GUI

wtorek, 11 czerwca 2019 13:26:52

Zgłoszenie INFOLINIA-6718 dodano automatycznie o godzinie 2019-06-11 13:26:52!
wtorek, 11 czerwca 2019 13:26:52

Modyfikacja treeItem checkAsAssignewtorek, 11 czerwca 2019 13:27:26

--- Main exception: Message ---
Odwołanie do obiektu nie zostało ustawione na wystąpienie obiektu.

--- Main exception: StackTrace ---
   w GUI.MainForm.slaAutoStep(DataGridViewRow tmpRow, String issueNumber) w C:\CP\ParserGit\JiraParser\GUI\SlaService.cs:wiersz 746

--- Main exception: Source ---
GUI

wtorek, 11 czerwca 2019 13:27:45

addCommentJira string jiraKey INFOLINIA-6718wtorek, 11 czerwca 2019 13:27:45

addCommentJira object sender, DoWorkEventArgs e INFOLINIA-6718wtorek, 11 czerwca 2019 13:32:52

Zgłoszenie CRM-76058 dodano automatycznie o godzinie 2019-06-11 13:32:52!
wtorek, 11 czerwca 2019 13:32:52

Modyfikacja treeItem checkAsAssignewtorek, 11 czerwca 2019 13:32:58

Zgłoszenie ZCC-18920 dodano automatycznie o godzinie 2019-06-11 13:32:58!
wtorek, 11 czerwca 2019 13:32:58

Modyfikacja treeItem checkAsAssignewtorek, 11 czerwca 2019 13:32:59

addCommentJira string jiraKey CRM-76058wtorek, 11 czerwca 2019 13:32:59

addCommentJira object sender, DoWorkEventArgs e CRM-76058wtorek, 11 czerwca 2019 13:33:12

Zgłoszenie ZCC-18921 dodano automatycznie o godzinie 2019-06-11 13:33:12!
wtorek, 11 czerwca 2019 13:33:12

Modyfikacja treeItem checkAsAssignewtorek, 11 czerwca 2019 13:33:27

--- Main exception: Message ---
Odwołanie do obiektu nie zostało ustawione na wystąpienie obiektu.

--- Main exception: StackTrace ---
   w GUI.MainForm.slaAutoStep(DataGridViewRow tmpRow, String issueNumber) w C:\CP\ParserGit\JiraParser\GUI\SlaService.cs:wiersz 746

--- Main exception: Source ---
GUI

wtorek, 11 czerwca 2019 13:33:45

addCommentJira string jiraKey ZCC-18920wtorek, 11 czerwca 2019 13:33:45

addCommentJira object sender, DoWorkEventArgs e ZCC-18920wtorek, 11 czerwca 2019 13:33:51

addCommentJira string jiraKey ZCC-18921wtorek, 11 czerwca 2019 13:33:51

addCommentJira object sender, DoWorkEventArgs e ZCC-18921wtorek, 11 czerwca 2019 13:39:31

--- Main exception: Message ---
Odwołanie do obiektu nie zostało ustawione na wystąpienie obiektu.

--- Main exception: StackTrace ---
   w GUI.MainForm.slaAutoStep(DataGridViewRow tmpRow, String issueNumber) w C:\CP\ParserGit\JiraParser\GUI\SlaService.cs:wiersz 746

--- Main exception: Source ---
GUI

wtorek, 11 czerwca 2019 13:39:51

Dany klucz nie był obecny w słowniku.wtorek, 11 czerwca 2019 13:39:55

Dany klucz nie był obecny w słowniku.wtorek, 11 czerwca 2019 13:45:30

--- Main exception: Message ---
Odwołanie do obiektu nie zostało ustawione na wystąpienie obiektu.

--- Main exception: StackTrace ---
   w GUI.MainForm.slaAutoStep(DataGridViewRow tmpRow, String issueNumber) w C:\CP\ParserGit\JiraParser\GUI\SlaService.cs:wiersz 746

--- Main exception: Source ---
GUI

wtorek, 11 czerwca 2019 13:51:29

--- Main exception: Message ---
Odwołanie do obiektu nie zostało ustawione na wystąpienie obiektu.

--- Main exception: StackTrace ---
   w GUI.MainForm.slaAutoStep(DataGridViewRow tmpRow, String issueNumber) w C:\CP\ParserGit\JiraParser\GUI\SlaService.cs:wiersz 746

--- Main exception: Source ---
GUI

wtorek, 11 czerwca 2019 13:57:29

--- Main exception: Message ---
Odwołanie do obiektu nie zostało ustawione na wystąpienie obiektu.

--- Main exception: StackTrace ---
   w GUI.MainForm.slaAutoStep(DataGridViewRow tmpRow, String issueNumber) w C:\CP\ParserGit\JiraParser\GUI\SlaService.cs:wiersz 746

--- Main exception: Source ---
GUI

wtorek, 11 czerwca 2019 13:57:50

Dany klucz nie był obecny w słowniku.wtorek, 11 czerwca 2019 14:03:30

--- Main exception: Message ---
Odwołanie do obiektu nie zostało ustawione na wystąpienie obiektu.

--- Main exception: StackTrace ---
   w GUI.MainForm.slaAutoStep(DataGridViewRow tmpRow, String issueNumber) w C:\CP\ParserGit\JiraParser\GUI\SlaService.cs:wiersz 746

--- Main exception: Source ---
GUI

wtorek, 11 czerwca 2019 14:03:46

--- Main exception: Message ---
The request was aborted.

--- Main exception: StackTrace ---
   w Atlassian.Jira.Issue.GetChangeLogs() w c:\projects\atlassian-net-sdk\Atlassian.Jira\Issue.cs:wiersz 696
   w GUI.MainForm.slaAutoStep(DataGridViewRow tmpRow, String issueNumber) w C:\CP\ParserGit\JiraParser\GUI\SlaService.cs:wiersz 781

--- Main exception: Source ---
Atlassian.Jira

wtorek, 11 czerwca 2019 14:09:27

--- Main exception: Message ---
Odwołanie do obiektu nie zostało ustawione na wystąpienie obiektu.

--- Main exception: StackTrace ---
   w GUI.MainForm.slaAutoStep(DataGridViewRow tmpRow, String issueNumber) w C:\CP\ParserGit\JiraParser\GUI\SlaService.cs:wiersz 746

--- Main exception: Source ---
GUI

wtorek, 11 czerwca 2019 14:15:34

--- Main exception: Message ---
Odwołanie do obiektu nie zostało ustawione na wystąpienie obiektu.

--- Main exception: StackTrace ---
   w GUI.MainForm.slaAutoStep(DataGridViewRow tmpRow, String issueNumber) w C:\CP\ParserGit\JiraParser\GUI\SlaService.cs:wiersz 746

--- Main exception: Source ---
GUI

wtorek, 11 czerwca 2019 14:21:27

--- Main exception: Message ---
Odwołanie do obiektu nie zostało ustawione na wystąpienie obiektu.

--- Main exception: StackTrace ---
   w GUI.MainForm.slaAutoStep(DataGridViewRow tmpRow, String issueNumber) w C:\CP\ParserGit\JiraParser\GUI\SlaService.cs:wiersz 746

--- Main exception: Source ---
GUI

wtorek, 11 czerwca 2019 14:27:29

--- Main exception: Message ---
Odwołanie do obiektu nie zostało ustawione na wystąpienie obiektu.

--- Main exception: StackTrace ---
   w GUI.MainForm.slaAutoStep(DataGridViewRow tmpRow, String issueNumber) w C:\CP\ParserGit\JiraParser\GUI\SlaService.cs:wiersz 746

--- Main exception: Source ---
GUI

wtorek, 11 czerwca 2019 14:33:31

--- Main exception: Message ---
Odwołanie do obiektu nie zostało ustawione na wystąpienie obiektu.

--- Main exception: StackTrace ---
   w GUI.MainForm.slaAutoStep(DataGridViewRow tmpRow, String issueNumber) w C:\CP\ParserGit\JiraParser\GUI\SlaService.cs:wiersz 746

--- Main exception: Source ---
GUI

wtorek, 11 czerwca 2019 15:02:52

Zgłoszenie INFOLINIA-6721 dodano automatycznie o godzinie 2019-06-11 15:02:52!
wtorek, 11 czerwca 2019 15:02:52

Modyfikacja treeItem checkAsAssignewtorek, 11 czerwca 2019 15:02:59

addCommentJira string jiraKey INFOLINIA-6721wtorek, 11 czerwca 2019 15:02:59

addCommentJira object sender, DoWorkEventArgs e INFOLINIA-6721