wtorek, 21 maja 2019 07:59:19

Modyfikacja treeItem checkAsAssignewtorek, 21 maja 2019 07:59:22

addCommentJira string jiraKey WIND-8327wtorek, 21 maja 2019 07:59:22

addCommentJira object sender, DoWorkEventArgs e WIND-8327wtorek, 21 maja 2019 07:59:50

Modyfikacja treeItem checkAsAssignewtorek, 21 maja 2019 07:59:55

Modyfikacja treeItem checkAsAssignewtorek, 21 maja 2019 07:59:59

Modyfikacja treeItem checkAsAssignewtorek, 21 maja 2019 08:00:07

Zgłoszenie CRM-75894 dodano automatycznie o godzinie 2019-05-21 08:00:07!
wtorek, 21 maja 2019 08:00:08

Modyfikacja treeItem checkAsAssignewtorek, 21 maja 2019 08:00:11

addCommentJira string jiraKey ZCC-18776wtorek, 21 maja 2019 08:00:11

addCommentJira object sender, DoWorkEventArgs e ZCC-18776wtorek, 21 maja 2019 08:00:11

Zgłoszenie CRM-75895 dodano automatycznie o godzinie 2019-05-21 08:00:11!
wtorek, 21 maja 2019 08:00:12

addCommentJira string jiraKey ZCC-18777wtorek, 21 maja 2019 08:00:12

addCommentJira object sender, DoWorkEventArgs e ZCC-18777wtorek, 21 maja 2019 08:00:12

Modyfikacja treeItem checkAsAssignewtorek, 21 maja 2019 08:00:12

addCommentJira string jiraKey ZCC-18778wtorek, 21 maja 2019 08:00:13

addCommentJira object sender, DoWorkEventArgs e ZCC-18778wtorek, 21 maja 2019 08:00:13

addCommentJira string jiraKey CRM-75894wtorek, 21 maja 2019 08:00:13

addCommentJira object sender, DoWorkEventArgs e CRM-75894wtorek, 21 maja 2019 08:00:15

addCommentJira string jiraKey CRM-75895wtorek, 21 maja 2019 08:00:15

addCommentJira object sender, DoWorkEventArgs e CRM-75895wtorek, 21 maja 2019 08:00:57

Automatyczny zapis nowego zgłoszenia Entities.BillingIssueDtoHelios [2019-05-21 08:00:57] 

wtorek, 21 maja 2019 08:01:00

Automatyczny zapis poprawny Entities.BillingIssueDtoHelios [2019-05-21 08:01:00] 

wtorek, 21 maja 2019 08:01:00

Modyfikacja treeItemwtorek, 21 maja 2019 08:01:00

Status Auto: False 

wtorek, 21 maja 2019 08:01:00

Automatyczny zapis nowego zgłoszenia Entities.BillingIssueDtoHelios [2019-05-21 08:01:00] 

wtorek, 21 maja 2019 08:01:02

Automatyczny zapis poprawny Entities.BillingIssueDtoHelios [2019-05-21 08:01:02] 

wtorek, 21 maja 2019 08:01:02

Modyfikacja treeItemwtorek, 21 maja 2019 08:01:02

Status Auto: False 

wtorek, 21 maja 2019 08:01:02

Automatyczny zapis nowego zgłoszenia Entities.BillingIssueDtoHelios [2019-05-21 08:01:02] 

wtorek, 21 maja 2019 08:01:04

Automatyczny zapis poprawny Entities.BillingIssueDtoHelios [2019-05-21 08:01:04] 

wtorek, 21 maja 2019 08:01:04

Modyfikacja treeItemwtorek, 21 maja 2019 08:01:04

Status Auto: False 

wtorek, 21 maja 2019 08:01:04

Automatyczny zapis nowego zgłoszenia Entities.BillingIssueDtoHelios [2019-05-21 08:01:04] 

wtorek, 21 maja 2019 08:01:07

Automatyczny zapis poprawny Entities.BillingIssueDtoHelios [2019-05-21 08:01:07] 

wtorek, 21 maja 2019 08:01:07

Modyfikacja treeItemwtorek, 21 maja 2019 08:01:07

Status Auto: False 

wtorek, 21 maja 2019 08:01:10

addCommentJira string jiraKey ZCC-18778 NIE DODANO KOMENTARZA BO ISTNIEJE WPISwtorek, 21 maja 2019 08:01:12

addCommentJira string jiraKey ZCC-18777 NIE DODANO KOMENTARZA BO ISTNIEJE WPISwtorek, 21 maja 2019 08:01:13

addCommentJira string jiraKey ZCC-18776 NIE DODANO KOMENTARZA BO ISTNIEJE WPISwtorek, 21 maja 2019 08:01:15

addCommentJira string jiraKey WIND-8327 NIE DODANO KOMENTARZA BO ISTNIEJE WPISwtorek, 21 maja 2019 08:25:45

Zgłoszenie CRM-75899 dodano automatycznie o godzinie 2019-05-21 08:25:45!
wtorek, 21 maja 2019 08:25:45

Modyfikacja treeItem checkAsAssignewtorek, 21 maja 2019 08:25:52

addCommentJira string jiraKey CRM-75899wtorek, 21 maja 2019 08:25:52

addCommentJira object sender, DoWorkEventArgs e CRM-75899wtorek, 21 maja 2019 08:25:55

Zgłoszenie ZCC-18779 dodano automatycznie o godzinie 2019-05-21 08:25:55!
wtorek, 21 maja 2019 08:25:55

Modyfikacja treeItem checkAsAssignewtorek, 21 maja 2019 08:26:16

Zgłoszenie ZCC-18780 dodano automatycznie o godzinie 2019-05-21 08:26:16!
wtorek, 21 maja 2019 08:26:16

Modyfikacja treeItem checkAsAssignewtorek, 21 maja 2019 08:26:53

addCommentJira string jiraKey ZCC-18779wtorek, 21 maja 2019 08:26:53

addCommentJira object sender, DoWorkEventArgs e ZCC-18779wtorek, 21 maja 2019 08:26:53

addCommentJira string jiraKey ZCC-18780wtorek, 21 maja 2019 08:26:53

addCommentJira object sender, DoWorkEventArgs e ZCC-18780wtorek, 21 maja 2019 08:26:55

Zgłoszenie ZCC-18782 dodano automatycznie o godzinie 2019-05-21 08:26:55!
wtorek, 21 maja 2019 08:26:55

Modyfikacja treeItem checkAsAssignewtorek, 21 maja 2019 08:26:58

addCommentJira string jiraKey ZCC-18782wtorek, 21 maja 2019 08:26:58

addCommentJira object sender, DoWorkEventArgs e ZCC-18782wtorek, 21 maja 2019 08:26:58

Zgłoszenie ZCC-18781 dodano automatycznie o godzinie 2019-05-21 08:26:58!
wtorek, 21 maja 2019 08:26:58

Modyfikacja treeItem checkAsAssignewtorek, 21 maja 2019 08:27:01

addCommentJira string jiraKey ZCC-18781wtorek, 21 maja 2019 08:27:01

addCommentJira object sender, DoWorkEventArgs e ZCC-18781wtorek, 21 maja 2019 08:42:00

Zgłoszenie KKK-3850 dodano automatycznie o godzinie 2019-05-21 08:42:00!
wtorek, 21 maja 2019 08:42:00

Modyfikacja treeItem checkAsAssignewtorek, 21 maja 2019 08:42:46

addCommentJira string jiraKey KKK-3850wtorek, 21 maja 2019 08:42:46

addCommentJira object sender, DoWorkEventArgs e KKK-3850