wtorek, 9 kwietnia 2019 08:31:41

--- Main exception: Message ---
Zmodyfikowano kolekcję. Nie można wykonać operacji wyliczania.

--- Main exception: StackTrace ---
   w System.ThrowHelper.ThrowInvalidOperationException(ExceptionResource resource)
   w System.Collections.Generic.Dictionary`2.Enumerator.MoveNext()
   w System.Linq.Enumerable.Any[TSource](IEnumerable`1 source, Func`2 predicate)
   w GUI.MainForm.addIssueToTreeNode(String issueNumber, List`1 issue, String treeViewName) w C:\CP\ParserGit\JiraParser\GUI\MainForm.cs:wiersz 6283
   w GUI.MainForm.slaAutoStep(DataGridViewRow tmpRow, String issueNumber) w C:\CP\ParserGit\JiraParser\GUI\SlaService.cs:wiersz 596

--- Main exception: Source ---
mscorlib

wtorek, 9 kwietnia 2019 08:31:41

--- Main exception: Message ---
Zmodyfikowano kolekcję. Nie można wykonać operacji wyliczania.

--- Main exception: StackTrace ---
   w System.ThrowHelper.ThrowInvalidOperationException(ExceptionResource resource)
   w System.Collections.Generic.Dictionary`2.Enumerator.MoveNext()
   w System.Linq.Enumerable.Any[TSource](IEnumerable`1 source, Func`2 predicate)
   w GUI.MainForm.addIssueToTreeNode(String issueNumber, List`1 issue, String treeViewName) w C:\CP\ParserGit\JiraParser\GUI\MainForm.cs:wiersz 6283
   w GUI.MainForm.slaAutoStep(DataGridViewRow tmpRow, String issueNumber) w C:\CP\ParserGit\JiraParser\GUI\SlaService.cs:wiersz 596

--- Main exception: Source ---
mscorlib

wtorek, 9 kwietnia 2019 08:55:33

Zgłoszenie WIND-8238 dodano automatycznie o godzinie 2019-04-09 08:55:33!
wtorek, 9 kwietnia 2019 08:55:34

Modyfikacja treeItem checkAsAssignewtorek, 9 kwietnia 2019 08:55:39

Zgłoszenie KKK-4168 dodano automatycznie o godzinie 2019-04-09 08:55:39!
wtorek, 9 kwietnia 2019 08:55:39

Modyfikacja treeItem checkAsAssignewtorek, 9 kwietnia 2019 08:55:41

addCommentJira string jiraKey WIND-8238wtorek, 9 kwietnia 2019 08:55:41

addCommentJira object sender, DoWorkEventArgs e WIND-8238wtorek, 9 kwietnia 2019 08:55:48

addCommentJira string jiraKey KKK-4168wtorek, 9 kwietnia 2019 08:55:48

addCommentJira object sender, DoWorkEventArgs e KKK-4168wtorek, 9 kwietnia 2019 09:07:40

Zgłoszenie ZCC-18517 dodano automatycznie o godzinie 2019-04-09 09:07:40!
wtorek, 9 kwietnia 2019 09:07:40

Modyfikacja treeItem checkAsAssignewtorek, 9 kwietnia 2019 09:07:49

addCommentJira string jiraKey ZCC-18517wtorek, 9 kwietnia 2019 09:07:49

addCommentJira object sender, DoWorkEventArgs e ZCC-18517wtorek, 9 kwietnia 2019 09:49:05

--- Main exception: Message ---
Błędne Hasło JIRA dla użytkownika prekawek

--- Inner exception 1: Message ---
Unexpected character encountered while parsing value: F. Path '', line 1, position 1.

--- Inner exception 1: StackTrace ---
   w Newtonsoft.Json.JsonTextReader.ParseValue()
   w Newtonsoft.Json.JsonTextReader.Read()
   w Newtonsoft.Json.Linq.JContainer.ReadTokenFrom(JsonReader reader)
   w Newtonsoft.Json.Linq.JArray.Load(JsonReader reader)
   w Newtonsoft.Json.Linq.JToken.ReadFrom(JsonReader reader)
   w Newtonsoft.Json.Linq.JToken.Parse(String json)
   w Atlassian.Jira.Remote.JiraRestClient.GetValidJsonFromResponse(IRestResponse response) w c:\projects\atlassian-net-sdk\Atlassian.Jira\Remote\JiraRestClient.cs:wiersz 715

--- Inner exception 1: Source ---
Newtonsoft.Json

--- Main exception: StackTrace ---


--- Main exception: Source ---


wtorek, 9 kwietnia 2019 10:01:30

Zgłoszenie ZCC-18518 dodano automatycznie o godzinie 2019-04-09 10:01:30!
wtorek, 9 kwietnia 2019 10:02:44

Modyfikacja treeItem checkAsAssignewtorek, 9 kwietnia 2019 10:02:44

--- Main exception: Message ---
Nie można uzyskać dostępu do usuniętego obiektu.
Nazwa obiektu: 'WFSform'.

--- Main exception: StackTrace ---
   w System.Windows.Forms.Control.CreateHandle()
   w System.Windows.Forms.Form.CreateHandle()
   w System.Windows.Forms.Control.get_Handle()
   w System.Windows.Forms.Application.ThreadContext.RunMessageLoopInner(Int32 reason, ApplicationContext context)
   w System.Windows.Forms.Application.ThreadContext.RunMessageLoop(Int32 reason, ApplicationContext context)
   w System.Windows.Forms.Form.ShowDialog(IWin32Window owner)
   w GUI.MainForm.UzupelnijDane(TreeView tr, Boolean auto) w C:\CP\ParserGit\JiraParser\GUI\MainForm.cs:wiersz 3873
   w GUI.MainForm.<newIssueAutoAddToBPMUzupelnijDane>b__226_0() w C:\CP\ParserGit\JiraParser\GUI\MainForm.cs:wiersz 7445

--- Main exception: Source ---
System.Windows.Forms

wtorek, 9 kwietnia 2019 10:02:47

addCommentJira string jiraKey ZCC-18518wtorek, 9 kwietnia 2019 10:02:47

addCommentJira object sender, DoWorkEventArgs e ZCC-18518wtorek, 9 kwietnia 2019 10:07:29

Zgłoszenie CRM-75680 dodano automatycznie o godzinie 2019-04-09 10:07:29!
wtorek, 9 kwietnia 2019 10:07:29

Modyfikacja treeItem checkAsAssignewtorek, 9 kwietnia 2019 10:07:39

addCommentJira string jiraKey CRM-75680wtorek, 9 kwietnia 2019 10:07:39

addCommentJira object sender, DoWorkEventArgs e CRM-75680wtorek, 9 kwietnia 2019 10:37:29

Zgłoszenie ZCC-18519 dodano automatycznie o godzinie 2019-04-09 10:37:29!
wtorek, 9 kwietnia 2019 10:37:29

Modyfikacja treeItem checkAsAssignewtorek, 9 kwietnia 2019 10:37:36

addCommentJira string jiraKey ZCC-18519wtorek, 9 kwietnia 2019 10:37:36

addCommentJira object sender, DoWorkEventArgs e ZCC-18519wtorek, 9 kwietnia 2019 11:07:29

Zgłoszenie ZCC-18520 dodano automatycznie o godzinie 2019-04-09 11:07:29!
wtorek, 9 kwietnia 2019 11:07:29

Modyfikacja treeItem checkAsAssignewtorek, 9 kwietnia 2019 11:07:37

addCommentJira string jiraKey ZCC-18520wtorek, 9 kwietnia 2019 11:07:37

addCommentJira object sender, DoWorkEventArgs e ZCC-18520wtorek, 9 kwietnia 2019 11:12:27

--- Main exception: Message ---
Nie można rozpoznać nazwy zdalnej: 'jira'

--- Main exception: StackTrace ---
   w Atlassian.Jira.Remote.JiraRestClient.ExecuteRequest[T](Method method, String resource, Object requestBody) w c:\projects\atlassian-net-sdk\Atlassian.Jira\Remote\JiraRestClient.cs:wiersz 119
   w Atlassian.Jira.Remote.JiraRestClient.GetIssueTypes(String token, String projectId) w c:\projects\atlassian-net-sdk\Atlassian.Jira\Remote\JiraRestClient.cs:wiersz 822
   w Atlassian.Jira.Jira.<>c__DisplayClass16.<GetIssueTypes>b__12(String token) w c:\projects\atlassian-net-sdk\Atlassian.Jira\Jira.cs:wiersz 414
   w Atlassian.Jira.Jira.<>c__DisplayClass3c.<WithToken>b__3b(String t) w c:\projects\atlassian-net-sdk\Atlassian.Jira\Jira.cs:wiersz 658
   w Atlassian.Jira.Jira.WithToken[TResult](Func`3 function) w c:\projects\atlassian-net-sdk\Atlassian.Jira\Jira.cs:wiersz 706
   w Atlassian.Jira.Jira.GetIssueTypes(String projectKey) w c:\projects\atlassian-net-sdk\Atlassian.Jira\Jira.cs:wiersz 419
   w Logic.Implementation.JiraIssues.GetJiraIssuesTypes() w C:\CP\ParserGit\JiraParser\Logic\Implementation\JiraIssues.cs:wiersz 68
   w GUI.MainForm.<timer2_Tick>b__105_0() w C:\CP\ParserGit\JiraParser\GUI\MainForm.cs:wiersz 2725

--- Main exception: Source ---
Atlassian.Jira

wtorek, 9 kwietnia 2019 11:13:05

--- Main exception: Message ---
Nie można rozpoznać nazwy zdalnej: 'jira'

--- Main exception: StackTrace ---
   w Atlassian.Jira.Remote.JiraRestClient.ExecuteRequest[T](Method method, String resource, Object requestBody) w c:\projects\atlassian-net-sdk\Atlassian.Jira\Remote\JiraRestClient.cs:wiersz 119
   w Atlassian.Jira.Remote.JiraRestClient.GetPriorities(String token) w c:\projects\atlassian-net-sdk\Atlassian.Jira\Remote\JiraRestClient.cs:wiersz 785
   w Atlassian.Jira.Jira.<GetIssuePriorities>b__24(String token) w c:\projects\atlassian-net-sdk\Atlassian.Jira\Jira.cs:wiersz 478
   w Atlassian.Jira.Jira.<>c__DisplayClass3c.<WithToken>b__3b(String t) w c:\projects\atlassian-net-sdk\Atlassian.Jira\Jira.cs:wiersz 658
   w Atlassian.Jira.Jira.WithToken[TResult](Func`3 function) w c:\projects\atlassian-net-sdk\Atlassian.Jira\Jira.cs:wiersz 706
   w Atlassian.Jira.Jira.GetIssuePriorities() w c:\projects\atlassian-net-sdk\Atlassian.Jira\Jira.cs:wiersz 482
   w GUI.MainForm.LoginJira() w C:\CP\ParserGit\JiraParser\GUI\MainForm.cs:wiersz 4475

--- Main exception: Source ---
Atlassian.Jira

wtorek, 9 kwietnia 2019 11:17:27

--- Main exception: Message ---
Nie można rozpoznać nazwy zdalnej: 'jira'

--- Main exception: StackTrace ---
   w Atlassian.Jira.Remote.JiraRestClient.ExecuteRequest[T](Method method, String resource, Object requestBody) w c:\projects\atlassian-net-sdk\Atlassian.Jira\Remote\JiraRestClient.cs:wiersz 119
   w Atlassian.Jira.Remote.JiraRestClient.GetIssueTypes(String token, String projectId) w c:\projects\atlassian-net-sdk\Atlassian.Jira\Remote\JiraRestClient.cs:wiersz 822
   w Atlassian.Jira.Jira.<>c__DisplayClass16.<GetIssueTypes>b__12(String token) w c:\projects\atlassian-net-sdk\Atlassian.Jira\Jira.cs:wiersz 414
   w Atlassian.Jira.Jira.<>c__DisplayClass3c.<WithToken>b__3b(String t) w c:\projects\atlassian-net-sdk\Atlassian.Jira\Jira.cs:wiersz 658
   w Atlassian.Jira.Jira.WithToken[TResult](Func`3 function) w c:\projects\atlassian-net-sdk\Atlassian.Jira\Jira.cs:wiersz 706
   w Atlassian.Jira.Jira.GetIssueTypes(String projectKey) w c:\projects\atlassian-net-sdk\Atlassian.Jira\Jira.cs:wiersz 419
   w Logic.Implementation.JiraIssues.GetJiraIssuesTypes() w C:\CP\ParserGit\JiraParser\Logic\Implementation\JiraIssues.cs:wiersz 68
   w GUI.MainForm.<timer2_Tick>b__105_0() w C:\CP\ParserGit\JiraParser\GUI\MainForm.cs:wiersz 2725

--- Main exception: Source ---
Atlassian.Jira

wtorek, 9 kwietnia 2019 11:19:05

--- Main exception: Message ---
Nie można rozpoznać nazwy zdalnej: 'jira'

--- Main exception: StackTrace ---
   w Atlassian.Jira.Remote.JiraRestClient.ExecuteRequest[T](Method method, String resource, Object requestBody) w c:\projects\atlassian-net-sdk\Atlassian.Jira\Remote\JiraRestClient.cs:wiersz 119
   w Atlassian.Jira.Remote.JiraRestClient.GetPriorities(String token) w c:\projects\atlassian-net-sdk\Atlassian.Jira\Remote\JiraRestClient.cs:wiersz 785
   w Atlassian.Jira.Jira.<GetIssuePriorities>b__24(String token) w c:\projects\atlassian-net-sdk\Atlassian.Jira\Jira.cs:wiersz 478
   w Atlassian.Jira.Jira.<>c__DisplayClass3c.<WithToken>b__3b(String t) w c:\projects\atlassian-net-sdk\Atlassian.Jira\Jira.cs:wiersz 658
   w Atlassian.Jira.Jira.WithToken[TResult](Func`3 function) w c:\projects\atlassian-net-sdk\Atlassian.Jira\Jira.cs:wiersz 706
   w Atlassian.Jira.Jira.GetIssuePriorities() w c:\projects\atlassian-net-sdk\Atlassian.Jira\Jira.cs:wiersz 482
   w GUI.MainForm.LoginJira() w C:\CP\ParserGit\JiraParser\GUI\MainForm.cs:wiersz 4475

--- Main exception: Source ---
Atlassian.Jira

wtorek, 9 kwietnia 2019 11:22:27

--- Main exception: Message ---
Nie można rozpoznać nazwy zdalnej: 'jira'

--- Main exception: StackTrace ---
   w Atlassian.Jira.Remote.JiraRestClient.ExecuteRequest[T](Method method, String resource, Object requestBody) w c:\projects\atlassian-net-sdk\Atlassian.Jira\Remote\JiraRestClient.cs:wiersz 119
   w Atlassian.Jira.Remote.JiraRestClient.GetIssueTypes(String token, String projectId) w c:\projects\atlassian-net-sdk\Atlassian.Jira\Remote\JiraRestClient.cs:wiersz 822
   w Atlassian.Jira.Jira.<>c__DisplayClass16.<GetIssueTypes>b__12(String token) w c:\projects\atlassian-net-sdk\Atlassian.Jira\Jira.cs:wiersz 414
   w Atlassian.Jira.Jira.<>c__DisplayClass3c.<WithToken>b__3b(String t) w c:\projects\atlassian-net-sdk\Atlassian.Jira\Jira.cs:wiersz 658
   w Atlassian.Jira.Jira.WithToken[TResult](Func`3 function) w c:\projects\atlassian-net-sdk\Atlassian.Jira\Jira.cs:wiersz 706
   w Atlassian.Jira.Jira.GetIssueTypes(String projectKey) w c:\projects\atlassian-net-sdk\Atlassian.Jira\Jira.cs:wiersz 419
   w Logic.Implementation.JiraIssues.GetJiraIssuesTypes() w C:\CP\ParserGit\JiraParser\Logic\Implementation\JiraIssues.cs:wiersz 68
   w GUI.MainForm.<timer2_Tick>b__105_0() w C:\CP\ParserGit\JiraParser\GUI\MainForm.cs:wiersz 2725

--- Main exception: Source ---
Atlassian.Jira

wtorek, 9 kwietnia 2019 11:25:05

--- Main exception: Message ---
Nie można rozpoznać nazwy zdalnej: 'jira'

--- Main exception: StackTrace ---
   w Atlassian.Jira.Remote.JiraRestClient.ExecuteRequest[T](Method method, String resource, Object requestBody) w c:\projects\atlassian-net-sdk\Atlassian.Jira\Remote\JiraRestClient.cs:wiersz 119
   w Atlassian.Jira.Remote.JiraRestClient.GetPriorities(String token) w c:\projects\atlassian-net-sdk\Atlassian.Jira\Remote\JiraRestClient.cs:wiersz 785
   w Atlassian.Jira.Jira.<GetIssuePriorities>b__24(String token) w c:\projects\atlassian-net-sdk\Atlassian.Jira\Jira.cs:wiersz 478
   w Atlassian.Jira.Jira.<>c__DisplayClass3c.<WithToken>b__3b(String t) w c:\projects\atlassian-net-sdk\Atlassian.Jira\Jira.cs:wiersz 658
   w Atlassian.Jira.Jira.WithToken[TResult](Func`3 function) w c:\projects\atlassian-net-sdk\Atlassian.Jira\Jira.cs:wiersz 706
   w Atlassian.Jira.Jira.GetIssuePriorities() w c:\projects\atlassian-net-sdk\Atlassian.Jira\Jira.cs:wiersz 482
   w GUI.MainForm.LoginJira() w C:\CP\ParserGit\JiraParser\GUI\MainForm.cs:wiersz 4475

--- Main exception: Source ---
Atlassian.Jira

wtorek, 9 kwietnia 2019 11:27:27

--- Main exception: Message ---
Nie można rozpoznać nazwy zdalnej: 'jira'

--- Main exception: StackTrace ---
   w Atlassian.Jira.Remote.JiraRestClient.ExecuteRequest[T](Method method, String resource, Object requestBody) w c:\projects\atlassian-net-sdk\Atlassian.Jira\Remote\JiraRestClient.cs:wiersz 119
   w Atlassian.Jira.Remote.JiraRestClient.GetIssueTypes(String token, String projectId) w c:\projects\atlassian-net-sdk\Atlassian.Jira\Remote\JiraRestClient.cs:wiersz 822
   w Atlassian.Jira.Jira.<>c__DisplayClass16.<GetIssueTypes>b__12(String token) w c:\projects\atlassian-net-sdk\Atlassian.Jira\Jira.cs:wiersz 414
   w Atlassian.Jira.Jira.<>c__DisplayClass3c.<WithToken>b__3b(String t) w c:\projects\atlassian-net-sdk\Atlassian.Jira\Jira.cs:wiersz 658
   w Atlassian.Jira.Jira.WithToken[TResult](Func`3 function) w c:\projects\atlassian-net-sdk\Atlassian.Jira\Jira.cs:wiersz 706
   w Atlassian.Jira.Jira.GetIssueTypes(String projectKey) w c:\projects\atlassian-net-sdk\Atlassian.Jira\Jira.cs:wiersz 419
   w Logic.Implementation.JiraIssues.GetJiraIssuesTypes() w C:\CP\ParserGit\JiraParser\Logic\Implementation\JiraIssues.cs:wiersz 68
   w GUI.MainForm.<timer2_Tick>b__105_0() w C:\CP\ParserGit\JiraParser\GUI\MainForm.cs:wiersz 2725

--- Main exception: Source ---
Atlassian.Jira

wtorek, 9 kwietnia 2019 11:31:05

--- Main exception: Message ---
Nie można rozpoznać nazwy zdalnej: 'jira'

--- Main exception: StackTrace ---
   w Atlassian.Jira.Remote.JiraRestClient.ExecuteRequest[T](Method method, String resource, Object requestBody) w c:\projects\atlassian-net-sdk\Atlassian.Jira\Remote\JiraRestClient.cs:wiersz 119
   w Atlassian.Jira.Remote.JiraRestClient.GetPriorities(String token) w c:\projects\atlassian-net-sdk\Atlassian.Jira\Remote\JiraRestClient.cs:wiersz 785
   w Atlassian.Jira.Jira.<GetIssuePriorities>b__24(String token) w c:\projects\atlassian-net-sdk\Atlassian.Jira\Jira.cs:wiersz 478
   w Atlassian.Jira.Jira.<>c__DisplayClass3c.<WithToken>b__3b(String t) w c:\projects\atlassian-net-sdk\Atlassian.Jira\Jira.cs:wiersz 658
   w Atlassian.Jira.Jira.WithToken[TResult](Func`3 function) w c:\projects\atlassian-net-sdk\Atlassian.Jira\Jira.cs:wiersz 706
   w Atlassian.Jira.Jira.GetIssuePriorities() w c:\projects\atlassian-net-sdk\Atlassian.Jira\Jira.cs:wiersz 482
   w GUI.MainForm.LoginJira() w C:\CP\ParserGit\JiraParser\GUI\MainForm.cs:wiersz 4475

--- Main exception: Source ---
Atlassian.Jira

wtorek, 9 kwietnia 2019 11:32:28

--- Main exception: Message ---
Nie można rozpoznać nazwy zdalnej: 'jira'

--- Main exception: StackTrace ---
   w Atlassian.Jira.Remote.JiraRestClient.ExecuteRequest[T](Method method, String resource, Object requestBody) w c:\projects\atlassian-net-sdk\Atlassian.Jira\Remote\JiraRestClient.cs:wiersz 119
   w Atlassian.Jira.Remote.JiraRestClient.GetIssueTypes(String token, String projectId) w c:\projects\atlassian-net-sdk\Atlassian.Jira\Remote\JiraRestClient.cs:wiersz 822
   w Atlassian.Jira.Jira.<>c__DisplayClass16.<GetIssueTypes>b__12(String token) w c:\projects\atlassian-net-sdk\Atlassian.Jira\Jira.cs:wiersz 414
   w Atlassian.Jira.Jira.<>c__DisplayClass3c.<WithToken>b__3b(String t) w c:\projects\atlassian-net-sdk\Atlassian.Jira\Jira.cs:wiersz 658
   w Atlassian.Jira.Jira.WithToken[TResult](Func`3 function) w c:\projects\atlassian-net-sdk\Atlassian.Jira\Jira.cs:wiersz 706
   w Atlassian.Jira.Jira.GetIssueTypes(String projectKey) w c:\projects\atlassian-net-sdk\Atlassian.Jira\Jira.cs:wiersz 419
   w Logic.Implementation.JiraIssues.GetJiraIssuesTypes() w C:\CP\ParserGit\JiraParser\Logic\Implementation\JiraIssues.cs:wiersz 68
   w GUI.MainForm.<timer2_Tick>b__105_0() w C:\CP\ParserGit\JiraParser\GUI\MainForm.cs:wiersz 2725

--- Main exception: Source ---
Atlassian.Jira

wtorek, 9 kwietnia 2019 11:37:06

--- Main exception: Message ---
Nie można rozpoznać nazwy zdalnej: 'jira'

--- Main exception: StackTrace ---
   w Atlassian.Jira.Remote.JiraRestClient.ExecuteRequest[T](Method method, String resource, Object requestBody) w c:\projects\atlassian-net-sdk\Atlassian.Jira\Remote\JiraRestClient.cs:wiersz 119
   w Atlassian.Jira.Remote.JiraRestClient.GetPriorities(String token) w c:\projects\atlassian-net-sdk\Atlassian.Jira\Remote\JiraRestClient.cs:wiersz 785
   w Atlassian.Jira.Jira.<GetIssuePriorities>b__24(String token) w c:\projects\atlassian-net-sdk\Atlassian.Jira\Jira.cs:wiersz 478
   w Atlassian.Jira.Jira.<>c__DisplayClass3c.<WithToken>b__3b(String t) w c:\projects\atlassian-net-sdk\Atlassian.Jira\Jira.cs:wiersz 658
   w Atlassian.Jira.Jira.WithToken[TResult](Func`3 function) w c:\projects\atlassian-net-sdk\Atlassian.Jira\Jira.cs:wiersz 706
   w Atlassian.Jira.Jira.GetIssuePriorities() w c:\projects\atlassian-net-sdk\Atlassian.Jira\Jira.cs:wiersz 482
   w GUI.MainForm.LoginJira() w C:\CP\ParserGit\JiraParser\GUI\MainForm.cs:wiersz 4475

--- Main exception: Source ---
Atlassian.Jira

wtorek, 9 kwietnia 2019 11:37:28

--- Main exception: Message ---
Nie można rozpoznać nazwy zdalnej: 'jira'

--- Main exception: StackTrace ---
   w Atlassian.Jira.Remote.JiraRestClient.ExecuteRequest[T](Method method, String resource, Object requestBody) w c:\projects\atlassian-net-sdk\Atlassian.Jira\Remote\JiraRestClient.cs:wiersz 119
   w Atlassian.Jira.Remote.JiraRestClient.GetIssueTypes(String token, String projectId) w c:\projects\atlassian-net-sdk\Atlassian.Jira\Remote\JiraRestClient.cs:wiersz 822
   w Atlassian.Jira.Jira.<>c__DisplayClass16.<GetIssueTypes>b__12(String token) w c:\projects\atlassian-net-sdk\Atlassian.Jira\Jira.cs:wiersz 414
   w Atlassian.Jira.Jira.<>c__DisplayClass3c.<WithToken>b__3b(String t) w c:\projects\atlassian-net-sdk\Atlassian.Jira\Jira.cs:wiersz 658
   w Atlassian.Jira.Jira.WithToken[TResult](Func`3 function) w c:\projects\atlassian-net-sdk\Atlassian.Jira\Jira.cs:wiersz 706
   w Atlassian.Jira.Jira.GetIssueTypes(String projectKey) w c:\projects\atlassian-net-sdk\Atlassian.Jira\Jira.cs:wiersz 419
   w Logic.Implementation.JiraIssues.GetJiraIssuesTypes() w C:\CP\ParserGit\JiraParser\Logic\Implementation\JiraIssues.cs:wiersz 68
   w GUI.MainForm.<timer2_Tick>b__105_0() w C:\CP\ParserGit\JiraParser\GUI\MainForm.cs:wiersz 2725

--- Main exception: Source ---
Atlassian.Jira

wtorek, 9 kwietnia 2019 11:46:46

--- Main exception: Message ---
Nie można odnaleźć kolumny o nazwie dgvAkcjaBPM.
Nazwa parametru: columnName

--- Main exception: StackTrace ---
   w System.Windows.Forms.DataGridViewCellCollection.get_Item(String columnName)
   w GUI.MainForm.slaAutoStep(DataGridViewRow tmpRow, String issueNumber) w C:\CP\ParserGit\JiraParser\GUI\SlaService.cs:wiersz 605

--- Main exception: Source ---
System.Windows.Forms

wtorek, 9 kwietnia 2019 11:46:46

--- Main exception: Message ---
Nie można odnaleźć kolumny o nazwie dgvAkcjaBPM.
Nazwa parametru: columnName

--- Main exception: StackTrace ---
   w System.Windows.Forms.DataGridViewCellCollection.get_Item(String columnName)
   w GUI.MainForm.slaAutoStep(DataGridViewRow tmpRow, String issueNumber) w C:\CP\ParserGit\JiraParser\GUI\SlaService.cs:wiersz 605

--- Main exception: Source ---
System.Windows.Forms

wtorek, 9 kwietnia 2019 11:46:46

--- Main exception: Message ---
Nie można odnaleźć kolumny o nazwie dgvAkcjaBPM.
Nazwa parametru: columnName

--- Main exception: StackTrace ---
   w System.Windows.Forms.DataGridViewCellCollection.get_Item(String columnName)
   w GUI.MainForm.slaAutoStep(DataGridViewRow tmpRow, String issueNumber) w C:\CP\ParserGit\JiraParser\GUI\SlaService.cs:wiersz 605

--- Main exception: Source ---
System.Windows.Forms

wtorek, 9 kwietnia 2019 11:46:46

--- Main exception: Message ---
Nie można odnaleźć kolumny o nazwie dgvAkcjaBPM.
Nazwa parametru: columnName

--- Main exception: StackTrace ---
   w System.Windows.Forms.DataGridViewCellCollection.get_Item(String columnName)
   w GUI.MainForm.slaAutoStep(DataGridViewRow tmpRow, String issueNumber) w C:\CP\ParserGit\JiraParser\GUI\SlaService.cs:wiersz 605

--- Main exception: Source ---
System.Windows.Forms

wtorek, 9 kwietnia 2019 12:06:37

--- Main exception: Message ---
Nie można rozpoznać nazwy zdalnej: 'jira'

--- Main exception: StackTrace ---
   w Atlassian.Jira.Remote.JiraRestClient.ExecuteRequest[T](Method method, String resource, Object requestBody) w c:\projects\atlassian-net-sdk\Atlassian.Jira\Remote\JiraRestClient.cs:wiersz 119
   w Atlassian.Jira.Remote.JiraRestClient.GetIssueTypes(String token, String projectId) w c:\projects\atlassian-net-sdk\Atlassian.Jira\Remote\JiraRestClient.cs:wiersz 822
   w Atlassian.Jira.Jira.<>c__DisplayClass16.<GetIssueTypes>b__12(String token) w c:\projects\atlassian-net-sdk\Atlassian.Jira\Jira.cs:wiersz 414
   w Atlassian.Jira.Jira.<>c__DisplayClass3c.<WithToken>b__3b(String t) w c:\projects\atlassian-net-sdk\Atlassian.Jira\Jira.cs:wiersz 658
   w Atlassian.Jira.Jira.WithToken[TResult](Func`3 function) w c:\projects\atlassian-net-sdk\Atlassian.Jira\Jira.cs:wiersz 706
   w Atlassian.Jira.Jira.GetIssueTypes(String projectKey) w c:\projects\atlassian-net-sdk\Atlassian.Jira\Jira.cs:wiersz 419
   w Logic.Implementation.JiraIssues.GetJiraIssuesTypes() w C:\CP\ParserGit\JiraParser\Logic\Implementation\JiraIssues.cs:wiersz 68
   w GUI.MainForm.<timer2_Tick>b__105_0() w C:\CP\ParserGit\JiraParser\GUI\MainForm.cs:wiersz 2725

--- Main exception: Source ---
Atlassian.Jira

wtorek, 9 kwietnia 2019 12:07:05

--- Main exception: Message ---
Nie można rozpoznać nazwy zdalnej: 'jira'

--- Main exception: StackTrace ---
   w Atlassian.Jira.Remote.JiraRestClient.ExecuteRequest[T](Method method, String resource, Object requestBody) w c:\projects\atlassian-net-sdk\Atlassian.Jira\Remote\JiraRestClient.cs:wiersz 119
   w Atlassian.Jira.Remote.JiraRestClient.GetPriorities(String token) w c:\projects\atlassian-net-sdk\Atlassian.Jira\Remote\JiraRestClient.cs:wiersz 785
   w Atlassian.Jira.Jira.<GetIssuePriorities>b__24(String token) w c:\projects\atlassian-net-sdk\Atlassian.Jira\Jira.cs:wiersz 478
   w Atlassian.Jira.Jira.<>c__DisplayClass3c.<WithToken>b__3b(String t) w c:\projects\atlassian-net-sdk\Atlassian.Jira\Jira.cs:wiersz 658
   w Atlassian.Jira.Jira.WithToken[TResult](Func`3 function) w c:\projects\atlassian-net-sdk\Atlassian.Jira\Jira.cs:wiersz 706
   w Atlassian.Jira.Jira.GetIssuePriorities() w c:\projects\atlassian-net-sdk\Atlassian.Jira\Jira.cs:wiersz 482
   w GUI.MainForm.LoginJira() w C:\CP\ParserGit\JiraParser\GUI\MainForm.cs:wiersz 4475

--- Main exception: Source ---
Atlassian.Jira

wtorek, 9 kwietnia 2019 12:07:14

--- Main exception: Message ---
Wartość nie może być zerowa.
Nazwa parametru: source

--- Main exception: StackTrace ---
   w System.Linq.Enumerable.FirstOrDefault[TSource](IEnumerable`1 source, Func`2 predicate)
   w GUI.MainForm.slaAutoStep(DataGridViewRow tmpRow, String issueNumber) w C:\CP\ParserGit\JiraParser\GUI\SlaService.cs:wiersz 598

--- Main exception: Source ---
System.Core

wtorek, 9 kwietnia 2019 12:07:14

--- Main exception: Message ---
Wartość nie może być zerowa.
Nazwa parametru: source

--- Main exception: StackTrace ---
   w System.Linq.Enumerable.FirstOrDefault[TSource](IEnumerable`1 source, Func`2 predicate)
   w GUI.MainForm.slaAutoStep(DataGridViewRow tmpRow, String issueNumber) w C:\CP\ParserGit\JiraParser\GUI\SlaService.cs:wiersz 598

--- Main exception: Source ---
System.Core

wtorek, 9 kwietnia 2019 12:07:14

--- Main exception: Message ---
Wartość nie może być zerowa.
Nazwa parametru: source

--- Main exception: StackTrace ---
   w System.Linq.Enumerable.FirstOrDefault[TSource](IEnumerable`1 source, Func`2 predicate)
   w GUI.MainForm.slaAutoStep(DataGridViewRow tmpRow, String issueNumber) w C:\CP\ParserGit\JiraParser\GUI\SlaService.cs:wiersz 598

--- Main exception: Source ---
System.Core

wtorek, 9 kwietnia 2019 12:07:14

--- Main exception: Message ---
Wartość nie może być zerowa.
Nazwa parametru: source

--- Main exception: StackTrace ---
   w System.Linq.Enumerable.FirstOrDefault[TSource](IEnumerable`1 source, Func`2 predicate)
   w GUI.MainForm.slaAutoStep(DataGridViewRow tmpRow, String issueNumber) w C:\CP\ParserGit\JiraParser\GUI\SlaService.cs:wiersz 598

--- Main exception: Source ---
System.Core

wtorek, 9 kwietnia 2019 12:07:17

--- Main exception: Message ---
Wartość nie może być zerowa.
Nazwa parametru: source

--- Main exception: StackTrace ---
   w System.Linq.Enumerable.FirstOrDefault[TSource](IEnumerable`1 source, Func`2 predicate)
   w GUI.MainForm.slaAutoStep(DataGridViewRow tmpRow, String issueNumber) w C:\CP\ParserGit\JiraParser\GUI\SlaService.cs:wiersz 598

--- Main exception: Source ---
System.Core

wtorek, 9 kwietnia 2019 12:07:19

--- Main exception: Message ---
Wartość nie może być zerowa.
Nazwa parametru: source

--- Main exception: StackTrace ---
   w System.Linq.Enumerable.FirstOrDefault[TSource](IEnumerable`1 source, Func`2 predicate)
   w GUI.MainForm.slaAutoStep(DataGridViewRow tmpRow, String issueNumber) w C:\CP\ParserGit\JiraParser\GUI\SlaService.cs:wiersz 598

--- Main exception: Source ---
System.Core

wtorek, 9 kwietnia 2019 12:07:20

--- Main exception: Message ---
Wartość nie może być zerowa.
Nazwa parametru: source

--- Main exception: StackTrace ---
   w System.Linq.Enumerable.FirstOrDefault[TSource](IEnumerable`1 source, Func`2 predicate)
   w GUI.MainForm.slaAutoStep(DataGridViewRow tmpRow, String issueNumber) w C:\CP\ParserGit\JiraParser\GUI\SlaService.cs:wiersz 598

--- Main exception: Source ---
System.Core

wtorek, 9 kwietnia 2019 12:07:21

--- Main exception: Message ---
Wartość nie może być zerowa.
Nazwa parametru: source

--- Main exception: StackTrace ---
   w System.Linq.Enumerable.FirstOrDefault[TSource](IEnumerable`1 source, Func`2 predicate)
   w GUI.MainForm.slaAutoStep(DataGridViewRow tmpRow, String issueNumber) w C:\CP\ParserGit\JiraParser\GUI\SlaService.cs:wiersz 598

--- Main exception: Source ---
System.Core

wtorek, 9 kwietnia 2019 12:07:22

--- Main exception: Message ---
Wartość nie może być zerowa.
Nazwa parametru: source

--- Main exception: StackTrace ---
   w System.Linq.Enumerable.FirstOrDefault[TSource](IEnumerable`1 source, Func`2 predicate)
   w GUI.MainForm.slaAutoStep(DataGridViewRow tmpRow, String issueNumber) w C:\CP\ParserGit\JiraParser\GUI\SlaService.cs:wiersz 598

--- Main exception: Source ---
System.Core

wtorek, 9 kwietnia 2019 12:07:22

--- Main exception: Message ---
Wartość nie może być zerowa.
Nazwa parametru: source

--- Main exception: StackTrace ---
   w System.Linq.Enumerable.FirstOrDefault[TSource](IEnumerable`1 source, Func`2 predicate)
   w GUI.MainForm.slaAutoStep(DataGridViewRow tmpRow, String issueNumber) w C:\CP\ParserGit\JiraParser\GUI\SlaService.cs:wiersz 598

--- Main exception: Source ---
System.Core

wtorek, 9 kwietnia 2019 12:07:23

--- Main exception: Message ---
Wartość nie może być zerowa.
Nazwa parametru: source

--- Main exception: StackTrace ---
   w System.Linq.Enumerable.FirstOrDefault[TSource](IEnumerable`1 source, Func`2 predicate)
   w GUI.MainForm.slaAutoStep(DataGridViewRow tmpRow, String issueNumber) w C:\CP\ParserGit\JiraParser\GUI\SlaService.cs:wiersz 598

--- Main exception: Source ---
System.Core

wtorek, 9 kwietnia 2019 12:07:24

--- Main exception: Message ---
Wartość nie może być zerowa.
Nazwa parametru: source

--- Main exception: StackTrace ---
   w System.Linq.Enumerable.FirstOrDefault[TSource](IEnumerable`1 source, Func`2 predicate)
   w GUI.MainForm.slaAutoStep(DataGridViewRow tmpRow, String issueNumber) w C:\CP\ParserGit\JiraParser\GUI\SlaService.cs:wiersz 598

--- Main exception: Source ---
System.Core

wtorek, 9 kwietnia 2019 12:07:24

--- Main exception: Message ---
Wartość nie może być zerowa.
Nazwa parametru: source

--- Main exception: StackTrace ---
   w System.Linq.Enumerable.FirstOrDefault[TSource](IEnumerable`1 source, Func`2 predicate)
   w GUI.MainForm.slaAutoStep(DataGridViewRow tmpRow, String issueNumber) w C:\CP\ParserGit\JiraParser\GUI\SlaService.cs:wiersz 598

--- Main exception: Source ---
System.Core

wtorek, 9 kwietnia 2019 12:07:24

--- Main exception: Message ---
Wartość nie może być zerowa.
Nazwa parametru: source

--- Main exception: StackTrace ---
   w System.Linq.Enumerable.FirstOrDefault[TSource](IEnumerable`1 source, Func`2 predicate)
   w GUI.MainForm.slaAutoStep(DataGridViewRow tmpRow, String issueNumber) w C:\CP\ParserGit\JiraParser\GUI\SlaService.cs:wiersz 598

--- Main exception: Source ---
System.Core

wtorek, 9 kwietnia 2019 12:07:25

--- Main exception: Message ---
Wartość nie może być zerowa.
Nazwa parametru: source

--- Main exception: StackTrace ---
   w System.Linq.Enumerable.FirstOrDefault[TSource](IEnumerable`1 source, Func`2 predicate)
   w GUI.MainForm.slaAutoStep(DataGridViewRow tmpRow, String issueNumber) w C:\CP\ParserGit\JiraParser\GUI\SlaService.cs:wiersz 598

--- Main exception: Source ---
System.Core

wtorek, 9 kwietnia 2019 12:11:39

--- Main exception: Message ---
Nie można rozpoznać nazwy zdalnej: 'jira'

--- Main exception: StackTrace ---
   w Atlassian.Jira.Remote.JiraRestClient.ExecuteRequest[T](Method method, String resource, Object requestBody) w c:\projects\atlassian-net-sdk\Atlassian.Jira\Remote\JiraRestClient.cs:wiersz 119
   w Atlassian.Jira.Remote.JiraRestClient.GetIssueTypes(String token, String projectId) w c:\projects\atlassian-net-sdk\Atlassian.Jira\Remote\JiraRestClient.cs:wiersz 822
   w Atlassian.Jira.Jira.<>c__DisplayClass16.<GetIssueTypes>b__12(String token) w c:\projects\atlassian-net-sdk\Atlassian.Jira\Jira.cs:wiersz 414
   w Atlassian.Jira.Jira.<>c__DisplayClass3c.<WithToken>b__3b(String t) w c:\projects\atlassian-net-sdk\Atlassian.Jira\Jira.cs:wiersz 658
   w Atlassian.Jira.Jira.WithToken[TResult](Func`3 function) w c:\projects\atlassian-net-sdk\Atlassian.Jira\Jira.cs:wiersz 706
   w Atlassian.Jira.Jira.GetIssueTypes(String projectKey) w c:\projects\atlassian-net-sdk\Atlassian.Jira\Jira.cs:wiersz 419
   w Logic.Implementation.JiraIssues.GetJiraIssuesTypes() w C:\CP\ParserGit\JiraParser\Logic\Implementation\JiraIssues.cs:wiersz 68
   w GUI.MainForm.<timer2_Tick>b__105_0() w C:\CP\ParserGit\JiraParser\GUI\MainForm.cs:wiersz 2725

--- Main exception: Source ---
Atlassian.Jira

wtorek, 9 kwietnia 2019 12:13:06

--- Main exception: Message ---
Nie można rozpoznać nazwy zdalnej: 'jira'

--- Main exception: StackTrace ---
   w Atlassian.Jira.Remote.JiraRestClient.ExecuteRequest[T](Method method, String resource, Object requestBody) w c:\projects\atlassian-net-sdk\Atlassian.Jira\Remote\JiraRestClient.cs:wiersz 119
   w Atlassian.Jira.Remote.JiraRestClient.GetPriorities(String token) w c:\projects\atlassian-net-sdk\Atlassian.Jira\Remote\JiraRestClient.cs:wiersz 785
   w Atlassian.Jira.Jira.<GetIssuePriorities>b__24(String token) w c:\projects\atlassian-net-sdk\Atlassian.Jira\Jira.cs:wiersz 478
   w Atlassian.Jira.Jira.<>c__DisplayClass3c.<WithToken>b__3b(String t) w c:\projects\atlassian-net-sdk\Atlassian.Jira\Jira.cs:wiersz 658
   w Atlassian.Jira.Jira.WithToken[TResult](Func`3 function) w c:\projects\atlassian-net-sdk\Atlassian.Jira\Jira.cs:wiersz 706
   w Atlassian.Jira.Jira.GetIssuePriorities() w c:\projects\atlassian-net-sdk\Atlassian.Jira\Jira.cs:wiersz 482
   w GUI.MainForm.LoginJira() w C:\CP\ParserGit\JiraParser\GUI\MainForm.cs:wiersz 4475

--- Main exception: Source ---
Atlassian.Jira

wtorek, 9 kwietnia 2019 12:15:23

--- Main exception: Message ---
Wartość nie może być zerowa.
Nazwa parametru: source

--- Main exception: StackTrace ---
   w System.Linq.Enumerable.FirstOrDefault[TSource](IEnumerable`1 source, Func`2 predicate)
   w GUI.MainForm.slaAutoStep(DataGridViewRow tmpRow, String issueNumber) w C:\CP\ParserGit\JiraParser\GUI\SlaService.cs:wiersz 598

--- Main exception: Source ---
System.Core

wtorek, 9 kwietnia 2019 12:15:23

--- Main exception: Message ---
Wartość nie może być zerowa.
Nazwa parametru: source

--- Main exception: StackTrace ---
   w System.Linq.Enumerable.FirstOrDefault[TSource](IEnumerable`1 source, Func`2 predicate)
   w GUI.MainForm.slaAutoStep(DataGridViewRow tmpRow, String issueNumber) w C:\CP\ParserGit\JiraParser\GUI\SlaService.cs:wiersz 598

--- Main exception: Source ---
System.Core

wtorek, 9 kwietnia 2019 12:15:23

--- Main exception: Message ---
Wartość nie może być zerowa.
Nazwa parametru: source

--- Main exception: StackTrace ---
   w System.Linq.Enumerable.FirstOrDefault[TSource](IEnumerable`1 source, Func`2 predicate)
   w GUI.MainForm.slaAutoStep(DataGridViewRow tmpRow, String issueNumber) w C:\CP\ParserGit\JiraParser\GUI\SlaService.cs:wiersz 598

--- Main exception: Source ---
System.Core

wtorek, 9 kwietnia 2019 12:15:24

--- Main exception: Message ---
Wartość nie może być zerowa.
Nazwa parametru: source

--- Main exception: StackTrace ---
   w System.Linq.Enumerable.FirstOrDefault[TSource](IEnumerable`1 source, Func`2 predicate)
   w GUI.MainForm.slaAutoStep(DataGridViewRow tmpRow, String issueNumber) w C:\CP\ParserGit\JiraParser\GUI\SlaService.cs:wiersz 598

--- Main exception: Source ---
System.Core

wtorek, 9 kwietnia 2019 12:15:24

--- Main exception: Message ---
Wartość nie może być zerowa.
Nazwa parametru: source

--- Main exception: StackTrace ---
   w System.Linq.Enumerable.FirstOrDefault[TSource](IEnumerable`1 source, Func`2 predicate)
   w GUI.MainForm.slaAutoStep(DataGridViewRow tmpRow, String issueNumber) w C:\CP\ParserGit\JiraParser\GUI\SlaService.cs:wiersz 598

--- Main exception: Source ---
System.Core

wtorek, 9 kwietnia 2019 12:15:25

--- Main exception: Message ---
Wartość nie może być zerowa.
Nazwa parametru: source

--- Main exception: StackTrace ---
   w System.Linq.Enumerable.FirstOrDefault[TSource](IEnumerable`1 source, Func`2 predicate)
   w GUI.MainForm.slaAutoStep(DataGridViewRow tmpRow, String issueNumber) w C:\CP\ParserGit\JiraParser\GUI\SlaService.cs:wiersz 598

--- Main exception: Source ---
System.Core

wtorek, 9 kwietnia 2019 12:15:25

--- Main exception: Message ---
Wartość nie może być zerowa.
Nazwa parametru: source

--- Main exception: StackTrace ---
   w System.Linq.Enumerable.FirstOrDefault[TSource](IEnumerable`1 source, Func`2 predicate)
   w GUI.MainForm.slaAutoStep(DataGridViewRow tmpRow, String issueNumber) w C:\CP\ParserGit\JiraParser\GUI\SlaService.cs:wiersz 598

--- Main exception: Source ---
System.Core

wtorek, 9 kwietnia 2019 12:15:26

--- Main exception: Message ---
Wartość nie może być zerowa.
Nazwa parametru: source

--- Main exception: StackTrace ---
   w System.Linq.Enumerable.FirstOrDefault[TSource](IEnumerable`1 source, Func`2 predicate)
   w GUI.MainForm.slaAutoStep(DataGridViewRow tmpRow, String issueNumber) w C:\CP\ParserGit\JiraParser\GUI\SlaService.cs:wiersz 598

--- Main exception: Source ---
System.Core

wtorek, 9 kwietnia 2019 12:15:26

--- Main exception: Message ---
Wartość nie może być zerowa.
Nazwa parametru: source

--- Main exception: StackTrace ---
   w System.Linq.Enumerable.FirstOrDefault[TSource](IEnumerable`1 source, Func`2 predicate)
   w GUI.MainForm.slaAutoStep(DataGridViewRow tmpRow, String issueNumber) w C:\CP\ParserGit\JiraParser\GUI\SlaService.cs:wiersz 598

--- Main exception: Source ---
System.Core

wtorek, 9 kwietnia 2019 12:15:26

--- Main exception: Message ---
Wartość nie może być zerowa.
Nazwa parametru: source

--- Main exception: StackTrace ---
   w System.Linq.Enumerable.FirstOrDefault[TSource](IEnumerable`1 source, Func`2 predicate)
   w GUI.MainForm.slaAutoStep(DataGridViewRow tmpRow, String issueNumber) w C:\CP\ParserGit\JiraParser\GUI\SlaService.cs:wiersz 598

--- Main exception: Source ---
System.Core

wtorek, 9 kwietnia 2019 12:15:26

--- Main exception: Message ---
Wartość nie może być zerowa.
Nazwa parametru: source

--- Main exception: StackTrace ---
   w System.Linq.Enumerable.FirstOrDefault[TSource](IEnumerable`1 source, Func`2 predicate)
   w GUI.MainForm.slaAutoStep(DataGridViewRow tmpRow, String issueNumber) w C:\CP\ParserGit\JiraParser\GUI\SlaService.cs:wiersz 598

--- Main exception: Source ---
System.Core

wtorek, 9 kwietnia 2019 12:15:27

--- Main exception: Message ---
Wartość nie może być zerowa.
Nazwa parametru: source

--- Main exception: StackTrace ---
   w System.Linq.Enumerable.FirstOrDefault[TSource](IEnumerable`1 source, Func`2 predicate)
   w GUI.MainForm.slaAutoStep(DataGridViewRow tmpRow, String issueNumber) w C:\CP\ParserGit\JiraParser\GUI\SlaService.cs:wiersz 598

--- Main exception: Source ---
System.Core

wtorek, 9 kwietnia 2019 12:15:27

--- Main exception: Message ---
Wartość nie może być zerowa.
Nazwa parametru: source

--- Main exception: StackTrace ---
   w System.Linq.Enumerable.FirstOrDefault[TSource](IEnumerable`1 source, Func`2 predicate)
   w GUI.MainForm.slaAutoStep(DataGridViewRow tmpRow, String issueNumber) w C:\CP\ParserGit\JiraParser\GUI\SlaService.cs:wiersz 598

--- Main exception: Source ---
System.Core

wtorek, 9 kwietnia 2019 12:15:27

--- Main exception: Message ---
Wartość nie może być zerowa.
Nazwa parametru: source

--- Main exception: StackTrace ---
   w System.Linq.Enumerable.FirstOrDefault[TSource](IEnumerable`1 source, Func`2 predicate)
   w GUI.MainForm.slaAutoStep(DataGridViewRow tmpRow, String issueNumber) w C:\CP\ParserGit\JiraParser\GUI\SlaService.cs:wiersz 598

--- Main exception: Source ---
System.Core

wtorek, 9 kwietnia 2019 12:15:27

--- Main exception: Message ---
Wartość nie może być zerowa.
Nazwa parametru: source

--- Main exception: StackTrace ---
   w System.Linq.Enumerable.FirstOrDefault[TSource](IEnumerable`1 source, Func`2 predicate)
   w GUI.MainForm.slaAutoStep(DataGridViewRow tmpRow, String issueNumber) w C:\CP\ParserGit\JiraParser\GUI\SlaService.cs:wiersz 598

--- Main exception: Source ---
System.Core

wtorek, 9 kwietnia 2019 12:16:39

--- Main exception: Message ---
Nie można rozpoznać nazwy zdalnej: 'jira'

--- Main exception: StackTrace ---
   w Atlassian.Jira.Remote.JiraRestClient.ExecuteRequest[T](Method method, String resource, Object requestBody) w c:\projects\atlassian-net-sdk\Atlassian.Jira\Remote\JiraRestClient.cs:wiersz 119
   w Atlassian.Jira.Remote.JiraRestClient.GetIssueTypes(String token, String projectId) w c:\projects\atlassian-net-sdk\Atlassian.Jira\Remote\JiraRestClient.cs:wiersz 822
   w Atlassian.Jira.Jira.<>c__DisplayClass16.<GetIssueTypes>b__12(String token) w c:\projects\atlassian-net-sdk\Atlassian.Jira\Jira.cs:wiersz 414
   w Atlassian.Jira.Jira.<>c__DisplayClass3c.<WithToken>b__3b(String t) w c:\projects\atlassian-net-sdk\Atlassian.Jira\Jira.cs:wiersz 658
   w Atlassian.Jira.Jira.WithToken[TResult](Func`3 function) w c:\projects\atlassian-net-sdk\Atlassian.Jira\Jira.cs:wiersz 706
   w Atlassian.Jira.Jira.GetIssueTypes(String projectKey) w c:\projects\atlassian-net-sdk\Atlassian.Jira\Jira.cs:wiersz 419
   w Logic.Implementation.JiraIssues.GetJiraIssuesTypes() w C:\CP\ParserGit\JiraParser\Logic\Implementation\JiraIssues.cs:wiersz 68
   w GUI.MainForm.<timer2_Tick>b__105_0() w C:\CP\ParserGit\JiraParser\GUI\MainForm.cs:wiersz 2725

--- Main exception: Source ---
Atlassian.Jira

wtorek, 9 kwietnia 2019 12:19:06

--- Main exception: Message ---
Nie można rozpoznać nazwy zdalnej: 'jira'

--- Main exception: StackTrace ---
   w Atlassian.Jira.Remote.JiraRestClient.ExecuteRequest[T](Method method, String resource, Object requestBody) w c:\projects\atlassian-net-sdk\Atlassian.Jira\Remote\JiraRestClient.cs:wiersz 119
   w Atlassian.Jira.Remote.JiraRestClient.GetPriorities(String token) w c:\projects\atlassian-net-sdk\Atlassian.Jira\Remote\JiraRestClient.cs:wiersz 785
   w Atlassian.Jira.Jira.<GetIssuePriorities>b__24(String token) w c:\projects\atlassian-net-sdk\Atlassian.Jira\Jira.cs:wiersz 478
   w Atlassian.Jira.Jira.<>c__DisplayClass3c.<WithToken>b__3b(String t) w c:\projects\atlassian-net-sdk\Atlassian.Jira\Jira.cs:wiersz 658
   w Atlassian.Jira.Jira.WithToken[TResult](Func`3 function) w c:\projects\atlassian-net-sdk\Atlassian.Jira\Jira.cs:wiersz 706
   w Atlassian.Jira.Jira.GetIssuePriorities() w c:\projects\atlassian-net-sdk\Atlassian.Jira\Jira.cs:wiersz 482
   w GUI.MainForm.LoginJira() w C:\CP\ParserGit\JiraParser\GUI\MainForm.cs:wiersz 4475

--- Main exception: Source ---
Atlassian.Jira

wtorek, 9 kwietnia 2019 12:19:19

--- Main exception: Message ---
Wartość nie może być zerowa.
Nazwa parametru: source

--- Main exception: StackTrace ---
   w System.Linq.Enumerable.FirstOrDefault[TSource](IEnumerable`1 source, Func`2 predicate)
   w GUI.MainForm.slaAutoStep(DataGridViewRow tmpRow, String issueNumber) w C:\CP\ParserGit\JiraParser\GUI\SlaService.cs:wiersz 598

--- Main exception: Source ---
System.Core

wtorek, 9 kwietnia 2019 12:19:19

--- Main exception: Message ---
Wartość nie może być zerowa.
Nazwa parametru: source

--- Main exception: StackTrace ---
   w System.Linq.Enumerable.FirstOrDefault[TSource](IEnumerable`1 source, Func`2 predicate)
   w GUI.MainForm.slaAutoStep(DataGridViewRow tmpRow, String issueNumber) w C:\CP\ParserGit\JiraParser\GUI\SlaService.cs:wiersz 598

--- Main exception: Source ---
System.Core

wtorek, 9 kwietnia 2019 12:19:19

--- Main exception: Message ---
Wartość nie może być zerowa.
Nazwa parametru: source

--- Main exception: StackTrace ---
   w System.Linq.Enumerable.FirstOrDefault[TSource](IEnumerable`1 source, Func`2 predicate)
   w GUI.MainForm.slaAutoStep(DataGridViewRow tmpRow, String issueNumber) w C:\CP\ParserGit\JiraParser\GUI\SlaService.cs:wiersz 598

--- Main exception: Source ---
System.Core

wtorek, 9 kwietnia 2019 12:19:19

--- Main exception: Message ---
Wartość nie może być zerowa.
Nazwa parametru: source

--- Main exception: StackTrace ---
   w System.Linq.Enumerable.FirstOrDefault[TSource](IEnumerable`1 source, Func`2 predicate)
   w GUI.MainForm.slaAutoStep(DataGridViewRow tmpRow, String issueNumber) w C:\CP\ParserGit\JiraParser\GUI\SlaService.cs:wiersz 598

--- Main exception: Source ---
System.Core

wtorek, 9 kwietnia 2019 12:19:23

--- Main exception: Message ---
Wartość nie może być zerowa.
Nazwa parametru: source

--- Main exception: StackTrace ---
   w System.Linq.Enumerable.FirstOrDefault[TSource](IEnumerable`1 source, Func`2 predicate)
   w GUI.MainForm.slaAutoStep(DataGridViewRow tmpRow, String issueNumber) w C:\CP\ParserGit\JiraParser\GUI\SlaService.cs:wiersz 598

--- Main exception: Source ---
System.Core

wtorek, 9 kwietnia 2019 12:19:25

--- Main exception: Message ---
Wartość nie może być zerowa.
Nazwa parametru: source

--- Main exception: StackTrace ---
   w System.Linq.Enumerable.FirstOrDefault[TSource](IEnumerable`1 source, Func`2 predicate)
   w GUI.MainForm.slaAutoStep(DataGridViewRow tmpRow, String issueNumber) w C:\CP\ParserGit\JiraParser\GUI\SlaService.cs:wiersz 598

--- Main exception: Source ---
System.Core

wtorek, 9 kwietnia 2019 12:19:26

--- Main exception: Message ---
Wartość nie może być zerowa.
Nazwa parametru: source

--- Main exception: StackTrace ---
   w System.Linq.Enumerable.FirstOrDefault[TSource](IEnumerable`1 source, Func`2 predicate)
   w GUI.MainForm.slaAutoStep(DataGridViewRow tmpRow, String issueNumber) w C:\CP\ParserGit\JiraParser\GUI\SlaService.cs:wiersz 598

--- Main exception: Source ---
System.Core

wtorek, 9 kwietnia 2019 12:19:26

--- Main exception: Message ---
Wartość nie może być zerowa.
Nazwa parametru: source

--- Main exception: StackTrace ---
   w System.Linq.Enumerable.FirstOrDefault[TSource](IEnumerable`1 source, Func`2 predicate)
   w GUI.MainForm.slaAutoStep(DataGridViewRow tmpRow, String issueNumber) w C:\CP\ParserGit\JiraParser\GUI\SlaService.cs:wiersz 598

--- Main exception: Source ---
System.Core

wtorek, 9 kwietnia 2019 12:19:26

--- Main exception: Message ---
Wartość nie może być zerowa.
Nazwa parametru: source

--- Main exception: StackTrace ---
   w System.Linq.Enumerable.FirstOrDefault[TSource](IEnumerable`1 source, Func`2 predicate)
   w GUI.MainForm.slaAutoStep(DataGridViewRow tmpRow, String issueNumber) w C:\CP\ParserGit\JiraParser\GUI\SlaService.cs:wiersz 598

--- Main exception: Source ---
System.Core

wtorek, 9 kwietnia 2019 12:19:27

--- Main exception: Message ---
Wartość nie może być zerowa.
Nazwa parametru: source

--- Main exception: StackTrace ---
   w System.Linq.Enumerable.FirstOrDefault[TSource](IEnumerable`1 source, Func`2 predicate)
   w GUI.MainForm.slaAutoStep(DataGridViewRow tmpRow, String issueNumber) w C:\CP\ParserGit\JiraParser\GUI\SlaService.cs:wiersz 598

--- Main exception: Source ---
System.Core

wtorek, 9 kwietnia 2019 12:19:28

--- Main exception: Message ---
Wartość nie może być zerowa.
Nazwa parametru: source

--- Main exception: StackTrace ---
   w System.Linq.Enumerable.FirstOrDefault[TSource](IEnumerable`1 source, Func`2 predicate)
   w GUI.MainForm.slaAutoStep(DataGridViewRow tmpRow, String issueNumber) w C:\CP\ParserGit\JiraParser\GUI\SlaService.cs:wiersz 598

--- Main exception: Source ---
System.Core

wtorek, 9 kwietnia 2019 12:19:28

--- Main exception: Message ---
Wartość nie może być zerowa.
Nazwa parametru: source

--- Main exception: StackTrace ---
   w System.Linq.Enumerable.FirstOrDefault[TSource](IEnumerable`1 source, Func`2 predicate)
   w GUI.MainForm.slaAutoStep(DataGridViewRow tmpRow, String issueNumber) w C:\CP\ParserGit\JiraParser\GUI\SlaService.cs:wiersz 598

--- Main exception: Source ---
System.Core

wtorek, 9 kwietnia 2019 12:19:29

--- Main exception: Message ---
Wartość nie może być zerowa.
Nazwa parametru: source

--- Main exception: StackTrace ---
   w System.Linq.Enumerable.FirstOrDefault[TSource](IEnumerable`1 source, Func`2 predicate)
   w GUI.MainForm.slaAutoStep(DataGridViewRow tmpRow, String issueNumber) w C:\CP\ParserGit\JiraParser\GUI\SlaService.cs:wiersz 598

--- Main exception: Source ---
System.Core

wtorek, 9 kwietnia 2019 12:19:29

--- Main exception: Message ---
Wartość nie może być zerowa.
Nazwa parametru: source

--- Main exception: StackTrace ---
   w System.Linq.Enumerable.FirstOrDefault[TSource](IEnumerable`1 source, Func`2 predicate)
   w GUI.MainForm.slaAutoStep(DataGridViewRow tmpRow, String issueNumber) w C:\CP\ParserGit\JiraParser\GUI\SlaService.cs:wiersz 598

--- Main exception: Source ---
System.Core

wtorek, 9 kwietnia 2019 12:19:29

--- Main exception: Message ---
Wartość nie może być zerowa.
Nazwa parametru: source

--- Main exception: StackTrace ---
   w System.Linq.Enumerable.FirstOrDefault[TSource](IEnumerable`1 source, Func`2 predicate)
   w GUI.MainForm.slaAutoStep(DataGridViewRow tmpRow, String issueNumber) w C:\CP\ParserGit\JiraParser\GUI\SlaService.cs:wiersz 598

--- Main exception: Source ---
System.Core

wtorek, 9 kwietnia 2019 12:21:39

--- Main exception: Message ---
Nie można rozpoznać nazwy zdalnej: 'jira'

--- Main exception: StackTrace ---
   w Atlassian.Jira.Remote.JiraRestClient.ExecuteRequest[T](Method method, String resource, Object requestBody) w c:\projects\atlassian-net-sdk\Atlassian.Jira\Remote\JiraRestClient.cs:wiersz 119
   w Atlassian.Jira.Remote.JiraRestClient.GetIssueTypes(String token, String projectId) w c:\projects\atlassian-net-sdk\Atlassian.Jira\Remote\JiraRestClient.cs:wiersz 822
   w Atlassian.Jira.Jira.<>c__DisplayClass16.<GetIssueTypes>b__12(String token) w c:\projects\atlassian-net-sdk\Atlassian.Jira\Jira.cs:wiersz 414
   w Atlassian.Jira.Jira.<>c__DisplayClass3c.<WithToken>b__3b(String t) w c:\projects\atlassian-net-sdk\Atlassian.Jira\Jira.cs:wiersz 658
   w Atlassian.Jira.Jira.WithToken[TResult](Func`3 function) w c:\projects\atlassian-net-sdk\Atlassian.Jira\Jira.cs:wiersz 706
   w Atlassian.Jira.Jira.GetIssueTypes(String projectKey) w c:\projects\atlassian-net-sdk\Atlassian.Jira\Jira.cs:wiersz 419
   w Logic.Implementation.JiraIssues.GetJiraIssuesTypes() w C:\CP\ParserGit\JiraParser\Logic\Implementation\JiraIssues.cs:wiersz 68
   w GUI.MainForm.<timer2_Tick>b__105_0() w C:\CP\ParserGit\JiraParser\GUI\MainForm.cs:wiersz 2725

--- Main exception: Source ---
Atlassian.Jira

wtorek, 9 kwietnia 2019 12:25:06

--- Main exception: Message ---
Nie można rozpoznać nazwy zdalnej: 'jira'

--- Main exception: StackTrace ---
   w Atlassian.Jira.Remote.JiraRestClient.ExecuteRequest[T](Method method, String resource, Object requestBody) w c:\projects\atlassian-net-sdk\Atlassian.Jira\Remote\JiraRestClient.cs:wiersz 119
   w Atlassian.Jira.Remote.JiraRestClient.GetPriorities(String token) w c:\projects\atlassian-net-sdk\Atlassian.Jira\Remote\JiraRestClient.cs:wiersz 785
   w Atlassian.Jira.Jira.<GetIssuePriorities>b__24(String token) w c:\projects\atlassian-net-sdk\Atlassian.Jira\Jira.cs:wiersz 478
   w Atlassian.Jira.Jira.<>c__DisplayClass3c.<WithToken>b__3b(String t) w c:\projects\atlassian-net-sdk\Atlassian.Jira\Jira.cs:wiersz 658
   w Atlassian.Jira.Jira.WithToken[TResult](Func`3 function) w c:\projects\atlassian-net-sdk\Atlassian.Jira\Jira.cs:wiersz 706
   w Atlassian.Jira.Jira.GetIssuePriorities() w c:\projects\atlassian-net-sdk\Atlassian.Jira\Jira.cs:wiersz 482
   w GUI.MainForm.LoginJira() w C:\CP\ParserGit\JiraParser\GUI\MainForm.cs:wiersz 4475

--- Main exception: Source ---
Atlassian.Jira

wtorek, 9 kwietnia 2019 12:26:39

--- Main exception: Message ---
Nie można rozpoznać nazwy zdalnej: 'jira'

--- Main exception: StackTrace ---
   w Atlassian.Jira.Remote.JiraRestClient.ExecuteRequest[T](Method method, String resource, Object requestBody) w c:\projects\atlassian-net-sdk\Atlassian.Jira\Remote\JiraRestClient.cs:wiersz 119
   w Atlassian.Jira.Remote.JiraRestClient.GetIssueTypes(String token, String projectId) w c:\projects\atlassian-net-sdk\Atlassian.Jira\Remote\JiraRestClient.cs:wiersz 822
   w Atlassian.Jira.Jira.<>c__DisplayClass16.<GetIssueTypes>b__12(String token) w c:\projects\atlassian-net-sdk\Atlassian.Jira\Jira.cs:wiersz 414
   w Atlassian.Jira.Jira.<>c__DisplayClass3c.<WithToken>b__3b(String t) w c:\projects\atlassian-net-sdk\Atlassian.Jira\Jira.cs:wiersz 658
   w Atlassian.Jira.Jira.WithToken[TResult](Func`3 function) w c:\projects\atlassian-net-sdk\Atlassian.Jira\Jira.cs:wiersz 706
   w Atlassian.Jira.Jira.GetIssueTypes(String projectKey) w c:\projects\atlassian-net-sdk\Atlassian.Jira\Jira.cs:wiersz 419
   w Logic.Implementation.JiraIssues.GetJiraIssuesTypes() w C:\CP\ParserGit\JiraParser\Logic\Implementation\JiraIssues.cs:wiersz 68
   w GUI.MainForm.<timer2_Tick>b__105_0() w C:\CP\ParserGit\JiraParser\GUI\MainForm.cs:wiersz 2725

--- Main exception: Source ---
Atlassian.Jira

wtorek, 9 kwietnia 2019 12:31:06

--- Main exception: Message ---
Nie można rozpoznać nazwy zdalnej: 'jira'

--- Main exception: StackTrace ---
   w Atlassian.Jira.Remote.JiraRestClient.ExecuteRequest[T](Method method, String resource, Object requestBody) w c:\projects\atlassian-net-sdk\Atlassian.Jira\Remote\JiraRestClient.cs:wiersz 119
   w Atlassian.Jira.Remote.JiraRestClient.GetPriorities(String token) w c:\projects\atlassian-net-sdk\Atlassian.Jira\Remote\JiraRestClient.cs:wiersz 785
   w Atlassian.Jira.Jira.<GetIssuePriorities>b__24(String token) w c:\projects\atlassian-net-sdk\Atlassian.Jira\Jira.cs:wiersz 478
   w Atlassian.Jira.Jira.<>c__DisplayClass3c.<WithToken>b__3b(String t) w c:\projects\atlassian-net-sdk\Atlassian.Jira\Jira.cs:wiersz 658
   w Atlassian.Jira.Jira.WithToken[TResult](Func`3 function) w c:\projects\atlassian-net-sdk\Atlassian.Jira\Jira.cs:wiersz 706
   w Atlassian.Jira.Jira.GetIssuePriorities() w c:\projects\atlassian-net-sdk\Atlassian.Jira\Jira.cs:wiersz 482
   w GUI.MainForm.LoginJira() w C:\CP\ParserGit\JiraParser\GUI\MainForm.cs:wiersz 4475

--- Main exception: Source ---
Atlassian.Jira

wtorek, 9 kwietnia 2019 12:31:39

--- Main exception: Message ---
Nie można rozpoznać nazwy zdalnej: 'jira'

--- Main exception: StackTrace ---
   w Atlassian.Jira.Remote.JiraRestClient.ExecuteRequest[T](Method method, String resource, Object requestBody) w c:\projects\atlassian-net-sdk\Atlassian.Jira\Remote\JiraRestClient.cs:wiersz 119
   w Atlassian.Jira.Remote.JiraRestClient.GetIssueTypes(String token, String projectId) w c:\projects\atlassian-net-sdk\Atlassian.Jira\Remote\JiraRestClient.cs:wiersz 822
   w Atlassian.Jira.Jira.<>c__DisplayClass16.<GetIssueTypes>b__12(String token) w c:\projects\atlassian-net-sdk\Atlassian.Jira\Jira.cs:wiersz 414
   w Atlassian.Jira.Jira.<>c__DisplayClass3c.<WithToken>b__3b(String t) w c:\projects\atlassian-net-sdk\Atlassian.Jira\Jira.cs:wiersz 658
   w Atlassian.Jira.Jira.WithToken[TResult](Func`3 function) w c:\projects\atlassian-net-sdk\Atlassian.Jira\Jira.cs:wiersz 706
   w Atlassian.Jira.Jira.GetIssueTypes(String projectKey) w c:\projects\atlassian-net-sdk\Atlassian.Jira\Jira.cs:wiersz 419
   w Logic.Implementation.JiraIssues.GetJiraIssuesTypes() w C:\CP\ParserGit\JiraParser\Logic\Implementation\JiraIssues.cs:wiersz 68
   w GUI.MainForm.<timer2_Tick>b__105_0() w C:\CP\ParserGit\JiraParser\GUI\MainForm.cs:wiersz 2725

--- Main exception: Source ---
Atlassian.Jira

wtorek, 9 kwietnia 2019 12:36:39

--- Main exception: Message ---
Nie można rozpoznać nazwy zdalnej: 'jira'

--- Main exception: StackTrace ---
   w Atlassian.Jira.Remote.JiraRestClient.ExecuteRequest[T](Method method, String resource, Object requestBody) w c:\projects\atlassian-net-sdk\Atlassian.Jira\Remote\JiraRestClient.cs:wiersz 119
   w Atlassian.Jira.Remote.JiraRestClient.GetIssueTypes(String token, String projectId) w c:\projects\atlassian-net-sdk\Atlassian.Jira\Remote\JiraRestClient.cs:wiersz 822
   w Atlassian.Jira.Jira.<>c__DisplayClass16.<GetIssueTypes>b__12(String token) w c:\projects\atlassian-net-sdk\Atlassian.Jira\Jira.cs:wiersz 414
   w Atlassian.Jira.Jira.<>c__DisplayClass3c.<WithToken>b__3b(String t) w c:\projects\atlassian-net-sdk\Atlassian.Jira\Jira.cs:wiersz 658
   w Atlassian.Jira.Jira.WithToken[TResult](Func`3 function) w c:\projects\atlassian-net-sdk\Atlassian.Jira\Jira.cs:wiersz 706
   w Atlassian.Jira.Jira.GetIssueTypes(String projectKey) w c:\projects\atlassian-net-sdk\Atlassian.Jira\Jira.cs:wiersz 419
   w Logic.Implementation.JiraIssues.GetJiraIssuesTypes() w C:\CP\ParserGit\JiraParser\Logic\Implementation\JiraIssues.cs:wiersz 68
   w GUI.MainForm.<timer2_Tick>b__105_0() w C:\CP\ParserGit\JiraParser\GUI\MainForm.cs:wiersz 2725

--- Main exception: Source ---
Atlassian.Jira

wtorek, 9 kwietnia 2019 12:37:06

--- Main exception: Message ---
Nie można rozpoznać nazwy zdalnej: 'jira'

--- Main exception: StackTrace ---
   w Atlassian.Jira.Remote.JiraRestClient.ExecuteRequest[T](Method method, String resource, Object requestBody) w c:\projects\atlassian-net-sdk\Atlassian.Jira\Remote\JiraRestClient.cs:wiersz 119
   w Atlassian.Jira.Remote.JiraRestClient.GetPriorities(String token) w c:\projects\atlassian-net-sdk\Atlassian.Jira\Remote\JiraRestClient.cs:wiersz 785
   w Atlassian.Jira.Jira.<GetIssuePriorities>b__24(String token) w c:\projects\atlassian-net-sdk\Atlassian.Jira\Jira.cs:wiersz 478
   w Atlassian.Jira.Jira.<>c__DisplayClass3c.<WithToken>b__3b(String t) w c:\projects\atlassian-net-sdk\Atlassian.Jira\Jira.cs:wiersz 658
   w Atlassian.Jira.Jira.WithToken[TResult](Func`3 function) w c:\projects\atlassian-net-sdk\Atlassian.Jira\Jira.cs:wiersz 706
   w Atlassian.Jira.Jira.GetIssuePriorities() w c:\projects\atlassian-net-sdk\Atlassian.Jira\Jira.cs:wiersz 482
   w GUI.MainForm.LoginJira() w C:\CP\ParserGit\JiraParser\GUI\MainForm.cs:wiersz 4475

--- Main exception: Source ---
Atlassian.Jira

wtorek, 9 kwietnia 2019 12:41:39

--- Main exception: Message ---
Nie można rozpoznać nazwy zdalnej: 'jira'

--- Main exception: StackTrace ---
   w Atlassian.Jira.Remote.JiraRestClient.ExecuteRequest[T](Method method, String resource, Object requestBody) w c:\projects\atlassian-net-sdk\Atlassian.Jira\Remote\JiraRestClient.cs:wiersz 119
   w Atlassian.Jira.Remote.JiraRestClient.GetIssueTypes(String token, String projectId) w c:\projects\atlassian-net-sdk\Atlassian.Jira\Remote\JiraRestClient.cs:wiersz 822
   w Atlassian.Jira.Jira.<>c__DisplayClass16.<GetIssueTypes>b__12(String token) w c:\projects\atlassian-net-sdk\Atlassian.Jira\Jira.cs:wiersz 414
   w Atlassian.Jira.Jira.<>c__DisplayClass3c.<WithToken>b__3b(String t) w c:\projects\atlassian-net-sdk\Atlassian.Jira\Jira.cs:wiersz 658
   w Atlassian.Jira.Jira.WithToken[TResult](Func`3 function) w c:\projects\atlassian-net-sdk\Atlassian.Jira\Jira.cs:wiersz 706
   w Atlassian.Jira.Jira.GetIssueTypes(String projectKey) w c:\projects\atlassian-net-sdk\Atlassian.Jira\Jira.cs:wiersz 419
   w Logic.Implementation.JiraIssues.GetJiraIssuesTypes() w C:\CP\ParserGit\JiraParser\Logic\Implementation\JiraIssues.cs:wiersz 68
   w GUI.MainForm.<timer2_Tick>b__105_0() w C:\CP\ParserGit\JiraParser\GUI\MainForm.cs:wiersz 2725

--- Main exception: Source ---
Atlassian.Jira

wtorek, 9 kwietnia 2019 12:43:06

--- Main exception: Message ---
Nie można rozpoznać nazwy zdalnej: 'jira'

--- Main exception: StackTrace ---
   w Atlassian.Jira.Remote.JiraRestClient.ExecuteRequest[T](Method method, String resource, Object requestBody) w c:\projects\atlassian-net-sdk\Atlassian.Jira\Remote\JiraRestClient.cs:wiersz 119
   w Atlassian.Jira.Remote.JiraRestClient.GetPriorities(String token) w c:\projects\atlassian-net-sdk\Atlassian.Jira\Remote\JiraRestClient.cs:wiersz 785
   w Atlassian.Jira.Jira.<GetIssuePriorities>b__24(String token) w c:\projects\atlassian-net-sdk\Atlassian.Jira\Jira.cs:wiersz 478
   w Atlassian.Jira.Jira.<>c__DisplayClass3c.<WithToken>b__3b(String t) w c:\projects\atlassian-net-sdk\Atlassian.Jira\Jira.cs:wiersz 658
   w Atlassian.Jira.Jira.WithToken[TResult](Func`3 function) w c:\projects\atlassian-net-sdk\Atlassian.Jira\Jira.cs:wiersz 706
   w Atlassian.Jira.Jira.GetIssuePriorities() w c:\projects\atlassian-net-sdk\Atlassian.Jira\Jira.cs:wiersz 482
   w GUI.MainForm.LoginJira() w C:\CP\ParserGit\JiraParser\GUI\MainForm.cs:wiersz 4475

--- Main exception: Source ---
Atlassian.Jira

wtorek, 9 kwietnia 2019 12:46:40

--- Main exception: Message ---
Nie można rozpoznać nazwy zdalnej: 'jira'

--- Main exception: StackTrace ---
   w Atlassian.Jira.Remote.JiraRestClient.ExecuteRequest[T](Method method, String resource, Object requestBody) w c:\projects\atlassian-net-sdk\Atlassian.Jira\Remote\JiraRestClient.cs:wiersz 119
   w Atlassian.Jira.Remote.JiraRestClient.GetIssueTypes(String token, String projectId) w c:\projects\atlassian-net-sdk\Atlassian.Jira\Remote\JiraRestClient.cs:wiersz 822
   w Atlassian.Jira.Jira.<>c__DisplayClass16.<GetIssueTypes>b__12(String token) w c:\projects\atlassian-net-sdk\Atlassian.Jira\Jira.cs:wiersz 414
   w Atlassian.Jira.Jira.<>c__DisplayClass3c.<WithToken>b__3b(String t) w c:\projects\atlassian-net-sdk\Atlassian.Jira\Jira.cs:wiersz 658
   w Atlassian.Jira.Jira.WithToken[TResult](Func`3 function) w c:\projects\atlassian-net-sdk\Atlassian.Jira\Jira.cs:wiersz 706
   w Atlassian.Jira.Jira.GetIssueTypes(String projectKey) w c:\projects\atlassian-net-sdk\Atlassian.Jira\Jira.cs:wiersz 419
   w Logic.Implementation.JiraIssues.GetJiraIssuesTypes() w C:\CP\ParserGit\JiraParser\Logic\Implementation\JiraIssues.cs:wiersz 68
   w GUI.MainForm.<timer2_Tick>b__105_0() w C:\CP\ParserGit\JiraParser\GUI\MainForm.cs:wiersz 2725

--- Main exception: Source ---
Atlassian.Jira

wtorek, 9 kwietnia 2019 12:47:54

--- Main exception: Message ---
Wartość nie może być zerowa.
Nazwa parametru: source

--- Main exception: StackTrace ---
   w System.Linq.Enumerable.FirstOrDefault[TSource](IEnumerable`1 source, Func`2 predicate)
   w GUI.MainForm.slaAutoStep(DataGridViewRow tmpRow, String issueNumber) w C:\CP\ParserGit\JiraParser\GUI\SlaService.cs:wiersz 598

--- Main exception: Source ---
System.Core

wtorek, 9 kwietnia 2019 12:47:54

--- Main exception: Message ---
Wartość nie może być zerowa.
Nazwa parametru: source

--- Main exception: StackTrace ---
   w System.Linq.Enumerable.FirstOrDefault[TSource](IEnumerable`1 source, Func`2 predicate)
   w GUI.MainForm.slaAutoStep(DataGridViewRow tmpRow, String issueNumber) w C:\CP\ParserGit\JiraParser\GUI\SlaService.cs:wiersz 598

--- Main exception: Source ---
System.Core

wtorek, 9 kwietnia 2019 12:47:54

--- Main exception: Message ---
Wartość nie może być zerowa.
Nazwa parametru: source

--- Main exception: StackTrace ---
   w System.Linq.Enumerable.FirstOrDefault[TSource](IEnumerable`1 source, Func`2 predicate)
   w GUI.MainForm.slaAutoStep(DataGridViewRow tmpRow, String issueNumber) w C:\CP\ParserGit\JiraParser\GUI\SlaService.cs:wiersz 598

--- Main exception: Source ---
System.Core

wtorek, 9 kwietnia 2019 12:47:54

--- Main exception: Message ---
Wartość nie może być zerowa.
Nazwa parametru: source

--- Main exception: StackTrace ---
   w System.Linq.Enumerable.FirstOrDefault[TSource](IEnumerable`1 source, Func`2 predicate)
   w GUI.MainForm.slaAutoStep(DataGridViewRow tmpRow, String issueNumber) w C:\CP\ParserGit\JiraParser\GUI\SlaService.cs:wiersz 598

--- Main exception: Source ---
System.Core

wtorek, 9 kwietnia 2019 12:47:55

--- Main exception: Message ---
Wartość nie może być zerowa.
Nazwa parametru: source

--- Main exception: StackTrace ---
   w System.Linq.Enumerable.FirstOrDefault[TSource](IEnumerable`1 source, Func`2 predicate)
   w GUI.MainForm.slaAutoStep(DataGridViewRow tmpRow, String issueNumber) w C:\CP\ParserGit\JiraParser\GUI\SlaService.cs:wiersz 598

--- Main exception: Source ---
System.Core

wtorek, 9 kwietnia 2019 12:47:55

--- Main exception: Message ---
Wartość nie może być zerowa.
Nazwa parametru: source

--- Main exception: StackTrace ---
   w System.Linq.Enumerable.FirstOrDefault[TSource](IEnumerable`1 source, Func`2 predicate)
   w GUI.MainForm.slaAutoStep(DataGridViewRow tmpRow, String issueNumber) w C:\CP\ParserGit\JiraParser\GUI\SlaService.cs:wiersz 598

--- Main exception: Source ---
System.Core

wtorek, 9 kwietnia 2019 12:47:56

--- Main exception: Message ---
Wartość nie może być zerowa.
Nazwa parametru: source

--- Main exception: StackTrace ---
   w System.Linq.Enumerable.FirstOrDefault[TSource](IEnumerable`1 source, Func`2 predicate)
   w GUI.MainForm.slaAutoStep(DataGridViewRow tmpRow, String issueNumber) w C:\CP\ParserGit\JiraParser\GUI\SlaService.cs:wiersz 598

--- Main exception: Source ---
System.Core

wtorek, 9 kwietnia 2019 12:47:56

--- Main exception: Message ---
Wartość nie może być zerowa.
Nazwa parametru: source

--- Main exception: StackTrace ---
   w System.Linq.Enumerable.FirstOrDefault[TSource](IEnumerable`1 source, Func`2 predicate)
   w GUI.MainForm.slaAutoStep(DataGridViewRow tmpRow, String issueNumber) w C:\CP\ParserGit\JiraParser\GUI\SlaService.cs:wiersz 598

--- Main exception: Source ---
System.Core

wtorek, 9 kwietnia 2019 12:47:56

--- Main exception: Message ---
Wartość nie może być zerowa.
Nazwa parametru: source

--- Main exception: StackTrace ---
   w System.Linq.Enumerable.FirstOrDefault[TSource](IEnumerable`1 source, Func`2 predicate)
   w GUI.MainForm.slaAutoStep(DataGridViewRow tmpRow, String issueNumber) w C:\CP\ParserGit\JiraParser\GUI\SlaService.cs:wiersz 598

--- Main exception: Source ---
System.Core

wtorek, 9 kwietnia 2019 12:47:56

--- Main exception: Message ---
Wartość nie może być zerowa.
Nazwa parametru: source

--- Main exception: StackTrace ---
   w System.Linq.Enumerable.FirstOrDefault[TSource](IEnumerable`1 source, Func`2 predicate)
   w GUI.MainForm.slaAutoStep(DataGridViewRow tmpRow, String issueNumber) w C:\CP\ParserGit\JiraParser\GUI\SlaService.cs:wiersz 598

--- Main exception: Source ---
System.Core

wtorek, 9 kwietnia 2019 12:47:58

--- Main exception: Message ---
Wartość nie może być zerowa.
Nazwa parametru: source

--- Main exception: StackTrace ---
   w System.Linq.Enumerable.FirstOrDefault[TSource](IEnumerable`1 source, Func`2 predicate)
   w GUI.MainForm.slaAutoStep(DataGridViewRow tmpRow, String issueNumber) w C:\CP\ParserGit\JiraParser\GUI\SlaService.cs:wiersz 598

--- Main exception: Source ---
System.Core

wtorek, 9 kwietnia 2019 12:47:59

--- Main exception: Message ---
Wartość nie może być zerowa.
Nazwa parametru: source

--- Main exception: StackTrace ---
   w System.Linq.Enumerable.FirstOrDefault[TSource](IEnumerable`1 source, Func`2 predicate)
   w GUI.MainForm.slaAutoStep(DataGridViewRow tmpRow, String issueNumber) w C:\CP\ParserGit\JiraParser\GUI\SlaService.cs:wiersz 598

--- Main exception: Source ---
System.Core

wtorek, 9 kwietnia 2019 12:48:00

--- Main exception: Message ---
Wartość nie może być zerowa.
Nazwa parametru: source

--- Main exception: StackTrace ---
   w System.Linq.Enumerable.FirstOrDefault[TSource](IEnumerable`1 source, Func`2 predicate)
   w GUI.MainForm.slaAutoStep(DataGridViewRow tmpRow, String issueNumber) w C:\CP\ParserGit\JiraParser\GUI\SlaService.cs:wiersz 598

--- Main exception: Source ---
System.Core

wtorek, 9 kwietnia 2019 12:48:01

--- Main exception: Message ---
Wartość nie może być zerowa.
Nazwa parametru: source

--- Main exception: StackTrace ---
   w System.Linq.Enumerable.FirstOrDefault[TSource](IEnumerable`1 source, Func`2 predicate)
   w GUI.MainForm.slaAutoStep(DataGridViewRow tmpRow, String issueNumber) w C:\CP\ParserGit\JiraParser\GUI\SlaService.cs:wiersz 598

--- Main exception: Source ---
System.Core

wtorek, 9 kwietnia 2019 12:48:01

--- Main exception: Message ---
Wartość nie może być zerowa.
Nazwa parametru: source

--- Main exception: StackTrace ---
   w System.Linq.Enumerable.FirstOrDefault[TSource](IEnumerable`1 source, Func`2 predicate)
   w GUI.MainForm.slaAutoStep(DataGridViewRow tmpRow, String issueNumber) w C:\CP\ParserGit\JiraParser\GUI\SlaService.cs:wiersz 598

--- Main exception: Source ---
System.Core

wtorek, 9 kwietnia 2019 12:49:06

--- Main exception: Message ---
Nie można rozpoznać nazwy zdalnej: 'jira'

--- Main exception: StackTrace ---
   w Atlassian.Jira.Remote.JiraRestClient.ExecuteRequest[T](Method method, String resource, Object requestBody) w c:\projects\atlassian-net-sdk\Atlassian.Jira\Remote\JiraRestClient.cs:wiersz 119
   w Atlassian.Jira.Remote.JiraRestClient.GetPriorities(String token) w c:\projects\atlassian-net-sdk\Atlassian.Jira\Remote\JiraRestClient.cs:wiersz 785
   w Atlassian.Jira.Jira.<GetIssuePriorities>b__24(String token) w c:\projects\atlassian-net-sdk\Atlassian.Jira\Jira.cs:wiersz 478
   w Atlassian.Jira.Jira.<>c__DisplayClass3c.<WithToken>b__3b(String t) w c:\projects\atlassian-net-sdk\Atlassian.Jira\Jira.cs:wiersz 658
   w Atlassian.Jira.Jira.WithToken[TResult](Func`3 function) w c:\projects\atlassian-net-sdk\Atlassian.Jira\Jira.cs:wiersz 706
   w Atlassian.Jira.Jira.GetIssuePriorities() w c:\projects\atlassian-net-sdk\Atlassian.Jira\Jira.cs:wiersz 482
   w GUI.MainForm.LoginJira() w C:\CP\ParserGit\JiraParser\GUI\MainForm.cs:wiersz 4475

--- Main exception: Source ---
Atlassian.Jira

wtorek, 9 kwietnia 2019 12:51:40

--- Main exception: Message ---
Nie można rozpoznać nazwy zdalnej: 'jira'

--- Main exception: StackTrace ---
   w Atlassian.Jira.Remote.JiraRestClient.ExecuteRequest[T](Method method, String resource, Object requestBody) w c:\projects\atlassian-net-sdk\Atlassian.Jira\Remote\JiraRestClient.cs:wiersz 119
   w Atlassian.Jira.Remote.JiraRestClient.GetIssueTypes(String token, String projectId) w c:\projects\atlassian-net-sdk\Atlassian.Jira\Remote\JiraRestClient.cs:wiersz 822
   w Atlassian.Jira.Jira.<>c__DisplayClass16.<GetIssueTypes>b__12(String token) w c:\projects\atlassian-net-sdk\Atlassian.Jira\Jira.cs:wiersz 414
   w Atlassian.Jira.Jira.<>c__DisplayClass3c.<WithToken>b__3b(String t) w c:\projects\atlassian-net-sdk\Atlassian.Jira\Jira.cs:wiersz 658
   w Atlassian.Jira.Jira.WithToken[TResult](Func`3 function) w c:\projects\atlassian-net-sdk\Atlassian.Jira\Jira.cs:wiersz 706
   w Atlassian.Jira.Jira.GetIssueTypes(String projectKey) w c:\projects\atlassian-net-sdk\Atlassian.Jira\Jira.cs:wiersz 419
   w Logic.Implementation.JiraIssues.GetJiraIssuesTypes() w C:\CP\ParserGit\JiraParser\Logic\Implementation\JiraIssues.cs:wiersz 68
   w GUI.MainForm.<timer2_Tick>b__105_0() w C:\CP\ParserGit\JiraParser\GUI\MainForm.cs:wiersz 2725

--- Main exception: Source ---
Atlassian.Jira

wtorek, 9 kwietnia 2019 12:55:07

--- Main exception: Message ---
Nie można rozpoznać nazwy zdalnej: 'jira'

--- Main exception: StackTrace ---
   w Atlassian.Jira.Remote.JiraRestClient.ExecuteRequest[T](Method method, String resource, Object requestBody) w c:\projects\atlassian-net-sdk\Atlassian.Jira\Remote\JiraRestClient.cs:wiersz 119
   w Atlassian.Jira.Remote.JiraRestClient.GetPriorities(String token) w c:\projects\atlassian-net-sdk\Atlassian.Jira\Remote\JiraRestClient.cs:wiersz 785
   w Atlassian.Jira.Jira.<GetIssuePriorities>b__24(String token) w c:\projects\atlassian-net-sdk\Atlassian.Jira\Jira.cs:wiersz 478
   w Atlassian.Jira.Jira.<>c__DisplayClass3c.<WithToken>b__3b(String t) w c:\projects\atlassian-net-sdk\Atlassian.Jira\Jira.cs:wiersz 658
   w Atlassian.Jira.Jira.WithToken[TResult](Func`3 function) w c:\projects\atlassian-net-sdk\Atlassian.Jira\Jira.cs:wiersz 706
   w Atlassian.Jira.Jira.GetIssuePriorities() w c:\projects\atlassian-net-sdk\Atlassian.Jira\Jira.cs:wiersz 482
   w GUI.MainForm.LoginJira() w C:\CP\ParserGit\JiraParser\GUI\MainForm.cs:wiersz 4475

--- Main exception: Source ---
Atlassian.Jira

wtorek, 9 kwietnia 2019 12:56:40

--- Main exception: Message ---
Nie można rozpoznać nazwy zdalnej: 'jira'

--- Main exception: StackTrace ---
   w Atlassian.Jira.Remote.JiraRestClient.ExecuteRequest[T](Method method, String resource, Object requestBody) w c:\projects\atlassian-net-sdk\Atlassian.Jira\Remote\JiraRestClient.cs:wiersz 119
   w Atlassian.Jira.Remote.JiraRestClient.GetIssueTypes(String token, String projectId) w c:\projects\atlassian-net-sdk\Atlassian.Jira\Remote\JiraRestClient.cs:wiersz 822
   w Atlassian.Jira.Jira.<>c__DisplayClass16.<GetIssueTypes>b__12(String token) w c:\projects\atlassian-net-sdk\Atlassian.Jira\Jira.cs:wiersz 414
   w Atlassian.Jira.Jira.<>c__DisplayClass3c.<WithToken>b__3b(String t) w c:\projects\atlassian-net-sdk\Atlassian.Jira\Jira.cs:wiersz 658
   w Atlassian.Jira.Jira.WithToken[TResult](Func`3 function) w c:\projects\atlassian-net-sdk\Atlassian.Jira\Jira.cs:wiersz 706
   w Atlassian.Jira.Jira.GetIssueTypes(String projectKey) w c:\projects\atlassian-net-sdk\Atlassian.Jira\Jira.cs:wiersz 419
   w Logic.Implementation.JiraIssues.GetJiraIssuesTypes() w C:\CP\ParserGit\JiraParser\Logic\Implementation\JiraIssues.cs:wiersz 68
   w GUI.MainForm.<timer2_Tick>b__105_0() w C:\CP\ParserGit\JiraParser\GUI\MainForm.cs:wiersz 2725

--- Main exception: Source ---
Atlassian.Jira

wtorek, 9 kwietnia 2019 12:58:36

--- Main exception: Message ---
Wartość nie może być zerowa.
Nazwa parametru: source

--- Main exception: StackTrace ---
   w System.Linq.Enumerable.FirstOrDefault[TSource](IEnumerable`1 source, Func`2 predicate)
   w GUI.MainForm.slaAutoStep(DataGridViewRow tmpRow, String issueNumber) w C:\CP\ParserGit\JiraParser\GUI\SlaService.cs:wiersz 598

--- Main exception: Source ---
System.Core

wtorek, 9 kwietnia 2019 12:58:37

--- Main exception: Message ---
Wartość nie może być zerowa.
Nazwa parametru: source

--- Main exception: StackTrace ---
   w System.Linq.Enumerable.FirstOrDefault[TSource](IEnumerable`1 source, Func`2 predicate)
   w GUI.MainForm.slaAutoStep(DataGridViewRow tmpRow, String issueNumber) w C:\CP\ParserGit\JiraParser\GUI\SlaService.cs:wiersz 598

--- Main exception: Source ---
System.Core

wtorek, 9 kwietnia 2019 12:58:38

--- Main exception: Message ---
Wartość nie może być zerowa.
Nazwa parametru: source

--- Main exception: StackTrace ---
   w System.Linq.Enumerable.FirstOrDefault[TSource](IEnumerable`1 source, Func`2 predicate)
   w GUI.MainForm.slaAutoStep(DataGridViewRow tmpRow, String issueNumber) w C:\CP\ParserGit\JiraParser\GUI\SlaService.cs:wiersz 598

--- Main exception: Source ---
System.Core

wtorek, 9 kwietnia 2019 12:58:40

--- Main exception: Message ---
Wartość nie może być zerowa.
Nazwa parametru: source

--- Main exception: StackTrace ---
   w System.Linq.Enumerable.FirstOrDefault[TSource](IEnumerable`1 source, Func`2 predicate)
   w GUI.MainForm.slaAutoStep(DataGridViewRow tmpRow, String issueNumber) w C:\CP\ParserGit\JiraParser\GUI\SlaService.cs:wiersz 598

--- Main exception: Source ---
System.Core

wtorek, 9 kwietnia 2019 12:58:41

--- Main exception: Message ---
Wartość nie może być zerowa.
Nazwa parametru: source

--- Main exception: StackTrace ---
   w System.Linq.Enumerable.FirstOrDefault[TSource](IEnumerable`1 source, Func`2 predicate)
   w GUI.MainForm.slaAutoStep(DataGridViewRow tmpRow, String issueNumber) w C:\CP\ParserGit\JiraParser\GUI\SlaService.cs:wiersz 598

--- Main exception: Source ---
System.Core

wtorek, 9 kwietnia 2019 12:58:42

--- Main exception: Message ---
Wartość nie może być zerowa.
Nazwa parametru: source

--- Main exception: StackTrace ---
   w System.Linq.Enumerable.FirstOrDefault[TSource](IEnumerable`1 source, Func`2 predicate)
   w GUI.MainForm.slaAutoStep(DataGridViewRow tmpRow, String issueNumber) w C:\CP\ParserGit\JiraParser\GUI\SlaService.cs:wiersz 598

--- Main exception: Source ---
System.Core

wtorek, 9 kwietnia 2019 12:58:43

--- Main exception: Message ---
Wartość nie może być zerowa.
Nazwa parametru: source

--- Main exception: StackTrace ---
   w System.Linq.Enumerable.FirstOrDefault[TSource](IEnumerable`1 source, Func`2 predicate)
   w GUI.MainForm.slaAutoStep(DataGridViewRow tmpRow, String issueNumber) w C:\CP\ParserGit\JiraParser\GUI\SlaService.cs:wiersz 598

--- Main exception: Source ---
System.Core

wtorek, 9 kwietnia 2019 12:58:44

--- Main exception: Message ---
Wartość nie może być zerowa.
Nazwa parametru: source

--- Main exception: StackTrace ---
   w System.Linq.Enumerable.FirstOrDefault[TSource](IEnumerable`1 source, Func`2 predicate)
   w GUI.MainForm.slaAutoStep(DataGridViewRow tmpRow, String issueNumber) w C:\CP\ParserGit\JiraParser\GUI\SlaService.cs:wiersz 598

--- Main exception: Source ---
System.Core

wtorek, 9 kwietnia 2019 12:58:47

--- Main exception: Message ---
Wartość nie może być zerowa.
Nazwa parametru: source

--- Main exception: StackTrace ---
   w System.Linq.Enumerable.FirstOrDefault[TSource](IEnumerable`1 source, Func`2 predicate)
   w GUI.MainForm.slaAutoStep(DataGridViewRow tmpRow, String issueNumber) w C:\CP\ParserGit\JiraParser\GUI\SlaService.cs:wiersz 598

--- Main exception: Source ---
System.Core

wtorek, 9 kwietnia 2019 13:20:56

Zgłoszenie ZCC-18522 dodano automatycznie o godzinie 2019-04-09 13:20:56!
wtorek, 9 kwietnia 2019 13:20:56

Modyfikacja treeItem checkAsAssignewtorek, 9 kwietnia 2019 13:21:02

addCommentJira string jiraKey ZCC-18522wtorek, 9 kwietnia 2019 13:21:02

addCommentJira object sender, DoWorkEventArgs e ZCC-18522wtorek, 9 kwietnia 2019 13:21:07

Zgłoszenie ZCC-18523 dodano automatycznie o godzinie 2019-04-09 13:21:07!
wtorek, 9 kwietnia 2019 13:21:07

Modyfikacja treeItem checkAsAssignewtorek, 9 kwietnia 2019 13:21:10

addCommentJira string jiraKey ZCC-18523wtorek, 9 kwietnia 2019 13:21:10

addCommentJira object sender, DoWorkEventArgs e ZCC-18523wtorek, 9 kwietnia 2019 13:56:45

Zgłoszenie ZCC-18524 dodano automatycznie o godzinie 2019-04-09 13:56:45!
wtorek, 9 kwietnia 2019 13:56:45

Modyfikacja treeItem checkAsAssignewtorek, 9 kwietnia 2019 13:56:52

addCommentJira string jiraKey ZCC-18524wtorek, 9 kwietnia 2019 13:56:52

addCommentJira object sender, DoWorkEventArgs e ZCC-18524wtorek, 9 kwietnia 2019 14:02:48

Zgłoszenie CRM-75686 dodano automatycznie o godzinie 2019-04-09 14:02:48!
wtorek, 9 kwietnia 2019 14:02:48

Modyfikacja treeItem checkAsAssignewtorek, 9 kwietnia 2019 14:02:51

addCommentJira string jiraKey CRM-75686wtorek, 9 kwietnia 2019 14:02:51

addCommentJira object sender, DoWorkEventArgs e CRM-75686wtorek, 9 kwietnia 2019 15:26:48

Zgłoszenie ZCC-18525 dodano automatycznie o godzinie 2019-04-09 15:26:48!
wtorek, 9 kwietnia 2019 15:26:48

Modyfikacja treeItem checkAsAssignewtorek, 9 kwietnia 2019 15:26:58

addCommentJira string jiraKey ZCC-18525wtorek, 9 kwietnia 2019 15:26:58

addCommentJira object sender, DoWorkEventArgs e ZCC-18525wtorek, 9 kwietnia 2019 15:38:47

Zgłoszenie CRM-75687 dodano automatycznie o godzinie 2019-04-09 15:38:47!
wtorek, 9 kwietnia 2019 15:38:48

Modyfikacja treeItem checkAsAssignewtorek, 9 kwietnia 2019 15:38:57

addCommentJira string jiraKey CRM-75687wtorek, 9 kwietnia 2019 15:38:57

addCommentJira object sender, DoWorkEventArgs e CRM-75687wtorek, 9 kwietnia 2019 15:39:07

Zgłoszenie ZCC-18526 dodano automatycznie o godzinie 2019-04-09 15:39:07!
wtorek, 9 kwietnia 2019 15:39:07

Modyfikacja treeItem checkAsAssignewtorek, 9 kwietnia 2019 15:39:10

addCommentJira string jiraKey ZCC-18526wtorek, 9 kwietnia 2019 15:39:10

addCommentJira object sender, DoWorkEventArgs e ZCC-18526wtorek, 9 kwietnia 2019 15:44:46

Zgłoszenie ZCC-18527 dodano automatycznie o godzinie 2019-04-09 15:44:46!
wtorek, 9 kwietnia 2019 15:44:47

Modyfikacja treeItem checkAsAssignewtorek, 9 kwietnia 2019 15:44:54

addCommentJira string jiraKey ZCC-18527wtorek, 9 kwietnia 2019 15:44:54

addCommentJira object sender, DoWorkEventArgs e ZCC-18527wtorek, 9 kwietnia 2019 16:02:46

Zgłoszenie ZCC-18528 dodano automatycznie o godzinie 2019-04-09 16:02:46!
wtorek, 9 kwietnia 2019 16:02:46

Modyfikacja treeItem checkAsAssignewtorek, 9 kwietnia 2019 16:02:55

addCommentJira string jiraKey ZCC-18528wtorek, 9 kwietnia 2019 16:02:55

addCommentJira object sender, DoWorkEventArgs e ZCC-18528