środa, 13 lutego 2019 08:04:01

Zgłoszenie ZCC-18075 dodano automatycznie o godzinie 2019-02-13 08:04:01!
środa, 13 lutego 2019 08:04:03

addCommentJira string jiraKey ZCC-18075środa, 13 lutego 2019 08:04:03

addCommentJira object sender, DoWorkEventArgs e ZCC-18075środa, 13 lutego 2019 08:04:06

Zgłoszenie ZCC-18076 dodano automatycznie o godzinie 2019-02-13 08:04:06!
środa, 13 lutego 2019 08:04:08

addCommentJira string jiraKey ZCC-18076środa, 13 lutego 2019 08:04:08

addCommentJira object sender, DoWorkEventArgs e ZCC-18076środa, 13 lutego 2019 08:04:10

--- Main exception: Message ---
Zmodyfikowano kolekcję. Nie można wykonać operacji wyliczania.

--- Main exception: StackTrace ---
   w System.ThrowHelper.ThrowInvalidOperationException(ExceptionResource resource)
   w System.Collections.Generic.List`1.Enumerator.MoveNextRare()
   w GUI.MainForm.addIssueToTreeNode(String issueNumber, List`1 issue, String treeViewName) w C:\CP\ParserGit\JiraParser\GUI\MainForm.cs:wiersz 6142
   w GUI.MainForm.slaAutoAssigneTakenIssue(Object sender, RunWorkerCompletedEventArgs e) w C:\CP\ParserGit\JiraParser\GUI\SlaService.cs:wiersz 690

--- Main exception: Source ---
mscorlib

środa, 13 lutego 2019 08:04:11

Zgłoszenie CRM-75235 dodano automatycznie o godzinie 2019-02-13 08:04:11!
środa, 13 lutego 2019 08:04:15

addCommentJira string jiraKey CRM-75235środa, 13 lutego 2019 08:04:15

addCommentJira object sender, DoWorkEventArgs e CRM-75235środa, 13 lutego 2019 08:09:52

--- Main exception: Message ---
Zmodyfikowano kolekcję. Nie można wykonać operacji wyliczania.

--- Main exception: StackTrace ---
   w System.ThrowHelper.ThrowInvalidOperationException(ExceptionResource resource)
   w System.Collections.Generic.List`1.Enumerator.MoveNextRare()
   w GUI.MainForm.addIssueToTreeNode(String issueNumber, List`1 issue, String treeViewName) w C:\CP\ParserGit\JiraParser\GUI\MainForm.cs:wiersz 6142
   w GUI.MainForm.slaAutoAssigneTakenIssue(Object sender, DoWorkEventArgs e) w C:\CP\ParserGit\JiraParser\GUI\SlaService.cs:wiersz 592

--- Main exception: Source ---
mscorlib

środa, 13 lutego 2019 08:39:44

Zgłoszenie KKK-3947 dodano automatycznie o godzinie 2019-02-13 08:39:44!
środa, 13 lutego 2019 08:39:47

addCommentJira string jiraKey KKK-3947środa, 13 lutego 2019 08:39:47

addCommentJira object sender, DoWorkEventArgs e KKK-3947środa, 13 lutego 2019 08:45:51

--- Main exception: Message ---
Zmodyfikowano kolekcję. Nie można wykonać operacji wyliczania.

--- Main exception: StackTrace ---
   w System.ThrowHelper.ThrowInvalidOperationException(ExceptionResource resource)
   w System.Collections.Generic.List`1.Enumerator.MoveNextRare()
   w GUI.MainForm.addIssueToTreeNode(String issueNumber, List`1 issue, String treeViewName) w C:\CP\ParserGit\JiraParser\GUI\MainForm.cs:wiersz 6142
   w GUI.MainForm.slaAutoAssigneTakenIssue(Object sender, DoWorkEventArgs e) w C:\CP\ParserGit\JiraParser\GUI\SlaService.cs:wiersz 592

--- Main exception: Source ---
mscorlib

środa, 13 lutego 2019 08:51:51

--- Main exception: Message ---
Zmodyfikowano kolekcję. Nie można wykonać operacji wyliczania.

--- Main exception: StackTrace ---
   w System.ThrowHelper.ThrowInvalidOperationException(ExceptionResource resource)
   w System.Collections.Generic.List`1.Enumerator.MoveNextRare()
   w GUI.MainForm.addIssueToTreeNode(String issueNumber, List`1 issue, String treeViewName) w C:\CP\ParserGit\JiraParser\GUI\MainForm.cs:wiersz 6142
   w GUI.MainForm.slaAutoAssigneTakenIssue(Object sender, DoWorkEventArgs e) w C:\CP\ParserGit\JiraParser\GUI\SlaService.cs:wiersz 592

--- Main exception: Source ---
mscorlib

środa, 13 lutego 2019 08:57:53

--- Main exception: Message ---
Zmodyfikowano kolekcję. Nie można wykonać operacji wyliczania.

--- Main exception: StackTrace ---
   w System.ThrowHelper.ThrowInvalidOperationException(ExceptionResource resource)
   w System.Collections.Generic.List`1.Enumerator.MoveNextRare()
   w GUI.MainForm.addIssueToTreeNode(String issueNumber, List`1 issue, String treeViewName) w C:\CP\ParserGit\JiraParser\GUI\MainForm.cs:wiersz 6142
   w GUI.MainForm.slaAutoAssigneTakenIssue(Object sender, DoWorkEventArgs e) w C:\CP\ParserGit\JiraParser\GUI\SlaService.cs:wiersz 592

--- Main exception: Source ---
mscorlib

środa, 13 lutego 2019 09:02:47

--- Main exception: Message ---
Zmodyfikowano kolekcję. Nie można wykonać operacji wyliczania.

--- Main exception: StackTrace ---
   w System.ThrowHelper.ThrowInvalidOperationException(ExceptionResource resource)
   w System.Collections.Generic.List`1.Enumerator.MoveNextRare()
   w GUI.MainForm.addIssueToTreeNode(String issueNumber, List`1 issue, String treeViewName) w C:\CP\ParserGit\JiraParser\GUI\MainForm.cs:wiersz 6142
   w GUI.MainForm.slaAutoAssigneTakenIssue(Object sender, DoWorkEventArgs e) w C:\CP\ParserGit\JiraParser\GUI\SlaService.cs:wiersz 592

--- Main exception: Source ---
mscorlib

środa, 13 lutego 2019 09:03:52

--- Main exception: Message ---
Zmodyfikowano kolekcję. Nie można wykonać operacji wyliczania.

--- Main exception: StackTrace ---
   w System.ThrowHelper.ThrowInvalidOperationException(ExceptionResource resource)
   w System.Collections.Generic.List`1.Enumerator.MoveNextRare()
   w GUI.MainForm.addIssueToTreeNode(String issueNumber, List`1 issue, String treeViewName) w C:\CP\ParserGit\JiraParser\GUI\MainForm.cs:wiersz 6142
   w GUI.MainForm.slaAutoAssigneTakenIssue(Object sender, DoWorkEventArgs e) w C:\CP\ParserGit\JiraParser\GUI\SlaService.cs:wiersz 592

--- Main exception: Source ---
mscorlib

środa, 13 lutego 2019 09:09:55

--- Main exception: Message ---
Zmodyfikowano kolekcję. Nie można wykonać operacji wyliczania.

--- Main exception: StackTrace ---
   w System.ThrowHelper.ThrowInvalidOperationException(ExceptionResource resource)
   w System.Collections.Generic.List`1.Enumerator.MoveNextRare()
   w GUI.MainForm.addIssueToTreeNode(String issueNumber, List`1 issue, String treeViewName) w C:\CP\ParserGit\JiraParser\GUI\MainForm.cs:wiersz 6142
   w GUI.MainForm.slaAutoAssigneTakenIssue(Object sender, DoWorkEventArgs e) w C:\CP\ParserGit\JiraParser\GUI\SlaService.cs:wiersz 592

--- Main exception: Source ---
mscorlib

środa, 13 lutego 2019 09:18:45

--- Main exception: Message ---
Zmodyfikowano kolekcję. Nie można wykonać operacji wyliczania.

--- Main exception: StackTrace ---
   w System.ThrowHelper.ThrowInvalidOperationException(ExceptionResource resource)
   w System.Collections.Generic.List`1.Enumerator.MoveNextRare()
   w GUI.MainForm.addIssueToTreeNode(String issueNumber, List`1 issue, String treeViewName) w C:\CP\ParserGit\JiraParser\GUI\MainForm.cs:wiersz 6142
   w GUI.MainForm.slaAutoAssigneTakenIssue(Object sender, DoWorkEventArgs e) w C:\CP\ParserGit\JiraParser\GUI\SlaService.cs:wiersz 592

--- Main exception: Source ---
mscorlib

środa, 13 lutego 2019 09:21:51

--- Main exception: Message ---
Zmodyfikowano kolekcję. Nie można wykonać operacji wyliczania.

--- Main exception: StackTrace ---
   w System.ThrowHelper.ThrowInvalidOperationException(ExceptionResource resource)
   w System.Collections.Generic.List`1.Enumerator.MoveNextRare()
   w GUI.MainForm.addIssueToTreeNode(String issueNumber, List`1 issue, String treeViewName) w C:\CP\ParserGit\JiraParser\GUI\MainForm.cs:wiersz 6142
   w GUI.MainForm.slaAutoAssigneTakenIssue(Object sender, DoWorkEventArgs e) w C:\CP\ParserGit\JiraParser\GUI\SlaService.cs:wiersz 592

--- Main exception: Source ---
mscorlib

środa, 13 lutego 2019 09:27:52

--- Main exception: Message ---
Zmodyfikowano kolekcję. Nie można wykonać operacji wyliczania.

--- Main exception: StackTrace ---
   w System.ThrowHelper.ThrowInvalidOperationException(ExceptionResource resource)
   w System.Collections.Generic.List`1.Enumerator.MoveNextRare()
   w GUI.MainForm.addIssueToTreeNode(String issueNumber, List`1 issue, String treeViewName) w C:\CP\ParserGit\JiraParser\GUI\MainForm.cs:wiersz 6142
   w GUI.MainForm.slaAutoAssigneTakenIssue(Object sender, DoWorkEventArgs e) w C:\CP\ParserGit\JiraParser\GUI\SlaService.cs:wiersz 592

--- Main exception: Source ---
mscorlib

środa, 13 lutego 2019 09:33:45

Zgłoszenie ZCC-18077 dodano automatycznie o godzinie 2019-02-13 09:33:45!
środa, 13 lutego 2019 09:33:48

addCommentJira string jiraKey ZCC-18077środa, 13 lutego 2019 09:33:48

addCommentJira object sender, DoWorkEventArgs e ZCC-18077środa, 13 lutego 2019 09:33:51

--- Main exception: Message ---
Zmodyfikowano kolekcję. Nie można wykonać operacji wyliczania.

--- Main exception: StackTrace ---
   w System.ThrowHelper.ThrowInvalidOperationException(ExceptionResource resource)
   w System.Collections.Generic.List`1.Enumerator.MoveNextRare()
   w GUI.MainForm.addIssueToTreeNode(String issueNumber, List`1 issue, String treeViewName) w C:\CP\ParserGit\JiraParser\GUI\MainForm.cs:wiersz 6142
   w GUI.MainForm.slaAutoAssigneTakenIssue(Object sender, DoWorkEventArgs e) w C:\CP\ParserGit\JiraParser\GUI\SlaService.cs:wiersz 592

--- Main exception: Source ---
mscorlib

środa, 13 lutego 2019 09:35:18

--- Main exception: Message ---
Odwołanie do obiektu nie zostało ustawione na wystąpienie obiektu.

--- Main exception: StackTrace ---
   w GUI.MainForm.GetActionForIssue(BillingIssueDto issue, String trName) w C:\CP\ParserGit\JiraParser\GUI\MainForm.cs:wiersz 5373

--- Main exception: Source ---
GUI

środa, 13 lutego 2019 09:39:51

--- Main exception: Message ---
Zmodyfikowano kolekcję. Nie można wykonać operacji wyliczania.

--- Main exception: StackTrace ---
   w System.ThrowHelper.ThrowInvalidOperationException(ExceptionResource resource)
   w System.Collections.Generic.List`1.Enumerator.MoveNextRare()
   w GUI.MainForm.addIssueToTreeNode(String issueNumber, List`1 issue, String treeViewName) w C:\CP\ParserGit\JiraParser\GUI\MainForm.cs:wiersz 6142
   w GUI.MainForm.slaAutoAssigneTakenIssue(Object sender, DoWorkEventArgs e) w C:\CP\ParserGit\JiraParser\GUI\SlaService.cs:wiersz 592

--- Main exception: Source ---
mscorlib

środa, 13 lutego 2019 09:45:45

Zgłoszenie CRM-75240 dodano automatycznie o godzinie 2019-02-13 09:45:45!
środa, 13 lutego 2019 09:45:47

addCommentJira string jiraKey CRM-75240środa, 13 lutego 2019 09:45:47

addCommentJira object sender, DoWorkEventArgs e CRM-75240środa, 13 lutego 2019 09:45:56

--- Main exception: Message ---
Zmodyfikowano kolekcję. Nie można wykonać operacji wyliczania.

--- Main exception: StackTrace ---
   w System.ThrowHelper.ThrowInvalidOperationException(ExceptionResource resource)
   w System.Collections.Generic.List`1.Enumerator.MoveNextRare()
   w GUI.MainForm.addIssueToTreeNode(String issueNumber, List`1 issue, String treeViewName) w C:\CP\ParserGit\JiraParser\GUI\MainForm.cs:wiersz 6142
   w GUI.MainForm.slaAutoAssigneTakenIssue(Object sender, DoWorkEventArgs e) w C:\CP\ParserGit\JiraParser\GUI\SlaService.cs:wiersz 592

--- Main exception: Source ---
mscorlib

środa, 13 lutego 2019 09:51:54

--- Main exception: Message ---
Zmodyfikowano kolekcję. Nie można wykonać operacji wyliczania.

--- Main exception: StackTrace ---
   w System.ThrowHelper.ThrowInvalidOperationException(ExceptionResource resource)
   w System.Collections.Generic.List`1.Enumerator.MoveNextRare()
   w GUI.MainForm.addIssueToTreeNode(String issueNumber, List`1 issue, String treeViewName) w C:\CP\ParserGit\JiraParser\GUI\MainForm.cs:wiersz 6142
   w GUI.MainForm.slaAutoAssigneTakenIssue(Object sender, DoWorkEventArgs e) w C:\CP\ParserGit\JiraParser\GUI\SlaService.cs:wiersz 592

--- Main exception: Source ---
mscorlib

środa, 13 lutego 2019 09:57:53

--- Main exception: Message ---
Zmodyfikowano kolekcję. Nie można wykonać operacji wyliczania.

--- Main exception: StackTrace ---
   w System.ThrowHelper.ThrowInvalidOperationException(ExceptionResource resource)
   w System.Collections.Generic.List`1.Enumerator.MoveNextRare()
   w GUI.MainForm.addIssueToTreeNode(String issueNumber, List`1 issue, String treeViewName) w C:\CP\ParserGit\JiraParser\GUI\MainForm.cs:wiersz 6142
   w GUI.MainForm.slaAutoAssigneTakenIssue(Object sender, RunWorkerCompletedEventArgs e) w C:\CP\ParserGit\JiraParser\GUI\SlaService.cs:wiersz 690

--- Main exception: Source ---
mscorlib

środa, 13 lutego 2019 10:15:46

Zgłoszenie CRM-75243 dodano automatycznie o godzinie 2019-02-13 10:15:46!
środa, 13 lutego 2019 10:15:48

addCommentJira string jiraKey CRM-75243środa, 13 lutego 2019 10:15:48

addCommentJira object sender, DoWorkEventArgs e CRM-75243środa, 13 lutego 2019 10:15:50

Zgłoszenie CRM-75244 dodano automatycznie o godzinie 2019-02-13 10:15:50!
środa, 13 lutego 2019 10:15:53

addCommentJira string jiraKey CRM-75244środa, 13 lutego 2019 10:15:53

addCommentJira object sender, DoWorkEventArgs e CRM-75244środa, 13 lutego 2019 10:27:52

--- Main exception: Message ---
Zmodyfikowano kolekcję. Nie można wykonać operacji wyliczania.

--- Main exception: StackTrace ---
   w System.ThrowHelper.ThrowInvalidOperationException(ExceptionResource resource)
   w System.Collections.Generic.List`1.Enumerator.MoveNextRare()
   w GUI.MainForm.addIssueToTreeNode(String issueNumber, List`1 issue, String treeViewName) w C:\CP\ParserGit\JiraParser\GUI\MainForm.cs:wiersz 6142
   w GUI.MainForm.slaAutoAssigneTakenIssue(Object sender, DoWorkEventArgs e) w C:\CP\ParserGit\JiraParser\GUI\SlaService.cs:wiersz 592

--- Main exception: Source ---
mscorlib

środa, 13 lutego 2019 11:09:47

Zgłoszenie ZCC-18078 dodano automatycznie o godzinie 2019-02-13 11:09:47!
środa, 13 lutego 2019 11:09:49

addCommentJira string jiraKey ZCC-18078środa, 13 lutego 2019 11:09:49

addCommentJira object sender, DoWorkEventArgs e ZCC-18078środa, 13 lutego 2019 11:14:45

--- Main exception: Message ---
Nie można rozpoznać nazwy zdalnej: 'jira'

--- Main exception: StackTrace ---
   w Atlassian.Jira.Remote.JiraRestClient.ExecuteRequest[T](Method method, String resource, Object requestBody) w c:\projects\atlassian-net-sdk\Atlassian.Jira\Remote\JiraRestClient.cs:wiersz 119
   w Atlassian.Jira.Remote.JiraRestClient.GetIssueTypes(String token, String projectId) w c:\projects\atlassian-net-sdk\Atlassian.Jira\Remote\JiraRestClient.cs:wiersz 822
   w Atlassian.Jira.Jira.<>c__DisplayClass16.<GetIssueTypes>b__12(String token) w c:\projects\atlassian-net-sdk\Atlassian.Jira\Jira.cs:wiersz 414
   w Atlassian.Jira.Jira.<>c__DisplayClass3c.<WithToken>b__3b(String t) w c:\projects\atlassian-net-sdk\Atlassian.Jira\Jira.cs:wiersz 658
   w Atlassian.Jira.Jira.WithToken[TResult](Func`3 function) w c:\projects\atlassian-net-sdk\Atlassian.Jira\Jira.cs:wiersz 706
   w Atlassian.Jira.Jira.GetIssueTypes(String projectKey) w c:\projects\atlassian-net-sdk\Atlassian.Jira\Jira.cs:wiersz 419
   w Logic.Implementation.JiraIssues.GetJiraIssuesTypes() w C:\CP\ParserGit\JiraParser\Logic\Implementation\JiraIssues.cs:wiersz 68
   w GUI.MainForm.<timer2_Tick>b__104_0() w C:\CP\ParserGit\JiraParser\GUI\MainForm.cs:wiersz 2669

--- Main exception: Source ---
Atlassian.Jira

środa, 13 lutego 2019 11:15:25

--- Main exception: Message ---
Nie można rozpoznać nazwy zdalnej: 'jira'

--- Main exception: StackTrace ---
   w Atlassian.Jira.Remote.JiraRestClient.ExecuteRequest[T](Method method, String resource, Object requestBody) w c:\projects\atlassian-net-sdk\Atlassian.Jira\Remote\JiraRestClient.cs:wiersz 119
   w Atlassian.Jira.Remote.JiraRestClient.GetPriorities(String token) w c:\projects\atlassian-net-sdk\Atlassian.Jira\Remote\JiraRestClient.cs:wiersz 785
   w Atlassian.Jira.Jira.<GetIssuePriorities>b__24(String token) w c:\projects\atlassian-net-sdk\Atlassian.Jira\Jira.cs:wiersz 478
   w Atlassian.Jira.Jira.<>c__DisplayClass3c.<WithToken>b__3b(String t) w c:\projects\atlassian-net-sdk\Atlassian.Jira\Jira.cs:wiersz 658
   w Atlassian.Jira.Jira.WithToken[TResult](Func`3 function) w c:\projects\atlassian-net-sdk\Atlassian.Jira\Jira.cs:wiersz 706
   w Atlassian.Jira.Jira.GetIssuePriorities() w c:\projects\atlassian-net-sdk\Atlassian.Jira\Jira.cs:wiersz 482
   w GUI.MainForm.LoginJira() w C:\CP\ParserGit\JiraParser\GUI\MainForm.cs:wiersz 4379

--- Main exception: Source ---
Atlassian.Jira

środa, 13 lutego 2019 11:19:45

--- Main exception: Message ---
Nie można rozpoznać nazwy zdalnej: 'jira'

--- Main exception: StackTrace ---
   w Atlassian.Jira.Remote.JiraRestClient.ExecuteRequest[T](Method method, String resource, Object requestBody) w c:\projects\atlassian-net-sdk\Atlassian.Jira\Remote\JiraRestClient.cs:wiersz 119
   w Atlassian.Jira.Remote.JiraRestClient.GetIssueTypes(String token, String projectId) w c:\projects\atlassian-net-sdk\Atlassian.Jira\Remote\JiraRestClient.cs:wiersz 822
   w Atlassian.Jira.Jira.<>c__DisplayClass16.<GetIssueTypes>b__12(String token) w c:\projects\atlassian-net-sdk\Atlassian.Jira\Jira.cs:wiersz 414
   w Atlassian.Jira.Jira.<>c__DisplayClass3c.<WithToken>b__3b(String t) w c:\projects\atlassian-net-sdk\Atlassian.Jira\Jira.cs:wiersz 658
   w Atlassian.Jira.Jira.WithToken[TResult](Func`3 function) w c:\projects\atlassian-net-sdk\Atlassian.Jira\Jira.cs:wiersz 706
   w Atlassian.Jira.Jira.GetIssueTypes(String projectKey) w c:\projects\atlassian-net-sdk\Atlassian.Jira\Jira.cs:wiersz 419
   w Logic.Implementation.JiraIssues.GetJiraIssuesTypes() w C:\CP\ParserGit\JiraParser\Logic\Implementation\JiraIssues.cs:wiersz 68
   w GUI.MainForm.<timer2_Tick>b__104_0() w C:\CP\ParserGit\JiraParser\GUI\MainForm.cs:wiersz 2669

--- Main exception: Source ---
Atlassian.Jira

środa, 13 lutego 2019 11:21:25

--- Main exception: Message ---
Nie można rozpoznać nazwy zdalnej: 'jira'

--- Main exception: StackTrace ---
   w Atlassian.Jira.Remote.JiraRestClient.ExecuteRequest[T](Method method, String resource, Object requestBody) w c:\projects\atlassian-net-sdk\Atlassian.Jira\Remote\JiraRestClient.cs:wiersz 119
   w Atlassian.Jira.Remote.JiraRestClient.GetPriorities(String token) w c:\projects\atlassian-net-sdk\Atlassian.Jira\Remote\JiraRestClient.cs:wiersz 785
   w Atlassian.Jira.Jira.<GetIssuePriorities>b__24(String token) w c:\projects\atlassian-net-sdk\Atlassian.Jira\Jira.cs:wiersz 478
   w Atlassian.Jira.Jira.<>c__DisplayClass3c.<WithToken>b__3b(String t) w c:\projects\atlassian-net-sdk\Atlassian.Jira\Jira.cs:wiersz 658
   w Atlassian.Jira.Jira.WithToken[TResult](Func`3 function) w c:\projects\atlassian-net-sdk\Atlassian.Jira\Jira.cs:wiersz 706
   w Atlassian.Jira.Jira.GetIssuePriorities() w c:\projects\atlassian-net-sdk\Atlassian.Jira\Jira.cs:wiersz 482
   w GUI.MainForm.LoginJira() w C:\CP\ParserGit\JiraParser\GUI\MainForm.cs:wiersz 4379

--- Main exception: Source ---
Atlassian.Jira

środa, 13 lutego 2019 12:09:43

Zgłoszenie ZCC-18081 dodano automatycznie o godzinie 2019-02-13 12:09:43!
środa, 13 lutego 2019 12:09:48

addCommentJira string jiraKey ZCC-18081środa, 13 lutego 2019 12:09:48

addCommentJira object sender, DoWorkEventArgs e ZCC-18081środa, 13 lutego 2019 12:13:41

--- Main exception: Message ---
Nie można rozpoznać nazwy zdalnej: 'jira'

--- Main exception: StackTrace ---
   w Atlassian.Jira.Remote.JiraRestClient.ExecuteRequest[T](Method method, String resource, Object requestBody) w c:\projects\atlassian-net-sdk\Atlassian.Jira\Remote\JiraRestClient.cs:wiersz 119
   w Atlassian.Jira.Remote.JiraRestClient.GetIssueTypes(String token, String projectId) w c:\projects\atlassian-net-sdk\Atlassian.Jira\Remote\JiraRestClient.cs:wiersz 822
   w Atlassian.Jira.Jira.<>c__DisplayClass16.<GetIssueTypes>b__12(String token) w c:\projects\atlassian-net-sdk\Atlassian.Jira\Jira.cs:wiersz 414
   w Atlassian.Jira.Jira.<>c__DisplayClass3c.<WithToken>b__3b(String t) w c:\projects\atlassian-net-sdk\Atlassian.Jira\Jira.cs:wiersz 658
   w Atlassian.Jira.Jira.WithToken[TResult](Func`3 function) w c:\projects\atlassian-net-sdk\Atlassian.Jira\Jira.cs:wiersz 706
   w Atlassian.Jira.Jira.GetIssueTypes(String projectKey) w c:\projects\atlassian-net-sdk\Atlassian.Jira\Jira.cs:wiersz 419
   w Logic.Implementation.JiraIssues.GetJiraIssuesTypes() w C:\CP\ParserGit\JiraParser\Logic\Implementation\JiraIssues.cs:wiersz 68
   w GUI.MainForm.<timer2_Tick>b__104_0() w C:\CP\ParserGit\JiraParser\GUI\MainForm.cs:wiersz 2669

--- Main exception: Source ---
Atlassian.Jira

środa, 13 lutego 2019 12:15:25

--- Main exception: Message ---
Nie można rozpoznać nazwy zdalnej: 'jira'

--- Main exception: StackTrace ---
   w Atlassian.Jira.Remote.JiraRestClient.ExecuteRequest[T](Method method, String resource, Object requestBody) w c:\projects\atlassian-net-sdk\Atlassian.Jira\Remote\JiraRestClient.cs:wiersz 119
   w Atlassian.Jira.Remote.JiraRestClient.GetPriorities(String token) w c:\projects\atlassian-net-sdk\Atlassian.Jira\Remote\JiraRestClient.cs:wiersz 785
   w Atlassian.Jira.Jira.<GetIssuePriorities>b__24(String token) w c:\projects\atlassian-net-sdk\Atlassian.Jira\Jira.cs:wiersz 478
   w Atlassian.Jira.Jira.<>c__DisplayClass3c.<WithToken>b__3b(String t) w c:\projects\atlassian-net-sdk\Atlassian.Jira\Jira.cs:wiersz 658
   w Atlassian.Jira.Jira.WithToken[TResult](Func`3 function) w c:\projects\atlassian-net-sdk\Atlassian.Jira\Jira.cs:wiersz 706
   w Atlassian.Jira.Jira.GetIssuePriorities() w c:\projects\atlassian-net-sdk\Atlassian.Jira\Jira.cs:wiersz 482
   w GUI.MainForm.LoginJira() w C:\CP\ParserGit\JiraParser\GUI\MainForm.cs:wiersz 4379

--- Main exception: Source ---
Atlassian.Jira

środa, 13 lutego 2019 12:18:41

--- Main exception: Message ---
Nie można rozpoznać nazwy zdalnej: 'jira'

--- Main exception: StackTrace ---
   w Atlassian.Jira.Remote.JiraRestClient.ExecuteRequest[T](Method method, String resource, Object requestBody) w c:\projects\atlassian-net-sdk\Atlassian.Jira\Remote\JiraRestClient.cs:wiersz 119
   w Atlassian.Jira.Remote.JiraRestClient.GetIssueTypes(String token, String projectId) w c:\projects\atlassian-net-sdk\Atlassian.Jira\Remote\JiraRestClient.cs:wiersz 822
   w Atlassian.Jira.Jira.<>c__DisplayClass16.<GetIssueTypes>b__12(String token) w c:\projects\atlassian-net-sdk\Atlassian.Jira\Jira.cs:wiersz 414
   w Atlassian.Jira.Jira.<>c__DisplayClass3c.<WithToken>b__3b(String t) w c:\projects\atlassian-net-sdk\Atlassian.Jira\Jira.cs:wiersz 658
   w Atlassian.Jira.Jira.WithToken[TResult](Func`3 function) w c:\projects\atlassian-net-sdk\Atlassian.Jira\Jira.cs:wiersz 706
   w Atlassian.Jira.Jira.GetIssueTypes(String projectKey) w c:\projects\atlassian-net-sdk\Atlassian.Jira\Jira.cs:wiersz 419
   w Logic.Implementation.JiraIssues.GetJiraIssuesTypes() w C:\CP\ParserGit\JiraParser\Logic\Implementation\JiraIssues.cs:wiersz 68
   w GUI.MainForm.<timer2_Tick>b__104_0() w C:\CP\ParserGit\JiraParser\GUI\MainForm.cs:wiersz 2669

--- Main exception: Source ---
Atlassian.Jira

środa, 13 lutego 2019 12:21:25

--- Main exception: Message ---
Nie można rozpoznać nazwy zdalnej: 'jira'

--- Main exception: StackTrace ---
   w Atlassian.Jira.Remote.JiraRestClient.ExecuteRequest[T](Method method, String resource, Object requestBody) w c:\projects\atlassian-net-sdk\Atlassian.Jira\Remote\JiraRestClient.cs:wiersz 119
   w Atlassian.Jira.Remote.JiraRestClient.GetPriorities(String token) w c:\projects\atlassian-net-sdk\Atlassian.Jira\Remote\JiraRestClient.cs:wiersz 785
   w Atlassian.Jira.Jira.<GetIssuePriorities>b__24(String token) w c:\projects\atlassian-net-sdk\Atlassian.Jira\Jira.cs:wiersz 478
   w Atlassian.Jira.Jira.<>c__DisplayClass3c.<WithToken>b__3b(String t) w c:\projects\atlassian-net-sdk\Atlassian.Jira\Jira.cs:wiersz 658
   w Atlassian.Jira.Jira.WithToken[TResult](Func`3 function) w c:\projects\atlassian-net-sdk\Atlassian.Jira\Jira.cs:wiersz 706
   w Atlassian.Jira.Jira.GetIssuePriorities() w c:\projects\atlassian-net-sdk\Atlassian.Jira\Jira.cs:wiersz 482
   w GUI.MainForm.LoginJira() w C:\CP\ParserGit\JiraParser\GUI\MainForm.cs:wiersz 4379

--- Main exception: Source ---
Atlassian.Jira

środa, 13 lutego 2019 12:23:41

--- Main exception: Message ---
Nie można rozpoznać nazwy zdalnej: 'jira'

--- Main exception: StackTrace ---
   w Atlassian.Jira.Remote.JiraRestClient.ExecuteRequest[T](Method method, String resource, Object requestBody) w c:\projects\atlassian-net-sdk\Atlassian.Jira\Remote\JiraRestClient.cs:wiersz 119
   w Atlassian.Jira.Remote.JiraRestClient.GetIssueTypes(String token, String projectId) w c:\projects\atlassian-net-sdk\Atlassian.Jira\Remote\JiraRestClient.cs:wiersz 822
   w Atlassian.Jira.Jira.<>c__DisplayClass16.<GetIssueTypes>b__12(String token) w c:\projects\atlassian-net-sdk\Atlassian.Jira\Jira.cs:wiersz 414
   w Atlassian.Jira.Jira.<>c__DisplayClass3c.<WithToken>b__3b(String t) w c:\projects\atlassian-net-sdk\Atlassian.Jira\Jira.cs:wiersz 658
   w Atlassian.Jira.Jira.WithToken[TResult](Func`3 function) w c:\projects\atlassian-net-sdk\Atlassian.Jira\Jira.cs:wiersz 706
   w Atlassian.Jira.Jira.GetIssueTypes(String projectKey) w c:\projects\atlassian-net-sdk\Atlassian.Jira\Jira.cs:wiersz 419
   w Logic.Implementation.JiraIssues.GetJiraIssuesTypes() w C:\CP\ParserGit\JiraParser\Logic\Implementation\JiraIssues.cs:wiersz 68
   w GUI.MainForm.<timer2_Tick>b__104_0() w C:\CP\ParserGit\JiraParser\GUI\MainForm.cs:wiersz 2669

--- Main exception: Source ---
Atlassian.Jira

środa, 13 lutego 2019 12:29:44

--- Main exception: Message ---
Filter with name 'DoPobrania2liniaBill' was not found

--- Main exception: StackTrace ---
   w Atlassian.Jira.Jira.GetIssuesFromFilter(String filterName, Int32 start, Nullable`1 maxResults) w c:\projects\atlassian-net-sdk\Atlassian.Jira\Jira.cs:wiersz 291
   w Logic.Implementation.JiraIssues.GetIssuesFromFilterAsync(String filterName) w C:\CP\ParserGit\JiraParser\Logic\Implementation\JiraIssues.cs:wiersz 803
   w GUI.MainForm.<timer2_Tick>b__104_0() w C:\CP\ParserGit\JiraParser\GUI\MainForm.cs:wiersz 2686

--- Main exception: Source ---
Atlassian.Jira

środa, 13 lutego 2019 12:34:44

--- Main exception: Message ---
Filter with name 'DoPobrania2liniaBill' was not found

--- Main exception: StackTrace ---
   w Atlassian.Jira.Jira.GetIssuesFromFilter(String filterName, Int32 start, Nullable`1 maxResults) w c:\projects\atlassian-net-sdk\Atlassian.Jira\Jira.cs:wiersz 291
   w Logic.Implementation.JiraIssues.GetIssuesFromFilterAsync(String filterName) w C:\CP\ParserGit\JiraParser\Logic\Implementation\JiraIssues.cs:wiersz 803
   w GUI.MainForm.<timer2_Tick>b__104_0() w C:\CP\ParserGit\JiraParser\GUI\MainForm.cs:wiersz 2686

--- Main exception: Source ---
Atlassian.Jira

środa, 13 lutego 2019 12:39:44

--- Main exception: Message ---
Filter with name 'DoPobrania2liniaBill' was not found

--- Main exception: StackTrace ---
   w Atlassian.Jira.Jira.GetIssuesFromFilter(String filterName, Int32 start, Nullable`1 maxResults) w c:\projects\atlassian-net-sdk\Atlassian.Jira\Jira.cs:wiersz 291
   w Logic.Implementation.JiraIssues.GetIssuesFromFilterAsync(String filterName) w C:\CP\ParserGit\JiraParser\Logic\Implementation\JiraIssues.cs:wiersz 803
   w GUI.MainForm.<timer2_Tick>b__104_0() w C:\CP\ParserGit\JiraParser\GUI\MainForm.cs:wiersz 2686

--- Main exception: Source ---
Atlassian.Jira

środa, 13 lutego 2019 12:44:44

--- Main exception: Message ---
Filter with name 'DoPobrania2liniaBill' was not found

--- Main exception: StackTrace ---
   w Atlassian.Jira.Jira.GetIssuesFromFilter(String filterName, Int32 start, Nullable`1 maxResults) w c:\projects\atlassian-net-sdk\Atlassian.Jira\Jira.cs:wiersz 291
   w Logic.Implementation.JiraIssues.GetIssuesFromFilterAsync(String filterName) w C:\CP\ParserGit\JiraParser\Logic\Implementation\JiraIssues.cs:wiersz 803
   w GUI.MainForm.<timer2_Tick>b__104_0() w C:\CP\ParserGit\JiraParser\GUI\MainForm.cs:wiersz 2686

--- Main exception: Source ---
Atlassian.Jira

środa, 13 lutego 2019 12:49:44

--- Main exception: Message ---
Filter with name 'DoPobrania2liniaBill' was not found

--- Main exception: StackTrace ---
   w Atlassian.Jira.Jira.GetIssuesFromFilter(String filterName, Int32 start, Nullable`1 maxResults) w c:\projects\atlassian-net-sdk\Atlassian.Jira\Jira.cs:wiersz 291
   w Logic.Implementation.JiraIssues.GetIssuesFromFilterAsync(String filterName) w C:\CP\ParserGit\JiraParser\Logic\Implementation\JiraIssues.cs:wiersz 803
   w GUI.MainForm.<timer2_Tick>b__104_0() w C:\CP\ParserGit\JiraParser\GUI\MainForm.cs:wiersz 2686

--- Main exception: Source ---
Atlassian.Jira

środa, 13 lutego 2019 12:54:44

--- Main exception: Message ---
Nie jesteś zalogowany lub brak uprawnień

--- Main exception: StackTrace ---
   w Entities.ResultValue`1.GetResult() w C:\CP\ParserGit\JiraParser\Entities\ResultValue.cs:wiersz 52
   w DataLayer.Implementation.GatewayDaoWFS.ExecuteStoredProcedure(String procedureName, String[] parameters, DatabaseName database) w C:\CP\ParserGit\JiraParser\DataLayer\Implementation\GatewayDaoWFS.cs:wiersz 142

--- Main exception: Source ---
Entities

środa, 13 lutego 2019 12:54:45

--- Main exception: Message ---
Filter with name 'DoPobrania2liniaBill' was not found

--- Main exception: StackTrace ---
   w Atlassian.Jira.Jira.GetIssuesFromFilter(String filterName, Int32 start, Nullable`1 maxResults) w c:\projects\atlassian-net-sdk\Atlassian.Jira\Jira.cs:wiersz 291
   w Logic.Implementation.JiraIssues.GetIssuesFromFilterAsync(String filterName) w C:\CP\ParserGit\JiraParser\Logic\Implementation\JiraIssues.cs:wiersz 803
   w GUI.MainForm.<timer2_Tick>b__104_0() w C:\CP\ParserGit\JiraParser\GUI\MainForm.cs:wiersz 2686

--- Main exception: Source ---
Atlassian.Jira

środa, 13 lutego 2019 12:59:14

--- Main exception: Message ---
Nie jesteś zalogowany lub brak uprawnień

--- Main exception: StackTrace ---
   w Entities.ResultValue`1.GetResult() w C:\CP\ParserGit\JiraParser\Entities\ResultValue.cs:wiersz 52
   w DataLayer.Implementation.GatewayDaoWFS.ExecuteStoredProcedure(String procedureName, String[] parameters, DatabaseName database) w C:\CP\ParserGit\JiraParser\DataLayer\Implementation\GatewayDaoWFS.cs:wiersz 142

--- Main exception: Source ---
Entities

środa, 13 lutego 2019 12:59:16

--- Main exception: Message ---
Nie jesteś zalogowany lub brak uprawnień

--- Main exception: StackTrace ---
   w Entities.ResultValue`1.GetResult() w C:\CP\ParserGit\JiraParser\Entities\ResultValue.cs:wiersz 52
   w DataLayer.Implementation.GatewayDaoWFS.ExecuteStoredProcedure(String procedureName, String[] parameters, DatabaseName database) w C:\CP\ParserGit\JiraParser\DataLayer\Implementation\GatewayDaoWFS.cs:wiersz 142

--- Main exception: Source ---
Entities

środa, 13 lutego 2019 12:59:18

--- Main exception: Message ---
Nie jesteś zalogowany lub brak uprawnień

--- Main exception: StackTrace ---
   w Entities.ResultValue`1.GetResult() w C:\CP\ParserGit\JiraParser\Entities\ResultValue.cs:wiersz 52
   w DataLayer.Implementation.GatewayDaoWFS.ExecuteStoredProcedure(String procedureName, String[] parameters, DatabaseName database) w C:\CP\ParserGit\JiraParser\DataLayer\Implementation\GatewayDaoWFS.cs:wiersz 142

--- Main exception: Source ---
Entities

środa, 13 lutego 2019 13:02:11

--- Main exception: Message ---
Zmodyfikowano kolekcję. Nie można wykonać operacji wyliczania.

--- Main exception: StackTrace ---
   w System.ThrowHelper.ThrowInvalidOperationException(ExceptionResource resource)
   w System.Collections.Generic.List`1.Enumerator.MoveNextRare()
   w GUI.MainForm.addIssueToTreeNode(String issueNumber, List`1 issue, String treeViewName) w C:\CP\ParserGit\JiraParser\GUI\MainForm.cs:wiersz 6142
   w GUI.MainForm.slaAutoAssigneTakenIssue(Object sender, DoWorkEventArgs e) w C:\CP\ParserGit\JiraParser\GUI\SlaService.cs:wiersz 592

--- Main exception: Source ---
mscorlib

środa, 13 lutego 2019 13:02:14

--- Main exception: Message ---
Zmodyfikowano kolekcję. Nie można wykonać operacji wyliczania.

--- Main exception: StackTrace ---
   w System.ThrowHelper.ThrowInvalidOperationException(ExceptionResource resource)
   w System.Collections.Generic.List`1.Enumerator.MoveNextRare()
   w GUI.MainForm.addIssueToTreeNode(String issueNumber, List`1 issue, String treeViewName) w C:\CP\ParserGit\JiraParser\GUI\MainForm.cs:wiersz 6142
   w GUI.MainForm.slaAutoAssigneTakenIssue(Object sender, DoWorkEventArgs e) w C:\CP\ParserGit\JiraParser\GUI\SlaService.cs:wiersz 592

--- Main exception: Source ---
mscorlib

środa, 13 lutego 2019 13:02:20

--- Main exception: Message ---
Zmodyfikowano kolekcję. Nie można wykonać operacji wyliczania.

--- Main exception: StackTrace ---
   w System.ThrowHelper.ThrowInvalidOperationException(ExceptionResource resource)
   w System.Collections.Generic.Dictionary`2.Enumerator.MoveNext()
   w System.Linq.Enumerable.Any[TSource](IEnumerable`1 source, Func`2 predicate)
   w GUI.MainForm.addIssueToTreeNode(String issueNumber, List`1 issue, String treeViewName) w C:\CP\ParserGit\JiraParser\GUI\MainForm.cs:wiersz 6175
   w GUI.MainForm.slaAutoAssigneTakenIssue(Object sender, DoWorkEventArgs e) w C:\CP\ParserGit\JiraParser\GUI\SlaService.cs:wiersz 592

--- Main exception: Source ---
mscorlib

środa, 13 lutego 2019 13:02:20

--- Main exception: Message ---
Zmodyfikowano kolekcję. Nie można wykonać operacji wyliczania.

--- Main exception: StackTrace ---
   w System.ThrowHelper.ThrowInvalidOperationException(ExceptionResource resource)
   w System.Collections.Generic.Dictionary`2.Enumerator.MoveNext()
   w System.Linq.Enumerable.Any[TSource](IEnumerable`1 source, Func`2 predicate)
   w GUI.MainForm.addIssueToTreeNode(String issueNumber, List`1 issue, String treeViewName) w C:\CP\ParserGit\JiraParser\GUI\MainForm.cs:wiersz 6175
   w GUI.MainForm.slaAutoAssigneTakenIssue(Object sender, DoWorkEventArgs e) w C:\CP\ParserGit\JiraParser\GUI\SlaService.cs:wiersz 592

--- Main exception: Source ---
mscorlib

środa, 13 lutego 2019 13:07:59

--- Main exception: Message ---
Zmodyfikowano kolekcję. Nie można wykonać operacji wyliczania.

--- Main exception: StackTrace ---
   w System.ThrowHelper.ThrowInvalidOperationException(ExceptionResource resource)
   w System.Collections.Generic.List`1.Enumerator.MoveNextRare()
   w GUI.MainForm.addIssueToTreeNode(String issueNumber, List`1 issue, String treeViewName) w C:\CP\ParserGit\JiraParser\GUI\MainForm.cs:wiersz 6142
   w GUI.MainForm.slaAutoAssigneTakenIssue(Object sender, DoWorkEventArgs e) w C:\CP\ParserGit\JiraParser\GUI\SlaService.cs:wiersz 592

--- Main exception: Source ---
mscorlib

środa, 13 lutego 2019 13:19:52

Zgłoszenie CRM-75246 dodano automatycznie o godzinie 2019-02-13 13:19:52!
środa, 13 lutego 2019 13:19:55

addCommentJira string jiraKey CRM-75246środa, 13 lutego 2019 13:19:55

addCommentJira object sender, DoWorkEventArgs e CRM-75246środa, 13 lutego 2019 13:25:55

Zgłoszenie ZCC-18087 dodano automatycznie o godzinie 2019-02-13 13:25:55!
środa, 13 lutego 2019 13:25:58

addCommentJira string jiraKey ZCC-18087środa, 13 lutego 2019 13:25:58

addCommentJira object sender, DoWorkEventArgs e ZCC-18087środa, 13 lutego 2019 14:13:53

Zgłoszenie CRM-75247 dodano automatycznie o godzinie 2019-02-13 14:13:53!
środa, 13 lutego 2019 14:13:57

addCommentJira string jiraKey CRM-75247środa, 13 lutego 2019 14:13:57

addCommentJira object sender, DoWorkEventArgs e CRM-75247środa, 13 lutego 2019 14:13:59

Zgłoszenie ZCC-18089 dodano automatycznie o godzinie 2019-02-13 14:13:59!
środa, 13 lutego 2019 14:14:01

addCommentJira string jiraKey ZCC-18089środa, 13 lutego 2019 14:14:01

addCommentJira object sender, DoWorkEventArgs e ZCC-18089środa, 13 lutego 2019 14:19:57

--- Main exception: Message ---
Zmodyfikowano kolekcję. Nie można wykonać operacji wyliczania.

--- Main exception: StackTrace ---
   w System.ThrowHelper.ThrowInvalidOperationException(ExceptionResource resource)
   w System.Collections.Generic.List`1.Enumerator.MoveNextRare()
   w GUI.MainForm.addIssueToTreeNode(String issueNumber, List`1 issue, String treeViewName) w C:\CP\ParserGit\JiraParser\GUI\MainForm.cs:wiersz 6142
   w GUI.MainForm.slaAutoAssigneTakenIssue(Object sender, DoWorkEventArgs e) w C:\CP\ParserGit\JiraParser\GUI\SlaService.cs:wiersz 592

--- Main exception: Source ---
mscorlib

środa, 13 lutego 2019 14:37:57

Zgłoszenie ZCC-18090 dodano automatycznie o godzinie 2019-02-13 14:37:57!
środa, 13 lutego 2019 14:38:01

addCommentJira string jiraKey ZCC-18090środa, 13 lutego 2019 14:38:01

addCommentJira object sender, DoWorkEventArgs e ZCC-18090środa, 13 lutego 2019 15:14:06

Zgłoszenie CRM-75252 dodano automatycznie o godzinie 2019-02-13 15:14:06!
środa, 13 lutego 2019 15:14:09

addCommentJira string jiraKey CRM-75252środa, 13 lutego 2019 15:14:09

addCommentJira object sender, DoWorkEventArgs e CRM-75252środa, 13 lutego 2019 15:14:26

--- Main exception: Message ---
Zmodyfikowano kolekcję. Nie można wykonać operacji wyliczania.

--- Main exception: StackTrace ---
   w System.ThrowHelper.ThrowInvalidOperationException(ExceptionResource resource)
   w System.Collections.Generic.List`1.Enumerator.MoveNextRare()
   w GUI.MainForm.addIssueToTreeNode(String issueNumber, List`1 issue, String treeViewName) w C:\CP\ParserGit\JiraParser\GUI\MainForm.cs:wiersz 6142
   w GUI.MainForm.slaAutoAssigneTakenIssue(Object sender, RunWorkerCompletedEventArgs e) w C:\CP\ParserGit\JiraParser\GUI\SlaService.cs:wiersz 690

--- Main exception: Source ---
mscorlib

środa, 13 lutego 2019 15:14:30

Zgłoszenie CRM-75253 dodano automatycznie o godzinie 2019-02-13 15:14:30!
środa, 13 lutego 2019 15:14:33

addCommentJira string jiraKey CRM-75253środa, 13 lutego 2019 15:14:33

addCommentJira object sender, DoWorkEventArgs e CRM-75253środa, 13 lutego 2019 15:14:37

Zgłoszenie CRM-75254 dodano automatycznie o godzinie 2019-02-13 15:14:37!
środa, 13 lutego 2019 15:14:39

addCommentJira string jiraKey CRM-75254środa, 13 lutego 2019 15:14:39

addCommentJira object sender, DoWorkEventArgs e CRM-75254środa, 13 lutego 2019 15:17:56

--- Main exception: Message ---
Zmodyfikowano kolekcję. Nie można wykonać operacji wyliczania.

--- Main exception: StackTrace ---
   w System.ThrowHelper.ThrowInvalidOperationException(ExceptionResource resource)
   w System.Collections.Generic.List`1.Enumerator.MoveNextRare()
   w GUI.MainForm.addIssueToTreeNode(String issueNumber, List`1 issue, String treeViewName) w C:\CP\ParserGit\JiraParser\GUI\MainForm.cs:wiersz 6142
   w GUI.MainForm.slaAutoAssigneTakenIssue(Object sender, DoWorkEventArgs e) w C:\CP\ParserGit\JiraParser\GUI\SlaService.cs:wiersz 592

--- Main exception: Source ---
mscorlib

środa, 13 lutego 2019 15:18:53

Zgłoszenie ZCC-18091 dodano automatycznie o godzinie 2019-02-13 15:18:53!
środa, 13 lutego 2019 15:18:56

addCommentJira string jiraKey ZCC-18091środa, 13 lutego 2019 15:18:56

addCommentJira object sender, DoWorkEventArgs e ZCC-18091środa, 13 lutego 2019 15:19:03

--- Main exception: Message ---
Zmodyfikowano kolekcję. Nie można wykonać operacji wyliczania.

--- Main exception: StackTrace ---
   w System.ThrowHelper.ThrowInvalidOperationException(ExceptionResource resource)
   w System.Collections.Generic.List`1.Enumerator.MoveNextRare()
   w GUI.MainForm.addIssueToTreeNode(String issueNumber, List`1 issue, String treeViewName) w C:\CP\ParserGit\JiraParser\GUI\MainForm.cs:wiersz 6142
   w GUI.MainForm.slaAutoAssigneTakenIssue(Object sender, DoWorkEventArgs e) w C:\CP\ParserGit\JiraParser\GUI\SlaService.cs:wiersz 592

--- Main exception: Source ---
mscorlib

środa, 13 lutego 2019 15:24:11

--- Main exception: Message ---
Zmodyfikowano kolekcję. Nie można wykonać operacji wyliczania.

--- Main exception: StackTrace ---
   w System.ThrowHelper.ThrowInvalidOperationException(ExceptionResource resource)
   w System.Collections.Generic.List`1.Enumerator.MoveNextRare()
   w GUI.MainForm.addIssueToTreeNode(String issueNumber, List`1 issue, String treeViewName) w C:\CP\ParserGit\JiraParser\GUI\MainForm.cs:wiersz 6142
   w GUI.MainForm.slaAutoAssigneTakenIssue(Object sender, DoWorkEventArgs e) w C:\CP\ParserGit\JiraParser\GUI\SlaService.cs:wiersz 592

--- Main exception: Source ---
mscorlib

środa, 13 lutego 2019 15:24:13

--- Main exception: Message ---
Zmodyfikowano kolekcję. Nie można wykonać operacji wyliczania.

--- Main exception: StackTrace ---
   w System.ThrowHelper.ThrowInvalidOperationException(ExceptionResource resource)
   w System.Collections.Generic.List`1.Enumerator.MoveNextRare()
   w GUI.MainForm.addIssueToTreeNode(String issueNumber, List`1 issue, String treeViewName) w C:\CP\ParserGit\JiraParser\GUI\MainForm.cs:wiersz 6142
   w GUI.MainForm.slaAutoAssigneTakenIssue(Object sender, RunWorkerCompletedEventArgs e) w C:\CP\ParserGit\JiraParser\GUI\SlaService.cs:wiersz 690

--- Main exception: Source ---
mscorlib

środa, 13 lutego 2019 15:29:59

--- Main exception: Message ---
Zmodyfikowano kolekcję. Nie można wykonać operacji wyliczania.

--- Main exception: StackTrace ---
   w System.ThrowHelper.ThrowInvalidOperationException(ExceptionResource resource)
   w System.Collections.Generic.List`1.Enumerator.MoveNextRare()
   w GUI.MainForm.addIssueToTreeNode(String issueNumber, List`1 issue, String treeViewName) w C:\CP\ParserGit\JiraParser\GUI\MainForm.cs:wiersz 6142
   w GUI.MainForm.slaAutoAssigneTakenIssue(Object sender, DoWorkEventArgs e) w C:\CP\ParserGit\JiraParser\GUI\SlaService.cs:wiersz 592

--- Main exception: Source ---
mscorlib

środa, 13 lutego 2019 15:35:59

--- Main exception: Message ---
Zmodyfikowano kolekcję. Nie można wykonać operacji wyliczania.

--- Main exception: StackTrace ---
   w System.ThrowHelper.ThrowInvalidOperationException(ExceptionResource resource)
   w System.Collections.Generic.List`1.Enumerator.MoveNextRare()
   w GUI.MainForm.addIssueToTreeNode(String issueNumber, List`1 issue, String treeViewName) w C:\CP\ParserGit\JiraParser\GUI\MainForm.cs:wiersz 6142
   w GUI.MainForm.slaAutoAssigneTakenIssue(Object sender, DoWorkEventArgs e) w C:\CP\ParserGit\JiraParser\GUI\SlaService.cs:wiersz 592

--- Main exception: Source ---
mscorlib

środa, 13 lutego 2019 15:35:59

--- Main exception: Message ---
Zmodyfikowano kolekcję. Nie można wykonać operacji wyliczania.

--- Main exception: StackTrace ---
   w System.ThrowHelper.ThrowInvalidOperationException(ExceptionResource resource)
   w System.Collections.Generic.List`1.Enumerator.MoveNextRare()
   w GUI.MainForm.addIssueToTreeNode(String issueNumber, List`1 issue, String treeViewName) w C:\CP\ParserGit\JiraParser\GUI\MainForm.cs:wiersz 6142
   w GUI.MainForm.slaAutoAssigneTakenIssue(Object sender, RunWorkerCompletedEventArgs e) w C:\CP\ParserGit\JiraParser\GUI\SlaService.cs:wiersz 690

--- Main exception: Source ---
mscorlib

środa, 13 lutego 2019 15:41:57

--- Main exception: Message ---
Zmodyfikowano kolekcję. Nie można wykonać operacji wyliczania.

--- Main exception: StackTrace ---
   w System.ThrowHelper.ThrowInvalidOperationException(ExceptionResource resource)
   w System.Collections.Generic.List`1.Enumerator.MoveNextRare()
   w GUI.MainForm.addIssueToTreeNode(String issueNumber, List`1 issue, String treeViewName) w C:\CP\ParserGit\JiraParser\GUI\MainForm.cs:wiersz 6142
   w GUI.MainForm.slaAutoAssigneTakenIssue(Object sender, DoWorkEventArgs e) w C:\CP\ParserGit\JiraParser\GUI\SlaService.cs:wiersz 592

--- Main exception: Source ---
mscorlib

środa, 13 lutego 2019 15:48:00

--- Main exception: Message ---
Zmodyfikowano kolekcję. Nie można wykonać operacji wyliczania.

--- Main exception: StackTrace ---
   w System.ThrowHelper.ThrowInvalidOperationException(ExceptionResource resource)
   w System.Collections.Generic.List`1.Enumerator.MoveNextRare()
   w GUI.MainForm.addIssueToTreeNode(String issueNumber, List`1 issue, String treeViewName) w C:\CP\ParserGit\JiraParser\GUI\MainForm.cs:wiersz 6142
   w GUI.MainForm.slaAutoAssigneTakenIssue(Object sender, DoWorkEventArgs e) w C:\CP\ParserGit\JiraParser\GUI\SlaService.cs:wiersz 592

--- Main exception: Source ---
mscorlib

środa, 13 lutego 2019 15:48:01

--- Main exception: Message ---
Zmodyfikowano kolekcję. Nie można wykonać operacji wyliczania.

--- Main exception: StackTrace ---
   w System.ThrowHelper.ThrowInvalidOperationException(ExceptionResource resource)
   w System.Collections.Generic.List`1.Enumerator.MoveNextRare()
   w GUI.MainForm.addIssueToTreeNode(String issueNumber, List`1 issue, String treeViewName) w C:\CP\ParserGit\JiraParser\GUI\MainForm.cs:wiersz 6142
   w GUI.MainForm.slaAutoAssigneTakenIssue(Object sender, RunWorkerCompletedEventArgs e) w C:\CP\ParserGit\JiraParser\GUI\SlaService.cs:wiersz 690

--- Main exception: Source ---
mscorlib

środa, 13 lutego 2019 15:54:01

--- Main exception: Message ---
Zmodyfikowano kolekcję. Nie można wykonać operacji wyliczania.

--- Main exception: StackTrace ---
   w System.ThrowHelper.ThrowInvalidOperationException(ExceptionResource resource)
   w System.Collections.Generic.List`1.Enumerator.MoveNextRare()
   w GUI.MainForm.addIssueToTreeNode(String issueNumber, List`1 issue, String treeViewName) w C:\CP\ParserGit\JiraParser\GUI\MainForm.cs:wiersz 6142
   w GUI.MainForm.slaAutoAssigneTakenIssue(Object sender, DoWorkEventArgs e) w C:\CP\ParserGit\JiraParser\GUI\SlaService.cs:wiersz 592

--- Main exception: Source ---
mscorlib

środa, 13 lutego 2019 15:54:03

--- Main exception: Message ---
Zmodyfikowano kolekcję. Nie można wykonać operacji wyliczania.

--- Main exception: StackTrace ---
   w System.ThrowHelper.ThrowInvalidOperationException(ExceptionResource resource)
   w System.Collections.Generic.List`1.Enumerator.MoveNextRare()
   w GUI.MainForm.addIssueToTreeNode(String issueNumber, List`1 issue, String treeViewName) w C:\CP\ParserGit\JiraParser\GUI\MainForm.cs:wiersz 6142
   w GUI.MainForm.slaAutoAssigneTakenIssue(Object sender, RunWorkerCompletedEventArgs e) w C:\CP\ParserGit\JiraParser\GUI\SlaService.cs:wiersz 690

--- Main exception: Source ---
mscorlib

środa, 13 lutego 2019 15:59:54

--- Main exception: Message ---
Zmodyfikowano kolekcję. Nie można wykonać operacji wyliczania.

--- Main exception: StackTrace ---
   w System.ThrowHelper.ThrowInvalidOperationException(ExceptionResource resource)
   w System.Collections.Generic.List`1.Enumerator.MoveNextRare()
   w GUI.MainForm.addIssueToTreeNode(String issueNumber, List`1 issue, String treeViewName) w C:\CP\ParserGit\JiraParser\GUI\MainForm.cs:wiersz 6142
   w GUI.MainForm.slaAutoAssigneTakenIssue(Object sender, RunWorkerCompletedEventArgs e) w C:\CP\ParserGit\JiraParser\GUI\SlaService.cs:wiersz 690

--- Main exception: Source ---
mscorlib

środa, 13 lutego 2019 16:11:49

Zgłoszenie ZCC-18092 dodano automatycznie o godzinie 2019-02-13 16:11:49!
środa, 13 lutego 2019 16:11:52

addCommentJira string jiraKey ZCC-18092środa, 13 lutego 2019 16:11:52

addCommentJira object sender, DoWorkEventArgs e ZCC-18092środa, 13 lutego 2019 16:17:49

Zgłoszenie ZCC-18093 dodano automatycznie o godzinie 2019-02-13 16:17:49!
środa, 13 lutego 2019 16:17:52

addCommentJira string jiraKey ZCC-18093środa, 13 lutego 2019 16:17:52

addCommentJira object sender, DoWorkEventArgs e ZCC-18093środa, 13 lutego 2019 16:23:58

--- Main exception: Message ---
Zmodyfikowano kolekcję. Nie można wykonać operacji wyliczania.

--- Main exception: StackTrace ---
   w System.ThrowHelper.ThrowInvalidOperationException(ExceptionResource resource)
   w System.Collections.Generic.List`1.Enumerator.MoveNextRare()
   w GUI.MainForm.addIssueToTreeNode(String issueNumber, List`1 issue, String treeViewName) w C:\CP\ParserGit\JiraParser\GUI\MainForm.cs:wiersz 6142
   w GUI.MainForm.slaAutoAssigneTakenIssue(Object sender, DoWorkEventArgs e) w C:\CP\ParserGit\JiraParser\GUI\SlaService.cs:wiersz 592

--- Main exception: Source ---
mscorlib

środa, 13 lutego 2019 16:29:54

--- Main exception: Message ---
Zmodyfikowano kolekcję. Nie można wykonać operacji wyliczania.

--- Main exception: StackTrace ---
   w System.ThrowHelper.ThrowInvalidOperationException(ExceptionResource resource)
   w System.Collections.Generic.List`1.Enumerator.MoveNextRare()
   w GUI.MainForm.addIssueToTreeNode(String issueNumber, List`1 issue, String treeViewName) w C:\CP\ParserGit\JiraParser\GUI\MainForm.cs:wiersz 6142
   w GUI.MainForm.slaAutoAssigneTakenIssue(Object sender, DoWorkEventArgs e) w C:\CP\ParserGit\JiraParser\GUI\SlaService.cs:wiersz 592

--- Main exception: Source ---
mscorlib

środa, 13 lutego 2019 16:35:49

--- Main exception: Message ---
Zmodyfikowano kolekcję. Nie można wykonać operacji wyliczania.

--- Main exception: StackTrace ---
   w System.ThrowHelper.ThrowInvalidOperationException(ExceptionResource resource)
   w System.Collections.Generic.List`1.Enumerator.MoveNextRare()
   w GUI.MainForm.addIssueToTreeNode(String issueNumber, List`1 issue, String treeViewName) w C:\CP\ParserGit\JiraParser\GUI\MainForm.cs:wiersz 6142
   w GUI.MainForm.slaAutoAssigneTakenIssue(Object sender, DoWorkEventArgs e) w C:\CP\ParserGit\JiraParser\GUI\SlaService.cs:wiersz 592

--- Main exception: Source ---
mscorlib

