piątek, 5 kwietnia 2019 11:20:10

Zgłoszenie WIND-8228 dodano automatycznie o godzinie 2019-04-05 11:20:10!
piątek, 5 kwietnia 2019 11:20:11

Modyfikacja treeItem checkAsAssignepiątek, 5 kwietnia 2019 11:20:18

addCommentJira string jiraKey WIND-8228piątek, 5 kwietnia 2019 11:20:18

addCommentJira object sender, DoWorkEventArgs e WIND-8228piątek, 5 kwietnia 2019 11:20:18

--- Main exception: Message ---
Nie można odnaleźć kolumny o nazwie dgvAkcjaBPM.
Nazwa parametru: columnName

--- Main exception: StackTrace ---
   w System.Windows.Forms.DataGridViewCellCollection.get_Item(String columnName)
   w GUI.MainForm.slaAutoStep(DataGridViewRow tmpRow, String issueNumber) w C:\CP\ParserGit\JiraParser\GUI\SlaService.cs:wiersz 605

--- Main exception: Source ---
System.Windows.Forms

piątek, 5 kwietnia 2019 11:20:18

--- Main exception: Message ---
Nie można odnaleźć kolumny o nazwie dgvAkcjaBPM.
Nazwa parametru: columnName

--- Main exception: StackTrace ---
   w System.Windows.Forms.DataGridViewCellCollection.get_Item(String columnName)
   w GUI.MainForm.slaAutoStep(DataGridViewRow tmpRow, String issueNumber) w C:\CP\ParserGit\JiraParser\GUI\SlaService.cs:wiersz 605

--- Main exception: Source ---
System.Windows.Forms

piątek, 5 kwietnia 2019 11:44:08

--- Main exception: Message ---
Błędne Hasło JIRA dla użytkownika prekawek

--- Main exception: StackTrace ---


--- Main exception: Source ---


piątek, 5 kwietnia 2019 11:56:08

Zgłoszenie CRM-75666 dodano automatycznie o godzinie 2019-04-05 11:56:08!
piątek, 5 kwietnia 2019 11:56:08

Modyfikacja treeItem checkAsAssignepiątek, 5 kwietnia 2019 11:56:15

addCommentJira string jiraKey CRM-75666piątek, 5 kwietnia 2019 11:56:15

addCommentJira object sender, DoWorkEventArgs e CRM-75666piątek, 5 kwietnia 2019 12:26:08

Zgłoszenie INFOLINIA-6639 dodano automatycznie o godzinie 2019-04-05 12:26:08!
piątek, 5 kwietnia 2019 12:26:08

Modyfikacja treeItem checkAsAssignepiątek, 5 kwietnia 2019 12:26:14

addCommentJira string jiraKey INFOLINIA-6639piątek, 5 kwietnia 2019 12:26:14

addCommentJira object sender, DoWorkEventArgs e INFOLINIA-6639piątek, 5 kwietnia 2019 12:56:08

Zgłoszenie ZCC-18506 dodano automatycznie o godzinie 2019-04-05 12:56:08!
piątek, 5 kwietnia 2019 12:56:08

Modyfikacja treeItem checkAsAssignepiątek, 5 kwietnia 2019 12:56:11

addCommentJira string jiraKey ZCC-18506piątek, 5 kwietnia 2019 12:56:11

addCommentJira object sender, DoWorkEventArgs e ZCC-18506piątek, 5 kwietnia 2019 13:08:20

--- Main exception: Message ---
Nie można połączyć się z serwerem zdalnym

--- Main exception: StackTrace ---
   w Atlassian.Jira.Remote.JiraRestClient.ExecuteRequest[T](Method method, String resource, Object requestBody) w c:\projects\atlassian-net-sdk\Atlassian.Jira\Remote\JiraRestClient.cs:wiersz 119
   w Atlassian.Jira.Remote.JiraRestClient.GetStatuses(String token) w c:\projects\atlassian-net-sdk\Atlassian.Jira\Remote\JiraRestClient.cs:wiersz 853
   w Atlassian.Jira.Jira.<GetIssueStatuses>b__28(String token) w c:\projects\atlassian-net-sdk\Atlassian.Jira\Jira.cs:wiersz 526
   w Atlassian.Jira.Jira.<>c__DisplayClass3c.<WithToken>b__3b(String t) w c:\projects\atlassian-net-sdk\Atlassian.Jira\Jira.cs:wiersz 658
   w Atlassian.Jira.Jira.WithToken[TResult](Func`3 function) w c:\projects\atlassian-net-sdk\Atlassian.Jira\Jira.cs:wiersz 706
   w Atlassian.Jira.Jira.GetIssueStatuses() w c:\projects\atlassian-net-sdk\Atlassian.Jira\Jira.cs:wiersz 530
   w Atlassian.Jira.JiraNamedEntity.get_Name() w c:\projects\atlassian-net-sdk\Atlassian.Jira\JiraNamedEntity.cs:wiersz 0
   w Logic.Implementation.JiraIssues.ChangeDataModel(IEnumerable`1 issues, List`1& newModel, List`1& jiraUsers) w C:\CP\ParserGit\JiraParser\Logic\Implementation\JiraIssues.cs:wiersz 267
   w GUI.MainForm.GetAllIssuesFromJira(Object sener, EventArgs e) w C:\CP\ParserGit\JiraParser\GUI\MainForm.cs:wiersz 4770

--- Main exception: Source ---
Atlassian.Jira

piątek, 5 kwietnia 2019 13:13:47

--- Main exception: Message ---
Nie można rozpoznać nazwy zdalnej: 'jira'

--- Main exception: StackTrace ---
   w Atlassian.Jira.Remote.JiraRestClient.ExecuteRequest[T](Method method, String resource, Object requestBody) w c:\projects\atlassian-net-sdk\Atlassian.Jira\Remote\JiraRestClient.cs:wiersz 119
   w Atlassian.Jira.Remote.JiraRestClient.GetPriorities(String token) w c:\projects\atlassian-net-sdk\Atlassian.Jira\Remote\JiraRestClient.cs:wiersz 785
   w Atlassian.Jira.Jira.<GetIssuePriorities>b__24(String token) w c:\projects\atlassian-net-sdk\Atlassian.Jira\Jira.cs:wiersz 478
   w Atlassian.Jira.Jira.<>c__DisplayClass3c.<WithToken>b__3b(String t) w c:\projects\atlassian-net-sdk\Atlassian.Jira\Jira.cs:wiersz 658
   w Atlassian.Jira.Jira.WithToken[TResult](Func`3 function) w c:\projects\atlassian-net-sdk\Atlassian.Jira\Jira.cs:wiersz 706
   w Atlassian.Jira.Jira.GetIssuePriorities() w c:\projects\atlassian-net-sdk\Atlassian.Jira\Jira.cs:wiersz 482
   w GUI.MainForm.LoginJira() w C:\CP\ParserGit\JiraParser\GUI\MainForm.cs:wiersz 4475

--- Main exception: Source ---
Atlassian.Jira

piątek, 5 kwietnia 2019 13:32:16

Zgłoszenie ZCC-18507 dodano automatycznie o godzinie 2019-04-05 13:32:16!
piątek, 5 kwietnia 2019 13:32:16

Modyfikacja treeItem checkAsAssignepiątek, 5 kwietnia 2019 13:32:22

addCommentJira string jiraKey ZCC-18507piątek, 5 kwietnia 2019 13:32:22

addCommentJira object sender, DoWorkEventArgs e ZCC-18507piątek, 5 kwietnia 2019 13:32:29

Zgłoszenie KKK-4165 dodano automatycznie o godzinie 2019-04-05 13:32:29!
piątek, 5 kwietnia 2019 13:32:29

Modyfikacja treeItem checkAsAssignepiątek, 5 kwietnia 2019 13:32:32

addCommentJira string jiraKey KKK-4165piątek, 5 kwietnia 2019 13:32:32

addCommentJira object sender, DoWorkEventArgs e KKK-4165piątek, 5 kwietnia 2019 13:56:16

--- Main exception: Message ---
Nie można rozpoznać nazwy zdalnej: 'jira'

--- Main exception: StackTrace ---
   w Atlassian.Jira.Remote.JiraRestClient.ExecuteRequest[T](Method method, String resource, Object requestBody) w c:\projects\atlassian-net-sdk\Atlassian.Jira\Remote\JiraRestClient.cs:wiersz 119
   w Atlassian.Jira.Remote.JiraRestClient.GetPriorities(String token) w c:\projects\atlassian-net-sdk\Atlassian.Jira\Remote\JiraRestClient.cs:wiersz 785
   w Atlassian.Jira.Jira.<GetIssuePriorities>b__24(String token) w c:\projects\atlassian-net-sdk\Atlassian.Jira\Jira.cs:wiersz 478
   w Atlassian.Jira.Jira.<>c__DisplayClass3c.<WithToken>b__3b(String t) w c:\projects\atlassian-net-sdk\Atlassian.Jira\Jira.cs:wiersz 658
   w Atlassian.Jira.Jira.WithToken[TResult](Func`3 function) w c:\projects\atlassian-net-sdk\Atlassian.Jira\Jira.cs:wiersz 706
   w Atlassian.Jira.Jira.GetIssuePriorities() w c:\projects\atlassian-net-sdk\Atlassian.Jira\Jira.cs:wiersz 482
   w GUI.MainForm.LoginJira() w C:\CP\ParserGit\JiraParser\GUI\MainForm.cs:wiersz 4475

--- Main exception: Source ---
Atlassian.Jira

piątek, 5 kwietnia 2019 13:56:21

--- Main exception: Message ---
Nie można rozpoznać nazwy zdalnej: 'jira'

--- Main exception: StackTrace ---
   w Atlassian.Jira.Remote.JiraRestClient.ExecuteRequest[T](Method method, String resource, Object requestBody) w c:\projects\atlassian-net-sdk\Atlassian.Jira\Remote\JiraRestClient.cs:wiersz 119
   w Atlassian.Jira.Remote.JiraRestClient.GetIssueTypes(String token, String projectId) w c:\projects\atlassian-net-sdk\Atlassian.Jira\Remote\JiraRestClient.cs:wiersz 822
   w Atlassian.Jira.Jira.<>c__DisplayClass16.<GetIssueTypes>b__12(String token) w c:\projects\atlassian-net-sdk\Atlassian.Jira\Jira.cs:wiersz 414
   w Atlassian.Jira.Jira.<>c__DisplayClass3c.<WithToken>b__3b(String t) w c:\projects\atlassian-net-sdk\Atlassian.Jira\Jira.cs:wiersz 658
   w Atlassian.Jira.Jira.WithToken[TResult](Func`3 function) w c:\projects\atlassian-net-sdk\Atlassian.Jira\Jira.cs:wiersz 706
   w Atlassian.Jira.Jira.GetIssueTypes(String projectKey) w c:\projects\atlassian-net-sdk\Atlassian.Jira\Jira.cs:wiersz 419
   w Logic.Implementation.JiraIssues.GetJiraIssuesTypes() w C:\CP\ParserGit\JiraParser\Logic\Implementation\JiraIssues.cs:wiersz 68
   w GUI.MainForm.<timer2_Tick>b__105_0() w C:\CP\ParserGit\JiraParser\GUI\MainForm.cs:wiersz 2725

--- Main exception: Source ---
Atlassian.Jira

piątek, 5 kwietnia 2019 14:08:37

Zgłoszenie ZCC-18509 dodano automatycznie o godzinie 2019-04-05 14:08:37!
piątek, 5 kwietnia 2019 14:08:38

Modyfikacja treeItem checkAsAssignepiątek, 5 kwietnia 2019 14:08:44

addCommentJira string jiraKey ZCC-18509piątek, 5 kwietnia 2019 14:08:44

addCommentJira object sender, DoWorkEventArgs e ZCC-18509