poniedziałek, 19 sierpnia 2019 08:29:06

--- Main exception: Message ---
Response Content: <html>

<head>
    <title>Unauthorized (401)</title>
    



<!--[if IE]><![endif]-->
<script type="text/javascript">
    (function() {
        var contextPath = '';
        var eventBuffer = [];

        function printDeprecatedMsg() {
            if (console && console.warn) {
                console.warn('DEPRECATED JS - contextPath global variable has been deprecated since 7.4.0. Use `wrm/context-path` module instead.');
            }
        }

        function sendEvent(analytics, postfix) {
            analytics.send({
                name: 'js.globals.contextPath.' + postfix
            });
        }

        function sendDeprecatedEvent(postfix) {
            try {
                var analytics = require('jira/analytics');
                if (eventBuffer.length) {
                    eventBuffer.forEach(function(value) {
                        sendEvent(analytics, value);
                    });
                    eventBuffer = [];
                }

                if (postfix) {
                    sendEvent(analytics, postfix);
                }
            } catch(ex) {
                eventBuffer.push(postfix);
                setTimeout(sendDeprecatedEvent, 1000);
            }
        }

        Object.defineProperty(window, 'contextPath', {
            get: function() {
                printDeprecatedMsg();
                sendDeprecatedEvent('get');
                return contextPath;
            },
            set: function(value) {
                printDeprecatedMsg();
                sendDeprecatedEvent('set');
                contextPath = value;
            }
        });
    })();

</script>
<script>
window.WRM=window.WRM||{};window.WRM._unparsedData=window.WRM._unparsedData||{};window.WRM._unparsedErrors=window.WRM._unparsedErrors||{};
WRM._unparsedData["com.atlassian.plugins.atlassian-plugins-webresource-plugin:context-path.context-path"]="\"\"";
WRM._unparsedData["jira.webresources:feature-flags.feature-flag-data"]="{\"enabled-feature-keys\":[\"com.atlassian.jira.agile.darkfeature.editable.detailsview\",\"nps.survey.inline.dialog\",\"com.atlassian.jira.agile.darkfeature.edit.closed.sprint.enabled\",\"jira.plugin.devstatus.phasetwo\",\"jira.frother.reporter.field\",\"atlassian.rest.xsrf.legacy.enabled\",\"jira.issue.status.lozenge\",\"com.atlassian.jira.config.BIG_PIPE\",\"com.atlassian.jira.config.PDL\",\"jira.plugin.devstatus.phasetwo.enabled\",\"atlassian.aui.raphael.disabled\",\"app-switcher.new\",\"frother.assignee.field\",\"com.atlassian.jira.projects.ProjectCentricNavigation.Switch\",\"jira.onboarding.cyoa\",\"com.atlassian.jira.agile.darkfeature.kanplan.enabled\",\"com.atlassian.jira.config.ProjectConfig.MENU\",\"com.atlassian.jira.projects.sidebar.DEFER_RESOURCES\",\"com.atlassian.jira.agile.darkfeature.kanplan.epics.and.versions.enabled\",\"com.atlassian.jira.agile.darkfeature.sprint.goal.enabled\",\"jira.zdu.admin-updates-ui\",\"jira.zdu.jmx-monitoring\",\"sd.new.settings.sidebar.location.disabled\",\"jira.zdu.cluster-upgrade-state\",\"com.atlassian.jira.agile.darkfeature.splitissue\",\"com.atlassian.jira.config.CoreFeatures.LICENSE_ROLES_ENABLED\",\"com.atlassian.feedback.feedback-button-move-to-header-enable\",\"jira.export.csv.enabled\"],\"feature-flag-states\":{\"com.atlassian.jira.agile.darkfeature.kanplan\":false,\"jira.priorities.per.project.jsd\":true,\"jira.instrumentation.laas\":false,\"com.atlassian.jira.agile.darkfeature.edit.closed.sprint\":false,\"com.atlassian.jira.issuetable.draggable\":true,\"jira.create.linked.issue\":true,\"com.atlassian.jira.agile.darkfeature.sprint.goal\":false,\"com.atlassian.jira.agile.darkfeature.kanban.hide.old.done.issues\":false,\"jira.sal.host.connect.accessor.existing.transaction.will.create.transactions\":true,\"jira.jql.suggestrecentfields\":false,\"com.atlassian.jira.plugin.issuenavigator.filtersUxImprovment\":true,\"com.atlassian.jira.agile.darkfeature.kanplan.epics.and.versions\":false,\"jira.jql.smartautoselectfirst\":false,\"com.atlassian.jira.agile.darkfeature.optimistic.transitions\":true,\"com.atlassian.jira.issuetable.move.links.hidden\":true,\"jira.priorities.per.project\":true,\"com.atlassian.jira.upgrade.startup.fix.index\":true,\"jira.renderer.consider.variable.format\":true}}";
WRM._unparsedData["jira.webresources:default-comment-security-level.DefaultCommentSecurityLevelHelpLink"]="{\"extraClasses\":\"default-comment-level-help\",\"title\":\"Commenting on an Issue\",\"url\":\"https://docs.atlassian.com/jira/jcore-docs-076/Editing+and+collaborating+on+issues#Editingandcollaboratingonissues-restrictacomment\",\"isLocal\":false}";
WRM._unparsedData["com.onresolve.jira.groovy.groovyrunner:web-item-response-renderer.web-item-actions-data-provider"]="[]";
WRM._unparsedData["jira.webresources:dateFormatProvider.allFormats"]="{\"dateFormats\":{\"meridiem\":[\"AM\",\"PM\"],\"eras\":[\"p.n.e.\",\"n.e.\"],\"months\":[\"stycznia\",\"lutego\",\"marca\",\"kwietnia\",\"maja\",\"czerwca\",\"lipca\",\"sierpnia\",\"wrze\u015bnia\",\"pa\u017adziernika\",\"listopada\",\"grudnia\"],\"monthsShort\":[\"sty\",\"lut\",\"mar\",\"kwi\",\"maj\",\"cze\",\"lip\",\"sie\",\"wrz\",\"pa\u017a\",\"lis\",\"gru\"],\"weekdaysShort\":[\"N\",\"Pn\",\"Wt\",\"\u015ar\",\"Cz\",\"Pt\",\"So\"],\"weekdays\":[\"niedziela\",\"poniedzia\u0142ek\",\"wtorek\",\"\u015broda\",\"czwartek\",\"pi\u0105tek\",\"sobota\"]},\"lookAndFeelFormats\":{\"relativize\":\"false\",\"time\":\"H:mm\",\"day\":\"EEEE H:mm\",\"dmy\":\"dd/MM/yyyy\",\"complete\":\"dd/MM/yyyy H:mm\"}}";
WRM._unparsedData["com.atlassian.plugins.helptips.jira-help-tips:help-tip-manager.JiraHelpTipData"]="{\"anonymous\":true}";
WRM._unparsedData["jira.webresources:avatar-picker.data"]="{}";
WRM._unparsedData["com.atlassian.jira.jira-header-plugin:dismissedFlags.flags"]="{\"dismissed\":[]}";
WRM._unparsedData["com.atlassian.jira.jira-header-plugin:newsletter-signup-tip-init.newsletterSignup"]="{\"signupDescription\":\"Si\u0119gnij po aktualizacje, inspiracje i sprawdzone rozwi\u0105zania od zespo\u0142u Jira.\",\"formUrl\":\"https://www.atlassian.com/apis/exact-target/{0}/subscribe?mailingListId=1401671\",\"signupTitle\":\"Zarejestruj si\u0119!\",\"signupId\":\"newsletter-signup-tip\",\"showNewsletterTip\":false}";
WRM._unparsedData["com.atlassian.jira.project-templates-plugin:project-templates-plugin-resources.ptAnalyticsData"]="{\"instanceCreatedDate\":\"2010-04-14\"}";
WRM._unparsedData["com.atlassian.jira.ext.calendar:tipDataProvider.tip"]="{\"suppressTip\":false}";
WRM._unparsedData["com.onresolve.jira.groovy.groovyrunner:directIdeaIntegration.idea-editor-data-provider"]="{\"available\":false,\"enabled\":false,\"isExternalIdeaEnabled\":false,\"url\":\"https://localhost:63349\",\"app\":\"JIRA\",\"platformId\":\"jira\",\"version\":\"7.6.8\",\"pluginVersion\":\"5.4.45\",\"running\":false,\"canonicalBaseUrl\":\"https://jira.polsatc\",\"scriptRoots\":[],\"hasEditPermissions\":false}";
WRM._unparsedData["com.atlassian.jira.plugins.jira-wiki-editor:wiki-editor-resources.help-data"]="{\"showHelp\":true,\"editorDocumentationUrl\":[\"https://docs.atlassian.com/jira/jcore-docs-076/Visual+editing\"],\"editorDocumentationTitle\":[\"Show me documentation for the visual editor\"]}";
WRM._unparsedData["com.atlassian.jira.plugins.jira-wiki-editor:wiki-editor-resources.thumbnails-allowed"]="true";
WRM._unparsedData["jira.webresources:user-message-flags.adminLockout"]="{}";
if(window.WRM._dataArrived)window.WRM._dataArrived();</script>
<link type="text/css" rel="stylesheet" href="/s/7c74042ca47c78458ae7f9e42bba0ff3-CDN/84w19k/76010/beaf2afaa02719a29c4bcdd5a3976a69/5b966350b1076959f2ab0067350622b4/_/download/contextbatch/css/_super/batch.css" data-wrm-key="_super" data-wrm-batch-type="context" media="all">
<link type="text/css" rel="stylesheet" href="/s/ebed76df7d53e58f9d5cd82a45608778-CDN/84w19k/76010/beaf2afaa02719a29c4bcdd5a3976a69/efeda634ed31d6b974d37bac3f98c602/_/download/contextbatch/css/atl.general,jira.global,jira.general,-_super/batch.css?agile_global_admin_condition=true&amp;is-server-instance=true&amp;jag=true" data-wrm-key="atl.general,jira.global,jira.general,-_super" data-wrm-batch-type="context" media="all">
<link type="text/css" rel="stylesheet" href="/s/1b4503c04f45d68ae09fb22125331a69-CDN/84w19k/76010/beaf2afaa02719a29c4bcdd5a3976a69/6.1.0/_/download/batch/com.atlassian.auiplugin:aui-labels/com.atlassian.auiplugin:aui-labels.css" data-wrm-key="com.atlassian.auiplugin:aui-labels" data-wrm-batch-type="resource" media="all">
<link type="text/css" rel="stylesheet" href="/s/ab25e850bee0b576efb371fb5834864a-CDN/84w19k/76010/beaf2afaa02719a29c4bcdd5a3976a69/1.0/_/download/batch/jira.webresources:global-static/jira.webresources:global-static.css" data-wrm-key="jira.webresources:global-static" data-wrm-batch-type="resource" media="all">
<script type="text/javascript" src="/s/c434eb7aac4245229e1a2adcc9f2a642-CDN/84w19k/76010/beaf2afaa02719a29c4bcdd5a3976a69/5b966350b1076959f2ab0067350622b4/_/download/contextbatch/js/_super/batch.js?locale=pl-PL" data-wrm-key="_super" data-wrm-batch-type="context" data-initially-rendered></script>
<script type="text/javascript" src="/s/7b24a104ba0731e799578cfa75b87bb7-CDN/84w19k/76010/beaf2afaa02719a29c4bcdd5a3976a69/efeda634ed31d6b974d37bac3f98c602/_/download/contextbatch/js/atl.general,jira.global,jira.general,-_super/batch.js?agile_global_admin_condition=true&amp;is-server-instance=true&amp;jag=true&amp;locale=pl-PL" data-wrm-key="atl.general,jira.global,jira.general,-_super" data-wrm-batch-type="context" data-initially-rendered></script>
<script type="text/javascript" src="/s/56c3f6248103cf6e5ac498c8fd378431-CDN/84w19k/76010/beaf2afaa02719a29c4bcdd5a3976a69/9296915968fd19e3630cf5546b9a3e64/_/download/contextbatch/js/atl.global,-_super/batch.js?locale=pl-PL" data-wrm-key="atl.global,-_super" data-wrm-batch-type="context" data-initially-rendered></script>
<link type="text/css" rel="stylesheet" href="/s/64be28066bd471ecf1b867daad15cd89-CDN/84w19k/76010/beaf2afaa02719a29c4bcdd5a3976a69/a4036ea15c0638daa9b746ec42519472/_/download/contextbatch/css/jira.global.look-and-feel,-_super/batch.css" data-wrm-key="jira.global.look-and-feel,-_super" data-wrm-batch-type="context" media="all">

<script type="text/javascript" src="/rest/api/1.0/shortcuts/76010/df32f7e78853fb39fab8defc1292c1fb/shortcuts.js"></script>


    <meta name="application-name" content="JIRA" data-name="jira" data-version="7.6.8">
</head>
<body id="jira" class="aui-layout aui-style-default page-type-message"  data-version="7.6.8" >
    <div class="aui-page-panel"><div class="aui-page-panel-inner">
            <section class="aui-page-panel-content">
                    <header class="aui-page-header"><div class="aui-page-header-inner">
                            <div class="aui-page-header-main">
                                    <h1>Unauthorized (401)</h1>
                                </div><!-- .aui-page-header-main -->
                        </div><!-- .aui-page-header-inner --></header><!-- .aui-page-header -->
                    <div class="aui-message aui-message-warning warning">
                            <p>Wystąpił błąd <code>&quot;401 - Unauthorized&quot;</code> podczas wczytywania tej strony.</p>
                            <p>Basic Authentication Failure - Reason : AUTHENTICATED_FAILED</p>
                            <p><a href="/secure/MyJiraHome.jspa">Idź do strony głównej Jira</a></p>
                        </div>
                </section><!-- .aui-page-panel-content -->
        </div><!-- .aui-page-panel-inner --></div><!-- .aui-page-panel -->
</body>
</html>

--- Main exception: StackTrace ---
   w Atlassian.Jira.Remote.JiraRestClient.ExecuteRequest[T](Method method, String resource, Object requestBody) w c:\projects\atlassian-net-sdk\Atlassian.Jira\Remote\JiraRestClient.cs:wiersz 119
   w Atlassian.Jira.Remote.JiraRestClient.GetStatuses(String token) w c:\projects\atlassian-net-sdk\Atlassian.Jira\Remote\JiraRestClient.cs:wiersz 853
   w Atlassian.Jira.Jira.<GetIssueStatuses>b__28(String token) w c:\projects\atlassian-net-sdk\Atlassian.Jira\Jira.cs:wiersz 526
   w Atlassian.Jira.Jira.<>c__DisplayClass3c.<WithToken>b__3b(String t) w c:\projects\atlassian-net-sdk\Atlassian.Jira\Jira.cs:wiersz 658
   w Atlassian.Jira.Jira.WithToken[TResult](Func`3 function) w c:\projects\atlassian-net-sdk\Atlassian.Jira\Jira.cs:wiersz 706
   w Atlassian.Jira.Jira.GetIssueStatuses() w c:\projects\atlassian-net-sdk\Atlassian.Jira\Jira.cs:wiersz 530
   w Atlassian.Jira.JiraNamedEntity.get_Name() w c:\projects\atlassian-net-sdk\Atlassian.Jira\JiraNamedEntity.cs:wiersz 0
   w Logic.Implementation.JiraIssues.ChangeDataModel(IEnumerable`1 issues, List`1& newModel, List`1& jiraUsers) w C:\CP\ParserGit\JiraParser\Logic\Implementation\JiraIssues.cs:wiersz 267
   w GUI.MainForm.GetAllIssuesFromJira(Object sener, EventArgs e) w C:\CP\ParserGit\JiraParser\GUI\MainForm.cs:wiersz 4779

--- Main exception: Source ---
Atlassian.Jira

poniedziałek, 19 sierpnia 2019 08:37:10

Zgłoszenie KKK-4420 dodano automatycznie o godzinie 2019-08-19 08:37:10!
poniedziałek, 19 sierpnia 2019 08:37:10

Modyfikacja treeItem checkAsAssigneponiedziałek, 19 sierpnia 2019 08:37:18

addCommentJira string jiraKey KKK-4420poniedziałek, 19 sierpnia 2019 08:37:18

addCommentJira object sender, DoWorkEventArgs e KKK-4420poniedziałek, 19 sierpnia 2019 08:49:14

--- Main exception: Message ---
issueMove[treeView4] nie zawiera IssueId=KKK-4420

--- Main exception: StackTrace ---
   w GUI.MainForm.ModelerForm_sla_ActionFinish(String issueid, String eventName, TreeView tr) w C:\CP\ParserGit\JiraParser\GUI\MainForm.cs:wiersz 6750

--- Main exception: Source ---
GUI

poniedziałek, 19 sierpnia 2019 08:55:02

--- Main exception: Message ---
Nieprawidłowa operacja między wątkami: do formantu '' uzyskiwany jest dostęp z wątku innego niż wątek, w którym został utworzony.

--- Main exception: StackTrace ---
   w System.Windows.Forms.Control.get_Handle()
   w System.Windows.Forms.Control.SetVisibleCore(Boolean value)
   w System.Windows.Forms.DataGridView.LayoutScrollBars()
   w System.Windows.Forms.DataGridView.ComputeLayout()
   w System.Windows.Forms.DataGridView.PerformLayoutPrivate(Boolean useRowShortcut, Boolean computeVisibleRows, Boolean invalidInAdjustFillingColumns, Boolean repositionEditingControl)
   w System.Windows.Forms.DataGridView.OnColumnWidthChanged(DataGridViewColumnEventArgs e)
   w System.Windows.Forms.DataGridViewBand.set_ThicknessInternal(Int32 value)
   w System.Windows.Forms.DataGridView.AutoResizeColumnInternal(Int32 columnIndex, DataGridViewAutoSizeColumnCriteriaInternal autoSizeColumnCriteriaInternal, Boolean fixedHeight)
   w System.Windows.Forms.DataGridView.OnCellCommonChange(Int32 columnIndex, Int32 rowIndex)
   w System.Windows.Forms.DataGridView.OnCellValueChanged(DataGridViewCellEventArgs e)
   w System.Windows.Forms.DataGridViewCell.SetValue(Int32 rowIndex, Object value)
   w GUI.MainForm.slaUpdateRowInfo(Object sender, DoWorkEventArgs e) w C:\CP\ParserGit\JiraParser\GUI\SlaService.cs:wiersz 621

--- Main exception: Source ---
System.Windows.Forms

poniedziałek, 19 sierpnia 2019 09:00:53

Zgłoszenie CRM-76616 dodano automatycznie o godzinie 2019-08-19 09:00:53!
poniedziałek, 19 sierpnia 2019 09:00:54

Modyfikacja treeItem checkAsAssigneponiedziałek, 19 sierpnia 2019 09:00:59

addCommentJira string jiraKey CRM-76616poniedziałek, 19 sierpnia 2019 09:00:59

addCommentJira object sender, DoWorkEventArgs e CRM-76616poniedziałek, 19 sierpnia 2019 10:00:54

Zgłoszenie ZCC-19290 dodano automatycznie o godzinie 2019-08-19 10:00:54!
poniedziałek, 19 sierpnia 2019 10:00:55

Modyfikacja treeItem checkAsAssigneponiedziałek, 19 sierpnia 2019 10:01:01

addCommentJira string jiraKey ZCC-19290poniedziałek, 19 sierpnia 2019 10:01:01

addCommentJira object sender, DoWorkEventArgs e ZCC-19290poniedziałek, 19 sierpnia 2019 10:01:17

Zgłoszenie ZCC-19291 dodano automatycznie o godzinie 2019-08-19 10:01:17!
poniedziałek, 19 sierpnia 2019 10:01:17

Modyfikacja treeItem checkAsAssigneponiedziałek, 19 sierpnia 2019 10:01:20

addCommentJira string jiraKey ZCC-19291poniedziałek, 19 sierpnia 2019 10:01:20

addCommentJira object sender, DoWorkEventArgs e ZCC-19291poniedziałek, 19 sierpnia 2019 10:01:38

Zgłoszenie ZCC-19292 dodano automatycznie o godzinie 2019-08-19 10:01:38!
poniedziałek, 19 sierpnia 2019 10:01:38

Modyfikacja treeItem checkAsAssigneponiedziałek, 19 sierpnia 2019 10:01:41

addCommentJira string jiraKey ZCC-19292poniedziałek, 19 sierpnia 2019 10:01:41

addCommentJira object sender, DoWorkEventArgs e ZCC-19292poniedziałek, 19 sierpnia 2019 10:12:53

Zgłoszenie CRM-76620 dodano automatycznie o godzinie 2019-08-19 10:12:53!
poniedziałek, 19 sierpnia 2019 10:12:53

Modyfikacja treeItem checkAsAssigneponiedziałek, 19 sierpnia 2019 10:13:00

addCommentJira string jiraKey CRM-76620poniedziałek, 19 sierpnia 2019 10:13:00

addCommentJira object sender, DoWorkEventArgs e CRM-76620poniedziałek, 19 sierpnia 2019 10:19:24

--- Main exception: Message ---
issueMove[treeView4] nie zawiera IssueId=CRM-76620

--- Main exception: StackTrace ---
   w GUI.MainForm.ModelerForm_sla_ActionFinish(String issueid, String eventName, TreeView tr) w C:\CP\ParserGit\JiraParser\GUI\MainForm.cs:wiersz 6750

--- Main exception: Source ---
GUI

poniedziałek, 19 sierpnia 2019 10:24:54

Zgłoszenie CRM-76617 dodano automatycznie o godzinie 2019-08-19 10:24:54!
poniedziałek, 19 sierpnia 2019 10:24:54

Modyfikacja treeItem checkAsAssigneponiedziałek, 19 sierpnia 2019 10:25:00

addCommentJira string jiraKey CRM-76617poniedziałek, 19 sierpnia 2019 10:25:00

addCommentJira object sender, DoWorkEventArgs e CRM-76617poniedziałek, 19 sierpnia 2019 10:25:06

Zgłoszenie CRM-76618 dodano automatycznie o godzinie 2019-08-19 10:25:06!
poniedziałek, 19 sierpnia 2019 10:25:06

Modyfikacja treeItem checkAsAssigneponiedziałek, 19 sierpnia 2019 10:25:09

addCommentJira string jiraKey CRM-76618poniedziałek, 19 sierpnia 2019 10:25:09

addCommentJira object sender, DoWorkEventArgs e CRM-76618poniedziałek, 19 sierpnia 2019 10:25:13

Zgłoszenie CRM-76619 dodano automatycznie o godzinie 2019-08-19 10:25:13!
poniedziałek, 19 sierpnia 2019 10:25:13

Modyfikacja treeItem checkAsAssigneponiedziałek, 19 sierpnia 2019 10:25:17

addCommentJira string jiraKey CRM-76619poniedziałek, 19 sierpnia 2019 10:25:17

addCommentJira object sender, DoWorkEventArgs e CRM-76619poniedziałek, 19 sierpnia 2019 10:25:27

--- Main exception: Message ---
Nieprawidłowa operacja między wątkami: do formantu '' uzyskiwany jest dostęp z wątku innego niż wątek, w którym został utworzony.

--- Main exception: StackTrace ---
   w System.Windows.Forms.Control.get_Handle()
   w System.Windows.Forms.Control.SetVisibleCore(Boolean value)
   w System.Windows.Forms.DataGridView.LayoutScrollBars()
   w System.Windows.Forms.DataGridView.ComputeLayout()
   w System.Windows.Forms.DataGridView.PerformLayoutPrivate(Boolean useRowShortcut, Boolean computeVisibleRows, Boolean invalidInAdjustFillingColumns, Boolean repositionEditingControl)
   w System.Windows.Forms.DataGridView.OnColumnWidthChanged(DataGridViewColumnEventArgs e)
   w System.Windows.Forms.DataGridViewBand.set_ThicknessInternal(Int32 value)
   w System.Windows.Forms.DataGridView.AutoResizeColumnInternal(Int32 columnIndex, DataGridViewAutoSizeColumnCriteriaInternal autoSizeColumnCriteriaInternal, Boolean fixedHeight)
   w System.Windows.Forms.DataGridView.OnCellCommonChange(Int32 columnIndex, Int32 rowIndex)
   w System.Windows.Forms.DataGridView.OnCellValueChanged(DataGridViewCellEventArgs e)
   w System.Windows.Forms.DataGridViewCell.SetValue(Int32 rowIndex, Object value)
   w GUI.MainForm.slaUpdateRowInfo(Object sender, DoWorkEventArgs e) w C:\CP\ParserGit\JiraParser\GUI\SlaService.cs:wiersz 621

--- Main exception: Source ---
System.Windows.Forms

poniedziałek, 19 sierpnia 2019 10:37:25

--- Main exception: Message ---
issueMove[treeView4] nie zawiera IssueId=CRM-76619

--- Main exception: StackTrace ---
   w GUI.MainForm.ModelerForm_sla_ActionFinish(String issueid, String eventName, TreeView tr) w C:\CP\ParserGit\JiraParser\GUI\MainForm.cs:wiersz 6750

--- Main exception: Source ---
GUI

poniedziałek, 19 sierpnia 2019 10:37:43

--- Main exception: Message ---
issueMove[treeView4] nie zawiera IssueId=CRM-76618

--- Main exception: StackTrace ---
   w GUI.MainForm.ModelerForm_sla_ActionFinish(String issueid, String eventName, TreeView tr) w C:\CP\ParserGit\JiraParser\GUI\MainForm.cs:wiersz 6750

--- Main exception: Source ---
GUI

poniedziałek, 19 sierpnia 2019 10:38:07

--- Main exception: Message ---
issueMove[treeView4] nie zawiera IssueId=CRM-76617

--- Main exception: StackTrace ---
   w GUI.MainForm.ModelerForm_sla_ActionFinish(String issueid, String eventName, TreeView tr) w C:\CP\ParserGit\JiraParser\GUI\MainForm.cs:wiersz 6750

--- Main exception: Source ---
GUI

poniedziałek, 19 sierpnia 2019 10:43:10

--- Main exception: Message ---
Nieprawidłowa operacja między wątkami: do formantu '' uzyskiwany jest dostęp z wątku innego niż wątek, w którym został utworzony.

--- Main exception: StackTrace ---
   w System.Windows.Forms.Control.get_Handle()
   w System.Windows.Forms.Control.SetVisibleCore(Boolean value)
   w System.Windows.Forms.DataGridView.LayoutScrollBars()
   w System.Windows.Forms.DataGridView.ComputeLayout()
   w System.Windows.Forms.DataGridView.PerformLayoutPrivate(Boolean useRowShortcut, Boolean computeVisibleRows, Boolean invalidInAdjustFillingColumns, Boolean repositionEditingControl)
   w System.Windows.Forms.DataGridView.OnColumnWidthChanged(DataGridViewColumnEventArgs e)
   w System.Windows.Forms.DataGridViewBand.set_ThicknessInternal(Int32 value)
   w System.Windows.Forms.DataGridView.AutoResizeColumnInternal(Int32 columnIndex, DataGridViewAutoSizeColumnCriteriaInternal autoSizeColumnCriteriaInternal, Boolean fixedHeight)
   w System.Windows.Forms.DataGridView.OnCellCommonChange(Int32 columnIndex, Int32 rowIndex)
   w System.Windows.Forms.DataGridView.OnCellValueChanged(DataGridViewCellEventArgs e)
   w System.Windows.Forms.DataGridViewCell.SetValue(Int32 rowIndex, Object value)
   w GUI.MainForm.slaUpdateRowInfo(Object sender, DoWorkEventArgs e) w C:\CP\ParserGit\JiraParser\GUI\SlaService.cs:wiersz 621

--- Main exception: Source ---
System.Windows.Forms

poniedziałek, 19 sierpnia 2019 10:55:23

--- Main exception: Message ---
issueMove[treeView4] nie zawiera IssueId=ZCC-19292

--- Main exception: StackTrace ---
   w GUI.MainForm.ModelerForm_sla_ActionFinish(String issueid, String eventName, TreeView tr) w C:\CP\ParserGit\JiraParser\GUI\MainForm.cs:wiersz 6750

--- Main exception: Source ---
GUI

poniedziałek, 19 sierpnia 2019 10:55:48

--- Main exception: Message ---
issueMove[treeView4] nie zawiera IssueId=ZCC-19291

--- Main exception: StackTrace ---
   w GUI.MainForm.ModelerForm_sla_ActionFinish(String issueid, String eventName, TreeView tr) w C:\CP\ParserGit\JiraParser\GUI\MainForm.cs:wiersz 6750

--- Main exception: Source ---
GUI

poniedziałek, 19 sierpnia 2019 10:55:56

--- Main exception: Message ---
issueMove[treeView4] nie zawiera IssueId=ZCC-19290

--- Main exception: StackTrace ---
   w GUI.MainForm.ModelerForm_sla_ActionFinish(String issueid, String eventName, TreeView tr) w C:\CP\ParserGit\JiraParser\GUI\MainForm.cs:wiersz 6750

--- Main exception: Source ---
GUI

poniedziałek, 19 sierpnia 2019 11:53:16

--- Main exception: Message ---
Bieżący wątek musi być ustawiony na tryb jednowątkowego apartamentu, aby można było wykonywać wywołania OLE. Upewnij się, że w funkcji Main jest zaznaczony element STAThreadAttribute.

--- Main exception: StackTrace ---
   w System.Windows.Forms.ComboBox.set_AutoCompleteMode(AutoCompleteMode value)
   w GUI.WFSModelerForm.AddComboBox(EventParamModeler ep, GroupBox group) w C:\CP\ParserGit\JiraParser\GUI\WFSModelerForm.cs:wiersz 590
   w GUI.WFSModelerForm.GenerateForm(GroupBox group, Int32 ParamGroupId) w C:\CP\ParserGit\JiraParser\GUI\WFSModelerForm.cs:wiersz 491
   w GUI.WFSModelerForm.GenerateForm(GroupBox group, Int32 ParamGroupId) w C:\CP\ParserGit\JiraParser\GUI\WFSModelerForm.cs:wiersz 498
   w GUI.WFSModelerForm.GenerateForm(GroupBox group, Int32 ParamGroupId) w C:\CP\ParserGit\JiraParser\GUI\WFSModelerForm.cs:wiersz 498
   w GUI.WFSModelerForm..ctor(List`1 list, String name, BillingIssueDto issue, IParserEngineWFS gujaczWFS, Int32 eventMoveId, calbackDelegate callback, TreeView tr, Boolean quickStep, Object selectOption) w C:\CP\ParserGit\JiraParser\GUI\WFSModelerForm.cs:wiersz 308

--- Main exception: Source ---
System.Windows.Forms

poniedziałek, 19 sierpnia 2019 12:04:55

--- Main exception: Message ---
Kanał żądania przekroczył limit czasu, próbując wysłać po 00:01:59.9082445. Zwiększ wartość limitu czasu podawaną do wywołania elementu Request lub zwiększ wartość właściwości SendTimeout w powiązaniu. Czas przeznaczony na tę operację może być częścią większego limitu czasu.

--- Inner exception 1: Message ---
Operacja żądania nie zakończyła się w ciągu przydzielonego limitu czasu 00:02:00. Czas przydzielony na tę operację mógł być częścią dłuższego limitu czasu.

--- Inner exception 1: StackTrace ---
   w System.ServiceModel.Channels.ReliableRequestSessionChannel.SyncRequest.WaitForReply(TimeSpan timeout)
   w System.ServiceModel.Channels.RequestChannel.Request(Message message, TimeSpan timeout)

--- Inner exception 1: Source ---
System.ServiceModel

--- Main exception: StackTrace ---

Server stack trace: 
   w System.ServiceModel.Channels.RequestChannel.Request(Message message, TimeSpan timeout)
   w System.ServiceModel.Dispatcher.RequestChannelBinder.Request(Message message, TimeSpan timeout)
   w System.ServiceModel.Channels.ServiceChannel.Call(String action, Boolean oneway, ProxyOperationRuntime operation, Object[] ins, Object[] outs, TimeSpan timeout)
   w System.ServiceModel.Channels.ServiceChannelProxy.InvokeService(IMethodCallMessage methodCall, ProxyOperationRuntime operation)
   w System.ServiceModel.Channels.ServiceChannelProxy.Invoke(IMessage message)

Exception rethrown at [0]: 
   w System.Runtime.Remoting.Proxies.RealProxy.HandleReturnMessage(IMessage reqMsg, IMessage retMsg)
   w System.Runtime.Remoting.Proxies.RealProxy.PrivateInvoke(MessageData& msgData, Int32 type)
   w DataLayer.HPDataService.IDataService4HP.ExecuteStoredProcedure(User user, String procedureName, String[] parameters, DatabaseName database)
   w DataLayer.Implementation.GatewayDaoWFS.ExecuteStoredProcedure(String procedureName, String[] parameters, DatabaseName database) w C:\CP\ParserGit\JiraParser\DataLayer\Implementation\GatewayDaoWFS.cs:wiersz 138

--- Main exception: Source ---
mscorlib

poniedziałek, 19 sierpnia 2019 12:35:50

--- Main exception: Message ---
Nieprawidłowa operacja między wątkami: do formantu '' uzyskiwany jest dostęp z wątku innego niż wątek, w którym został utworzony.

--- Main exception: StackTrace ---
   w System.Windows.Forms.Control.get_Handle()
   w System.Windows.Forms.Control.SetVisibleCore(Boolean value)
   w System.Windows.Forms.DataGridView.LayoutScrollBars()
   w System.Windows.Forms.DataGridView.ComputeLayout()
   w System.Windows.Forms.DataGridView.PerformLayoutPrivate(Boolean useRowShortcut, Boolean computeVisibleRows, Boolean invalidInAdjustFillingColumns, Boolean repositionEditingControl)
   w System.Windows.Forms.DataGridView.OnColumnWidthChanged(DataGridViewColumnEventArgs e)
   w System.Windows.Forms.DataGridViewBand.set_ThicknessInternal(Int32 value)
   w System.Windows.Forms.DataGridView.AutoResizeColumnInternal(Int32 columnIndex, DataGridViewAutoSizeColumnCriteriaInternal autoSizeColumnCriteriaInternal, Boolean fixedHeight)
   w System.Windows.Forms.DataGridView.OnCellCommonChange(Int32 columnIndex, Int32 rowIndex)
   w System.Windows.Forms.DataGridView.OnCellValueChanged(DataGridViewCellEventArgs e)
   w System.Windows.Forms.DataGridViewCell.SetValue(Int32 rowIndex, Object value)
   w GUI.MainForm.slaUpdateRowInfo(Object sender, DoWorkEventArgs e) w C:\CP\ParserGit\JiraParser\GUI\SlaService.cs:wiersz 621

--- Main exception: Source ---
System.Windows.Forms

poniedziałek, 19 sierpnia 2019 12:39:52

--- Main exception: Message ---
Indeks był spoza zakresu. Musi mieć wartość nieujemną i mniejszą niż rozmiar kolekcji.
Nazwa parametru: index

--- Main exception: StackTrace ---
   w System.ThrowHelper.ThrowArgumentOutOfRangeException(ExceptionArgument argument, ExceptionResource resource)
   w System.Collections.Generic.List`1.get_Item(Int32 index)
   w GUI.MainForm.setActualSLAforIssueId(Int32 issueId, Boolean isFastStep)
   w GUI.MainForm.ModelerForm_sla_ActionFinishAfterAutoStep(String jiraKey, String eventName, TreeView tr)

--- Main exception: Source ---
mscorlib

poniedziałek, 19 sierpnia 2019 13:41:56

Zgłoszenie CRM-76624 dodano automatycznie o godzinie 2019-08-19 13:41:56!
poniedziałek, 19 sierpnia 2019 13:41:56

Modyfikacja treeItem checkAsAssigneponiedziałek, 19 sierpnia 2019 13:42:02

addCommentJira string jiraKey CRM-76624poniedziałek, 19 sierpnia 2019 13:42:02

addCommentJira object sender, DoWorkEventArgs e CRM-76624poniedziałek, 19 sierpnia 2019 13:59:56

Zgłoszenie CRM-76625 dodano automatycznie o godzinie 2019-08-19 13:59:56!
poniedziałek, 19 sierpnia 2019 13:59:56

Modyfikacja treeItem checkAsAssigneponiedziałek, 19 sierpnia 2019 14:00:09

addCommentJira string jiraKey CRM-76625poniedziałek, 19 sierpnia 2019 14:00:09

addCommentJira object sender, DoWorkEventArgs e CRM-76625poniedziałek, 19 sierpnia 2019 14:00:23

--- Main exception: Message ---
issueMove[treeView4] nie zawiera IssueId=ZCC-19297

--- Main exception: StackTrace ---
   w GUI.MainForm.ModelerForm_sla_ActionFinish(String issueid, String eventName, TreeView tr) w C:\CP\ParserGit\JiraParser\GUI\MainForm.cs:wiersz 6750

--- Main exception: Source ---
GUI

poniedziałek, 19 sierpnia 2019 14:00:46

--- Main exception: Message ---
issueMove[treeView4] nie zawiera IssueId=ZCC-19296

--- Main exception: StackTrace ---
   w GUI.MainForm.ModelerForm_sla_ActionFinish(String issueid, String eventName, TreeView tr) w C:\CP\ParserGit\JiraParser\GUI\MainForm.cs:wiersz 6750

--- Main exception: Source ---
GUI

poniedziałek, 19 sierpnia 2019 14:04:57

--- Main exception: Message ---
Nie można rozpoznać nazwy zdalnej: 'jira'

--- Main exception: StackTrace ---
   w Atlassian.Jira.Remote.JiraRestClient.ExecuteRequest[T](Method method, String resource, Object requestBody) w c:\projects\atlassian-net-sdk\Atlassian.Jira\Remote\JiraRestClient.cs:wiersz 119
   w Atlassian.Jira.Remote.JiraRestClient.GetIssueTypes(String token, String projectId) w c:\projects\atlassian-net-sdk\Atlassian.Jira\Remote\JiraRestClient.cs:wiersz 822
   w Atlassian.Jira.Jira.<>c__DisplayClass16.<GetIssueTypes>b__12(String token) w c:\projects\atlassian-net-sdk\Atlassian.Jira\Jira.cs:wiersz 414
   w Atlassian.Jira.Jira.<>c__DisplayClass3c.<WithToken>b__3b(String t) w c:\projects\atlassian-net-sdk\Atlassian.Jira\Jira.cs:wiersz 658
   w Atlassian.Jira.Jira.WithToken[TResult](Func`3 function) w c:\projects\atlassian-net-sdk\Atlassian.Jira\Jira.cs:wiersz 706
   w Atlassian.Jira.Jira.GetIssueTypes(String projectKey) w c:\projects\atlassian-net-sdk\Atlassian.Jira\Jira.cs:wiersz 419
   w Logic.Implementation.JiraIssues.GetJiraIssuesTypes() w C:\CP\ParserGit\JiraParser\Logic\Implementation\JiraIssues.cs:wiersz 68
   w GUI.MainForm.<timer2_Tick>b__112_0() w C:\CP\ParserGit\JiraParser\GUI\MainForm.cs:wiersz 2734

--- Main exception: Source ---
Atlassian.Jira

poniedziałek, 19 sierpnia 2019 14:05:52

Zgłoszenie KKK-4421 dodano automatycznie o godzinie 2019-08-19 14:05:52!
poniedziałek, 19 sierpnia 2019 14:05:52

Modyfikacja treeItem checkAsAssigneponiedziałek, 19 sierpnia 2019 14:05:55

addCommentJira string jiraKey KKK-4421poniedziałek, 19 sierpnia 2019 14:05:55

addCommentJira object sender, DoWorkEventArgs e KKK-4421poniedziałek, 19 sierpnia 2019 14:18:20

--- Main exception: Message ---
Nieprawidłowa operacja między wątkami: do formantu '' uzyskiwany jest dostęp z wątku innego niż wątek, w którym został utworzony.

--- Main exception: StackTrace ---
   w System.Windows.Forms.Control.get_Handle()
   w System.Windows.Forms.Control.SetVisibleCore(Boolean value)
   w System.Windows.Forms.DataGridView.LayoutScrollBars()
   w System.Windows.Forms.DataGridView.ComputeLayout()
   w System.Windows.Forms.DataGridView.PerformLayoutPrivate(Boolean useRowShortcut, Boolean computeVisibleRows, Boolean invalidInAdjustFillingColumns, Boolean repositionEditingControl)
   w System.Windows.Forms.DataGridView.OnColumnWidthChanged(DataGridViewColumnEventArgs e)
   w System.Windows.Forms.DataGridViewBand.set_ThicknessInternal(Int32 value)
   w System.Windows.Forms.DataGridView.AutoResizeColumnInternal(Int32 columnIndex, DataGridViewAutoSizeColumnCriteriaInternal autoSizeColumnCriteriaInternal, Boolean fixedHeight)
   w System.Windows.Forms.DataGridView.OnCellCommonChange(Int32 columnIndex, Int32 rowIndex)
   w System.Windows.Forms.DataGridView.OnCellValueChanged(DataGridViewCellEventArgs e)
   w System.Windows.Forms.DataGridViewCell.SetValue(Int32 rowIndex, Object value)
   w GUI.MainForm.slaUpdateRowInfo(Object sender, DoWorkEventArgs e) w C:\CP\ParserGit\JiraParser\GUI\SlaService.cs:wiersz 621

--- Main exception: Source ---
System.Windows.Forms

poniedziałek, 19 sierpnia 2019 14:40:55

--- Main exception: Message ---
Nie można rozpoznać nazwy zdalnej: 'jira'

--- Main exception: StackTrace ---
   w Atlassian.Jira.Remote.JiraRestClient.ExecuteRequest[T](Method method, String resource, Object requestBody) w c:\projects\atlassian-net-sdk\Atlassian.Jira\Remote\JiraRestClient.cs:wiersz 119
   w Atlassian.Jira.Remote.JiraRestClient.GetIssueTypes(String token, String projectId) w c:\projects\atlassian-net-sdk\Atlassian.Jira\Remote\JiraRestClient.cs:wiersz 822
   w Atlassian.Jira.Jira.<>c__DisplayClass16.<GetIssueTypes>b__12(String token) w c:\projects\atlassian-net-sdk\Atlassian.Jira\Jira.cs:wiersz 414
   w Atlassian.Jira.Jira.<>c__DisplayClass3c.<WithToken>b__3b(String t) w c:\projects\atlassian-net-sdk\Atlassian.Jira\Jira.cs:wiersz 658
   w Atlassian.Jira.Jira.WithToken[TResult](Func`3 function) w c:\projects\atlassian-net-sdk\Atlassian.Jira\Jira.cs:wiersz 706
   w Atlassian.Jira.Jira.GetIssueTypes(String projectKey) w c:\projects\atlassian-net-sdk\Atlassian.Jira\Jira.cs:wiersz 419
   w Logic.Implementation.JiraIssues.GetJiraIssuesTypes() w C:\CP\ParserGit\JiraParser\Logic\Implementation\JiraIssues.cs:wiersz 68
   w GUI.MainForm.<timer2_Tick>b__112_0() w C:\CP\ParserGit\JiraParser\GUI\MainForm.cs:wiersz 2734

--- Main exception: Source ---
Atlassian.Jira

poniedziałek, 19 sierpnia 2019 14:41:35

--- Main exception: Message ---
Nie można rozpoznać nazwy zdalnej: 'jira'

--- Main exception: StackTrace ---
   w Atlassian.Jira.Remote.JiraRestClient.ExecuteRequest[T](Method method, String resource, Object requestBody) w c:\projects\atlassian-net-sdk\Atlassian.Jira\Remote\JiraRestClient.cs:wiersz 119
   w Atlassian.Jira.Remote.JiraRestClient.GetPriorities(String token) w c:\projects\atlassian-net-sdk\Atlassian.Jira\Remote\JiraRestClient.cs:wiersz 785
   w Atlassian.Jira.Jira.<GetIssuePriorities>b__24(String token) w c:\projects\atlassian-net-sdk\Atlassian.Jira\Jira.cs:wiersz 478
   w Atlassian.Jira.Jira.<>c__DisplayClass3c.<WithToken>b__3b(String t) w c:\projects\atlassian-net-sdk\Atlassian.Jira\Jira.cs:wiersz 658
   w Atlassian.Jira.Jira.WithToken[TResult](Func`3 function) w c:\projects\atlassian-net-sdk\Atlassian.Jira\Jira.cs:wiersz 706
   w Atlassian.Jira.Jira.GetIssuePriorities() w c:\projects\atlassian-net-sdk\Atlassian.Jira\Jira.cs:wiersz 482
   w GUI.MainForm.LoginJira() w C:\CP\ParserGit\JiraParser\GUI\MainForm.cs:wiersz 4484

--- Main exception: Source ---
Atlassian.Jira

poniedziałek, 19 sierpnia 2019 14:47:06

--- Main exception: Message ---
issueMove[treeView4] nie zawiera IssueId=KKK-4421

--- Main exception: StackTrace ---
   w GUI.MainForm.ModelerForm_sla_ActionFinish(String issueid, String eventName, TreeView tr) w C:\CP\ParserGit\JiraParser\GUI\MainForm.cs:wiersz 6750

--- Main exception: Source ---
GUI

poniedziałek, 19 sierpnia 2019 14:47:33

--- Main exception: Message ---
Nieprawidłowa operacja między wątkami: do formantu '' uzyskiwany jest dostęp z wątku innego niż wątek, w którym został utworzony.

--- Main exception: StackTrace ---
   w System.Windows.Forms.Control.get_Handle()
   w System.Windows.Forms.ScrollBar.UpdateScrollInfo()
   w System.Windows.Forms.ScrollBar.set_Maximum(Int32 value)
   w System.Windows.Forms.DataGridView.LayoutScrollBars()
   w System.Windows.Forms.DataGridView.ComputeLayout()
   w System.Windows.Forms.DataGridView.PerformLayoutPrivate(Boolean useRowShortcut, Boolean computeVisibleRows, Boolean invalidInAdjustFillingColumns, Boolean repositionEditingControl)
   w System.Windows.Forms.DataGridView.OnColumnWidthChanged(DataGridViewColumnEventArgs e)
   w System.Windows.Forms.DataGridViewBand.set_ThicknessInternal(Int32 value)
   w System.Windows.Forms.DataGridView.AutoResizeColumnInternal(Int32 columnIndex, DataGridViewAutoSizeColumnCriteriaInternal autoSizeColumnCriteriaInternal, Boolean fixedHeight)
   w System.Windows.Forms.DataGridView.OnCellCommonChange(Int32 columnIndex, Int32 rowIndex)
   w System.Windows.Forms.DataGridView.OnCellValueChanged(DataGridViewCellEventArgs e)
   w System.Windows.Forms.DataGridViewCell.SetValue(Int32 rowIndex, Object value)
   w GUI.MainForm.slaUpdateRowInfo(Object sender, DoWorkEventArgs e) w C:\CP\ParserGit\JiraParser\GUI\SlaService.cs:wiersz 621

--- Main exception: Source ---
System.Windows.Forms

poniedziałek, 19 sierpnia 2019 14:56:52

Odwołanie do obiektu nie zostało ustawione na wystąpienie obiektu.

poniedziałek, 19 sierpnia 2019 14:58:22

Zgłoszenie INFOLINIA-6823 dodano automatycznie o godzinie 2019-08-19 14:58:22!
poniedziałek, 19 sierpnia 2019 14:58:23

Modyfikacja treeItem checkAsAssigneponiedziałek, 19 sierpnia 2019 14:58:29

addCommentJira string jiraKey INFOLINIA-6823poniedziałek, 19 sierpnia 2019 14:58:29

addCommentJira object sender, DoWorkEventArgs e INFOLINIA-6823poniedziałek, 19 sierpnia 2019 15:04:57

--- Main exception: Message ---
issueMove[treeView4] nie zawiera IssueId=CRM-76628

--- Main exception: StackTrace ---
   w GUI.MainForm.ModelerForm_sla_ActionFinish(String issueid, String eventName, TreeView tr) w C:\CP\ParserGit\JiraParser\GUI\MainForm.cs:wiersz 6750

--- Main exception: Source ---
GUI

poniedziałek, 19 sierpnia 2019 15:08:22

--- Main exception: Message ---
issueMove[treeView4] nie zawiera IssueId=ZCC-19300

--- Main exception: StackTrace ---
   w GUI.MainForm.ModelerForm_sla_ActionFinish(String issueid, String eventName, TreeView tr) w C:\CP\ParserGit\JiraParser\GUI\MainForm.cs:wiersz 6750

--- Main exception: Source ---
GUI

poniedziałek, 19 sierpnia 2019 15:32:32

--- Main exception: Message ---
Bieżący wątek musi być ustawiony na tryb jednowątkowego apartamentu, aby można było wykonywać wywołania OLE. Upewnij się, że w funkcji Main jest zaznaczony element STAThreadAttribute.

--- Main exception: StackTrace ---
   w System.Windows.Forms.ComboBox.set_AutoCompleteMode(AutoCompleteMode value)
   w GUI.WFSModelerForm.AddComboBox(EventParamModeler ep, GroupBox group)
   w GUI.WFSModelerForm.GenerateForm(GroupBox group, Int32 ParamGroupId)
   w GUI.WFSModelerForm.GenerateForm(GroupBox group, Int32 ParamGroupId)
   w GUI.WFSModelerForm.GenerateForm(GroupBox group, Int32 ParamGroupId)
   w GUI.WFSModelerForm..ctor(List`1 list, String name, BillingIssueDto issue, IParserEngineWFS gujaczWFS, Int32 eventMoveId, calbackDelegate callback, TreeView tr, Boolean quickStep, Object selectOption)

--- Main exception: Source ---
System.Windows.Forms

poniedziałek, 19 sierpnia 2019 15:32:54

Odwołanie do obiektu nie zostało ustawione na wystąpienie obiektu.

poniedziałek, 19 sierpnia 2019 15:40:42

Zgłoszenie ZCC-19301 dodano automatycznie o godzinie 2019-08-19 15:40:42!
poniedziałek, 19 sierpnia 2019 15:40:42

Modyfikacja treeItem checkAsAssigneponiedziałek, 19 sierpnia 2019 15:41:19

addCommentJira string jiraKey ZCC-19301poniedziałek, 19 sierpnia 2019 15:41:19

addCommentJira object sender, DoWorkEventArgs e ZCC-19301poniedziałek, 19 sierpnia 2019 15:41:26

--- Main exception: Message ---
Bieżący wątek musi być ustawiony na tryb jednowątkowego apartamentu, aby można było wykonywać wywołania OLE. Upewnij się, że w funkcji Main jest zaznaczony element STAThreadAttribute.

--- Main exception: StackTrace ---
   w System.Windows.Forms.ComboBox.set_AutoCompleteMode(AutoCompleteMode value)
   w GUI.WFSModelerForm.AddComboBox(EventParamModeler ep, GroupBox group) w C:\CP\ParserGit\JiraParser\GUI\WFSModelerForm.cs:wiersz 590
   w GUI.WFSModelerForm.GenerateForm(GroupBox group, Int32 ParamGroupId) w C:\CP\ParserGit\JiraParser\GUI\WFSModelerForm.cs:wiersz 491
   w GUI.WFSModelerForm.GenerateForm(GroupBox group, Int32 ParamGroupId) w C:\CP\ParserGit\JiraParser\GUI\WFSModelerForm.cs:wiersz 498
   w GUI.WFSModelerForm.GenerateForm(GroupBox group, Int32 ParamGroupId) w C:\CP\ParserGit\JiraParser\GUI\WFSModelerForm.cs:wiersz 498
   w GUI.WFSModelerForm..ctor(List`1 list, String name, BillingIssueDto issue, IParserEngineWFS gujaczWFS, Int32 eventMoveId, calbackDelegate callback, TreeView tr, Boolean quickStep, Object selectOption) w C:\CP\ParserGit\JiraParser\GUI\WFSModelerForm.cs:wiersz 308

--- Main exception: Source ---
System.Windows.Forms

