wtorek, 25 czerwca 2019 07:58:13

Modyfikacja treeItem checkAsAssignewtorek, 25 czerwca 2019 07:58:18

addCommentJira string jiraKey WIND-8401wtorek, 25 czerwca 2019 07:58:18

addCommentJira object sender, DoWorkEventArgs e WIND-8401wtorek, 25 czerwca 2019 07:58:24

Modyfikacja treeItem checkAsAssignewtorek, 25 czerwca 2019 07:58:35

--- Main exception: Message ---
issueMove[treeView4] nie zawiera IssueId=CRM-76119

--- Main exception: StackTrace ---
   w GUI.MainForm.ModelerForm_sla_ActionFinish(String issueid, String eventName, TreeView tr) w C:\CP\ParserGit\JiraParser\GUI\MainForm.cs:wiersz 6699

--- Main exception: Source ---
GUI

wtorek, 25 czerwca 2019 07:58:39

addCommentJira string jiraKey ZCC-18984wtorek, 25 czerwca 2019 07:58:39

addCommentJira object sender, DoWorkEventArgs e ZCC-18984wtorek, 25 czerwca 2019 07:58:45

Modyfikacja treeItem checkAsAssignewtorek, 25 czerwca 2019 07:58:48

Modyfikacja treeItem checkAsAssignewtorek, 25 czerwca 2019 07:58:49

addCommentJira string jiraKey ZCC-18985wtorek, 25 czerwca 2019 07:58:49

addCommentJira object sender, DoWorkEventArgs e ZCC-18985wtorek, 25 czerwca 2019 07:58:56

addCommentJira string jiraKey CRM-76120wtorek, 25 czerwca 2019 07:58:57

addCommentJira object sender, DoWorkEventArgs e CRM-76120wtorek, 25 czerwca 2019 07:58:57

Automatyczny zapis nowego zgłoszenia Entities.BillingIssueDtoHelios [2019-06-25 07:58:57] 

wtorek, 25 czerwca 2019 07:59:00

Automatyczny zapis poprawny Entities.BillingIssueDtoHelios [2019-06-25 07:59:00] 

wtorek, 25 czerwca 2019 07:59:00

Modyfikacja treeItemwtorek, 25 czerwca 2019 07:59:00

Status Auto: False 

wtorek, 25 czerwca 2019 07:59:00

Automatyczny zapis nowego zgłoszenia Entities.BillingIssueDtoHelios [2019-06-25 07:59:00] 

wtorek, 25 czerwca 2019 07:59:03

Automatyczny zapis poprawny Entities.BillingIssueDtoHelios [2019-06-25 07:59:03] 

wtorek, 25 czerwca 2019 07:59:03

Modyfikacja treeItemwtorek, 25 czerwca 2019 07:59:03

Status Auto: False 

wtorek, 25 czerwca 2019 07:59:03

Automatyczny zapis nowego zgłoszenia Entities.BillingIssueDtoHelios [2019-06-25 07:59:03] 

wtorek, 25 czerwca 2019 07:59:05

Automatyczny zapis poprawny Entities.BillingIssueDtoHelios [2019-06-25 07:59:05] 

wtorek, 25 czerwca 2019 07:59:05

Modyfikacja treeItemwtorek, 25 czerwca 2019 07:59:05

Status Auto: False 

wtorek, 25 czerwca 2019 07:59:18

addCommentJira string jiraKey ZCC-18985 NIE DODANO KOMENTARZA BO ISTNIEJE WPISwtorek, 25 czerwca 2019 07:59:20

addCommentJira string jiraKey ZCC-18984 NIE DODANO KOMENTARZA BO ISTNIEJE WPISwtorek, 25 czerwca 2019 07:59:22

addCommentJira string jiraKey WIND-8401 NIE DODANO KOMENTARZA BO ISTNIEJE WPISwtorek, 25 czerwca 2019 08:03:31

Zgłoszenie CRM-76120 dodano automatycznie o godzinie 2019-06-25 08:03:31!
wtorek, 25 czerwca 2019 08:03:31

Modyfikacja treeItem checkAsAssignewtorek, 25 czerwca 2019 08:03:40

addCommentJira string jiraKey CRM-76120 NIE DODANO KOMENTARZA BO ISTNIEJE WPISwtorek, 25 czerwca 2019 08:03:40

addCommentJira object sender, DoWorkEventArgs e CRM-76120wtorek, 25 czerwca 2019 08:03:43

--- Main exception: Message ---
Nieprawidłowa operacja między wątkami: do formantu '' uzyskiwany jest dostęp z wątku innego niż wątek, w którym został utworzony.

--- Main exception: StackTrace ---
   w System.Windows.Forms.Control.get_Handle()
   w System.Windows.Forms.Control.SetVisibleCore(Boolean value)
   w System.Windows.Forms.DataGridView.LayoutScrollBars()
   w System.Windows.Forms.DataGridView.ComputeLayout()
   w System.Windows.Forms.DataGridView.PerformLayoutPrivate(Boolean useRowShortcut, Boolean computeVisibleRows, Boolean invalidInAdjustFillingColumns, Boolean repositionEditingControl)
   w System.Windows.Forms.DataGridView.OnColumnWidthChanged(DataGridViewColumnEventArgs e)
   w System.Windows.Forms.DataGridViewBand.set_ThicknessInternal(Int32 value)
   w System.Windows.Forms.DataGridView.AutoResizeColumnInternal(Int32 columnIndex, DataGridViewAutoSizeColumnCriteriaInternal autoSizeColumnCriteriaInternal, Boolean fixedHeight)
   w System.Windows.Forms.DataGridView.OnCellCommonChange(Int32 columnIndex, Int32 rowIndex)
   w System.Windows.Forms.DataGridView.OnCellValueChanged(DataGridViewCellEventArgs e)
   w System.Windows.Forms.DataGridViewCell.SetValue(Int32 rowIndex, Object value)
   w GUI.MainForm.slaUpdateRowInfo(Object sender, DoWorkEventArgs e) w C:\CP\ParserGit\JiraParser\GUI\SlaService.cs:wiersz 565

--- Main exception: Source ---
System.Windows.Forms

wtorek, 25 czerwca 2019 08:03:49

--- Main exception: Message ---
issueMove[treeView4] nie zawiera IssueId=WIND-8401

--- Main exception: StackTrace ---
   w GUI.MainForm.ModelerForm_sla_ActionFinish(String issueid, String eventName, TreeView tr) w C:\CP\ParserGit\JiraParser\GUI\MainForm.cs:wiersz 6699

--- Main exception: Source ---
GUI

wtorek, 25 czerwca 2019 08:09:36

--- Main exception: Message ---
Nieprawidłowa operacja między wątkami: do formantu '' uzyskiwany jest dostęp z wątku innego niż wątek, w którym został utworzony.

--- Main exception: StackTrace ---
   w System.Windows.Forms.Control.get_Handle()
   w System.Windows.Forms.Control.SetVisibleCore(Boolean value)
   w System.Windows.Forms.DataGridView.LayoutScrollBars()
   w System.Windows.Forms.DataGridView.ComputeLayout()
   w System.Windows.Forms.DataGridView.PerformLayoutPrivate(Boolean useRowShortcut, Boolean computeVisibleRows, Boolean invalidInAdjustFillingColumns, Boolean repositionEditingControl)
   w System.Windows.Forms.DataGridView.OnColumnWidthChanged(DataGridViewColumnEventArgs e)
   w System.Windows.Forms.DataGridViewBand.set_ThicknessInternal(Int32 value)
   w System.Windows.Forms.DataGridView.AutoResizeColumnInternal(Int32 columnIndex, DataGridViewAutoSizeColumnCriteriaInternal autoSizeColumnCriteriaInternal, Boolean fixedHeight)
   w System.Windows.Forms.DataGridView.OnCellCommonChange(Int32 columnIndex, Int32 rowIndex)
   w System.Windows.Forms.DataGridView.OnCellValueChanged(DataGridViewCellEventArgs e)
   w System.Windows.Forms.DataGridViewCell.SetValue(Int32 rowIndex, Object value)
   w GUI.MainForm.slaUpdateRowInfo(Object sender, DoWorkEventArgs e) w C:\CP\ParserGit\JiraParser\GUI\SlaService.cs:wiersz 565

--- Main exception: Source ---
System.Windows.Forms

wtorek, 25 czerwca 2019 08:15:35

--- Main exception: Message ---
Nieprawidłowa operacja między wątkami: do formantu '' uzyskiwany jest dostęp z wątku innego niż wątek, w którym został utworzony.

--- Main exception: StackTrace ---
   w System.Windows.Forms.Control.get_Handle()
   w System.Windows.Forms.Control.SetVisibleCore(Boolean value)
   w System.Windows.Forms.DataGridView.LayoutScrollBars()
   w System.Windows.Forms.DataGridView.ComputeLayout()
   w System.Windows.Forms.DataGridView.PerformLayoutPrivate(Boolean useRowShortcut, Boolean computeVisibleRows, Boolean invalidInAdjustFillingColumns, Boolean repositionEditingControl)
   w System.Windows.Forms.DataGridView.OnColumnWidthChanged(DataGridViewColumnEventArgs e)
   w System.Windows.Forms.DataGridViewBand.set_ThicknessInternal(Int32 value)
   w System.Windows.Forms.DataGridView.AutoResizeColumnInternal(Int32 columnIndex, DataGridViewAutoSizeColumnCriteriaInternal autoSizeColumnCriteriaInternal, Boolean fixedHeight)
   w System.Windows.Forms.DataGridView.OnCellCommonChange(Int32 columnIndex, Int32 rowIndex)
   w System.Windows.Forms.DataGridView.OnCellValueChanged(DataGridViewCellEventArgs e)
   w System.Windows.Forms.DataGridViewCell.SetValue(Int32 rowIndex, Object value)
   w GUI.MainForm.slaUpdateRowInfo(Object sender, DoWorkEventArgs e) w C:\CP\ParserGit\JiraParser\GUI\SlaService.cs:wiersz 565

--- Main exception: Source ---
System.Windows.Forms

wtorek, 25 czerwca 2019 08:21:25

Zgłoszenie ZCC-18988 dodano automatycznie o godzinie 2019-06-25 08:21:25!
wtorek, 25 czerwca 2019 08:21:25

Modyfikacja treeItem checkAsAssignewtorek, 25 czerwca 2019 08:21:30

addCommentJira string jiraKey ZCC-18988wtorek, 25 czerwca 2019 08:21:31

addCommentJira object sender, DoWorkEventArgs e ZCC-18988wtorek, 25 czerwca 2019 08:21:41

--- Main exception: Message ---
issueMove[treeView4] nie zawiera IssueId=WIND-8402

--- Main exception: StackTrace ---
   w GUI.MainForm.ModelerForm_sla_ActionFinish(String issueid, String eventName, TreeView tr) w C:\CP\ParserGit\JiraParser\GUI\MainForm.cs:wiersz 6699

--- Main exception: Source ---
GUI

wtorek, 25 czerwca 2019 08:39:37

--- Main exception: Message ---
Nieprawidłowa operacja między wątkami: do formantu '' uzyskiwany jest dostęp z wątku innego niż wątek, w którym został utworzony.

--- Main exception: StackTrace ---
   w System.Windows.Forms.Control.get_Handle()
   w System.Windows.Forms.ScrollBar.UpdateScrollInfo()
   w System.Windows.Forms.ScrollBar.OnEnabledChanged(EventArgs e)
   w System.Windows.Forms.Control.set_Enabled(Boolean value)
   w System.Windows.Forms.DataGridView.LayoutScrollBars()
   w System.Windows.Forms.DataGridView.ComputeLayout()
   w System.Windows.Forms.DataGridView.PerformLayoutPrivate(Boolean useRowShortcut, Boolean computeVisibleRows, Boolean invalidInAdjustFillingColumns, Boolean repositionEditingControl)
   w System.Windows.Forms.DataGridView.OnColumnWidthChanged(DataGridViewColumnEventArgs e)
   w System.Windows.Forms.DataGridViewBand.set_ThicknessInternal(Int32 value)
   w System.Windows.Forms.DataGridView.AutoResizeColumnInternal(Int32 columnIndex, DataGridViewAutoSizeColumnCriteriaInternal autoSizeColumnCriteriaInternal, Boolean fixedHeight)
   w System.Windows.Forms.DataGridView.OnCellCommonChange(Int32 columnIndex, Int32 rowIndex)
   w System.Windows.Forms.DataGridView.OnCellValueChanged(DataGridViewCellEventArgs e)
   w System.Windows.Forms.DataGridViewCell.SetValue(Int32 rowIndex, Object value)
   w GUI.MainForm.slaUpdateRowInfo(Object sender, DoWorkEventArgs e) w C:\CP\ParserGit\JiraParser\GUI\SlaService.cs:wiersz 565

--- Main exception: Source ---
System.Windows.Forms

wtorek, 25 czerwca 2019 08:39:49

--- Main exception: Message ---
issueMove[treeView4] nie zawiera IssueId=ZCC-18985

--- Main exception: StackTrace ---
   w GUI.MainForm.ModelerForm_sla_ActionFinish(String issueid, String eventName, TreeView tr) w C:\CP\ParserGit\JiraParser\GUI\MainForm.cs:wiersz 6699

--- Main exception: Source ---
GUI

wtorek, 25 czerwca 2019 08:39:53

--- Main exception: Message ---
issueMove[treeView4] nie zawiera IssueId=ZCC-18983

--- Main exception: StackTrace ---
   w GUI.MainForm.ModelerForm_sla_ActionFinish(String issueid, String eventName, TreeView tr) w C:\CP\ParserGit\JiraParser\GUI\MainForm.cs:wiersz 6699

--- Main exception: Source ---
GUI

wtorek, 25 czerwca 2019 08:39:56

--- Main exception: Message ---
issueMove[treeView4] nie zawiera IssueId=ZCC-18984

--- Main exception: StackTrace ---
   w GUI.MainForm.ModelerForm_sla_ActionFinish(String issueid, String eventName, TreeView tr) w C:\CP\ParserGit\JiraParser\GUI\MainForm.cs:wiersz 6699

--- Main exception: Source ---
GUI

wtorek, 25 czerwca 2019 08:39:59

--- Main exception: Message ---
issueMove[treeView4] nie zawiera IssueId=ZCC-18988

--- Main exception: StackTrace ---
   w GUI.MainForm.ModelerForm_sla_ActionFinish(String issueid, String eventName, TreeView tr) w C:\CP\ParserGit\JiraParser\GUI\MainForm.cs:wiersz 6699

--- Main exception: Source ---
GUI

wtorek, 25 czerwca 2019 08:51:26

Zgłoszenie ZCC-18989 dodano automatycznie o godzinie 2019-06-25 08:51:26!
wtorek, 25 czerwca 2019 08:51:27

Modyfikacja treeItem checkAsAssignewtorek, 25 czerwca 2019 08:51:38

addCommentJira string jiraKey ZCC-18989wtorek, 25 czerwca 2019 08:51:38

addCommentJira object sender, DoWorkEventArgs e ZCC-18989wtorek, 25 czerwca 2019 08:58:31

Odwołanie do obiektu nie zostało ustawione na wystąpienie obiektu.

wtorek, 25 czerwca 2019 09:03:37

--- Main exception: Message ---
Nieprawidłowa operacja między wątkami: do formantu '' uzyskiwany jest dostęp z wątku innego niż wątek, w którym został utworzony.

--- Main exception: StackTrace ---
   w System.Windows.Forms.Control.get_Handle()
   w System.Windows.Forms.Control.SetVisibleCore(Boolean value)
   w System.Windows.Forms.DataGridView.LayoutScrollBars()
   w System.Windows.Forms.DataGridView.ComputeLayout()
   w System.Windows.Forms.DataGridView.PerformLayoutPrivate(Boolean useRowShortcut, Boolean computeVisibleRows, Boolean invalidInAdjustFillingColumns, Boolean repositionEditingControl)
   w System.Windows.Forms.DataGridView.OnColumnWidthChanged(DataGridViewColumnEventArgs e)
   w System.Windows.Forms.DataGridViewBand.set_ThicknessInternal(Int32 value)
   w System.Windows.Forms.DataGridView.AutoResizeColumnInternal(Int32 columnIndex, DataGridViewAutoSizeColumnCriteriaInternal autoSizeColumnCriteriaInternal, Boolean fixedHeight)
   w System.Windows.Forms.DataGridView.OnCellCommonChange(Int32 columnIndex, Int32 rowIndex)
   w System.Windows.Forms.DataGridView.OnCellValueChanged(DataGridViewCellEventArgs e)
   w System.Windows.Forms.DataGridViewCell.SetValue(Int32 rowIndex, Object value)
   w GUI.MainForm.slaUpdateRowInfo(Object sender, DoWorkEventArgs e) w C:\CP\ParserGit\JiraParser\GUI\SlaService.cs:wiersz 565

--- Main exception: Source ---
System.Windows.Forms

wtorek, 25 czerwca 2019 09:09:36

--- Main exception: Message ---
Nieprawidłowa operacja między wątkami: do formantu '' uzyskiwany jest dostęp z wątku innego niż wątek, w którym został utworzony.

--- Main exception: StackTrace ---
   w System.Windows.Forms.Control.get_Handle()
   w System.Windows.Forms.Control.SetVisibleCore(Boolean value)
   w System.Windows.Forms.DataGridView.LayoutScrollBars()
   w System.Windows.Forms.DataGridView.ComputeLayout()
   w System.Windows.Forms.DataGridView.PerformLayoutPrivate(Boolean useRowShortcut, Boolean computeVisibleRows, Boolean invalidInAdjustFillingColumns, Boolean repositionEditingControl)
   w System.Windows.Forms.DataGridView.OnColumnWidthChanged(DataGridViewColumnEventArgs e)
   w System.Windows.Forms.DataGridViewBand.set_ThicknessInternal(Int32 value)
   w System.Windows.Forms.DataGridView.AutoResizeColumnInternal(Int32 columnIndex, DataGridViewAutoSizeColumnCriteriaInternal autoSizeColumnCriteriaInternal, Boolean fixedHeight)
   w System.Windows.Forms.DataGridView.OnCellCommonChange(Int32 columnIndex, Int32 rowIndex)
   w System.Windows.Forms.DataGridView.OnCellValueChanged(DataGridViewCellEventArgs e)
   w System.Windows.Forms.DataGridViewCell.SetValue(Int32 rowIndex, Object value)
   w GUI.MainForm.slaUpdateRowInfo(Object sender, DoWorkEventArgs e) w C:\CP\ParserGit\JiraParser\GUI\SlaService.cs:wiersz 565

--- Main exception: Source ---
System.Windows.Forms

wtorek, 25 czerwca 2019 09:09:43

--- Main exception: Message ---
issueMove[treeView4] nie zawiera IssueId=CRM-76121

--- Main exception: StackTrace ---
   w GUI.MainForm.ModelerForm_sla_ActionFinish(String issueid, String eventName, TreeView tr) w C:\CP\ParserGit\JiraParser\GUI\MainForm.cs:wiersz 6699

--- Main exception: Source ---
GUI

wtorek, 25 czerwca 2019 09:15:25

Zgłoszenie ZCC-18992 dodano automatycznie o godzinie 2019-06-25 09:15:25!
wtorek, 25 czerwca 2019 09:15:25

Modyfikacja treeItem checkAsAssignewtorek, 25 czerwca 2019 09:15:34

addCommentJira string jiraKey ZCC-18992wtorek, 25 czerwca 2019 09:15:34

addCommentJira object sender, DoWorkEventArgs e ZCC-18992wtorek, 25 czerwca 2019 09:15:39

--- Main exception: Message ---
Nieprawidłowa operacja między wątkami: do formantu '' uzyskiwany jest dostęp z wątku innego niż wątek, w którym został utworzony.

--- Main exception: StackTrace ---
   w System.Windows.Forms.Control.get_Handle()
   w System.Windows.Forms.ScrollBar.UpdateScrollInfo()
   w System.Windows.Forms.ScrollBar.OnEnabledChanged(EventArgs e)
   w System.Windows.Forms.Control.set_Enabled(Boolean value)
   w System.Windows.Forms.DataGridView.LayoutScrollBars()
   w System.Windows.Forms.DataGridView.ComputeLayout()
   w System.Windows.Forms.DataGridView.PerformLayoutPrivate(Boolean useRowShortcut, Boolean computeVisibleRows, Boolean invalidInAdjustFillingColumns, Boolean repositionEditingControl)
   w System.Windows.Forms.DataGridView.OnColumnWidthChanged(DataGridViewColumnEventArgs e)
   w System.Windows.Forms.DataGridViewBand.set_ThicknessInternal(Int32 value)
   w System.Windows.Forms.DataGridView.AutoResizeColumnInternal(Int32 columnIndex, DataGridViewAutoSizeColumnCriteriaInternal autoSizeColumnCriteriaInternal, Boolean fixedHeight)
   w System.Windows.Forms.DataGridView.OnCellCommonChange(Int32 columnIndex, Int32 rowIndex)
   w System.Windows.Forms.DataGridView.OnCellValueChanged(DataGridViewCellEventArgs e)
   w System.Windows.Forms.DataGridViewCell.SetValue(Int32 rowIndex, Object value)
   w GUI.MainForm.slaUpdateRowInfo(Object sender, DoWorkEventArgs e) w C:\CP\ParserGit\JiraParser\GUI\SlaService.cs:wiersz 565

--- Main exception: Source ---
System.Windows.Forms

wtorek, 25 czerwca 2019 10:33:24

Zgłoszenie ZCC-18994 dodano automatycznie o godzinie 2019-06-25 10:33:24!
wtorek, 25 czerwca 2019 10:33:24

Modyfikacja treeItem checkAsAssignewtorek, 25 czerwca 2019 10:33:32

addCommentJira string jiraKey ZCC-18994wtorek, 25 czerwca 2019 10:33:32

addCommentJira object sender, DoWorkEventArgs e ZCC-18994wtorek, 25 czerwca 2019 10:51:26

Zgłoszenie CRM-76123 dodano automatycznie o godzinie 2019-06-25 10:51:26!
wtorek, 25 czerwca 2019 10:51:27

Modyfikacja treeItem checkAsAssignewtorek, 25 czerwca 2019 10:51:36

addCommentJira string jiraKey CRM-76123wtorek, 25 czerwca 2019 10:51:36

addCommentJira object sender, DoWorkEventArgs e CRM-76123wtorek, 25 czerwca 2019 11:03:27

Zgłoszenie INFOLINIA-6739 dodano automatycznie o godzinie 2019-06-25 11:03:27!
wtorek, 25 czerwca 2019 11:03:27

Modyfikacja treeItem checkAsAssignewtorek, 25 czerwca 2019 11:03:33

Zgłoszenie CRM-76124 dodano automatycznie o godzinie 2019-06-25 11:03:33!
wtorek, 25 czerwca 2019 11:03:33

Modyfikacja treeItem checkAsAssignewtorek, 25 czerwca 2019 11:03:35

addCommentJira string jiraKey INFOLINIA-6739wtorek, 25 czerwca 2019 11:03:35

addCommentJira object sender, DoWorkEventArgs e INFOLINIA-6739wtorek, 25 czerwca 2019 11:03:42

addCommentJira string jiraKey CRM-76124wtorek, 25 czerwca 2019 11:03:42

addCommentJira object sender, DoWorkEventArgs e CRM-76124wtorek, 25 czerwca 2019 11:27:28

Zgłoszenie ZCC-18995 dodano automatycznie o godzinie 2019-06-25 11:27:28!
wtorek, 25 czerwca 2019 11:27:28

Modyfikacja treeItem checkAsAssignewtorek, 25 czerwca 2019 11:27:45

addCommentJira string jiraKey ZCC-18995wtorek, 25 czerwca 2019 11:27:45

addCommentJira object sender, DoWorkEventArgs e ZCC-18995wtorek, 25 czerwca 2019 11:33:53

--- Main exception: Message ---
issueMove[treeView4] nie zawiera IssueId=ZCC-18995

--- Main exception: StackTrace ---
   w GUI.MainForm.ModelerForm_sla_ActionFinish(String issueid, String eventName, TreeView tr) w C:\CP\ParserGit\JiraParser\GUI\MainForm.cs:wiersz 6699

--- Main exception: Source ---
GUI

wtorek, 25 czerwca 2019 11:45:25

Zgłoszenie CRM-76125 dodano automatycznie o godzinie 2019-06-25 11:45:25!
wtorek, 25 czerwca 2019 11:45:26

Modyfikacja treeItem checkAsAssignewtorek, 25 czerwca 2019 11:45:32

addCommentJira string jiraKey CRM-76125wtorek, 25 czerwca 2019 11:45:32

addCommentJira object sender, DoWorkEventArgs e CRM-76125wtorek, 25 czerwca 2019 11:45:43

--- Main exception: Message ---
Nieprawidłowa operacja między wątkami: do formantu '' uzyskiwany jest dostęp z wątku innego niż wątek, w którym został utworzony.

--- Main exception: StackTrace ---
   w System.Windows.Forms.Control.get_Handle()
   w System.Windows.Forms.ScrollBar.UpdateScrollInfo()
   w System.Windows.Forms.ScrollBar.OnEnabledChanged(EventArgs e)
   w System.Windows.Forms.Control.set_Enabled(Boolean value)
   w System.Windows.Forms.DataGridView.LayoutScrollBars()
   w System.Windows.Forms.DataGridView.ComputeLayout()
   w System.Windows.Forms.DataGridView.PerformLayoutPrivate(Boolean useRowShortcut, Boolean computeVisibleRows, Boolean invalidInAdjustFillingColumns, Boolean repositionEditingControl)
   w System.Windows.Forms.DataGridView.OnColumnWidthChanged(DataGridViewColumnEventArgs e)
   w System.Windows.Forms.DataGridViewBand.set_ThicknessInternal(Int32 value)
   w System.Windows.Forms.DataGridView.AutoResizeColumnInternal(Int32 columnIndex, DataGridViewAutoSizeColumnCriteriaInternal autoSizeColumnCriteriaInternal, Boolean fixedHeight)
   w System.Windows.Forms.DataGridView.OnCellCommonChange(Int32 columnIndex, Int32 rowIndex)
   w System.Windows.Forms.DataGridView.OnCellValueChanged(DataGridViewCellEventArgs e)
   w System.Windows.Forms.DataGridViewCell.SetValue(Int32 rowIndex, Object value)
   w GUI.MainForm.slaUpdateRowInfo(Object sender, DoWorkEventArgs e) w C:\CP\ParserGit\JiraParser\GUI\SlaService.cs:wiersz 565

--- Main exception: Source ---
System.Windows.Forms

wtorek, 25 czerwca 2019 11:51:46

--- Main exception: Message ---
issueMove[treeView4] nie zawiera IssueId=CRM-76123

--- Main exception: StackTrace ---
   w GUI.MainForm.ModelerForm_sla_ActionFinish(String issueid, String eventName, TreeView tr) w C:\CP\ParserGit\JiraParser\GUI\MainForm.cs:wiersz 6699

--- Main exception: Source ---
GUI

wtorek, 25 czerwca 2019 11:57:48

--- Main exception: Message ---
issueMove[treeView4] nie zawiera IssueId=CRM-76124

--- Main exception: StackTrace ---
   w GUI.MainForm.ModelerForm_sla_ActionFinish(String issueid, String eventName, TreeView tr) w C:\CP\ParserGit\JiraParser\GUI\MainForm.cs:wiersz 6699

--- Main exception: Source ---
GUI

wtorek, 25 czerwca 2019 12:03:36

--- Main exception: Message ---
Nieprawidłowa operacja między wątkami: do formantu '' uzyskiwany jest dostęp z wątku innego niż wątek, w którym został utworzony.

--- Main exception: StackTrace ---
   w System.Windows.Forms.Control.get_Handle()
   w System.Windows.Forms.ScrollBar.UpdateScrollInfo()
   w System.Windows.Forms.ScrollBar.OnEnabledChanged(EventArgs e)
   w System.Windows.Forms.Control.set_Enabled(Boolean value)
   w System.Windows.Forms.DataGridView.LayoutScrollBars()
   w System.Windows.Forms.DataGridView.ComputeLayout()
   w System.Windows.Forms.DataGridView.PerformLayoutPrivate(Boolean useRowShortcut, Boolean computeVisibleRows, Boolean invalidInAdjustFillingColumns, Boolean repositionEditingControl)
   w System.Windows.Forms.DataGridView.OnColumnWidthChanged(DataGridViewColumnEventArgs e)
   w System.Windows.Forms.DataGridViewBand.set_ThicknessInternal(Int32 value)
   w System.Windows.Forms.DataGridView.AutoResizeColumnInternal(Int32 columnIndex, DataGridViewAutoSizeColumnCriteriaInternal autoSizeColumnCriteriaInternal, Boolean fixedHeight)
   w System.Windows.Forms.DataGridView.OnCellCommonChange(Int32 columnIndex, Int32 rowIndex)
   w System.Windows.Forms.DataGridView.OnCellValueChanged(DataGridViewCellEventArgs e)
   w System.Windows.Forms.DataGridViewCell.SetValue(Int32 rowIndex, Object value)
   w GUI.MainForm.slaUpdateRowInfo(Object sender, DoWorkEventArgs e) w C:\CP\ParserGit\JiraParser\GUI\SlaService.cs:wiersz 565

--- Main exception: Source ---
System.Windows.Forms

wtorek, 25 czerwca 2019 12:09:39

--- Main exception: Message ---
Nieprawidłowa operacja między wątkami: do formantu '' uzyskiwany jest dostęp z wątku innego niż wątek, w którym został utworzony.

--- Main exception: StackTrace ---
   w System.Windows.Forms.Control.get_Handle()
   w System.Windows.Forms.ScrollBar.UpdateScrollInfo()
   w System.Windows.Forms.ScrollBar.OnEnabledChanged(EventArgs e)
   w System.Windows.Forms.Control.set_Enabled(Boolean value)
   w System.Windows.Forms.DataGridView.LayoutScrollBars()
   w System.Windows.Forms.DataGridView.ComputeLayout()
   w System.Windows.Forms.DataGridView.PerformLayoutPrivate(Boolean useRowShortcut, Boolean computeVisibleRows, Boolean invalidInAdjustFillingColumns, Boolean repositionEditingControl)
   w System.Windows.Forms.DataGridView.OnColumnWidthChanged(DataGridViewColumnEventArgs e)
   w System.Windows.Forms.DataGridViewBand.set_ThicknessInternal(Int32 value)
   w System.Windows.Forms.DataGridView.AutoResizeColumnInternal(Int32 columnIndex, DataGridViewAutoSizeColumnCriteriaInternal autoSizeColumnCriteriaInternal, Boolean fixedHeight)
   w System.Windows.Forms.DataGridView.OnCellCommonChange(Int32 columnIndex, Int32 rowIndex)
   w System.Windows.Forms.DataGridView.OnCellValueChanged(DataGridViewCellEventArgs e)
   w System.Windows.Forms.DataGridViewCell.SetValue(Int32 rowIndex, Object value)
   w GUI.MainForm.slaUpdateRowInfo(Object sender, DoWorkEventArgs e) w C:\CP\ParserGit\JiraParser\GUI\SlaService.cs:wiersz 565

--- Main exception: Source ---
System.Windows.Forms

wtorek, 25 czerwca 2019 12:15:36

--- Main exception: Message ---
Nieprawidłowa operacja między wątkami: do formantu '' uzyskiwany jest dostęp z wątku innego niż wątek, w którym został utworzony.

--- Main exception: StackTrace ---
   w System.Windows.Forms.Control.get_Handle()
   w System.Windows.Forms.ScrollBar.UpdateScrollInfo()
   w System.Windows.Forms.ScrollBar.OnEnabledChanged(EventArgs e)
   w System.Windows.Forms.Control.set_Enabled(Boolean value)
   w System.Windows.Forms.DataGridView.LayoutScrollBars()
   w System.Windows.Forms.DataGridView.ComputeLayout()
   w System.Windows.Forms.DataGridView.PerformLayoutPrivate(Boolean useRowShortcut, Boolean computeVisibleRows, Boolean invalidInAdjustFillingColumns, Boolean repositionEditingControl)
   w System.Windows.Forms.DataGridView.OnColumnWidthChanged(DataGridViewColumnEventArgs e)
   w System.Windows.Forms.DataGridViewBand.set_ThicknessInternal(Int32 value)
   w System.Windows.Forms.DataGridView.AutoResizeColumnInternal(Int32 columnIndex, DataGridViewAutoSizeColumnCriteriaInternal autoSizeColumnCriteriaInternal, Boolean fixedHeight)
   w System.Windows.Forms.DataGridView.OnCellCommonChange(Int32 columnIndex, Int32 rowIndex)
   w System.Windows.Forms.DataGridView.OnCellValueChanged(DataGridViewCellEventArgs e)
   w System.Windows.Forms.DataGridViewCell.SetValue(Int32 rowIndex, Object value)
   w GUI.MainForm.slaUpdateRowInfo(Object sender, DoWorkEventArgs e) w C:\CP\ParserGit\JiraParser\GUI\SlaService.cs:wiersz 565

--- Main exception: Source ---
System.Windows.Forms

wtorek, 25 czerwca 2019 12:15:37

--- Main exception: Message ---
Nieprawidłowa operacja między wątkami: do formantu '' uzyskiwany jest dostęp z wątku innego niż wątek, w którym został utworzony.

--- Main exception: StackTrace ---
   w System.Windows.Forms.Control.get_Handle()
   w System.Windows.Forms.ScrollBar.UpdateScrollInfo()
   w System.Windows.Forms.ScrollBar.set_Maximum(Int32 value)
   w System.Windows.Forms.DataGridView.LayoutScrollBars()
   w System.Windows.Forms.DataGridView.ComputeLayout()
   w System.Windows.Forms.DataGridView.PerformLayoutPrivate(Boolean useRowShortcut, Boolean computeVisibleRows, Boolean invalidInAdjustFillingColumns, Boolean repositionEditingControl)
   w System.Windows.Forms.DataGridView.OnColumnWidthChanged(DataGridViewColumnEventArgs e)
   w System.Windows.Forms.DataGridViewBand.set_ThicknessInternal(Int32 value)
   w System.Windows.Forms.DataGridView.AutoResizeColumnInternal(Int32 columnIndex, DataGridViewAutoSizeColumnCriteriaInternal autoSizeColumnCriteriaInternal, Boolean fixedHeight)
   w System.Windows.Forms.DataGridView.OnCellCommonChange(Int32 columnIndex, Int32 rowIndex)
   w System.Windows.Forms.DataGridView.OnCellValueChanged(DataGridViewCellEventArgs e)
   w System.Windows.Forms.DataGridViewCell.SetValue(Int32 rowIndex, Object value)
   w GUI.MainForm.slaUpdateRowInfo(Object sender, DoWorkEventArgs e) w C:\CP\ParserGit\JiraParser\GUI\SlaService.cs:wiersz 565

--- Main exception: Source ---
System.Windows.Forms

wtorek, 25 czerwca 2019 12:21:36

--- Main exception: Message ---
Nieprawidłowa operacja między wątkami: do formantu '' uzyskiwany jest dostęp z wątku innego niż wątek, w którym został utworzony.

--- Main exception: StackTrace ---
   w System.Windows.Forms.Control.get_Handle()
   w System.Windows.Forms.ScrollBar.UpdateScrollInfo()
   w System.Windows.Forms.ScrollBar.OnEnabledChanged(EventArgs e)
   w System.Windows.Forms.Control.set_Enabled(Boolean value)
   w System.Windows.Forms.DataGridView.LayoutScrollBars()
   w System.Windows.Forms.DataGridView.ComputeLayout()
   w System.Windows.Forms.DataGridView.PerformLayoutPrivate(Boolean useRowShortcut, Boolean computeVisibleRows, Boolean invalidInAdjustFillingColumns, Boolean repositionEditingControl)
   w System.Windows.Forms.DataGridView.OnColumnWidthChanged(DataGridViewColumnEventArgs e)
   w System.Windows.Forms.DataGridViewBand.set_ThicknessInternal(Int32 value)
   w System.Windows.Forms.DataGridView.AutoResizeColumnInternal(Int32 columnIndex, DataGridViewAutoSizeColumnCriteriaInternal autoSizeColumnCriteriaInternal, Boolean fixedHeight)
   w System.Windows.Forms.DataGridView.OnCellCommonChange(Int32 columnIndex, Int32 rowIndex)
   w System.Windows.Forms.DataGridView.OnCellValueChanged(DataGridViewCellEventArgs e)
   w System.Windows.Forms.DataGridViewCell.SetValue(Int32 rowIndex, Object value)
   w GUI.MainForm.slaUpdateRowInfo(Object sender, DoWorkEventArgs e) w C:\CP\ParserGit\JiraParser\GUI\SlaService.cs:wiersz 565

--- Main exception: Source ---
System.Windows.Forms

wtorek, 25 czerwca 2019 12:21:37

--- Main exception: Message ---
Nieprawidłowa operacja między wątkami: do formantu '' uzyskiwany jest dostęp z wątku innego niż wątek, w którym został utworzony.

--- Main exception: StackTrace ---
   w System.Windows.Forms.Control.get_Handle()
   w System.Windows.Forms.ScrollBar.UpdateScrollInfo()
   w System.Windows.Forms.ScrollBar.set_Maximum(Int32 value)
   w System.Windows.Forms.DataGridView.LayoutScrollBars()
   w System.Windows.Forms.DataGridView.ComputeLayout()
   w System.Windows.Forms.DataGridView.PerformLayoutPrivate(Boolean useRowShortcut, Boolean computeVisibleRows, Boolean invalidInAdjustFillingColumns, Boolean repositionEditingControl)
   w System.Windows.Forms.DataGridView.OnColumnWidthChanged(DataGridViewColumnEventArgs e)
   w System.Windows.Forms.DataGridViewBand.set_ThicknessInternal(Int32 value)
   w System.Windows.Forms.DataGridView.AutoResizeColumnInternal(Int32 columnIndex, DataGridViewAutoSizeColumnCriteriaInternal autoSizeColumnCriteriaInternal, Boolean fixedHeight)
   w System.Windows.Forms.DataGridView.OnCellCommonChange(Int32 columnIndex, Int32 rowIndex)
   w System.Windows.Forms.DataGridView.OnCellValueChanged(DataGridViewCellEventArgs e)
   w System.Windows.Forms.DataGridViewCell.SetValue(Int32 rowIndex, Object value)
   w GUI.MainForm.slaUpdateRowInfo(Object sender, DoWorkEventArgs e) w C:\CP\ParserGit\JiraParser\GUI\SlaService.cs:wiersz 565

--- Main exception: Source ---
System.Windows.Forms

wtorek, 25 czerwca 2019 12:27:43

--- Main exception: Message ---
Nieprawidłowa operacja między wątkami: do formantu '' uzyskiwany jest dostęp z wątku innego niż wątek, w którym został utworzony.

--- Main exception: StackTrace ---
   w System.Windows.Forms.Control.get_Handle()
   w System.Windows.Forms.ScrollBar.UpdateScrollInfo()
   w System.Windows.Forms.ScrollBar.OnEnabledChanged(EventArgs e)
   w System.Windows.Forms.Control.set_Enabled(Boolean value)
   w System.Windows.Forms.DataGridView.LayoutScrollBars()
   w System.Windows.Forms.DataGridView.ComputeLayout()
   w System.Windows.Forms.DataGridView.PerformLayoutPrivate(Boolean useRowShortcut, Boolean computeVisibleRows, Boolean invalidInAdjustFillingColumns, Boolean repositionEditingControl)
   w System.Windows.Forms.DataGridView.OnColumnWidthChanged(DataGridViewColumnEventArgs e)
   w System.Windows.Forms.DataGridViewBand.set_ThicknessInternal(Int32 value)
   w System.Windows.Forms.DataGridView.AutoResizeColumnInternal(Int32 columnIndex, DataGridViewAutoSizeColumnCriteriaInternal autoSizeColumnCriteriaInternal, Boolean fixedHeight)
   w System.Windows.Forms.DataGridView.OnCellCommonChange(Int32 columnIndex, Int32 rowIndex)
   w System.Windows.Forms.DataGridView.OnCellValueChanged(DataGridViewCellEventArgs e)
   w System.Windows.Forms.DataGridViewCell.SetValue(Int32 rowIndex, Object value)
   w GUI.MainForm.slaUpdateRowInfo(Object sender, DoWorkEventArgs e) w C:\CP\ParserGit\JiraParser\GUI\SlaService.cs:wiersz 565

--- Main exception: Source ---
System.Windows.Forms

wtorek, 25 czerwca 2019 12:33:25

Zgłoszenie ZCC-19000 dodano automatycznie o godzinie 2019-06-25 12:33:25!
wtorek, 25 czerwca 2019 12:33:26

Modyfikacja treeItem checkAsAssignewtorek, 25 czerwca 2019 12:33:32

addCommentJira string jiraKey ZCC-19000wtorek, 25 czerwca 2019 12:33:32

addCommentJira object sender, DoWorkEventArgs e ZCC-19000wtorek, 25 czerwca 2019 12:33:42

--- Main exception: Message ---
Nieprawidłowa operacja między wątkami: do formantu '' uzyskiwany jest dostęp z wątku innego niż wątek, w którym został utworzony.

--- Main exception: StackTrace ---
   w System.Windows.Forms.Control.get_Handle()
   w System.Windows.Forms.ScrollBar.UpdateScrollInfo()
   w System.Windows.Forms.ScrollBar.OnEnabledChanged(EventArgs e)
   w System.Windows.Forms.Control.set_Enabled(Boolean value)
   w System.Windows.Forms.DataGridView.LayoutScrollBars()
   w System.Windows.Forms.DataGridView.ComputeLayout()
   w System.Windows.Forms.DataGridView.PerformLayoutPrivate(Boolean useRowShortcut, Boolean computeVisibleRows, Boolean invalidInAdjustFillingColumns, Boolean repositionEditingControl)
   w System.Windows.Forms.DataGridView.OnColumnWidthChanged(DataGridViewColumnEventArgs e)
   w System.Windows.Forms.DataGridViewBand.set_ThicknessInternal(Int32 value)
   w System.Windows.Forms.DataGridView.AutoResizeColumnInternal(Int32 columnIndex, DataGridViewAutoSizeColumnCriteriaInternal autoSizeColumnCriteriaInternal, Boolean fixedHeight)
   w System.Windows.Forms.DataGridView.OnCellCommonChange(Int32 columnIndex, Int32 rowIndex)
   w System.Windows.Forms.DataGridView.OnCellValueChanged(DataGridViewCellEventArgs e)
   w System.Windows.Forms.DataGridViewCell.SetValue(Int32 rowIndex, Object value)
   w GUI.MainForm.slaUpdateRowInfo(Object sender, DoWorkEventArgs e) w C:\CP\ParserGit\JiraParser\GUI\SlaService.cs:wiersz 565

--- Main exception: Source ---
System.Windows.Forms

wtorek, 25 czerwca 2019 12:33:56

--- Main exception: Message ---
issueMove[treeView4] nie zawiera IssueId=WIND-8404

--- Main exception: StackTrace ---
   w GUI.MainForm.ModelerForm_sla_ActionFinish(String issueid, String eventName, TreeView tr) w C:\CP\ParserGit\JiraParser\GUI\MainForm.cs:wiersz 6699

--- Main exception: Source ---
GUI

wtorek, 25 czerwca 2019 12:38:12

Odwołanie do obiektu nie zostało ustawione na wystąpienie obiektu.

wtorek, 25 czerwca 2019 12:38:38

--- Main exception: Message ---
Odwołanie do obiektu nie zostało ustawione na wystąpienie obiektu.

--- Main exception: StackTrace ---
   w GUI.WFSModelerForm.btn_Save_Click(Object sender, EventArgs e) w C:\CP\ParserGit\JiraParser\GUI\WFSModelerForm.cs:wiersz 1658
   w System.Windows.Forms.Control.OnClick(EventArgs e)
   w System.Windows.Forms.Button.OnClick(EventArgs e)
   w System.Windows.Forms.Button.OnMouseUp(MouseEventArgs mevent)
   w System.Windows.Forms.Control.WmMouseUp(Message& m, MouseButtons button, Int32 clicks)
   w System.Windows.Forms.Control.WndProc(Message& m)
   w System.Windows.Forms.ButtonBase.WndProc(Message& m)
   w System.Windows.Forms.Button.WndProc(Message& m)
   w System.Windows.Forms.NativeWindow.DebuggableCallback(IntPtr hWnd, Int32 msg, IntPtr wparam, IntPtr lparam)
   w System.Windows.Forms.UnsafeNativeMethods.DispatchMessageW(MSG& msg)
   w System.Windows.Forms.Application.ComponentManager.System.Windows.Forms.UnsafeNativeMethods.IMsoComponentManager.FPushMessageLoop(IntPtr dwComponentID, Int32 reason, Int32 pvLoopData)
   w System.Windows.Forms.Application.ThreadContext.RunMessageLoopInner(Int32 reason, ApplicationContext context)
   w System.Windows.Forms.Application.ThreadContext.RunMessageLoop(Int32 reason, ApplicationContext context)
   w System.Windows.Forms.Form.ShowDialog(IWin32Window owner)
   w GUI.MainForm.m2_Click(Object sender, EventArgs e) w C:\CP\ParserGit\JiraParser\GUI\MainForm.cs:wiersz 6582

--- Main exception: Source ---
GUI

wtorek, 25 czerwca 2019 12:39:05

--- Main exception: Message ---
Nieprawidłowa operacja między wątkami: do formantu '' uzyskiwany jest dostęp z wątku innego niż wątek, w którym został utworzony.

--- Main exception: StackTrace ---
   w System.Windows.Forms.Control.get_Handle()
   w System.Windows.Forms.ScrollBar.UpdateScrollInfo()
   w System.Windows.Forms.ScrollBar.OnEnabledChanged(EventArgs e)
   w System.Windows.Forms.Control.set_Enabled(Boolean value)
   w System.Windows.Forms.DataGridView.LayoutScrollBars()
   w System.Windows.Forms.DataGridView.ComputeLayout()
   w System.Windows.Forms.DataGridView.PerformLayoutPrivate(Boolean useRowShortcut, Boolean computeVisibleRows, Boolean invalidInAdjustFillingColumns, Boolean repositionEditingControl)
   w System.Windows.Forms.DataGridView.OnColumnWidthChanged(DataGridViewColumnEventArgs e)
   w System.Windows.Forms.DataGridViewBand.set_ThicknessInternal(Int32 value)
   w System.Windows.Forms.DataGridView.AutoResizeColumnInternal(Int32 columnIndex, DataGridViewAutoSizeColumnCriteriaInternal autoSizeColumnCriteriaInternal, Boolean fixedHeight)
   w System.Windows.Forms.DataGridView.OnCellCommonChange(Int32 columnIndex, Int32 rowIndex)
   w System.Windows.Forms.DataGridView.OnCellValueChanged(DataGridViewCellEventArgs e)
   w System.Windows.Forms.DataGridViewCell.SetValue(Int32 rowIndex, Object value)
   w GUI.MainForm.slaUpdateRowInfo(Object sender, DoWorkEventArgs e) w C:\CP\ParserGit\JiraParser\GUI\SlaService.cs:wiersz 565

--- Main exception: Source ---
System.Windows.Forms

wtorek, 25 czerwca 2019 12:39:38

--- Main exception: Message ---
Nieprawidłowa operacja między wątkami: do formantu '' uzyskiwany jest dostęp z wątku innego niż wątek, w którym został utworzony.

--- Main exception: StackTrace ---
   w System.Windows.Forms.Control.get_Handle()
   w System.Windows.Forms.ScrollBar.UpdateScrollInfo()
   w System.Windows.Forms.ScrollBar.OnEnabledChanged(EventArgs e)
   w System.Windows.Forms.Control.set_Enabled(Boolean value)
   w System.Windows.Forms.DataGridView.LayoutScrollBars()
   w System.Windows.Forms.DataGridView.ComputeLayout()
   w System.Windows.Forms.DataGridView.PerformLayoutPrivate(Boolean useRowShortcut, Boolean computeVisibleRows, Boolean invalidInAdjustFillingColumns, Boolean repositionEditingControl)
   w System.Windows.Forms.DataGridView.OnColumnWidthChanged(DataGridViewColumnEventArgs e)
   w System.Windows.Forms.DataGridViewBand.set_ThicknessInternal(Int32 value)
   w System.Windows.Forms.DataGridView.AutoResizeColumnInternal(Int32 columnIndex, DataGridViewAutoSizeColumnCriteriaInternal autoSizeColumnCriteriaInternal, Boolean fixedHeight)
   w System.Windows.Forms.DataGridView.OnCellCommonChange(Int32 columnIndex, Int32 rowIndex)
   w System.Windows.Forms.DataGridView.OnCellValueChanged(DataGridViewCellEventArgs e)
   w System.Windows.Forms.DataGridViewCell.SetValue(Int32 rowIndex, Object value)
   w GUI.MainForm.slaUpdateRowInfo(Object sender, DoWorkEventArgs e) w C:\CP\ParserGit\JiraParser\GUI\SlaService.cs:wiersz 565

--- Main exception: Source ---
System.Windows.Forms

wtorek, 25 czerwca 2019 13:57:24

Zgłoszenie ZCC-19002 dodano automatycznie o godzinie 2019-06-25 13:57:24!
wtorek, 25 czerwca 2019 13:57:24

Modyfikacja treeItem checkAsAssignewtorek, 25 czerwca 2019 13:57:34

addCommentJira string jiraKey ZCC-19002wtorek, 25 czerwca 2019 13:57:34

addCommentJira object sender, DoWorkEventArgs e ZCC-19002wtorek, 25 czerwca 2019 14:15:41

--- Main exception: Message ---
issueMove[treeView4] nie zawiera IssueId=CRM-76127

--- Main exception: StackTrace ---
   w GUI.MainForm.ModelerForm_sla_ActionFinish(String issueid, String eventName, TreeView tr) w C:\CP\ParserGit\JiraParser\GUI\MainForm.cs:wiersz 6699

--- Main exception: Source ---
GUI

wtorek, 25 czerwca 2019 14:33:45

--- Main exception: Message ---
issueMove[treeView4] nie zawiera IssueId=ZCC-19002

--- Main exception: StackTrace ---
   w GUI.MainForm.ModelerForm_sla_ActionFinish(String issueid, String eventName, TreeView tr) w C:\CP\ParserGit\JiraParser\GUI\MainForm.cs:wiersz 6699

--- Main exception: Source ---
GUI

wtorek, 25 czerwca 2019 15:45:25

Zgłoszenie ZCC-19004 dodano automatycznie o godzinie 2019-06-25 15:45:25!
wtorek, 25 czerwca 2019 15:45:25

Modyfikacja treeItem checkAsAssignewtorek, 25 czerwca 2019 15:45:35

addCommentJira string jiraKey ZCC-19004wtorek, 25 czerwca 2019 15:45:35

addCommentJira object sender, DoWorkEventArgs e ZCC-19004