środa, 10 kwietnia 2019 08:12:48

--- Main exception: Message ---
Response Content: <html>

<head>
    <title>Unauthorized (401)</title>
    



<!--[if IE]><![endif]-->
<script type="text/javascript">
    (function() {
        var contextPath = '';
        var eventBuffer = [];

        function printDeprecatedMsg() {
            if (console && console.warn) {
                console.warn('DEPRECATED JS - contextPath global variable has been deprecated since 7.4.0. Use `wrm/context-path` module instead.');
            }
        }

        function sendEvent(analytics, postfix) {
            analytics.send({
                name: 'js.globals.contextPath.' + postfix
            });
        }

        function sendDeprecatedEvent(postfix) {
            try {
                var analytics = require('jira/analytics');
                if (eventBuffer.length) {
                    eventBuffer.forEach(function(value) {
                        sendEvent(analytics, value);
                    });
                    eventBuffer = [];
                }

                if (postfix) {
                    sendEvent(analytics, postfix);
                }
            } catch(ex) {
                eventBuffer.push(postfix);
                setTimeout(sendDeprecatedEvent, 1000);
            }
        }

        Object.defineProperty(window, 'contextPath', {
            get: function() {
                printDeprecatedMsg();
                sendDeprecatedEvent('get');
                return contextPath;
            },
            set: function(value) {
                printDeprecatedMsg();
                sendDeprecatedEvent('set');
                contextPath = value;
            }
        });
    })();

</script>
<script>
window.WRM=window.WRM||{};window.WRM._unparsedData=window.WRM._unparsedData||{};window.WRM._unparsedErrors=window.WRM._unparsedErrors||{};
WRM._unparsedData["com.atlassian.plugins.atlassian-plugins-webresource-plugin:context-path.context-path"]="\"\"";
WRM._unparsedData["jira.webresources:feature-flags.feature-flag-data"]="{\"enabled-feature-keys\":[\"com.atlassian.jira.agile.darkfeature.editable.detailsview\",\"nps.survey.inline.dialog\",\"com.atlassian.jira.agile.darkfeature.edit.closed.sprint.enabled\",\"jira.plugin.devstatus.phasetwo\",\"jira.frother.reporter.field\",\"atlassian.rest.xsrf.legacy.enabled\",\"jira.issue.status.lozenge\",\"com.atlassian.jira.config.BIG_PIPE\",\"com.atlassian.jira.config.PDL\",\"jira.plugin.devstatus.phasetwo.enabled\",\"atlassian.aui.raphael.disabled\",\"app-switcher.new\",\"frother.assignee.field\",\"com.atlassian.jira.projects.ProjectCentricNavigation.Switch\",\"jira.onboarding.cyoa\",\"com.atlassian.jira.agile.darkfeature.kanplan.enabled\",\"com.atlassian.jira.config.ProjectConfig.MENU\",\"com.atlassian.jira.projects.sidebar.DEFER_RESOURCES\",\"com.atlassian.jira.agile.darkfeature.kanplan.epics.and.versions.enabled\",\"com.atlassian.jira.agile.darkfeature.sprint.goal.enabled\",\"jira.zdu.admin-updates-ui\",\"jira.zdu.jmx-monitoring\",\"sd.new.settings.sidebar.location.disabled\",\"jira.zdu.cluster-upgrade-state\",\"com.atlassian.jira.agile.darkfeature.splitissue\",\"com.atlassian.jira.config.CoreFeatures.LICENSE_ROLES_ENABLED\",\"com.atlassian.feedback.feedback-button-move-to-header-enable\",\"jira.export.csv.enabled\"],\"feature-flag-states\":{\"com.atlassian.jira.agile.darkfeature.kanplan\":false,\"jira.priorities.per.project.jsd\":true,\"jira.instrumentation.laas\":false,\"com.atlassian.jira.agile.darkfeature.edit.closed.sprint\":false,\"com.atlassian.jira.issuetable.draggable\":true,\"jira.create.linked.issue\":true,\"com.atlassian.jira.agile.darkfeature.sprint.goal\":false,\"com.atlassian.jira.agile.darkfeature.kanban.hide.old.done.issues\":false,\"jira.sal.host.connect.accessor.existing.transaction.will.create.transactions\":true,\"jira.jql.suggestrecentfields\":false,\"com.atlassian.jira.plugin.issuenavigator.filtersUxImprovment\":true,\"com.atlassian.jira.agile.darkfeature.kanplan.epics.and.versions\":false,\"jira.jql.smartautoselectfirst\":false,\"com.atlassian.jira.agile.darkfeature.optimistic.transitions\":true,\"com.atlassian.jira.issuetable.move.links.hidden\":true,\"jira.priorities.per.project\":true,\"com.atlassian.jira.upgrade.startup.fix.index\":true,\"jira.renderer.consider.variable.format\":true}}";
WRM._unparsedData["jira.webresources:default-comment-security-level.DefaultCommentSecurityLevelHelpLink"]="{\"extraClasses\":\"default-comment-level-help\",\"title\":\"Commenting on an Issue\",\"url\":\"https://docs.atlassian.com/jira/jcore-docs-076/Editing+and+collaborating+on+issues#Editingandcollaboratingonissues-restrictacomment\",\"isLocal\":false}";
WRM._unparsedData["com.onresolve.jira.groovy.groovyrunner:web-item-response-renderer.web-item-actions-data-provider"]="[]";
WRM._unparsedData["jira.webresources:dateFormatProvider.allFormats"]="{\"dateFormats\":{\"meridiem\":[\"AM\",\"PM\"],\"eras\":[\"p.n.e.\",\"n.e.\"],\"months\":[\"stycznia\",\"lutego\",\"marca\",\"kwietnia\",\"maja\",\"czerwca\",\"lipca\",\"sierpnia\",\"wrze\u015bnia\",\"pa\u017adziernika\",\"listopada\",\"grudnia\"],\"monthsShort\":[\"sty\",\"lut\",\"mar\",\"kwi\",\"maj\",\"cze\",\"lip\",\"sie\",\"wrz\",\"pa\u017a\",\"lis\",\"gru\"],\"weekdaysShort\":[\"N\",\"Pn\",\"Wt\",\"\u015ar\",\"Cz\",\"Pt\",\"So\"],\"weekdays\":[\"niedziela\",\"poniedzia\u0142ek\",\"wtorek\",\"\u015broda\",\"czwartek\",\"pi\u0105tek\",\"sobota\"]},\"lookAndFeelFormats\":{\"relativize\":\"false\",\"time\":\"H:mm\",\"day\":\"EEEE H:mm\",\"dmy\":\"dd/MM/yyyy\",\"complete\":\"dd/MM/yyyy H:mm\"}}";
WRM._unparsedData["com.atlassian.plugins.helptips.jira-help-tips:help-tip-manager.JiraHelpTipData"]="{\"anonymous\":true}";
WRM._unparsedData["jira.webresources:avatar-picker.data"]="{}";
WRM._unparsedData["com.atlassian.jira.jira-header-plugin:dismissedFlags.flags"]="{\"dismissed\":[]}";
WRM._unparsedData["com.atlassian.jira.jira-header-plugin:newsletter-signup-tip-init.newsletterSignup"]="{\"signupDescription\":\"Si\u0119gnij po aktualizacje, inspiracje i sprawdzone rozwi\u0105zania od zespo\u0142u Jira.\",\"formUrl\":\"https://www.atlassian.com/apis/exact-target/{0}/subscribe?mailingListId=1401671\",\"signupTitle\":\"Zarejestruj si\u0119!\",\"signupId\":\"newsletter-signup-tip\",\"showNewsletterTip\":false}";
WRM._unparsedData["com.atlassian.jira.project-templates-plugin:project-templates-plugin-resources.ptAnalyticsData"]="{\"instanceCreatedDate\":\"2010-04-14\"}";
WRM._unparsedData["com.atlassian.jira.ext.calendar:tipDataProvider.tip"]="{\"suppressTip\":false}";
WRM._unparsedData["com.onresolve.jira.groovy.groovyrunner:directIdeaIntegration.idea-editor-data-provider"]="{\"available\":false,\"enabled\":false,\"isExternalIdeaEnabled\":false,\"url\":\"https://localhost:63349\",\"app\":\"JIRA\",\"platformId\":\"jira\",\"version\":\"7.6.8\",\"pluginVersion\":\"5.4.45\",\"running\":false,\"canonicalBaseUrl\":\"https://jira.polsatc\",\"scriptRoots\":[],\"hasEditPermissions\":false}";
WRM._unparsedData["com.atlassian.jira.plugins.jira-wiki-editor:wiki-editor-resources.help-data"]="{\"showHelp\":true,\"editorDocumentationUrl\":[\"https://docs.atlassian.com/jira/jcore-docs-076/Visual+editing\"],\"editorDocumentationTitle\":[\"Show me documentation for the visual editor\"]}";
WRM._unparsedData["com.atlassian.jira.plugins.jira-wiki-editor:wiki-editor-resources.thumbnails-allowed"]="true";
WRM._unparsedData["jira.webresources:user-message-flags.adminLockout"]="{}";
if(window.WRM._dataArrived)window.WRM._dataArrived();</script>
<link type="text/css" rel="stylesheet" href="/s/7c74042ca47c78458ae7f9e42bba0ff3-CDN/-wlujay/76010/beaf2afaa02719a29c4bcdd5a3976a69/5b966350b1076959f2ab0067350622b4/_/download/contextbatch/css/_super/batch.css" data-wrm-key="_super" data-wrm-batch-type="context" media="all">
<link type="text/css" rel="stylesheet" href="/s/ebed76df7d53e58f9d5cd82a45608778-CDN/-wlujay/76010/beaf2afaa02719a29c4bcdd5a3976a69/7e3a4ad27e0455d43c67b333c5ef652a/_/download/contextbatch/css/atl.general,jira.global,jira.general,-_super/batch.css?agile_global_admin_condition=true&amp;is-server-instance=true&amp;jag=true" data-wrm-key="atl.general,jira.global,jira.general,-_super" data-wrm-batch-type="context" media="all">
<link type="text/css" rel="stylesheet" href="/s/1b4503c04f45d68ae09fb22125331a69-CDN/-wlujay/76010/beaf2afaa02719a29c4bcdd5a3976a69/6.1.0/_/download/batch/com.atlassian.auiplugin:aui-labels/com.atlassian.auiplugin:aui-labels.css" data-wrm-key="com.atlassian.auiplugin:aui-labels" data-wrm-batch-type="resource" media="all">
<link type="text/css" rel="stylesheet" href="/s/ab25e850bee0b576efb371fb5834864a-CDN/-wlujay/76010/beaf2afaa02719a29c4bcdd5a3976a69/1.0/_/download/batch/jira.webresources:global-static/jira.webresources:global-static.css" data-wrm-key="jira.webresources:global-static" data-wrm-batch-type="resource" media="all">
<script type="text/javascript" src="/s/bd039ceea13bc9570981efd9821bfac6-CDN/-wlujay/76010/beaf2afaa02719a29c4bcdd5a3976a69/5b966350b1076959f2ab0067350622b4/_/download/contextbatch/js/_super/batch.js?locale=pl-PL" data-wrm-key="_super" data-wrm-batch-type="context" data-initially-rendered></script>
<script type="text/javascript" src="/s/535629a4b15865aeb0ae419559dd3e8b-CDN/-wlujay/76010/beaf2afaa02719a29c4bcdd5a3976a69/7e3a4ad27e0455d43c67b333c5ef652a/_/download/contextbatch/js/atl.general,jira.global,jira.general,-_super/batch.js?agile_global_admin_condition=true&amp;is-server-instance=true&amp;jag=true&amp;locale=pl-PL" data-wrm-key="atl.general,jira.global,jira.general,-_super" data-wrm-batch-type="context" data-initially-rendered></script>
<script type="text/javascript" src="/s/56c3f6248103cf6e5ac498c8fd378431-CDN/-wlujay/76010/beaf2afaa02719a29c4bcdd5a3976a69/9296915968fd19e3630cf5546b9a3e64/_/download/contextbatch/js/atl.global,-_super/batch.js?locale=pl-PL" data-wrm-key="atl.global,-_super" data-wrm-batch-type="context" data-initially-rendered></script>
<link type="text/css" rel="stylesheet" href="/s/64be28066bd471ecf1b867daad15cd89-CDN/-wlujay/76010/beaf2afaa02719a29c4bcdd5a3976a69/a4036ea15c0638daa9b746ec42519472/_/download/contextbatch/css/jira.global.look-and-feel,-_super/batch.css" data-wrm-key="jira.global.look-and-feel,-_super" data-wrm-batch-type="context" media="all">

<script type="text/javascript" src="/rest/api/1.0/shortcuts/76010/70dd3104b80bf4dc9889cb6eecc9a01e/shortcuts.js"></script>


    <meta name="application-name" content="JIRA" data-name="jira" data-version="7.6.8">
</head>
<body id="jira" class="aui-layout aui-style-default page-type-message"  data-version="7.6.8" >
    <div class="aui-page-panel"><div class="aui-page-panel-inner">
            <section class="aui-page-panel-content">
                    <header class="aui-page-header"><div class="aui-page-header-inner">
                            <div class="aui-page-header-main">
                                    <h1>Unauthorized (401)</h1>
                                </div><!-- .aui-page-header-main -->
                        </div><!-- .aui-page-header-inner --></header><!-- .aui-page-header -->
                    <div class="aui-message aui-message-warning warning">
                            <p>Wystąpił błąd <code>&quot;401 - Unauthorized&quot;</code> podczas wczytywania tej strony.</p>
                            <p>Basic Authentication Failure - Reason : AUTHENTICATED_FAILED</p>
                            <p><a href="/secure/MyJiraHome.jspa">Idź do strony głównej Jira</a></p>
                        </div>
                </section><!-- .aui-page-panel-content -->
        </div><!-- .aui-page-panel-inner --></div><!-- .aui-page-panel -->
</body>
</html>

--- Main exception: StackTrace ---
   w Atlassian.Jira.Remote.JiraRestClient.ExecuteRequest[T](Method method, String resource, Object requestBody) w c:\projects\atlassian-net-sdk\Atlassian.Jira\Remote\JiraRestClient.cs:wiersz 119
   w Atlassian.Jira.Remote.JiraRestClient.GetIssueTypes(String token, String projectId) w c:\projects\atlassian-net-sdk\Atlassian.Jira\Remote\JiraRestClient.cs:wiersz 822
   w Atlassian.Jira.Jira.<>c__DisplayClass16.<GetIssueTypes>b__12(String token) w c:\projects\atlassian-net-sdk\Atlassian.Jira\Jira.cs:wiersz 414
   w Atlassian.Jira.Jira.<>c__DisplayClass3c.<WithToken>b__3b(String t) w c:\projects\atlassian-net-sdk\Atlassian.Jira\Jira.cs:wiersz 658
   w Atlassian.Jira.Jira.WithToken[TResult](Func`3 function) w c:\projects\atlassian-net-sdk\Atlassian.Jira\Jira.cs:wiersz 706
   w Atlassian.Jira.Jira.GetIssueTypes(String projectKey) w c:\projects\atlassian-net-sdk\Atlassian.Jira\Jira.cs:wiersz 419
   w Logic.Implementation.JiraIssues.GetJiraIssuesTypes() w C:\CP\ParserGit\JiraParser\Logic\Implementation\JiraIssues.cs:wiersz 68
   w GUI.MainForm.<timer2_Tick>b__105_0() w C:\CP\ParserGit\JiraParser\GUI\MainForm.cs:wiersz 2725

--- Main exception: Source ---
Atlassian.Jira

środa, 10 kwietnia 2019 08:16:41

--- Main exception: Message ---
Błędne Hasło JIRA dla użytkownika prekawek

--- Main exception: StackTrace ---


--- Main exception: Source ---


środa, 10 kwietnia 2019 08:16:46

--- Main exception: Message ---
Odwołanie do obiektu nie zostało ustawione na wystąpienie obiektu.

--- Main exception: StackTrace ---
   w System.Collections.Generic.Dictionary`2.Insert(TKey key, TValue value, Boolean add)
   w GUI.MainForm.addIssueToTreeNode(String issueNumber, List`1 issue, String treeViewName) w C:\CP\ParserGit\JiraParser\GUI\MainForm.cs:wiersz 6237
   w GUI.MainForm.slaAutoStep(DataGridViewRow tmpRow, String issueNumber) w C:\CP\ParserGit\JiraParser\GUI\SlaService.cs:wiersz 596

--- Main exception: Source ---
mscorlib

środa, 10 kwietnia 2019 08:16:46

--- Main exception: Message ---
Odwołanie do obiektu nie zostało ustawione na wystąpienie obiektu.

--- Main exception: StackTrace ---
   w System.Collections.Generic.Dictionary`2.Insert(TKey key, TValue value, Boolean add)
   w GUI.MainForm.addIssueToTreeNode(String issueNumber, List`1 issue, String treeViewName) w C:\CP\ParserGit\JiraParser\GUI\MainForm.cs:wiersz 6237
   w GUI.MainForm.slaAutoStep(DataGridViewRow tmpRow, String issueNumber) w C:\CP\ParserGit\JiraParser\GUI\SlaService.cs:wiersz 596

--- Main exception: Source ---
mscorlib

środa, 10 kwietnia 2019 08:52:52

Zgłoszenie KKK-4172 dodano automatycznie o godzinie 2019-04-10 08:52:52!
środa, 10 kwietnia 2019 08:52:52

Modyfikacja treeItem checkAsAssigneśroda, 10 kwietnia 2019 08:52:59

Zgłoszenie ZCC-18532 dodano automatycznie o godzinie 2019-04-10 08:52:59!
środa, 10 kwietnia 2019 08:52:59

Modyfikacja treeItem checkAsAssigneśroda, 10 kwietnia 2019 08:53:04

addCommentJira string jiraKey KKK-4172środa, 10 kwietnia 2019 08:53:04

addCommentJira object sender, DoWorkEventArgs e KKK-4172środa, 10 kwietnia 2019 08:53:06

addCommentJira string jiraKey ZCC-18532środa, 10 kwietnia 2019 08:53:06

addCommentJira object sender, DoWorkEventArgs e ZCC-18532środa, 10 kwietnia 2019 09:10:53

Zgłoszenie WIND-8245 dodano automatycznie o godzinie 2019-04-10 09:10:53!
środa, 10 kwietnia 2019 09:10:53

Modyfikacja treeItem checkAsAssigneśroda, 10 kwietnia 2019 09:10:56

addCommentJira string jiraKey WIND-8245środa, 10 kwietnia 2019 09:10:56

addCommentJira object sender, DoWorkEventArgs e WIND-8245środa, 10 kwietnia 2019 10:22:53

Zgłoszenie INFOLINIA-6651 dodano automatycznie o godzinie 2019-04-10 10:22:53!
środa, 10 kwietnia 2019 10:22:53

Modyfikacja treeItem checkAsAssigneśroda, 10 kwietnia 2019 10:23:07

addCommentJira string jiraKey INFOLINIA-6651środa, 10 kwietnia 2019 10:23:07

addCommentJira object sender, DoWorkEventArgs e INFOLINIA-6651środa, 10 kwietnia 2019 10:28:51

Zgłoszenie WIND-8247 dodano automatycznie o godzinie 2019-04-10 10:28:51!
środa, 10 kwietnia 2019 10:28:51

Modyfikacja treeItem checkAsAssigneśroda, 10 kwietnia 2019 10:29:04

addCommentJira string jiraKey WIND-8247środa, 10 kwietnia 2019 10:29:04

addCommentJira object sender, DoWorkEventArgs e WIND-8247środa, 10 kwietnia 2019 11:10:55

Zgłoszenie ZCC-18534 dodano automatycznie o godzinie 2019-04-10 11:10:55!
środa, 10 kwietnia 2019 11:10:55

Modyfikacja treeItem checkAsAssigneśroda, 10 kwietnia 2019 11:11:04

addCommentJira string jiraKey ZCC-18534środa, 10 kwietnia 2019 11:11:04

addCommentJira object sender, DoWorkEventArgs e ZCC-18534środa, 10 kwietnia 2019 12:22:56

Zgłoszenie ZCC-18535 dodano automatycznie o godzinie 2019-04-10 12:22:56!
środa, 10 kwietnia 2019 12:22:56

Modyfikacja treeItem checkAsAssigneśroda, 10 kwietnia 2019 12:22:58

addCommentJira string jiraKey ZCC-18535środa, 10 kwietnia 2019 12:22:58

addCommentJira object sender, DoWorkEventArgs e ZCC-18535środa, 10 kwietnia 2019 14:08:16

Zgłoszenie INFOLINIA-6653 dodano automatycznie o godzinie 2019-04-10 14:08:16!
środa, 10 kwietnia 2019 14:08:16

Modyfikacja treeItem checkAsAssigneśroda, 10 kwietnia 2019 14:08:32

addCommentJira string jiraKey INFOLINIA-6653środa, 10 kwietnia 2019 14:08:32

addCommentJira object sender, DoWorkEventArgs e INFOLINIA-6653środa, 10 kwietnia 2019 14:32:16

Zgłoszenie KKK-4174 dodano automatycznie o godzinie 2019-04-10 14:32:16!
środa, 10 kwietnia 2019 14:32:16

Modyfikacja treeItem checkAsAssigneśroda, 10 kwietnia 2019 14:32:33

addCommentJira string jiraKey KKK-4174środa, 10 kwietnia 2019 14:32:33

addCommentJira object sender, DoWorkEventArgs e KKK-4174środa, 10 kwietnia 2019 15:46:09

Zgłoszenie ZCC-18537 dodano automatycznie o godzinie 2019-04-10 15:46:09!
środa, 10 kwietnia 2019 15:46:09

Modyfikacja treeItem checkAsAssigneśroda, 10 kwietnia 2019 15:46:41

addCommentJira string jiraKey ZCC-18537środa, 10 kwietnia 2019 15:46:41

addCommentJira object sender, DoWorkEventArgs e ZCC-18537środa, 10 kwietnia 2019 15:48:23

Zgłoszenie ZCC-18538 dodano automatycznie o godzinie 2019-04-10 15:48:23!
środa, 10 kwietnia 2019 15:48:24

Modyfikacja treeItem checkAsAssigneśroda, 10 kwietnia 2019 15:48:33

addCommentJira string jiraKey ZCC-18538środa, 10 kwietnia 2019 15:48:34

addCommentJira object sender, DoWorkEventArgs e ZCC-18538