środa, 23 stycznia 2019 08:23:53

Zgłoszenie ZCC-17906 dodano automatycznie o godzinie 2019-01-23 08:23:53!
środa, 23 stycznia 2019 08:23:56

addCommentJira string jiraKey ZCC-17906środa, 23 stycznia 2019 08:23:56

addCommentJira object sender, DoWorkEventArgs e ZCC-17906środa, 23 stycznia 2019 08:23:58

Zgłoszenie ZCC-17907 dodano automatycznie o godzinie 2019-01-23 08:23:58!
środa, 23 stycznia 2019 08:24:07

Zgłoszenie CRM-75007 dodano automatycznie o godzinie 2019-01-23 08:24:07!
środa, 23 stycznia 2019 08:24:08

--- Main exception: Message ---
Bieżący wątek musi być ustawiony na tryb jednowątkowego apartamentu, aby można było wykonywać wywołania OLE. Upewnij się, że w funkcji Main jest zaznaczony element STAThreadAttribute.

--- Main exception: StackTrace ---
   w System.Windows.Forms.ComboBox.set_AutoCompleteMode(AutoCompleteMode value)
   w GUI.WFSModelerForm.AddComboBox(EventParamModeler ep, GroupBox group) w C:\CP\ParserGit\JiraParser\GUI\WFSModelerForm.cs:wiersz 549
   w GUI.WFSModelerForm.GenerateForm(GroupBox group, Int32 ParamGroupId) w C:\CP\ParserGit\JiraParser\GUI\WFSModelerForm.cs:wiersz 453
   w GUI.WFSModelerForm.GenerateForm(GroupBox group, Int32 ParamGroupId) w C:\CP\ParserGit\JiraParser\GUI\WFSModelerForm.cs:wiersz 460
   w GUI.WFSModelerForm.GenerateForm(GroupBox group, Int32 ParamGroupId) w C:\CP\ParserGit\JiraParser\GUI\WFSModelerForm.cs:wiersz 460
   w GUI.WFSModelerForm.GenerateForm(Boolean visible) w C:\CP\ParserGit\JiraParser\GUI\WFSModelerForm.cs:wiersz 412
   w GUI.WFSModelerForm..ctor(List`1 list, String name, BillingIssueDto issue, IParserEngineWFS gujaczWFS, Int32 eventMoveId, calbackDelegate callback, TreeView tr, Boolean quickStep, Object selectOption) w C:\CP\ParserGit\JiraParser\GUI\WFSModelerForm.cs:wiersz 308

--- Main exception: Source ---
System.Windows.Forms

środa, 23 stycznia 2019 08:24:09

addCommentJira string jiraKey ZCC-17907środa, 23 stycznia 2019 08:24:09

addCommentJira object sender, DoWorkEventArgs e ZCC-17907środa, 23 stycznia 2019 08:24:10

addCommentJira string jiraKey CRM-75007środa, 23 stycznia 2019 08:24:10

addCommentJira object sender, DoWorkEventArgs e CRM-75007środa, 23 stycznia 2019 08:24:14

Zgłoszenie ZCC-17242 dodano automatycznie o godzinie 2019-01-23 08:24:14!
środa, 23 stycznia 2019 08:24:16

addCommentJira string jiraKey ZCC-17242środa, 23 stycznia 2019 08:24:16

addCommentJira object sender, DoWorkEventArgs e ZCC-17242środa, 23 stycznia 2019 08:29:02

--- Main exception: Message ---
Nieprawidłowa operacja między wątkami: do formantu 'cms_IssuePopup' uzyskiwany jest dostęp z wątku innego niż wątek, w którym został utworzony.

--- Main exception: StackTrace ---
   w System.Windows.Forms.Control.get_Handle()
   w System.Windows.Forms.Control.SetBoundsCore(Int32 x, Int32 y, Int32 width, Int32 height, BoundsSpecified specified)
   w System.Windows.Forms.ToolStrip.SetBoundsCore(Int32 x, Int32 y, Int32 width, Int32 height, BoundsSpecified specified)
   w System.Windows.Forms.ToolStripDropDown.SetBoundsCore(Int32 x, Int32 y, Int32 width, Int32 height, BoundsSpecified specified)
   w System.Windows.Forms.Control.SetBounds(Int32 x, Int32 y, Int32 width, Int32 height, BoundsSpecified specified)
   w System.Windows.Forms.Control.set_Size(Size value)
   w System.Windows.Forms.ToolStripDropDown.AdjustSize()
   w System.Windows.Forms.ToolStripDropDownMenu.OnLayout(LayoutEventArgs e)
   w System.Windows.Forms.Control.PerformLayout(LayoutEventArgs args)
   w System.Windows.Forms.Control.PerformLayout()
   w System.Windows.Forms.Control.ResumeLayout(Boolean performLayout)
   w System.Windows.Forms.ToolStripItemCollection.Clear()
   w GUI.MainForm.slaAutoAssigneTakenIssue(Object sender, RunWorkerCompletedEventArgs e) w C:\CP\ParserGit\JiraParser\GUI\SlaService.cs:wiersz 583

--- Main exception: Source ---
System.Windows.Forms

środa, 23 stycznia 2019 08:29:03

--- Main exception: Message ---
Zmodyfikowano kolekcję. Nie można wykonać operacji wyliczania.

--- Main exception: StackTrace ---
   w System.ThrowHelper.ThrowInvalidOperationException(ExceptionResource resource)
   w System.Collections.Generic.List`1.Enumerator.MoveNextRare()
   w GUI.MainForm.addIssueToTreeNode(String issueNumber, List`1 issue, String treeViewName) w C:\CP\ParserGit\JiraParser\GUI\MainForm.cs:wiersz 6107
   w GUI.MainForm.slaAutoAssigneTakenIssue(Object sender, RunWorkerCompletedEventArgs e) w C:\CP\ParserGit\JiraParser\GUI\SlaService.cs:wiersz 588

--- Main exception: Source ---
mscorlib

środa, 23 stycznia 2019 08:29:04

--- Main exception: Message ---
Zmodyfikowano kolekcję. Nie można wykonać operacji wyliczania.

--- Main exception: StackTrace ---
   w System.ThrowHelper.ThrowInvalidOperationException(ExceptionResource resource)
   w System.Collections.Generic.Dictionary`2.Enumerator.MoveNext()
   w GUI.MainForm.GetActionForIssues(TreeView tr) w C:\CP\ParserGit\JiraParser\GUI\MainForm.cs:wiersz 5310

--- Main exception: Source ---
mscorlib

środa, 23 stycznia 2019 08:29:04

--- Main exception: Message ---
Zmodyfikowano kolekcję. Nie można wykonać operacji wyliczania.

--- Main exception: StackTrace ---
   w System.ThrowHelper.ThrowInvalidOperationException(ExceptionResource resource)
   w System.Collections.Generic.Dictionary`2.Enumerator.MoveNext()
   w GUI.MainForm.GetActionForIssues(TreeView tr) w C:\CP\ParserGit\JiraParser\GUI\MainForm.cs:wiersz 5310

--- Main exception: Source ---
mscorlib

środa, 23 stycznia 2019 08:29:04

--- Main exception: Message ---
Nieprawidłowa operacja między wątkami: do formantu 'cms_IssuePopup' uzyskiwany jest dostęp z wątku innego niż wątek, w którym został utworzony.

--- Main exception: StackTrace ---
   w System.Windows.Forms.Control.get_Handle()
   w System.Windows.Forms.Control.SetBoundsCore(Int32 x, Int32 y, Int32 width, Int32 height, BoundsSpecified specified)
   w System.Windows.Forms.ToolStrip.SetBoundsCore(Int32 x, Int32 y, Int32 width, Int32 height, BoundsSpecified specified)
   w System.Windows.Forms.ToolStripDropDown.SetBoundsCore(Int32 x, Int32 y, Int32 width, Int32 height, BoundsSpecified specified)
   w System.Windows.Forms.Control.SetBounds(Int32 x, Int32 y, Int32 width, Int32 height, BoundsSpecified specified)
   w System.Windows.Forms.Control.set_Location(Point value)
   w System.Windows.Forms.ToolStripDropDown.Show(Point screenLocation)
   w GUI.MainForm.getActionToIssue(List`1 issue, String issueNumber, String treeViewName, UserBpmJira ubj) w C:\CP\ParserGit\JiraParser\GUI\MainForm.cs:wiersz 6283
   w GUI.MainForm.slaAutoAssigneTakenIssue(Object sender, RunWorkerCompletedEventArgs e) w C:\CP\ParserGit\JiraParser\GUI\SlaService.cs:wiersz 589

--- Main exception: Source ---
System.Windows.Forms

środa, 23 stycznia 2019 08:29:04

--- Main exception: Message ---
Zmodyfikowano kolekcję. Nie można wykonać operacji wyliczania.

--- Main exception: StackTrace ---
   w System.ThrowHelper.ThrowInvalidOperationException(ExceptionResource resource)
   w System.Collections.Generic.Dictionary`2.Enumerator.MoveNext()
   w GUI.MainForm.GetActionForIssues(TreeView tr) w C:\CP\ParserGit\JiraParser\GUI\MainForm.cs:wiersz 5310

--- Main exception: Source ---
mscorlib

środa, 23 stycznia 2019 08:29:04

--- Main exception: Message ---
Nieprawidłowa operacja między wątkami: do formantu 'cms_IssuePopup' uzyskiwany jest dostęp z wątku innego niż wątek, w którym został utworzony.

--- Main exception: StackTrace ---
   w System.Windows.Forms.Control.get_Handle()
   w System.Windows.Forms.Control.SetBoundsCore(Int32 x, Int32 y, Int32 width, Int32 height, BoundsSpecified specified)
   w System.Windows.Forms.ToolStrip.SetBoundsCore(Int32 x, Int32 y, Int32 width, Int32 height, BoundsSpecified specified)
   w System.Windows.Forms.ToolStripDropDown.SetBoundsCore(Int32 x, Int32 y, Int32 width, Int32 height, BoundsSpecified specified)
   w System.Windows.Forms.Control.SetBounds(Int32 x, Int32 y, Int32 width, Int32 height, BoundsSpecified specified)
   w System.Windows.Forms.Control.set_Location(Point value)
   w System.Windows.Forms.ToolStripDropDown.Show(Point screenLocation)
   w GUI.MainForm.getActionToIssue(List`1 issue, String issueNumber, String treeViewName, UserBpmJira ubj) w C:\CP\ParserGit\JiraParser\GUI\MainForm.cs:wiersz 6283
   w GUI.MainForm.slaAutoAssigneTakenIssue(Object sender, RunWorkerCompletedEventArgs e) w C:\CP\ParserGit\JiraParser\GUI\SlaService.cs:wiersz 589

--- Main exception: Source ---
System.Windows.Forms

środa, 23 stycznia 2019 08:33:45

Zgłoszenie ZCC-17908 dodano automatycznie o godzinie 2019-01-23 08:33:45!
środa, 23 stycznia 2019 08:33:47

addCommentJira string jiraKey ZCC-17908środa, 23 stycznia 2019 08:33:47

addCommentJira object sender, DoWorkEventArgs e ZCC-17908środa, 23 stycznia 2019 08:34:04

--- Main exception: Message ---
Zmodyfikowano kolekcję. Nie można wykonać operacji wyliczania.

--- Main exception: StackTrace ---
   w System.ThrowHelper.ThrowInvalidOperationException(ExceptionResource resource)
   w System.Collections.Generic.List`1.Enumerator.MoveNextRare()
   w GUI.MainForm.addIssueToTreeNode(String issueNumber, List`1 issue, String treeViewName) w C:\CP\ParserGit\JiraParser\GUI\MainForm.cs:wiersz 6107
   w GUI.MainForm.slaAutoAssigneTakenIssue(Object sender, RunWorkerCompletedEventArgs e) w C:\CP\ParserGit\JiraParser\GUI\SlaService.cs:wiersz 588

--- Main exception: Source ---
mscorlib

środa, 23 stycznia 2019 08:34:04

--- Main exception: Message ---
Zmodyfikowano kolekcję. Nie można wykonać operacji wyliczania.

--- Main exception: StackTrace ---
   w System.ThrowHelper.ThrowInvalidOperationException(ExceptionResource resource)
   w System.Collections.Generic.Dictionary`2.Enumerator.MoveNext()
   w GUI.MainForm.GetActionForIssues(TreeView tr) w C:\CP\ParserGit\JiraParser\GUI\MainForm.cs:wiersz 5310

--- Main exception: Source ---
mscorlib

środa, 23 stycznia 2019 08:34:04

--- Main exception: Message ---
Zmodyfikowano kolekcję. Nie można wykonać operacji wyliczania.

--- Main exception: StackTrace ---
   w System.ThrowHelper.ThrowInvalidOperationException(ExceptionResource resource)
   w System.Collections.Generic.Dictionary`2.Enumerator.MoveNext()
   w GUI.MainForm.GetActionForIssues(TreeView tr) w C:\CP\ParserGit\JiraParser\GUI\MainForm.cs:wiersz 5310

--- Main exception: Source ---
mscorlib

środa, 23 stycznia 2019 08:34:04

--- Main exception: Message ---
Nieprawidłowa operacja między wątkami: do formantu 'cms_IssuePopup' uzyskiwany jest dostęp z wątku innego niż wątek, w którym został utworzony.

--- Main exception: StackTrace ---
   w System.Windows.Forms.Control.get_Handle()
   w System.Windows.Forms.Control.SetBoundsCore(Int32 x, Int32 y, Int32 width, Int32 height, BoundsSpecified specified)
   w System.Windows.Forms.ToolStrip.SetBoundsCore(Int32 x, Int32 y, Int32 width, Int32 height, BoundsSpecified specified)
   w System.Windows.Forms.ToolStripDropDown.SetBoundsCore(Int32 x, Int32 y, Int32 width, Int32 height, BoundsSpecified specified)
   w System.Windows.Forms.Control.SetBounds(Int32 x, Int32 y, Int32 width, Int32 height, BoundsSpecified specified)
   w System.Windows.Forms.Control.set_Location(Point value)
   w System.Windows.Forms.ToolStripDropDown.Show(Point screenLocation)
   w GUI.MainForm.getActionToIssue(List`1 issue, String issueNumber, String treeViewName, UserBpmJira ubj) w C:\CP\ParserGit\JiraParser\GUI\MainForm.cs:wiersz 6283
   w GUI.MainForm.slaAutoAssigneTakenIssue(Object sender, RunWorkerCompletedEventArgs e) w C:\CP\ParserGit\JiraParser\GUI\SlaService.cs:wiersz 589

--- Main exception: Source ---
System.Windows.Forms

środa, 23 stycznia 2019 08:34:04

--- Main exception: Message ---
Zmodyfikowano kolekcję. Nie można wykonać operacji wyliczania.

--- Main exception: StackTrace ---
   w System.ThrowHelper.ThrowInvalidOperationException(ExceptionResource resource)
   w System.Collections.Generic.Dictionary`2.Enumerator.MoveNext()
   w GUI.MainForm.GetActionForIssues(TreeView tr) w C:\CP\ParserGit\JiraParser\GUI\MainForm.cs:wiersz 5310

--- Main exception: Source ---
mscorlib

środa, 23 stycznia 2019 08:34:04

--- Main exception: Message ---
Nieprawidłowa operacja między wątkami: do formantu 'cms_IssuePopup' uzyskiwany jest dostęp z wątku innego niż wątek, w którym został utworzony.

--- Main exception: StackTrace ---
   w System.Windows.Forms.Control.get_Handle()
   w System.Windows.Forms.Control.SetBoundsCore(Int32 x, Int32 y, Int32 width, Int32 height, BoundsSpecified specified)
   w System.Windows.Forms.ToolStrip.SetBoundsCore(Int32 x, Int32 y, Int32 width, Int32 height, BoundsSpecified specified)
   w System.Windows.Forms.ToolStripDropDown.SetBoundsCore(Int32 x, Int32 y, Int32 width, Int32 height, BoundsSpecified specified)
   w System.Windows.Forms.Control.SetBounds(Int32 x, Int32 y, Int32 width, Int32 height, BoundsSpecified specified)
   w System.Windows.Forms.Control.set_Location(Point value)
   w System.Windows.Forms.ToolStripDropDown.Show(Point screenLocation)
   w GUI.MainForm.getActionToIssue(List`1 issue, String issueNumber, String treeViewName, UserBpmJira ubj) w C:\CP\ParserGit\JiraParser\GUI\MainForm.cs:wiersz 6283
   w GUI.MainForm.slaAutoAssigneTakenIssue(Object sender, RunWorkerCompletedEventArgs e) w C:\CP\ParserGit\JiraParser\GUI\SlaService.cs:wiersz 589

--- Main exception: Source ---
System.Windows.Forms

środa, 23 stycznia 2019 08:34:05

--- Main exception: Message ---
Zmodyfikowano kolekcję. Nie można wykonać operacji wyliczania.

--- Main exception: StackTrace ---
   w System.ThrowHelper.ThrowInvalidOperationException(ExceptionResource resource)
   w System.Collections.Generic.Dictionary`2.Enumerator.MoveNext()
   w GUI.MainForm.GetActionForIssues(TreeView tr) w C:\CP\ParserGit\JiraParser\GUI\MainForm.cs:wiersz 5310

--- Main exception: Source ---
mscorlib

środa, 23 stycznia 2019 08:34:05

--- Main exception: Message ---
Nieprawidłowa operacja między wątkami: do formantu 'cms_IssuePopup' uzyskiwany jest dostęp z wątku innego niż wątek, w którym został utworzony.

--- Main exception: StackTrace ---
   w System.Windows.Forms.Control.get_Handle()
   w System.Windows.Forms.Control.SetBoundsCore(Int32 x, Int32 y, Int32 width, Int32 height, BoundsSpecified specified)
   w System.Windows.Forms.ToolStrip.SetBoundsCore(Int32 x, Int32 y, Int32 width, Int32 height, BoundsSpecified specified)
   w System.Windows.Forms.ToolStripDropDown.SetBoundsCore(Int32 x, Int32 y, Int32 width, Int32 height, BoundsSpecified specified)
   w System.Windows.Forms.Control.SetBounds(Int32 x, Int32 y, Int32 width, Int32 height, BoundsSpecified specified)
   w System.Windows.Forms.Control.set_Location(Point value)
   w System.Windows.Forms.ToolStripDropDown.Show(Point screenLocation)
   w GUI.MainForm.getActionToIssue(List`1 issue, String issueNumber, String treeViewName, UserBpmJira ubj) w C:\CP\ParserGit\JiraParser\GUI\MainForm.cs:wiersz 6283
   w GUI.MainForm.slaAutoAssigneTakenIssue(Object sender, RunWorkerCompletedEventArgs e) w C:\CP\ParserGit\JiraParser\GUI\SlaService.cs:wiersz 589

--- Main exception: Source ---
System.Windows.Forms

środa, 23 stycznia 2019 08:47:13

--- Main exception: Message ---
Bieżący wątek musi być ustawiony na tryb jednowątkowego apartamentu, aby można było wykonywać wywołania OLE. Upewnij się, że w funkcji Main jest zaznaczony element STAThreadAttribute.

--- Main exception: StackTrace ---
   w System.Windows.Forms.ComboBox.set_AutoCompleteMode(AutoCompleteMode value)
   w GUI.WFSModelerForm.AddComboBox(EventParamModeler ep, GroupBox group) w C:\CP\ParserGit\JiraParser\GUI\WFSModelerForm.cs:wiersz 549
   w GUI.WFSModelerForm.GenerateForm(GroupBox group, Int32 ParamGroupId) w C:\CP\ParserGit\JiraParser\GUI\WFSModelerForm.cs:wiersz 453
   w GUI.WFSModelerForm.GenerateForm(GroupBox group, Int32 ParamGroupId) w C:\CP\ParserGit\JiraParser\GUI\WFSModelerForm.cs:wiersz 460
   w GUI.WFSModelerForm.GenerateForm(GroupBox group, Int32 ParamGroupId) w C:\CP\ParserGit\JiraParser\GUI\WFSModelerForm.cs:wiersz 460
   w GUI.WFSModelerForm.GenerateForm(Boolean visible) w C:\CP\ParserGit\JiraParser\GUI\WFSModelerForm.cs:wiersz 412
   w GUI.WFSModelerForm..ctor(List`1 list, String name, BillingIssueDto issue, IParserEngineWFS gujaczWFS, Int32 eventMoveId, calbackDelegate callback, TreeView tr, Boolean quickStep, Object selectOption) w C:\CP\ParserGit\JiraParser\GUI\WFSModelerForm.cs:wiersz 308

--- Main exception: Source ---
System.Windows.Forms

środa, 23 stycznia 2019 08:51:55

--- Main exception: Message ---
Nieprawidłowa operacja między wątkami: do formantu 'cms_IssuePopup' uzyskiwany jest dostęp z wątku innego niż wątek, w którym został utworzony.

--- Main exception: StackTrace ---
   w System.Windows.Forms.Control.get_Handle()
   w System.Windows.Forms.Control.SetBoundsCore(Int32 x, Int32 y, Int32 width, Int32 height, BoundsSpecified specified)
   w System.Windows.Forms.ToolStrip.SetBoundsCore(Int32 x, Int32 y, Int32 width, Int32 height, BoundsSpecified specified)
   w System.Windows.Forms.ToolStripDropDown.SetBoundsCore(Int32 x, Int32 y, Int32 width, Int32 height, BoundsSpecified specified)
   w System.Windows.Forms.Control.SetBounds(Int32 x, Int32 y, Int32 width, Int32 height, BoundsSpecified specified)
   w System.Windows.Forms.Control.set_Size(Size value)
   w System.Windows.Forms.ToolStripDropDown.AdjustSize()
   w System.Windows.Forms.ToolStripDropDownMenu.OnLayout(LayoutEventArgs e)
   w System.Windows.Forms.Control.PerformLayout(LayoutEventArgs args)
   w System.Windows.Forms.Control.PerformLayout()
   w System.Windows.Forms.Control.ResumeLayout(Boolean performLayout)
   w System.Windows.Forms.ToolStripItemCollection.Clear()
   w GUI.MainForm.slaAutoAssigneTakenIssue(Object sender, RunWorkerCompletedEventArgs e) w C:\CP\ParserGit\JiraParser\GUI\SlaService.cs:wiersz 583

--- Main exception: Source ---
System.Windows.Forms

środa, 23 stycznia 2019 08:56:54

--- Main exception: Message ---
Nieprawidłowa operacja między wątkami: do formantu 'cms_IssuePopup' uzyskiwany jest dostęp z wątku innego niż wątek, w którym został utworzony.

--- Main exception: StackTrace ---
   w System.Windows.Forms.Control.get_Handle()
   w System.Windows.Forms.Control.SetBoundsCore(Int32 x, Int32 y, Int32 width, Int32 height, BoundsSpecified specified)
   w System.Windows.Forms.ToolStrip.SetBoundsCore(Int32 x, Int32 y, Int32 width, Int32 height, BoundsSpecified specified)
   w System.Windows.Forms.ToolStripDropDown.SetBoundsCore(Int32 x, Int32 y, Int32 width, Int32 height, BoundsSpecified specified)
   w System.Windows.Forms.Control.SetBounds(Int32 x, Int32 y, Int32 width, Int32 height, BoundsSpecified specified)
   w System.Windows.Forms.Control.set_Size(Size value)
   w System.Windows.Forms.ToolStripDropDown.AdjustSize()
   w System.Windows.Forms.ToolStripDropDownMenu.OnLayout(LayoutEventArgs e)
   w System.Windows.Forms.Control.PerformLayout(LayoutEventArgs args)
   w System.Windows.Forms.ToolStripItem.InvalidateItemLayout(String affectedProperty, Boolean invalidatePainting)
   w System.Windows.Forms.ToolStripDropDownItem.OnRightToLeftChanged(EventArgs e)
   w System.Windows.Forms.ToolStripItem.OnOwnerChanged(EventArgs e)
   w System.Windows.Forms.ToolStripItem.SetOwner(ToolStrip newOwner)
   w System.Windows.Forms.ToolStripItemCollection.SetOwner(ToolStripItem item)
   w System.Windows.Forms.ToolStripItemCollection.Add(ToolStripItem value)
   w GUI.MainForm.getActionToIssue(List`1 issue, String issueNumber, String treeViewName, UserBpmJira ubj) w C:\CP\ParserGit\JiraParser\GUI\MainForm.cs:wiersz 6171
   w GUI.MainForm.slaAutoAssigneTakenIssue(Object sender, RunWorkerCompletedEventArgs e) w C:\CP\ParserGit\JiraParser\GUI\SlaService.cs:wiersz 589

--- Main exception: Source ---
System.Windows.Forms

środa, 23 stycznia 2019 09:01:56

--- Main exception: Message ---
Nieprawidłowa operacja między wątkami: do formantu 'cms_IssuePopup' uzyskiwany jest dostęp z wątku innego niż wątek, w którym został utworzony.

--- Main exception: StackTrace ---
   w System.Windows.Forms.Control.get_Handle()
   w System.Windows.Forms.Control.SetBoundsCore(Int32 x, Int32 y, Int32 width, Int32 height, BoundsSpecified specified)
   w System.Windows.Forms.ToolStrip.SetBoundsCore(Int32 x, Int32 y, Int32 width, Int32 height, BoundsSpecified specified)
   w System.Windows.Forms.ToolStripDropDown.SetBoundsCore(Int32 x, Int32 y, Int32 width, Int32 height, BoundsSpecified specified)
   w System.Windows.Forms.Control.SetBounds(Int32 x, Int32 y, Int32 width, Int32 height, BoundsSpecified specified)
   w System.Windows.Forms.Control.set_Size(Size value)
   w System.Windows.Forms.ToolStripDropDown.AdjustSize()
   w System.Windows.Forms.ToolStripDropDownMenu.OnLayout(LayoutEventArgs e)
   w System.Windows.Forms.Control.PerformLayout(LayoutEventArgs args)
   w System.Windows.Forms.ToolStrip.DoLayoutIfHandleCreated(ToolStripItemEventArgs e)
   w System.Windows.Forms.ToolStrip.OnItemAdded(ToolStripItemEventArgs e)
   w System.Windows.Forms.ToolStripItemCollection.Add(ToolStripItem value)
   w GUI.MainForm.getActionToIssue(List`1 issue, String issueNumber, String treeViewName, UserBpmJira ubj) w C:\CP\ParserGit\JiraParser\GUI\MainForm.cs:wiersz 6171
   w GUI.MainForm.slaAutoAssigneTakenIssue(Object sender, RunWorkerCompletedEventArgs e) w C:\CP\ParserGit\JiraParser\GUI\SlaService.cs:wiersz 589

--- Main exception: Source ---
System.Windows.Forms

środa, 23 stycznia 2019 09:06:52

--- Main exception: Message ---
Nieprawidłowa operacja między wątkami: do formantu 'cms_IssuePopup' uzyskiwany jest dostęp z wątku innego niż wątek, w którym został utworzony.

--- Main exception: StackTrace ---
   w System.Windows.Forms.Control.get_Handle()
   w System.Windows.Forms.Control.SetBoundsCore(Int32 x, Int32 y, Int32 width, Int32 height, BoundsSpecified specified)
   w System.Windows.Forms.ToolStrip.SetBoundsCore(Int32 x, Int32 y, Int32 width, Int32 height, BoundsSpecified specified)
   w System.Windows.Forms.ToolStripDropDown.SetBoundsCore(Int32 x, Int32 y, Int32 width, Int32 height, BoundsSpecified specified)
   w System.Windows.Forms.Control.SetBounds(Int32 x, Int32 y, Int32 width, Int32 height, BoundsSpecified specified)
   w System.Windows.Forms.Control.set_Size(Size value)
   w System.Windows.Forms.ToolStripDropDown.AdjustSize()
   w System.Windows.Forms.ToolStripDropDownMenu.OnLayout(LayoutEventArgs e)
   w System.Windows.Forms.Control.PerformLayout(LayoutEventArgs args)
   w System.Windows.Forms.ToolStrip.DoLayoutIfHandleCreated(ToolStripItemEventArgs e)
   w System.Windows.Forms.ToolStrip.OnItemAdded(ToolStripItemEventArgs e)
   w System.Windows.Forms.ToolStripItemCollection.Add(ToolStripItem value)
   w GUI.MainForm.getActionToIssue(List`1 issue, String issueNumber, String treeViewName, UserBpmJira ubj) w C:\CP\ParserGit\JiraParser\GUI\MainForm.cs:wiersz 6171
   w GUI.MainForm.slaAutoAssigneTakenIssue(Object sender, RunWorkerCompletedEventArgs e) w C:\CP\ParserGit\JiraParser\GUI\SlaService.cs:wiersz 589

--- Main exception: Source ---
System.Windows.Forms

środa, 23 stycznia 2019 09:06:54

--- Main exception: Message ---
Nieprawidłowa operacja między wątkami: do formantu 'cms_IssuePopup' uzyskiwany jest dostęp z wątku innego niż wątek, w którym został utworzony.

--- Main exception: StackTrace ---
   w System.Windows.Forms.Control.get_Handle()
   w System.Windows.Forms.Control.SetBoundsCore(Int32 x, Int32 y, Int32 width, Int32 height, BoundsSpecified specified)
   w System.Windows.Forms.ToolStrip.SetBoundsCore(Int32 x, Int32 y, Int32 width, Int32 height, BoundsSpecified specified)
   w System.Windows.Forms.ToolStripDropDown.SetBoundsCore(Int32 x, Int32 y, Int32 width, Int32 height, BoundsSpecified specified)
   w System.Windows.Forms.Control.SetBounds(Int32 x, Int32 y, Int32 width, Int32 height, BoundsSpecified specified)
   w System.Windows.Forms.Control.set_Size(Size value)
   w System.Windows.Forms.ToolStripDropDown.AdjustSize()
   w System.Windows.Forms.ToolStripDropDownMenu.OnLayout(LayoutEventArgs e)
   w System.Windows.Forms.Control.PerformLayout(LayoutEventArgs args)
   w System.Windows.Forms.ToolStrip.DoLayoutIfHandleCreated(ToolStripItemEventArgs e)
   w System.Windows.Forms.ToolStrip.OnItemAdded(ToolStripItemEventArgs e)
   w System.Windows.Forms.ToolStripItemCollection.Add(ToolStripItem value)
   w GUI.MainForm.getActionToIssue(List`1 issue, String issueNumber, String treeViewName, UserBpmJira ubj) w C:\CP\ParserGit\JiraParser\GUI\MainForm.cs:wiersz 6171
   w GUI.MainForm.slaAutoAssigneTakenIssue(Object sender, RunWorkerCompletedEventArgs e) w C:\CP\ParserGit\JiraParser\GUI\SlaService.cs:wiersz 589

--- Main exception: Source ---
System.Windows.Forms

środa, 23 stycznia 2019 09:11:53

--- Main exception: Message ---
Nieprawidłowa operacja między wątkami: do formantu 'cms_IssuePopup' uzyskiwany jest dostęp z wątku innego niż wątek, w którym został utworzony.

--- Main exception: StackTrace ---
   w System.Windows.Forms.Control.get_Handle()
   w System.Windows.Forms.Control.SetBoundsCore(Int32 x, Int32 y, Int32 width, Int32 height, BoundsSpecified specified)
   w System.Windows.Forms.ToolStrip.SetBoundsCore(Int32 x, Int32 y, Int32 width, Int32 height, BoundsSpecified specified)
   w System.Windows.Forms.ToolStripDropDown.SetBoundsCore(Int32 x, Int32 y, Int32 width, Int32 height, BoundsSpecified specified)
   w System.Windows.Forms.Control.SetBounds(Int32 x, Int32 y, Int32 width, Int32 height, BoundsSpecified specified)
   w System.Windows.Forms.Control.set_Size(Size value)
   w System.Windows.Forms.ToolStripDropDown.AdjustSize()
   w System.Windows.Forms.ToolStripDropDownMenu.OnLayout(LayoutEventArgs e)
   w System.Windows.Forms.Control.PerformLayout(LayoutEventArgs args)
   w System.Windows.Forms.ToolStrip.DoLayoutIfHandleCreated(ToolStripItemEventArgs e)
   w System.Windows.Forms.ToolStrip.OnItemAdded(ToolStripItemEventArgs e)
   w System.Windows.Forms.ToolStripItemCollection.Add(ToolStripItem value)
   w GUI.MainForm.getActionToIssue(List`1 issue, String issueNumber, String treeViewName, UserBpmJira ubj) w C:\CP\ParserGit\JiraParser\GUI\MainForm.cs:wiersz 6171
   w GUI.MainForm.slaAutoAssigneTakenIssue(Object sender, RunWorkerCompletedEventArgs e) w C:\CP\ParserGit\JiraParser\GUI\SlaService.cs:wiersz 589

--- Main exception: Source ---
System.Windows.Forms

środa, 23 stycznia 2019 09:11:54

--- Main exception: Message ---
Nieprawidłowa operacja między wątkami: do formantu 'cms_IssuePopup' uzyskiwany jest dostęp z wątku innego niż wątek, w którym został utworzony.

--- Main exception: StackTrace ---
   w System.Windows.Forms.Control.get_Handle()
   w System.Windows.Forms.Control.SetBoundsCore(Int32 x, Int32 y, Int32 width, Int32 height, BoundsSpecified specified)
   w System.Windows.Forms.ToolStrip.SetBoundsCore(Int32 x, Int32 y, Int32 width, Int32 height, BoundsSpecified specified)
   w System.Windows.Forms.ToolStripDropDown.SetBoundsCore(Int32 x, Int32 y, Int32 width, Int32 height, BoundsSpecified specified)
   w System.Windows.Forms.Control.SetBounds(Int32 x, Int32 y, Int32 width, Int32 height, BoundsSpecified specified)
   w System.Windows.Forms.Control.set_Size(Size value)
   w System.Windows.Forms.ToolStripDropDown.AdjustSize()
   w System.Windows.Forms.ToolStripDropDownMenu.OnLayout(LayoutEventArgs e)
   w System.Windows.Forms.Control.PerformLayout(LayoutEventArgs args)
   w System.Windows.Forms.ToolStrip.DoLayoutIfHandleCreated(ToolStripItemEventArgs e)
   w System.Windows.Forms.ToolStrip.OnItemAdded(ToolStripItemEventArgs e)
   w System.Windows.Forms.ToolStripItemCollection.Add(ToolStripItem value)
   w GUI.MainForm.getActionToIssue(List`1 issue, String issueNumber, String treeViewName, UserBpmJira ubj) w C:\CP\ParserGit\JiraParser\GUI\MainForm.cs:wiersz 6171
   w GUI.MainForm.slaAutoAssigneTakenIssue(Object sender, RunWorkerCompletedEventArgs e) w C:\CP\ParserGit\JiraParser\GUI\SlaService.cs:wiersz 589

--- Main exception: Source ---
System.Windows.Forms

środa, 23 stycznia 2019 09:17:07

--- Main exception: Message ---
Nieprawidłowa operacja między wątkami: do formantu 'cms_IssuePopup' uzyskiwany jest dostęp z wątku innego niż wątek, w którym został utworzony.

--- Main exception: StackTrace ---
   w System.Windows.Forms.Control.get_Handle()
   w System.Windows.Forms.Control.SetBoundsCore(Int32 x, Int32 y, Int32 width, Int32 height, BoundsSpecified specified)
   w System.Windows.Forms.ToolStrip.SetBoundsCore(Int32 x, Int32 y, Int32 width, Int32 height, BoundsSpecified specified)
   w System.Windows.Forms.ToolStripDropDown.SetBoundsCore(Int32 x, Int32 y, Int32 width, Int32 height, BoundsSpecified specified)
   w System.Windows.Forms.Control.SetBounds(Int32 x, Int32 y, Int32 width, Int32 height, BoundsSpecified specified)
   w System.Windows.Forms.Control.set_Size(Size value)
   w System.Windows.Forms.ToolStripDropDown.AdjustSize()
   w System.Windows.Forms.ToolStripDropDownMenu.OnLayout(LayoutEventArgs e)
   w System.Windows.Forms.Control.PerformLayout(LayoutEventArgs args)
   w System.Windows.Forms.ToolStrip.DoLayoutIfHandleCreated(ToolStripItemEventArgs e)
   w System.Windows.Forms.ToolStrip.OnItemAdded(ToolStripItemEventArgs e)
   w System.Windows.Forms.ToolStripItemCollection.Add(ToolStripItem value)
   w GUI.MainForm.getActionToIssue(List`1 issue, String issueNumber, String treeViewName, UserBpmJira ubj) w C:\CP\ParserGit\JiraParser\GUI\MainForm.cs:wiersz 6171
   w GUI.MainForm.slaAutoAssigneTakenIssue(Object sender, RunWorkerCompletedEventArgs e) w C:\CP\ParserGit\JiraParser\GUI\SlaService.cs:wiersz 589

--- Main exception: Source ---
System.Windows.Forms

środa, 23 stycznia 2019 09:17:07

--- Main exception: Message ---
Nieprawidłowa operacja między wątkami: do formantu 'cms_IssuePopup' uzyskiwany jest dostęp z wątku innego niż wątek, w którym został utworzony.

--- Main exception: StackTrace ---
   w System.Windows.Forms.Control.get_Handle()
   w System.Windows.Forms.Control.SetBoundsCore(Int32 x, Int32 y, Int32 width, Int32 height, BoundsSpecified specified)
   w System.Windows.Forms.ToolStrip.SetBoundsCore(Int32 x, Int32 y, Int32 width, Int32 height, BoundsSpecified specified)
   w System.Windows.Forms.ToolStripDropDown.SetBoundsCore(Int32 x, Int32 y, Int32 width, Int32 height, BoundsSpecified specified)
   w System.Windows.Forms.Control.SetBounds(Int32 x, Int32 y, Int32 width, Int32 height, BoundsSpecified specified)
   w System.Windows.Forms.Control.set_Size(Size value)
   w System.Windows.Forms.ToolStripDropDown.AdjustSize()
   w System.Windows.Forms.ToolStripDropDownMenu.OnLayout(LayoutEventArgs e)
   w System.Windows.Forms.Control.PerformLayout(LayoutEventArgs args)
   w System.Windows.Forms.ToolStrip.DoLayoutIfHandleCreated(ToolStripItemEventArgs e)
   w System.Windows.Forms.ToolStrip.OnItemAdded(ToolStripItemEventArgs e)
   w System.Windows.Forms.ToolStripItemCollection.Add(ToolStripItem value)
   w GUI.MainForm.getActionToIssue(List`1 issue, String issueNumber, String treeViewName, UserBpmJira ubj) w C:\CP\ParserGit\JiraParser\GUI\MainForm.cs:wiersz 6171
   w GUI.MainForm.slaAutoAssigneTakenIssue(Object sender, RunWorkerCompletedEventArgs e) w C:\CP\ParserGit\JiraParser\GUI\SlaService.cs:wiersz 589

--- Main exception: Source ---
System.Windows.Forms

środa, 23 stycznia 2019 10:09:51

Zgłoszenie ZCC-17910 dodano automatycznie o godzinie 2019-01-23 10:09:51!
środa, 23 stycznia 2019 10:09:53

addCommentJira string jiraKey ZCC-17910środa, 23 stycznia 2019 10:09:53

addCommentJira object sender, DoWorkEventArgs e ZCC-17910środa, 23 stycznia 2019 10:25:22

--- Main exception: Message ---
Nie można rozpoznać nazwy zdalnej: 'jira'

--- Main exception: StackTrace ---
   w Atlassian.Jira.Remote.JiraRestClient.ExecuteRequest[T](Method method, String resource, Object requestBody) w c:\projects\atlassian-net-sdk\Atlassian.Jira\Remote\JiraRestClient.cs:wiersz 119
   w Atlassian.Jira.Remote.JiraRestClient.GetPriorities(String token) w c:\projects\atlassian-net-sdk\Atlassian.Jira\Remote\JiraRestClient.cs:wiersz 785
   w Atlassian.Jira.Jira.<GetIssuePriorities>b__24(String token) w c:\projects\atlassian-net-sdk\Atlassian.Jira\Jira.cs:wiersz 478
   w Atlassian.Jira.Jira.<>c__DisplayClass3c.<WithToken>b__3b(String t) w c:\projects\atlassian-net-sdk\Atlassian.Jira\Jira.cs:wiersz 658
   w Atlassian.Jira.Jira.WithToken[TResult](Func`3 function) w c:\projects\atlassian-net-sdk\Atlassian.Jira\Jira.cs:wiersz 706
   w Atlassian.Jira.Jira.GetIssuePriorities() w c:\projects\atlassian-net-sdk\Atlassian.Jira\Jira.cs:wiersz 482
   w GUI.MainForm.LoginJira() w C:\CP\ParserGit\JiraParser\GUI\MainForm.cs:wiersz 4366

--- Main exception: Source ---
Atlassian.Jira

środa, 23 stycznia 2019 13:27:59

--- Main exception: Message ---
Nie można rzutować obiektu typu 'System.Windows.Forms.TextBox' na typ 'GUI.SimpleData'.

--- Main exception: StackTrace ---
   w GUI.WFSModelerForm..ctor(List`1 list, String name, BillingIssueDto issue, IParserEngineWFS gujaczWFS, Int32 eventMoveId, calbackDelegate callback, TreeView tr, Boolean quickStep, Object selectOption)

--- Main exception: Source ---
GUI

środa, 23 stycznia 2019 14:02:47

--- Main exception: Message ---
Nieprawidłowa operacja między wątkami: do formantu 'cms_IssuePopup' uzyskiwany jest dostęp z wątku innego niż wątek, w którym został utworzony.

--- Main exception: StackTrace ---
   w System.Windows.Forms.Control.get_Handle()
   w System.Windows.Forms.Control.SetBoundsCore(Int32 x, Int32 y, Int32 width, Int32 height, BoundsSpecified specified)
   w System.Windows.Forms.ToolStrip.SetBoundsCore(Int32 x, Int32 y, Int32 width, Int32 height, BoundsSpecified specified)
   w System.Windows.Forms.ToolStripDropDown.SetBoundsCore(Int32 x, Int32 y, Int32 width, Int32 height, BoundsSpecified specified)
   w System.Windows.Forms.Control.SetBounds(Int32 x, Int32 y, Int32 width, Int32 height, BoundsSpecified specified)
   w System.Windows.Forms.Control.set_Size(Size value)
   w System.Windows.Forms.ToolStripDropDown.AdjustSize()
   w System.Windows.Forms.ToolStripDropDownMenu.OnLayout(LayoutEventArgs e)
   w System.Windows.Forms.Control.PerformLayout(LayoutEventArgs args)
   w System.Windows.Forms.Control.PerformLayout()
   w System.Windows.Forms.Control.ResumeLayout(Boolean performLayout)
   w System.Windows.Forms.ToolStripItemCollection.Clear()
   w GUI.MainForm.slaAutoAssigneTakenIssue(Object sender, RunWorkerCompletedEventArgs e)

--- Main exception: Source ---
System.Windows.Forms

środa, 23 stycznia 2019 14:02:48

--- Main exception: Message ---
Nieprawidłowa operacja między wątkami: do formantu 'cms_IssuePopup' uzyskiwany jest dostęp z wątku innego niż wątek, w którym został utworzony.

--- Main exception: StackTrace ---
   w System.Windows.Forms.Control.get_Handle()
   w System.Windows.Forms.Control.SetBoundsCore(Int32 x, Int32 y, Int32 width, Int32 height, BoundsSpecified specified)
   w System.Windows.Forms.ToolStrip.SetBoundsCore(Int32 x, Int32 y, Int32 width, Int32 height, BoundsSpecified specified)
   w System.Windows.Forms.ToolStripDropDown.SetBoundsCore(Int32 x, Int32 y, Int32 width, Int32 height, BoundsSpecified specified)
   w System.Windows.Forms.Control.SetBounds(Int32 x, Int32 y, Int32 width, Int32 height, BoundsSpecified specified)
   w System.Windows.Forms.Control.set_Size(Size value)
   w System.Windows.Forms.ToolStripDropDown.AdjustSize()
   w System.Windows.Forms.ToolStripDropDownMenu.OnLayout(LayoutEventArgs e)
   w System.Windows.Forms.Control.PerformLayout(LayoutEventArgs args)
   w System.Windows.Forms.ToolStripItem.InvalidateItemLayout(String affectedProperty, Boolean invalidatePainting)
   w System.Windows.Forms.ToolStripDropDownItem.OnRightToLeftChanged(EventArgs e)
   w System.Windows.Forms.ToolStripItem.OnOwnerChanged(EventArgs e)
   w System.Windows.Forms.ToolStripItem.SetOwner(ToolStrip newOwner)
   w System.Windows.Forms.ToolStripItemCollection.SetOwner(ToolStripItem item)
   w System.Windows.Forms.ToolStripItemCollection.Add(ToolStripItem value)
   w GUI.MainForm.getActionToIssue(List`1 issue, String issueNumber, String treeViewName, UserBpmJira ubj)
   w GUI.MainForm.slaAutoAssigneTakenIssue(Object sender, RunWorkerCompletedEventArgs e)

--- Main exception: Source ---
System.Windows.Forms

środa, 23 stycznia 2019 14:07:49

--- Main exception: Message ---
Zmodyfikowano kolekcję. Nie można wykonać operacji wyliczania.

--- Main exception: StackTrace ---
   w System.ThrowHelper.ThrowInvalidOperationException(ExceptionResource resource)
   w System.Collections.Generic.List`1.Enumerator.MoveNextRare()
   w GUI.MainForm.addIssueToTreeNode(String issueNumber, List`1 issue, String treeViewName)
   w GUI.MainForm.slaAutoAssigneTakenIssue(Object sender, RunWorkerCompletedEventArgs e)

--- Main exception: Source ---
mscorlib

środa, 23 stycznia 2019 14:07:49

--- Main exception: Message ---
Zmodyfikowano kolekcję. Nie można wykonać operacji wyliczania.

--- Main exception: StackTrace ---
   w System.ThrowHelper.ThrowInvalidOperationException(ExceptionResource resource)
   w System.Collections.Generic.Dictionary`2.Enumerator.MoveNext()
   w GUI.MainForm.GetActionForIssues(TreeView tr)

--- Main exception: Source ---
mscorlib

środa, 23 stycznia 2019 14:07:49

--- Main exception: Message ---
Element o tym samym kluczu został już dodany.

--- Main exception: StackTrace ---
   w System.ThrowHelper.ThrowArgumentException(ExceptionResource resource)
   w System.Collections.Generic.Dictionary`2.Insert(TKey key, TValue value, Boolean add)
   w GUI.MainForm.GetActionForIssues(TreeView tr)

--- Main exception: Source ---
mscorlib

środa, 23 stycznia 2019 14:07:49

--- Main exception: Message ---
Nieprawidłowa operacja między wątkami: do formantu 'cms_IssuePopup' uzyskiwany jest dostęp z wątku innego niż wątek, w którym został utworzony.

--- Main exception: StackTrace ---
   w System.Windows.Forms.Control.get_Handle()
   w System.Windows.Forms.Control.SetBoundsCore(Int32 x, Int32 y, Int32 width, Int32 height, BoundsSpecified specified)
   w System.Windows.Forms.ToolStrip.SetBoundsCore(Int32 x, Int32 y, Int32 width, Int32 height, BoundsSpecified specified)
   w System.Windows.Forms.ToolStripDropDown.SetBoundsCore(Int32 x, Int32 y, Int32 width, Int32 height, BoundsSpecified specified)
   w System.Windows.Forms.Control.SetBounds(Int32 x, Int32 y, Int32 width, Int32 height, BoundsSpecified specified)
   w System.Windows.Forms.Control.set_Location(Point value)
   w System.Windows.Forms.ToolStripDropDown.Show(Point screenLocation)
   w GUI.MainForm.getActionToIssue(List`1 issue, String issueNumber, String treeViewName, UserBpmJira ubj)
   w GUI.MainForm.slaAutoAssigneTakenIssue(Object sender, RunWorkerCompletedEventArgs e)

--- Main exception: Source ---
System.Windows.Forms

środa, 23 stycznia 2019 14:12:46

--- Main exception: Message ---
Nieprawidłowa operacja między wątkami: do formantu 'cms_IssuePopup' uzyskiwany jest dostęp z wątku innego niż wątek, w którym został utworzony.

--- Main exception: StackTrace ---
   w System.Windows.Forms.Control.get_Handle()
   w System.Windows.Forms.Control.SetBoundsCore(Int32 x, Int32 y, Int32 width, Int32 height, BoundsSpecified specified)
   w System.Windows.Forms.ToolStrip.SetBoundsCore(Int32 x, Int32 y, Int32 width, Int32 height, BoundsSpecified specified)
   w System.Windows.Forms.ToolStripDropDown.SetBoundsCore(Int32 x, Int32 y, Int32 width, Int32 height, BoundsSpecified specified)
   w System.Windows.Forms.Control.SetBounds(Int32 x, Int32 y, Int32 width, Int32 height, BoundsSpecified specified)
   w System.Windows.Forms.Control.set_Size(Size value)
   w System.Windows.Forms.ToolStripDropDown.AdjustSize()
   w System.Windows.Forms.ToolStripDropDownMenu.OnLayout(LayoutEventArgs e)
   w System.Windows.Forms.Control.PerformLayout(LayoutEventArgs args)
   w System.Windows.Forms.Control.PerformLayout()
   w System.Windows.Forms.Control.ResumeLayout(Boolean performLayout)
   w System.Windows.Forms.ToolStripItemCollection.Clear()
   w GUI.MainForm.slaAutoAssigneTakenIssue(Object sender, RunWorkerCompletedEventArgs e)

--- Main exception: Source ---
System.Windows.Forms

środa, 23 stycznia 2019 14:12:46

--- Main exception: Message ---
Zmodyfikowano kolekcję. Nie można wykonać operacji wyliczania.

--- Main exception: StackTrace ---
   w System.ThrowHelper.ThrowInvalidOperationException(ExceptionResource resource)
   w System.Collections.Generic.List`1.Enumerator.MoveNextRare()
   w GUI.MainForm.addIssueToTreeNode(String issueNumber, List`1 issue, String treeViewName)
   w GUI.MainForm.slaAutoAssigneTakenIssue(Object sender, RunWorkerCompletedEventArgs e)

--- Main exception: Source ---
mscorlib

środa, 23 stycznia 2019 14:12:47

--- Main exception: Message ---
Zmodyfikowano kolekcję. Nie można wykonać operacji wyliczania.

--- Main exception: StackTrace ---
   w System.ThrowHelper.ThrowInvalidOperationException(ExceptionResource resource)
   w System.Collections.Generic.Dictionary`2.Enumerator.MoveNext()
   w GUI.MainForm.GetActionForIssues(TreeView tr)

--- Main exception: Source ---
mscorlib

środa, 23 stycznia 2019 14:14:35

Zgłoszenie KKK-3892 dodano automatycznie o godzinie 2019-01-23 14:14:35!
środa, 23 stycznia 2019 14:14:39

--- Main exception: Message ---
Nie można uzyskać dostępu do usuniętego obiektu.
Nazwa obiektu: 'WFSform'.

--- Main exception: StackTrace ---
   w System.Windows.Forms.Control.CreateHandle()
   w System.Windows.Forms.Form.CreateHandle()
   w System.Windows.Forms.Control.get_Handle()
   w System.Windows.Forms.Application.ThreadContext.RunMessageLoopInner(Int32 reason, ApplicationContext context)
   w System.Windows.Forms.Application.ThreadContext.RunMessageLoop(Int32 reason, ApplicationContext context)
   w System.Windows.Forms.Form.ShowDialog(IWin32Window owner)
   w GUI.MainForm.UzupelnijDane(TreeView tr, Boolean auto) w C:\CP\ParserGit\JiraParser\GUI\MainForm.cs:wiersz 3765
   w GUI.MainForm.<newIssueAutoAddToBPMUzupelnijDane>b__221_0() w C:\CP\ParserGit\JiraParser\GUI\MainForm.cs:wiersz 7277

--- Main exception: Source ---
System.Windows.Forms

środa, 23 stycznia 2019 14:14:59

addCommentJira string jiraKey KKK-3892środa, 23 stycznia 2019 14:14:59

addCommentJira object sender, DoWorkEventArgs e KKK-3892środa, 23 stycznia 2019 14:15:01

--- Main exception: Message ---
Zmodyfikowano kolekcję. Nie można wykonać operacji wyliczania.

--- Main exception: StackTrace ---
   w System.ThrowHelper.ThrowInvalidOperationException(ExceptionResource resource)
   w System.Collections.Generic.List`1.Enumerator.MoveNextRare()
   w GUI.MainForm.addIssueToTreeNode(String issueNumber, List`1 issue, String treeViewName) w C:\CP\ParserGit\JiraParser\GUI\MainForm.cs:wiersz 6107
   w GUI.MainForm.slaAutoAssigneTakenIssue(Object sender, RunWorkerCompletedEventArgs e) w C:\CP\ParserGit\JiraParser\GUI\SlaService.cs:wiersz 588

--- Main exception: Source ---
mscorlib

środa, 23 stycznia 2019 14:15:01

--- Main exception: Message ---
Zmodyfikowano kolekcję. Nie można wykonać operacji wyliczania.

--- Main exception: StackTrace ---
   w System.ThrowHelper.ThrowInvalidOperationException(ExceptionResource resource)
   w System.Collections.Generic.Dictionary`2.Enumerator.MoveNext()
   w GUI.MainForm.GetActionForIssues(TreeView tr) w C:\CP\ParserGit\JiraParser\GUI\MainForm.cs:wiersz 5310

--- Main exception: Source ---
mscorlib

środa, 23 stycznia 2019 14:15:02

--- Main exception: Message ---
Zmodyfikowano kolekcję. Nie można wykonać operacji wyliczania.

--- Main exception: StackTrace ---
   w System.ThrowHelper.ThrowInvalidOperationException(ExceptionResource resource)
   w System.Collections.Generic.Dictionary`2.Enumerator.MoveNext()
   w GUI.MainForm.GetActionForIssues(TreeView tr) w C:\CP\ParserGit\JiraParser\GUI\MainForm.cs:wiersz 5310

--- Main exception: Source ---
mscorlib

środa, 23 stycznia 2019 14:18:42

--- Main exception: Message ---
Zmodyfikowano kolekcję. Nie można wykonać operacji wyliczania.

--- Main exception: StackTrace ---
   w System.ThrowHelper.ThrowInvalidOperationException(ExceptionResource resource)
   w System.Collections.Generic.List`1.Enumerator.MoveNextRare()
   w GUI.MainForm.addIssueToTreeNode(String issueNumber, List`1 issue, String treeViewName) w C:\CP\ParserGit\JiraParser\GUI\MainForm.cs:wiersz 6107
   w GUI.MainForm.slaAutoAssigneTakenIssue(Object sender, RunWorkerCompletedEventArgs e) w C:\CP\ParserGit\JiraParser\GUI\SlaService.cs:wiersz 588

--- Main exception: Source ---
mscorlib

środa, 23 stycznia 2019 14:18:42

--- Main exception: Message ---
Zmodyfikowano kolekcję. Nie można wykonać operacji wyliczania.

--- Main exception: StackTrace ---
   w System.ThrowHelper.ThrowInvalidOperationException(ExceptionResource resource)
   w System.Collections.Generic.Dictionary`2.Enumerator.MoveNext()
   w GUI.MainForm.GetActionForIssues(TreeView tr) w C:\CP\ParserGit\JiraParser\GUI\MainForm.cs:wiersz 5310

--- Main exception: Source ---
mscorlib

środa, 23 stycznia 2019 14:29:35

--- Main exception: Message ---
Bieżący wątek musi być ustawiony na tryb jednowątkowego apartamentu, aby można było wykonywać wywołania OLE. Upewnij się, że w funkcji Main jest zaznaczony element STAThreadAttribute.

--- Main exception: StackTrace ---
   w System.Windows.Forms.ComboBox.set_AutoCompleteMode(AutoCompleteMode value)
   w GUI.WFSModelerForm.AddComboBox(EventParamModeler ep, GroupBox group) w C:\CP\ParserGit\JiraParser\GUI\WFSModelerForm.cs:wiersz 575
   w GUI.WFSModelerForm.GenerateForm(GroupBox group, Int32 ParamGroupId) w C:\CP\ParserGit\JiraParser\GUI\WFSModelerForm.cs:wiersz 479
   w GUI.WFSModelerForm.GenerateForm(GroupBox group, Int32 ParamGroupId) w C:\CP\ParserGit\JiraParser\GUI\WFSModelerForm.cs:wiersz 486
   w GUI.WFSModelerForm.GenerateForm(GroupBox group, Int32 ParamGroupId) w C:\CP\ParserGit\JiraParser\GUI\WFSModelerForm.cs:wiersz 486
   w GUI.WFSModelerForm.GenerateForm(Boolean visible) w C:\CP\ParserGit\JiraParser\GUI\WFSModelerForm.cs:wiersz 438
   w GUI.WFSModelerForm..ctor(List`1 list, String name, BillingIssueDto issue, IParserEngineWFS gujaczWFS, Int32 eventMoveId, calbackDelegate callback, TreeView tr, Boolean quickStep, Object selectOption) w C:\CP\ParserGit\JiraParser\GUI\WFSModelerForm.cs:wiersz 309

--- Main exception: Source ---
System.Windows.Forms

środa, 23 stycznia 2019 14:39:27

Zgłoszenie KKK-3893 dodano automatycznie o godzinie 2019-01-23 14:39:27!
środa, 23 stycznia 2019 14:41:53

Zgłoszenie KKK-3893 dodano automatycznie o godzinie 2019-01-23 14:41:53!
środa, 23 stycznia 2019 14:42:13

addCommentJira string jiraKey KKK-3893środa, 23 stycznia 2019 14:42:13

addCommentJira object sender, DoWorkEventArgs e KKK-3893środa, 23 stycznia 2019 14:44:08

Zgłoszenie KKK-3893 dodano automatycznie o godzinie 2019-01-23 14:44:08!
środa, 23 stycznia 2019 14:44:32

addCommentJira string jiraKey KKK-3893środa, 23 stycznia 2019 14:44:32

addCommentJira object sender, DoWorkEventArgs e KKK-3893środa, 23 stycznia 2019 14:44:33

--- Main exception: Message ---
Serwer zdalny zwrócił nieoczekiwaną odpowiedź: (413) Request Entity Too Large.

--- Inner exception 1: Message ---
Serwer zdalny zwrócił błąd: (413) Request Entity Too Large.

--- Inner exception 1: StackTrace ---
   w System.Net.HttpWebRequest.EndGetResponse(IAsyncResult asyncResult)
   w System.ServiceModel.Channels.HttpChannelFactory`1.HttpRequestChannel.HttpChannelAsyncRequest.CompleteGetResponse(IAsyncResult result)

--- Inner exception 1: Source ---
System

--- Main exception: StackTrace ---

Server stack trace: 
   w System.ServiceModel.Channels.CommunicationObject.ThrowPending()
   w System.ServiceModel.Channels.CommunicationObject.ThrowIfDisposedOrNotOpen()
   w System.ServiceModel.Channels.RequestChannel.Request(Message message, TimeSpan timeout)
   w System.ServiceModel.Dispatcher.RequestChannelBinder.Request(Message message, TimeSpan timeout)
   w System.ServiceModel.Channels.ServiceChannel.Call(String action, Boolean oneway, ProxyOperationRuntime operation, Object[] ins, Object[] outs, TimeSpan timeout)
   w System.ServiceModel.Channels.ServiceChannelProxy.InvokeService(IMethodCallMessage methodCall, ProxyOperationRuntime operation)
   w System.ServiceModel.Channels.ServiceChannelProxy.Invoke(IMessage message)

Exception rethrown at [0]: 
   w System.Runtime.Remoting.Proxies.RealProxy.HandleReturnMessage(IMessage reqMsg, IMessage retMsg)
   w System.Runtime.Remoting.Proxies.RealProxy.PrivateInvoke(MessageData& msgData, Int32 type)
   w DataLayer.HPDataService.IDataService4HP.ExecuteStoredProcedure(User user, String procedureName, String[] parameters, DatabaseName database)
   w DataLayer.Implementation.GatewayDaoWFS.ExecuteStoredProcedure(String procedureName, String[] parameters, DatabaseName database) w C:\CP\ParserGit\JiraParser\DataLayer\Implementation\GatewayDaoWFS.cs:wiersz 138

--- Main exception: Source ---
mscorlib

środa, 23 stycznia 2019 14:44:35

--- Main exception: Message ---
Serwer zdalny zwrócił nieoczekiwaną odpowiedź: (413) Request Entity Too Large.

--- Inner exception 1: Message ---
Serwer zdalny zwrócił błąd: (413) Request Entity Too Large.

--- Inner exception 1: StackTrace ---
   w System.Net.HttpWebRequest.EndGetResponse(IAsyncResult asyncResult)
   w System.ServiceModel.Channels.HttpChannelFactory`1.HttpRequestChannel.HttpChannelAsyncRequest.CompleteGetResponse(IAsyncResult result)

--- Inner exception 1: Source ---
System

--- Main exception: StackTrace ---

Server stack trace: 
   w System.ServiceModel.Channels.CommunicationObject.ThrowPending()
   w System.ServiceModel.Channels.CommunicationObject.ThrowIfDisposedOrNotOpen()
   w System.ServiceModel.Channels.RequestChannel.Request(Message message, TimeSpan timeout)
   w System.ServiceModel.Dispatcher.RequestChannelBinder.Request(Message message, TimeSpan timeout)
   w System.ServiceModel.Channels.ServiceChannel.Call(String action, Boolean oneway, ProxyOperationRuntime operation, Object[] ins, Object[] outs, TimeSpan timeout)
   w System.ServiceModel.Channels.ServiceChannelProxy.InvokeService(IMethodCallMessage methodCall, ProxyOperationRuntime operation)
   w System.ServiceModel.Channels.ServiceChannelProxy.Invoke(IMessage message)

Exception rethrown at [0]: 
   w System.Runtime.Remoting.Proxies.RealProxy.HandleReturnMessage(IMessage reqMsg, IMessage retMsg)
   w System.Runtime.Remoting.Proxies.RealProxy.PrivateInvoke(MessageData& msgData, Int32 type)
   w DataLayer.HPDataService.IDataService4HP.ExecuteStoredProcedure(User user, String procedureName, String[] parameters, DatabaseName database)
   w DataLayer.Implementation.GatewayDaoWFS.ExecuteStoredProcedure(String procedureName, String[] parameters, DatabaseName database) w C:\CP\ParserGit\JiraParser\DataLayer\Implementation\GatewayDaoWFS.cs:wiersz 138

--- Main exception: Source ---
mscorlib

środa, 23 stycznia 2019 14:44:36

--- Main exception: Message ---
Serwer zdalny zwrócił nieoczekiwaną odpowiedź: (413) Request Entity Too Large.

--- Inner exception 1: Message ---
Serwer zdalny zwrócił błąd: (413) Request Entity Too Large.

--- Inner exception 1: StackTrace ---
   w System.Net.HttpWebRequest.EndGetResponse(IAsyncResult asyncResult)
   w System.ServiceModel.Channels.HttpChannelFactory`1.HttpRequestChannel.HttpChannelAsyncRequest.CompleteGetResponse(IAsyncResult result)

--- Inner exception 1: Source ---
System

--- Main exception: StackTrace ---

Server stack trace: 
   w System.ServiceModel.Channels.CommunicationObject.ThrowPending()
   w System.ServiceModel.Channels.CommunicationObject.ThrowIfDisposedOrNotOpen()
   w System.ServiceModel.Channels.RequestChannel.Request(Message message, TimeSpan timeout)
   w System.ServiceModel.Dispatcher.RequestChannelBinder.Request(Message message, TimeSpan timeout)
   w System.ServiceModel.Channels.ServiceChannel.Call(String action, Boolean oneway, ProxyOperationRuntime operation, Object[] ins, Object[] outs, TimeSpan timeout)
   w System.ServiceModel.Channels.ServiceChannelProxy.InvokeService(IMethodCallMessage methodCall, ProxyOperationRuntime operation)
   w System.ServiceModel.Channels.ServiceChannelProxy.Invoke(IMessage message)

Exception rethrown at [0]: 
   w System.Runtime.Remoting.Proxies.RealProxy.HandleReturnMessage(IMessage reqMsg, IMessage retMsg)
   w System.Runtime.Remoting.Proxies.RealProxy.PrivateInvoke(MessageData& msgData, Int32 type)
   w DataLayer.HPDataService.IDataService4HP.ExecuteStoredProcedure(User user, String procedureName, String[] parameters, DatabaseName database)
   w DataLayer.Implementation.GatewayDaoWFS.ExecuteStoredProcedure(String procedureName, String[] parameters, DatabaseName database) w C:\CP\ParserGit\JiraParser\DataLayer\Implementation\GatewayDaoWFS.cs:wiersz 138

--- Main exception: Source ---
mscorlib

środa, 23 stycznia 2019 14:47:00

Automatyczny zapis nowego zgłoszenia Entities.BillingIssueDtoHelios [2019-01-23 14:47:00] 

środa, 23 stycznia 2019 14:47:04

Automatyczny zapis poprawny Entities.BillingIssueDtoHelios [2019-01-23 14:47:04] 

środa, 23 stycznia 2019 14:47:04

Modyfikacja treeItemśroda, 23 stycznia 2019 14:47:04

Status Auto: False 

środa, 23 stycznia 2019 15:34:14

Automatyczny zapis nowego zgłoszenia Entities.BillingIssueDtoHelios [2019-01-23 15:34:14] 

środa, 23 stycznia 2019 15:34:18

Automatyczny zapis poprawny Entities.BillingIssueDtoHelios [2019-01-23 15:34:18] 

środa, 23 stycznia 2019 15:34:18

Modyfikacja treeItemśroda, 23 stycznia 2019 15:34:18

Status Auto: False 

środa, 23 stycznia 2019 15:34:18

Automatyczny zapis nowego zgłoszenia Entities.BillingIssueDtoHelios [2019-01-23 15:34:18] 

środa, 23 stycznia 2019 15:34:21

Automatyczny zapis poprawny Entities.BillingIssueDtoHelios [2019-01-23 15:34:21] 

środa, 23 stycznia 2019 15:34:21

Modyfikacja treeItemśroda, 23 stycznia 2019 15:34:21

Status Auto: False 

środa, 23 stycznia 2019 15:34:40

addCommentJira string jiraKey CRM-75016środa, 23 stycznia 2019 15:34:43

addCommentJira string jiraKey CRM-75015środa, 23 stycznia 2019 15:37:11

--- Main exception: Message ---
Nieprawidłowa operacja między wątkami: do formantu 'cms_IssuePopup' uzyskiwany jest dostęp z wątku innego niż wątek, w którym został utworzony.

--- Main exception: StackTrace ---
   w System.Windows.Forms.Control.get_Handle()
   w System.Windows.Forms.Control.SetBoundsCore(Int32 x, Int32 y, Int32 width, Int32 height, BoundsSpecified specified)
   w System.Windows.Forms.ToolStrip.SetBoundsCore(Int32 x, Int32 y, Int32 width, Int32 height, BoundsSpecified specified)
   w System.Windows.Forms.ToolStripDropDown.SetBoundsCore(Int32 x, Int32 y, Int32 width, Int32 height, BoundsSpecified specified)
   w System.Windows.Forms.Control.SetBounds(Int32 x, Int32 y, Int32 width, Int32 height, BoundsSpecified specified)
   w System.Windows.Forms.Control.set_Size(Size value)
   w System.Windows.Forms.ToolStripDropDown.AdjustSize()
   w System.Windows.Forms.ToolStripDropDownMenu.OnLayout(LayoutEventArgs e)
   w System.Windows.Forms.Control.PerformLayout(LayoutEventArgs args)
   w System.Windows.Forms.Control.PerformLayout()
   w System.Windows.Forms.Control.ResumeLayout(Boolean performLayout)
   w System.Windows.Forms.ToolStripItemCollection.Clear()
   w GUI.MainForm.slaAutoAssigneTakenIssue(Object sender, RunWorkerCompletedEventArgs e) w C:\CP\ParserGit\JiraParser\GUI\SlaService.cs:wiersz 583

--- Main exception: Source ---
System.Windows.Forms

środa, 23 stycznia 2019 15:37:13

--- Main exception: Message ---
Nieprawidłowa operacja między wątkami: do formantu 'cms_IssuePopup' uzyskiwany jest dostęp z wątku innego niż wątek, w którym został utworzony.

--- Main exception: StackTrace ---
   w System.Windows.Forms.Control.get_Handle()
   w System.Windows.Forms.Control.SetBoundsCore(Int32 x, Int32 y, Int32 width, Int32 height, BoundsSpecified specified)
   w System.Windows.Forms.ToolStrip.SetBoundsCore(Int32 x, Int32 y, Int32 width, Int32 height, BoundsSpecified specified)
   w System.Windows.Forms.ToolStripDropDown.SetBoundsCore(Int32 x, Int32 y, Int32 width, Int32 height, BoundsSpecified specified)
   w System.Windows.Forms.Control.SetBounds(Int32 x, Int32 y, Int32 width, Int32 height, BoundsSpecified specified)
   w System.Windows.Forms.Control.set_Size(Size value)
   w System.Windows.Forms.ToolStripDropDown.AdjustSize()
   w System.Windows.Forms.ToolStripDropDownMenu.OnLayout(LayoutEventArgs e)
   w System.Windows.Forms.Control.PerformLayout(LayoutEventArgs args)
   w System.Windows.Forms.ToolStripItem.InvalidateItemLayout(String affectedProperty, Boolean invalidatePainting)
   w System.Windows.Forms.ToolStripDropDownItem.OnRightToLeftChanged(EventArgs e)
   w System.Windows.Forms.ToolStripItem.OnOwnerChanged(EventArgs e)
   w System.Windows.Forms.ToolStripItem.SetOwner(ToolStrip newOwner)
   w System.Windows.Forms.ToolStripItemCollection.SetOwner(ToolStripItem item)
   w System.Windows.Forms.ToolStripItemCollection.Add(ToolStripItem value)
   w GUI.MainForm.getActionToIssue(List`1 issue, String issueNumber, String treeViewName, UserBpmJira ubj) w C:\CP\ParserGit\JiraParser\GUI\MainForm.cs:wiersz 6171
   w GUI.MainForm.slaAutoAssigneTakenIssue(Object sender, RunWorkerCompletedEventArgs e) w C:\CP\ParserGit\JiraParser\GUI\SlaService.cs:wiersz 589

--- Main exception: Source ---
System.Windows.Forms

środa, 23 stycznia 2019 15:42:10

--- Main exception: Message ---
Nieprawidłowa operacja między wątkami: do formantu 'cms_IssuePopup' uzyskiwany jest dostęp z wątku innego niż wątek, w którym został utworzony.

--- Main exception: StackTrace ---
   w System.Windows.Forms.Control.get_Handle()
   w System.Windows.Forms.Control.SetBoundsCore(Int32 x, Int32 y, Int32 width, Int32 height, BoundsSpecified specified)
   w System.Windows.Forms.ToolStrip.SetBoundsCore(Int32 x, Int32 y, Int32 width, Int32 height, BoundsSpecified specified)
   w System.Windows.Forms.ToolStripDropDown.SetBoundsCore(Int32 x, Int32 y, Int32 width, Int32 height, BoundsSpecified specified)
   w System.Windows.Forms.Control.SetBounds(Int32 x, Int32 y, Int32 width, Int32 height, BoundsSpecified specified)
   w System.Windows.Forms.Control.set_Size(Size value)
   w System.Windows.Forms.ToolStripDropDown.AdjustSize()
   w System.Windows.Forms.ToolStripDropDownMenu.OnLayout(LayoutEventArgs e)
   w System.Windows.Forms.Control.PerformLayout(LayoutEventArgs args)
   w System.Windows.Forms.ToolStripItem.InvalidateItemLayout(String affectedProperty, Boolean invalidatePainting)
   w System.Windows.Forms.ToolStripDropDownItem.OnRightToLeftChanged(EventArgs e)
   w System.Windows.Forms.ToolStripItem.OnOwnerChanged(EventArgs e)
   w System.Windows.Forms.ToolStripItem.SetOwner(ToolStrip newOwner)
   w System.Windows.Forms.ToolStripItemCollection.SetOwner(ToolStripItem item)
   w System.Windows.Forms.ToolStripItemCollection.Add(ToolStripItem value)
   w GUI.MainForm.getActionToIssue(List`1 issue, String issueNumber, String treeViewName, UserBpmJira ubj) w C:\CP\ParserGit\JiraParser\GUI\MainForm.cs:wiersz 6171
   w GUI.MainForm.slaAutoAssigneTakenIssue(Object sender, RunWorkerCompletedEventArgs e) w C:\CP\ParserGit\JiraParser\GUI\SlaService.cs:wiersz 589

--- Main exception: Source ---
System.Windows.Forms

środa, 23 stycznia 2019 15:42:12

--- Main exception: Message ---
Nieprawidłowa operacja między wątkami: do formantu 'cms_IssuePopup' uzyskiwany jest dostęp z wątku innego niż wątek, w którym został utworzony.

--- Main exception: StackTrace ---
   w System.Windows.Forms.Control.get_Handle()
   w System.Windows.Forms.Control.SetBoundsCore(Int32 x, Int32 y, Int32 width, Int32 height, BoundsSpecified specified)
   w System.Windows.Forms.ToolStrip.SetBoundsCore(Int32 x, Int32 y, Int32 width, Int32 height, BoundsSpecified specified)
   w System.Windows.Forms.ToolStripDropDown.SetBoundsCore(Int32 x, Int32 y, Int32 width, Int32 height, BoundsSpecified specified)
   w System.Windows.Forms.Control.SetBounds(Int32 x, Int32 y, Int32 width, Int32 height, BoundsSpecified specified)
   w System.Windows.Forms.Control.set_Size(Size value)
   w System.Windows.Forms.ToolStripDropDown.AdjustSize()
   w System.Windows.Forms.ToolStripDropDownMenu.OnLayout(LayoutEventArgs e)
   w System.Windows.Forms.Control.PerformLayout(LayoutEventArgs args)
   w System.Windows.Forms.ToolStripItem.InvalidateItemLayout(String affectedProperty, Boolean invalidatePainting)
   w System.Windows.Forms.ToolStripDropDownItem.OnRightToLeftChanged(EventArgs e)
   w System.Windows.Forms.ToolStripItem.OnOwnerChanged(EventArgs e)
   w System.Windows.Forms.ToolStripItem.SetOwner(ToolStrip newOwner)
   w System.Windows.Forms.ToolStripItemCollection.SetOwner(ToolStripItem item)
   w System.Windows.Forms.ToolStripItemCollection.Add(ToolStripItem value)
   w GUI.MainForm.getActionToIssue(List`1 issue, String issueNumber, String treeViewName, UserBpmJira ubj) w C:\CP\ParserGit\JiraParser\GUI\MainForm.cs:wiersz 6171
   w GUI.MainForm.slaAutoAssigneTakenIssue(Object sender, RunWorkerCompletedEventArgs e) w C:\CP\ParserGit\JiraParser\GUI\SlaService.cs:wiersz 589

--- Main exception: Source ---
System.Windows.Forms

środa, 23 stycznia 2019 15:47:13

--- Main exception: Message ---
Nieprawidłowa operacja między wątkami: do formantu 'cms_IssuePopup' uzyskiwany jest dostęp z wątku innego niż wątek, w którym został utworzony.

--- Main exception: StackTrace ---
   w System.Windows.Forms.Control.get_Handle()
   w System.Windows.Forms.Control.SetBoundsCore(Int32 x, Int32 y, Int32 width, Int32 height, BoundsSpecified specified)
   w System.Windows.Forms.ToolStrip.SetBoundsCore(Int32 x, Int32 y, Int32 width, Int32 height, BoundsSpecified specified)
   w System.Windows.Forms.ToolStripDropDown.SetBoundsCore(Int32 x, Int32 y, Int32 width, Int32 height, BoundsSpecified specified)
   w System.Windows.Forms.Control.SetBounds(Int32 x, Int32 y, Int32 width, Int32 height, BoundsSpecified specified)
   w System.Windows.Forms.Control.set_Size(Size value)
   w System.Windows.Forms.ToolStripDropDown.AdjustSize()
   w System.Windows.Forms.ToolStripDropDownMenu.OnLayout(LayoutEventArgs e)
   w System.Windows.Forms.Control.PerformLayout(LayoutEventArgs args)
   w System.Windows.Forms.ToolStripItem.InvalidateItemLayout(String affectedProperty, Boolean invalidatePainting)
   w System.Windows.Forms.ToolStripDropDownItem.OnRightToLeftChanged(EventArgs e)
   w System.Windows.Forms.ToolStripItem.OnOwnerChanged(EventArgs e)
   w System.Windows.Forms.ToolStripItem.SetOwner(ToolStrip newOwner)
   w System.Windows.Forms.ToolStripItemCollection.SetOwner(ToolStripItem item)
   w System.Windows.Forms.ToolStripItemCollection.Add(ToolStripItem value)
   w GUI.MainForm.getActionToIssue(List`1 issue, String issueNumber, String treeViewName, UserBpmJira ubj) w C:\CP\ParserGit\JiraParser\GUI\MainForm.cs:wiersz 6171
   w GUI.MainForm.slaAutoAssigneTakenIssue(Object sender, RunWorkerCompletedEventArgs e) w C:\CP\ParserGit\JiraParser\GUI\SlaService.cs:wiersz 589

--- Main exception: Source ---
System.Windows.Forms

środa, 23 stycznia 2019 15:47:13

--- Main exception: Message ---
Nieprawidłowa operacja między wątkami: do formantu 'cms_IssuePopup' uzyskiwany jest dostęp z wątku innego niż wątek, w którym został utworzony.

--- Main exception: StackTrace ---
   w System.Windows.Forms.Control.get_Handle()
   w System.Windows.Forms.Control.SetBoundsCore(Int32 x, Int32 y, Int32 width, Int32 height, BoundsSpecified specified)
   w System.Windows.Forms.ToolStrip.SetBoundsCore(Int32 x, Int32 y, Int32 width, Int32 height, BoundsSpecified specified)
   w System.Windows.Forms.ToolStripDropDown.SetBoundsCore(Int32 x, Int32 y, Int32 width, Int32 height, BoundsSpecified specified)
   w System.Windows.Forms.Control.SetBounds(Int32 x, Int32 y, Int32 width, Int32 height, BoundsSpecified specified)
   w System.Windows.Forms.Control.set_Size(Size value)
   w System.Windows.Forms.ToolStripDropDown.AdjustSize()
   w System.Windows.Forms.ToolStripDropDownMenu.OnLayout(LayoutEventArgs e)
   w System.Windows.Forms.Control.PerformLayout(LayoutEventArgs args)
   w System.Windows.Forms.ToolStripItem.InvalidateItemLayout(String affectedProperty, Boolean invalidatePainting)
   w System.Windows.Forms.ToolStripDropDownItem.OnRightToLeftChanged(EventArgs e)
   w System.Windows.Forms.ToolStripItem.OnOwnerChanged(EventArgs e)
   w System.Windows.Forms.ToolStripItem.SetOwner(ToolStrip newOwner)
   w System.Windows.Forms.ToolStripItemCollection.SetOwner(ToolStripItem item)
   w System.Windows.Forms.ToolStripItemCollection.Add(ToolStripItem value)
   w GUI.MainForm.getActionToIssue(List`1 issue, String issueNumber, String treeViewName, UserBpmJira ubj) w C:\CP\ParserGit\JiraParser\GUI\MainForm.cs:wiersz 6171
   w GUI.MainForm.slaAutoAssigneTakenIssue(Object sender, RunWorkerCompletedEventArgs e) w C:\CP\ParserGit\JiraParser\GUI\SlaService.cs:wiersz 589

--- Main exception: Source ---
System.Windows.Forms

środa, 23 stycznia 2019 20:09:09

--- Main exception: Message ---
Wartość nie może być zerowa.
Nazwa parametru: source

--- Main exception: StackTrace ---
   w System.Linq.Enumerable.FirstOrDefault[TSource](IEnumerable`1 source, Func`2 predicate)
   w GUI.MainForm.slaAutoAssigneTakenIssue(Object sender, RunWorkerCompletedEventArgs e) w C:\CP\ParserGit\JiraParser\GUI\SlaService.cs:wiersz 555

--- Main exception: Source ---
System.Core

środa, 23 stycznia 2019 20:09:10

--- Main exception: Message ---
Wartość nie może być zerowa.
Nazwa parametru: source

--- Main exception: StackTrace ---
   w System.Linq.Enumerable.FirstOrDefault[TSource](IEnumerable`1 source, Func`2 predicate)
   w GUI.MainForm.slaAutoAssigneTakenIssue(Object sender, RunWorkerCompletedEventArgs e) w C:\CP\ParserGit\JiraParser\GUI\SlaService.cs:wiersz 555

--- Main exception: Source ---
System.Core

środa, 23 stycznia 2019 20:09:10

--- Main exception: Message ---
Wartość nie może być zerowa.
Nazwa parametru: source

--- Main exception: StackTrace ---
   w System.Linq.Enumerable.FirstOrDefault[TSource](IEnumerable`1 source, Func`2 predicate)
   w GUI.MainForm.slaAutoAssigneTakenIssue(Object sender, RunWorkerCompletedEventArgs e) w C:\CP\ParserGit\JiraParser\GUI\SlaService.cs:wiersz 555

--- Main exception: Source ---
System.Core

środa, 23 stycznia 2019 20:09:10

--- Main exception: Message ---
Wartość nie może być zerowa.
Nazwa parametru: source

--- Main exception: StackTrace ---
   w System.Linq.Enumerable.FirstOrDefault[TSource](IEnumerable`1 source, Func`2 predicate)
   w GUI.MainForm.slaAutoAssigneTakenIssue(Object sender, RunWorkerCompletedEventArgs e) w C:\CP\ParserGit\JiraParser\GUI\SlaService.cs:wiersz 555

--- Main exception: Source ---
System.Core

środa, 23 stycznia 2019 20:09:10

--- Main exception: Message ---
Wartość nie może być zerowa.
Nazwa parametru: source

--- Main exception: StackTrace ---
   w System.Linq.Enumerable.FirstOrDefault[TSource](IEnumerable`1 source, Func`2 predicate)
   w GUI.MainForm.slaAutoAssigneTakenIssue(Object sender, RunWorkerCompletedEventArgs e) w C:\CP\ParserGit\JiraParser\GUI\SlaService.cs:wiersz 555

--- Main exception: Source ---
System.Core

środa, 23 stycznia 2019 20:09:10

--- Main exception: Message ---
Wartość nie może być zerowa.
Nazwa parametru: source

--- Main exception: StackTrace ---
   w System.Linq.Enumerable.FirstOrDefault[TSource](IEnumerable`1 source, Func`2 predicate)
   w GUI.MainForm.slaAutoAssigneTakenIssue(Object sender, RunWorkerCompletedEventArgs e) w C:\CP\ParserGit\JiraParser\GUI\SlaService.cs:wiersz 555

--- Main exception: Source ---
System.Core

środa, 23 stycznia 2019 20:09:10

--- Main exception: Message ---
Wartość nie może być zerowa.
Nazwa parametru: source

--- Main exception: StackTrace ---
   w System.Linq.Enumerable.FirstOrDefault[TSource](IEnumerable`1 source, Func`2 predicate)
   w GUI.MainForm.slaAutoAssigneTakenIssue(Object sender, RunWorkerCompletedEventArgs e) w C:\CP\ParserGit\JiraParser\GUI\SlaService.cs:wiersz 555

--- Main exception: Source ---
System.Core

środa, 23 stycznia 2019 20:09:10

--- Main exception: Message ---
Wartość nie może być zerowa.
Nazwa parametru: source

--- Main exception: StackTrace ---
   w System.Linq.Enumerable.FirstOrDefault[TSource](IEnumerable`1 source, Func`2 predicate)
   w GUI.MainForm.slaAutoAssigneTakenIssue(Object sender, RunWorkerCompletedEventArgs e) w C:\CP\ParserGit\JiraParser\GUI\SlaService.cs:wiersz 555

--- Main exception: Source ---
System.Core

środa, 23 stycznia 2019 20:09:10

--- Main exception: Message ---
Wartość nie może być zerowa.
Nazwa parametru: source

--- Main exception: StackTrace ---
   w System.Linq.Enumerable.FirstOrDefault[TSource](IEnumerable`1 source, Func`2 predicate)
   w GUI.MainForm.slaAutoAssigneTakenIssue(Object sender, RunWorkerCompletedEventArgs e) w C:\CP\ParserGit\JiraParser\GUI\SlaService.cs:wiersz 555

--- Main exception: Source ---
System.Core

środa, 23 stycznia 2019 20:09:10

--- Main exception: Message ---
Wartość nie może być zerowa.
Nazwa parametru: source

--- Main exception: StackTrace ---
   w System.Linq.Enumerable.FirstOrDefault[TSource](IEnumerable`1 source, Func`2 predicate)
   w GUI.MainForm.slaAutoAssigneTakenIssue(Object sender, RunWorkerCompletedEventArgs e) w C:\CP\ParserGit\JiraParser\GUI\SlaService.cs:wiersz 555

--- Main exception: Source ---
System.Core

środa, 23 stycznia 2019 20:09:10

--- Main exception: Message ---
Wartość nie może być zerowa.
Nazwa parametru: source

--- Main exception: StackTrace ---
   w System.Linq.Enumerable.FirstOrDefault[TSource](IEnumerable`1 source, Func`2 predicate)
   w GUI.MainForm.slaAutoAssigneTakenIssue(Object sender, RunWorkerCompletedEventArgs e) w C:\CP\ParserGit\JiraParser\GUI\SlaService.cs:wiersz 555

--- Main exception: Source ---
System.Core

środa, 23 stycznia 2019 20:11:24

--- Main exception: Message ---
Wartość nie może być zerowa.
Nazwa parametru: source

--- Main exception: StackTrace ---
   w System.Linq.Enumerable.FirstOrDefault[TSource](IEnumerable`1 source, Func`2 predicate)
   w GUI.MainForm.slaAutoAssigneTakenIssue(Object sender, RunWorkerCompletedEventArgs e) w C:\CP\ParserGit\JiraParser\GUI\SlaService.cs:wiersz 555

--- Main exception: Source ---
System.Core

środa, 23 stycznia 2019 20:11:25

--- Main exception: Message ---
Wartość nie może być zerowa.
Nazwa parametru: source

--- Main exception: StackTrace ---
   w System.Linq.Enumerable.FirstOrDefault[TSource](IEnumerable`1 source, Func`2 predicate)
   w GUI.MainForm.slaAutoAssigneTakenIssue(Object sender, RunWorkerCompletedEventArgs e) w C:\CP\ParserGit\JiraParser\GUI\SlaService.cs:wiersz 555

--- Main exception: Source ---
System.Core

środa, 23 stycznia 2019 20:11:25

--- Main exception: Message ---
Wartość nie może być zerowa.
Nazwa parametru: source

--- Main exception: StackTrace ---
   w System.Linq.Enumerable.FirstOrDefault[TSource](IEnumerable`1 source, Func`2 predicate)
   w GUI.MainForm.slaAutoAssigneTakenIssue(Object sender, RunWorkerCompletedEventArgs e) w C:\CP\ParserGit\JiraParser\GUI\SlaService.cs:wiersz 555

--- Main exception: Source ---
System.Core

środa, 23 stycznia 2019 20:11:25

--- Main exception: Message ---
Wartość nie może być zerowa.
Nazwa parametru: source

--- Main exception: StackTrace ---
   w System.Linq.Enumerable.FirstOrDefault[TSource](IEnumerable`1 source, Func`2 predicate)
   w GUI.MainForm.slaAutoAssigneTakenIssue(Object sender, RunWorkerCompletedEventArgs e) w C:\CP\ParserGit\JiraParser\GUI\SlaService.cs:wiersz 555

--- Main exception: Source ---
System.Core

środa, 23 stycznia 2019 20:11:25

--- Main exception: Message ---
Wartość nie może być zerowa.
Nazwa parametru: source

--- Main exception: StackTrace ---
   w System.Linq.Enumerable.FirstOrDefault[TSource](IEnumerable`1 source, Func`2 predicate)
   w GUI.MainForm.slaAutoAssigneTakenIssue(Object sender, RunWorkerCompletedEventArgs e) w C:\CP\ParserGit\JiraParser\GUI\SlaService.cs:wiersz 555

--- Main exception: Source ---
System.Core

środa, 23 stycznia 2019 20:11:25

--- Main exception: Message ---
Wartość nie może być zerowa.
Nazwa parametru: source

--- Main exception: StackTrace ---
   w System.Linq.Enumerable.FirstOrDefault[TSource](IEnumerable`1 source, Func`2 predicate)
   w GUI.MainForm.slaAutoAssigneTakenIssue(Object sender, RunWorkerCompletedEventArgs e) w C:\CP\ParserGit\JiraParser\GUI\SlaService.cs:wiersz 555

--- Main exception: Source ---
System.Core

środa, 23 stycznia 2019 20:11:25

--- Main exception: Message ---
Wartość nie może być zerowa.
Nazwa parametru: source

--- Main exception: StackTrace ---
   w System.Linq.Enumerable.FirstOrDefault[TSource](IEnumerable`1 source, Func`2 predicate)
   w GUI.MainForm.slaAutoAssigneTakenIssue(Object sender, RunWorkerCompletedEventArgs e) w C:\CP\ParserGit\JiraParser\GUI\SlaService.cs:wiersz 555

--- Main exception: Source ---
System.Core

środa, 23 stycznia 2019 20:11:25

--- Main exception: Message ---
Wartość nie może być zerowa.
Nazwa parametru: source

--- Main exception: StackTrace ---
   w System.Linq.Enumerable.FirstOrDefault[TSource](IEnumerable`1 source, Func`2 predicate)
   w GUI.MainForm.slaAutoAssigneTakenIssue(Object sender, RunWorkerCompletedEventArgs e) w C:\CP\ParserGit\JiraParser\GUI\SlaService.cs:wiersz 555

--- Main exception: Source ---
System.Core

środa, 23 stycznia 2019 20:11:25

--- Main exception: Message ---
Wartość nie może być zerowa.
Nazwa parametru: source

--- Main exception: StackTrace ---
   w System.Linq.Enumerable.FirstOrDefault[TSource](IEnumerable`1 source, Func`2 predicate)
   w GUI.MainForm.slaAutoAssigneTakenIssue(Object sender, RunWorkerCompletedEventArgs e) w C:\CP\ParserGit\JiraParser\GUI\SlaService.cs:wiersz 555

--- Main exception: Source ---
System.Core

środa, 23 stycznia 2019 20:11:25

--- Main exception: Message ---
Wartość nie może być zerowa.
Nazwa parametru: source

--- Main exception: StackTrace ---
   w System.Linq.Enumerable.FirstOrDefault[TSource](IEnumerable`1 source, Func`2 predicate)
   w GUI.MainForm.slaAutoAssigneTakenIssue(Object sender, RunWorkerCompletedEventArgs e) w C:\CP\ParserGit\JiraParser\GUI\SlaService.cs:wiersz 555

--- Main exception: Source ---
System.Core

środa, 23 stycznia 2019 20:11:25

--- Main exception: Message ---
Wartość nie może być zerowa.
Nazwa parametru: source

--- Main exception: StackTrace ---
   w System.Linq.Enumerable.FirstOrDefault[TSource](IEnumerable`1 source, Func`2 predicate)
   w GUI.MainForm.slaAutoAssigneTakenIssue(Object sender, RunWorkerCompletedEventArgs e) w C:\CP\ParserGit\JiraParser\GUI\SlaService.cs:wiersz 555

--- Main exception: Source ---
System.Core

środa, 23 stycznia 2019 20:11:48

--- Main exception: Message ---
Nie można rozpoznać nazwy zdalnej: 'jira'

--- Main exception: StackTrace ---
   w Atlassian.Jira.Remote.JiraRestClient.ExecuteRequest[T](Method method, String resource, Object requestBody) w c:\projects\atlassian-net-sdk\Atlassian.Jira\Remote\JiraRestClient.cs:wiersz 119
   w Atlassian.Jira.Remote.JiraRestClient.GetPriorities(String token) w c:\projects\atlassian-net-sdk\Atlassian.Jira\Remote\JiraRestClient.cs:wiersz 785
   w Atlassian.Jira.Jira.<GetIssuePriorities>b__24(String token) w c:\projects\atlassian-net-sdk\Atlassian.Jira\Jira.cs:wiersz 478
   w Atlassian.Jira.Jira.<>c__DisplayClass3c.<WithToken>b__3b(String t) w c:\projects\atlassian-net-sdk\Atlassian.Jira\Jira.cs:wiersz 658
   w Atlassian.Jira.Jira.WithToken[TResult](Func`3 function) w c:\projects\atlassian-net-sdk\Atlassian.Jira\Jira.cs:wiersz 706
   w Atlassian.Jira.Jira.GetIssuePriorities() w c:\projects\atlassian-net-sdk\Atlassian.Jira\Jira.cs:wiersz 482
   w GUI.MainForm.LoginJira() w C:\CP\ParserGit\JiraParser\GUI\MainForm.cs:wiersz 4366

--- Main exception: Source ---
Atlassian.Jira

