poniedziałek, 25 lutego 2019 07:58:00

--- Main exception: Message ---
Odwołanie do obiektu nie zostało ustawione na wystąpienie obiektu.

--- Main exception: StackTrace ---
   w System.Collections.Generic.Dictionary`2.Insert(TKey key, TValue value, Boolean add)
   w GUI.MainForm.addIssueToTreeNode(String issueNumber, List`1 issue, String treeViewName) w C:\CP\ParserGit\JiraParser\GUI\MainForm.cs:wiersz 6166
   w GUI.MainForm.slaAutoAssigneTakenIssue(Object sender, DoWorkEventArgs e) w C:\CP\ParserGit\JiraParser\GUI\SlaService.cs:wiersz 592

--- Main exception: Source ---
mscorlib

poniedziałek, 25 lutego 2019 07:58:00

--- Main exception: Message ---
Zmodyfikowano kolekcję. Nie można wykonać operacji wyliczania.

--- Main exception: StackTrace ---
   w System.ThrowHelper.ThrowInvalidOperationException(ExceptionResource resource)
   w System.Collections.Generic.List`1.Enumerator.MoveNextRare()
   w GUI.MainForm.addIssueToTreeNode(String issueNumber, List`1 issue, String treeViewName) w C:\CP\ParserGit\JiraParser\GUI\MainForm.cs:wiersz 6173
   w GUI.MainForm.slaAutoAssigneTakenIssue(Object sender, DoWorkEventArgs e) w C:\CP\ParserGit\JiraParser\GUI\SlaService.cs:wiersz 592

--- Main exception: Source ---
mscorlib

poniedziałek, 25 lutego 2019 08:22:14

--- Main exception: Message ---
Zmodyfikowano kolekcję. Nie można wykonać operacji wyliczania.

--- Main exception: StackTrace ---
   w System.ThrowHelper.ThrowInvalidOperationException(ExceptionResource resource)
   w System.Collections.Generic.List`1.Enumerator.MoveNextRare()
   w GUI.MainForm.addIssueToTreeNode(String issueNumber, List`1 issue, String treeViewName) w C:\CP\ParserGit\JiraParser\GUI\MainForm.cs:wiersz 6173
   w GUI.MainForm.slaAutoAssigneTakenIssue(Object sender, DoWorkEventArgs e) w C:\CP\ParserGit\JiraParser\GUI\SlaService.cs:wiersz 592

--- Main exception: Source ---
mscorlib

poniedziałek, 25 lutego 2019 08:28:15

--- Main exception: Message ---
Zmodyfikowano kolekcję. Nie można wykonać operacji wyliczania.

--- Main exception: StackTrace ---
   w System.ThrowHelper.ThrowInvalidOperationException(ExceptionResource resource)
   w System.Collections.Generic.List`1.Enumerator.MoveNextRare()
   w GUI.MainForm.addIssueToTreeNode(String issueNumber, List`1 issue, String treeViewName) w C:\CP\ParserGit\JiraParser\GUI\MainForm.cs:wiersz 6173
   w GUI.MainForm.slaAutoAssigneTakenIssue(Object sender, DoWorkEventArgs e) w C:\CP\ParserGit\JiraParser\GUI\SlaService.cs:wiersz 592

--- Main exception: Source ---
mscorlib

poniedziałek, 25 lutego 2019 08:34:09

Zgłoszenie ZCC-18181 dodano automatycznie o godzinie 2019-02-25 08:34:09!
poniedziałek, 25 lutego 2019 08:34:09

Modyfikacja treeItem checkAsAssigneponiedziałek, 25 lutego 2019 08:34:21

addCommentJira string jiraKey ZCC-18181poniedziałek, 25 lutego 2019 08:34:21

addCommentJira object sender, DoWorkEventArgs e ZCC-18181poniedziałek, 25 lutego 2019 08:40:14

--- Main exception: Message ---
Zmodyfikowano kolekcję. Nie można wykonać operacji wyliczania.

--- Main exception: StackTrace ---
   w System.ThrowHelper.ThrowInvalidOperationException(ExceptionResource resource)
   w System.Collections.Generic.List`1.Enumerator.MoveNextRare()
   w GUI.MainForm.addIssueToTreeNode(String issueNumber, List`1 issue, String treeViewName) w C:\CP\ParserGit\JiraParser\GUI\MainForm.cs:wiersz 6173
   w GUI.MainForm.slaAutoAssigneTakenIssue(Object sender, DoWorkEventArgs e) w C:\CP\ParserGit\JiraParser\GUI\SlaService.cs:wiersz 592

--- Main exception: Source ---
mscorlib

poniedziałek, 25 lutego 2019 08:46:14

--- Main exception: Message ---
Zmodyfikowano kolekcję. Nie można wykonać operacji wyliczania.

--- Main exception: StackTrace ---
   w System.ThrowHelper.ThrowInvalidOperationException(ExceptionResource resource)
   w System.Collections.Generic.List`1.Enumerator.MoveNextRare()
   w GUI.MainForm.addIssueToTreeNode(String issueNumber, List`1 issue, String treeViewName) w C:\CP\ParserGit\JiraParser\GUI\MainForm.cs:wiersz 6173
   w GUI.MainForm.slaAutoAssigneTakenIssue(Object sender, DoWorkEventArgs e) w C:\CP\ParserGit\JiraParser\GUI\SlaService.cs:wiersz 592

--- Main exception: Source ---
mscorlib

poniedziałek, 25 lutego 2019 08:52:05

Zgłoszenie ZCC-18182 dodano automatycznie o godzinie 2019-02-25 08:52:05!
poniedziałek, 25 lutego 2019 08:52:05

Modyfikacja treeItem checkAsAssigneponiedziałek, 25 lutego 2019 08:52:14

addCommentJira string jiraKey ZCC-18182poniedziałek, 25 lutego 2019 08:52:14

addCommentJira object sender, DoWorkEventArgs e ZCC-18182poniedziałek, 25 lutego 2019 08:52:14

--- Main exception: Message ---
Zmodyfikowano kolekcję. Nie można wykonać operacji wyliczania.

--- Main exception: StackTrace ---
   w System.ThrowHelper.ThrowInvalidOperationException(ExceptionResource resource)
   w System.Collections.Generic.List`1.Enumerator.MoveNextRare()
   w GUI.MainForm.addIssueToTreeNode(String issueNumber, List`1 issue, String treeViewName) w C:\CP\ParserGit\JiraParser\GUI\MainForm.cs:wiersz 6173
   w GUI.MainForm.slaAutoAssigneTakenIssue(Object sender, DoWorkEventArgs e) w C:\CP\ParserGit\JiraParser\GUI\SlaService.cs:wiersz 592

--- Main exception: Source ---
mscorlib

poniedziałek, 25 lutego 2019 08:58:12

--- Main exception: Message ---
Zmodyfikowano kolekcję. Nie można wykonać operacji wyliczania.

--- Main exception: StackTrace ---
   w System.ThrowHelper.ThrowInvalidOperationException(ExceptionResource resource)
   w System.Collections.Generic.List`1.Enumerator.MoveNextRare()
   w GUI.MainForm.addIssueToTreeNode(String issueNumber, List`1 issue, String treeViewName) w C:\CP\ParserGit\JiraParser\GUI\MainForm.cs:wiersz 6173
   w GUI.MainForm.slaAutoAssigneTakenIssue(Object sender, DoWorkEventArgs e) w C:\CP\ParserGit\JiraParser\GUI\SlaService.cs:wiersz 592

--- Main exception: Source ---
mscorlib

poniedziałek, 25 lutego 2019 09:04:14

--- Main exception: Message ---
Zmodyfikowano kolekcję. Nie można wykonać operacji wyliczania.

--- Main exception: StackTrace ---
   w System.ThrowHelper.ThrowInvalidOperationException(ExceptionResource resource)
   w System.Collections.Generic.List`1.Enumerator.MoveNextRare()
   w GUI.MainForm.addIssueToTreeNode(String issueNumber, List`1 issue, String treeViewName) w C:\CP\ParserGit\JiraParser\GUI\MainForm.cs:wiersz 6173
   w GUI.MainForm.slaAutoAssigneTakenIssue(Object sender, DoWorkEventArgs e) w C:\CP\ParserGit\JiraParser\GUI\SlaService.cs:wiersz 592

--- Main exception: Source ---
mscorlib

poniedziałek, 25 lutego 2019 09:10:04

Zgłoszenie ZCC-18186 dodano automatycznie o godzinie 2019-02-25 09:10:04!
poniedziałek, 25 lutego 2019 09:10:04

Modyfikacja treeItem checkAsAssigneponiedziałek, 25 lutego 2019 09:10:13

addCommentJira string jiraKey ZCC-18186poniedziałek, 25 lutego 2019 09:10:13

addCommentJira object sender, DoWorkEventArgs e ZCC-18186poniedziałek, 25 lutego 2019 09:10:14

--- Main exception: Message ---
Zmodyfikowano kolekcję. Nie można wykonać operacji wyliczania.

--- Main exception: StackTrace ---
   w System.ThrowHelper.ThrowInvalidOperationException(ExceptionResource resource)
   w System.Collections.Generic.List`1.Enumerator.MoveNextRare()
   w GUI.MainForm.addIssueToTreeNode(String issueNumber, List`1 issue, String treeViewName) w C:\CP\ParserGit\JiraParser\GUI\MainForm.cs:wiersz 6173
   w GUI.MainForm.slaAutoAssigneTakenIssue(Object sender, DoWorkEventArgs e) w C:\CP\ParserGit\JiraParser\GUI\SlaService.cs:wiersz 592

--- Main exception: Source ---
mscorlib

poniedziałek, 25 lutego 2019 09:16:17

--- Main exception: Message ---
Zmodyfikowano kolekcję. Nie można wykonać operacji wyliczania.

--- Main exception: StackTrace ---
   w System.ThrowHelper.ThrowInvalidOperationException(ExceptionResource resource)
   w System.Collections.Generic.List`1.Enumerator.MoveNextRare()
   w GUI.MainForm.addIssueToTreeNode(String issueNumber, List`1 issue, String treeViewName) w C:\CP\ParserGit\JiraParser\GUI\MainForm.cs:wiersz 6173
   w GUI.MainForm.slaAutoAssigneTakenIssue(Object sender, DoWorkEventArgs e) w C:\CP\ParserGit\JiraParser\GUI\SlaService.cs:wiersz 592

--- Main exception: Source ---
mscorlib

poniedziałek, 25 lutego 2019 09:22:17

--- Main exception: Message ---
Zmodyfikowano kolekcję. Nie można wykonać operacji wyliczania.

--- Main exception: StackTrace ---
   w System.ThrowHelper.ThrowInvalidOperationException(ExceptionResource resource)
   w System.Collections.Generic.List`1.Enumerator.MoveNextRare()
   w GUI.MainForm.addIssueToTreeNode(String issueNumber, List`1 issue, String treeViewName) w C:\CP\ParserGit\JiraParser\GUI\MainForm.cs:wiersz 6173
   w GUI.MainForm.slaAutoAssigneTakenIssue(Object sender, DoWorkEventArgs e) w C:\CP\ParserGit\JiraParser\GUI\SlaService.cs:wiersz 592

--- Main exception: Source ---
mscorlib

poniedziałek, 25 lutego 2019 09:22:17

--- Main exception: Message ---
Zmodyfikowano kolekcję. Nie można wykonać operacji wyliczania.

--- Main exception: StackTrace ---
   w System.ThrowHelper.ThrowInvalidOperationException(ExceptionResource resource)
   w System.Collections.Generic.List`1.Enumerator.MoveNextRare()
   w GUI.MainForm.addIssueToTreeNode(String issueNumber, List`1 issue, String treeViewName) w C:\CP\ParserGit\JiraParser\GUI\MainForm.cs:wiersz 6173
   w GUI.MainForm.slaAutoAssigneTakenIssue(Object sender, DoWorkEventArgs e) w C:\CP\ParserGit\JiraParser\GUI\SlaService.cs:wiersz 592

--- Main exception: Source ---
mscorlib

poniedziałek, 25 lutego 2019 09:28:14

--- Main exception: Message ---
Zmodyfikowano kolekcję. Nie można wykonać operacji wyliczania.

--- Main exception: StackTrace ---
   w System.ThrowHelper.ThrowInvalidOperationException(ExceptionResource resource)
   w System.Collections.Generic.List`1.Enumerator.MoveNextRare()
   w GUI.MainForm.addIssueToTreeNode(String issueNumber, List`1 issue, String treeViewName) w C:\CP\ParserGit\JiraParser\GUI\MainForm.cs:wiersz 6173
   w GUI.MainForm.slaAutoAssigneTakenIssue(Object sender, DoWorkEventArgs e) w C:\CP\ParserGit\JiraParser\GUI\SlaService.cs:wiersz 592

--- Main exception: Source ---
mscorlib

poniedziałek, 25 lutego 2019 09:34:21

--- Main exception: Message ---
Zmodyfikowano kolekcję. Nie można wykonać operacji wyliczania.

--- Main exception: StackTrace ---
   w System.ThrowHelper.ThrowInvalidOperationException(ExceptionResource resource)
   w System.Collections.Generic.List`1.Enumerator.MoveNextRare()
   w GUI.MainForm.addIssueToTreeNode(String issueNumber, List`1 issue, String treeViewName) w C:\CP\ParserGit\JiraParser\GUI\MainForm.cs:wiersz 6173
   w GUI.MainForm.slaAutoAssigneTakenIssue(Object sender, DoWorkEventArgs e) w C:\CP\ParserGit\JiraParser\GUI\SlaService.cs:wiersz 592

--- Main exception: Source ---
mscorlib

poniedziałek, 25 lutego 2019 09:34:22

--- Main exception: Message ---
Zmodyfikowano kolekcję. Nie można wykonać operacji wyliczania.

--- Main exception: StackTrace ---
   w System.ThrowHelper.ThrowInvalidOperationException(ExceptionResource resource)
   w System.Collections.Generic.List`1.Enumerator.MoveNextRare()
   w GUI.MainForm.addIssueToTreeNode(String issueNumber, List`1 issue, String treeViewName) w C:\CP\ParserGit\JiraParser\GUI\MainForm.cs:wiersz 6173
   w GUI.MainForm.slaAutoAssigneTakenIssue(Object sender, DoWorkEventArgs e) w C:\CP\ParserGit\JiraParser\GUI\SlaService.cs:wiersz 592

--- Main exception: Source ---
mscorlib

poniedziałek, 25 lutego 2019 09:40:08

Zgłoszenie INFOLINIA-6546 dodano automatycznie o godzinie 2019-02-25 09:40:08!
poniedziałek, 25 lutego 2019 09:40:08

Modyfikacja treeItem checkAsAssigneponiedziałek, 25 lutego 2019 09:40:16

Zgłoszenie INFOLINIA-6547 dodano automatycznie o godzinie 2019-02-25 09:40:16!
poniedziałek, 25 lutego 2019 09:40:16

Modyfikacja treeItem checkAsAssigneponiedziałek, 25 lutego 2019 09:40:18

addCommentJira string jiraKey INFOLINIA-6546poniedziałek, 25 lutego 2019 09:40:18

addCommentJira object sender, DoWorkEventArgs e INFOLINIA-6546poniedziałek, 25 lutego 2019 09:40:20

--- Main exception: Message ---
Zmodyfikowano kolekcję. Nie można wykonać operacji wyliczania.

--- Main exception: StackTrace ---
   w System.ThrowHelper.ThrowInvalidOperationException(ExceptionResource resource)
   w System.Collections.Generic.List`1.Enumerator.MoveNextRare()
   w GUI.MainForm.addIssueToTreeNode(String issueNumber, List`1 issue, String treeViewName) w C:\CP\ParserGit\JiraParser\GUI\MainForm.cs:wiersz 6173
   w GUI.MainForm.slaAutoAssigneTakenIssue(Object sender, DoWorkEventArgs e) w C:\CP\ParserGit\JiraParser\GUI\SlaService.cs:wiersz 592

--- Main exception: Source ---
mscorlib

poniedziałek, 25 lutego 2019 09:40:20

addCommentJira string jiraKey INFOLINIA-6547poniedziałek, 25 lutego 2019 09:40:20

addCommentJira object sender, DoWorkEventArgs e INFOLINIA-6547poniedziałek, 25 lutego 2019 09:40:21

--- Main exception: Message ---
Zmodyfikowano kolekcję. Nie można wykonać operacji wyliczania.

--- Main exception: StackTrace ---
   w System.ThrowHelper.ThrowInvalidOperationException(ExceptionResource resource)
   w System.Collections.Generic.List`1.Enumerator.MoveNextRare()
   w GUI.MainForm.addIssueToTreeNode(String issueNumber, List`1 issue, String treeViewName) w C:\CP\ParserGit\JiraParser\GUI\MainForm.cs:wiersz 6173
   w GUI.MainForm.slaAutoAssigneTakenIssue(Object sender, DoWorkEventArgs e) w C:\CP\ParserGit\JiraParser\GUI\SlaService.cs:wiersz 592

--- Main exception: Source ---
mscorlib

poniedziałek, 25 lutego 2019 09:40:22

Zgłoszenie INFOLINIA-6548 dodano automatycznie o godzinie 2019-02-25 09:40:22!
poniedziałek, 25 lutego 2019 09:40:22

Modyfikacja treeItem checkAsAssigneponiedziałek, 25 lutego 2019 09:40:24

addCommentJira string jiraKey INFOLINIA-6548poniedziałek, 25 lutego 2019 09:40:24

addCommentJira object sender, DoWorkEventArgs e INFOLINIA-6548poniedziałek, 25 lutego 2019 09:40:25

Zgłoszenie INFOLINIA-6549 dodano automatycznie o godzinie 2019-02-25 09:40:25!
poniedziałek, 25 lutego 2019 09:40:25

Modyfikacja treeItem checkAsAssigneponiedziałek, 25 lutego 2019 09:40:27

addCommentJira string jiraKey INFOLINIA-6549poniedziałek, 25 lutego 2019 09:40:27

addCommentJira object sender, DoWorkEventArgs e INFOLINIA-6549poniedziałek, 25 lutego 2019 09:40:28

Zgłoszenie INFOLINIA-6550 dodano automatycznie o godzinie 2019-02-25 09:40:28!
poniedziałek, 25 lutego 2019 09:40:28

Modyfikacja treeItem checkAsAssigneponiedziałek, 25 lutego 2019 09:40:30

addCommentJira string jiraKey INFOLINIA-6550poniedziałek, 25 lutego 2019 09:40:30

addCommentJira object sender, DoWorkEventArgs e INFOLINIA-6550poniedziałek, 25 lutego 2019 09:40:32

Zgłoszenie ZCC-18183 dodano automatycznie o godzinie 2019-02-25 09:40:32!
poniedziałek, 25 lutego 2019 09:40:32

Modyfikacja treeItem checkAsAssigneponiedziałek, 25 lutego 2019 09:40:35

Zgłoszenie ZCC-18184 dodano automatycznie o godzinie 2019-02-25 09:40:35!
poniedziałek, 25 lutego 2019 09:40:35

Modyfikacja treeItem checkAsAssigneponiedziałek, 25 lutego 2019 09:40:36

addCommentJira string jiraKey ZCC-18183poniedziałek, 25 lutego 2019 09:40:36

addCommentJira object sender, DoWorkEventArgs e ZCC-18183poniedziałek, 25 lutego 2019 09:40:38

Zgłoszenie ZCC-18185 dodano automatycznie o godzinie 2019-02-25 09:40:38!
poniedziałek, 25 lutego 2019 09:40:38

addCommentJira string jiraKey ZCC-18184poniedziałek, 25 lutego 2019 09:40:38

addCommentJira object sender, DoWorkEventArgs e ZCC-18184poniedziałek, 25 lutego 2019 09:40:38

Modyfikacja treeItem checkAsAssigneponiedziałek, 25 lutego 2019 09:40:41

addCommentJira string jiraKey ZCC-18185poniedziałek, 25 lutego 2019 09:40:41

addCommentJira object sender, DoWorkEventArgs e ZCC-18185poniedziałek, 25 lutego 2019 09:46:10

Zgłoszenie CRM-75381 dodano automatycznie o godzinie 2019-02-25 09:46:10!
poniedziałek, 25 lutego 2019 09:46:10

Modyfikacja treeItem checkAsAssigneponiedziałek, 25 lutego 2019 09:48:00

addCommentJira string jiraKey CRM-75381poniedziałek, 25 lutego 2019 09:48:00

addCommentJira object sender, DoWorkEventArgs e CRM-75381poniedziałek, 25 lutego 2019 09:48:01

Zgłoszenie ZCC-18187 dodano automatycznie o godzinie 2019-02-25 09:48:01!
poniedziałek, 25 lutego 2019 09:48:07

--- Main exception: Message ---
Zmodyfikowano kolekcję. Nie można wykonać operacji wyliczania.

--- Main exception: StackTrace ---
   w System.ThrowHelper.ThrowInvalidOperationException(ExceptionResource resource)
   w System.Collections.Generic.List`1.Enumerator.MoveNextRare()
   w GUI.MainForm.addIssueToTreeNode(String issueNumber, List`1 issue, String treeViewName) w C:\CP\ParserGit\JiraParser\GUI\MainForm.cs:wiersz 6173
   w GUI.MainForm.slaAutoAssigneTakenIssue(Object sender, DoWorkEventArgs e) w C:\CP\ParserGit\JiraParser\GUI\SlaService.cs:wiersz 592

--- Main exception: Source ---
mscorlib

poniedziałek, 25 lutego 2019 09:48:09

--- Main exception: Message ---
Zmodyfikowano kolekcję. Nie można wykonać operacji wyliczania.

--- Main exception: StackTrace ---
   w System.ThrowHelper.ThrowInvalidOperationException(ExceptionResource resource)
   w System.Collections.Generic.List`1.Enumerator.MoveNextRare()
   w GUI.MainForm.addIssueToTreeNode(String issueNumber, List`1 issue, String treeViewName) w C:\CP\ParserGit\JiraParser\GUI\MainForm.cs:wiersz 6173
   w GUI.MainForm.slaAutoAssigneTakenIssue(Object sender, DoWorkEventArgs e) w C:\CP\ParserGit\JiraParser\GUI\SlaService.cs:wiersz 592

--- Main exception: Source ---
mscorlib

poniedziałek, 25 lutego 2019 09:48:13

--- Main exception: Message ---
Zmodyfikowano kolekcję. Nie można wykonać operacji wyliczania.

--- Main exception: StackTrace ---
   w System.ThrowHelper.ThrowInvalidOperationException(ExceptionResource resource)
   w System.Collections.Generic.List`1.Enumerator.MoveNextRare()
   w GUI.MainForm.addIssueToTreeNode(String issueNumber, List`1 issue, String treeViewName) w C:\CP\ParserGit\JiraParser\GUI\MainForm.cs:wiersz 6173
   w GUI.MainForm.slaAutoAssigneTakenIssue(Object sender, DoWorkEventArgs e) w C:\CP\ParserGit\JiraParser\GUI\SlaService.cs:wiersz 592

--- Main exception: Source ---
mscorlib

poniedziałek, 25 lutego 2019 09:52:26

--- Main exception: Message ---
Zmodyfikowano kolekcję. Nie można wykonać operacji wyliczania.

--- Main exception: StackTrace ---
   w System.ThrowHelper.ThrowInvalidOperationException(ExceptionResource resource)
   w System.Collections.Generic.List`1.Enumerator.MoveNextRare()
   w GUI.MainForm.addIssueToTreeNode(String issueNumber, List`1 issue, String treeViewName) w C:\CP\ParserGit\JiraParser\GUI\MainForm.cs:wiersz 6173
   w GUI.MainForm.slaAutoAssigneTakenIssue(Object sender, DoWorkEventArgs e) w C:\CP\ParserGit\JiraParser\GUI\SlaService.cs:wiersz 592

--- Main exception: Source ---
mscorlib

poniedziałek, 25 lutego 2019 09:52:27

--- Main exception: Message ---
Zmodyfikowano kolekcję. Nie można wykonać operacji wyliczania.

--- Main exception: StackTrace ---
   w System.ThrowHelper.ThrowInvalidOperationException(ExceptionResource resource)
   w System.Collections.Generic.List`1.Enumerator.MoveNextRare()
   w GUI.MainForm.addIssueToTreeNode(String issueNumber, List`1 issue, String treeViewName) w C:\CP\ParserGit\JiraParser\GUI\MainForm.cs:wiersz 6173
   w GUI.MainForm.slaAutoAssigneTakenIssue(Object sender, DoWorkEventArgs e) w C:\CP\ParserGit\JiraParser\GUI\SlaService.cs:wiersz 592

--- Main exception: Source ---
mscorlib

poniedziałek, 25 lutego 2019 09:52:28

--- Main exception: Message ---
Zmodyfikowano kolekcję. Nie można wykonać operacji wyliczania.

--- Main exception: StackTrace ---
   w System.ThrowHelper.ThrowInvalidOperationException(ExceptionResource resource)
   w System.Collections.Generic.List`1.Enumerator.MoveNextRare()
   w GUI.MainForm.addIssueToTreeNode(String issueNumber, List`1 issue, String treeViewName) w C:\CP\ParserGit\JiraParser\GUI\MainForm.cs:wiersz 6173
   w GUI.MainForm.slaAutoAssigneTakenIssue(Object sender, DoWorkEventArgs e) w C:\CP\ParserGit\JiraParser\GUI\SlaService.cs:wiersz 592

--- Main exception: Source ---
mscorlib

poniedziałek, 25 lutego 2019 09:52:28

--- Main exception: Message ---
Zmodyfikowano kolekcję. Nie można wykonać operacji wyliczania.

--- Main exception: StackTrace ---
   w System.ThrowHelper.ThrowInvalidOperationException(ExceptionResource resource)
   w System.Collections.Generic.List`1.Enumerator.MoveNextRare()
   w GUI.MainForm.addIssueToTreeNode(String issueNumber, List`1 issue, String treeViewName) w C:\CP\ParserGit\JiraParser\GUI\MainForm.cs:wiersz 6173
   w GUI.MainForm.slaAutoAssigneTakenIssue(Object sender, DoWorkEventArgs e) w C:\CP\ParserGit\JiraParser\GUI\SlaService.cs:wiersz 592

--- Main exception: Source ---
mscorlib

poniedziałek, 25 lutego 2019 09:57:00

Modyfikacja treeItem checkAsAssigneponiedziałek, 25 lutego 2019 09:57:00

--- Main exception: Message ---
Nie można uzyskać dostępu do usuniętego obiektu.
Nazwa obiektu: 'WFSform'.

--- Main exception: StackTrace ---
   w System.Windows.Forms.Control.CreateHandle()
   w System.Windows.Forms.Form.CreateHandle()
   w System.Windows.Forms.Control.get_Handle()
   w System.Windows.Forms.Application.ThreadContext.RunMessageLoopInner(Int32 reason, ApplicationContext context)
   w System.Windows.Forms.Application.ThreadContext.RunMessageLoop(Int32 reason, ApplicationContext context)
   w System.Windows.Forms.Form.ShowDialog(IWin32Window owner)
   w GUI.MainForm.UzupelnijDane(TreeView tr, Boolean auto) w C:\CP\ParserGit\JiraParser\GUI\MainForm.cs:wiersz 3808
   w GUI.MainForm.<newIssueAutoAddToBPMUzupelnijDane>b__225_0() w C:\CP\ParserGit\JiraParser\GUI\MainForm.cs:wiersz 7368

--- Main exception: Source ---
System.Windows.Forms

poniedziałek, 25 lutego 2019 09:57:02

addCommentJira string jiraKey ZCC-18187poniedziałek, 25 lutego 2019 09:57:02

addCommentJira object sender, DoWorkEventArgs e ZCC-18187poniedziałek, 25 lutego 2019 09:58:23

--- Main exception: Message ---
Zmodyfikowano kolekcję. Nie można wykonać operacji wyliczania.

--- Main exception: StackTrace ---
   w System.ThrowHelper.ThrowInvalidOperationException(ExceptionResource resource)
   w System.Collections.Generic.List`1.Enumerator.MoveNextRare()
   w GUI.MainForm.addIssueToTreeNode(String issueNumber, List`1 issue, String treeViewName) w C:\CP\ParserGit\JiraParser\GUI\MainForm.cs:wiersz 6173
   w GUI.MainForm.slaAutoAssigneTakenIssue(Object sender, DoWorkEventArgs e) w C:\CP\ParserGit\JiraParser\GUI\SlaService.cs:wiersz 592

--- Main exception: Source ---
mscorlib

poniedziałek, 25 lutego 2019 09:58:25

--- Main exception: Message ---
Zmodyfikowano kolekcję. Nie można wykonać operacji wyliczania.

--- Main exception: StackTrace ---
   w System.ThrowHelper.ThrowInvalidOperationException(ExceptionResource resource)
   w System.Collections.Generic.List`1.Enumerator.MoveNextRare()
   w GUI.MainForm.addIssueToTreeNode(String issueNumber, List`1 issue, String treeViewName) w C:\CP\ParserGit\JiraParser\GUI\MainForm.cs:wiersz 6173
   w GUI.MainForm.slaAutoAssigneTakenIssue(Object sender, DoWorkEventArgs e) w C:\CP\ParserGit\JiraParser\GUI\SlaService.cs:wiersz 592

--- Main exception: Source ---
mscorlib

poniedziałek, 25 lutego 2019 09:58:26

--- Main exception: Message ---
Zmodyfikowano kolekcję. Nie można wykonać operacji wyliczania.

--- Main exception: StackTrace ---
   w System.ThrowHelper.ThrowInvalidOperationException(ExceptionResource resource)
   w System.Collections.Generic.List`1.Enumerator.MoveNextRare()
   w GUI.MainForm.addIssueToTreeNode(String issueNumber, List`1 issue, String treeViewName) w C:\CP\ParserGit\JiraParser\GUI\MainForm.cs:wiersz 6173
   w GUI.MainForm.slaAutoAssigneTakenIssue(Object sender, RunWorkerCompletedEventArgs e) w C:\CP\ParserGit\JiraParser\GUI\SlaService.cs:wiersz 690

--- Main exception: Source ---
mscorlib

poniedziałek, 25 lutego 2019 10:04:13

Zgłoszenie ZCC-18188 dodano automatycznie o godzinie 2019-02-25 10:04:13!
poniedziałek, 25 lutego 2019 10:04:13

Modyfikacja treeItem checkAsAssigneponiedziałek, 25 lutego 2019 10:04:34

addCommentJira string jiraKey ZCC-18188poniedziałek, 25 lutego 2019 10:04:34

addCommentJira object sender, DoWorkEventArgs e ZCC-18188poniedziałek, 25 lutego 2019 10:04:37

--- Main exception: Message ---
Zmodyfikowano kolekcję. Nie można wykonać operacji wyliczania.

--- Main exception: StackTrace ---
   w System.ThrowHelper.ThrowInvalidOperationException(ExceptionResource resource)
   w System.Collections.Generic.List`1.Enumerator.MoveNextRare()
   w GUI.MainForm.addIssueToTreeNode(String issueNumber, List`1 issue, String treeViewName) w C:\CP\ParserGit\JiraParser\GUI\MainForm.cs:wiersz 6173
   w GUI.MainForm.slaAutoAssigneTakenIssue(Object sender, DoWorkEventArgs e) w C:\CP\ParserGit\JiraParser\GUI\SlaService.cs:wiersz 592

--- Main exception: Source ---
mscorlib

poniedziałek, 25 lutego 2019 10:04:37

--- Main exception: Message ---
Zmodyfikowano kolekcję. Nie można wykonać operacji wyliczania.

--- Main exception: StackTrace ---
   w System.ThrowHelper.ThrowInvalidOperationException(ExceptionResource resource)
   w System.Collections.Generic.List`1.Enumerator.MoveNextRare()
   w GUI.MainForm.addIssueToTreeNode(String issueNumber, List`1 issue, String treeViewName) w C:\CP\ParserGit\JiraParser\GUI\MainForm.cs:wiersz 6173
   w GUI.MainForm.slaAutoAssigneTakenIssue(Object sender, DoWorkEventArgs e) w C:\CP\ParserGit\JiraParser\GUI\SlaService.cs:wiersz 592

--- Main exception: Source ---
mscorlib

poniedziałek, 25 lutego 2019 10:04:38

--- Main exception: Message ---
Zmodyfikowano kolekcję. Nie można wykonać operacji wyliczania.

--- Main exception: StackTrace ---
   w System.ThrowHelper.ThrowInvalidOperationException(ExceptionResource resource)
   w System.Collections.Generic.List`1.Enumerator.MoveNextRare()
   w GUI.MainForm.addIssueToTreeNode(String issueNumber, List`1 issue, String treeViewName) w C:\CP\ParserGit\JiraParser\GUI\MainForm.cs:wiersz 6173
   w GUI.MainForm.slaAutoAssigneTakenIssue(Object sender, DoWorkEventArgs e) w C:\CP\ParserGit\JiraParser\GUI\SlaService.cs:wiersz 592

--- Main exception: Source ---
mscorlib

poniedziałek, 25 lutego 2019 10:04:39

--- Main exception: Message ---
Zmodyfikowano kolekcję. Nie można wykonać operacji wyliczania.

--- Main exception: StackTrace ---
   w System.ThrowHelper.ThrowInvalidOperationException(ExceptionResource resource)
   w System.Collections.Generic.List`1.Enumerator.MoveNextRare()
   w GUI.MainForm.addIssueToTreeNode(String issueNumber, List`1 issue, String treeViewName) w C:\CP\ParserGit\JiraParser\GUI\MainForm.cs:wiersz 6173
   w GUI.MainForm.slaAutoAssigneTakenIssue(Object sender, RunWorkerCompletedEventArgs e) w C:\CP\ParserGit\JiraParser\GUI\SlaService.cs:wiersz 690

--- Main exception: Source ---
mscorlib

poniedziałek, 25 lutego 2019 10:10:21

Zgłoszenie ZCC-18189 dodano automatycznie o godzinie 2019-02-25 10:10:21!
poniedziałek, 25 lutego 2019 10:10:22

Modyfikacja treeItem checkAsAssigneponiedziałek, 25 lutego 2019 10:10:29

Zgłoszenie ZCC-18190 dodano automatycznie o godzinie 2019-02-25 10:10:29!
poniedziałek, 25 lutego 2019 10:10:29

Modyfikacja treeItem checkAsAssigneponiedziałek, 25 lutego 2019 10:10:38

addCommentJira string jiraKey ZCC-18189poniedziałek, 25 lutego 2019 10:10:38

addCommentJira object sender, DoWorkEventArgs e ZCC-18189poniedziałek, 25 lutego 2019 10:10:41

addCommentJira string jiraKey ZCC-18190poniedziałek, 25 lutego 2019 10:10:41

addCommentJira object sender, DoWorkEventArgs e ZCC-18190poniedziałek, 25 lutego 2019 10:10:47

--- Main exception: Message ---
Zmodyfikowano kolekcję. Nie można wykonać operacji wyliczania.

--- Main exception: StackTrace ---
   w System.ThrowHelper.ThrowInvalidOperationException(ExceptionResource resource)
   w System.Collections.Generic.List`1.Enumerator.MoveNextRare()
   w GUI.MainForm.addIssueToTreeNode(String issueNumber, List`1 issue, String treeViewName) w C:\CP\ParserGit\JiraParser\GUI\MainForm.cs:wiersz 6173
   w GUI.MainForm.slaAutoAssigneTakenIssue(Object sender, DoWorkEventArgs e) w C:\CP\ParserGit\JiraParser\GUI\SlaService.cs:wiersz 592

--- Main exception: Source ---
mscorlib

poniedziałek, 25 lutego 2019 10:10:48

--- Main exception: Message ---
Zmodyfikowano kolekcję. Nie można wykonać operacji wyliczania.

--- Main exception: StackTrace ---
   w System.ThrowHelper.ThrowInvalidOperationException(ExceptionResource resource)
   w System.Collections.Generic.List`1.Enumerator.MoveNextRare()
   w GUI.MainForm.addIssueToTreeNode(String issueNumber, List`1 issue, String treeViewName) w C:\CP\ParserGit\JiraParser\GUI\MainForm.cs:wiersz 6173
   w GUI.MainForm.slaAutoAssigneTakenIssue(Object sender, DoWorkEventArgs e) w C:\CP\ParserGit\JiraParser\GUI\SlaService.cs:wiersz 592

--- Main exception: Source ---
mscorlib

poniedziałek, 25 lutego 2019 10:10:48

--- Main exception: Message ---
Zmodyfikowano kolekcję. Nie można wykonać operacji wyliczania.

--- Main exception: StackTrace ---
   w System.ThrowHelper.ThrowInvalidOperationException(ExceptionResource resource)
   w System.Collections.Generic.List`1.Enumerator.MoveNextRare()
   w GUI.MainForm.addIssueToTreeNode(String issueNumber, List`1 issue, String treeViewName) w C:\CP\ParserGit\JiraParser\GUI\MainForm.cs:wiersz 6173
   w GUI.MainForm.slaAutoAssigneTakenIssue(Object sender, DoWorkEventArgs e) w C:\CP\ParserGit\JiraParser\GUI\SlaService.cs:wiersz 592

--- Main exception: Source ---
mscorlib

poniedziałek, 25 lutego 2019 10:10:49

--- Main exception: Message ---
Zmodyfikowano kolekcję. Nie można wykonać operacji wyliczania.

--- Main exception: StackTrace ---
   w System.ThrowHelper.ThrowInvalidOperationException(ExceptionResource resource)
   w System.Collections.Generic.List`1.Enumerator.MoveNextRare()
   w GUI.MainForm.addIssueToTreeNode(String issueNumber, List`1 issue, String treeViewName) w C:\CP\ParserGit\JiraParser\GUI\MainForm.cs:wiersz 6173
   w GUI.MainForm.slaAutoAssigneTakenIssue(Object sender, RunWorkerCompletedEventArgs e) w C:\CP\ParserGit\JiraParser\GUI\SlaService.cs:wiersz 690

--- Main exception: Source ---
mscorlib

poniedziałek, 25 lutego 2019 10:10:52

Zgłoszenie ZCC-18191 dodano automatycznie o godzinie 2019-02-25 10:10:52!
poniedziałek, 25 lutego 2019 10:10:52

Modyfikacja treeItem checkAsAssigneponiedziałek, 25 lutego 2019 10:10:55

addCommentJira string jiraKey ZCC-18191poniedziałek, 25 lutego 2019 10:10:55

addCommentJira object sender, DoWorkEventArgs e ZCC-18191poniedziałek, 25 lutego 2019 10:16:29

--- Main exception: Message ---
Zmodyfikowano kolekcję. Nie można wykonać operacji wyliczania.

--- Main exception: StackTrace ---
   w System.ThrowHelper.ThrowInvalidOperationException(ExceptionResource resource)
   w System.Collections.Generic.List`1.Enumerator.MoveNextRare()
   w GUI.MainForm.addIssueToTreeNode(String issueNumber, List`1 issue, String treeViewName) w C:\CP\ParserGit\JiraParser\GUI\MainForm.cs:wiersz 6173
   w GUI.MainForm.slaAutoAssigneTakenIssue(Object sender, DoWorkEventArgs e) w C:\CP\ParserGit\JiraParser\GUI\SlaService.cs:wiersz 592

--- Main exception: Source ---
mscorlib

poniedziałek, 25 lutego 2019 10:16:30

--- Main exception: Message ---
Zmodyfikowano kolekcję. Nie można wykonać operacji wyliczania.

--- Main exception: StackTrace ---
   w System.ThrowHelper.ThrowInvalidOperationException(ExceptionResource resource)
   w System.Collections.Generic.List`1.Enumerator.MoveNextRare()
   w GUI.MainForm.addIssueToTreeNode(String issueNumber, List`1 issue, String treeViewName) w C:\CP\ParserGit\JiraParser\GUI\MainForm.cs:wiersz 6173
   w GUI.MainForm.slaAutoAssigneTakenIssue(Object sender, DoWorkEventArgs e) w C:\CP\ParserGit\JiraParser\GUI\SlaService.cs:wiersz 592

--- Main exception: Source ---
mscorlib

poniedziałek, 25 lutego 2019 10:16:30

--- Main exception: Message ---
Zmodyfikowano kolekcję. Nie można wykonać operacji wyliczania.

--- Main exception: StackTrace ---
   w System.ThrowHelper.ThrowInvalidOperationException(ExceptionResource resource)
   w System.Collections.Generic.List`1.Enumerator.MoveNextRare()
   w GUI.MainForm.addIssueToTreeNode(String issueNumber, List`1 issue, String treeViewName) w C:\CP\ParserGit\JiraParser\GUI\MainForm.cs:wiersz 6173
   w GUI.MainForm.slaAutoAssigneTakenIssue(Object sender, DoWorkEventArgs e) w C:\CP\ParserGit\JiraParser\GUI\SlaService.cs:wiersz 592

--- Main exception: Source ---
mscorlib

poniedziałek, 25 lutego 2019 10:16:36

--- Main exception: Message ---
Zmodyfikowano kolekcję. Nie można wykonać operacji wyliczania.

--- Main exception: StackTrace ---
   w System.ThrowHelper.ThrowInvalidOperationException(ExceptionResource resource)
   w System.Collections.Generic.List`1.Enumerator.MoveNextRare()
   w GUI.MainForm.addIssueToTreeNode(String issueNumber, List`1 issue, String treeViewName) w C:\CP\ParserGit\JiraParser\GUI\MainForm.cs:wiersz 6173
   w GUI.MainForm.slaAutoAssigneTakenIssue(Object sender, DoWorkEventArgs e) w C:\CP\ParserGit\JiraParser\GUI\SlaService.cs:wiersz 592

--- Main exception: Source ---
mscorlib

poniedziałek, 25 lutego 2019 10:16:36

--- Main exception: Message ---
Zmodyfikowano kolekcję. Nie można wykonać operacji wyliczania.

--- Main exception: StackTrace ---
   w System.ThrowHelper.ThrowInvalidOperationException(ExceptionResource resource)
   w System.Collections.Generic.List`1.Enumerator.MoveNextRare()
   w GUI.MainForm.addIssueToTreeNode(String issueNumber, List`1 issue, String treeViewName) w C:\CP\ParserGit\JiraParser\GUI\MainForm.cs:wiersz 6173
   w GUI.MainForm.slaAutoAssigneTakenIssue(Object sender, DoWorkEventArgs e) w C:\CP\ParserGit\JiraParser\GUI\SlaService.cs:wiersz 592

--- Main exception: Source ---
mscorlib

poniedziałek, 25 lutego 2019 10:16:37

--- Main exception: Message ---
Zmodyfikowano kolekcję. Nie można wykonać operacji wyliczania.

--- Main exception: StackTrace ---
   w System.ThrowHelper.ThrowInvalidOperationException(ExceptionResource resource)
   w System.Collections.Generic.List`1.Enumerator.MoveNextRare()
   w GUI.MainForm.addIssueToTreeNode(String issueNumber, List`1 issue, String treeViewName) w C:\CP\ParserGit\JiraParser\GUI\MainForm.cs:wiersz 6173
   w GUI.MainForm.slaAutoAssigneTakenIssue(Object sender, RunWorkerCompletedEventArgs e) w C:\CP\ParserGit\JiraParser\GUI\SlaService.cs:wiersz 690

--- Main exception: Source ---
mscorlib

poniedziałek, 25 lutego 2019 10:22:25

--- Main exception: Message ---
Zmodyfikowano kolekcję. Nie można wykonać operacji wyliczania.

--- Main exception: StackTrace ---
   w System.ThrowHelper.ThrowInvalidOperationException(ExceptionResource resource)
   w System.Collections.Generic.List`1.Enumerator.MoveNextRare()
   w GUI.MainForm.addIssueToTreeNode(String issueNumber, List`1 issue, String treeViewName) w C:\CP\ParserGit\JiraParser\GUI\MainForm.cs:wiersz 6173
   w GUI.MainForm.slaAutoAssigneTakenIssue(Object sender, DoWorkEventArgs e) w C:\CP\ParserGit\JiraParser\GUI\SlaService.cs:wiersz 592

--- Main exception: Source ---
mscorlib

poniedziałek, 25 lutego 2019 10:22:25

--- Main exception: Message ---
Zmodyfikowano kolekcję. Nie można wykonać operacji wyliczania.

--- Main exception: StackTrace ---
   w System.ThrowHelper.ThrowInvalidOperationException(ExceptionResource resource)
   w System.Collections.Generic.List`1.Enumerator.MoveNextRare()
   w GUI.MainForm.addIssueToTreeNode(String issueNumber, List`1 issue, String treeViewName) w C:\CP\ParserGit\JiraParser\GUI\MainForm.cs:wiersz 6173
   w GUI.MainForm.slaAutoAssigneTakenIssue(Object sender, DoWorkEventArgs e) w C:\CP\ParserGit\JiraParser\GUI\SlaService.cs:wiersz 592

--- Main exception: Source ---
mscorlib

poniedziałek, 25 lutego 2019 10:22:26

--- Main exception: Message ---
Zmodyfikowano kolekcję. Nie można wykonać operacji wyliczania.

--- Main exception: StackTrace ---
   w System.ThrowHelper.ThrowInvalidOperationException(ExceptionResource resource)
   w System.Collections.Generic.List`1.Enumerator.MoveNextRare()
   w GUI.MainForm.addIssueToTreeNode(String issueNumber, List`1 issue, String treeViewName) w C:\CP\ParserGit\JiraParser\GUI\MainForm.cs:wiersz 6173
   w GUI.MainForm.slaAutoAssigneTakenIssue(Object sender, DoWorkEventArgs e) w C:\CP\ParserGit\JiraParser\GUI\SlaService.cs:wiersz 592

--- Main exception: Source ---
mscorlib

poniedziałek, 25 lutego 2019 10:22:27

--- Main exception: Message ---
Zmodyfikowano kolekcję. Nie można wykonać operacji wyliczania.

--- Main exception: StackTrace ---
   w System.ThrowHelper.ThrowInvalidOperationException(ExceptionResource resource)
   w System.Collections.Generic.List`1.Enumerator.MoveNextRare()
   w GUI.MainForm.addIssueToTreeNode(String issueNumber, List`1 issue, String treeViewName) w C:\CP\ParserGit\JiraParser\GUI\MainForm.cs:wiersz 6173
   w GUI.MainForm.slaAutoAssigneTakenIssue(Object sender, DoWorkEventArgs e) w C:\CP\ParserGit\JiraParser\GUI\SlaService.cs:wiersz 592

--- Main exception: Source ---
mscorlib

poniedziałek, 25 lutego 2019 10:22:31

--- Main exception: Message ---
Zmodyfikowano kolekcję. Nie można wykonać operacji wyliczania.

--- Main exception: StackTrace ---
   w System.ThrowHelper.ThrowInvalidOperationException(ExceptionResource resource)
   w System.Collections.Generic.List`1.Enumerator.MoveNextRare()
   w GUI.MainForm.addIssueToTreeNode(String issueNumber, List`1 issue, String treeViewName) w C:\CP\ParserGit\JiraParser\GUI\MainForm.cs:wiersz 6173
   w GUI.MainForm.slaAutoAssigneTakenIssue(Object sender, DoWorkEventArgs e) w C:\CP\ParserGit\JiraParser\GUI\SlaService.cs:wiersz 592

--- Main exception: Source ---
mscorlib

poniedziałek, 25 lutego 2019 10:22:32

--- Main exception: Message ---
Zmodyfikowano kolekcję. Nie można wykonać operacji wyliczania.

--- Main exception: StackTrace ---
   w System.ThrowHelper.ThrowInvalidOperationException(ExceptionResource resource)
   w System.Collections.Generic.List`1.Enumerator.MoveNextRare()
   w GUI.MainForm.addIssueToTreeNode(String issueNumber, List`1 issue, String treeViewName) w C:\CP\ParserGit\JiraParser\GUI\MainForm.cs:wiersz 6173
   w GUI.MainForm.slaAutoAssigneTakenIssue(Object sender, RunWorkerCompletedEventArgs e) w C:\CP\ParserGit\JiraParser\GUI\SlaService.cs:wiersz 690

--- Main exception: Source ---
mscorlib

poniedziałek, 25 lutego 2019 10:28:28

--- Main exception: Message ---
Zmodyfikowano kolekcję. Nie można wykonać operacji wyliczania.

--- Main exception: StackTrace ---
   w System.ThrowHelper.ThrowInvalidOperationException(ExceptionResource resource)
   w System.Collections.Generic.List`1.Enumerator.MoveNextRare()
   w GUI.MainForm.addIssueToTreeNode(String issueNumber, List`1 issue, String treeViewName) w C:\CP\ParserGit\JiraParser\GUI\MainForm.cs:wiersz 6173
   w GUI.MainForm.slaAutoAssigneTakenIssue(Object sender, DoWorkEventArgs e) w C:\CP\ParserGit\JiraParser\GUI\SlaService.cs:wiersz 592

--- Main exception: Source ---
mscorlib

poniedziałek, 25 lutego 2019 10:28:29

--- Main exception: Message ---
Zmodyfikowano kolekcję. Nie można wykonać operacji wyliczania.

--- Main exception: StackTrace ---
   w System.ThrowHelper.ThrowInvalidOperationException(ExceptionResource resource)
   w System.Collections.Generic.List`1.Enumerator.MoveNextRare()
   w GUI.MainForm.addIssueToTreeNode(String issueNumber, List`1 issue, String treeViewName) w C:\CP\ParserGit\JiraParser\GUI\MainForm.cs:wiersz 6173
   w GUI.MainForm.slaAutoAssigneTakenIssue(Object sender, DoWorkEventArgs e) w C:\CP\ParserGit\JiraParser\GUI\SlaService.cs:wiersz 592

--- Main exception: Source ---
mscorlib

poniedziałek, 25 lutego 2019 10:28:29

--- Main exception: Message ---
Zmodyfikowano kolekcję. Nie można wykonać operacji wyliczania.

--- Main exception: StackTrace ---
   w System.ThrowHelper.ThrowInvalidOperationException(ExceptionResource resource)
   w System.Collections.Generic.List`1.Enumerator.MoveNextRare()
   w GUI.MainForm.addIssueToTreeNode(String issueNumber, List`1 issue, String treeViewName) w C:\CP\ParserGit\JiraParser\GUI\MainForm.cs:wiersz 6173
   w GUI.MainForm.slaAutoAssigneTakenIssue(Object sender, DoWorkEventArgs e) w C:\CP\ParserGit\JiraParser\GUI\SlaService.cs:wiersz 592

--- Main exception: Source ---
mscorlib

poniedziałek, 25 lutego 2019 10:28:31

--- Main exception: Message ---
Zmodyfikowano kolekcję. Nie można wykonać operacji wyliczania.

--- Main exception: StackTrace ---
   w System.ThrowHelper.ThrowInvalidOperationException(ExceptionResource resource)
   w System.Collections.Generic.List`1.Enumerator.MoveNextRare()
   w GUI.MainForm.addIssueToTreeNode(String issueNumber, List`1 issue, String treeViewName) w C:\CP\ParserGit\JiraParser\GUI\MainForm.cs:wiersz 6173
   w GUI.MainForm.slaAutoAssigneTakenIssue(Object sender, DoWorkEventArgs e) w C:\CP\ParserGit\JiraParser\GUI\SlaService.cs:wiersz 592

--- Main exception: Source ---
mscorlib

poniedziałek, 25 lutego 2019 10:28:34

--- Main exception: Message ---
Zmodyfikowano kolekcję. Nie można wykonać operacji wyliczania.

--- Main exception: StackTrace ---
   w System.ThrowHelper.ThrowInvalidOperationException(ExceptionResource resource)
   w System.Collections.Generic.List`1.Enumerator.MoveNextRare()
   w GUI.MainForm.addIssueToTreeNode(String issueNumber, List`1 issue, String treeViewName) w C:\CP\ParserGit\JiraParser\GUI\MainForm.cs:wiersz 6173
   w GUI.MainForm.slaAutoAssigneTakenIssue(Object sender, RunWorkerCompletedEventArgs e) w C:\CP\ParserGit\JiraParser\GUI\SlaService.cs:wiersz 690

--- Main exception: Source ---
mscorlib

poniedziałek, 25 lutego 2019 10:34:29

--- Main exception: Message ---
Zmodyfikowano kolekcję. Nie można wykonać operacji wyliczania.

--- Main exception: StackTrace ---
   w System.ThrowHelper.ThrowInvalidOperationException(ExceptionResource resource)
   w System.Collections.Generic.List`1.Enumerator.MoveNextRare()
   w GUI.MainForm.addIssueToTreeNode(String issueNumber, List`1 issue, String treeViewName) w C:\CP\ParserGit\JiraParser\GUI\MainForm.cs:wiersz 6173
   w GUI.MainForm.slaAutoAssigneTakenIssue(Object sender, DoWorkEventArgs e) w C:\CP\ParserGit\JiraParser\GUI\SlaService.cs:wiersz 592

--- Main exception: Source ---
mscorlib

poniedziałek, 25 lutego 2019 10:34:31

--- Main exception: Message ---
Zmodyfikowano kolekcję. Nie można wykonać operacji wyliczania.

--- Main exception: StackTrace ---
   w System.ThrowHelper.ThrowInvalidOperationException(ExceptionResource resource)
   w System.Collections.Generic.List`1.Enumerator.MoveNextRare()
   w GUI.MainForm.addIssueToTreeNode(String issueNumber, List`1 issue, String treeViewName) w C:\CP\ParserGit\JiraParser\GUI\MainForm.cs:wiersz 6173
   w GUI.MainForm.slaAutoAssigneTakenIssue(Object sender, DoWorkEventArgs e) w C:\CP\ParserGit\JiraParser\GUI\SlaService.cs:wiersz 592

--- Main exception: Source ---
mscorlib

poniedziałek, 25 lutego 2019 10:34:33

--- Main exception: Message ---
Zmodyfikowano kolekcję. Nie można wykonać operacji wyliczania.

--- Main exception: StackTrace ---
   w System.ThrowHelper.ThrowInvalidOperationException(ExceptionResource resource)
   w System.Collections.Generic.List`1.Enumerator.MoveNextRare()
   w GUI.MainForm.addIssueToTreeNode(String issueNumber, List`1 issue, String treeViewName) w C:\CP\ParserGit\JiraParser\GUI\MainForm.cs:wiersz 6173
   w GUI.MainForm.slaAutoAssigneTakenIssue(Object sender, DoWorkEventArgs e) w C:\CP\ParserGit\JiraParser\GUI\SlaService.cs:wiersz 592

--- Main exception: Source ---
mscorlib

poniedziałek, 25 lutego 2019 10:34:33

--- Main exception: Message ---
Zmodyfikowano kolekcję. Nie można wykonać operacji wyliczania.

--- Main exception: StackTrace ---
   w System.ThrowHelper.ThrowInvalidOperationException(ExceptionResource resource)
   w System.Collections.Generic.List`1.Enumerator.MoveNextRare()
   w GUI.MainForm.addIssueToTreeNode(String issueNumber, List`1 issue, String treeViewName) w C:\CP\ParserGit\JiraParser\GUI\MainForm.cs:wiersz 6173
   w GUI.MainForm.slaAutoAssigneTakenIssue(Object sender, DoWorkEventArgs e) w C:\CP\ParserGit\JiraParser\GUI\SlaService.cs:wiersz 592

--- Main exception: Source ---
mscorlib

poniedziałek, 25 lutego 2019 10:34:33

--- Main exception: Message ---
Zmodyfikowano kolekcję. Nie można wykonać operacji wyliczania.

--- Main exception: StackTrace ---
   w System.ThrowHelper.ThrowInvalidOperationException(ExceptionResource resource)
   w System.Collections.Generic.List`1.Enumerator.MoveNextRare()
   w GUI.MainForm.addIssueToTreeNode(String issueNumber, List`1 issue, String treeViewName) w C:\CP\ParserGit\JiraParser\GUI\MainForm.cs:wiersz 6173
   w GUI.MainForm.slaAutoAssigneTakenIssue(Object sender, DoWorkEventArgs e) w C:\CP\ParserGit\JiraParser\GUI\SlaService.cs:wiersz 592

--- Main exception: Source ---
mscorlib

poniedziałek, 25 lutego 2019 10:34:34

--- Main exception: Message ---
Zmodyfikowano kolekcję. Nie można wykonać operacji wyliczania.

--- Main exception: StackTrace ---
   w System.ThrowHelper.ThrowInvalidOperationException(ExceptionResource resource)
   w System.Collections.Generic.List`1.Enumerator.MoveNextRare()
   w GUI.MainForm.addIssueToTreeNode(String issueNumber, List`1 issue, String treeViewName) w C:\CP\ParserGit\JiraParser\GUI\MainForm.cs:wiersz 6173
   w GUI.MainForm.slaAutoAssigneTakenIssue(Object sender, RunWorkerCompletedEventArgs e) w C:\CP\ParserGit\JiraParser\GUI\SlaService.cs:wiersz 690

--- Main exception: Source ---
mscorlib

poniedziałek, 25 lutego 2019 10:40:15

Zgłoszenie CRM-75382 dodano automatycznie o godzinie 2019-02-25 10:40:15!
poniedziałek, 25 lutego 2019 10:40:15

Modyfikacja treeItem checkAsAssigneponiedziałek, 25 lutego 2019 10:40:35

addCommentJira string jiraKey CRM-75382poniedziałek, 25 lutego 2019 10:40:35

addCommentJira object sender, DoWorkEventArgs e CRM-75382poniedziałek, 25 lutego 2019 10:40:39

--- Main exception: Message ---
Zmodyfikowano kolekcję. Nie można wykonać operacji wyliczania.

--- Main exception: StackTrace ---
   w System.ThrowHelper.ThrowInvalidOperationException(ExceptionResource resource)
   w System.Collections.Generic.List`1.Enumerator.MoveNextRare()
   w GUI.MainForm.addIssueToTreeNode(String issueNumber, List`1 issue, String treeViewName) w C:\CP\ParserGit\JiraParser\GUI\MainForm.cs:wiersz 6173
   w GUI.MainForm.slaAutoAssigneTakenIssue(Object sender, DoWorkEventArgs e) w C:\CP\ParserGit\JiraParser\GUI\SlaService.cs:wiersz 592

--- Main exception: Source ---
mscorlib

poniedziałek, 25 lutego 2019 10:40:42

--- Main exception: Message ---
Zmodyfikowano kolekcję. Nie można wykonać operacji wyliczania.

--- Main exception: StackTrace ---
   w System.ThrowHelper.ThrowInvalidOperationException(ExceptionResource resource)
   w System.Collections.Generic.List`1.Enumerator.MoveNextRare()
   w GUI.MainForm.addIssueToTreeNode(String issueNumber, List`1 issue, String treeViewName) w C:\CP\ParserGit\JiraParser\GUI\MainForm.cs:wiersz 6173
   w GUI.MainForm.slaAutoAssigneTakenIssue(Object sender, DoWorkEventArgs e) w C:\CP\ParserGit\JiraParser\GUI\SlaService.cs:wiersz 592

--- Main exception: Source ---
mscorlib

poniedziałek, 25 lutego 2019 10:40:45

--- Main exception: Message ---
Zmodyfikowano kolekcję. Nie można wykonać operacji wyliczania.

--- Main exception: StackTrace ---
   w System.ThrowHelper.ThrowInvalidOperationException(ExceptionResource resource)
   w System.Collections.Generic.List`1.Enumerator.MoveNextRare()
   w GUI.MainForm.addIssueToTreeNode(String issueNumber, List`1 issue, String treeViewName) w C:\CP\ParserGit\JiraParser\GUI\MainForm.cs:wiersz 6173
   w GUI.MainForm.slaAutoAssigneTakenIssue(Object sender, DoWorkEventArgs e) w C:\CP\ParserGit\JiraParser\GUI\SlaService.cs:wiersz 592

--- Main exception: Source ---
mscorlib

poniedziałek, 25 lutego 2019 10:40:45

--- Main exception: Message ---
Zmodyfikowano kolekcję. Nie można wykonać operacji wyliczania.

--- Main exception: StackTrace ---
   w System.ThrowHelper.ThrowInvalidOperationException(ExceptionResource resource)
   w System.Collections.Generic.List`1.Enumerator.MoveNextRare()
   w GUI.MainForm.addIssueToTreeNode(String issueNumber, List`1 issue, String treeViewName) w C:\CP\ParserGit\JiraParser\GUI\MainForm.cs:wiersz 6173
   w GUI.MainForm.slaAutoAssigneTakenIssue(Object sender, DoWorkEventArgs e) w C:\CP\ParserGit\JiraParser\GUI\SlaService.cs:wiersz 592

--- Main exception: Source ---
mscorlib

poniedziałek, 25 lutego 2019 10:40:46

--- Main exception: Message ---
Zmodyfikowano kolekcję. Nie można wykonać operacji wyliczania.

--- Main exception: StackTrace ---
   w System.ThrowHelper.ThrowInvalidOperationException(ExceptionResource resource)
   w System.Collections.Generic.List`1.Enumerator.MoveNextRare()
   w GUI.MainForm.addIssueToTreeNode(String issueNumber, List`1 issue, String treeViewName) w C:\CP\ParserGit\JiraParser\GUI\MainForm.cs:wiersz 6173
   w GUI.MainForm.slaAutoAssigneTakenIssue(Object sender, DoWorkEventArgs e) w C:\CP\ParserGit\JiraParser\GUI\SlaService.cs:wiersz 592

--- Main exception: Source ---
mscorlib

poniedziałek, 25 lutego 2019 10:40:47

--- Main exception: Message ---
Zmodyfikowano kolekcję. Nie można wykonać operacji wyliczania.

--- Main exception: StackTrace ---
   w System.ThrowHelper.ThrowInvalidOperationException(ExceptionResource resource)
   w System.Collections.Generic.List`1.Enumerator.MoveNextRare()
   w GUI.MainForm.addIssueToTreeNode(String issueNumber, List`1 issue, String treeViewName) w C:\CP\ParserGit\JiraParser\GUI\MainForm.cs:wiersz 6173
   w GUI.MainForm.slaAutoAssigneTakenIssue(Object sender, RunWorkerCompletedEventArgs e) w C:\CP\ParserGit\JiraParser\GUI\SlaService.cs:wiersz 690

--- Main exception: Source ---
mscorlib

poniedziałek, 25 lutego 2019 10:46:37

--- Main exception: Message ---
Zmodyfikowano kolekcję. Nie można wykonać operacji wyliczania.

--- Main exception: StackTrace ---
   w System.ThrowHelper.ThrowInvalidOperationException(ExceptionResource resource)
   w System.Collections.Generic.List`1.Enumerator.MoveNextRare()
   w GUI.MainForm.addIssueToTreeNode(String issueNumber, List`1 issue, String treeViewName) w C:\CP\ParserGit\JiraParser\GUI\MainForm.cs:wiersz 6173
   w GUI.MainForm.slaAutoAssigneTakenIssue(Object sender, DoWorkEventArgs e) w C:\CP\ParserGit\JiraParser\GUI\SlaService.cs:wiersz 592

--- Main exception: Source ---
mscorlib

poniedziałek, 25 lutego 2019 10:46:38

--- Main exception: Message ---
Zmodyfikowano kolekcję. Nie można wykonać operacji wyliczania.

--- Main exception: StackTrace ---
   w System.ThrowHelper.ThrowInvalidOperationException(ExceptionResource resource)
   w System.Collections.Generic.List`1.Enumerator.MoveNextRare()
   w GUI.MainForm.addIssueToTreeNode(String issueNumber, List`1 issue, String treeViewName) w C:\CP\ParserGit\JiraParser\GUI\MainForm.cs:wiersz 6173
   w GUI.MainForm.slaAutoAssigneTakenIssue(Object sender, DoWorkEventArgs e) w C:\CP\ParserGit\JiraParser\GUI\SlaService.cs:wiersz 592

--- Main exception: Source ---
mscorlib

poniedziałek, 25 lutego 2019 10:46:43

--- Main exception: Message ---
Zmodyfikowano kolekcję. Nie można wykonać operacji wyliczania.

--- Main exception: StackTrace ---
   w System.ThrowHelper.ThrowInvalidOperationException(ExceptionResource resource)
   w System.Collections.Generic.List`1.Enumerator.MoveNextRare()
   w GUI.MainForm.addIssueToTreeNode(String issueNumber, List`1 issue, String treeViewName) w C:\CP\ParserGit\JiraParser\GUI\MainForm.cs:wiersz 6173
   w GUI.MainForm.slaAutoAssigneTakenIssue(Object sender, DoWorkEventArgs e) w C:\CP\ParserGit\JiraParser\GUI\SlaService.cs:wiersz 592

--- Main exception: Source ---
mscorlib

poniedziałek, 25 lutego 2019 10:46:44

--- Main exception: Message ---
Zmodyfikowano kolekcję. Nie można wykonać operacji wyliczania.

--- Main exception: StackTrace ---
   w System.ThrowHelper.ThrowInvalidOperationException(ExceptionResource resource)
   w System.Collections.Generic.List`1.Enumerator.MoveNextRare()
   w GUI.MainForm.addIssueToTreeNode(String issueNumber, List`1 issue, String treeViewName) w C:\CP\ParserGit\JiraParser\GUI\MainForm.cs:wiersz 6173
   w GUI.MainForm.slaAutoAssigneTakenIssue(Object sender, RunWorkerCompletedEventArgs e) w C:\CP\ParserGit\JiraParser\GUI\SlaService.cs:wiersz 690

--- Main exception: Source ---
mscorlib

poniedziałek, 25 lutego 2019 10:52:15

Zgłoszenie ZCC-18192 dodano automatycznie o godzinie 2019-02-25 10:52:15!
poniedziałek, 25 lutego 2019 10:52:15

Modyfikacja treeItem checkAsAssigneponiedziałek, 25 lutego 2019 10:52:33

addCommentJira string jiraKey ZCC-18192poniedziałek, 25 lutego 2019 10:52:33

addCommentJira object sender, DoWorkEventArgs e ZCC-18192poniedziałek, 25 lutego 2019 10:52:35

--- Main exception: Message ---
Zmodyfikowano kolekcję. Nie można wykonać operacji wyliczania.

--- Main exception: StackTrace ---
   w System.ThrowHelper.ThrowInvalidOperationException(ExceptionResource resource)
   w System.Collections.Generic.List`1.Enumerator.MoveNextRare()
   w GUI.MainForm.addIssueToTreeNode(String issueNumber, List`1 issue, String treeViewName) w C:\CP\ParserGit\JiraParser\GUI\MainForm.cs:wiersz 6173
   w GUI.MainForm.slaAutoAssigneTakenIssue(Object sender, DoWorkEventArgs e) w C:\CP\ParserGit\JiraParser\GUI\SlaService.cs:wiersz 592

--- Main exception: Source ---
mscorlib

poniedziałek, 25 lutego 2019 10:52:36

--- Main exception: Message ---
Zmodyfikowano kolekcję. Nie można wykonać operacji wyliczania.

--- Main exception: StackTrace ---
   w System.ThrowHelper.ThrowInvalidOperationException(ExceptionResource resource)
   w System.Collections.Generic.List`1.Enumerator.MoveNextRare()
   w GUI.MainForm.addIssueToTreeNode(String issueNumber, List`1 issue, String treeViewName) w C:\CP\ParserGit\JiraParser\GUI\MainForm.cs:wiersz 6173
   w GUI.MainForm.slaAutoAssigneTakenIssue(Object sender, DoWorkEventArgs e) w C:\CP\ParserGit\JiraParser\GUI\SlaService.cs:wiersz 592

--- Main exception: Source ---
mscorlib

poniedziałek, 25 lutego 2019 10:52:37

--- Main exception: Message ---
Zmodyfikowano kolekcję. Nie można wykonać operacji wyliczania.

--- Main exception: StackTrace ---
   w System.ThrowHelper.ThrowInvalidOperationException(ExceptionResource resource)
   w System.Collections.Generic.List`1.Enumerator.MoveNextRare()
   w GUI.MainForm.addIssueToTreeNode(String issueNumber, List`1 issue, String treeViewName) w C:\CP\ParserGit\JiraParser\GUI\MainForm.cs:wiersz 6173
   w GUI.MainForm.slaAutoAssigneTakenIssue(Object sender, DoWorkEventArgs e) w C:\CP\ParserGit\JiraParser\GUI\SlaService.cs:wiersz 592

--- Main exception: Source ---
mscorlib

poniedziałek, 25 lutego 2019 10:52:38

--- Main exception: Message ---
Zmodyfikowano kolekcję. Nie można wykonać operacji wyliczania.

--- Main exception: StackTrace ---
   w System.ThrowHelper.ThrowInvalidOperationException(ExceptionResource resource)
   w System.Collections.Generic.List`1.Enumerator.MoveNextRare()
   w GUI.MainForm.addIssueToTreeNode(String issueNumber, List`1 issue, String treeViewName) w C:\CP\ParserGit\JiraParser\GUI\MainForm.cs:wiersz 6173
   w GUI.MainForm.slaAutoAssigneTakenIssue(Object sender, DoWorkEventArgs e) w C:\CP\ParserGit\JiraParser\GUI\SlaService.cs:wiersz 592

--- Main exception: Source ---
mscorlib

poniedziałek, 25 lutego 2019 10:58:50

--- Main exception: Message ---
Zmodyfikowano kolekcję. Nie można wykonać operacji wyliczania.

--- Main exception: StackTrace ---
   w System.ThrowHelper.ThrowInvalidOperationException(ExceptionResource resource)
   w System.Collections.Generic.List`1.Enumerator.MoveNextRare()
   w GUI.MainForm.addIssueToTreeNode(String issueNumber, List`1 issue, String treeViewName) w C:\CP\ParserGit\JiraParser\GUI\MainForm.cs:wiersz 6173
   w GUI.MainForm.slaAutoAssigneTakenIssue(Object sender, DoWorkEventArgs e) w C:\CP\ParserGit\JiraParser\GUI\SlaService.cs:wiersz 592

--- Main exception: Source ---
mscorlib

poniedziałek, 25 lutego 2019 10:58:50

--- Main exception: Message ---
Zmodyfikowano kolekcję. Nie można wykonać operacji wyliczania.

--- Main exception: StackTrace ---
   w System.ThrowHelper.ThrowInvalidOperationException(ExceptionResource resource)
   w System.Collections.Generic.List`1.Enumerator.MoveNextRare()
   w GUI.MainForm.addIssueToTreeNode(String issueNumber, List`1 issue, String treeViewName) w C:\CP\ParserGit\JiraParser\GUI\MainForm.cs:wiersz 6173
   w GUI.MainForm.slaAutoAssigneTakenIssue(Object sender, DoWorkEventArgs e) w C:\CP\ParserGit\JiraParser\GUI\SlaService.cs:wiersz 592

--- Main exception: Source ---
mscorlib

poniedziałek, 25 lutego 2019 10:58:53

--- Main exception: Message ---
Zmodyfikowano kolekcję. Nie można wykonać operacji wyliczania.

--- Main exception: StackTrace ---
   w System.ThrowHelper.ThrowInvalidOperationException(ExceptionResource resource)
   w System.Collections.Generic.List`1.Enumerator.MoveNextRare()
   w GUI.MainForm.addIssueToTreeNode(String issueNumber, List`1 issue, String treeViewName) w C:\CP\ParserGit\JiraParser\GUI\MainForm.cs:wiersz 6173
   w GUI.MainForm.slaAutoAssigneTakenIssue(Object sender, DoWorkEventArgs e) w C:\CP\ParserGit\JiraParser\GUI\SlaService.cs:wiersz 592

--- Main exception: Source ---
mscorlib

poniedziałek, 25 lutego 2019 10:58:54

--- Main exception: Message ---
Zmodyfikowano kolekcję. Nie można wykonać operacji wyliczania.

--- Main exception: StackTrace ---
   w System.ThrowHelper.ThrowInvalidOperationException(ExceptionResource resource)
   w System.Collections.Generic.List`1.Enumerator.MoveNextRare()
   w GUI.MainForm.addIssueToTreeNode(String issueNumber, List`1 issue, String treeViewName) w C:\CP\ParserGit\JiraParser\GUI\MainForm.cs:wiersz 6173
   w GUI.MainForm.slaAutoAssigneTakenIssue(Object sender, RunWorkerCompletedEventArgs e) w C:\CP\ParserGit\JiraParser\GUI\SlaService.cs:wiersz 690

--- Main exception: Source ---
mscorlib

poniedziałek, 25 lutego 2019 11:00:44

--- Main exception: Message ---
Zmodyfikowano kolekcję. Nie można wykonać operacji wyliczania.

--- Main exception: StackTrace ---
   w System.ThrowHelper.ThrowInvalidOperationException(ExceptionResource resource)
   w System.Collections.Generic.List`1.Enumerator.MoveNextRare()
   w GUI.MainForm.addIssueToTreeNode(String issueNumber, List`1 issue, String treeViewName) w C:\CP\ParserGit\JiraParser\GUI\MainForm.cs:wiersz 6173
   w GUI.MainForm.slaAutoAssigneTakenIssue(Object sender, DoWorkEventArgs e) w C:\CP\ParserGit\JiraParser\GUI\SlaService.cs:wiersz 592

--- Main exception: Source ---
mscorlib

poniedziałek, 25 lutego 2019 11:00:47

--- Main exception: Message ---
Zmodyfikowano kolekcję. Nie można wykonać operacji wyliczania.

--- Main exception: StackTrace ---
   w System.ThrowHelper.ThrowInvalidOperationException(ExceptionResource resource)
   w System.Collections.Generic.List`1.Enumerator.MoveNextRare()
   w GUI.MainForm.addIssueToTreeNode(String issueNumber, List`1 issue, String treeViewName) w C:\CP\ParserGit\JiraParser\GUI\MainForm.cs:wiersz 6173
   w GUI.MainForm.slaAutoAssigneTakenIssue(Object sender, DoWorkEventArgs e) w C:\CP\ParserGit\JiraParser\GUI\SlaService.cs:wiersz 592

--- Main exception: Source ---
mscorlib

poniedziałek, 25 lutego 2019 11:00:53

--- Main exception: Message ---
Zmodyfikowano kolekcję. Nie można wykonać operacji wyliczania.

--- Main exception: StackTrace ---
   w System.ThrowHelper.ThrowInvalidOperationException(ExceptionResource resource)
   w System.Collections.Generic.List`1.Enumerator.MoveNextRare()
   w GUI.MainForm.addIssueToTreeNode(String issueNumber, List`1 issue, String treeViewName) w C:\CP\ParserGit\JiraParser\GUI\MainForm.cs:wiersz 6173
   w GUI.MainForm.slaAutoAssigneTakenIssue(Object sender, DoWorkEventArgs e) w C:\CP\ParserGit\JiraParser\GUI\SlaService.cs:wiersz 592

--- Main exception: Source ---
mscorlib

poniedziałek, 25 lutego 2019 11:00:54

--- Main exception: Message ---
Zmodyfikowano kolekcję. Nie można wykonać operacji wyliczania.

--- Main exception: StackTrace ---
   w System.ThrowHelper.ThrowInvalidOperationException(ExceptionResource resource)
   w System.Collections.Generic.List`1.Enumerator.MoveNextRare()
   w GUI.MainForm.addIssueToTreeNode(String issueNumber, List`1 issue, String treeViewName) w C:\CP\ParserGit\JiraParser\GUI\MainForm.cs:wiersz 6173
   w GUI.MainForm.slaAutoAssigneTakenIssue(Object sender, RunWorkerCompletedEventArgs e) w C:\CP\ParserGit\JiraParser\GUI\SlaService.cs:wiersz 690

--- Main exception: Source ---
mscorlib

poniedziałek, 25 lutego 2019 12:28:59

Zgłoszenie INFOLINIA-6551 dodano automatycznie o godzinie 2019-02-25 12:28:59!
poniedziałek, 25 lutego 2019 12:29:01

Modyfikacja treeItem checkAsAssigneponiedziałek, 25 lutego 2019 12:29:10

Zgłoszenie ZCC-18195 dodano automatycznie o godzinie 2019-02-25 12:29:10!
poniedziałek, 25 lutego 2019 12:29:10

Modyfikacja treeItem checkAsAssigneponiedziałek, 25 lutego 2019 12:29:13

addCommentJira string jiraKey INFOLINIA-6551poniedziałek, 25 lutego 2019 12:29:13

addCommentJira object sender, DoWorkEventArgs e INFOLINIA-6551poniedziałek, 25 lutego 2019 12:29:15

--- Main exception: Message ---
Zmodyfikowano kolekcję. Nie można wykonać operacji wyliczania.

--- Main exception: StackTrace ---
   w System.ThrowHelper.ThrowInvalidOperationException(ExceptionResource resource)
   w System.Collections.Generic.List`1.Enumerator.MoveNextRare()
   w GUI.MainForm.addIssueToTreeNode(String issueNumber, List`1 issue, String treeViewName) w C:\CP\ParserGit\JiraParser\GUI\MainForm.cs:wiersz 6173
   w GUI.MainForm.slaAutoAssigneTakenIssue(Object sender, DoWorkEventArgs e) w C:\CP\ParserGit\JiraParser\GUI\SlaService.cs:wiersz 592

--- Main exception: Source ---
mscorlib

poniedziałek, 25 lutego 2019 12:29:16

addCommentJira string jiraKey ZCC-18195poniedziałek, 25 lutego 2019 12:29:16

addCommentJira object sender, DoWorkEventArgs e ZCC-18195poniedziałek, 25 lutego 2019 12:37:11

--- Main exception: Message ---
Zmodyfikowano kolekcję. Nie można wykonać operacji wyliczania.

--- Main exception: StackTrace ---
   w System.ThrowHelper.ThrowInvalidOperationException(ExceptionResource resource)
   w System.Collections.Generic.List`1.Enumerator.MoveNextRare()
   w GUI.MainForm.addIssueToTreeNode(String issueNumber, List`1 issue, String treeViewName) w C:\CP\ParserGit\JiraParser\GUI\MainForm.cs:wiersz 6173
   w GUI.MainForm.slaAutoAssigneTakenIssue(Object sender, DoWorkEventArgs e) w C:\CP\ParserGit\JiraParser\GUI\SlaService.cs:wiersz 592

--- Main exception: Source ---
mscorlib

poniedziałek, 25 lutego 2019 12:41:08

--- Main exception: Message ---
Zmodyfikowano kolekcję. Nie można wykonać operacji wyliczania.

--- Main exception: StackTrace ---
   w System.ThrowHelper.ThrowInvalidOperationException(ExceptionResource resource)
   w System.Collections.Generic.List`1.Enumerator.MoveNextRare()
   w GUI.MainForm.addIssueToTreeNode(String issueNumber, List`1 issue, String treeViewName) w C:\CP\ParserGit\JiraParser\GUI\MainForm.cs:wiersz 6173
   w GUI.MainForm.slaAutoAssigneTakenIssue(Object sender, DoWorkEventArgs e) w C:\CP\ParserGit\JiraParser\GUI\SlaService.cs:wiersz 592

--- Main exception: Source ---
mscorlib

poniedziałek, 25 lutego 2019 12:47:15

--- Main exception: Message ---
Zmodyfikowano kolekcję. Nie można wykonać operacji wyliczania.

--- Main exception: StackTrace ---
   w System.ThrowHelper.ThrowInvalidOperationException(ExceptionResource resource)
   w System.Collections.Generic.List`1.Enumerator.MoveNextRare()
   w GUI.MainForm.addIssueToTreeNode(String issueNumber, List`1 issue, String treeViewName) w C:\CP\ParserGit\JiraParser\GUI\MainForm.cs:wiersz 6173
   w GUI.MainForm.slaAutoAssigneTakenIssue(Object sender, DoWorkEventArgs e) w C:\CP\ParserGit\JiraParser\GUI\SlaService.cs:wiersz 592

--- Main exception: Source ---
mscorlib

poniedziałek, 25 lutego 2019 12:53:12

--- Main exception: Message ---
Zmodyfikowano kolekcję. Nie można wykonać operacji wyliczania.

--- Main exception: StackTrace ---
   w System.ThrowHelper.ThrowInvalidOperationException(ExceptionResource resource)
   w System.Collections.Generic.List`1.Enumerator.MoveNextRare()
   w GUI.MainForm.addIssueToTreeNode(String issueNumber, List`1 issue, String treeViewName) w C:\CP\ParserGit\JiraParser\GUI\MainForm.cs:wiersz 6173
   w GUI.MainForm.slaAutoAssigneTakenIssue(Object sender, DoWorkEventArgs e) w C:\CP\ParserGit\JiraParser\GUI\SlaService.cs:wiersz 592

--- Main exception: Source ---
mscorlib

poniedziałek, 25 lutego 2019 13:14:09

--- Main exception: Message ---
Zmodyfikowano kolekcję. Nie można wykonać operacji wyliczania.

--- Main exception: StackTrace ---
   w System.ThrowHelper.ThrowInvalidOperationException(ExceptionResource resource)
   w System.Collections.Generic.List`1.Enumerator.MoveNextRare()
   w GUI.MainForm.addIssueToTreeNode(String issueNumber, List`1 issue, String treeViewName) w C:\CP\ParserGit\JiraParser\GUI\MainForm.cs:wiersz 6173
   w GUI.MainForm.slaAutoAssigneTakenIssue(Object sender, DoWorkEventArgs e) w C:\CP\ParserGit\JiraParser\GUI\SlaService.cs:wiersz 592

--- Main exception: Source ---
mscorlib

poniedziałek, 25 lutego 2019 13:17:07

Zgłoszenie CRM-75384 dodano automatycznie o godzinie 2019-02-25 13:17:07!
poniedziałek, 25 lutego 2019 13:17:07

Modyfikacja treeItem checkAsAssigneponiedziałek, 25 lutego 2019 13:17:24

addCommentJira string jiraKey CRM-75384poniedziałek, 25 lutego 2019 13:17:24

addCommentJira object sender, DoWorkEventArgs e CRM-75384poniedziałek, 25 lutego 2019 13:29:12

--- Main exception: Message ---
Zmodyfikowano kolekcję. Nie można wykonać operacji wyliczania.

--- Main exception: StackTrace ---
   w System.ThrowHelper.ThrowInvalidOperationException(ExceptionResource resource)
   w System.Collections.Generic.List`1.Enumerator.MoveNextRare()
   w GUI.MainForm.addIssueToTreeNode(String issueNumber, List`1 issue, String treeViewName) w C:\CP\ParserGit\JiraParser\GUI\MainForm.cs:wiersz 6173
   w GUI.MainForm.slaAutoAssigneTakenIssue(Object sender, DoWorkEventArgs e) w C:\CP\ParserGit\JiraParser\GUI\SlaService.cs:wiersz 592

--- Main exception: Source ---
mscorlib

poniedziałek, 25 lutego 2019 13:35:10

--- Main exception: Message ---
Zmodyfikowano kolekcję. Nie można wykonać operacji wyliczania.

--- Main exception: StackTrace ---
   w System.ThrowHelper.ThrowInvalidOperationException(ExceptionResource resource)
   w System.Collections.Generic.List`1.Enumerator.MoveNextRare()
   w GUI.MainForm.addIssueToTreeNode(String issueNumber, List`1 issue, String treeViewName) w C:\CP\ParserGit\JiraParser\GUI\MainForm.cs:wiersz 6173
   w GUI.MainForm.slaAutoAssigneTakenIssue(Object sender, DoWorkEventArgs e) w C:\CP\ParserGit\JiraParser\GUI\SlaService.cs:wiersz 592

--- Main exception: Source ---
mscorlib

poniedziałek, 25 lutego 2019 13:41:08

--- Main exception: Message ---
Zmodyfikowano kolekcję. Nie można wykonać operacji wyliczania.

--- Main exception: StackTrace ---
   w System.ThrowHelper.ThrowInvalidOperationException(ExceptionResource resource)
   w System.Collections.Generic.List`1.Enumerator.MoveNextRare()
   w GUI.MainForm.addIssueToTreeNode(String issueNumber, List`1 issue, String treeViewName) w C:\CP\ParserGit\JiraParser\GUI\MainForm.cs:wiersz 6173
   w GUI.MainForm.slaAutoAssigneTakenIssue(Object sender, DoWorkEventArgs e) w C:\CP\ParserGit\JiraParser\GUI\SlaService.cs:wiersz 592

--- Main exception: Source ---
mscorlib

poniedziałek, 25 lutego 2019 13:47:19

--- Main exception: Message ---
Zmodyfikowano kolekcję. Nie można wykonać operacji wyliczania.

--- Main exception: StackTrace ---
   w System.ThrowHelper.ThrowInvalidOperationException(ExceptionResource resource)
   w System.Collections.Generic.List`1.Enumerator.MoveNextRare()
   w GUI.MainForm.addIssueToTreeNode(String issueNumber, List`1 issue, String treeViewName) w C:\CP\ParserGit\JiraParser\GUI\MainForm.cs:wiersz 6173
   w GUI.MainForm.slaAutoAssigneTakenIssue(Object sender, DoWorkEventArgs e) w C:\CP\ParserGit\JiraParser\GUI\SlaService.cs:wiersz 592

--- Main exception: Source ---
mscorlib

poniedziałek, 25 lutego 2019 13:53:17

--- Main exception: Message ---
Zmodyfikowano kolekcję. Nie można wykonać operacji wyliczania.

--- Main exception: StackTrace ---
   w System.ThrowHelper.ThrowInvalidOperationException(ExceptionResource resource)
   w System.Collections.Generic.List`1.Enumerator.MoveNextRare()
   w GUI.MainForm.addIssueToTreeNode(String issueNumber, List`1 issue, String treeViewName) w C:\CP\ParserGit\JiraParser\GUI\MainForm.cs:wiersz 6173
   w GUI.MainForm.slaAutoAssigneTakenIssue(Object sender, DoWorkEventArgs e) w C:\CP\ParserGit\JiraParser\GUI\SlaService.cs:wiersz 592

--- Main exception: Source ---
mscorlib

poniedziałek, 25 lutego 2019 13:59:14

--- Main exception: Message ---
Zmodyfikowano kolekcję. Nie można wykonać operacji wyliczania.

--- Main exception: StackTrace ---
   w System.ThrowHelper.ThrowInvalidOperationException(ExceptionResource resource)
   w System.Collections.Generic.List`1.Enumerator.MoveNextRare()
   w GUI.MainForm.addIssueToTreeNode(String issueNumber, List`1 issue, String treeViewName) w C:\CP\ParserGit\JiraParser\GUI\MainForm.cs:wiersz 6173
   w GUI.MainForm.slaAutoAssigneTakenIssue(Object sender, DoWorkEventArgs e) w C:\CP\ParserGit\JiraParser\GUI\SlaService.cs:wiersz 592

--- Main exception: Source ---
mscorlib

poniedziałek, 25 lutego 2019 14:29:00

Zgłoszenie CRM-75385 dodano automatycznie o godzinie 2019-02-25 14:29:00!
poniedziałek, 25 lutego 2019 14:29:00

Modyfikacja treeItem checkAsAssigneponiedziałek, 25 lutego 2019 14:29:07

Zgłoszenie ZCC-18198 dodano automatycznie o godzinie 2019-02-25 14:29:07!
poniedziałek, 25 lutego 2019 14:29:08

Modyfikacja treeItem checkAsAssigneponiedziałek, 25 lutego 2019 14:29:10

addCommentJira string jiraKey CRM-75385poniedziałek, 25 lutego 2019 14:29:10

addCommentJira object sender, DoWorkEventArgs e CRM-75385poniedziałek, 25 lutego 2019 14:29:11

addCommentJira string jiraKey ZCC-18198poniedziałek, 25 lutego 2019 14:29:11

addCommentJira object sender, DoWorkEventArgs e ZCC-18198poniedziałek, 25 lutego 2019 14:35:12

--- Main exception: Message ---
Zmodyfikowano kolekcję. Nie można wykonać operacji wyliczania.

--- Main exception: StackTrace ---
   w System.ThrowHelper.ThrowInvalidOperationException(ExceptionResource resource)
   w System.Collections.Generic.List`1.Enumerator.MoveNextRare()
   w GUI.MainForm.addIssueToTreeNode(String issueNumber, List`1 issue, String treeViewName) w C:\CP\ParserGit\JiraParser\GUI\MainForm.cs:wiersz 6173
   w GUI.MainForm.slaAutoAssigneTakenIssue(Object sender, DoWorkEventArgs e) w C:\CP\ParserGit\JiraParser\GUI\SlaService.cs:wiersz 592

--- Main exception: Source ---
mscorlib

poniedziałek, 25 lutego 2019 14:41:14

--- Main exception: Message ---
Zmodyfikowano kolekcję. Nie można wykonać operacji wyliczania.

--- Main exception: StackTrace ---
   w System.ThrowHelper.ThrowInvalidOperationException(ExceptionResource resource)
   w System.Collections.Generic.List`1.Enumerator.MoveNextRare()
   w GUI.MainForm.addIssueToTreeNode(String issueNumber, List`1 issue, String treeViewName) w C:\CP\ParserGit\JiraParser\GUI\MainForm.cs:wiersz 6173
   w GUI.MainForm.slaAutoAssigneTakenIssue(Object sender, DoWorkEventArgs e) w C:\CP\ParserGit\JiraParser\GUI\SlaService.cs:wiersz 592

--- Main exception: Source ---
mscorlib

poniedziałek, 25 lutego 2019 14:47:15

--- Main exception: Message ---
Zmodyfikowano kolekcję. Nie można wykonać operacji wyliczania.

--- Main exception: StackTrace ---
   w System.ThrowHelper.ThrowInvalidOperationException(ExceptionResource resource)
   w System.Collections.Generic.List`1.Enumerator.MoveNextRare()
   w GUI.MainForm.addIssueToTreeNode(String issueNumber, List`1 issue, String treeViewName) w C:\CP\ParserGit\JiraParser\GUI\MainForm.cs:wiersz 6173
   w GUI.MainForm.slaAutoAssigneTakenIssue(Object sender, DoWorkEventArgs e) w C:\CP\ParserGit\JiraParser\GUI\SlaService.cs:wiersz 592

--- Main exception: Source ---
mscorlib

poniedziałek, 25 lutego 2019 14:58:58

Zgłoszenie KKK-4014 dodano automatycznie o godzinie 2019-02-25 14:58:58!
poniedziałek, 25 lutego 2019 14:58:59

Modyfikacja treeItem checkAsAssigneponiedziałek, 25 lutego 2019 14:59:07

addCommentJira string jiraKey KKK-4014poniedziałek, 25 lutego 2019 14:59:07

addCommentJira object sender, DoWorkEventArgs e KKK-4014poniedziałek, 25 lutego 2019 14:59:08

--- Main exception: Message ---
Zmodyfikowano kolekcję. Nie można wykonać operacji wyliczania.

--- Main exception: StackTrace ---
   w System.ThrowHelper.ThrowInvalidOperationException(ExceptionResource resource)
   w System.Collections.Generic.List`1.Enumerator.MoveNextRare()
   w GUI.MainForm.addIssueToTreeNode(String issueNumber, List`1 issue, String treeViewName) w C:\CP\ParserGit\JiraParser\GUI\MainForm.cs:wiersz 6173
   w GUI.MainForm.slaAutoAssigneTakenIssue(Object sender, DoWorkEventArgs e) w C:\CP\ParserGit\JiraParser\GUI\SlaService.cs:wiersz 592

--- Main exception: Source ---
mscorlib

