poniedziałek, 18 listopada 2019 09:41:12

Zgłoszenie CRM-77296 dodano automatycznie o godzinie 2019-11-18 09:41:12!
poniedziałek, 18 listopada 2019 09:41:12

Modyfikacja treeItem checkAsAssigneponiedziałek, 18 listopada 2019 09:41:16

addCommentJira string jiraKey CRM-77296poniedziałek, 18 listopada 2019 09:41:16

addCommentJira object sender, DoWorkEventArgs e CRM-77296poniedziałek, 18 listopada 2019 09:42:39

--- Main exception: Message ---
Nie można połączyć się z serwerem zdalnym

--- Main exception: StackTrace ---
   w Atlassian.Jira.Remote.JiraRestClient.ExecuteRequest[T](Method method, String resource, Object requestBody) w c:\projects\atlassian-net-sdk\Atlassian.Jira\Remote\JiraRestClient.cs:wiersz 119
   w Atlassian.Jira.Remote.JiraRestClient.GetIssueTypes(String token, String projectId) w c:\projects\atlassian-net-sdk\Atlassian.Jira\Remote\JiraRestClient.cs:wiersz 822
   w Atlassian.Jira.Jira.<>c__DisplayClass16.<GetIssueTypes>b__12(String token) w c:\projects\atlassian-net-sdk\Atlassian.Jira\Jira.cs:wiersz 414
   w Atlassian.Jira.Jira.<>c__DisplayClass3c.<WithToken>b__3b(String t) w c:\projects\atlassian-net-sdk\Atlassian.Jira\Jira.cs:wiersz 658
   w Atlassian.Jira.Jira.WithToken[TResult](Func`3 function) w c:\projects\atlassian-net-sdk\Atlassian.Jira\Jira.cs:wiersz 706
   w Atlassian.Jira.Jira.GetIssueTypes(String projectKey) w c:\projects\atlassian-net-sdk\Atlassian.Jira\Jira.cs:wiersz 419
   w Logic.Implementation.JiraIssues.GetJiraIssuesTypes() w C:\CP\ParserGit\JiraParser\Logic\Implementation\JiraIssues.cs:wiersz 68
   w GUI.MainForm.<timer2_Tick>b__119_0() w C:\CP\ParserGit\JiraParser\GUI\MainForm.cs:wiersz 2744

--- Main exception: Source ---
Atlassian.Jira

poniedziałek, 18 listopada 2019 11:26:42

--- Main exception: Message ---
Odwołanie do obiektu nie zostało ustawione na wystąpienie obiektu.

--- Main exception: StackTrace ---
   w GUI.MainForm.<>c__DisplayClass178_0.<GetActionForIssue>b__0(KeyValuePair`2 x) w C:\CP\ParserGit\JiraParser\GUI\MainForm.cs:wiersz 5501
   w System.Linq.Enumerable.FirstOrDefault[TSource](IEnumerable`1 source, Func`2 predicate)
   w GUI.MainForm.GetActionForIssue(BillingIssueDto issue, String trName) w C:\CP\ParserGit\JiraParser\GUI\MainForm.cs:wiersz 5501

--- Main exception: Source ---
GUI

poniedziałek, 18 listopada 2019 12:39:02

--- Main exception: Message ---
Nieprawidłowa operacja między wątkami: do formantu '' uzyskiwany jest dostęp z wątku innego niż wątek, w którym został utworzony.

--- Main exception: StackTrace ---
   w System.Windows.Forms.Control.get_Handle()
   w System.Windows.Forms.ScrollBar.UpdateScrollInfo()
   w System.Windows.Forms.ScrollBar.OnEnabledChanged(EventArgs e)
   w System.Windows.Forms.Control.set_Enabled(Boolean value)
   w System.Windows.Forms.DataGridView.LayoutScrollBars()
   w System.Windows.Forms.DataGridView.ComputeLayout()
   w System.Windows.Forms.DataGridView.PerformLayoutPrivate(Boolean useRowShortcut, Boolean computeVisibleRows, Boolean invalidInAdjustFillingColumns, Boolean repositionEditingControl)
   w System.Windows.Forms.DataGridView.OnColumnWidthChanged(DataGridViewColumnEventArgs e)
   w System.Windows.Forms.DataGridViewBand.set_ThicknessInternal(Int32 value)
   w System.Windows.Forms.DataGridView.AutoResizeColumnInternal(Int32 columnIndex, DataGridViewAutoSizeColumnCriteriaInternal autoSizeColumnCriteriaInternal, Boolean fixedHeight)
   w System.Windows.Forms.DataGridView.OnCellCommonChange(Int32 columnIndex, Int32 rowIndex)
   w System.Windows.Forms.DataGridView.OnCellValueChanged(DataGridViewCellEventArgs e)
   w System.Windows.Forms.DataGridViewCell.SetValue(Int32 rowIndex, Object value)
   w GUI.MainForm.slaUpdateRowInfo(Object sender, DoWorkEventArgs e) w C:\CP\ParserGit\JiraParser\GUI\SlaService.cs:wiersz 654

--- Main exception: Source ---
System.Windows.Forms

poniedziałek, 18 listopada 2019 13:08:56

--- Main exception: Message ---
Nieprawidłowa operacja między wątkami: do formantu '' uzyskiwany jest dostęp z wątku innego niż wątek, w którym został utworzony.

--- Main exception: StackTrace ---
   w System.Windows.Forms.Control.get_Handle()
   w System.Windows.Forms.ScrollBar.UpdateScrollInfo()
   w System.Windows.Forms.ScrollBar.set_Maximum(Int32 value)
   w System.Windows.Forms.DataGridView.LayoutScrollBars()
   w System.Windows.Forms.DataGridView.ComputeLayout()
   w System.Windows.Forms.DataGridView.PerformLayoutPrivate(Boolean useRowShortcut, Boolean computeVisibleRows, Boolean invalidInAdjustFillingColumns, Boolean repositionEditingControl)
   w System.Windows.Forms.DataGridView.OnColumnWidthChanged(DataGridViewColumnEventArgs e)
   w System.Windows.Forms.DataGridViewBand.set_ThicknessInternal(Int32 value)
   w System.Windows.Forms.DataGridView.AutoResizeColumnInternal(Int32 columnIndex, DataGridViewAutoSizeColumnCriteriaInternal autoSizeColumnCriteriaInternal, Boolean fixedHeight)
   w System.Windows.Forms.DataGridView.OnCellCommonChange(Int32 columnIndex, Int32 rowIndex)
   w System.Windows.Forms.DataGridView.OnCellValueChanged(DataGridViewCellEventArgs e)
   w System.Windows.Forms.DataGridViewCell.SetValue(Int32 rowIndex, Object value)
   w GUI.MainForm.slaUpdateRowInfo(Object sender, DoWorkEventArgs e) w C:\CP\ParserGit\JiraParser\GUI\SlaService.cs:wiersz 654

--- Main exception: Source ---
System.Windows.Forms

poniedziałek, 18 listopada 2019 15:42:10

Zgłoszenie ZCC-19748 dodano automatycznie o godzinie 2019-11-18 15:42:10!
poniedziałek, 18 listopada 2019 15:42:10

Modyfikacja treeItem checkAsAssigneponiedziałek, 18 listopada 2019 15:42:16

addCommentJira string jiraKey ZCC-19748poniedziałek, 18 listopada 2019 15:42:16

addCommentJira object sender, DoWorkEventArgs e ZCC-19748poniedziałek, 18 listopada 2019 16:00:10

Zgłoszenie ZCC-19749 dodano automatycznie o godzinie 2019-11-18 16:00:10!
poniedziałek, 18 listopada 2019 16:00:11

Modyfikacja treeItem checkAsAssigneponiedziałek, 18 listopada 2019 16:00:24

addCommentJira string jiraKey ZCC-19749poniedziałek, 18 listopada 2019 16:00:24

addCommentJira object sender, DoWorkEventArgs e ZCC-19749poniedziałek, 18 listopada 2019 18:06:07

Zgłoszenie WIND-8652 dodano automatycznie o godzinie 2019-11-18 18:06:07!
poniedziałek, 18 listopada 2019 18:06:07

Modyfikacja treeItem checkAsAssigneponiedziałek, 18 listopada 2019 18:06:12

addCommentJira string jiraKey WIND-8652poniedziałek, 18 listopada 2019 18:06:12

addCommentJira object sender, DoWorkEventArgs e WIND-8652