wtorek, 15 stycznia 2019 08:18:16

Zgłoszenie WIND-7988 dodano automatycznie o godzinie 2019-01-15 08:18:16!
wtorek, 15 stycznia 2019 08:18:19

addCommentJira string jiraKey WIND-7988wtorek, 15 stycznia 2019 08:18:19

addCommentJira object sender, DoWorkEventArgs e WIND-7988wtorek, 15 stycznia 2019 08:18:22

Zgłoszenie WIND-7989 dodano automatycznie o godzinie 2019-01-15 08:18:22!
wtorek, 15 stycznia 2019 08:18:46

Zgłoszenie WIND-7990 dodano automatycznie o godzinie 2019-01-15 08:18:46!
wtorek, 15 stycznia 2019 08:18:53

addCommentJira string jiraKey WIND-7989wtorek, 15 stycznia 2019 08:18:53

addCommentJira object sender, DoWorkEventArgs e WIND-7989wtorek, 15 stycznia 2019 08:18:54

addCommentJira string jiraKey WIND-7990wtorek, 15 stycznia 2019 08:18:54

addCommentJira object sender, DoWorkEventArgs e WIND-7990wtorek, 15 stycznia 2019 08:18:55

--- Main exception: Message ---
Zmodyfikowano kolekcję. Nie można wykonać operacji wyliczania.

--- Main exception: StackTrace ---
   w System.ThrowHelper.ThrowInvalidOperationException(ExceptionResource resource)
   w System.Collections.Generic.Dictionary`2.Enumerator.MoveNext()
   w GUI.MainForm.GetActionForIssues(TreeView tr) w C:\CP\ParserGit\JiraParser\GUI\MainForm.cs:wiersz 5280

--- Main exception: Source ---
mscorlib

wtorek, 15 stycznia 2019 08:18:55

Zgłoszenie WIND-7991 dodano automatycznie o godzinie 2019-01-15 08:18:55!
wtorek, 15 stycznia 2019 08:18:58

addCommentJira string jiraKey WIND-7991wtorek, 15 stycznia 2019 08:18:58

addCommentJira object sender, DoWorkEventArgs e WIND-7991wtorek, 15 stycznia 2019 08:18:59

Zgłoszenie CRM-74907 dodano automatycznie o godzinie 2019-01-15 08:18:59!
wtorek, 15 stycznia 2019 08:19:02

addCommentJira string jiraKey CRM-74907wtorek, 15 stycznia 2019 08:19:02

addCommentJira object sender, DoWorkEventArgs e CRM-74907wtorek, 15 stycznia 2019 08:23:46

Zgłoszenie ZCC-17856 dodano automatycznie o godzinie 2019-01-15 08:23:46!
wtorek, 15 stycznia 2019 08:23:48

addCommentJira string jiraKey ZCC-17856wtorek, 15 stycznia 2019 08:23:48

addCommentJira object sender, DoWorkEventArgs e ZCC-17856wtorek, 15 stycznia 2019 08:24:17

--- Main exception: Message ---
Bieżący wątek musi być ustawiony na tryb jednowątkowego apartamentu, aby można było wykonywać wywołania OLE. Upewnij się, że w funkcji Main jest zaznaczony element STAThreadAttribute.

--- Main exception: StackTrace ---
   w System.Windows.Forms.ComboBox.set_AutoCompleteMode(AutoCompleteMode value)
   w GUI.WFSModelerForm.AddComboBox(EventParamModeler ep, GroupBox group) w C:\CP\ParserGit\JiraParser\GUI\WFSModelerForm.cs:wiersz 550
   w GUI.WFSModelerForm.GenerateForm(GroupBox group, Int32 ParamGroupId) w C:\CP\ParserGit\JiraParser\GUI\WFSModelerForm.cs:wiersz 454
   w GUI.WFSModelerForm.GenerateForm(GroupBox group, Int32 ParamGroupId) w C:\CP\ParserGit\JiraParser\GUI\WFSModelerForm.cs:wiersz 461
   w GUI.WFSModelerForm.GenerateForm(GroupBox group, Int32 ParamGroupId) w C:\CP\ParserGit\JiraParser\GUI\WFSModelerForm.cs:wiersz 461
   w GUI.WFSModelerForm.GenerateForm(Boolean visible) w C:\CP\ParserGit\JiraParser\GUI\WFSModelerForm.cs:wiersz 413
   w GUI.WFSModelerForm..ctor(List`1 list, String name, BillingIssueDto issue, IParserEngineWFS gujaczWFS, Int32 eventMoveId, calbackDelegate callback, TreeView tr, Boolean quickStep, Object selectOption) w C:\CP\ParserGit\JiraParser\GUI\WFSModelerForm.cs:wiersz 309

--- Main exception: Source ---
System.Windows.Forms

wtorek, 15 stycznia 2019 08:24:20

--- Main exception: Message ---
Bieżący wątek musi być ustawiony na tryb jednowątkowego apartamentu, aby można było wykonywać wywołania OLE. Upewnij się, że w funkcji Main jest zaznaczony element STAThreadAttribute.

--- Main exception: StackTrace ---
   w System.Windows.Forms.ComboBox.set_AutoCompleteMode(AutoCompleteMode value)
   w GUI.WFSModelerForm.AddComboBox(EventParamModeler ep, GroupBox group) w C:\CP\ParserGit\JiraParser\GUI\WFSModelerForm.cs:wiersz 550
   w GUI.WFSModelerForm.GenerateForm(GroupBox group, Int32 ParamGroupId) w C:\CP\ParserGit\JiraParser\GUI\WFSModelerForm.cs:wiersz 454
   w GUI.WFSModelerForm.GenerateForm(GroupBox group, Int32 ParamGroupId) w C:\CP\ParserGit\JiraParser\GUI\WFSModelerForm.cs:wiersz 461
   w GUI.WFSModelerForm.GenerateForm(GroupBox group, Int32 ParamGroupId) w C:\CP\ParserGit\JiraParser\GUI\WFSModelerForm.cs:wiersz 461
   w GUI.WFSModelerForm.GenerateForm(Boolean visible) w C:\CP\ParserGit\JiraParser\GUI\WFSModelerForm.cs:wiersz 413
   w GUI.WFSModelerForm..ctor(List`1 list, String name, BillingIssueDto issue, IParserEngineWFS gujaczWFS, Int32 eventMoveId, calbackDelegate callback, TreeView tr, Boolean quickStep, Object selectOption) w C:\CP\ParserGit\JiraParser\GUI\WFSModelerForm.cs:wiersz 309

--- Main exception: Source ---
System.Windows.Forms

wtorek, 15 stycznia 2019 08:28:36

--- Main exception: Message ---
Bieżący wątek musi być ustawiony na tryb jednowątkowego apartamentu, aby można było wykonywać wywołania OLE. Upewnij się, że w funkcji Main jest zaznaczony element STAThreadAttribute.

--- Main exception: StackTrace ---
   w System.Windows.Forms.ComboBox.set_AutoCompleteMode(AutoCompleteMode value)
   w GUI.WFSModelerForm.AddComboBox(EventParamModeler ep, GroupBox group) w C:\CP\ParserGit\JiraParser\GUI\WFSModelerForm.cs:wiersz 550
   w GUI.WFSModelerForm.GenerateForm(GroupBox group, Int32 ParamGroupId) w C:\CP\ParserGit\JiraParser\GUI\WFSModelerForm.cs:wiersz 454
   w GUI.WFSModelerForm.GenerateForm(GroupBox group, Int32 ParamGroupId) w C:\CP\ParserGit\JiraParser\GUI\WFSModelerForm.cs:wiersz 461
   w GUI.WFSModelerForm.GenerateForm(GroupBox group, Int32 ParamGroupId) w C:\CP\ParserGit\JiraParser\GUI\WFSModelerForm.cs:wiersz 461
   w GUI.WFSModelerForm.GenerateForm(Boolean visible) w C:\CP\ParserGit\JiraParser\GUI\WFSModelerForm.cs:wiersz 413
   w GUI.WFSModelerForm..ctor(List`1 list, String name, BillingIssueDto issue, IParserEngineWFS gujaczWFS, Int32 eventMoveId, calbackDelegate callback, TreeView tr, Boolean quickStep, Object selectOption) w C:\CP\ParserGit\JiraParser\GUI\WFSModelerForm.cs:wiersz 309

--- Main exception: Source ---
System.Windows.Forms

wtorek, 15 stycznia 2019 08:28:38

--- Main exception: Message ---
Bieżący wątek musi być ustawiony na tryb jednowątkowego apartamentu, aby można było wykonywać wywołania OLE. Upewnij się, że w funkcji Main jest zaznaczony element STAThreadAttribute.

--- Main exception: StackTrace ---
   w System.Windows.Forms.ComboBox.set_AutoCompleteMode(AutoCompleteMode value)
   w GUI.WFSModelerForm.AddComboBox(EventParamModeler ep, GroupBox group) w C:\CP\ParserGit\JiraParser\GUI\WFSModelerForm.cs:wiersz 550
   w GUI.WFSModelerForm.GenerateForm(GroupBox group, Int32 ParamGroupId) w C:\CP\ParserGit\JiraParser\GUI\WFSModelerForm.cs:wiersz 454
   w GUI.WFSModelerForm.GenerateForm(GroupBox group, Int32 ParamGroupId) w C:\CP\ParserGit\JiraParser\GUI\WFSModelerForm.cs:wiersz 461
   w GUI.WFSModelerForm.GenerateForm(GroupBox group, Int32 ParamGroupId) w C:\CP\ParserGit\JiraParser\GUI\WFSModelerForm.cs:wiersz 461
   w GUI.WFSModelerForm.GenerateForm(Boolean visible) w C:\CP\ParserGit\JiraParser\GUI\WFSModelerForm.cs:wiersz 413
   w GUI.WFSModelerForm..ctor(List`1 list, String name, BillingIssueDto issue, IParserEngineWFS gujaczWFS, Int32 eventMoveId, calbackDelegate callback, TreeView tr, Boolean quickStep, Object selectOption) w C:\CP\ParserGit\JiraParser\GUI\WFSModelerForm.cs:wiersz 309

--- Main exception: Source ---
System.Windows.Forms

wtorek, 15 stycznia 2019 08:33:38

--- Main exception: Message ---
Bieżący wątek musi być ustawiony na tryb jednowątkowego apartamentu, aby można było wykonywać wywołania OLE. Upewnij się, że w funkcji Main jest zaznaczony element STAThreadAttribute.

--- Main exception: StackTrace ---
   w System.Windows.Forms.ComboBox.set_AutoCompleteMode(AutoCompleteMode value)
   w GUI.WFSModelerForm.AddComboBox(EventParamModeler ep, GroupBox group) w C:\CP\ParserGit\JiraParser\GUI\WFSModelerForm.cs:wiersz 550
   w GUI.WFSModelerForm.GenerateForm(GroupBox group, Int32 ParamGroupId) w C:\CP\ParserGit\JiraParser\GUI\WFSModelerForm.cs:wiersz 454
   w GUI.WFSModelerForm.GenerateForm(GroupBox group, Int32 ParamGroupId) w C:\CP\ParserGit\JiraParser\GUI\WFSModelerForm.cs:wiersz 461
   w GUI.WFSModelerForm.GenerateForm(GroupBox group, Int32 ParamGroupId) w C:\CP\ParserGit\JiraParser\GUI\WFSModelerForm.cs:wiersz 461
   w GUI.WFSModelerForm.GenerateForm(Boolean visible) w C:\CP\ParserGit\JiraParser\GUI\WFSModelerForm.cs:wiersz 413
   w GUI.WFSModelerForm..ctor(List`1 list, String name, BillingIssueDto issue, IParserEngineWFS gujaczWFS, Int32 eventMoveId, calbackDelegate callback, TreeView tr, Boolean quickStep, Object selectOption) w C:\CP\ParserGit\JiraParser\GUI\WFSModelerForm.cs:wiersz 309

--- Main exception: Source ---
System.Windows.Forms

wtorek, 15 stycznia 2019 08:33:40

--- Main exception: Message ---
Bieżący wątek musi być ustawiony na tryb jednowątkowego apartamentu, aby można było wykonywać wywołania OLE. Upewnij się, że w funkcji Main jest zaznaczony element STAThreadAttribute.

--- Main exception: StackTrace ---
   w System.Windows.Forms.ComboBox.set_AutoCompleteMode(AutoCompleteMode value)
   w GUI.WFSModelerForm.AddComboBox(EventParamModeler ep, GroupBox group) w C:\CP\ParserGit\JiraParser\GUI\WFSModelerForm.cs:wiersz 550
   w GUI.WFSModelerForm.GenerateForm(GroupBox group, Int32 ParamGroupId) w C:\CP\ParserGit\JiraParser\GUI\WFSModelerForm.cs:wiersz 454
   w GUI.WFSModelerForm.GenerateForm(GroupBox group, Int32 ParamGroupId) w C:\CP\ParserGit\JiraParser\GUI\WFSModelerForm.cs:wiersz 461
   w GUI.WFSModelerForm.GenerateForm(GroupBox group, Int32 ParamGroupId) w C:\CP\ParserGit\JiraParser\GUI\WFSModelerForm.cs:wiersz 461
   w GUI.WFSModelerForm.GenerateForm(Boolean visible) w C:\CP\ParserGit\JiraParser\GUI\WFSModelerForm.cs:wiersz 413
   w GUI.WFSModelerForm..ctor(List`1 list, String name, BillingIssueDto issue, IParserEngineWFS gujaczWFS, Int32 eventMoveId, calbackDelegate callback, TreeView tr, Boolean quickStep, Object selectOption) w C:\CP\ParserGit\JiraParser\GUI\WFSModelerForm.cs:wiersz 309

--- Main exception: Source ---
System.Windows.Forms

wtorek, 15 stycznia 2019 08:38:06

Zgłoszenie KKK-3868 dodano automatycznie o godzinie 2019-01-15 08:38:06!
wtorek, 15 stycznia 2019 08:38:10

addCommentJira string jiraKey KKK-3868wtorek, 15 stycznia 2019 08:38:10

addCommentJira object sender, DoWorkEventArgs e KKK-3868wtorek, 15 stycznia 2019 08:38:38

--- Main exception: Message ---
Zmodyfikowano kolekcję. Nie można wykonać operacji wyliczania.

--- Main exception: StackTrace ---
   w System.ThrowHelper.ThrowInvalidOperationException(ExceptionResource resource)
   w System.Collections.Generic.Dictionary`2.Enumerator.MoveNext()
   w GUI.MainForm.GetActionForIssues(TreeView tr) w C:\CP\ParserGit\JiraParser\GUI\MainForm.cs:wiersz 5280

--- Main exception: Source ---
mscorlib

wtorek, 15 stycznia 2019 08:38:38

--- Main exception: Message ---
Zmodyfikowano kolekcję. Nie można wykonać operacji wyliczania.

--- Main exception: StackTrace ---
   w System.ThrowHelper.ThrowInvalidOperationException(ExceptionResource resource)
   w System.Collections.Generic.Dictionary`2.Enumerator.MoveNext()
   w GUI.MainForm.GetActionForIssues(TreeView tr) w C:\CP\ParserGit\JiraParser\GUI\MainForm.cs:wiersz 5280

--- Main exception: Source ---
mscorlib

wtorek, 15 stycznia 2019 09:13:11

Zgłoszenie CRM-74911 dodano automatycznie o godzinie 2019-01-15 09:13:11!
wtorek, 15 stycznia 2019 09:13:13

addCommentJira string jiraKey CRM-74911wtorek, 15 stycznia 2019 09:13:13

addCommentJira object sender, DoWorkEventArgs e CRM-74911wtorek, 15 stycznia 2019 09:53:03

Zgłoszenie WIND-7992 dodano automatycznie o godzinie 2019-01-15 09:53:03!
wtorek, 15 stycznia 2019 09:53:06

addCommentJira string jiraKey WIND-7992wtorek, 15 stycznia 2019 09:53:06

addCommentJira object sender, DoWorkEventArgs e WIND-7992wtorek, 15 stycznia 2019 11:04:02

Zgłoszenie KKK-3869 dodano automatycznie o godzinie 2019-01-15 11:04:02!
wtorek, 15 stycznia 2019 11:04:05

addCommentJira string jiraKey KKK-3869wtorek, 15 stycznia 2019 11:04:05

addCommentJira object sender, DoWorkEventArgs e KKK-3869wtorek, 15 stycznia 2019 11:04:14

Zgłoszenie KKK-3870 dodano automatycznie o godzinie 2019-01-15 11:04:14!
wtorek, 15 stycznia 2019 11:04:26

addCommentJira string jiraKey KKK-3870wtorek, 15 stycznia 2019 11:04:26

addCommentJira object sender, DoWorkEventArgs e KKK-3870wtorek, 15 stycznia 2019 11:13:52

Zgłoszenie CRM-74912 dodano automatycznie o godzinie 2019-01-15 11:13:52!
wtorek, 15 stycznia 2019 11:13:55

addCommentJira string jiraKey CRM-74912wtorek, 15 stycznia 2019 11:13:55

addCommentJira object sender, DoWorkEventArgs e CRM-74912wtorek, 15 stycznia 2019 12:03:52

Zgłoszenie CRM-74913 dodano automatycznie o godzinie 2019-01-15 12:03:52!
wtorek, 15 stycznia 2019 12:03:55

addCommentJira string jiraKey CRM-74913wtorek, 15 stycznia 2019 12:03:55

addCommentJira object sender, DoWorkEventArgs e CRM-74913wtorek, 15 stycznia 2019 12:58:50

Zgłoszenie ZCC-17858 dodano automatycznie o godzinie 2019-01-15 12:58:50!
wtorek, 15 stycznia 2019 12:58:55

addCommentJira string jiraKey ZCC-17858wtorek, 15 stycznia 2019 12:58:55

addCommentJira object sender, DoWorkEventArgs e ZCC-17858wtorek, 15 stycznia 2019 13:13:50

Zgłoszenie ZCC-17859 dodano automatycznie o godzinie 2019-01-15 13:13:50!
wtorek, 15 stycznia 2019 13:13:53

addCommentJira string jiraKey ZCC-17859wtorek, 15 stycznia 2019 13:13:53

addCommentJira object sender, DoWorkEventArgs e ZCC-17859wtorek, 15 stycznia 2019 13:38:32

--- Main exception: Message ---
Nie można rozpoznać nazwy zdalnej: 'jira'

--- Main exception: StackTrace ---
   w Atlassian.Jira.Remote.JiraRestClient.ExecuteRequest[T](Method method, String resource, Object requestBody) w c:\projects\atlassian-net-sdk\Atlassian.Jira\Remote\JiraRestClient.cs:wiersz 119
   w Atlassian.Jira.Remote.JiraRestClient.GetPriorities(String token) w c:\projects\atlassian-net-sdk\Atlassian.Jira\Remote\JiraRestClient.cs:wiersz 785
   w Atlassian.Jira.Jira.<GetIssuePriorities>b__24(String token) w c:\projects\atlassian-net-sdk\Atlassian.Jira\Jira.cs:wiersz 478
   w Atlassian.Jira.Jira.<>c__DisplayClass3c.<WithToken>b__3b(String t) w c:\projects\atlassian-net-sdk\Atlassian.Jira\Jira.cs:wiersz 658
   w Atlassian.Jira.Jira.WithToken[TResult](Func`3 function) w c:\projects\atlassian-net-sdk\Atlassian.Jira\Jira.cs:wiersz 706
   w Atlassian.Jira.Jira.GetIssuePriorities() w c:\projects\atlassian-net-sdk\Atlassian.Jira\Jira.cs:wiersz 482
   w GUI.MainForm.LoginJira() w C:\CP\ParserGit\JiraParser\GUI\MainForm.cs:wiersz 4336

--- Main exception: Source ---
Atlassian.Jira

wtorek, 15 stycznia 2019 13:38:50

--- Main exception: Message ---
Nie można rozpoznać nazwy zdalnej: 'jira'

--- Main exception: StackTrace ---
   w Atlassian.Jira.Remote.JiraRestClient.ExecuteRequest[T](Method method, String resource, Object requestBody) w c:\projects\atlassian-net-sdk\Atlassian.Jira\Remote\JiraRestClient.cs:wiersz 119
   w Atlassian.Jira.Remote.JiraRestClient.GetIssueTypes(String token, String projectId) w c:\projects\atlassian-net-sdk\Atlassian.Jira\Remote\JiraRestClient.cs:wiersz 822
   w Atlassian.Jira.Jira.<>c__DisplayClass16.<GetIssueTypes>b__12(String token) w c:\projects\atlassian-net-sdk\Atlassian.Jira\Jira.cs:wiersz 414
   w Atlassian.Jira.Jira.<>c__DisplayClass3c.<WithToken>b__3b(String t) w c:\projects\atlassian-net-sdk\Atlassian.Jira\Jira.cs:wiersz 658
   w Atlassian.Jira.Jira.WithToken[TResult](Func`3 function) w c:\projects\atlassian-net-sdk\Atlassian.Jira\Jira.cs:wiersz 706
   w Atlassian.Jira.Jira.GetIssueTypes(String projectKey) w c:\projects\atlassian-net-sdk\Atlassian.Jira\Jira.cs:wiersz 419
   w Logic.Implementation.JiraIssues.GetJiraIssuesTypes() w C:\CP\ParserGit\JiraParser\Logic\Implementation\JiraIssues.cs:wiersz 68
   w GUI.MainForm.<timer2_Tick>b__98_0() w C:\CP\ParserGit\JiraParser\GUI\MainForm.cs:wiersz 2637

--- Main exception: Source ---
Atlassian.Jira

wtorek, 15 stycznia 2019 13:43:32

--- Main exception: Message ---
Nie można rozpoznać nazwy zdalnej: 'jira'

--- Main exception: StackTrace ---
   w Atlassian.Jira.Remote.JiraRestClient.ExecuteRequest[T](Method method, String resource, Object requestBody) w c:\projects\atlassian-net-sdk\Atlassian.Jira\Remote\JiraRestClient.cs:wiersz 119
   w Atlassian.Jira.Remote.JiraRestClient.GetPriorities(String token) w c:\projects\atlassian-net-sdk\Atlassian.Jira\Remote\JiraRestClient.cs:wiersz 785
   w Atlassian.Jira.Jira.<GetIssuePriorities>b__24(String token) w c:\projects\atlassian-net-sdk\Atlassian.Jira\Jira.cs:wiersz 478
   w Atlassian.Jira.Jira.<>c__DisplayClass3c.<WithToken>b__3b(String t) w c:\projects\atlassian-net-sdk\Atlassian.Jira\Jira.cs:wiersz 658
   w Atlassian.Jira.Jira.WithToken[TResult](Func`3 function) w c:\projects\atlassian-net-sdk\Atlassian.Jira\Jira.cs:wiersz 706
   w Atlassian.Jira.Jira.GetIssuePriorities() w c:\projects\atlassian-net-sdk\Atlassian.Jira\Jira.cs:wiersz 482
   w GUI.MainForm.LoginJira() w C:\CP\ParserGit\JiraParser\GUI\MainForm.cs:wiersz 4336

--- Main exception: Source ---
Atlassian.Jira

wtorek, 15 stycznia 2019 13:43:50

--- Main exception: Message ---
Nie można rozpoznać nazwy zdalnej: 'jira'

--- Main exception: StackTrace ---
   w Atlassian.Jira.Remote.JiraRestClient.ExecuteRequest[T](Method method, String resource, Object requestBody) w c:\projects\atlassian-net-sdk\Atlassian.Jira\Remote\JiraRestClient.cs:wiersz 119
   w Atlassian.Jira.Remote.JiraRestClient.GetIssueTypes(String token, String projectId) w c:\projects\atlassian-net-sdk\Atlassian.Jira\Remote\JiraRestClient.cs:wiersz 822
   w Atlassian.Jira.Jira.<>c__DisplayClass16.<GetIssueTypes>b__12(String token) w c:\projects\atlassian-net-sdk\Atlassian.Jira\Jira.cs:wiersz 414
   w Atlassian.Jira.Jira.<>c__DisplayClass3c.<WithToken>b__3b(String t) w c:\projects\atlassian-net-sdk\Atlassian.Jira\Jira.cs:wiersz 658
   w Atlassian.Jira.Jira.WithToken[TResult](Func`3 function) w c:\projects\atlassian-net-sdk\Atlassian.Jira\Jira.cs:wiersz 706
   w Atlassian.Jira.Jira.GetIssueTypes(String projectKey) w c:\projects\atlassian-net-sdk\Atlassian.Jira\Jira.cs:wiersz 419
   w Logic.Implementation.JiraIssues.GetJiraIssuesTypes() w C:\CP\ParserGit\JiraParser\Logic\Implementation\JiraIssues.cs:wiersz 68
   w GUI.MainForm.<timer2_Tick>b__98_0() w C:\CP\ParserGit\JiraParser\GUI\MainForm.cs:wiersz 2637

--- Main exception: Source ---
Atlassian.Jira

wtorek, 15 stycznia 2019 13:48:32

--- Main exception: Message ---
Nie można rozpoznać nazwy zdalnej: 'jira'

--- Main exception: StackTrace ---
   w Atlassian.Jira.Remote.JiraRestClient.ExecuteRequest[T](Method method, String resource, Object requestBody) w c:\projects\atlassian-net-sdk\Atlassian.Jira\Remote\JiraRestClient.cs:wiersz 119
   w Atlassian.Jira.Remote.JiraRestClient.GetPriorities(String token) w c:\projects\atlassian-net-sdk\Atlassian.Jira\Remote\JiraRestClient.cs:wiersz 785
   w Atlassian.Jira.Jira.<GetIssuePriorities>b__24(String token) w c:\projects\atlassian-net-sdk\Atlassian.Jira\Jira.cs:wiersz 478
   w Atlassian.Jira.Jira.<>c__DisplayClass3c.<WithToken>b__3b(String t) w c:\projects\atlassian-net-sdk\Atlassian.Jira\Jira.cs:wiersz 658
   w Atlassian.Jira.Jira.WithToken[TResult](Func`3 function) w c:\projects\atlassian-net-sdk\Atlassian.Jira\Jira.cs:wiersz 706
   w Atlassian.Jira.Jira.GetIssuePriorities() w c:\projects\atlassian-net-sdk\Atlassian.Jira\Jira.cs:wiersz 482
   w GUI.MainForm.LoginJira() w C:\CP\ParserGit\JiraParser\GUI\MainForm.cs:wiersz 4336

--- Main exception: Source ---
Atlassian.Jira

wtorek, 15 stycznia 2019 13:48:51

--- Main exception: Message ---
Nie można rozpoznać nazwy zdalnej: 'jira'

--- Main exception: StackTrace ---
   w Atlassian.Jira.Remote.JiraRestClient.ExecuteRequest[T](Method method, String resource, Object requestBody) w c:\projects\atlassian-net-sdk\Atlassian.Jira\Remote\JiraRestClient.cs:wiersz 119
   w Atlassian.Jira.Remote.JiraRestClient.GetIssueTypes(String token, String projectId) w c:\projects\atlassian-net-sdk\Atlassian.Jira\Remote\JiraRestClient.cs:wiersz 822
   w Atlassian.Jira.Jira.<>c__DisplayClass16.<GetIssueTypes>b__12(String token) w c:\projects\atlassian-net-sdk\Atlassian.Jira\Jira.cs:wiersz 414
   w Atlassian.Jira.Jira.<>c__DisplayClass3c.<WithToken>b__3b(String t) w c:\projects\atlassian-net-sdk\Atlassian.Jira\Jira.cs:wiersz 658
   w Atlassian.Jira.Jira.WithToken[TResult](Func`3 function) w c:\projects\atlassian-net-sdk\Atlassian.Jira\Jira.cs:wiersz 706
   w Atlassian.Jira.Jira.GetIssueTypes(String projectKey) w c:\projects\atlassian-net-sdk\Atlassian.Jira\Jira.cs:wiersz 419
   w Logic.Implementation.JiraIssues.GetJiraIssuesTypes() w C:\CP\ParserGit\JiraParser\Logic\Implementation\JiraIssues.cs:wiersz 68
   w GUI.MainForm.<timer2_Tick>b__98_0() w C:\CP\ParserGit\JiraParser\GUI\MainForm.cs:wiersz 2637

--- Main exception: Source ---
Atlassian.Jira

wtorek, 15 stycznia 2019 13:53:32

--- Main exception: Message ---
Nie można rozpoznać nazwy zdalnej: 'jira'

--- Main exception: StackTrace ---
   w Atlassian.Jira.Remote.JiraRestClient.ExecuteRequest[T](Method method, String resource, Object requestBody) w c:\projects\atlassian-net-sdk\Atlassian.Jira\Remote\JiraRestClient.cs:wiersz 119
   w Atlassian.Jira.Remote.JiraRestClient.GetPriorities(String token) w c:\projects\atlassian-net-sdk\Atlassian.Jira\Remote\JiraRestClient.cs:wiersz 785
   w Atlassian.Jira.Jira.<GetIssuePriorities>b__24(String token) w c:\projects\atlassian-net-sdk\Atlassian.Jira\Jira.cs:wiersz 478
   w Atlassian.Jira.Jira.<>c__DisplayClass3c.<WithToken>b__3b(String t) w c:\projects\atlassian-net-sdk\Atlassian.Jira\Jira.cs:wiersz 658
   w Atlassian.Jira.Jira.WithToken[TResult](Func`3 function) w c:\projects\atlassian-net-sdk\Atlassian.Jira\Jira.cs:wiersz 706
   w Atlassian.Jira.Jira.GetIssuePriorities() w c:\projects\atlassian-net-sdk\Atlassian.Jira\Jira.cs:wiersz 482
   w GUI.MainForm.LoginJira() w C:\CP\ParserGit\JiraParser\GUI\MainForm.cs:wiersz 4336

--- Main exception: Source ---
Atlassian.Jira

wtorek, 15 stycznia 2019 13:53:50

--- Main exception: Message ---
Nie można rozpoznać nazwy zdalnej: 'jira'

--- Main exception: StackTrace ---
   w Atlassian.Jira.Remote.JiraRestClient.ExecuteRequest[T](Method method, String resource, Object requestBody) w c:\projects\atlassian-net-sdk\Atlassian.Jira\Remote\JiraRestClient.cs:wiersz 119
   w Atlassian.Jira.Remote.JiraRestClient.GetIssueTypes(String token, String projectId) w c:\projects\atlassian-net-sdk\Atlassian.Jira\Remote\JiraRestClient.cs:wiersz 822
   w Atlassian.Jira.Jira.<>c__DisplayClass16.<GetIssueTypes>b__12(String token) w c:\projects\atlassian-net-sdk\Atlassian.Jira\Jira.cs:wiersz 414
   w Atlassian.Jira.Jira.<>c__DisplayClass3c.<WithToken>b__3b(String t) w c:\projects\atlassian-net-sdk\Atlassian.Jira\Jira.cs:wiersz 658
   w Atlassian.Jira.Jira.WithToken[TResult](Func`3 function) w c:\projects\atlassian-net-sdk\Atlassian.Jira\Jira.cs:wiersz 706
   w Atlassian.Jira.Jira.GetIssueTypes(String projectKey) w c:\projects\atlassian-net-sdk\Atlassian.Jira\Jira.cs:wiersz 419
   w Logic.Implementation.JiraIssues.GetJiraIssuesTypes() w C:\CP\ParserGit\JiraParser\Logic\Implementation\JiraIssues.cs:wiersz 68
   w GUI.MainForm.<timer2_Tick>b__98_0() w C:\CP\ParserGit\JiraParser\GUI\MainForm.cs:wiersz 2637

--- Main exception: Source ---
Atlassian.Jira

wtorek, 15 stycznia 2019 13:58:32

--- Main exception: Message ---
Nie można rozpoznać nazwy zdalnej: 'jira'

--- Main exception: StackTrace ---
   w Atlassian.Jira.Remote.JiraRestClient.ExecuteRequest[T](Method method, String resource, Object requestBody) w c:\projects\atlassian-net-sdk\Atlassian.Jira\Remote\JiraRestClient.cs:wiersz 119
   w Atlassian.Jira.Remote.JiraRestClient.GetPriorities(String token) w c:\projects\atlassian-net-sdk\Atlassian.Jira\Remote\JiraRestClient.cs:wiersz 785
   w Atlassian.Jira.Jira.<GetIssuePriorities>b__24(String token) w c:\projects\atlassian-net-sdk\Atlassian.Jira\Jira.cs:wiersz 478
   w Atlassian.Jira.Jira.<>c__DisplayClass3c.<WithToken>b__3b(String t) w c:\projects\atlassian-net-sdk\Atlassian.Jira\Jira.cs:wiersz 658
   w Atlassian.Jira.Jira.WithToken[TResult](Func`3 function) w c:\projects\atlassian-net-sdk\Atlassian.Jira\Jira.cs:wiersz 706
   w Atlassian.Jira.Jira.GetIssuePriorities() w c:\projects\atlassian-net-sdk\Atlassian.Jira\Jira.cs:wiersz 482
   w GUI.MainForm.LoginJira() w C:\CP\ParserGit\JiraParser\GUI\MainForm.cs:wiersz 4336

--- Main exception: Source ---
Atlassian.Jira

wtorek, 15 stycznia 2019 14:04:32

Zgłoszenie WIND-7994 dodano automatycznie o godzinie 2019-01-15 14:04:32!
wtorek, 15 stycznia 2019 14:04:35

addCommentJira string jiraKey WIND-7994wtorek, 15 stycznia 2019 14:04:35

addCommentJira object sender, DoWorkEventArgs e WIND-7994wtorek, 15 stycznia 2019 14:09:42

--- Main exception: Message ---
Bieżący wątek musi być ustawiony na tryb jednowątkowego apartamentu, aby można było wykonywać wywołania OLE. Upewnij się, że w funkcji Main jest zaznaczony element STAThreadAttribute.

--- Main exception: StackTrace ---
   w System.Windows.Forms.ComboBox.set_AutoCompleteMode(AutoCompleteMode value)
   w GUI.WFSModelerForm.AddComboBox(EventParamModeler ep, GroupBox group) w C:\CP\ParserGit\JiraParser\GUI\WFSModelerForm.cs:wiersz 550
   w GUI.WFSModelerForm.GenerateForm(GroupBox group, Int32 ParamGroupId) w C:\CP\ParserGit\JiraParser\GUI\WFSModelerForm.cs:wiersz 454
   w GUI.WFSModelerForm.GenerateForm(GroupBox group, Int32 ParamGroupId) w C:\CP\ParserGit\JiraParser\GUI\WFSModelerForm.cs:wiersz 461
   w GUI.WFSModelerForm.GenerateForm(GroupBox group, Int32 ParamGroupId) w C:\CP\ParserGit\JiraParser\GUI\WFSModelerForm.cs:wiersz 461
   w GUI.WFSModelerForm.GenerateForm(Boolean visible) w C:\CP\ParserGit\JiraParser\GUI\WFSModelerForm.cs:wiersz 413
   w GUI.WFSModelerForm..ctor(List`1 list, String name, BillingIssueDto issue, IParserEngineWFS gujaczWFS, Int32 eventMoveId, calbackDelegate callback, TreeView tr, Boolean quickStep, Object selectOption) w C:\CP\ParserGit\JiraParser\GUI\WFSModelerForm.cs:wiersz 309

--- Main exception: Source ---
System.Windows.Forms

wtorek, 15 stycznia 2019 14:14:41

--- Main exception: Message ---
Bieżący wątek musi być ustawiony na tryb jednowątkowego apartamentu, aby można było wykonywać wywołania OLE. Upewnij się, że w funkcji Main jest zaznaczony element STAThreadAttribute.

--- Main exception: StackTrace ---
   w System.Windows.Forms.ComboBox.set_AutoCompleteMode(AutoCompleteMode value)
   w GUI.WFSModelerForm.AddComboBox(EventParamModeler ep, GroupBox group) w C:\CP\ParserGit\JiraParser\GUI\WFSModelerForm.cs:wiersz 550
   w GUI.WFSModelerForm.GenerateForm(GroupBox group, Int32 ParamGroupId) w C:\CP\ParserGit\JiraParser\GUI\WFSModelerForm.cs:wiersz 454
   w GUI.WFSModelerForm.GenerateForm(GroupBox group, Int32 ParamGroupId) w C:\CP\ParserGit\JiraParser\GUI\WFSModelerForm.cs:wiersz 461
   w GUI.WFSModelerForm.GenerateForm(GroupBox group, Int32 ParamGroupId) w C:\CP\ParserGit\JiraParser\GUI\WFSModelerForm.cs:wiersz 461
   w GUI.WFSModelerForm.GenerateForm(Boolean visible) w C:\CP\ParserGit\JiraParser\GUI\WFSModelerForm.cs:wiersz 413
   w GUI.WFSModelerForm..ctor(List`1 list, String name, BillingIssueDto issue, IParserEngineWFS gujaczWFS, Int32 eventMoveId, calbackDelegate callback, TreeView tr, Boolean quickStep, Object selectOption) w C:\CP\ParserGit\JiraParser\GUI\WFSModelerForm.cs:wiersz 309

--- Main exception: Source ---
System.Windows.Forms

wtorek, 15 stycznia 2019 15:19:24

Zgłoszenie ZCC-17860 dodano automatycznie o godzinie 2019-01-15 15:19:24!
wtorek, 15 stycznia 2019 15:19:28

addCommentJira string jiraKey ZCC-17860wtorek, 15 stycznia 2019 15:19:28

addCommentJira object sender, DoWorkEventArgs e ZCC-17860wtorek, 15 stycznia 2019 15:29:24

Zgłoszenie WIND-7995 dodano automatycznie o godzinie 2019-01-15 15:29:24!
wtorek, 15 stycznia 2019 15:29:26

addCommentJira string jiraKey WIND-7995wtorek, 15 stycznia 2019 15:29:26

addCommentJira object sender, DoWorkEventArgs e WIND-7995wtorek, 15 stycznia 2019 15:29:42

--- Main exception: Message ---
Zmodyfikowano kolekcję. Nie można wykonać operacji wyliczania.

--- Main exception: StackTrace ---
   w System.ThrowHelper.ThrowInvalidOperationException(ExceptionResource resource)
   w System.Collections.Generic.Dictionary`2.Enumerator.MoveNext()
   w GUI.MainForm.GetActionForIssues(TreeView tr) w C:\CP\ParserGit\JiraParser\GUI\MainForm.cs:wiersz 5280

--- Main exception: Source ---
mscorlib

wtorek, 15 stycznia 2019 15:34:40

--- Main exception: Message ---
Zmodyfikowano kolekcję. Nie można wykonać operacji wyliczania.

--- Main exception: StackTrace ---
   w System.ThrowHelper.ThrowInvalidOperationException(ExceptionResource resource)
   w System.Collections.Generic.Dictionary`2.Enumerator.MoveNext()
   w GUI.MainForm.GetActionForIssues(TreeView tr) w C:\CP\ParserGit\JiraParser\GUI\MainForm.cs:wiersz 5280

--- Main exception: Source ---
mscorlib

wtorek, 15 stycznia 2019 15:44:22

Zgłoszenie CRM-74914 dodano automatycznie o godzinie 2019-01-15 15:44:22!
wtorek, 15 stycznia 2019 15:44:24

addCommentJira string jiraKey CRM-74914wtorek, 15 stycznia 2019 15:44:24

addCommentJira object sender, DoWorkEventArgs e CRM-74914wtorek, 15 stycznia 2019 15:44:27

Zgłoszenie CRM-74915 dodano automatycznie o godzinie 2019-01-15 15:44:27!
wtorek, 15 stycznia 2019 15:44:41

addCommentJira string jiraKey CRM-74915wtorek, 15 stycznia 2019 15:44:41

addCommentJira object sender, DoWorkEventArgs e CRM-74915wtorek, 15 stycznia 2019 15:49:21

Zgłoszenie CRM-74916 dodano automatycznie o godzinie 2019-01-15 15:49:21!
wtorek, 15 stycznia 2019 15:49:24

addCommentJira string jiraKey CRM-74916wtorek, 15 stycznia 2019 15:49:24

addCommentJira object sender, DoWorkEventArgs e CRM-74916wtorek, 15 stycznia 2019 15:59:24

Zgłoszenie CRM-74917 dodano automatycznie o godzinie 2019-01-15 15:59:24!
wtorek, 15 stycznia 2019 15:59:27

addCommentJira string jiraKey CRM-74917wtorek, 15 stycznia 2019 15:59:27

addCommentJira object sender, DoWorkEventArgs e CRM-74917wtorek, 15 stycznia 2019 16:09:14

--- Main exception: Message ---
Nie można rozpoznać nazwy zdalnej: 'jira'

--- Main exception: StackTrace ---
   w Atlassian.Jira.Remote.JiraRestClient.ExecuteRequest[T](Method method, String resource, Object requestBody) w c:\projects\atlassian-net-sdk\Atlassian.Jira\Remote\JiraRestClient.cs:wiersz 119
   w Atlassian.Jira.Remote.JiraRestClient.GetPriorities(String token) w c:\projects\atlassian-net-sdk\Atlassian.Jira\Remote\JiraRestClient.cs:wiersz 785
   w Atlassian.Jira.Jira.<GetIssuePriorities>b__24(String token) w c:\projects\atlassian-net-sdk\Atlassian.Jira\Jira.cs:wiersz 478
   w Atlassian.Jira.Jira.<>c__DisplayClass3c.<WithToken>b__3b(String t) w c:\projects\atlassian-net-sdk\Atlassian.Jira\Jira.cs:wiersz 658
   w Atlassian.Jira.Jira.WithToken[TResult](Func`3 function) w c:\projects\atlassian-net-sdk\Atlassian.Jira\Jira.cs:wiersz 706
   w Atlassian.Jira.Jira.GetIssuePriorities() w c:\projects\atlassian-net-sdk\Atlassian.Jira\Jira.cs:wiersz 482
   w GUI.MainForm.LoginJira() w C:\CP\ParserGit\JiraParser\GUI\MainForm.cs:wiersz 4336

--- Main exception: Source ---
Atlassian.Jira

wtorek, 15 stycznia 2019 16:49:22

Zgłoszenie ZCC-17861 dodano automatycznie o godzinie 2019-01-15 16:49:22!
wtorek, 15 stycznia 2019 16:49:25

addCommentJira string jiraKey ZCC-17861wtorek, 15 stycznia 2019 16:49:25

addCommentJira object sender, DoWorkEventArgs e ZCC-17861wtorek, 15 stycznia 2019 20:02:24

Automatyczny zapis nowego zgłoszenia Entities.BillingIssueDtoHelios [2019-01-15 20:02:24] 

wtorek, 15 stycznia 2019 20:02:24

Automatyczny zapis nowego zgłoszenia Entities.BillingIssueDtoHelios [2019-01-15 20:02:24] 

wtorek, 15 stycznia 2019 20:02:29

Automatyczny zapis poprawny Entities.BillingIssueDtoHelios [2019-01-15 20:02:29] 

wtorek, 15 stycznia 2019 20:02:29

Modyfikacja treeItemwtorek, 15 stycznia 2019 20:02:29

Status Auto: False 

wtorek, 15 stycznia 2019 20:02:31

Automatyczny zapis poprawny Entities.BillingIssueDtoHelios [2019-01-15 20:02:31] 

wtorek, 15 stycznia 2019 20:02:31

Modyfikacja treeItemwtorek, 15 stycznia 2019 20:02:31

Status Auto: False 

wtorek, 15 stycznia 2019 20:02:58

addCommentJira string jiraKey WIND-7996wtorek, 15 stycznia 2019 20:02:59

addCommentJira string jiraKey CRM-74918