poniedziałek, 9 września 2019 08:21:02

Zgłoszenie CRM-76807 dodano automatycznie o godzinie 2019-09-09 08:21:02!
poniedziałek, 9 września 2019 08:21:02

Modyfikacja treeItem checkAsAssigneponiedziałek, 9 września 2019 08:21:07

addCommentJira string jiraKey CRM-76807poniedziałek, 9 września 2019 08:21:07

addCommentJira object sender, DoWorkEventArgs e CRM-76807poniedziałek, 9 września 2019 08:21:11

Zgłoszenie CRM-76809 dodano automatycznie o godzinie 2019-09-09 08:21:11!
poniedziałek, 9 września 2019 08:21:11

Modyfikacja treeItem checkAsAssigneponiedziałek, 9 września 2019 08:21:14

addCommentJira string jiraKey CRM-76809poniedziałek, 9 września 2019 08:21:14

addCommentJira object sender, DoWorkEventArgs e CRM-76809poniedziałek, 9 września 2019 08:21:19

Zgłoszenie INFOLINIA-6852 dodano automatycznie o godzinie 2019-09-09 08:21:19!
poniedziałek, 9 września 2019 08:21:19

Modyfikacja treeItem checkAsAssigneponiedziałek, 9 września 2019 08:21:22

addCommentJira string jiraKey INFOLINIA-6852poniedziałek, 9 września 2019 08:21:22

addCommentJira object sender, DoWorkEventArgs e INFOLINIA-6852poniedziałek, 9 września 2019 08:21:27

Zgłoszenie ZCC-19417 dodano automatycznie o godzinie 2019-09-09 08:21:27!
poniedziałek, 9 września 2019 08:21:27

Modyfikacja treeItem checkAsAssigneponiedziałek, 9 września 2019 08:21:29

addCommentJira string jiraKey ZCC-19417poniedziałek, 9 września 2019 08:21:29

addCommentJira object sender, DoWorkEventArgs e ZCC-19417poniedziałek, 9 września 2019 08:21:46

Zgłoszenie ZCC-19418 dodano automatycznie o godzinie 2019-09-09 08:21:46!
poniedziałek, 9 września 2019 08:21:47

Modyfikacja treeItem checkAsAssigneponiedziałek, 9 września 2019 08:21:49

addCommentJira string jiraKey ZCC-19418poniedziałek, 9 września 2019 08:21:49

addCommentJira object sender, DoWorkEventArgs e ZCC-19418poniedziałek, 9 września 2019 08:21:52

Zgłoszenie CRM-76810 dodano automatycznie o godzinie 2019-09-09 08:21:52!
poniedziałek, 9 września 2019 08:21:53

Modyfikacja treeItem checkAsAssigneponiedziałek, 9 września 2019 08:21:55

addCommentJira string jiraKey CRM-76810poniedziałek, 9 września 2019 08:21:55

addCommentJira object sender, DoWorkEventArgs e CRM-76810poniedziałek, 9 września 2019 08:21:59

Zgłoszenie WIND-8543 dodano automatycznie o godzinie 2019-09-09 08:21:59!
poniedziałek, 9 września 2019 08:21:59

Modyfikacja treeItem checkAsAssigneponiedziałek, 9 września 2019 08:22:01

addCommentJira string jiraKey WIND-8543poniedziałek, 9 września 2019 08:22:01

addCommentJira object sender, DoWorkEventArgs e WIND-8543poniedziałek, 9 września 2019 08:26:47

Zgłoszenie CRM-76807 dodano automatycznie o godzinie 2019-09-09 08:26:47!
poniedziałek, 9 września 2019 08:26:47

Modyfikacja treeItem checkAsAssigneponiedziałek, 9 września 2019 08:26:51

addCommentJira string jiraKey CRM-76807 NIE DODANO KOMENTARZA BO ISTNIEJE WPISponiedziałek, 9 września 2019 08:26:51

addCommentJira object sender, DoWorkEventArgs e CRM-76807poniedziałek, 9 września 2019 08:26:52

Zgłoszenie INFOLINIA-6852 dodano automatycznie o godzinie 2019-09-09 08:26:52!
poniedziałek, 9 września 2019 08:26:52

Modyfikacja treeItem checkAsAssigneponiedziałek, 9 września 2019 08:26:58

addCommentJira string jiraKey INFOLINIA-6852 NIE DODANO KOMENTARZA BO ISTNIEJE WPISponiedziałek, 9 września 2019 08:26:58

addCommentJira object sender, DoWorkEventArgs e INFOLINIA-6852poniedziałek, 9 września 2019 08:26:58

Zgłoszenie ZCC-19417 dodano automatycznie o godzinie 2019-09-09 08:26:58!
poniedziałek, 9 września 2019 08:26:58

Modyfikacja treeItem checkAsAssigneponiedziałek, 9 września 2019 08:26:59

addCommentJira string jiraKey ZCC-19417 NIE DODANO KOMENTARZA BO ISTNIEJE WPISponiedziałek, 9 września 2019 08:26:59

addCommentJira object sender, DoWorkEventArgs e ZCC-19417poniedziałek, 9 września 2019 08:27:04

Zgłoszenie ZCC-19418 dodano automatycznie o godzinie 2019-09-09 08:27:04!
poniedziałek, 9 września 2019 08:27:04

Modyfikacja treeItem checkAsAssigneponiedziałek, 9 września 2019 08:27:06

addCommentJira string jiraKey ZCC-19418 NIE DODANO KOMENTARZA BO ISTNIEJE WPISponiedziałek, 9 września 2019 08:27:06

addCommentJira object sender, DoWorkEventArgs e ZCC-19418poniedziałek, 9 września 2019 08:27:09

Zgłoszenie CRM-76810 dodano automatycznie o godzinie 2019-09-09 08:27:09!
poniedziałek, 9 września 2019 08:27:10

Modyfikacja treeItem checkAsAssigneponiedziałek, 9 września 2019 08:27:11

addCommentJira string jiraKey CRM-76810 NIE DODANO KOMENTARZA BO ISTNIEJE WPISponiedziałek, 9 września 2019 08:27:11

addCommentJira object sender, DoWorkEventArgs e CRM-76810poniedziałek, 9 września 2019 08:27:15

Zgłoszenie WIND-8543 dodano automatycznie o godzinie 2019-09-09 08:27:15!
poniedziałek, 9 września 2019 08:27:15

Modyfikacja treeItem checkAsAssigneponiedziałek, 9 września 2019 08:27:17

addCommentJira string jiraKey WIND-8543 NIE DODANO KOMENTARZA BO ISTNIEJE WPISponiedziałek, 9 września 2019 08:27:17

addCommentJira object sender, DoWorkEventArgs e WIND-8543poniedziałek, 9 września 2019 08:31:41

Zgłoszenie CRM-76807 dodano automatycznie o godzinie 2019-09-09 08:31:41!
poniedziałek, 9 września 2019 08:31:42

Modyfikacja treeItem checkAsAssigneponiedziałek, 9 września 2019 08:31:45

addCommentJira string jiraKey CRM-76807 NIE DODANO KOMENTARZA BO ISTNIEJE WPISponiedziałek, 9 września 2019 08:31:45

addCommentJira object sender, DoWorkEventArgs e CRM-76807poniedziałek, 9 września 2019 08:31:51

Zgłoszenie INFOLINIA-6852 dodano automatycznie o godzinie 2019-09-09 08:31:51!
poniedziałek, 9 września 2019 08:31:51

Modyfikacja treeItem checkAsAssigneponiedziałek, 9 września 2019 08:31:53

addCommentJira string jiraKey INFOLINIA-6852 NIE DODANO KOMENTARZA BO ISTNIEJE WPISponiedziałek, 9 września 2019 08:31:53

addCommentJira object sender, DoWorkEventArgs e INFOLINIA-6852poniedziałek, 9 września 2019 08:31:59

Zgłoszenie ZCC-19417 dodano automatycznie o godzinie 2019-09-09 08:31:59!
poniedziałek, 9 września 2019 08:31:59

Modyfikacja treeItem checkAsAssigneponiedziałek, 9 września 2019 08:32:00

addCommentJira string jiraKey ZCC-19417 NIE DODANO KOMENTARZA BO ISTNIEJE WPISponiedziałek, 9 września 2019 08:32:00

addCommentJira object sender, DoWorkEventArgs e ZCC-19417poniedziałek, 9 września 2019 08:32:12

Zgłoszenie ZCC-19418 dodano automatycznie o godzinie 2019-09-09 08:32:12!
poniedziałek, 9 września 2019 08:32:12

Modyfikacja treeItem checkAsAssigneponiedziałek, 9 września 2019 08:32:13

addCommentJira string jiraKey ZCC-19418 NIE DODANO KOMENTARZA BO ISTNIEJE WPISponiedziałek, 9 września 2019 08:32:13

addCommentJira object sender, DoWorkEventArgs e ZCC-19418poniedziałek, 9 września 2019 08:32:18

Zgłoszenie CRM-76810 dodano automatycznie o godzinie 2019-09-09 08:32:18!
poniedziałek, 9 września 2019 08:32:18

Modyfikacja treeItem checkAsAssigneponiedziałek, 9 września 2019 08:32:19

addCommentJira string jiraKey CRM-76810 NIE DODANO KOMENTARZA BO ISTNIEJE WPISponiedziałek, 9 września 2019 08:32:19

addCommentJira object sender, DoWorkEventArgs e CRM-76810poniedziałek, 9 września 2019 08:32:26

Zgłoszenie WIND-8543 dodano automatycznie o godzinie 2019-09-09 08:32:26!
poniedziałek, 9 września 2019 08:32:26

Modyfikacja treeItem checkAsAssigneponiedziałek, 9 września 2019 08:32:28

addCommentJira string jiraKey WIND-8543 NIE DODANO KOMENTARZA BO ISTNIEJE WPISponiedziałek, 9 września 2019 08:32:28

addCommentJira object sender, DoWorkEventArgs e WIND-8543poniedziałek, 9 września 2019 08:33:25

Automatyczny zapis nowego zgłoszenia Entities.BillingIssueDtoHelios [2019-09-09 08:33:25] 

poniedziałek, 9 września 2019 08:33:25

Automatyczny zapis nowego zgłoszenia Entities.BillingIssueDtoHelios [2019-09-09 08:33:25] 

poniedziałek, 9 września 2019 08:33:28

Automatyczny zapis nowego zgłoszenia Entities.BillingIssueDtoHelios [2019-09-09 08:33:28] 

poniedziałek, 9 września 2019 08:33:31

Automatyczny zapis nowego zgłoszenia Entities.BillingIssueDtoHelios [2019-09-09 08:33:31] 

poniedziałek, 9 września 2019 08:33:40

Automatyczny zapis nowego zgłoszenia Entities.BillingIssueDtoHelios [2019-09-09 08:33:40] 

poniedziałek, 9 września 2019 08:33:44

--- Main exception: Message ---
Wartość '5' nie jest prawidłową wartością dla 'Value'. Wartość 'Value' powinna znajdować się w zakresie od 'minimum' do 'maximum'.
Nazwa parametru: Value

--- Main exception: StackTrace ---
   w System.Windows.Forms.ProgressBar.set_Value(Int32 value)
   w GUI.MainForm.<>c__DisplayClass166_0.<pb_UpdateProgressBar>b__0() w C:\CP\ParserGit\JiraParser\GUI\MainForm.cs:wiersz 5359

--- Main exception: Source ---
System.Windows.Forms

poniedziałek, 9 września 2019 08:33:56

--- Main exception: Message ---
Wartość '5' nie jest prawidłową wartością dla 'Value'. Wartość 'Value' powinna znajdować się w zakresie od 'minimum' do 'maximum'.
Nazwa parametru: Value

--- Main exception: StackTrace ---
   w System.Windows.Forms.ProgressBar.set_Value(Int32 value)
   w GUI.MainForm.<>c__DisplayClass166_0.<pb_UpdateProgressBar>b__0() w C:\CP\ParserGit\JiraParser\GUI\MainForm.cs:wiersz 5359

--- Main exception: Source ---
System.Windows.Forms

poniedziałek, 9 września 2019 08:33:56

Automatyczny zapis nowego zgłoszenia Entities.BillingIssueDtoHelios [2019-09-09 08:33:56] 

poniedziałek, 9 września 2019 08:34:10

--- Main exception: Message ---
Wartość '5' nie jest prawidłową wartością dla 'Value'. Wartość 'Value' powinna znajdować się w zakresie od 'minimum' do 'maximum'.
Nazwa parametru: Value

--- Main exception: StackTrace ---
   w System.Windows.Forms.ProgressBar.set_Value(Int32 value)
   w GUI.MainForm.<>c__DisplayClass166_0.<pb_UpdateProgressBar>b__0() w C:\CP\ParserGit\JiraParser\GUI\MainForm.cs:wiersz 5359

--- Main exception: Source ---
System.Windows.Forms

poniedziałek, 9 września 2019 08:35:03

Zgłoszenie CRM-76807 dodano automatycznie o godzinie 2019-09-09 08:35:03!
poniedziałek, 9 września 2019 08:35:03

Modyfikacja treeItem checkAsAssigneponiedziałek, 9 września 2019 08:35:06

addCommentJira string jiraKey CRM-76807 NIE DODANO KOMENTARZA BO ISTNIEJE WPISponiedziałek, 9 września 2019 08:35:06

addCommentJira object sender, DoWorkEventArgs e CRM-76807poniedziałek, 9 września 2019 08:35:14

Zgłoszenie CRM-76811 dodano automatycznie o godzinie 2019-09-09 08:35:14!
poniedziałek, 9 września 2019 08:35:14

Modyfikacja treeItem checkAsAssigneponiedziałek, 9 września 2019 08:35:16

addCommentJira string jiraKey CRM-76811poniedziałek, 9 września 2019 08:35:16

addCommentJira object sender, DoWorkEventArgs e CRM-76811poniedziałek, 9 września 2019 08:35:21

Zgłoszenie INFOLINIA-6852 dodano automatycznie o godzinie 2019-09-09 08:35:21!
poniedziałek, 9 września 2019 08:35:22

Modyfikacja treeItem checkAsAssigneponiedziałek, 9 września 2019 08:35:23

addCommentJira string jiraKey INFOLINIA-6852 NIE DODANO KOMENTARZA BO ISTNIEJE WPISponiedziałek, 9 września 2019 08:35:23

addCommentJira object sender, DoWorkEventArgs e INFOLINIA-6852poniedziałek, 9 września 2019 08:35:26

Zgłoszenie ZCC-19417 dodano automatycznie o godzinie 2019-09-09 08:35:26!
poniedziałek, 9 września 2019 08:35:26

Modyfikacja treeItem checkAsAssigneponiedziałek, 9 września 2019 08:35:28

addCommentJira string jiraKey ZCC-19417 NIE DODANO KOMENTARZA BO ISTNIEJE WPISponiedziałek, 9 września 2019 08:35:28

addCommentJira object sender, DoWorkEventArgs e ZCC-19417poniedziałek, 9 września 2019 08:35:32

Zgłoszenie ZCC-19418 dodano automatycznie o godzinie 2019-09-09 08:35:32!
poniedziałek, 9 września 2019 08:35:33

Modyfikacja treeItem checkAsAssigneponiedziałek, 9 września 2019 08:35:34

addCommentJira string jiraKey ZCC-19418 NIE DODANO KOMENTARZA BO ISTNIEJE WPISponiedziałek, 9 września 2019 08:35:34

addCommentJira object sender, DoWorkEventArgs e ZCC-19418poniedziałek, 9 września 2019 08:35:38

Zgłoszenie CRM-76810 dodano automatycznie o godzinie 2019-09-09 08:35:38!
poniedziałek, 9 września 2019 08:35:38

Modyfikacja treeItem checkAsAssigneponiedziałek, 9 września 2019 08:35:39

addCommentJira string jiraKey CRM-76810 NIE DODANO KOMENTARZA BO ISTNIEJE WPISponiedziałek, 9 września 2019 08:35:39

addCommentJira object sender, DoWorkEventArgs e CRM-76810poniedziałek, 9 września 2019 08:35:44

Zgłoszenie WIND-8543 dodano automatycznie o godzinie 2019-09-09 08:35:44!
poniedziałek, 9 września 2019 08:35:45

Modyfikacja treeItem checkAsAssigneponiedziałek, 9 września 2019 08:35:46

addCommentJira string jiraKey WIND-8543 NIE DODANO KOMENTARZA BO ISTNIEJE WPISponiedziałek, 9 września 2019 08:35:46

addCommentJira object sender, DoWorkEventArgs e WIND-8543poniedziałek, 9 września 2019 08:37:21

Zgłoszenie CRM-76807 dodano automatycznie o godzinie 2019-09-09 08:37:21!
poniedziałek, 9 września 2019 08:37:21

Modyfikacja treeItem checkAsAssigneponiedziałek, 9 września 2019 08:37:24

addCommentJira string jiraKey CRM-76807 NIE DODANO KOMENTARZA BO ISTNIEJE WPISponiedziałek, 9 września 2019 08:37:24

addCommentJira object sender, DoWorkEventArgs e CRM-76807poniedziałek, 9 września 2019 08:37:27

Zgłoszenie CRM-76811 dodano automatycznie o godzinie 2019-09-09 08:37:27!
poniedziałek, 9 września 2019 08:37:27

Modyfikacja treeItem checkAsAssigneponiedziałek, 9 września 2019 08:37:28

addCommentJira string jiraKey CRM-76811 NIE DODANO KOMENTARZA BO ISTNIEJE WPISponiedziałek, 9 września 2019 08:37:28

addCommentJira object sender, DoWorkEventArgs e CRM-76811poniedziałek, 9 września 2019 08:37:33

Zgłoszenie INFOLINIA-6852 dodano automatycznie o godzinie 2019-09-09 08:37:33!
poniedziałek, 9 września 2019 08:37:33

Modyfikacja treeItem checkAsAssigneponiedziałek, 9 września 2019 08:37:35

addCommentJira string jiraKey INFOLINIA-6852 NIE DODANO KOMENTARZA BO ISTNIEJE WPISponiedziałek, 9 września 2019 08:37:35

addCommentJira object sender, DoWorkEventArgs e INFOLINIA-6852poniedziałek, 9 września 2019 08:37:42

Zgłoszenie ZCC-19417 dodano automatycznie o godzinie 2019-09-09 08:37:42!
poniedziałek, 9 września 2019 08:37:43

Modyfikacja treeItem checkAsAssigneponiedziałek, 9 września 2019 08:37:44

addCommentJira string jiraKey ZCC-19417 NIE DODANO KOMENTARZA BO ISTNIEJE WPISponiedziałek, 9 września 2019 08:37:44

addCommentJira object sender, DoWorkEventArgs e ZCC-19417poniedziałek, 9 września 2019 08:37:48

Zgłoszenie ZCC-19418 dodano automatycznie o godzinie 2019-09-09 08:37:48!
poniedziałek, 9 września 2019 08:37:49

Modyfikacja treeItem checkAsAssigneponiedziałek, 9 września 2019 08:37:50

addCommentJira string jiraKey ZCC-19418 NIE DODANO KOMENTARZA BO ISTNIEJE WPISponiedziałek, 9 września 2019 08:37:50

addCommentJira object sender, DoWorkEventArgs e ZCC-19418poniedziałek, 9 września 2019 08:37:53

Zgłoszenie WIND-8543 dodano automatycznie o godzinie 2019-09-09 08:37:53!
poniedziałek, 9 września 2019 08:37:53

Modyfikacja treeItem checkAsAssigneponiedziałek, 9 września 2019 08:37:54

addCommentJira string jiraKey WIND-8543 NIE DODANO KOMENTARZA BO ISTNIEJE WPISponiedziałek, 9 września 2019 08:37:54

addCommentJira object sender, DoWorkEventArgs e WIND-8543poniedziałek, 9 września 2019 08:41:19

Automatyczny zapis nowego zgłoszenia Entities.BillingIssueDtoHelios [2019-09-09 08:41:19] 

poniedziałek, 9 września 2019 08:41:21

Automatyczny zapis nowego zgłoszenia Entities.BillingIssueDtoHelios [2019-09-09 08:41:19] 

poniedziałek, 9 września 2019 08:42:54

Automatyczny zapis nowego zgłoszenia Entities.BillingIssueDtoHelios [2019-09-09 08:42:54] 

poniedziałek, 9 września 2019 08:42:59

--- Main exception: Message ---
Wartość '4' nie jest prawidłową wartością dla 'Value'. Wartość 'Value' powinna znajdować się w zakresie od 'minimum' do 'maximum'.
Nazwa parametru: Value

--- Main exception: StackTrace ---
   w System.Windows.Forms.ProgressBar.set_Value(Int32 value)
   w GUI.MainForm.<>c__DisplayClass166_0.<pb_UpdateProgressBar>b__0() w C:\CP\ParserGit\JiraParser\GUI\MainForm.cs:wiersz 5359

--- Main exception: Source ---
System.Windows.Forms

poniedziałek, 9 września 2019 08:42:59

Automatyczny zapis nowego zgłoszenia Entities.BillingIssueDtoHelios [2019-09-09 08:42:59] 

poniedziałek, 9 września 2019 08:53:10

Zgłoszenie CRM-76807 dodano automatycznie o godzinie 2019-09-09 08:53:10!
poniedziałek, 9 września 2019 08:53:12

Modyfikacja treeItem checkAsAssigneponiedziałek, 9 września 2019 08:53:16

addCommentJira string jiraKey CRM-76807 NIE DODANO KOMENTARZA BO ISTNIEJE WPISponiedziałek, 9 września 2019 08:53:17

addCommentJira object sender, DoWorkEventArgs e CRM-76807poniedziałek, 9 września 2019 08:53:38

Zgłoszenie CRM-76812 dodano automatycznie o godzinie 2019-09-09 08:53:38!
poniedziałek, 9 września 2019 08:53:38

Modyfikacja treeItem checkAsAssigneponiedziałek, 9 września 2019 08:57:22

Zgłoszenie CRM-76807 dodano automatycznie o godzinie 2019-09-09 08:57:22!
poniedziałek, 9 września 2019 08:57:23

Modyfikacja treeItem checkAsAssigneponiedziałek, 9 września 2019 08:57:26

addCommentJira string jiraKey CRM-76807 NIE DODANO KOMENTARZA BO ISTNIEJE WPISponiedziałek, 9 września 2019 08:57:26

addCommentJira object sender, DoWorkEventArgs e CRM-76807poniedziałek, 9 września 2019 08:57:36

Zgłoszenie CRM-76812 dodano automatycznie o godzinie 2019-09-09 08:57:36!
poniedziałek, 9 września 2019 08:57:36

Modyfikacja treeItem checkAsAssigneponiedziałek, 9 września 2019 08:57:39

addCommentJira string jiraKey CRM-76812 NIE DODANO KOMENTARZA BO ISTNIEJE WPISponiedziałek, 9 września 2019 08:57:39

addCommentJira object sender, DoWorkEventArgs e CRM-76812poniedziałek, 9 września 2019 08:57:46

Zgłoszenie CRM-76814 dodano automatycznie o godzinie 2019-09-09 08:57:46!
poniedziałek, 9 września 2019 08:57:47

Modyfikacja treeItem checkAsAssigneponiedziałek, 9 września 2019 08:58:13

addCommentJira string jiraKey CRM-76814 NIE DODANO KOMENTARZA BO ISTNIEJE WPISponiedziałek, 9 września 2019 08:58:13

addCommentJira object sender, DoWorkEventArgs e CRM-76814poniedziałek, 9 września 2019 08:58:19

Zgłoszenie INFOLINIA-6852 dodano automatycznie o godzinie 2019-09-09 08:58:19!
poniedziałek, 9 września 2019 08:58:19

Modyfikacja treeItem checkAsAssigneponiedziałek, 9 września 2019 09:32:55

Automatyczny zapis nowego zgłoszenia Entities.BillingIssueDtoHelios [2019-09-09 09:32:55] 

poniedziałek, 9 września 2019 10:39:05

Zgłoszenie INFOLINIA-6852 dodano automatycznie o godzinie 2019-09-09 10:39:05!
poniedziałek, 9 września 2019 10:39:05

Modyfikacja treeItem checkAsAssigneponiedziałek, 9 września 2019 10:39:11

addCommentJira string jiraKey INFOLINIA-6852 NIE DODANO KOMENTARZA BO ISTNIEJE WPISponiedziałek, 9 września 2019 10:39:11

addCommentJira object sender, DoWorkEventArgs e INFOLINIA-6852poniedziałek, 9 września 2019 10:39:11

Zgłoszenie ZCC-19417 dodano automatycznie o godzinie 2019-09-09 10:39:11!
poniedziałek, 9 września 2019 10:39:11

Modyfikacja treeItem checkAsAssigneponiedziałek, 9 września 2019 10:39:16

addCommentJira string jiraKey ZCC-19417 NIE DODANO KOMENTARZA BO ISTNIEJE WPISponiedziałek, 9 września 2019 10:39:16

addCommentJira object sender, DoWorkEventArgs e ZCC-19417poniedziałek, 9 września 2019 10:39:16

Zgłoszenie ZCC-19418 dodano automatycznie o godzinie 2019-09-09 10:39:16!
poniedziałek, 9 września 2019 10:39:16

Modyfikacja treeItem checkAsAssigneponiedziałek, 9 września 2019 10:39:18

addCommentJira string jiraKey ZCC-19418 NIE DODANO KOMENTARZA BO ISTNIEJE WPISponiedziałek, 9 września 2019 10:39:18

addCommentJira object sender, DoWorkEventArgs e ZCC-19418poniedziałek, 9 września 2019 10:39:22

Zgłoszenie WIND-8543 dodano automatycznie o godzinie 2019-09-09 10:39:22!
poniedziałek, 9 września 2019 10:39:22

Modyfikacja treeItem checkAsAssigneponiedziałek, 9 września 2019 10:39:24

addCommentJira string jiraKey WIND-8543 NIE DODANO KOMENTARZA BO ISTNIEJE WPISponiedziałek, 9 września 2019 10:39:24

addCommentJira object sender, DoWorkEventArgs e WIND-8543poniedziałek, 9 września 2019 10:39:27

Zgłoszenie ZCC-19420 dodano automatycznie o godzinie 2019-09-09 10:39:27!
poniedziałek, 9 września 2019 10:39:27

Modyfikacja treeItem checkAsAssigneponiedziałek, 9 września 2019 10:39:28

addCommentJira string jiraKey ZCC-19420 NIE DODANO KOMENTARZA BO ISTNIEJE WPISponiedziałek, 9 września 2019 10:39:28

addCommentJira object sender, DoWorkEventArgs e ZCC-19420poniedziałek, 9 września 2019 10:46:59

Zgłoszenie CRM-76815 dodano automatycznie o godzinie 2019-09-09 10:46:59!
poniedziałek, 9 września 2019 10:46:59

Modyfikacja treeItem checkAsAssigneponiedziałek, 9 września 2019 10:47:03

addCommentJira string jiraKey CRM-76815poniedziałek, 9 września 2019 10:47:03

addCommentJira object sender, DoWorkEventArgs e CRM-76815poniedziałek, 9 września 2019 11:23:09

Zgłoszenie ZCC-19422 dodano automatycznie o godzinie 2019-09-09 11:23:09!
poniedziałek, 9 września 2019 11:23:09

Modyfikacja treeItem checkAsAssigneponiedziałek, 9 września 2019 11:23:13

Zgłoszenie KKK-4447 dodano automatycznie o godzinie 2019-09-09 11:23:13!
poniedziałek, 9 września 2019 11:23:14

Modyfikacja treeItem checkAsAssigneponiedziałek, 9 września 2019 11:23:14

addCommentJira string jiraKey ZCC-19422poniedziałek, 9 września 2019 11:23:14

addCommentJira object sender, DoWorkEventArgs e ZCC-19422poniedziałek, 9 września 2019 11:23:21

addCommentJira string jiraKey KKK-4447poniedziałek, 9 września 2019 11:23:21

addCommentJira object sender, DoWorkEventArgs e KKK-4447poniedziałek, 9 września 2019 12:10:48

Zgłoszenie ZCC-19423 dodano automatycznie o godzinie 2019-09-09 12:10:48!
poniedziałek, 9 września 2019 12:10:48

Modyfikacja treeItem checkAsAssigneponiedziałek, 9 września 2019 12:10:53

addCommentJira string jiraKey ZCC-19423poniedziałek, 9 września 2019 12:10:53

addCommentJira object sender, DoWorkEventArgs e ZCC-19423poniedziałek, 9 września 2019 12:34:50

Zgłoszenie CRM-76817 dodano automatycznie o godzinie 2019-09-09 12:34:50!
poniedziałek, 9 września 2019 12:34:50

Modyfikacja treeItem checkAsAssigneponiedziałek, 9 września 2019 12:34:57

addCommentJira string jiraKey CRM-76817poniedziałek, 9 września 2019 12:34:57

addCommentJira object sender, DoWorkEventArgs e CRM-76817poniedziałek, 9 września 2019 12:58:48

Zgłoszenie CRM-76814 dodano automatycznie o godzinie 2019-09-09 12:58:48!
poniedziałek, 9 września 2019 12:58:48

Modyfikacja treeItem checkAsAssigneponiedziałek, 9 września 2019 12:58:52

addCommentJira string jiraKey CRM-76814 NIE DODANO KOMENTARZA BO ISTNIEJE WPISponiedziałek, 9 września 2019 12:58:53

addCommentJira object sender, DoWorkEventArgs e CRM-76814poniedziałek, 9 września 2019 13:04:59

--- Main exception: Message ---
Nieprawidłowa operacja między wątkami: do formantu '' uzyskiwany jest dostęp z wątku innego niż wątek, w którym został utworzony.

--- Main exception: StackTrace ---
   w System.Windows.Forms.Control.get_Handle()
   w System.Windows.Forms.ScrollBar.UpdateScrollInfo()
   w System.Windows.Forms.ScrollBar.OnEnabledChanged(EventArgs e)
   w System.Windows.Forms.Control.set_Enabled(Boolean value)
   w System.Windows.Forms.DataGridView.LayoutScrollBars()
   w System.Windows.Forms.DataGridView.ComputeLayout()
   w System.Windows.Forms.DataGridView.PerformLayoutPrivate(Boolean useRowShortcut, Boolean computeVisibleRows, Boolean invalidInAdjustFillingColumns, Boolean repositionEditingControl)
   w System.Windows.Forms.DataGridView.OnColumnWidthChanged(DataGridViewColumnEventArgs e)
   w System.Windows.Forms.DataGridViewBand.set_ThicknessInternal(Int32 value)
   w System.Windows.Forms.DataGridView.AutoResizeColumnInternal(Int32 columnIndex, DataGridViewAutoSizeColumnCriteriaInternal autoSizeColumnCriteriaInternal, Boolean fixedHeight)
   w System.Windows.Forms.DataGridView.OnCellCommonChange(Int32 columnIndex, Int32 rowIndex)
   w System.Windows.Forms.DataGridView.OnCellValueChanged(DataGridViewCellEventArgs e)
   w System.Windows.Forms.DataGridViewCell.SetValue(Int32 rowIndex, Object value)
   w GUI.MainForm.slaUpdateRowInfo(Object sender, DoWorkEventArgs e) w C:\CP\ParserGit\JiraParser\GUI\SlaService.cs:wiersz 623

--- Main exception: Source ---
System.Windows.Forms

poniedziałek, 9 września 2019 14:03:00

--- Main exception: Message ---
Kanał żądania przekroczył limit czasu, próbując wysłać po 00:01:24.9520180. Zwiększ wartość limitu czasu podawaną do wywołania elementu Request lub zwiększ wartość właściwości SendTimeout w powiązaniu. Czas przeznaczony na tę operację może być częścią większego limitu czasu.

--- Inner exception 1: Message ---
Operacja żądania nie zakończyła się w ciągu przydzielonego limitu czasu 00:02:00. Czas przydzielony na tę operację mógł być częścią dłuższego limitu czasu.

--- Inner exception 1: StackTrace ---
   w System.ServiceModel.Channels.ReliableRequestSessionChannel.SyncRequest.WaitForReply(TimeSpan timeout)
   w System.ServiceModel.Channels.RequestChannel.Request(Message message, TimeSpan timeout)

--- Inner exception 1: Source ---
System.ServiceModel

--- Main exception: StackTrace ---

Server stack trace: 
   w System.ServiceModel.Channels.RequestChannel.Request(Message message, TimeSpan timeout)
   w System.ServiceModel.Dispatcher.RequestChannelBinder.Request(Message message, TimeSpan timeout)
   w System.ServiceModel.Channels.ServiceChannel.Call(String action, Boolean oneway, ProxyOperationRuntime operation, Object[] ins, Object[] outs, TimeSpan timeout)
   w System.ServiceModel.Channels.ServiceChannelProxy.InvokeService(IMethodCallMessage methodCall, ProxyOperationRuntime operation)
   w System.ServiceModel.Channels.ServiceChannelProxy.Invoke(IMessage message)

Exception rethrown at [0]: 
   w System.Runtime.Remoting.Proxies.RealProxy.HandleReturnMessage(IMessage reqMsg, IMessage retMsg)
   w System.Runtime.Remoting.Proxies.RealProxy.PrivateInvoke(MessageData& msgData, Int32 type)
   w DataLayer.HPDataService.IDataService4HP.ExecuteStoredProcedure(User user, String procedureName, String[] parameters, DatabaseName database)
   w DataLayer.Implementation.GatewayDaoWFS.ExecuteStoredProcedure(String procedureName, String[] parameters, DatabaseName database) w C:\CP\ParserGit\JiraParser\DataLayer\Implementation\GatewayDaoWFS.cs:wiersz 138

--- Main exception: Source ---
mscorlib

poniedziałek, 9 września 2019 14:19:24

Zgłoszenie CRM-76820 dodano automatycznie o godzinie 2019-09-09 14:19:24!
poniedziałek, 9 września 2019 14:19:24

Modyfikacja treeItem checkAsAssigneponiedziałek, 9 września 2019 14:19:29

addCommentJira string jiraKey CRM-76820poniedziałek, 9 września 2019 14:19:29

addCommentJira object sender, DoWorkEventArgs e CRM-76820poniedziałek, 9 września 2019 14:25:30

Zgłoszenie INFOLINIA-6853 dodano automatycznie o godzinie 2019-09-09 14:25:30!
poniedziałek, 9 września 2019 14:25:30

Modyfikacja treeItem checkAsAssigneponiedziałek, 9 września 2019 14:25:41

addCommentJira string jiraKey INFOLINIA-6853poniedziałek, 9 września 2019 14:25:41

addCommentJira object sender, DoWorkEventArgs e INFOLINIA-6853poniedziałek, 9 września 2019 14:31:28

Zgłoszenie ZCC-19424 dodano automatycznie o godzinie 2019-09-09 14:31:28!
poniedziałek, 9 września 2019 14:31:29

Modyfikacja treeItem checkAsAssigneponiedziałek, 9 września 2019 14:31:38

addCommentJira string jiraKey ZCC-19424poniedziałek, 9 września 2019 14:31:38

addCommentJira object sender, DoWorkEventArgs e ZCC-19424poniedziałek, 9 września 2019 15:01:22

Zgłoszenie WIND-8544 dodano automatycznie o godzinie 2019-09-09 15:01:22!
poniedziałek, 9 września 2019 15:01:23

Modyfikacja treeItem checkAsAssigneponiedziałek, 9 września 2019 15:01:26

addCommentJira string jiraKey WIND-8544 NIE DODANO KOMENTARZA BO ISTNIEJE WPISponiedziałek, 9 września 2019 15:01:26

addCommentJira object sender, DoWorkEventArgs e WIND-8544poniedziałek, 9 września 2019 18:08:24

Zgłoszenie CRM-76824 dodano automatycznie o godzinie 2019-09-09 18:08:24!
poniedziałek, 9 września 2019 18:08:25

Modyfikacja treeItem checkAsAssigneponiedziałek, 9 września 2019 18:08:31

Zgłoszenie WIND-8546 dodano automatycznie o godzinie 2019-09-09 18:08:30!
poniedziałek, 9 września 2019 18:08:31

Modyfikacja treeItem checkAsAssigneponiedziałek, 9 września 2019 18:08:31

addCommentJira string jiraKey CRM-76824poniedziałek, 9 września 2019 18:08:31

addCommentJira object sender, DoWorkEventArgs e CRM-76824poniedziałek, 9 września 2019 18:08:36

addCommentJira string jiraKey WIND-8546poniedziałek, 9 września 2019 18:08:36

addCommentJira object sender, DoWorkEventArgs e WIND-8546poniedziałek, 9 września 2019 18:09:51

--- Main exception: Message ---
issueMove[treeView4] nie zawiera IssueId=CRM-76821

--- Main exception: StackTrace ---
   w GUI.MainForm.ModelerForm_sla_ActionFinish(String issueid, String eventName, TreeView tr) w C:\CP\ParserGit\JiraParser\GUI\MainForm.cs:wiersz 6752

--- Main exception: Source ---
GUI

poniedziałek, 9 września 2019 18:09:56

--- Main exception: Message ---
issueMove[treeView4] nie zawiera IssueId=CRM-76821

--- Main exception: StackTrace ---
   w GUI.MainForm.ModelerForm_sla_ActionFinish(String issueid, String eventName, TreeView tr) w C:\CP\ParserGit\JiraParser\GUI\MainForm.cs:wiersz 6752

--- Main exception: Source ---
GUI

poniedziałek, 9 września 2019 19:10:43

--- Main exception: Message ---
Przekroczono limit czasu nieaktywności (00:10:00).

--- Main exception: StackTrace ---

Server stack trace: 
   w System.ServiceModel.Channels.ReliableRequestSessionChannel.SyncRequest.WaitForReply(TimeSpan timeout)
   w System.ServiceModel.Channels.RequestChannel.Request(Message message, TimeSpan timeout)
   w System.ServiceModel.Dispatcher.RequestChannelBinder.Request(Message message, TimeSpan timeout)
   w System.ServiceModel.Channels.ServiceChannel.Call(String action, Boolean oneway, ProxyOperationRuntime operation, Object[] ins, Object[] outs, TimeSpan timeout)
   w System.ServiceModel.Channels.ServiceChannelProxy.InvokeService(IMethodCallMessage methodCall, ProxyOperationRuntime operation)
   w System.ServiceModel.Channels.ServiceChannelProxy.Invoke(IMessage message)

Exception rethrown at [0]: 
   w System.Runtime.Remoting.Proxies.RealProxy.HandleReturnMessage(IMessage reqMsg, IMessage retMsg)
   w System.Runtime.Remoting.Proxies.RealProxy.PrivateInvoke(MessageData& msgData, Int32 type)
   w DataLayer.HPDataService.IDataService4HP.ExecuteStoredProcedure(User user, String procedureName, String[] parameters, DatabaseName database)
   w DataLayer.Implementation.GatewayDaoWFS.ExecuteStoredProcedure(String procedureName, String[] parameters, DatabaseName database) w C:\CP\ParserGit\JiraParser\DataLayer\Implementation\GatewayDaoWFS.cs:wiersz 138

--- Main exception: Source ---
mscorlib

poniedziałek, 9 września 2019 19:10:47

--- Main exception: Message ---
Nie można rozpoznać nazwy zdalnej: 'jira'

--- Main exception: StackTrace ---
   w Atlassian.Jira.Remote.JiraRestClient.ExecuteRequest[T](Method method, String resource, Object requestBody) w c:\projects\atlassian-net-sdk\Atlassian.Jira\Remote\JiraRestClient.cs:wiersz 119
   w Atlassian.Jira.Remote.JiraRestClient.GetPriorities(String token) w c:\projects\atlassian-net-sdk\Atlassian.Jira\Remote\JiraRestClient.cs:wiersz 785
   w Atlassian.Jira.Jira.<GetIssuePriorities>b__24(String token) w c:\projects\atlassian-net-sdk\Atlassian.Jira\Jira.cs:wiersz 478
   w Atlassian.Jira.Jira.<>c__DisplayClass3c.<WithToken>b__3b(String t) w c:\projects\atlassian-net-sdk\Atlassian.Jira\Jira.cs:wiersz 658
   w Atlassian.Jira.Jira.WithToken[TResult](Func`3 function) w c:\projects\atlassian-net-sdk\Atlassian.Jira\Jira.cs:wiersz 706
   w Atlassian.Jira.Jira.GetIssuePriorities() w c:\projects\atlassian-net-sdk\Atlassian.Jira\Jira.cs:wiersz 482
   w GUI.MainForm.LoginJira() w C:\CP\ParserGit\JiraParser\GUI\MainForm.cs:wiersz 4484

--- Main exception: Source ---
Atlassian.Jira

poniedziałek, 9 września 2019 19:10:56

--- Main exception: Message ---
Nie można rozpoznać nazwy zdalnej: 'jira'

--- Main exception: StackTrace ---
   w Atlassian.Jira.Remote.JiraRestClient.ExecuteRequest[T](Method method, String resource, Object requestBody) w c:\projects\atlassian-net-sdk\Atlassian.Jira\Remote\JiraRestClient.cs:wiersz 119
   w Atlassian.Jira.Remote.JiraRestClient.GetIssueTypes(String token, String projectId) w c:\projects\atlassian-net-sdk\Atlassian.Jira\Remote\JiraRestClient.cs:wiersz 822
   w Atlassian.Jira.Jira.<>c__DisplayClass16.<GetIssueTypes>b__12(String token) w c:\projects\atlassian-net-sdk\Atlassian.Jira\Jira.cs:wiersz 414
   w Atlassian.Jira.Jira.<>c__DisplayClass3c.<WithToken>b__3b(String t) w c:\projects\atlassian-net-sdk\Atlassian.Jira\Jira.cs:wiersz 658
   w Atlassian.Jira.Jira.WithToken[TResult](Func`3 function) w c:\projects\atlassian-net-sdk\Atlassian.Jira\Jira.cs:wiersz 706
   w Atlassian.Jira.Jira.GetIssueTypes(String projectKey) w c:\projects\atlassian-net-sdk\Atlassian.Jira\Jira.cs:wiersz 419
   w Logic.Implementation.JiraIssues.GetJiraIssuesTypes() w C:\CP\ParserGit\JiraParser\Logic\Implementation\JiraIssues.cs:wiersz 68
   w GUI.MainForm.<timer2_Tick>b__112_0() w C:\CP\ParserGit\JiraParser\GUI\MainForm.cs:wiersz 2734

--- Main exception: Source ---
Atlassian.Jira

