środa, 3 kwietnia 2019 02:54:57

Automatyczny zapis nowego zgłoszenia Entities.BillingIssueDtoHelios [2019-04-03 02:54:57] 

środa, 3 kwietnia 2019 02:55:03

Automatyczny zapis poprawny Entities.BillingIssueDtoHelios [2019-04-03 02:55:03] 

środa, 3 kwietnia 2019 02:55:03

Modyfikacja treeItemśroda, 3 kwietnia 2019 02:55:03

Status Auto: False 

środa, 3 kwietnia 2019 02:55:09

addCommentJira string jiraKey WIND-8225środa, 3 kwietnia 2019 08:00:49

Zgłoszenie CRM-75641 dodano automatycznie o godzinie 2019-04-03 08:00:49!
środa, 3 kwietnia 2019 08:00:49

Modyfikacja treeItem checkAsAssigneśroda, 3 kwietnia 2019 08:00:53

Zgłoszenie INFOLINIA-6627 dodano automatycznie o godzinie 2019-04-03 08:00:53!
środa, 3 kwietnia 2019 08:00:53

Modyfikacja treeItem checkAsAssigneśroda, 3 kwietnia 2019 08:00:55

addCommentJira string jiraKey CRM-75641środa, 3 kwietnia 2019 08:00:55

addCommentJira object sender, DoWorkEventArgs e CRM-75641środa, 3 kwietnia 2019 08:00:57

addCommentJira string jiraKey INFOLINIA-6627środa, 3 kwietnia 2019 08:00:57

addCommentJira object sender, DoWorkEventArgs e INFOLINIA-6627środa, 3 kwietnia 2019 08:00:58

Zgłoszenie INFOLINIA-6628 dodano automatycznie o godzinie 2019-04-03 08:00:58!
środa, 3 kwietnia 2019 08:00:58

Modyfikacja treeItem checkAsAssigneśroda, 3 kwietnia 2019 08:01:01

Zgłoszenie WIND-8224 dodano automatycznie o godzinie 2019-04-03 08:01:01!
środa, 3 kwietnia 2019 08:01:01

Modyfikacja treeItem checkAsAssigneśroda, 3 kwietnia 2019 08:01:03

addCommentJira string jiraKey INFOLINIA-6628środa, 3 kwietnia 2019 08:01:03

addCommentJira object sender, DoWorkEventArgs e INFOLINIA-6628środa, 3 kwietnia 2019 08:01:03

addCommentJira string jiraKey WIND-8224środa, 3 kwietnia 2019 08:01:03

addCommentJira object sender, DoWorkEventArgs e WIND-8224środa, 3 kwietnia 2019 08:01:04

Zgłoszenie ZCC-18474 dodano automatycznie o godzinie 2019-04-03 08:01:04!
środa, 3 kwietnia 2019 08:01:04

Modyfikacja treeItem checkAsAssigneśroda, 3 kwietnia 2019 08:01:06

addCommentJira string jiraKey ZCC-18474środa, 3 kwietnia 2019 08:01:06

addCommentJira object sender, DoWorkEventArgs e ZCC-18474środa, 3 kwietnia 2019 08:01:08

Zgłoszenie ZCC-18477 dodano automatycznie o godzinie 2019-04-03 08:01:08!
środa, 3 kwietnia 2019 08:01:08

Modyfikacja treeItem checkAsAssigneśroda, 3 kwietnia 2019 08:01:11

addCommentJira string jiraKey ZCC-18477środa, 3 kwietnia 2019 08:01:11

addCommentJira object sender, DoWorkEventArgs e ZCC-18477środa, 3 kwietnia 2019 08:01:12

Zgłoszenie CRM-75640 dodano automatycznie o godzinie 2019-04-03 08:01:12!
środa, 3 kwietnia 2019 08:01:12

Modyfikacja treeItem checkAsAssigneśroda, 3 kwietnia 2019 08:01:15

addCommentJira string jiraKey CRM-75640środa, 3 kwietnia 2019 08:01:15

addCommentJira object sender, DoWorkEventArgs e CRM-75640środa, 3 kwietnia 2019 08:01:19

Zgłoszenie ZCC-18476 dodano automatycznie o godzinie 2019-04-03 08:01:19!
środa, 3 kwietnia 2019 08:01:19

Modyfikacja treeItem checkAsAssigneśroda, 3 kwietnia 2019 08:01:21

addCommentJira string jiraKey ZCC-18476środa, 3 kwietnia 2019 08:01:21

addCommentJira object sender, DoWorkEventArgs e ZCC-18476środa, 3 kwietnia 2019 08:07:10

--- Main exception: Message ---
Zmodyfikowano kolekcję. Nie można wykonać operacji wyliczania.

--- Main exception: StackTrace ---
   w System.ThrowHelper.ThrowInvalidOperationException(ExceptionResource resource)
   w System.Collections.Generic.Dictionary`2.Enumerator.MoveNext()
   w System.Linq.Enumerable.Any[TSource](IEnumerable`1 source, Func`2 predicate)
   w GUI.MainForm.addIssueToTreeNode(String issueNumber, List`1 issue, String treeViewName) w C:\CP\ParserGit\JiraParser\GUI\MainForm.cs:wiersz 6283
   w GUI.MainForm.slaAutoStep(DataGridViewRow tmpRow, String issueNumber) w C:\CP\ParserGit\JiraParser\GUI\SlaService.cs:wiersz 596

--- Main exception: Source ---
mscorlib

środa, 3 kwietnia 2019 08:07:10

--- Main exception: Message ---
Zmodyfikowano kolekcję. Nie można wykonać operacji wyliczania.

--- Main exception: StackTrace ---
   w System.ThrowHelper.ThrowInvalidOperationException(ExceptionResource resource)
   w System.Collections.Generic.Dictionary`2.Enumerator.MoveNext()
   w System.Linq.Enumerable.Any[TSource](IEnumerable`1 source, Func`2 predicate)
   w GUI.MainForm.addIssueToTreeNode(String issueNumber, List`1 issue, String treeViewName) w C:\CP\ParserGit\JiraParser\GUI\MainForm.cs:wiersz 6283
   w GUI.MainForm.slaAutoStep(DataGridViewRow tmpRow, String issueNumber) w C:\CP\ParserGit\JiraParser\GUI\SlaService.cs:wiersz 596

--- Main exception: Source ---
mscorlib

środa, 3 kwietnia 2019 08:48:45

Zgłoszenie ZCC-18478 dodano automatycznie o godzinie 2019-04-03 08:48:45!
środa, 3 kwietnia 2019 08:48:45

Modyfikacja treeItem checkAsAssigneśroda, 3 kwietnia 2019 08:48:52

addCommentJira string jiraKey ZCC-18478środa, 3 kwietnia 2019 08:48:52

addCommentJira object sender, DoWorkEventArgs e ZCC-18478środa, 3 kwietnia 2019 10:00:49

Zgłoszenie INFOLINIA-6581 dodano automatycznie o godzinie 2019-04-03 10:00:49!
środa, 3 kwietnia 2019 10:00:50

Modyfikacja treeItem checkAsAssigneśroda, 3 kwietnia 2019 10:00:56

addCommentJira string jiraKey INFOLINIA-6581środa, 3 kwietnia 2019 10:00:56

addCommentJira object sender, DoWorkEventArgs e INFOLINIA-6581środa, 3 kwietnia 2019 10:30:52

Zgłoszenie INFOLINIA-6616 dodano automatycznie o godzinie 2019-04-03 10:30:52!
środa, 3 kwietnia 2019 10:30:52

Modyfikacja treeItem checkAsAssigneśroda, 3 kwietnia 2019 10:31:04

addCommentJira string jiraKey INFOLINIA-6616środa, 3 kwietnia 2019 10:31:04

addCommentJira object sender, DoWorkEventArgs e INFOLINIA-6616środa, 3 kwietnia 2019 11:00:49

Zgłoszenie CRM-75646 dodano automatycznie o godzinie 2019-04-03 11:00:49!
środa, 3 kwietnia 2019 11:06:46

Zgłoszenie CRM-75646 dodano automatycznie o godzinie 2019-04-03 11:06:46!
środa, 3 kwietnia 2019 11:12:55

Zgłoszenie CRM-75646 dodano automatycznie o godzinie 2019-04-03 11:12:55!
środa, 3 kwietnia 2019 11:18:46

Zgłoszenie CRM-75646 dodano automatycznie o godzinie 2019-04-03 11:18:46!
środa, 3 kwietnia 2019 11:19:42

Modyfikacja treeItem checkAsAssigneśroda, 3 kwietnia 2019 11:19:45

addCommentJira string jiraKey CRM-75646środa, 3 kwietnia 2019 11:19:45

addCommentJira object sender, DoWorkEventArgs e CRM-75646środa, 3 kwietnia 2019 11:19:46

Zgłoszenie ZCC-18479 dodano automatycznie o godzinie 2019-04-03 11:19:46!
środa, 3 kwietnia 2019 11:19:46

Modyfikacja treeItem checkAsAssigneśroda, 3 kwietnia 2019 11:19:51

addCommentJira string jiraKey ZCC-18479środa, 3 kwietnia 2019 11:19:51

addCommentJira object sender, DoWorkEventArgs e ZCC-18479środa, 3 kwietnia 2019 11:20:20

Modyfikacja treeItem checkAsAssigneśroda, 3 kwietnia 2019 11:20:22

Modyfikacja treeItem checkAsAssigneśroda, 3 kwietnia 2019 11:20:23

Modyfikacja treeItem checkAsAssigneśroda, 3 kwietnia 2019 11:20:25

addCommentJira string jiraKey CRM-75646środa, 3 kwietnia 2019 11:20:25

addCommentJira object sender, DoWorkEventArgs e CRM-75646środa, 3 kwietnia 2019 11:20:28

Zgłoszenie ZCC-18479 dodano automatycznie o godzinie 2019-04-03 11:20:28!
środa, 3 kwietnia 2019 11:20:28

Zgłoszenie ZCC-18479 dodano automatycznie o godzinie 2019-04-03 11:20:28!
środa, 3 kwietnia 2019 11:20:30

Modyfikacja treeItem checkAsAssigneśroda, 3 kwietnia 2019 11:20:30

--- Main exception: Message ---
Nie można uzyskać dostępu do usuniętego obiektu.
Nazwa obiektu: 'WFSform'.

--- Main exception: StackTrace ---
   w System.Windows.Forms.Control.CreateHandle()
   w System.Windows.Forms.Form.CreateHandle()
   w System.Windows.Forms.Control.get_Handle()
   w System.Windows.Forms.Application.ThreadContext.RunMessageLoopInner(Int32 reason, ApplicationContext context)
   w System.Windows.Forms.Application.ThreadContext.RunMessageLoop(Int32 reason, ApplicationContext context)
   w System.Windows.Forms.Form.ShowDialog(IWin32Window owner)
   w GUI.MainForm.UzupelnijDane(TreeView tr, Boolean auto) w C:\CP\ParserGit\JiraParser\GUI\MainForm.cs:wiersz 3873
   w GUI.MainForm.<newIssueAutoAddToBPMUzupelnijDane>b__226_0() w C:\CP\ParserGit\JiraParser\GUI\MainForm.cs:wiersz 7444

--- Main exception: Source ---
System.Windows.Forms

środa, 3 kwietnia 2019 11:20:31

Modyfikacja treeItem checkAsAssigneśroda, 3 kwietnia 2019 11:20:31

--- Main exception: Message ---
Nie można uzyskać dostępu do usuniętego obiektu.
Nazwa obiektu: 'WFSform'.

--- Main exception: StackTrace ---
   w System.Windows.Forms.Control.CreateHandle()
   w System.Windows.Forms.Form.CreateHandle()
   w System.Windows.Forms.Control.get_Handle()
   w System.Windows.Forms.Application.ThreadContext.RunMessageLoopInner(Int32 reason, ApplicationContext context)
   w System.Windows.Forms.Application.ThreadContext.RunMessageLoop(Int32 reason, ApplicationContext context)
   w System.Windows.Forms.Form.ShowDialog(IWin32Window owner)
   w GUI.MainForm.UzupelnijDane(TreeView tr, Boolean auto) w C:\CP\ParserGit\JiraParser\GUI\MainForm.cs:wiersz 3873
   w GUI.MainForm.<newIssueAutoAddToBPMUzupelnijDane>b__226_0() w C:\CP\ParserGit\JiraParser\GUI\MainForm.cs:wiersz 7444

--- Main exception: Source ---
System.Windows.Forms

środa, 3 kwietnia 2019 11:20:32

addCommentJira string jiraKey CRM-75646środa, 3 kwietnia 2019 11:20:32

addCommentJira object sender, DoWorkEventArgs e CRM-75646środa, 3 kwietnia 2019 11:20:34

addCommentJira string jiraKey CRM-75646środa, 3 kwietnia 2019 11:20:34

addCommentJira object sender, DoWorkEventArgs e CRM-75646środa, 3 kwietnia 2019 11:20:35

Zgłoszenie ZCC-18479 dodano automatycznie o godzinie 2019-04-03 11:20:35!
środa, 3 kwietnia 2019 11:20:35

addCommentJira string jiraKey ZCC-18479środa, 3 kwietnia 2019 11:20:35

addCommentJira object sender, DoWorkEventArgs e ZCC-18479środa, 3 kwietnia 2019 11:20:35

addCommentJira string jiraKey ZCC-18479środa, 3 kwietnia 2019 11:20:35

addCommentJira object sender, DoWorkEventArgs e ZCC-18479środa, 3 kwietnia 2019 11:20:37

Modyfikacja treeItem checkAsAssigneśroda, 3 kwietnia 2019 11:20:37

--- Main exception: Message ---
Nie można uzyskać dostępu do usuniętego obiektu.
Nazwa obiektu: 'WFSform'.

--- Main exception: StackTrace ---
   w System.Windows.Forms.Control.CreateHandle()
   w System.Windows.Forms.Form.CreateHandle()
   w System.Windows.Forms.Control.get_Handle()
   w System.Windows.Forms.Application.ThreadContext.RunMessageLoopInner(Int32 reason, ApplicationContext context)
   w System.Windows.Forms.Application.ThreadContext.RunMessageLoop(Int32 reason, ApplicationContext context)
   w System.Windows.Forms.Form.ShowDialog(IWin32Window owner)
   w GUI.MainForm.UzupelnijDane(TreeView tr, Boolean auto) w C:\CP\ParserGit\JiraParser\GUI\MainForm.cs:wiersz 3873
   w GUI.MainForm.<newIssueAutoAddToBPMUzupelnijDane>b__226_0() w C:\CP\ParserGit\JiraParser\GUI\MainForm.cs:wiersz 7444

--- Main exception: Source ---
System.Windows.Forms

środa, 3 kwietnia 2019 11:20:40

addCommentJira string jiraKey ZCC-18479środa, 3 kwietnia 2019 11:20:40

addCommentJira object sender, DoWorkEventArgs e ZCC-18479środa, 3 kwietnia 2019 11:24:46

Zgłoszenie CRM-75646 dodano automatycznie o godzinie 2019-04-03 11:24:46!
środa, 3 kwietnia 2019 11:25:13

Modyfikacja treeItem checkAsAssigneśroda, 3 kwietnia 2019 11:25:16

addCommentJira string jiraKey CRM-75646środa, 3 kwietnia 2019 11:25:16

addCommentJira object sender, DoWorkEventArgs e CRM-75646środa, 3 kwietnia 2019 11:30:55

Zgłoszenie CRM-75646 dodano automatycznie o godzinie 2019-04-03 11:30:55!
środa, 3 kwietnia 2019 11:36:46

Zgłoszenie CRM-75646 dodano automatycznie o godzinie 2019-04-03 11:36:46!
środa, 3 kwietnia 2019 11:38:19

Modyfikacja treeItem checkAsAssigneśroda, 3 kwietnia 2019 11:38:23

Modyfikacja treeItem checkAsAssigneśroda, 3 kwietnia 2019 11:38:23

addCommentJira string jiraKey CRM-75646środa, 3 kwietnia 2019 11:38:23

addCommentJira object sender, DoWorkEventArgs e CRM-75646środa, 3 kwietnia 2019 11:38:26

addCommentJira string jiraKey CRM-75646środa, 3 kwietnia 2019 11:38:26

addCommentJira object sender, DoWorkEventArgs e CRM-75646środa, 3 kwietnia 2019 11:51:27

Automatyczny zapis nowego zgłoszenia Entities.BillingIssueDtoHelios [2019-04-03 11:51:27] 

środa, 3 kwietnia 2019 11:51:31

Automatyczny zapis poprawny Entities.BillingIssueDtoHelios [2019-04-03 11:51:31] 

środa, 3 kwietnia 2019 11:51:31

Modyfikacja treeItemśroda, 3 kwietnia 2019 11:51:31

Status Auto: False 

środa, 3 kwietnia 2019 13:17:17

--- Main exception: Message ---
Przekroczono limit czasu nieaktywności (00:10:00).

--- Main exception: StackTrace ---

Server stack trace: 
   w System.ServiceModel.Channels.ReliableRequestSessionChannel.SyncRequest.WaitForReply(TimeSpan timeout)
   w System.ServiceModel.Channels.RequestChannel.Request(Message message, TimeSpan timeout)
   w System.ServiceModel.Dispatcher.RequestChannelBinder.Request(Message message, TimeSpan timeout)
   w System.ServiceModel.Channels.ServiceChannel.Call(String action, Boolean oneway, ProxyOperationRuntime operation, Object[] ins, Object[] outs, TimeSpan timeout)
   w System.ServiceModel.Channels.ServiceChannelProxy.InvokeService(IMethodCallMessage methodCall, ProxyOperationRuntime operation)
   w System.ServiceModel.Channels.ServiceChannelProxy.Invoke(IMessage message)

Exception rethrown at [0]: 
   w System.Runtime.Remoting.Proxies.RealProxy.HandleReturnMessage(IMessage reqMsg, IMessage retMsg)
   w System.Runtime.Remoting.Proxies.RealProxy.PrivateInvoke(MessageData& msgData, Int32 type)
   w DataLayer.HPDataService.IDataService4HP.ExecuteStoredProcedure(User user, String procedureName, String[] parameters, DatabaseName database)
   w DataLayer.Implementation.GatewayDaoWFS.ExecuteStoredProcedure(String procedureName, String[] parameters, DatabaseName database) w C:\CP\ParserGit\JiraParser\DataLayer\Implementation\GatewayDaoWFS.cs:wiersz 138

--- Main exception: Source ---
mscorlib

środa, 3 kwietnia 2019 13:32:22

Zgłoszenie CRM-75649 dodano automatycznie o godzinie 2019-04-03 13:32:22!
środa, 3 kwietnia 2019 13:32:22

Modyfikacja treeItem checkAsAssigneśroda, 3 kwietnia 2019 13:32:38

addCommentJira string jiraKey CRM-75649środa, 3 kwietnia 2019 13:32:38

addCommentJira object sender, DoWorkEventArgs e CRM-75649środa, 3 kwietnia 2019 13:43:51

Zgłoszenie INFOLINIA-6629 dodano automatycznie o godzinie 2019-04-03 13:43:51!
środa, 3 kwietnia 2019 13:43:51

Modyfikacja treeItem checkAsAssigneśroda, 3 kwietnia 2019 13:44:02

addCommentJira string jiraKey INFOLINIA-6629środa, 3 kwietnia 2019 13:44:02

addCommentJira object sender, DoWorkEventArgs e INFOLINIA-6629środa, 3 kwietnia 2019 13:55:54

Zgłoszenie LIDKA-129 dodano automatycznie o godzinie 2019-04-03 13:55:54!
środa, 3 kwietnia 2019 13:55:54

Modyfikacja treeItem checkAsAssigneśroda, 3 kwietnia 2019 13:56:06

addCommentJira string jiraKey LIDKA-129środa, 3 kwietnia 2019 13:56:06

addCommentJira object sender, DoWorkEventArgs e LIDKA-129środa, 3 kwietnia 2019 14:31:55

Zgłoszenie ZCC-18481 dodano automatycznie o godzinie 2019-04-03 14:31:55!
środa, 3 kwietnia 2019 14:31:56

Modyfikacja treeItem checkAsAssigneśroda, 3 kwietnia 2019 14:32:07

addCommentJira string jiraKey ZCC-18481środa, 3 kwietnia 2019 14:32:07

addCommentJira object sender, DoWorkEventArgs e ZCC-18481środa, 3 kwietnia 2019 14:32:56

--- Main exception: Message ---
Wystąpił przynajmniej jeden błąd.

--- Inner exception 1: Message ---
Wystąpił przynajmniej jeden błąd.

--- Inner exception 1: StackTrace ---
   w System.Threading.Tasks.Task`1.GetResultCore(Boolean waitCompletionNotification)
   w Atlassian.Jira.Remote.JiraRestClient.<GetIssueAsync>b__3(Task`1 task) w c:\projects\atlassian-net-sdk\Atlassian.Jira\Remote\JiraRestClient.cs:wiersz 184
   w System.Threading.Tasks.ContinuationResultTaskFromResultTask`2.InnerInvoke()
   w System.Threading.Tasks.Task.Execute()

--- Inner exception 1: Source ---
mscorlib

--- Inner exception 2: Message ---
Wystąpił przynajmniej jeden błąd.

--- Inner exception 2: StackTrace ---
   w System.Threading.Tasks.Task`1.GetResultCore(Boolean waitCompletionNotification)
   w Atlassian.Jira.Remote.JiraRestClient.<ExecuteRequestAsync>b__0[T](Task`1 responseTask) w c:\projects\atlassian-net-sdk\Atlassian.Jira\Remote\JiraRestClient.cs:wiersz 132
   w System.Threading.Tasks.ContinuationResultTaskFromResultTask`2.InnerInvoke()
   w System.Threading.Tasks.Task.Execute()

--- Inner exception 2: Source ---
mscorlib

--- Inner exception 3: Message ---
Nie można rozpoznać nazwy zdalnej: 'jira'

--- Inner exception 3: StackTrace ---
   w Atlassian.Jira.Remote.JiraRestClient.GetValidJsonFromResponse(IRestResponse response) w c:\projects\atlassian-net-sdk\Atlassian.Jira\Remote\JiraRestClient.cs:wiersz 689
   w System.Threading.Tasks.ContinuationResultTaskFromResultTask`2.InnerInvoke()
   w System.Threading.Tasks.Task.Execute()

--- Inner exception 3: Source ---
Atlassian.Jira

--- Main exception: StackTrace ---
   w System.Threading.Tasks.Task`1.GetResultCore(Boolean waitCompletionNotification)
   w GUI.MainForm.slaAutoStep(DataGridViewRow tmpRow, String issueNumber) w C:\CP\ParserGit\JiraParser\GUI\SlaService.cs:wiersz 602

--- Main exception: Source ---
mscorlib

środa, 3 kwietnia 2019 14:32:56

--- Main exception: Message ---
Wystąpił przynajmniej jeden błąd.

--- Inner exception 1: Message ---
Wystąpił przynajmniej jeden błąd.

--- Inner exception 1: StackTrace ---
   w System.Threading.Tasks.Task`1.GetResultCore(Boolean waitCompletionNotification)
   w Atlassian.Jira.Remote.JiraRestClient.<GetIssueAsync>b__3(Task`1 task) w c:\projects\atlassian-net-sdk\Atlassian.Jira\Remote\JiraRestClient.cs:wiersz 184
   w System.Threading.Tasks.ContinuationResultTaskFromResultTask`2.InnerInvoke()
   w System.Threading.Tasks.Task.Execute()

--- Inner exception 1: Source ---
mscorlib

--- Inner exception 2: Message ---
Wystąpił przynajmniej jeden błąd.

--- Inner exception 2: StackTrace ---
   w System.Threading.Tasks.Task`1.GetResultCore(Boolean waitCompletionNotification)
   w Atlassian.Jira.Remote.JiraRestClient.<ExecuteRequestAsync>b__0[T](Task`1 responseTask) w c:\projects\atlassian-net-sdk\Atlassian.Jira\Remote\JiraRestClient.cs:wiersz 132
   w System.Threading.Tasks.ContinuationResultTaskFromResultTask`2.InnerInvoke()
   w System.Threading.Tasks.Task.Execute()

--- Inner exception 2: Source ---
mscorlib

--- Inner exception 3: Message ---
Nie można połączyć się z serwerem zdalnym

--- Inner exception 3: StackTrace ---
   w Atlassian.Jira.Remote.JiraRestClient.GetValidJsonFromResponse(IRestResponse response) w c:\projects\atlassian-net-sdk\Atlassian.Jira\Remote\JiraRestClient.cs:wiersz 689
   w System.Threading.Tasks.ContinuationResultTaskFromResultTask`2.InnerInvoke()
   w System.Threading.Tasks.Task.Execute()

--- Inner exception 3: Source ---
Atlassian.Jira

--- Main exception: StackTrace ---
   w System.Threading.Tasks.Task`1.GetResultCore(Boolean waitCompletionNotification)
   w GUI.MainForm.slaAutoStep(DataGridViewRow tmpRow, String issueNumber) w C:\CP\ParserGit\JiraParser\GUI\SlaService.cs:wiersz 602

--- Main exception: Source ---
mscorlib

środa, 3 kwietnia 2019 14:32:56

--- Main exception: Message ---
Wystąpił przynajmniej jeden błąd.

--- Inner exception 1: Message ---
Wystąpił przynajmniej jeden błąd.

--- Inner exception 1: StackTrace ---
   w System.Threading.Tasks.Task`1.GetResultCore(Boolean waitCompletionNotification)
   w Atlassian.Jira.Remote.JiraRestClient.<GetIssueAsync>b__3(Task`1 task) w c:\projects\atlassian-net-sdk\Atlassian.Jira\Remote\JiraRestClient.cs:wiersz 184
   w System.Threading.Tasks.ContinuationResultTaskFromResultTask`2.InnerInvoke()
   w System.Threading.Tasks.Task.Execute()

--- Inner exception 1: Source ---
mscorlib

--- Inner exception 2: Message ---
Wystąpił przynajmniej jeden błąd.

--- Inner exception 2: StackTrace ---
   w System.Threading.Tasks.Task`1.GetResultCore(Boolean waitCompletionNotification)
   w Atlassian.Jira.Remote.JiraRestClient.<ExecuteRequestAsync>b__0[T](Task`1 responseTask) w c:\projects\atlassian-net-sdk\Atlassian.Jira\Remote\JiraRestClient.cs:wiersz 132
   w System.Threading.Tasks.ContinuationResultTaskFromResultTask`2.InnerInvoke()
   w System.Threading.Tasks.Task.Execute()

--- Inner exception 2: Source ---
mscorlib

--- Inner exception 3: Message ---
Nie można połączyć się z serwerem zdalnym

--- Inner exception 3: StackTrace ---
   w Atlassian.Jira.Remote.JiraRestClient.GetValidJsonFromResponse(IRestResponse response) w c:\projects\atlassian-net-sdk\Atlassian.Jira\Remote\JiraRestClient.cs:wiersz 689
   w System.Threading.Tasks.ContinuationResultTaskFromResultTask`2.InnerInvoke()
   w System.Threading.Tasks.Task.Execute()

--- Inner exception 3: Source ---
Atlassian.Jira

--- Main exception: StackTrace ---
   w System.Threading.Tasks.Task`1.GetResultCore(Boolean waitCompletionNotification)
   w GUI.MainForm.slaAutoStep(DataGridViewRow tmpRow, String issueNumber) w C:\CP\ParserGit\JiraParser\GUI\SlaService.cs:wiersz 602

--- Main exception: Source ---
mscorlib

środa, 3 kwietnia 2019 14:33:16

--- Main exception: Message ---
Wystąpił przynajmniej jeden błąd.

--- Inner exception 1: Message ---
Wystąpił przynajmniej jeden błąd.

--- Inner exception 1: StackTrace ---
   w System.Threading.Tasks.Task`1.GetResultCore(Boolean waitCompletionNotification)
   w Atlassian.Jira.Remote.JiraRestClient.<GetIssueAsync>b__3(Task`1 task) w c:\projects\atlassian-net-sdk\Atlassian.Jira\Remote\JiraRestClient.cs:wiersz 184
   w System.Threading.Tasks.ContinuationResultTaskFromResultTask`2.InnerInvoke()
   w System.Threading.Tasks.Task.Execute()

--- Inner exception 1: Source ---
mscorlib

--- Inner exception 2: Message ---
Wystąpił przynajmniej jeden błąd.

--- Inner exception 2: StackTrace ---
   w System.Threading.Tasks.Task`1.GetResultCore(Boolean waitCompletionNotification)
   w Atlassian.Jira.Remote.JiraRestClient.<ExecuteRequestAsync>b__0[T](Task`1 responseTask) w c:\projects\atlassian-net-sdk\Atlassian.Jira\Remote\JiraRestClient.cs:wiersz 132
   w System.Threading.Tasks.ContinuationResultTaskFromResultTask`2.InnerInvoke()
   w System.Threading.Tasks.Task.Execute()

--- Inner exception 2: Source ---
mscorlib

--- Inner exception 3: Message ---
Nie można połączyć się z serwerem zdalnym

--- Inner exception 3: StackTrace ---
   w Atlassian.Jira.Remote.JiraRestClient.GetValidJsonFromResponse(IRestResponse response) w c:\projects\atlassian-net-sdk\Atlassian.Jira\Remote\JiraRestClient.cs:wiersz 689
   w System.Threading.Tasks.ContinuationResultTaskFromResultTask`2.InnerInvoke()
   w System.Threading.Tasks.Task.Execute()

--- Inner exception 3: Source ---
Atlassian.Jira

--- Main exception: StackTrace ---
   w System.Threading.Tasks.Task`1.GetResultCore(Boolean waitCompletionNotification)
   w GUI.MainForm.slaAutoStep(DataGridViewRow tmpRow, String issueNumber) w C:\CP\ParserGit\JiraParser\GUI\SlaService.cs:wiersz 602

--- Main exception: Source ---
mscorlib

środa, 3 kwietnia 2019 15:14:12

--- Main exception: Message ---
Wartość nie może być zerowa.
Nazwa parametru: source

--- Main exception: StackTrace ---
   w System.Linq.Enumerable.FirstOrDefault[TSource](IEnumerable`1 source, Func`2 predicate)
   w GUI.MainForm.slaAutoStep(DataGridViewRow tmpRow, String issueNumber) w C:\CP\ParserGit\JiraParser\GUI\SlaService.cs:wiersz 598

--- Main exception: Source ---
System.Core

środa, 3 kwietnia 2019 15:14:12

--- Main exception: Message ---
Wartość nie może być zerowa.
Nazwa parametru: source

--- Main exception: StackTrace ---
   w System.Linq.Enumerable.FirstOrDefault[TSource](IEnumerable`1 source, Func`2 predicate)
   w GUI.MainForm.slaAutoStep(DataGridViewRow tmpRow, String issueNumber) w C:\CP\ParserGit\JiraParser\GUI\SlaService.cs:wiersz 598

--- Main exception: Source ---
System.Core

środa, 3 kwietnia 2019 15:14:12

--- Main exception: Message ---
Wartość nie może być zerowa.
Nazwa parametru: source

--- Main exception: StackTrace ---
   w System.Linq.Enumerable.FirstOrDefault[TSource](IEnumerable`1 source, Func`2 predicate)
   w GUI.MainForm.slaAutoStep(DataGridViewRow tmpRow, String issueNumber) w C:\CP\ParserGit\JiraParser\GUI\SlaService.cs:wiersz 598

--- Main exception: Source ---
System.Core

środa, 3 kwietnia 2019 15:14:13

--- Main exception: Message ---
Wartość nie może być zerowa.
Nazwa parametru: source

--- Main exception: StackTrace ---
   w System.Linq.Enumerable.FirstOrDefault[TSource](IEnumerable`1 source, Func`2 predicate)
   w GUI.MainForm.slaAutoStep(DataGridViewRow tmpRow, String issueNumber) w C:\CP\ParserGit\JiraParser\GUI\SlaService.cs:wiersz 598

--- Main exception: Source ---
System.Core

środa, 3 kwietnia 2019 15:14:13

--- Main exception: Message ---
Wartość nie może być zerowa.
Nazwa parametru: source

--- Main exception: StackTrace ---
   w System.Linq.Enumerable.FirstOrDefault[TSource](IEnumerable`1 source, Func`2 predicate)
   w GUI.MainForm.slaAutoStep(DataGridViewRow tmpRow, String issueNumber) w C:\CP\ParserGit\JiraParser\GUI\SlaService.cs:wiersz 598

--- Main exception: Source ---
System.Core

środa, 3 kwietnia 2019 15:14:14

--- Main exception: Message ---
Wartość nie może być zerowa.
Nazwa parametru: source

--- Main exception: StackTrace ---
   w System.Linq.Enumerable.FirstOrDefault[TSource](IEnumerable`1 source, Func`2 predicate)
   w GUI.MainForm.slaAutoStep(DataGridViewRow tmpRow, String issueNumber) w C:\CP\ParserGit\JiraParser\GUI\SlaService.cs:wiersz 598

--- Main exception: Source ---
System.Core

środa, 3 kwietnia 2019 15:14:14

--- Main exception: Message ---
Wartość nie może być zerowa.
Nazwa parametru: source

--- Main exception: StackTrace ---
   w System.Linq.Enumerable.FirstOrDefault[TSource](IEnumerable`1 source, Func`2 predicate)
   w GUI.MainForm.slaAutoStep(DataGridViewRow tmpRow, String issueNumber) w C:\CP\ParserGit\JiraParser\GUI\SlaService.cs:wiersz 598

--- Main exception: Source ---
System.Core

środa, 3 kwietnia 2019 15:14:16

--- Main exception: Message ---
Wartość nie może być zerowa.
Nazwa parametru: source

--- Main exception: StackTrace ---
   w System.Linq.Enumerable.FirstOrDefault[TSource](IEnumerable`1 source, Func`2 predicate)
   w GUI.MainForm.slaAutoStep(DataGridViewRow tmpRow, String issueNumber) w C:\CP\ParserGit\JiraParser\GUI\SlaService.cs:wiersz 598

--- Main exception: Source ---
System.Core

środa, 3 kwietnia 2019 15:14:17

--- Main exception: Message ---
Wartość nie może być zerowa.
Nazwa parametru: source

--- Main exception: StackTrace ---
   w System.Linq.Enumerable.FirstOrDefault[TSource](IEnumerable`1 source, Func`2 predicate)
   w GUI.MainForm.slaAutoStep(DataGridViewRow tmpRow, String issueNumber) w C:\CP\ParserGit\JiraParser\GUI\SlaService.cs:wiersz 598

--- Main exception: Source ---
System.Core

środa, 3 kwietnia 2019 15:14:17

--- Main exception: Message ---
Wartość nie może być zerowa.
Nazwa parametru: source

--- Main exception: StackTrace ---
   w System.Linq.Enumerable.FirstOrDefault[TSource](IEnumerable`1 source, Func`2 predicate)
   w GUI.MainForm.slaAutoStep(DataGridViewRow tmpRow, String issueNumber) w C:\CP\ParserGit\JiraParser\GUI\SlaService.cs:wiersz 598

--- Main exception: Source ---
System.Core

środa, 3 kwietnia 2019 15:14:17

--- Main exception: Message ---
Wartość nie może być zerowa.
Nazwa parametru: source

--- Main exception: StackTrace ---
   w System.Linq.Enumerable.FirstOrDefault[TSource](IEnumerable`1 source, Func`2 predicate)
   w GUI.MainForm.slaAutoStep(DataGridViewRow tmpRow, String issueNumber) w C:\CP\ParserGit\JiraParser\GUI\SlaService.cs:wiersz 598

--- Main exception: Source ---
System.Core

środa, 3 kwietnia 2019 15:14:18

--- Main exception: Message ---
Wartość nie może być zerowa.
Nazwa parametru: source

--- Main exception: StackTrace ---
   w System.Linq.Enumerable.FirstOrDefault[TSource](IEnumerable`1 source, Func`2 predicate)
   w GUI.MainForm.slaAutoStep(DataGridViewRow tmpRow, String issueNumber) w C:\CP\ParserGit\JiraParser\GUI\SlaService.cs:wiersz 598

--- Main exception: Source ---
System.Core

środa, 3 kwietnia 2019 15:18:41

--- Main exception: Message ---
Nie można rozpoznać nazwy zdalnej: 'jira'

--- Main exception: StackTrace ---
   w Atlassian.Jira.Remote.JiraRestClient.ExecuteRequest[T](Method method, String resource, Object requestBody) w c:\projects\atlassian-net-sdk\Atlassian.Jira\Remote\JiraRestClient.cs:wiersz 119
   w Atlassian.Jira.Remote.JiraRestClient.GetIssueTypes(String token, String projectId) w c:\projects\atlassian-net-sdk\Atlassian.Jira\Remote\JiraRestClient.cs:wiersz 822
   w Atlassian.Jira.Jira.<>c__DisplayClass16.<GetIssueTypes>b__12(String token) w c:\projects\atlassian-net-sdk\Atlassian.Jira\Jira.cs:wiersz 414
   w Atlassian.Jira.Jira.<>c__DisplayClass3c.<WithToken>b__3b(String t) w c:\projects\atlassian-net-sdk\Atlassian.Jira\Jira.cs:wiersz 658
   w Atlassian.Jira.Jira.WithToken[TResult](Func`3 function) w c:\projects\atlassian-net-sdk\Atlassian.Jira\Jira.cs:wiersz 706
   w Atlassian.Jira.Jira.GetIssueTypes(String projectKey) w c:\projects\atlassian-net-sdk\Atlassian.Jira\Jira.cs:wiersz 419
   w Logic.Implementation.JiraIssues.GetJiraIssuesTypes() w C:\CP\ParserGit\JiraParser\Logic\Implementation\JiraIssues.cs:wiersz 68
   w GUI.MainForm.<timer2_Tick>b__105_0() w C:\CP\ParserGit\JiraParser\GUI\MainForm.cs:wiersz 2725

--- Main exception: Source ---
Atlassian.Jira

środa, 3 kwietnia 2019 15:19:25

--- Main exception: Message ---
Nie można rozpoznać nazwy zdalnej: 'jira'

--- Main exception: StackTrace ---
   w Atlassian.Jira.Remote.JiraRestClient.ExecuteRequest[T](Method method, String resource, Object requestBody) w c:\projects\atlassian-net-sdk\Atlassian.Jira\Remote\JiraRestClient.cs:wiersz 119
   w Atlassian.Jira.Remote.JiraRestClient.GetPriorities(String token) w c:\projects\atlassian-net-sdk\Atlassian.Jira\Remote\JiraRestClient.cs:wiersz 785
   w Atlassian.Jira.Jira.<GetIssuePriorities>b__24(String token) w c:\projects\atlassian-net-sdk\Atlassian.Jira\Jira.cs:wiersz 478
   w Atlassian.Jira.Jira.<>c__DisplayClass3c.<WithToken>b__3b(String t) w c:\projects\atlassian-net-sdk\Atlassian.Jira\Jira.cs:wiersz 658
   w Atlassian.Jira.Jira.WithToken[TResult](Func`3 function) w c:\projects\atlassian-net-sdk\Atlassian.Jira\Jira.cs:wiersz 706
   w Atlassian.Jira.Jira.GetIssuePriorities() w c:\projects\atlassian-net-sdk\Atlassian.Jira\Jira.cs:wiersz 482
   w GUI.MainForm.LoginJira() w C:\CP\ParserGit\JiraParser\GUI\MainForm.cs:wiersz 4475

--- Main exception: Source ---
Atlassian.Jira

środa, 3 kwietnia 2019 15:23:41

--- Main exception: Message ---
Nie można rozpoznać nazwy zdalnej: 'jira'

--- Main exception: StackTrace ---
   w Atlassian.Jira.Remote.JiraRestClient.ExecuteRequest[T](Method method, String resource, Object requestBody) w c:\projects\atlassian-net-sdk\Atlassian.Jira\Remote\JiraRestClient.cs:wiersz 119
   w Atlassian.Jira.Remote.JiraRestClient.GetIssueTypes(String token, String projectId) w c:\projects\atlassian-net-sdk\Atlassian.Jira\Remote\JiraRestClient.cs:wiersz 822
   w Atlassian.Jira.Jira.<>c__DisplayClass16.<GetIssueTypes>b__12(String token) w c:\projects\atlassian-net-sdk\Atlassian.Jira\Jira.cs:wiersz 414
   w Atlassian.Jira.Jira.<>c__DisplayClass3c.<WithToken>b__3b(String t) w c:\projects\atlassian-net-sdk\Atlassian.Jira\Jira.cs:wiersz 658
   w Atlassian.Jira.Jira.WithToken[TResult](Func`3 function) w c:\projects\atlassian-net-sdk\Atlassian.Jira\Jira.cs:wiersz 706
   w Atlassian.Jira.Jira.GetIssueTypes(String projectKey) w c:\projects\atlassian-net-sdk\Atlassian.Jira\Jira.cs:wiersz 419
   w Logic.Implementation.JiraIssues.GetJiraIssuesTypes() w C:\CP\ParserGit\JiraParser\Logic\Implementation\JiraIssues.cs:wiersz 68
   w GUI.MainForm.<timer2_Tick>b__105_0() w C:\CP\ParserGit\JiraParser\GUI\MainForm.cs:wiersz 2725

--- Main exception: Source ---
Atlassian.Jira

środa, 3 kwietnia 2019 15:25:26

--- Main exception: Message ---
Nie można rozpoznać nazwy zdalnej: 'jira'

--- Main exception: StackTrace ---
   w Atlassian.Jira.Remote.JiraRestClient.ExecuteRequest[T](Method method, String resource, Object requestBody) w c:\projects\atlassian-net-sdk\Atlassian.Jira\Remote\JiraRestClient.cs:wiersz 119
   w Atlassian.Jira.Remote.JiraRestClient.GetPriorities(String token) w c:\projects\atlassian-net-sdk\Atlassian.Jira\Remote\JiraRestClient.cs:wiersz 785
   w Atlassian.Jira.Jira.<GetIssuePriorities>b__24(String token) w c:\projects\atlassian-net-sdk\Atlassian.Jira\Jira.cs:wiersz 478
   w Atlassian.Jira.Jira.<>c__DisplayClass3c.<WithToken>b__3b(String t) w c:\projects\atlassian-net-sdk\Atlassian.Jira\Jira.cs:wiersz 658
   w Atlassian.Jira.Jira.WithToken[TResult](Func`3 function) w c:\projects\atlassian-net-sdk\Atlassian.Jira\Jira.cs:wiersz 706
   w Atlassian.Jira.Jira.GetIssuePriorities() w c:\projects\atlassian-net-sdk\Atlassian.Jira\Jira.cs:wiersz 482
   w GUI.MainForm.LoginJira() w C:\CP\ParserGit\JiraParser\GUI\MainForm.cs:wiersz 4475

--- Main exception: Source ---
Atlassian.Jira

środa, 3 kwietnia 2019 15:28:41

--- Main exception: Message ---
Nie można rozpoznać nazwy zdalnej: 'jira'

--- Main exception: StackTrace ---
   w Atlassian.Jira.Remote.JiraRestClient.ExecuteRequest[T](Method method, String resource, Object requestBody) w c:\projects\atlassian-net-sdk\Atlassian.Jira\Remote\JiraRestClient.cs:wiersz 119
   w Atlassian.Jira.Remote.JiraRestClient.GetIssueTypes(String token, String projectId) w c:\projects\atlassian-net-sdk\Atlassian.Jira\Remote\JiraRestClient.cs:wiersz 822
   w Atlassian.Jira.Jira.<>c__DisplayClass16.<GetIssueTypes>b__12(String token) w c:\projects\atlassian-net-sdk\Atlassian.Jira\Jira.cs:wiersz 414
   w Atlassian.Jira.Jira.<>c__DisplayClass3c.<WithToken>b__3b(String t) w c:\projects\atlassian-net-sdk\Atlassian.Jira\Jira.cs:wiersz 658
   w Atlassian.Jira.Jira.WithToken[TResult](Func`3 function) w c:\projects\atlassian-net-sdk\Atlassian.Jira\Jira.cs:wiersz 706
   w Atlassian.Jira.Jira.GetIssueTypes(String projectKey) w c:\projects\atlassian-net-sdk\Atlassian.Jira\Jira.cs:wiersz 419
   w Logic.Implementation.JiraIssues.GetJiraIssuesTypes() w C:\CP\ParserGit\JiraParser\Logic\Implementation\JiraIssues.cs:wiersz 68
   w GUI.MainForm.<timer2_Tick>b__105_0() w C:\CP\ParserGit\JiraParser\GUI\MainForm.cs:wiersz 2725

--- Main exception: Source ---
Atlassian.Jira

środa, 3 kwietnia 2019 15:31:25

--- Main exception: Message ---
Nie można rozpoznać nazwy zdalnej: 'jira'

--- Main exception: StackTrace ---
   w Atlassian.Jira.Remote.JiraRestClient.ExecuteRequest[T](Method method, String resource, Object requestBody) w c:\projects\atlassian-net-sdk\Atlassian.Jira\Remote\JiraRestClient.cs:wiersz 119
   w Atlassian.Jira.Remote.JiraRestClient.GetPriorities(String token) w c:\projects\atlassian-net-sdk\Atlassian.Jira\Remote\JiraRestClient.cs:wiersz 785
   w Atlassian.Jira.Jira.<GetIssuePriorities>b__24(String token) w c:\projects\atlassian-net-sdk\Atlassian.Jira\Jira.cs:wiersz 478
   w Atlassian.Jira.Jira.<>c__DisplayClass3c.<WithToken>b__3b(String t) w c:\projects\atlassian-net-sdk\Atlassian.Jira\Jira.cs:wiersz 658
   w Atlassian.Jira.Jira.WithToken[TResult](Func`3 function) w c:\projects\atlassian-net-sdk\Atlassian.Jira\Jira.cs:wiersz 706
   w Atlassian.Jira.Jira.GetIssuePriorities() w c:\projects\atlassian-net-sdk\Atlassian.Jira\Jira.cs:wiersz 482
   w GUI.MainForm.LoginJira() w C:\CP\ParserGit\JiraParser\GUI\MainForm.cs:wiersz 4475

--- Main exception: Source ---
Atlassian.Jira

środa, 3 kwietnia 2019 15:33:41

--- Main exception: Message ---
Nie można rozpoznać nazwy zdalnej: 'jira'

--- Main exception: StackTrace ---
   w Atlassian.Jira.Remote.JiraRestClient.ExecuteRequest[T](Method method, String resource, Object requestBody) w c:\projects\atlassian-net-sdk\Atlassian.Jira\Remote\JiraRestClient.cs:wiersz 119
   w Atlassian.Jira.Remote.JiraRestClient.GetIssueTypes(String token, String projectId) w c:\projects\atlassian-net-sdk\Atlassian.Jira\Remote\JiraRestClient.cs:wiersz 822
   w Atlassian.Jira.Jira.<>c__DisplayClass16.<GetIssueTypes>b__12(String token) w c:\projects\atlassian-net-sdk\Atlassian.Jira\Jira.cs:wiersz 414
   w Atlassian.Jira.Jira.<>c__DisplayClass3c.<WithToken>b__3b(String t) w c:\projects\atlassian-net-sdk\Atlassian.Jira\Jira.cs:wiersz 658
   w Atlassian.Jira.Jira.WithToken[TResult](Func`3 function) w c:\projects\atlassian-net-sdk\Atlassian.Jira\Jira.cs:wiersz 706
   w Atlassian.Jira.Jira.GetIssueTypes(String projectKey) w c:\projects\atlassian-net-sdk\Atlassian.Jira\Jira.cs:wiersz 419
   w Logic.Implementation.JiraIssues.GetJiraIssuesTypes() w C:\CP\ParserGit\JiraParser\Logic\Implementation\JiraIssues.cs:wiersz 68
   w GUI.MainForm.<timer2_Tick>b__105_0() w C:\CP\ParserGit\JiraParser\GUI\MainForm.cs:wiersz 2725

--- Main exception: Source ---
Atlassian.Jira

środa, 3 kwietnia 2019 15:37:25

--- Main exception: Message ---
Nie można rozpoznać nazwy zdalnej: 'jira'

--- Main exception: StackTrace ---
   w Atlassian.Jira.Remote.JiraRestClient.ExecuteRequest[T](Method method, String resource, Object requestBody) w c:\projects\atlassian-net-sdk\Atlassian.Jira\Remote\JiraRestClient.cs:wiersz 119
   w Atlassian.Jira.Remote.JiraRestClient.GetPriorities(String token) w c:\projects\atlassian-net-sdk\Atlassian.Jira\Remote\JiraRestClient.cs:wiersz 785
   w Atlassian.Jira.Jira.<GetIssuePriorities>b__24(String token) w c:\projects\atlassian-net-sdk\Atlassian.Jira\Jira.cs:wiersz 478
   w Atlassian.Jira.Jira.<>c__DisplayClass3c.<WithToken>b__3b(String t) w c:\projects\atlassian-net-sdk\Atlassian.Jira\Jira.cs:wiersz 658
   w Atlassian.Jira.Jira.WithToken[TResult](Func`3 function) w c:\projects\atlassian-net-sdk\Atlassian.Jira\Jira.cs:wiersz 706
   w Atlassian.Jira.Jira.GetIssuePriorities() w c:\projects\atlassian-net-sdk\Atlassian.Jira\Jira.cs:wiersz 482
   w GUI.MainForm.LoginJira() w C:\CP\ParserGit\JiraParser\GUI\MainForm.cs:wiersz 4475

--- Main exception: Source ---
Atlassian.Jira

środa, 3 kwietnia 2019 15:38:42

--- Main exception: Message ---
Nie można rozpoznać nazwy zdalnej: 'jira'

--- Main exception: StackTrace ---
   w Atlassian.Jira.Remote.JiraRestClient.ExecuteRequest[T](Method method, String resource, Object requestBody) w c:\projects\atlassian-net-sdk\Atlassian.Jira\Remote\JiraRestClient.cs:wiersz 119
   w Atlassian.Jira.Remote.JiraRestClient.GetIssueTypes(String token, String projectId) w c:\projects\atlassian-net-sdk\Atlassian.Jira\Remote\JiraRestClient.cs:wiersz 822
   w Atlassian.Jira.Jira.<>c__DisplayClass16.<GetIssueTypes>b__12(String token) w c:\projects\atlassian-net-sdk\Atlassian.Jira\Jira.cs:wiersz 414
   w Atlassian.Jira.Jira.<>c__DisplayClass3c.<WithToken>b__3b(String t) w c:\projects\atlassian-net-sdk\Atlassian.Jira\Jira.cs:wiersz 658
   w Atlassian.Jira.Jira.WithToken[TResult](Func`3 function) w c:\projects\atlassian-net-sdk\Atlassian.Jira\Jira.cs:wiersz 706
   w Atlassian.Jira.Jira.GetIssueTypes(String projectKey) w c:\projects\atlassian-net-sdk\Atlassian.Jira\Jira.cs:wiersz 419
   w Logic.Implementation.JiraIssues.GetJiraIssuesTypes() w C:\CP\ParserGit\JiraParser\Logic\Implementation\JiraIssues.cs:wiersz 68
   w GUI.MainForm.<timer2_Tick>b__105_0() w C:\CP\ParserGit\JiraParser\GUI\MainForm.cs:wiersz 2725

--- Main exception: Source ---
Atlassian.Jira

