sobota, 6 kwietnia 2019 05:06:37

Automatyczny zapis nowego zgłoszenia Entities.BillingIssueDtoHelios [2019-04-06 05:06:37] 

sobota, 6 kwietnia 2019 05:06:51

Automatyczny zapis poprawny Entities.BillingIssueDtoHelios [2019-04-06 05:06:51] 

sobota, 6 kwietnia 2019 05:06:51

Modyfikacja treeItemsobota, 6 kwietnia 2019 05:06:51

Status Auto: False 

sobota, 6 kwietnia 2019 05:07:09

addCommentJira string jiraKey WIND-8229sobota, 6 kwietnia 2019 10:28:21

--- Main exception: Message ---
Nie można rozpoznać nazwy zdalnej: 'jira'

--- Main exception: StackTrace ---
   w Atlassian.Jira.Remote.JiraRestClient.ExecuteRequest[T](Method method, String resource, Object requestBody) w c:\projects\atlassian-net-sdk\Atlassian.Jira\Remote\JiraRestClient.cs:wiersz 119
   w Atlassian.Jira.Remote.JiraRestClient.GetPriorities(String token) w c:\projects\atlassian-net-sdk\Atlassian.Jira\Remote\JiraRestClient.cs:wiersz 785
   w Atlassian.Jira.Jira.<GetIssuePriorities>b__24(String token) w c:\projects\atlassian-net-sdk\Atlassian.Jira\Jira.cs:wiersz 478
   w Atlassian.Jira.Jira.<>c__DisplayClass3c.<WithToken>b__3b(String t) w c:\projects\atlassian-net-sdk\Atlassian.Jira\Jira.cs:wiersz 658
   w Atlassian.Jira.Jira.WithToken[TResult](Func`3 function) w c:\projects\atlassian-net-sdk\Atlassian.Jira\Jira.cs:wiersz 706
   w Atlassian.Jira.Jira.GetIssuePriorities() w c:\projects\atlassian-net-sdk\Atlassian.Jira\Jira.cs:wiersz 482
   w GUI.MainForm.LoginJira() w C:\CP\ParserGit\JiraParser\GUI\MainForm.cs:wiersz 4475

--- Main exception: Source ---
Atlassian.Jira

sobota, 6 kwietnia 2019 10:29:59

Automatyczny zapis nowego zgłoszenia Entities.BillingIssueDtoHelios [2019-04-06 10:29:59] 

sobota, 6 kwietnia 2019 10:30:01

Automatyczny zapis poprawny Entities.BillingIssueDtoHelios [2019-04-06 10:30:01] 

sobota, 6 kwietnia 2019 10:30:01

Modyfikacja treeItemsobota, 6 kwietnia 2019 10:30:01

Status Auto: False 

sobota, 6 kwietnia 2019 10:30:07

addCommentJira string jiraKey WIND-8230sobota, 6 kwietnia 2019 14:36:11

--- Main exception: Message ---
Nie można rozpoznać nazwy zdalnej: 'jira'

--- Main exception: StackTrace ---
   w Atlassian.Jira.Remote.JiraRestClient.ExecuteRequest[T](Method method, String resource, Object requestBody) w c:\projects\atlassian-net-sdk\Atlassian.Jira\Remote\JiraRestClient.cs:wiersz 119
   w Atlassian.Jira.Remote.JiraRestClient.GetPriorities(String token) w c:\projects\atlassian-net-sdk\Atlassian.Jira\Remote\JiraRestClient.cs:wiersz 785
   w Atlassian.Jira.Jira.<GetIssuePriorities>b__24(String token) w c:\projects\atlassian-net-sdk\Atlassian.Jira\Jira.cs:wiersz 478
   w Atlassian.Jira.Jira.<>c__DisplayClass3c.<WithToken>b__3b(String t) w c:\projects\atlassian-net-sdk\Atlassian.Jira\Jira.cs:wiersz 658
   w Atlassian.Jira.Jira.WithToken[TResult](Func`3 function) w c:\projects\atlassian-net-sdk\Atlassian.Jira\Jira.cs:wiersz 706
   w Atlassian.Jira.Jira.GetIssuePriorities() w c:\projects\atlassian-net-sdk\Atlassian.Jira\Jira.cs:wiersz 482
   w GUI.MainForm.LoginJira() w C:\CP\ParserGit\JiraParser\GUI\MainForm.cs:wiersz 4475

--- Main exception: Source ---
Atlassian.Jira

sobota, 6 kwietnia 2019 14:40:56

Automatyczny zapis nowego zgłoszenia Entities.BillingIssueDtoHelios [2019-04-06 14:40:56] 

sobota, 6 kwietnia 2019 14:41:00

Automatyczny zapis poprawny Entities.BillingIssueDtoHelios [2019-04-06 14:41:00] 

sobota, 6 kwietnia 2019 14:41:00

Modyfikacja treeItemsobota, 6 kwietnia 2019 14:41:00

Status Auto: False 

sobota, 6 kwietnia 2019 14:41:07

addCommentJira string jiraKey WIND-8231