środa, 9 stycznia 2019 08:08:35

Automatyczne sprawdzanie zgłoszeń zakończono o: 2019-01-09 08:08:35 

środa, 9 stycznia 2019 08:08:40

Zgłoszenie CRM-74849 dodano automatycznie o godzinie 2019-01-09 08:08:40!
środa, 9 stycznia 2019 08:11:50

Automatyczne sprawdzanie zgłoszeń zakończono o: 2019-01-09 08:11:50 

środa, 9 stycznia 2019 08:11:52

Zgłoszenie ZCC-17822 dodano automatycznie o godzinie 2019-01-09 08:11:52!
środa, 9 stycznia 2019 08:11:57

Zgłoszenie ZCC-17823 dodano automatycznie o godzinie 2019-01-09 08:11:57!
środa, 9 stycznia 2019 08:14:41

Automatyczne sprawdzanie zgłoszeń zakończono o: 2019-01-09 08:14:41 

środa, 9 stycznia 2019 08:14:44

Zgłoszenie ZCC-17824 dodano automatycznie o godzinie 2019-01-09 08:14:44!
środa, 9 stycznia 2019 08:14:50

Zgłoszenie CRM-74846 dodano automatycznie o godzinie 2019-01-09 08:14:50!
środa, 9 stycznia 2019 08:36:25

Automatyczne sprawdzanie zgłoszeń zakończono o: 2019-01-09 08:36:25 

środa, 9 stycznia 2019 08:36:27

Zgłoszenie CRM-74851 dodano automatycznie o godzinie 2019-01-09 08:36:27!
środa, 9 stycznia 2019 08:36:50

--- Main exception: Message ---
Zmodyfikowano kolekcję. Nie można wykonać operacji wyliczania.

--- Main exception: StackTrace ---
   w System.ThrowHelper.ThrowInvalidOperationException(ExceptionResource resource)
   w System.Collections.Generic.Dictionary`2.Enumerator.MoveNext()
   w GUI.MainForm.GetActionForIssues(TreeView tr) w C:\CP\ParserGit\JiraParser\GUI\MainForm.cs:wiersz 5133

--- Main exception: Source ---
mscorlib

środa, 9 stycznia 2019 08:36:51

--- Main exception: Message ---
Zmodyfikowano kolekcję. Nie można wykonać operacji wyliczania.

--- Main exception: StackTrace ---
   w System.ThrowHelper.ThrowInvalidOperationException(ExceptionResource resource)
   w System.Collections.Generic.Dictionary`2.Enumerator.MoveNext()
   w GUI.MainForm.GetActionForIssues(TreeView tr) w C:\CP\ParserGit\JiraParser\GUI\MainForm.cs:wiersz 5133

--- Main exception: Source ---
mscorlib

środa, 9 stycznia 2019 08:36:51

--- Main exception: Message ---
Zmodyfikowano kolekcję. Nie można wykonać operacji wyliczania.

--- Main exception: StackTrace ---
   w System.ThrowHelper.ThrowInvalidOperationException(ExceptionResource resource)
   w System.Collections.Generic.Dictionary`2.Enumerator.MoveNext()
   w GUI.MainForm.GetActionForIssues(TreeView tr) w C:\CP\ParserGit\JiraParser\GUI\MainForm.cs:wiersz 5133

--- Main exception: Source ---
mscorlib

środa, 9 stycznia 2019 08:39:18

Automatyczne sprawdzanie zgłoszeń zakończono o: 2019-01-09 08:39:18 

środa, 9 stycznia 2019 08:39:45

--- Main exception: Message ---
Zmodyfikowano kolekcję. Nie można wykonać operacji wyliczania.

--- Main exception: StackTrace ---
   w System.ThrowHelper.ThrowInvalidOperationException(ExceptionResource resource)
   w System.Collections.Generic.Dictionary`2.Enumerator.MoveNext()
   w GUI.MainForm.GetActionForIssues(TreeView tr) w C:\CP\ParserGit\JiraParser\GUI\MainForm.cs:wiersz 5133

--- Main exception: Source ---
mscorlib

środa, 9 stycznia 2019 08:39:45

--- Main exception: Message ---
Zmodyfikowano kolekcję. Nie można wykonać operacji wyliczania.

--- Main exception: StackTrace ---
   w System.ThrowHelper.ThrowInvalidOperationException(ExceptionResource resource)
   w System.Collections.Generic.Dictionary`2.Enumerator.MoveNext()
   w GUI.MainForm.GetActionForIssues(TreeView tr) w C:\CP\ParserGit\JiraParser\GUI\MainForm.cs:wiersz 5133

--- Main exception: Source ---
mscorlib

środa, 9 stycznia 2019 08:39:46

--- Main exception: Message ---
Zmodyfikowano kolekcję. Nie można wykonać operacji wyliczania.

--- Main exception: StackTrace ---
   w System.ThrowHelper.ThrowInvalidOperationException(ExceptionResource resource)
   w System.Collections.Generic.Dictionary`2.Enumerator.MoveNext()
   w GUI.MainForm.GetActionForIssues(TreeView tr) w C:\CP\ParserGit\JiraParser\GUI\MainForm.cs:wiersz 5133

--- Main exception: Source ---
mscorlib

środa, 9 stycznia 2019 08:39:46

--- Main exception: Message ---
Zmodyfikowano kolekcję. Nie można wykonać operacji wyliczania.

--- Main exception: StackTrace ---
   w System.ThrowHelper.ThrowInvalidOperationException(ExceptionResource resource)
   w System.Collections.Generic.Dictionary`2.Enumerator.MoveNext()
   w GUI.MainForm.GetActionForIssues(TreeView tr) w C:\CP\ParserGit\JiraParser\GUI\MainForm.cs:wiersz 5133

--- Main exception: Source ---
mscorlib

środa, 9 stycznia 2019 08:42:12

Automatyczne sprawdzanie zgłoszeń zakończono o: 2019-01-09 08:42:12 

środa, 9 stycznia 2019 08:42:38

--- Main exception: Message ---
Zmodyfikowano kolekcję. Nie można wykonać operacji wyliczania.

--- Main exception: StackTrace ---
   w System.ThrowHelper.ThrowInvalidOperationException(ExceptionResource resource)
   w System.Collections.Generic.Dictionary`2.Enumerator.MoveNext()
   w GUI.MainForm.GetActionForIssues(TreeView tr) w C:\CP\ParserGit\JiraParser\GUI\MainForm.cs:wiersz 5133

--- Main exception: Source ---
mscorlib

środa, 9 stycznia 2019 08:42:38

--- Main exception: Message ---
Zmodyfikowano kolekcję. Nie można wykonać operacji wyliczania.

--- Main exception: StackTrace ---
   w System.ThrowHelper.ThrowInvalidOperationException(ExceptionResource resource)
   w System.Collections.Generic.Dictionary`2.Enumerator.MoveNext()
   w GUI.MainForm.GetActionForIssues(TreeView tr) w C:\CP\ParserGit\JiraParser\GUI\MainForm.cs:wiersz 5133

--- Main exception: Source ---
mscorlib

środa, 9 stycznia 2019 08:45:06

Automatyczne sprawdzanie zgłoszeń zakończono o: 2019-01-09 08:45:06 

środa, 9 stycznia 2019 08:45:32

--- Main exception: Message ---
Zmodyfikowano kolekcję. Nie można wykonać operacji wyliczania.

--- Main exception: StackTrace ---
   w System.ThrowHelper.ThrowInvalidOperationException(ExceptionResource resource)
   w System.Collections.Generic.Dictionary`2.Enumerator.MoveNext()
   w GUI.MainForm.GetActionForIssues(TreeView tr) w C:\CP\ParserGit\JiraParser\GUI\MainForm.cs:wiersz 5133

--- Main exception: Source ---
mscorlib

środa, 9 stycznia 2019 08:45:33

--- Main exception: Message ---
Zmodyfikowano kolekcję. Nie można wykonać operacji wyliczania.

--- Main exception: StackTrace ---
   w System.ThrowHelper.ThrowInvalidOperationException(ExceptionResource resource)
   w System.Collections.Generic.Dictionary`2.Enumerator.MoveNext()
   w GUI.MainForm.GetActionForIssues(TreeView tr) w C:\CP\ParserGit\JiraParser\GUI\MainForm.cs:wiersz 5133

--- Main exception: Source ---
mscorlib

środa, 9 stycznia 2019 08:45:34

--- Main exception: Message ---
Zmodyfikowano kolekcję. Nie można wykonać operacji wyliczania.

--- Main exception: StackTrace ---
   w System.ThrowHelper.ThrowInvalidOperationException(ExceptionResource resource)
   w System.Collections.Generic.Dictionary`2.Enumerator.MoveNext()
   w GUI.MainForm.GetActionForIssues(TreeView tr) w C:\CP\ParserGit\JiraParser\GUI\MainForm.cs:wiersz 5133

--- Main exception: Source ---
mscorlib

środa, 9 stycznia 2019 08:45:34

--- Main exception: Message ---
Zmodyfikowano kolekcję. Nie można wykonać operacji wyliczania.

--- Main exception: StackTrace ---
   w System.ThrowHelper.ThrowInvalidOperationException(ExceptionResource resource)
   w System.Collections.Generic.Dictionary`2.Enumerator.MoveNext()
   w GUI.MainForm.GetActionForIssues(TreeView tr) w C:\CP\ParserGit\JiraParser\GUI\MainForm.cs:wiersz 5133

--- Main exception: Source ---
mscorlib

środa, 9 stycznia 2019 08:48:01

Automatyczne sprawdzanie zgłoszeń zakończono o: 2019-01-09 08:48:01 

środa, 9 stycznia 2019 08:48:25

--- Main exception: Message ---
Zmodyfikowano kolekcję. Nie można wykonać operacji wyliczania.

--- Main exception: StackTrace ---
   w System.ThrowHelper.ThrowInvalidOperationException(ExceptionResource resource)
   w System.Collections.Generic.Dictionary`2.Enumerator.MoveNext()
   w GUI.MainForm.GetActionForIssues(TreeView tr) w C:\CP\ParserGit\JiraParser\GUI\MainForm.cs:wiersz 5133

--- Main exception: Source ---
mscorlib

środa, 9 stycznia 2019 08:48:25

--- Main exception: Message ---
Zmodyfikowano kolekcję. Nie można wykonać operacji wyliczania.

--- Main exception: StackTrace ---
   w System.ThrowHelper.ThrowInvalidOperationException(ExceptionResource resource)
   w System.Collections.Generic.Dictionary`2.Enumerator.MoveNext()
   w GUI.MainForm.GetActionForIssues(TreeView tr) w C:\CP\ParserGit\JiraParser\GUI\MainForm.cs:wiersz 5133

--- Main exception: Source ---
mscorlib

środa, 9 stycznia 2019 08:48:25

--- Main exception: Message ---
Zmodyfikowano kolekcję. Nie można wykonać operacji wyliczania.

--- Main exception: StackTrace ---
   w System.ThrowHelper.ThrowInvalidOperationException(ExceptionResource resource)
   w System.Collections.Generic.Dictionary`2.Enumerator.MoveNext()
   w GUI.MainForm.GetActionForIssues(TreeView tr) w C:\CP\ParserGit\JiraParser\GUI\MainForm.cs:wiersz 5133

--- Main exception: Source ---
mscorlib

środa, 9 stycznia 2019 08:50:51

Automatyczne sprawdzanie zgłoszeń zakończono o: 2019-01-09 08:50:51 

środa, 9 stycznia 2019 08:51:17

--- Main exception: Message ---
Zmodyfikowano kolekcję. Nie można wykonać operacji wyliczania.

--- Main exception: StackTrace ---
   w System.ThrowHelper.ThrowInvalidOperationException(ExceptionResource resource)
   w System.Collections.Generic.Dictionary`2.Enumerator.MoveNext()
   w GUI.MainForm.GetActionForIssues(TreeView tr) w C:\CP\ParserGit\JiraParser\GUI\MainForm.cs:wiersz 5133

--- Main exception: Source ---
mscorlib

środa, 9 stycznia 2019 08:51:17

--- Main exception: Message ---
Zmodyfikowano kolekcję. Nie można wykonać operacji wyliczania.

--- Main exception: StackTrace ---
   w System.ThrowHelper.ThrowInvalidOperationException(ExceptionResource resource)
   w System.Collections.Generic.Dictionary`2.Enumerator.MoveNext()
   w GUI.MainForm.GetActionForIssues(TreeView tr) w C:\CP\ParserGit\JiraParser\GUI\MainForm.cs:wiersz 5133

--- Main exception: Source ---
mscorlib

środa, 9 stycznia 2019 08:51:18

--- Main exception: Message ---
Zmodyfikowano kolekcję. Nie można wykonać operacji wyliczania.

--- Main exception: StackTrace ---
   w System.ThrowHelper.ThrowInvalidOperationException(ExceptionResource resource)
   w System.Collections.Generic.Dictionary`2.Enumerator.MoveNext()
   w GUI.MainForm.GetActionForIssues(TreeView tr) w C:\CP\ParserGit\JiraParser\GUI\MainForm.cs:wiersz 5133

--- Main exception: Source ---
mscorlib

środa, 9 stycznia 2019 08:51:18

--- Main exception: Message ---
Zmodyfikowano kolekcję. Nie można wykonać operacji wyliczania.

--- Main exception: StackTrace ---
   w System.ThrowHelper.ThrowInvalidOperationException(ExceptionResource resource)
   w System.Collections.Generic.Dictionary`2.Enumerator.MoveNext()
   w GUI.MainForm.GetActionForIssues(TreeView tr) w C:\CP\ParserGit\JiraParser\GUI\MainForm.cs:wiersz 5133

--- Main exception: Source ---
mscorlib

środa, 9 stycznia 2019 08:51:19

--- Main exception: Message ---
Zmodyfikowano kolekcję. Nie można wykonać operacji wyliczania.

--- Main exception: StackTrace ---
   w System.ThrowHelper.ThrowInvalidOperationException(ExceptionResource resource)
   w System.Collections.Generic.Dictionary`2.Enumerator.MoveNext()
   w GUI.MainForm.GetActionForIssues(TreeView tr) w C:\CP\ParserGit\JiraParser\GUI\MainForm.cs:wiersz 5133

--- Main exception: Source ---
mscorlib

środa, 9 stycznia 2019 08:53:45

Automatyczne sprawdzanie zgłoszeń zakończono o: 2019-01-09 08:53:45 

środa, 9 stycznia 2019 08:54:10

--- Main exception: Message ---
Zmodyfikowano kolekcję. Nie można wykonać operacji wyliczania.

--- Main exception: StackTrace ---
   w System.ThrowHelper.ThrowInvalidOperationException(ExceptionResource resource)
   w System.Collections.Generic.Dictionary`2.Enumerator.MoveNext()
   w GUI.MainForm.GetActionForIssues(TreeView tr) w C:\CP\ParserGit\JiraParser\GUI\MainForm.cs:wiersz 5133

--- Main exception: Source ---
mscorlib

środa, 9 stycznia 2019 08:56:40

Automatyczne sprawdzanie zgłoszeń zakończono o: 2019-01-09 08:56:40 

środa, 9 stycznia 2019 08:57:08

--- Main exception: Message ---
Zmodyfikowano kolekcję. Nie można wykonać operacji wyliczania.

--- Main exception: StackTrace ---
   w System.ThrowHelper.ThrowInvalidOperationException(ExceptionResource resource)
   w System.Collections.Generic.Dictionary`2.Enumerator.MoveNext()
   w GUI.MainForm.GetActionForIssues(TreeView tr) w C:\CP\ParserGit\JiraParser\GUI\MainForm.cs:wiersz 5133

--- Main exception: Source ---
mscorlib

środa, 9 stycznia 2019 08:57:08

--- Main exception: Message ---
Zmodyfikowano kolekcję. Nie można wykonać operacji wyliczania.

--- Main exception: StackTrace ---
   w System.ThrowHelper.ThrowInvalidOperationException(ExceptionResource resource)
   w System.Collections.Generic.Dictionary`2.Enumerator.MoveNext()
   w GUI.MainForm.GetActionForIssues(TreeView tr) w C:\CP\ParserGit\JiraParser\GUI\MainForm.cs:wiersz 5133

--- Main exception: Source ---
mscorlib

środa, 9 stycznia 2019 08:57:08

--- Main exception: Message ---
Element o tym samym kluczu został już dodany.

--- Main exception: StackTrace ---
   w System.ThrowHelper.ThrowArgumentException(ExceptionResource resource)
   w System.Collections.Generic.Dictionary`2.Insert(TKey key, TValue value, Boolean add)
   w GUI.MainForm.GetActionForIssues(TreeView tr) w C:\CP\ParserGit\JiraParser\GUI\MainForm.cs:wiersz 5137

--- Main exception: Source ---
mscorlib

środa, 9 stycznia 2019 08:57:08

--- Main exception: Message ---
Zmodyfikowano kolekcję. Nie można wykonać operacji wyliczania.

--- Main exception: StackTrace ---
   w System.ThrowHelper.ThrowInvalidOperationException(ExceptionResource resource)
   w System.Collections.Generic.Dictionary`2.Enumerator.MoveNext()
   w GUI.MainForm.GetActionForIssues(TreeView tr) w C:\CP\ParserGit\JiraParser\GUI\MainForm.cs:wiersz 5133

--- Main exception: Source ---
mscorlib

środa, 9 stycznia 2019 08:57:08

--- Main exception: Message ---
Element o tym samym kluczu został już dodany.

--- Main exception: StackTrace ---
   w System.ThrowHelper.ThrowArgumentException(ExceptionResource resource)
   w System.Collections.Generic.Dictionary`2.Insert(TKey key, TValue value, Boolean add)
   w GUI.MainForm.GetActionForIssues(TreeView tr) w C:\CP\ParserGit\JiraParser\GUI\MainForm.cs:wiersz 5137

--- Main exception: Source ---
mscorlib

środa, 9 stycznia 2019 08:59:35

Automatyczne sprawdzanie zgłoszeń zakończono o: 2019-01-09 08:59:35 

środa, 9 stycznia 2019 09:00:02

--- Main exception: Message ---
Zmodyfikowano kolekcję. Nie można wykonać operacji wyliczania.

--- Main exception: StackTrace ---
   w System.ThrowHelper.ThrowInvalidOperationException(ExceptionResource resource)
   w System.Collections.Generic.Dictionary`2.Enumerator.MoveNext()
   w GUI.MainForm.GetActionForIssues(TreeView tr) w C:\CP\ParserGit\JiraParser\GUI\MainForm.cs:wiersz 5133

--- Main exception: Source ---
mscorlib

środa, 9 stycznia 2019 09:00:03

--- Main exception: Message ---
Bieżący wątek musi być ustawiony na tryb jednowątkowego apartamentu, aby można było wykonywać wywołania OLE. Upewnij się, że w funkcji Main jest zaznaczony element STAThreadAttribute.

--- Main exception: StackTrace ---
   w System.Windows.Forms.ComboBox.set_AutoCompleteMode(AutoCompleteMode value)
   w GUI.WFSModelerForm.AddComboBox(EventParamModeler ep, GroupBox group) w C:\CP\ParserGit\JiraParser\GUI\WFSModelerForm.cs:wiersz 547
   w GUI.WFSModelerForm.GenerateForm(GroupBox group, Int32 ParamGroupId) w C:\CP\ParserGit\JiraParser\GUI\WFSModelerForm.cs:wiersz 451
   w GUI.WFSModelerForm.GenerateForm(GroupBox group, Int32 ParamGroupId) w C:\CP\ParserGit\JiraParser\GUI\WFSModelerForm.cs:wiersz 458
   w GUI.WFSModelerForm.GenerateForm(GroupBox group, Int32 ParamGroupId) w C:\CP\ParserGit\JiraParser\GUI\WFSModelerForm.cs:wiersz 458
   w GUI.WFSModelerForm.GenerateForm(Boolean visible) w C:\CP\ParserGit\JiraParser\GUI\WFSModelerForm.cs:wiersz 411
   w GUI.WFSModelerForm..ctor(List`1 list, String name, BillingIssueDto issue, IParserEngineWFS gujaczWFS, Int32 eventMoveId, calbackDelegate callback, TreeView tr, Boolean quickStep, Object selectOption) w C:\CP\ParserGit\JiraParser\GUI\WFSModelerForm.cs:wiersz 308

--- Main exception: Source ---
System.Windows.Forms

środa, 9 stycznia 2019 09:02:32

Automatyczne sprawdzanie zgłoszeń zakończono o: 2019-01-09 09:02:32 

środa, 9 stycznia 2019 09:02:57

--- Main exception: Message ---
Zmodyfikowano kolekcję. Nie można wykonać operacji wyliczania.

--- Main exception: StackTrace ---
   w System.ThrowHelper.ThrowInvalidOperationException(ExceptionResource resource)
   w System.Collections.Generic.Dictionary`2.Enumerator.MoveNext()
   w GUI.MainForm.GetActionForIssues(TreeView tr) w C:\CP\ParserGit\JiraParser\GUI\MainForm.cs:wiersz 5133

--- Main exception: Source ---
mscorlib

środa, 9 stycznia 2019 09:02:58

--- Main exception: Message ---
Zmodyfikowano kolekcję. Nie można wykonać operacji wyliczania.

--- Main exception: StackTrace ---
   w System.ThrowHelper.ThrowInvalidOperationException(ExceptionResource resource)
   w System.Collections.Generic.Dictionary`2.Enumerator.MoveNext()
   w GUI.MainForm.GetActionForIssues(TreeView tr) w C:\CP\ParserGit\JiraParser\GUI\MainForm.cs:wiersz 5133

--- Main exception: Source ---
mscorlib

środa, 9 stycznia 2019 09:05:26

Automatyczne sprawdzanie zgłoszeń zakończono o: 2019-01-09 09:05:26 

środa, 9 stycznia 2019 09:05:47

--- Main exception: Message ---
Zmodyfikowano kolekcję. Nie można wykonać operacji wyliczania.

--- Main exception: StackTrace ---
   w System.ThrowHelper.ThrowInvalidOperationException(ExceptionResource resource)
   w System.Collections.Generic.Dictionary`2.Enumerator.MoveNext()
   w GUI.MainForm.GetActionForIssues(TreeView tr) w C:\CP\ParserGit\JiraParser\GUI\MainForm.cs:wiersz 5133

--- Main exception: Source ---
mscorlib

środa, 9 stycznia 2019 09:05:48

--- Main exception: Message ---
Zmodyfikowano kolekcję. Nie można wykonać operacji wyliczania.

--- Main exception: StackTrace ---
   w System.ThrowHelper.ThrowInvalidOperationException(ExceptionResource resource)
   w System.Collections.Generic.Dictionary`2.Enumerator.MoveNext()
   w GUI.MainForm.GetActionForIssues(TreeView tr) w C:\CP\ParserGit\JiraParser\GUI\MainForm.cs:wiersz 5133

--- Main exception: Source ---
mscorlib

środa, 9 stycznia 2019 09:05:48

--- Main exception: Message ---
Zmodyfikowano kolekcję. Nie można wykonać operacji wyliczania.

--- Main exception: StackTrace ---
   w System.ThrowHelper.ThrowInvalidOperationException(ExceptionResource resource)
   w System.Collections.Generic.Dictionary`2.Enumerator.MoveNext()
   w GUI.MainForm.GetActionForIssues(TreeView tr) w C:\CP\ParserGit\JiraParser\GUI\MainForm.cs:wiersz 5133

--- Main exception: Source ---
mscorlib

środa, 9 stycznia 2019 09:05:48

--- Main exception: Message ---
Zmodyfikowano kolekcję. Nie można wykonać operacji wyliczania.

--- Main exception: StackTrace ---
   w System.ThrowHelper.ThrowInvalidOperationException(ExceptionResource resource)
   w System.Collections.Generic.Dictionary`2.Enumerator.MoveNext()
   w GUI.MainForm.GetActionForIssues(TreeView tr) w C:\CP\ParserGit\JiraParser\GUI\MainForm.cs:wiersz 5133

--- Main exception: Source ---
mscorlib

środa, 9 stycznia 2019 09:08:14

Automatyczne sprawdzanie zgłoszeń zakończono o: 2019-01-09 09:08:14 

środa, 9 stycznia 2019 09:08:40

--- Main exception: Message ---
Zmodyfikowano kolekcję. Nie można wykonać operacji wyliczania.

--- Main exception: StackTrace ---
   w System.ThrowHelper.ThrowInvalidOperationException(ExceptionResource resource)
   w System.Collections.Generic.Dictionary`2.Enumerator.MoveNext()
   w GUI.MainForm.GetActionForIssues(TreeView tr) w C:\CP\ParserGit\JiraParser\GUI\MainForm.cs:wiersz 5133

--- Main exception: Source ---
mscorlib

środa, 9 stycznia 2019 09:14:41

Automatyczne sprawdzanie zgłoszeń zakończono o: 2019-01-09 09:14:41 

środa, 9 stycznia 2019 09:17:42

Automatyczne sprawdzanie zgłoszeń zakończono o: 2019-01-09 09:17:42 

środa, 9 stycznia 2019 09:17:45

Zgłoszenie WIND-7966 dodano automatycznie o godzinie 2019-01-09 09:17:45!
środa, 9 stycznia 2019 09:17:49

Zgłoszenie CRM-74852 dodano automatycznie o godzinie 2019-01-09 09:17:49!
środa, 9 stycznia 2019 09:20:34

Automatyczne sprawdzanie zgłoszeń zakończono o: 2019-01-09 09:20:34 

środa, 9 stycznia 2019 09:23:31

Automatyczne sprawdzanie zgłoszeń zakończono o: 2019-01-09 09:23:31 

środa, 9 stycznia 2019 09:23:37

Zgłoszenie WIND-7965 dodano automatycznie o godzinie 2019-01-09 09:23:37!
środa, 9 stycznia 2019 09:26:24

Automatyczne sprawdzanie zgłoszeń zakończono o: 2019-01-09 09:26:24 

środa, 9 stycznia 2019 09:29:22

Automatyczne sprawdzanie zgłoszeń zakończono o: 2019-01-09 09:29:22 

środa, 9 stycznia 2019 09:32:12

Automatyczne sprawdzanie zgłoszeń zakończono o: 2019-01-09 09:32:12 

środa, 9 stycznia 2019 09:35:11

Automatyczne sprawdzanie zgłoszeń zakończono o: 2019-01-09 09:35:11 

środa, 9 stycznia 2019 09:38:09

Automatyczne sprawdzanie zgłoszeń zakończono o: 2019-01-09 09:38:09 

środa, 9 stycznia 2019 09:41:08

Automatyczne sprawdzanie zgłoszeń zakończono o: 2019-01-09 09:41:08 

środa, 9 stycznia 2019 09:43:53

Automatyczne sprawdzanie zgłoszeń zakończono o: 2019-01-09 09:43:53 

środa, 9 stycznia 2019 09:46:48

Automatyczne sprawdzanie zgłoszeń zakończono o: 2019-01-09 09:46:48 

środa, 9 stycznia 2019 09:49:48

Automatyczne sprawdzanie zgłoszeń zakończono o: 2019-01-09 09:49:48 

środa, 9 stycznia 2019 09:49:49

--- Main exception: Message ---
Nieprawidłowa operacja między wątkami: do formantu '' uzyskiwany jest dostęp z wątku innego niż wątek, w którym został utworzony.

--- Main exception: StackTrace ---
   w System.Windows.Forms.Control.get_Handle()
   w System.Windows.Forms.Control.SetBoundsCore(Int32 x, Int32 y, Int32 width, Int32 height, BoundsSpecified specified)
   w System.Windows.Forms.Control.System.Windows.Forms.Layout.IArrangedElement.SetBounds(Rectangle bounds, BoundsSpecified specified)
   w System.Windows.Forms.ToolStripControlHost.OnBoundsChanged()
   w System.Windows.Forms.ToolStripItem.SetBounds(Rectangle bounds)
   w System.Windows.Forms.ToolStripItem.System.Windows.Forms.Layout.IArrangedElement.SetBounds(Rectangle bounds, BoundsSpecified specified)
   w System.Windows.Forms.Layout.TableLayout.SetElementBounds(ContainerInfo containerInfo, RectangleF displayRectF)
   w System.Windows.Forms.Layout.TableLayout.LayoutCore(IArrangedElement container, LayoutEventArgs args)
   w System.Windows.Forms.Layout.LayoutEngine.Layout(Object container, LayoutEventArgs layoutEventArgs)
   w System.Windows.Forms.Control.OnLayout(LayoutEventArgs levent)
   w System.Windows.Forms.ToolStrip.OnLayout(LayoutEventArgs e)
   w System.Windows.Forms.StatusStrip.OnLayout(LayoutEventArgs levent)
   w System.Windows.Forms.Control.PerformLayout(LayoutEventArgs args)
   w System.Windows.Forms.ToolStripItem.InvalidateItemLayout(String affectedProperty, Boolean invalidatePainting)
   w System.Windows.Forms.ToolStripItem.OnTextChanged(EventArgs e)
   w System.Windows.Forms.ToolStripItem.set_Text(String value)
   w GUI.MainForm.slaReportLoad(Object sender, DoWorkEventArgs e) w C:\CP\ParserGit\JiraParser\GUI\SlaService.cs:wiersz 27

--- Main exception: Source ---
System.Windows.Forms

środa, 9 stycznia 2019 09:52:34

Automatyczne sprawdzanie zgłoszeń zakończono o: 2019-01-09 09:52:34 

środa, 9 stycznia 2019 09:55:21

Automatyczne sprawdzanie zgłoszeń zakończono o: 2019-01-09 09:55:21 

środa, 9 stycznia 2019 09:58:22

Automatyczne sprawdzanie zgłoszeń zakończono o: 2019-01-09 09:58:22 

środa, 9 stycznia 2019 10:01:19

Automatyczne sprawdzanie zgłoszeń zakończono o: 2019-01-09 10:01:19 

środa, 9 stycznia 2019 10:04:16

Automatyczne sprawdzanie zgłoszeń zakończono o: 2019-01-09 10:04:16 

środa, 9 stycznia 2019 10:04:30

--- Main exception: Message ---
Zmodyfikowano kolekcję. Nie można wykonać operacji wyliczania.

--- Main exception: StackTrace ---
   w System.ThrowHelper.ThrowInvalidOperationException(ExceptionResource resource)
   w System.Collections.Generic.Dictionary`2.Enumerator.MoveNext()
   w GUI.MainForm.GetActionForIssues(TreeView tr) w C:\CP\ParserGit\JiraParser\GUI\MainForm.cs:wiersz 5133

--- Main exception: Source ---
mscorlib

środa, 9 stycznia 2019 10:07:03

Automatyczne sprawdzanie zgłoszeń zakończono o: 2019-01-09 10:07:03 

środa, 9 stycznia 2019 10:10:01

Automatyczne sprawdzanie zgłoszeń zakończono o: 2019-01-09 10:10:01 

środa, 9 stycznia 2019 10:10:04

Zgłoszenie CRM-74854 dodano automatycznie o godzinie 2019-01-09 10:10:04!
środa, 9 stycznia 2019 10:12:47

Automatyczne sprawdzanie zgłoszeń zakończono o: 2019-01-09 10:12:47 

środa, 9 stycznia 2019 10:15:48

Automatyczne sprawdzanie zgłoszeń zakończono o: 2019-01-09 10:15:48 

środa, 9 stycznia 2019 10:15:51

Zgłoszenie KKK-3842 dodano automatycznie o godzinie 2019-01-09 10:15:51!
środa, 9 stycznia 2019 10:21:40

Automatyczne sprawdzanie zgłoszeń zakończono o: 2019-01-09 10:21:40 

środa, 9 stycznia 2019 10:24:39

Automatyczne sprawdzanie zgłoszeń zakończono o: 2019-01-09 10:24:39 

środa, 9 stycznia 2019 10:24:41

Zgłoszenie CRM-74855 dodano automatycznie o godzinie 2019-01-09 10:24:41!
środa, 9 stycznia 2019 10:27:36

Automatyczne sprawdzanie zgłoszeń zakończono o: 2019-01-09 10:27:36 

środa, 9 stycznia 2019 10:30:36

Automatyczne sprawdzanie zgłoszeń zakończono o: 2019-01-09 10:30:36 

środa, 9 stycznia 2019 10:33:37

Automatyczne sprawdzanie zgłoszeń zakończono o: 2019-01-09 10:33:37 

środa, 9 stycznia 2019 10:36:42

Automatyczne sprawdzanie zgłoszeń zakończono o: 2019-01-09 10:36:42 

środa, 9 stycznia 2019 10:39:39

Automatyczne sprawdzanie zgłoszeń zakończono o: 2019-01-09 10:39:39 

środa, 9 stycznia 2019 10:42:35

Automatyczne sprawdzanie zgłoszeń zakończono o: 2019-01-09 10:42:35 

środa, 9 stycznia 2019 10:45:31

Automatyczne sprawdzanie zgłoszeń zakończono o: 2019-01-09 10:45:31 

środa, 9 stycznia 2019 10:48:32

Automatyczne sprawdzanie zgłoszeń zakończono o: 2019-01-09 10:48:32 

środa, 9 stycznia 2019 10:51:34

Automatyczne sprawdzanie zgłoszeń zakończono o: 2019-01-09 10:51:34 

środa, 9 stycznia 2019 10:51:36

Zgłoszenie KKK-3846 dodano automatycznie o godzinie 2019-01-09 10:51:36!
środa, 9 stycznia 2019 10:54:36

Automatyczne sprawdzanie zgłoszeń zakończono o: 2019-01-09 10:54:36 

środa, 9 stycznia 2019 10:57:31

Automatyczne sprawdzanie zgłoszeń zakończono o: 2019-01-09 10:57:31 

środa, 9 stycznia 2019 11:00:29

Automatyczne sprawdzanie zgłoszeń zakończono o: 2019-01-09 11:00:29 

środa, 9 stycznia 2019 11:03:26

Automatyczne sprawdzanie zgłoszeń zakończono o: 2019-01-09 11:03:25 

środa, 9 stycznia 2019 11:06:25

Automatyczne sprawdzanie zgłoszeń zakończono o: 2019-01-09 11:06:25 

środa, 9 stycznia 2019 11:09:23

Automatyczne sprawdzanie zgłoszeń zakończono o: 2019-01-09 11:09:23 

środa, 9 stycznia 2019 11:12:09

Automatyczne sprawdzanie zgłoszeń zakończono o: 2019-01-09 11:12:09 

środa, 9 stycznia 2019 11:13:20

--- Main exception: Message ---
Nie można połączyć się z serwerem zdalnym

--- Main exception: StackTrace ---
   w Atlassian.Jira.Remote.JiraRestClient.ExecuteRequest[T](Method method, String resource, Object requestBody) w c:\projects\atlassian-net-sdk\Atlassian.Jira\Remote\JiraRestClient.cs:wiersz 119
   w Atlassian.Jira.Remote.JiraRestClient.GetIssueTypes(String token, String projectId) w c:\projects\atlassian-net-sdk\Atlassian.Jira\Remote\JiraRestClient.cs:wiersz 822
   w Atlassian.Jira.Jira.<>c__DisplayClass16.<GetIssueTypes>b__12(String token) w c:\projects\atlassian-net-sdk\Atlassian.Jira\Jira.cs:wiersz 414
   w Atlassian.Jira.Jira.<>c__DisplayClass3c.<WithToken>b__3b(String t) w c:\projects\atlassian-net-sdk\Atlassian.Jira\Jira.cs:wiersz 658
   w Atlassian.Jira.Jira.WithToken[TResult](Func`3 function) w c:\projects\atlassian-net-sdk\Atlassian.Jira\Jira.cs:wiersz 706
   w Atlassian.Jira.Jira.GetIssueTypes(String projectKey) w c:\projects\atlassian-net-sdk\Atlassian.Jira\Jira.cs:wiersz 419
   w Atlassian.Jira.JiraNamedEntity.get_Name() w c:\projects\atlassian-net-sdk\Atlassian.Jira\JiraNamedEntity.cs:wiersz 0
   w Logic.Implementation.XmlParser.IssuesToSlaRaportXML(List`1 issues) w C:\CP\ParserGit\JiraParser\Logic\Implementation\XmlParser.cs:wiersz 453
   w GUI.MainForm.<timer2_Tick>b__96_0() w C:\CP\ParserGit\JiraParser\GUI\MainForm.cs:wiersz 2660

--- Main exception: Source ---
Atlassian.Jira

środa, 9 stycznia 2019 11:15:07

Automatyczne sprawdzanie zgłoszeń zakończono o: 2019-01-09 11:15:07 

środa, 9 stycznia 2019 11:16:09

--- Main exception: Message ---
Nie można rozpoznać nazwy zdalnej: 'jira'

--- Main exception: StackTrace ---
   w Atlassian.Jira.Remote.JiraRestClient.ExecuteRequest[T](Method method, String resource, Object requestBody) w c:\projects\atlassian-net-sdk\Atlassian.Jira\Remote\JiraRestClient.cs:wiersz 119
   w Atlassian.Jira.Remote.JiraRestClient.GetPriorities(String token) w c:\projects\atlassian-net-sdk\Atlassian.Jira\Remote\JiraRestClient.cs:wiersz 785
   w Atlassian.Jira.Jira.<GetIssuePriorities>b__24(String token) w c:\projects\atlassian-net-sdk\Atlassian.Jira\Jira.cs:wiersz 478
   w Atlassian.Jira.Jira.<>c__DisplayClass3c.<WithToken>b__3b(String t) w c:\projects\atlassian-net-sdk\Atlassian.Jira\Jira.cs:wiersz 658
   w Atlassian.Jira.Jira.WithToken[TResult](Func`3 function) w c:\projects\atlassian-net-sdk\Atlassian.Jira\Jira.cs:wiersz 706
   w Atlassian.Jira.Jira.GetIssuePriorities() w c:\projects\atlassian-net-sdk\Atlassian.Jira\Jira.cs:wiersz 482
   w GUI.MainForm.LoginJira() w C:\CP\ParserGit\JiraParser\GUI\MainForm.cs:wiersz 4360

--- Main exception: Source ---
Atlassian.Jira

środa, 9 stycznia 2019 11:16:27

--- Main exception: Message ---
Nie można rozpoznać nazwy zdalnej: 'jira'

--- Main exception: StackTrace ---
   w Atlassian.Jira.Remote.JiraRestClient.ExecuteRequest[T](Method method, String resource, Object requestBody) w c:\projects\atlassian-net-sdk\Atlassian.Jira\Remote\JiraRestClient.cs:wiersz 119
   w Atlassian.Jira.Remote.JiraRestClient.GetPriorities(String token) w c:\projects\atlassian-net-sdk\Atlassian.Jira\Remote\JiraRestClient.cs:wiersz 785
   w Atlassian.Jira.Jira.<GetIssuePriorities>b__24(String token) w c:\projects\atlassian-net-sdk\Atlassian.Jira\Jira.cs:wiersz 478
   w Atlassian.Jira.Jira.<>c__DisplayClass3c.<WithToken>b__3b(String t) w c:\projects\atlassian-net-sdk\Atlassian.Jira\Jira.cs:wiersz 658
   w Atlassian.Jira.Jira.WithToken[TResult](Func`3 function) w c:\projects\atlassian-net-sdk\Atlassian.Jira\Jira.cs:wiersz 706
   w Atlassian.Jira.Jira.GetIssuePriorities() w c:\projects\atlassian-net-sdk\Atlassian.Jira\Jira.cs:wiersz 482
   w GUI.MainForm.LoginJira() w C:\CP\ParserGit\JiraParser\GUI\MainForm.cs:wiersz 4360

--- Main exception: Source ---
Atlassian.Jira

środa, 9 stycznia 2019 11:16:30

--- Main exception: Message ---
Nie można rozpoznać nazwy zdalnej: 'jira'

--- Main exception: StackTrace ---
   w Atlassian.Jira.Remote.JiraRestClient.ExecuteRequest[T](Method method, String resource, Object requestBody) w c:\projects\atlassian-net-sdk\Atlassian.Jira\Remote\JiraRestClient.cs:wiersz 119
   w Atlassian.Jira.Remote.JiraRestClient.GetPriorities(String token) w c:\projects\atlassian-net-sdk\Atlassian.Jira\Remote\JiraRestClient.cs:wiersz 785
   w Atlassian.Jira.Jira.<GetIssuePriorities>b__24(String token) w c:\projects\atlassian-net-sdk\Atlassian.Jira\Jira.cs:wiersz 478
   w Atlassian.Jira.Jira.<>c__DisplayClass3c.<WithToken>b__3b(String t) w c:\projects\atlassian-net-sdk\Atlassian.Jira\Jira.cs:wiersz 658
   w Atlassian.Jira.Jira.WithToken[TResult](Func`3 function) w c:\projects\atlassian-net-sdk\Atlassian.Jira\Jira.cs:wiersz 706
   w Atlassian.Jira.Jira.GetIssuePriorities() w c:\projects\atlassian-net-sdk\Atlassian.Jira\Jira.cs:wiersz 482
   w GUI.MainForm.LoginJira() w C:\CP\ParserGit\JiraParser\GUI\MainForm.cs:wiersz 4360

--- Main exception: Source ---
Atlassian.Jira

środa, 9 stycznia 2019 11:16:32

--- Main exception: Message ---
Nie można rozpoznać nazwy zdalnej: 'jira'

--- Main exception: StackTrace ---
   w Atlassian.Jira.Remote.JiraRestClient.ExecuteRequest[T](Method method, String resource, Object requestBody) w c:\projects\atlassian-net-sdk\Atlassian.Jira\Remote\JiraRestClient.cs:wiersz 119
   w Atlassian.Jira.Remote.JiraRestClient.GetPriorities(String token) w c:\projects\atlassian-net-sdk\Atlassian.Jira\Remote\JiraRestClient.cs:wiersz 785
   w Atlassian.Jira.Jira.<GetIssuePriorities>b__24(String token) w c:\projects\atlassian-net-sdk\Atlassian.Jira\Jira.cs:wiersz 478
   w Atlassian.Jira.Jira.<>c__DisplayClass3c.<WithToken>b__3b(String t) w c:\projects\atlassian-net-sdk\Atlassian.Jira\Jira.cs:wiersz 658
   w Atlassian.Jira.Jira.WithToken[TResult](Func`3 function) w c:\projects\atlassian-net-sdk\Atlassian.Jira\Jira.cs:wiersz 706
   w Atlassian.Jira.Jira.GetIssuePriorities() w c:\projects\atlassian-net-sdk\Atlassian.Jira\Jira.cs:wiersz 482
   w GUI.MainForm.LoginJira() w C:\CP\ParserGit\JiraParser\GUI\MainForm.cs:wiersz 4360

--- Main exception: Source ---
Atlassian.Jira

środa, 9 stycznia 2019 11:16:35

--- Main exception: Message ---
Nie można rozpoznać nazwy zdalnej: 'jira'

--- Main exception: StackTrace ---
   w Atlassian.Jira.Remote.JiraRestClient.ExecuteRequest[T](Method method, String resource, Object requestBody) w c:\projects\atlassian-net-sdk\Atlassian.Jira\Remote\JiraRestClient.cs:wiersz 119
   w Atlassian.Jira.Remote.JiraRestClient.GetPriorities(String token) w c:\projects\atlassian-net-sdk\Atlassian.Jira\Remote\JiraRestClient.cs:wiersz 785
   w Atlassian.Jira.Jira.<GetIssuePriorities>b__24(String token) w c:\projects\atlassian-net-sdk\Atlassian.Jira\Jira.cs:wiersz 478
   w Atlassian.Jira.Jira.<>c__DisplayClass3c.<WithToken>b__3b(String t) w c:\projects\atlassian-net-sdk\Atlassian.Jira\Jira.cs:wiersz 658
   w Atlassian.Jira.Jira.WithToken[TResult](Func`3 function) w c:\projects\atlassian-net-sdk\Atlassian.Jira\Jira.cs:wiersz 706
   w Atlassian.Jira.Jira.GetIssuePriorities() w c:\projects\atlassian-net-sdk\Atlassian.Jira\Jira.cs:wiersz 482
   w GUI.MainForm.LoginJira() w C:\CP\ParserGit\JiraParser\GUI\MainForm.cs:wiersz 4360

--- Main exception: Source ---
Atlassian.Jira

środa, 9 stycznia 2019 11:16:39

--- Main exception: Message ---
Nie można rozpoznać nazwy zdalnej: 'jira'

--- Main exception: StackTrace ---
   w Atlassian.Jira.Remote.JiraRestClient.ExecuteRequest[T](Method method, String resource, Object requestBody) w c:\projects\atlassian-net-sdk\Atlassian.Jira\Remote\JiraRestClient.cs:wiersz 119
   w Atlassian.Jira.Remote.JiraRestClient.GetPriorities(String token) w c:\projects\atlassian-net-sdk\Atlassian.Jira\Remote\JiraRestClient.cs:wiersz 785
   w Atlassian.Jira.Jira.<GetIssuePriorities>b__24(String token) w c:\projects\atlassian-net-sdk\Atlassian.Jira\Jira.cs:wiersz 478
   w Atlassian.Jira.Jira.<>c__DisplayClass3c.<WithToken>b__3b(String t) w c:\projects\atlassian-net-sdk\Atlassian.Jira\Jira.cs:wiersz 658
   w Atlassian.Jira.Jira.WithToken[TResult](Func`3 function) w c:\projects\atlassian-net-sdk\Atlassian.Jira\Jira.cs:wiersz 706
   w Atlassian.Jira.Jira.GetIssuePriorities() w c:\projects\atlassian-net-sdk\Atlassian.Jira\Jira.cs:wiersz 482
   w GUI.MainForm.LoginJira() w C:\CP\ParserGit\JiraParser\GUI\MainForm.cs:wiersz 4360

--- Main exception: Source ---
Atlassian.Jira

środa, 9 stycznia 2019 11:16:54

--- Main exception: Message ---
Nie można rozpoznać nazwy zdalnej: 'jira'

--- Main exception: StackTrace ---
   w Atlassian.Jira.Remote.JiraRestClient.ExecuteRequest[T](Method method, String resource, Object requestBody) w c:\projects\atlassian-net-sdk\Atlassian.Jira\Remote\JiraRestClient.cs:wiersz 119
   w Atlassian.Jira.Remote.JiraRestClient.GetPriorities(String token) w c:\projects\atlassian-net-sdk\Atlassian.Jira\Remote\JiraRestClient.cs:wiersz 785
   w Atlassian.Jira.Jira.<GetIssuePriorities>b__24(String token) w c:\projects\atlassian-net-sdk\Atlassian.Jira\Jira.cs:wiersz 478
   w Atlassian.Jira.Jira.<>c__DisplayClass3c.<WithToken>b__3b(String t) w c:\projects\atlassian-net-sdk\Atlassian.Jira\Jira.cs:wiersz 658
   w Atlassian.Jira.Jira.WithToken[TResult](Func`3 function) w c:\projects\atlassian-net-sdk\Atlassian.Jira\Jira.cs:wiersz 706
   w Atlassian.Jira.Jira.GetIssuePriorities() w c:\projects\atlassian-net-sdk\Atlassian.Jira\Jira.cs:wiersz 482
   w GUI.MainForm.LoginJira() w C:\CP\ParserGit\JiraParser\GUI\MainForm.cs:wiersz 4360

--- Main exception: Source ---
Atlassian.Jira

środa, 9 stycznia 2019 11:17:09

--- Main exception: Message ---
Nie można rozpoznać nazwy zdalnej: 'jira'

--- Main exception: StackTrace ---
   w Atlassian.Jira.Remote.JiraRestClient.ExecuteRequest[T](Method method, String resource, Object requestBody) w c:\projects\atlassian-net-sdk\Atlassian.Jira\Remote\JiraRestClient.cs:wiersz 119
   w Atlassian.Jira.Remote.JiraRestClient.GetPriorities(String token) w c:\projects\atlassian-net-sdk\Atlassian.Jira\Remote\JiraRestClient.cs:wiersz 785
   w Atlassian.Jira.Jira.<GetIssuePriorities>b__24(String token) w c:\projects\atlassian-net-sdk\Atlassian.Jira\Jira.cs:wiersz 478
   w Atlassian.Jira.Jira.<>c__DisplayClass3c.<WithToken>b__3b(String t) w c:\projects\atlassian-net-sdk\Atlassian.Jira\Jira.cs:wiersz 658
   w Atlassian.Jira.Jira.WithToken[TResult](Func`3 function) w c:\projects\atlassian-net-sdk\Atlassian.Jira\Jira.cs:wiersz 706
   w Atlassian.Jira.Jira.GetIssuePriorities() w c:\projects\atlassian-net-sdk\Atlassian.Jira\Jira.cs:wiersz 482
   w GUI.MainForm.LoginJira() w C:\CP\ParserGit\JiraParser\GUI\MainForm.cs:wiersz 4360

--- Main exception: Source ---
Atlassian.Jira

środa, 9 stycznia 2019 11:17:24

--- Main exception: Message ---
Nie można rozpoznać nazwy zdalnej: 'jira'

--- Main exception: StackTrace ---
   w Atlassian.Jira.Remote.JiraRestClient.ExecuteRequest[T](Method method, String resource, Object requestBody) w c:\projects\atlassian-net-sdk\Atlassian.Jira\Remote\JiraRestClient.cs:wiersz 119
   w Atlassian.Jira.Remote.JiraRestClient.GetPriorities(String token) w c:\projects\atlassian-net-sdk\Atlassian.Jira\Remote\JiraRestClient.cs:wiersz 785
   w Atlassian.Jira.Jira.<GetIssuePriorities>b__24(String token) w c:\projects\atlassian-net-sdk\Atlassian.Jira\Jira.cs:wiersz 478
   w Atlassian.Jira.Jira.<>c__DisplayClass3c.<WithToken>b__3b(String t) w c:\projects\atlassian-net-sdk\Atlassian.Jira\Jira.cs:wiersz 658
   w Atlassian.Jira.Jira.WithToken[TResult](Func`3 function) w c:\projects\atlassian-net-sdk\Atlassian.Jira\Jira.cs:wiersz 706
   w Atlassian.Jira.Jira.GetIssuePriorities() w c:\projects\atlassian-net-sdk\Atlassian.Jira\Jira.cs:wiersz 482
   w GUI.MainForm.LoginJira() w C:\CP\ParserGit\JiraParser\GUI\MainForm.cs:wiersz 4360

--- Main exception: Source ---
Atlassian.Jira

środa, 9 stycznia 2019 11:17:39

--- Main exception: Message ---
Nie można rozpoznać nazwy zdalnej: 'jira'

--- Main exception: StackTrace ---
   w Atlassian.Jira.Remote.JiraRestClient.ExecuteRequest[T](Method method, String resource, Object requestBody) w c:\projects\atlassian-net-sdk\Atlassian.Jira\Remote\JiraRestClient.cs:wiersz 119
   w Atlassian.Jira.Remote.JiraRestClient.GetPriorities(String token) w c:\projects\atlassian-net-sdk\Atlassian.Jira\Remote\JiraRestClient.cs:wiersz 785
   w Atlassian.Jira.Jira.<GetIssuePriorities>b__24(String token) w c:\projects\atlassian-net-sdk\Atlassian.Jira\Jira.cs:wiersz 478
   w Atlassian.Jira.Jira.<>c__DisplayClass3c.<WithToken>b__3b(String t) w c:\projects\atlassian-net-sdk\Atlassian.Jira\Jira.cs:wiersz 658
   w Atlassian.Jira.Jira.WithToken[TResult](Func`3 function) w c:\projects\atlassian-net-sdk\Atlassian.Jira\Jira.cs:wiersz 706
   w Atlassian.Jira.Jira.GetIssuePriorities() w c:\projects\atlassian-net-sdk\Atlassian.Jira\Jira.cs:wiersz 482
   w GUI.MainForm.LoginJira() w C:\CP\ParserGit\JiraParser\GUI\MainForm.cs:wiersz 4360

--- Main exception: Source ---
Atlassian.Jira

środa, 9 stycznia 2019 11:46:07

Automatyczne sprawdzanie zgłoszeń zakończono o: 2019-01-09 11:46:06 

środa, 9 stycznia 2019 11:49:03

Automatyczne sprawdzanie zgłoszeń zakończono o: 2019-01-09 11:49:03 

środa, 9 stycznia 2019 11:51:59

Automatyczne sprawdzanie zgłoszeń zakończono o: 2019-01-09 11:51:59 

środa, 9 stycznia 2019 11:54:52

Automatyczne sprawdzanie zgłoszeń zakończono o: 2019-01-09 11:54:52 

środa, 9 stycznia 2019 11:54:54

Zgłoszenie CRM-74857 dodano automatycznie o godzinie 2019-01-09 11:54:54!
środa, 9 stycznia 2019 11:59:04

Automatyczne sprawdzanie zgłoszeń zakończono o: 2019-01-09 11:59:04 

środa, 9 stycznia 2019 12:02:00

Automatyczne sprawdzanie zgłoszeń zakończono o: 2019-01-09 12:02:00 

środa, 9 stycznia 2019 12:05:01

Automatyczne sprawdzanie zgłoszeń zakończono o: 2019-01-09 12:05:01 

środa, 9 stycznia 2019 12:07:58

Automatyczne sprawdzanie zgłoszeń zakończono o: 2019-01-09 12:07:58 

środa, 9 stycznia 2019 12:10:54

Automatyczne sprawdzanie zgłoszeń zakończono o: 2019-01-09 12:10:54 

środa, 9 stycznia 2019 12:10:56

Zgłoszenie ZCC-17826 dodano automatycznie o godzinie 2019-01-09 12:10:56!
środa, 9 stycznia 2019 12:13:52

Automatyczne sprawdzanie zgłoszeń zakończono o: 2019-01-09 12:13:52 

środa, 9 stycznia 2019 12:16:45

Automatyczne sprawdzanie zgłoszeń zakończono o: 2019-01-09 12:16:45 

środa, 9 stycznia 2019 12:19:39

Automatyczne sprawdzanie zgłoszeń zakończono o: 2019-01-09 12:19:39 

środa, 9 stycznia 2019 12:22:34

Automatyczne sprawdzanie zgłoszeń zakończono o: 2019-01-09 12:22:34 

środa, 9 stycznia 2019 12:25:29

Automatyczne sprawdzanie zgłoszeń zakończono o: 2019-01-09 12:25:29 

środa, 9 stycznia 2019 12:28:21

Automatyczne sprawdzanie zgłoszeń zakończono o: 2019-01-09 12:28:20 

środa, 9 stycznia 2019 12:31:14

Automatyczne sprawdzanie zgłoszeń zakończono o: 2019-01-09 12:31:14 

środa, 9 stycznia 2019 12:36:00

Automatyczne sprawdzanie zgłoszeń zakończono o: 2019-01-09 12:36:00 

środa, 9 stycznia 2019 12:38:57

Automatyczne sprawdzanie zgłoszeń zakończono o: 2019-01-09 12:38:57 

środa, 9 stycznia 2019 12:41:53

Automatyczne sprawdzanie zgłoszeń zakończono o: 2019-01-09 12:41:53 

środa, 9 stycznia 2019 12:44:46

Automatyczne sprawdzanie zgłoszeń zakończono o: 2019-01-09 12:44:46 

środa, 9 stycznia 2019 12:47:36

Automatyczne sprawdzanie zgłoszeń zakończono o: 2019-01-09 12:47:36 

środa, 9 stycznia 2019 12:50:25

Automatyczne sprawdzanie zgłoszeń zakończono o: 2019-01-09 12:50:25 

środa, 9 stycznia 2019 12:53:11

Automatyczne sprawdzanie zgłoszeń zakończono o: 2019-01-09 12:53:11 

środa, 9 stycznia 2019 12:55:56

Automatyczne sprawdzanie zgłoszeń zakończono o: 2019-01-09 12:55:56 

środa, 9 stycznia 2019 12:58:45

Automatyczne sprawdzanie zgłoszeń zakończono o: 2019-01-09 12:58:45 

środa, 9 stycznia 2019 13:01:39

Automatyczne sprawdzanie zgłoszeń zakończono o: 2019-01-09 13:01:39 

środa, 9 stycznia 2019 13:04:33

Automatyczne sprawdzanie zgłoszeń zakończono o: 2019-01-09 13:04:33 

środa, 9 stycznia 2019 13:07:19

Automatyczne sprawdzanie zgłoszeń zakończono o: 2019-01-09 13:07:19 

środa, 9 stycznia 2019 13:10:07

Automatyczne sprawdzanie zgłoszeń zakończono o: 2019-01-09 13:10:07 

środa, 9 stycznia 2019 13:12:58

Automatyczne sprawdzanie zgłoszeń zakończono o: 2019-01-09 13:12:58 

środa, 9 stycznia 2019 13:15:44

Automatyczne sprawdzanie zgłoszeń zakończono o: 2019-01-09 13:15:44 

środa, 9 stycznia 2019 13:15:46

Zgłoszenie ZCC-17829 dodano automatycznie o godzinie 2019-01-09 13:15:46!
środa, 9 stycznia 2019 13:18:34

Automatyczne sprawdzanie zgłoszeń zakończono o: 2019-01-09 13:18:34 

środa, 9 stycznia 2019 13:21:20

Automatyczne sprawdzanie zgłoszeń zakończono o: 2019-01-09 13:21:20 

środa, 9 stycznia 2019 13:24:10

Automatyczne sprawdzanie zgłoszeń zakończono o: 2019-01-09 13:24:10 

środa, 9 stycznia 2019 13:27:03

Automatyczne sprawdzanie zgłoszeń zakończono o: 2019-01-09 13:27:03 

środa, 9 stycznia 2019 13:29:48

Automatyczne sprawdzanie zgłoszeń zakończono o: 2019-01-09 13:29:48 

środa, 9 stycznia 2019 13:32:45

Automatyczne sprawdzanie zgłoszeń zakończono o: 2019-01-09 13:32:45 

środa, 9 stycznia 2019 13:35:34

Automatyczne sprawdzanie zgłoszeń zakończono o: 2019-01-09 13:35:34 

środa, 9 stycznia 2019 13:38:19

Automatyczne sprawdzanie zgłoszeń zakończono o: 2019-01-09 13:38:19 

środa, 9 stycznia 2019 13:41:15

Automatyczne sprawdzanie zgłoszeń zakończono o: 2019-01-09 13:41:15 

środa, 9 stycznia 2019 13:44:00

Automatyczne sprawdzanie zgłoszeń zakończono o: 2019-01-09 13:44:00 

środa, 9 stycznia 2019 13:46:52

Automatyczne sprawdzanie zgłoszeń zakończono o: 2019-01-09 13:46:52 

środa, 9 stycznia 2019 13:49:40

Automatyczne sprawdzanie zgłoszeń zakończono o: 2019-01-09 13:49:40 

środa, 9 stycznia 2019 13:52:26

Automatyczne sprawdzanie zgłoszeń zakończono o: 2019-01-09 13:52:26 

środa, 9 stycznia 2019 13:55:11

Automatyczne sprawdzanie zgłoszeń zakończono o: 2019-01-09 13:55:11 

środa, 9 stycznia 2019 13:57:57

Automatyczne sprawdzanie zgłoszeń zakończono o: 2019-01-09 13:57:57 

środa, 9 stycznia 2019 14:00:47

Automatyczne sprawdzanie zgłoszeń zakończono o: 2019-01-09 14:00:47 

środa, 9 stycznia 2019 14:03:32

Automatyczne sprawdzanie zgłoszeń zakończono o: 2019-01-09 14:03:32 

środa, 9 stycznia 2019 14:03:34

Zgłoszenie KKK-3848 dodano automatycznie o godzinie 2019-01-09 14:03:34!
środa, 9 stycznia 2019 14:06:26

Automatyczne sprawdzanie zgłoszeń zakończono o: 2019-01-09 14:06:26 

środa, 9 stycznia 2019 14:06:29

Zgłoszenie CRM-74859 dodano automatycznie o godzinie 2019-01-09 14:06:29!
środa, 9 stycznia 2019 14:09:16

Automatyczne sprawdzanie zgłoszeń zakończono o: 2019-01-09 14:09:16 

środa, 9 stycznia 2019 14:12:03

Automatyczne sprawdzanie zgłoszeń zakończono o: 2019-01-09 14:12:03 

środa, 9 stycznia 2019 14:14:55

Automatyczne sprawdzanie zgłoszeń zakończono o: 2019-01-09 14:14:55 

środa, 9 stycznia 2019 14:17:45

Automatyczne sprawdzanie zgłoszeń zakończono o: 2019-01-09 14:17:45 

środa, 9 stycznia 2019 14:17:47

Zgłoszenie ZCC-17830 dodano automatycznie o godzinie 2019-01-09 14:17:47!
środa, 9 stycznia 2019 14:20:37

Automatyczne sprawdzanie zgłoszeń zakończono o: 2019-01-09 14:20:37 

środa, 9 stycznia 2019 14:23:27

Automatyczne sprawdzanie zgłoszeń zakończono o: 2019-01-09 14:23:27 

środa, 9 stycznia 2019 14:26:18

Automatyczne sprawdzanie zgłoszeń zakończono o: 2019-01-09 14:26:18 

środa, 9 stycznia 2019 14:26:20

Zgłoszenie KKK-3849 dodano automatycznie o godzinie 2019-01-09 14:26:20!
środa, 9 stycznia 2019 14:29:10

Automatyczne sprawdzanie zgłoszeń zakończono o: 2019-01-09 14:29:10 

środa, 9 stycznia 2019 14:32:01

Automatyczne sprawdzanie zgłoszeń zakończono o: 2019-01-09 14:32:01 

środa, 9 stycznia 2019 14:34:55

Automatyczne sprawdzanie zgłoszeń zakończono o: 2019-01-09 14:34:55 

środa, 9 stycznia 2019 14:37:49

Automatyczne sprawdzanie zgłoszeń zakończono o: 2019-01-09 14:37:49 

środa, 9 stycznia 2019 14:40:38

Automatyczne sprawdzanie zgłoszeń zakończono o: 2019-01-09 14:40:38 

środa, 9 stycznia 2019 14:40:40

Zgłoszenie INFOLINIA-6446 dodano automatycznie o godzinie 2019-01-09 14:40:40!
środa, 9 stycznia 2019 14:56:45

Automatyczne sprawdzanie zgłoszeń zakończono o: 2019-01-09 14:56:45 

środa, 9 stycznia 2019 14:59:30

Automatyczne sprawdzanie zgłoszeń zakończono o: 2019-01-09 14:59:30 

środa, 9 stycznia 2019 15:02:19

Automatyczne sprawdzanie zgłoszeń zakończono o: 2019-01-09 15:02:19 

środa, 9 stycznia 2019 15:05:13

Automatyczne sprawdzanie zgłoszeń zakończono o: 2019-01-09 15:05:13 

środa, 9 stycznia 2019 15:07:59

Automatyczne sprawdzanie zgłoszeń zakończono o: 2019-01-09 15:07:59 

środa, 9 stycznia 2019 15:10:50

Automatyczne sprawdzanie zgłoszeń zakończono o: 2019-01-09 15:10:50 

środa, 9 stycznia 2019 15:13:35

Automatyczne sprawdzanie zgłoszeń zakończono o: 2019-01-09 15:13:35 

środa, 9 stycznia 2019 15:16:25

Automatyczne sprawdzanie zgłoszeń zakończono o: 2019-01-09 15:16:25 

środa, 9 stycznia 2019 15:19:11

Automatyczne sprawdzanie zgłoszeń zakończono o: 2019-01-09 15:19:11 

środa, 9 stycznia 2019 15:22:00

Automatyczne sprawdzanie zgłoszeń zakończono o: 2019-01-09 15:22:00 

środa, 9 stycznia 2019 15:24:46

Automatyczne sprawdzanie zgłoszeń zakończono o: 2019-01-09 15:24:46 

środa, 9 stycznia 2019 15:27:37

Automatyczne sprawdzanie zgłoszeń zakończono o: 2019-01-09 15:27:37 

środa, 9 stycznia 2019 15:30:23

Automatyczne sprawdzanie zgłoszeń zakończono o: 2019-01-09 15:30:23 

środa, 9 stycznia 2019 15:33:14

Automatyczne sprawdzanie zgłoszeń zakończono o: 2019-01-09 15:33:14 

środa, 9 stycznia 2019 15:36:00

Automatyczne sprawdzanie zgłoszeń zakończono o: 2019-01-09 15:36:00 

