środa, 14 sierpnia 2019 11:17:33

--- Main exception: Message ---
Błędne Hasło JIRA dla użytkownika prekawek

--- Main exception: StackTrace ---


--- Main exception: Source ---


środa, 14 sierpnia 2019 12:11:36

Zgłoszenie ZCC-19275 dodano automatycznie o godzinie 2019-08-14 12:11:36!
środa, 14 sierpnia 2019 12:11:36

Modyfikacja treeItem checkAsAssigneśroda, 14 sierpnia 2019 12:11:45

addCommentJira string jiraKey ZCC-19275środa, 14 sierpnia 2019 12:11:45

addCommentJira object sender, DoWorkEventArgs e ZCC-19275środa, 14 sierpnia 2019 12:27:51

--- Main exception: Message ---
Nieprawidłowa operacja między wątkami: do formantu '' uzyskiwany jest dostęp z wątku innego niż wątek, w którym został utworzony.

--- Main exception: StackTrace ---
   w System.Windows.Forms.Control.get_Handle()
   w System.Windows.Forms.Control.SetVisibleCore(Boolean value)
   w System.Windows.Forms.DataGridView.LayoutScrollBars()
   w System.Windows.Forms.DataGridView.ComputeLayout()
   w System.Windows.Forms.DataGridView.PerformLayoutPrivate(Boolean useRowShortcut, Boolean computeVisibleRows, Boolean invalidInAdjustFillingColumns, Boolean repositionEditingControl)
   w System.Windows.Forms.DataGridView.OnColumnWidthChanged(DataGridViewColumnEventArgs e)
   w System.Windows.Forms.DataGridViewBand.set_ThicknessInternal(Int32 value)
   w System.Windows.Forms.DataGridView.AutoResizeColumnInternal(Int32 columnIndex, DataGridViewAutoSizeColumnCriteriaInternal autoSizeColumnCriteriaInternal, Boolean fixedHeight)
   w System.Windows.Forms.DataGridView.OnCellCommonChange(Int32 columnIndex, Int32 rowIndex)
   w System.Windows.Forms.DataGridView.OnCellValueChanged(DataGridViewCellEventArgs e)
   w System.Windows.Forms.DataGridViewCell.SetValue(Int32 rowIndex, Object value)
   w GUI.MainForm.slaUpdateRowInfo(Object sender, DoWorkEventArgs e) w C:\CP\ParserGit\JiraParser\GUI\SlaService.cs:wiersz 625

--- Main exception: Source ---
System.Windows.Forms

środa, 14 sierpnia 2019 12:28:03

--- Main exception: Message ---
issueMove[treeView4] nie zawiera IssueId=ZCC-19247

--- Main exception: StackTrace ---
   w GUI.MainForm.ModelerForm_sla_ActionFinish(String issueid, String eventName, TreeView tr) w C:\CP\ParserGit\JiraParser\GUI\MainForm.cs:wiersz 6744

--- Main exception: Source ---
GUI

środa, 14 sierpnia 2019 12:28:10

--- Main exception: Message ---
issueMove[treeView4] nie zawiera IssueId=ZCC-19246

--- Main exception: StackTrace ---
   w GUI.MainForm.ModelerForm_sla_ActionFinish(String issueid, String eventName, TreeView tr) w C:\CP\ParserGit\JiraParser\GUI\MainForm.cs:wiersz 6744

--- Main exception: Source ---
GUI

środa, 14 sierpnia 2019 12:28:19

--- Main exception: Message ---
issueMove[treeView4] nie zawiera IssueId=ZCC-19253

--- Main exception: StackTrace ---
   w GUI.MainForm.ModelerForm_sla_ActionFinish(String issueid, String eventName, TreeView tr) w C:\CP\ParserGit\JiraParser\GUI\MainForm.cs:wiersz 6744

--- Main exception: Source ---
GUI

środa, 14 sierpnia 2019 12:28:22

--- Main exception: Message ---
issueMove[treeView4] nie zawiera IssueId=ZCC-19252

--- Main exception: StackTrace ---
   w GUI.MainForm.ModelerForm_sla_ActionFinish(String issueid, String eventName, TreeView tr) w C:\CP\ParserGit\JiraParser\GUI\MainForm.cs:wiersz 6744

--- Main exception: Source ---
GUI

środa, 14 sierpnia 2019 12:50:44

Zgłoszenie ZCC-19277 dodano automatycznie o godzinie 2019-08-14 12:50:44!
środa, 14 sierpnia 2019 12:50:44

Modyfikacja treeItem checkAsAssigneśroda, 14 sierpnia 2019 12:50:52

addCommentJira string jiraKey ZCC-19277środa, 14 sierpnia 2019 12:50:52

addCommentJira object sender, DoWorkEventArgs e ZCC-19277środa, 14 sierpnia 2019 12:51:01

--- Main exception: Message ---
Nieprawidłowa operacja między wątkami: do formantu '' uzyskiwany jest dostęp z wątku innego niż wątek, w którym został utworzony.

--- Main exception: StackTrace ---
   w System.Windows.Forms.Control.get_Handle()
   w System.Windows.Forms.Control.SetVisibleCore(Boolean value)
   w System.Windows.Forms.DataGridView.LayoutScrollBars()
   w System.Windows.Forms.DataGridView.ComputeLayout()
   w System.Windows.Forms.DataGridView.PerformLayoutPrivate(Boolean useRowShortcut, Boolean computeVisibleRows, Boolean invalidInAdjustFillingColumns, Boolean repositionEditingControl)
   w System.Windows.Forms.DataGridView.OnColumnWidthChanged(DataGridViewColumnEventArgs e)
   w System.Windows.Forms.DataGridViewBand.set_ThicknessInternal(Int32 value)
   w System.Windows.Forms.DataGridView.AutoResizeColumnInternal(Int32 columnIndex, DataGridViewAutoSizeColumnCriteriaInternal autoSizeColumnCriteriaInternal, Boolean fixedHeight)
   w System.Windows.Forms.DataGridView.OnCellCommonChange(Int32 columnIndex, Int32 rowIndex)
   w System.Windows.Forms.DataGridView.OnCellValueChanged(DataGridViewCellEventArgs e)
   w System.Windows.Forms.DataGridViewCell.SetValue(Int32 rowIndex, Object value)
   w GUI.MainForm.slaUpdateRowInfo(Object sender, DoWorkEventArgs e) w C:\CP\ParserGit\JiraParser\GUI\SlaService.cs:wiersz 626

--- Main exception: Source ---
System.Windows.Forms

środa, 14 sierpnia 2019 12:51:10

--- Main exception: Message ---
issueMove[treeView4] nie zawiera IssueId=ZCC-19250

--- Main exception: StackTrace ---
   w GUI.MainForm.ModelerForm_sla_ActionFinish(String issueid, String eventName, TreeView tr) w C:\CP\ParserGit\JiraParser\GUI\MainForm.cs:wiersz 6744

--- Main exception: Source ---
GUI

środa, 14 sierpnia 2019 12:51:15

--- Main exception: Message ---
issueMove[treeView4] nie zawiera IssueId=ZCC-19256

--- Main exception: StackTrace ---
   w GUI.MainForm.ModelerForm_sla_ActionFinish(String issueid, String eventName, TreeView tr) w C:\CP\ParserGit\JiraParser\GUI\MainForm.cs:wiersz 6744

--- Main exception: Source ---
GUI

środa, 14 sierpnia 2019 12:51:19

--- Main exception: Message ---
issueMove[treeView4] nie zawiera IssueId=ZCC-19255

--- Main exception: StackTrace ---
   w GUI.MainForm.ModelerForm_sla_ActionFinish(String issueid, String eventName, TreeView tr) w C:\CP\ParserGit\JiraParser\GUI\MainForm.cs:wiersz 6744

--- Main exception: Source ---
GUI

środa, 14 sierpnia 2019 12:51:24

--- Main exception: Message ---
issueMove[treeView4] nie zawiera IssueId=ZCC-19254

--- Main exception: StackTrace ---
   w GUI.MainForm.ModelerForm_sla_ActionFinish(String issueid, String eventName, TreeView tr) w C:\CP\ParserGit\JiraParser\GUI\MainForm.cs:wiersz 6744

--- Main exception: Source ---
GUI

środa, 14 sierpnia 2019 12:51:28

--- Main exception: Message ---
issueMove[treeView4] nie zawiera IssueId=ZCC-19259

--- Main exception: StackTrace ---
   w GUI.MainForm.ModelerForm_sla_ActionFinish(String issueid, String eventName, TreeView tr) w C:\CP\ParserGit\JiraParser\GUI\MainForm.cs:wiersz 6744

--- Main exception: Source ---
GUI

środa, 14 sierpnia 2019 12:51:33

--- Main exception: Message ---
issueMove[treeView4] nie zawiera IssueId=ZCC-19258

--- Main exception: StackTrace ---
   w GUI.MainForm.ModelerForm_sla_ActionFinish(String issueid, String eventName, TreeView tr) w C:\CP\ParserGit\JiraParser\GUI\MainForm.cs:wiersz 6744

--- Main exception: Source ---
GUI

środa, 14 sierpnia 2019 12:51:38

--- Main exception: Message ---
issueMove[treeView4] nie zawiera IssueId=ZCC-19257

--- Main exception: StackTrace ---
   w GUI.MainForm.ModelerForm_sla_ActionFinish(String issueid, String eventName, TreeView tr) w C:\CP\ParserGit\JiraParser\GUI\MainForm.cs:wiersz 6744

--- Main exception: Source ---
GUI

środa, 14 sierpnia 2019 12:51:44

--- Main exception: Message ---
issueMove[treeView4] nie zawiera IssueId=ZCC-19261

--- Main exception: StackTrace ---
   w GUI.MainForm.ModelerForm_sla_ActionFinish(String issueid, String eventName, TreeView tr) w C:\CP\ParserGit\JiraParser\GUI\MainForm.cs:wiersz 6744

--- Main exception: Source ---
GUI

środa, 14 sierpnia 2019 12:51:56

--- Main exception: Message ---
issueMove[treeView4] nie zawiera IssueId=ZCC-19260

--- Main exception: StackTrace ---
   w GUI.MainForm.ModelerForm_sla_ActionFinish(String issueid, String eventName, TreeView tr) w C:\CP\ParserGit\JiraParser\GUI\MainForm.cs:wiersz 6744

--- Main exception: Source ---
GUI

środa, 14 sierpnia 2019 12:52:03

--- Main exception: Message ---
issueMove[treeView4] nie zawiera IssueId=ZCC-19262

--- Main exception: StackTrace ---
   w GUI.MainForm.ModelerForm_sla_ActionFinish(String issueid, String eventName, TreeView tr) w C:\CP\ParserGit\JiraParser\GUI\MainForm.cs:wiersz 6744

--- Main exception: Source ---
GUI

środa, 14 sierpnia 2019 12:52:07

--- Main exception: Message ---
issueMove[treeView4] nie zawiera IssueId=ZCC-19264

--- Main exception: StackTrace ---
   w GUI.MainForm.ModelerForm_sla_ActionFinish(String issueid, String eventName, TreeView tr) w C:\CP\ParserGit\JiraParser\GUI\MainForm.cs:wiersz 6744

--- Main exception: Source ---
GUI

środa, 14 sierpnia 2019 12:52:10

--- Main exception: Message ---
issueMove[treeView4] nie zawiera IssueId=ZCC-19263

--- Main exception: StackTrace ---
   w GUI.MainForm.ModelerForm_sla_ActionFinish(String issueid, String eventName, TreeView tr) w C:\CP\ParserGit\JiraParser\GUI\MainForm.cs:wiersz 6744

--- Main exception: Source ---
GUI

środa, 14 sierpnia 2019 12:52:13

--- Main exception: Message ---
issueMove[treeView4] nie zawiera IssueId=ZCC-19267

--- Main exception: StackTrace ---
   w GUI.MainForm.ModelerForm_sla_ActionFinish(String issueid, String eventName, TreeView tr) w C:\CP\ParserGit\JiraParser\GUI\MainForm.cs:wiersz 6744

--- Main exception: Source ---
GUI

środa, 14 sierpnia 2019 12:52:18

--- Main exception: Message ---
issueMove[treeView4] nie zawiera IssueId=ZCC-19266

--- Main exception: StackTrace ---
   w GUI.MainForm.ModelerForm_sla_ActionFinish(String issueid, String eventName, TreeView tr) w C:\CP\ParserGit\JiraParser\GUI\MainForm.cs:wiersz 6744

--- Main exception: Source ---
GUI

środa, 14 sierpnia 2019 12:52:21

--- Main exception: Message ---
issueMove[treeView4] nie zawiera IssueId=ZCC-19265

--- Main exception: StackTrace ---
   w GUI.MainForm.ModelerForm_sla_ActionFinish(String issueid, String eventName, TreeView tr) w C:\CP\ParserGit\JiraParser\GUI\MainForm.cs:wiersz 6744

--- Main exception: Source ---
GUI

środa, 14 sierpnia 2019 12:52:25

--- Main exception: Message ---
issueMove[treeView4] nie zawiera IssueId=ZCC-19272

--- Main exception: StackTrace ---
   w GUI.MainForm.ModelerForm_sla_ActionFinish(String issueid, String eventName, TreeView tr) w C:\CP\ParserGit\JiraParser\GUI\MainForm.cs:wiersz 6744

--- Main exception: Source ---
GUI

