czwartek, 16 maja 2019 07:50:26

Modyfikacja treeItem checkAsAssigneczwartek, 16 maja 2019 07:50:52

Modyfikacja treeItem checkAsAssigneczwartek, 16 maja 2019 07:50:58

Modyfikacja treeItem checkAsAssigneczwartek, 16 maja 2019 07:51:20

Modyfikacja treeItem checkAsAssigneczwartek, 16 maja 2019 07:51:54

Automatyczny zapis nowego zgłoszenia Entities.BillingIssueDtoHelios [2019-05-16 07:51:54] 

czwartek, 16 maja 2019 07:51:58

Automatyczny zapis poprawny Entities.BillingIssueDtoHelios [2019-05-16 07:51:58] 

czwartek, 16 maja 2019 07:51:58

Modyfikacja treeItemczwartek, 16 maja 2019 07:51:58

Status Auto: False 

czwartek, 16 maja 2019 07:51:58

Automatyczny zapis nowego zgłoszenia Entities.BillingIssueDtoHelios [2019-05-16 07:51:58] 

czwartek, 16 maja 2019 07:52:00

Automatyczny zapis poprawny Entities.BillingIssueDtoHelios [2019-05-16 07:52:00] 

czwartek, 16 maja 2019 07:52:00

Modyfikacja treeItemczwartek, 16 maja 2019 07:52:00

Status Auto: False 

czwartek, 16 maja 2019 07:52:00

Automatyczny zapis nowego zgłoszenia Entities.BillingIssueDtoHelios [2019-05-16 07:52:00] 

czwartek, 16 maja 2019 07:52:03

Automatyczny zapis poprawny Entities.BillingIssueDtoHelios [2019-05-16 07:52:03] 

czwartek, 16 maja 2019 07:52:03

Modyfikacja treeItemczwartek, 16 maja 2019 07:52:03

Status Auto: False 

czwartek, 16 maja 2019 07:52:09

--- Main exception: Message ---
Response Content: <html>

<head>
    <title>Unauthorized (401)</title>
    



<!--[if IE]><![endif]-->
<script type="text/javascript">
    (function() {
        var contextPath = '';
        var eventBuffer = [];

        function printDeprecatedMsg() {
            if (console && console.warn) {
                console.warn('DEPRECATED JS - contextPath global variable has been deprecated since 7.4.0. Use `wrm/context-path` module instead.');
            }
        }

        function sendEvent(analytics, postfix) {
            analytics.send({
                name: 'js.globals.contextPath.' + postfix
            });
        }

        function sendDeprecatedEvent(postfix) {
            try {
                var analytics = require('jira/analytics');
                if (eventBuffer.length) {
                    eventBuffer.forEach(function(value) {
                        sendEvent(analytics, value);
                    });
                    eventBuffer = [];
                }

                if (postfix) {
                    sendEvent(analytics, postfix);
                }
            } catch(ex) {
                eventBuffer.push(postfix);
                setTimeout(sendDeprecatedEvent, 1000);
            }
        }

        Object.defineProperty(window, 'contextPath', {
            get: function() {
                printDeprecatedMsg();
                sendDeprecatedEvent('get');
                return contextPath;
            },
            set: function(value) {
                printDeprecatedMsg();
                sendDeprecatedEvent('set');
                contextPath = value;
            }
        });
    })();

</script>
<script>
window.WRM=window.WRM||{};window.WRM._unparsedData=window.WRM._unparsedData||{};window.WRM._unparsedErrors=window.WRM._unparsedErrors||{};
WRM._unparsedData["com.atlassian.plugins.atlassian-plugins-webresource-plugin:context-path.context-path"]="\"\"";
WRM._unparsedData["jira.webresources:feature-flags.feature-flag-data"]="{\"enabled-feature-keys\":[\"com.atlassian.jira.agile.darkfeature.editable.detailsview\",\"nps.survey.inline.dialog\",\"com.atlassian.jira.agile.darkfeature.edit.closed.sprint.enabled\",\"jira.plugin.devstatus.phasetwo\",\"jira.frother.reporter.field\",\"atlassian.rest.xsrf.legacy.enabled\",\"jira.issue.status.lozenge\",\"com.atlassian.jira.config.BIG_PIPE\",\"com.atlassian.jira.config.PDL\",\"jira.plugin.devstatus.phasetwo.enabled\",\"atlassian.aui.raphael.disabled\",\"app-switcher.new\",\"frother.assignee.field\",\"com.atlassian.jira.projects.ProjectCentricNavigation.Switch\",\"jira.onboarding.cyoa\",\"com.atlassian.jira.agile.darkfeature.kanplan.enabled\",\"com.atlassian.jira.config.ProjectConfig.MENU\",\"com.atlassian.jira.projects.sidebar.DEFER_RESOURCES\",\"com.atlassian.jira.agile.darkfeature.kanplan.epics.and.versions.enabled\",\"com.atlassian.jira.agile.darkfeature.sprint.goal.enabled\",\"jira.zdu.admin-updates-ui\",\"jira.zdu.jmx-monitoring\",\"sd.new.settings.sidebar.location.disabled\",\"jira.zdu.cluster-upgrade-state\",\"com.atlassian.jira.agile.darkfeature.splitissue\",\"com.atlassian.jira.config.CoreFeatures.LICENSE_ROLES_ENABLED\",\"com.atlassian.feedback.feedback-button-move-to-header-enable\",\"jira.export.csv.enabled\"],\"feature-flag-states\":{\"com.atlassian.jira.agile.darkfeature.kanplan\":false,\"jira.priorities.per.project.jsd\":true,\"jira.instrumentation.laas\":false,\"com.atlassian.jira.agile.darkfeature.edit.closed.sprint\":false,\"com.atlassian.jira.issuetable.draggable\":true,\"jira.create.linked.issue\":true,\"com.atlassian.jira.agile.darkfeature.sprint.goal\":false,\"com.atlassian.jira.agile.darkfeature.kanban.hide.old.done.issues\":false,\"jira.sal.host.connect.accessor.existing.transaction.will.create.transactions\":true,\"jira.jql.suggestrecentfields\":false,\"com.atlassian.jira.plugin.issuenavigator.filtersUxImprovment\":true,\"com.atlassian.jira.agile.darkfeature.kanplan.epics.and.versions\":false,\"jira.jql.smartautoselectfirst\":false,\"com.atlassian.jira.agile.darkfeature.optimistic.transitions\":true,\"com.atlassian.jira.issuetable.move.links.hidden\":true,\"jira.priorities.per.project\":true,\"com.atlassian.jira.upgrade.startup.fix.index\":true,\"jira.renderer.consider.variable.format\":true}}";
WRM._unparsedData["jira.webresources:default-comment-security-level.DefaultCommentSecurityLevelHelpLink"]="{\"extraClasses\":\"default-comment-level-help\",\"title\":\"Commenting on an Issue\",\"url\":\"https://docs.atlassian.com/jira/jcore-docs-076/Editing+and+collaborating+on+issues#Editingandcollaboratingonissues-restrictacomment\",\"isLocal\":false}";
WRM._unparsedData["com.onresolve.jira.groovy.groovyrunner:web-item-response-renderer.web-item-actions-data-provider"]="[]";
WRM._unparsedData["jira.webresources:dateFormatProvider.allFormats"]="{\"dateFormats\":{\"meridiem\":[\"AM\",\"PM\"],\"eras\":[\"p.n.e.\",\"n.e.\"],\"months\":[\"stycznia\",\"lutego\",\"marca\",\"kwietnia\",\"maja\",\"czerwca\",\"lipca\",\"sierpnia\",\"wrze\u015bnia\",\"pa\u017adziernika\",\"listopada\",\"grudnia\"],\"monthsShort\":[\"sty\",\"lut\",\"mar\",\"kwi\",\"maj\",\"cze\",\"lip\",\"sie\",\"wrz\",\"pa\u017a\",\"lis\",\"gru\"],\"weekdaysShort\":[\"N\",\"Pn\",\"Wt\",\"\u015ar\",\"Cz\",\"Pt\",\"So\"],\"weekdays\":[\"niedziela\",\"poniedzia\u0142ek\",\"wtorek\",\"\u015broda\",\"czwartek\",\"pi\u0105tek\",\"sobota\"]},\"lookAndFeelFormats\":{\"relativize\":\"false\",\"time\":\"H:mm\",\"day\":\"EEEE H:mm\",\"dmy\":\"dd/MM/yyyy\",\"complete\":\"dd/MM/yyyy H:mm\"}}";
WRM._unparsedData["com.atlassian.plugins.helptips.jira-help-tips:help-tip-manager.JiraHelpTipData"]="{\"anonymous\":true}";
WRM._unparsedData["jira.webresources:avatar-picker.data"]="{}";
WRM._unparsedData["com.atlassian.jira.jira-header-plugin:dismissedFlags.flags"]="{\"dismissed\":[]}";
WRM._unparsedData["com.atlassian.jira.jira-header-plugin:newsletter-signup-tip-init.newsletterSignup"]="{\"signupDescription\":\"Si\u0119gnij po aktualizacje, inspiracje i sprawdzone rozwi\u0105zania od zespo\u0142u Jira.\",\"formUrl\":\"https://www.atlassian.com/apis/exact-target/{0}/subscribe?mailingListId=1401671\",\"signupTitle\":\"Zarejestruj si\u0119!\",\"signupId\":\"newsletter-signup-tip\",\"showNewsletterTip\":false}";
WRM._unparsedData["com.atlassian.jira.project-templates-plugin:project-templates-plugin-resources.ptAnalyticsData"]="{\"instanceCreatedDate\":\"2010-04-14\"}";
WRM._unparsedData["com.atlassian.jira.ext.calendar:tipDataProvider.tip"]="{\"suppressTip\":false}";
WRM._unparsedData["com.onresolve.jira.groovy.groovyrunner:directIdeaIntegration.idea-editor-data-provider"]="{\"available\":false,\"enabled\":false,\"isExternalIdeaEnabled\":false,\"url\":\"https://localhost:63349\",\"app\":\"JIRA\",\"platformId\":\"jira\",\"version\":\"7.6.8\",\"pluginVersion\":\"5.4.45\",\"running\":false,\"canonicalBaseUrl\":\"https://jira.polsatc\",\"scriptRoots\":[],\"hasEditPermissions\":false}";
WRM._unparsedData["com.atlassian.jira.plugins.jira-wiki-editor:wiki-editor-resources.help-data"]="{\"showHelp\":true,\"editorDocumentationUrl\":[\"https://docs.atlassian.com/jira/jcore-docs-076/Visual+editing\"],\"editorDocumentationTitle\":[\"Show me documentation for the visual editor\"]}";
WRM._unparsedData["com.atlassian.jira.plugins.jira-wiki-editor:wiki-editor-resources.thumbnails-allowed"]="true";
WRM._unparsedData["jira.webresources:user-message-flags.adminLockout"]="{}";
if(window.WRM._dataArrived)window.WRM._dataArrived();</script>
<link type="text/css" rel="stylesheet" href="/s/7c74042ca47c78458ae7f9e42bba0ff3-CDN/qgt2gs/76010/beaf2afaa02719a29c4bcdd5a3976a69/5b966350b1076959f2ab0067350622b4/_/download/contextbatch/css/_super/batch.css" data-wrm-key="_super" data-wrm-batch-type="context" media="all">
<link type="text/css" rel="stylesheet" href="/s/ebed76df7d53e58f9d5cd82a45608778-CDN/qgt2gs/76010/beaf2afaa02719a29c4bcdd5a3976a69/71f1cae5872a0b2b406720898874245a/_/download/contextbatch/css/atl.general,jira.global,jira.general,-_super/batch.css?agile_global_admin_condition=true&amp;is-server-instance=true&amp;jag=true" data-wrm-key="atl.general,jira.global,jira.general,-_super" data-wrm-batch-type="context" media="all">
<link type="text/css" rel="stylesheet" href="/s/1b4503c04f45d68ae09fb22125331a69-CDN/qgt2gs/76010/beaf2afaa02719a29c4bcdd5a3976a69/6.1.0/_/download/batch/com.atlassian.auiplugin:aui-labels/com.atlassian.auiplugin:aui-labels.css" data-wrm-key="com.atlassian.auiplugin:aui-labels" data-wrm-batch-type="resource" media="all">
<link type="text/css" rel="stylesheet" href="/s/ab25e850bee0b576efb371fb5834864a-CDN/qgt2gs/76010/beaf2afaa02719a29c4bcdd5a3976a69/1.0/_/download/batch/jira.webresources:global-static/jira.webresources:global-static.css" data-wrm-key="jira.webresources:global-static" data-wrm-batch-type="resource" media="all">
<script type="text/javascript" src="/s/4e302e9c9851b0918a9e7cd91a0b09cc-CDN/qgt2gs/76010/beaf2afaa02719a29c4bcdd5a3976a69/5b966350b1076959f2ab0067350622b4/_/download/contextbatch/js/_super/batch.js?locale=pl-PL" data-wrm-key="_super" data-wrm-batch-type="context" data-initially-rendered></script>
<script type="text/javascript" src="/s/a42adcc30e421f1bc1ca6efcc7e209aa-CDN/qgt2gs/76010/beaf2afaa02719a29c4bcdd5a3976a69/71f1cae5872a0b2b406720898874245a/_/download/contextbatch/js/atl.general,jira.global,jira.general,-_super/batch.js?agile_global_admin_condition=true&amp;is-server-instance=true&amp;jag=true&amp;locale=pl-PL" data-wrm-key="atl.general,jira.global,jira.general,-_super" data-wrm-batch-type="context" data-initially-rendered></script>
<script type="text/javascript" src="/s/56c3f6248103cf6e5ac498c8fd378431-CDN/qgt2gs/76010/beaf2afaa02719a29c4bcdd5a3976a69/9296915968fd19e3630cf5546b9a3e64/_/download/contextbatch/js/atl.global,-_super/batch.js?locale=pl-PL" data-wrm-key="atl.global,-_super" data-wrm-batch-type="context" data-initially-rendered></script>
<link type="text/css" rel="stylesheet" href="/s/64be28066bd471ecf1b867daad15cd89-CDN/qgt2gs/76010/beaf2afaa02719a29c4bcdd5a3976a69/a4036ea15c0638daa9b746ec42519472/_/download/contextbatch/css/jira.global.look-and-feel,-_super/batch.css" data-wrm-key="jira.global.look-and-feel,-_super" data-wrm-batch-type="context" media="all">

<script type="text/javascript" src="/rest/api/1.0/shortcuts/76010/d5e75860c811639bb339b4eba83d04ba/shortcuts.js"></script>


    <meta name="application-name" content="JIRA" data-name="jira" data-version="7.6.8">
</head>
<body id="jira" class="aui-layout aui-style-default page-type-message"  data-version="7.6.8" >
    <div class="aui-page-panel"><div class="aui-page-panel-inner">
            <section class="aui-page-panel-content">
                    <header class="aui-page-header"><div class="aui-page-header-inner">
                            <div class="aui-page-header-main">
                                    <h1>Unauthorized (401)</h1>
                                </div><!-- .aui-page-header-main -->
                        </div><!-- .aui-page-header-inner --></header><!-- .aui-page-header -->
                    <div class="aui-message aui-message-warning warning">
                            <p>Wystąpił błąd <code>&quot;401 - Unauthorized&quot;</code> podczas wczytywania tej strony.</p>
                            <p>Basic Authentication Failure - Reason : AUTHENTICATED_FAILED</p>
                            <p><a href="/secure/MyJiraHome.jspa">Idź do strony głównej Jira</a></p>
                        </div>
                </section><!-- .aui-page-panel-content -->
        </div><!-- .aui-page-panel-inner --></div><!-- .aui-page-panel -->
</body>
</html>

--- Main exception: StackTrace ---
   w Atlassian.Jira.Remote.JiraRestClient.GetCustomFields(String token) w c:\projects\atlassian-net-sdk\Atlassian.Jira\Remote\JiraRestClient.cs:wiersz 375
   w Atlassian.Jira.Remote.JiraRestClient.GetSerializerSettings() w c:\projects\atlassian-net-sdk\Atlassian.Jira\Remote\JiraRestClient.cs:wiersz 77
   w Atlassian.Jira.Remote.JiraRestClient.ExecuteRequestAsync(Method method, String resource, Object requestBody, CancellationToken token) w c:\projects\atlassian-net-sdk\Atlassian.Jira\Remote\JiraRestClient.cs:wiersz 157
   w Atlassian.Jira.Remote.JiraRestClient.ExecuteRequest(Method method, String resource, Object requestBody) w c:\projects\atlassian-net-sdk\Atlassian.Jira\Remote\JiraRestClient.cs:wiersz 103
   w Atlassian.Jira.Remote.JiraRestClient.GetIssuesFromJqlSearch(String token, String jqlSearch, Int32 maxResults, Int32 startAt) w c:\projects\atlassian-net-sdk\Atlassian.Jira\Remote\JiraRestClient.cs:wiersz 756
   w Atlassian.Jira.Jira.<>c__DisplayClass8.<GetIssuesFromJql>b__7(String token) w c:\projects\atlassian-net-sdk\Atlassian.Jira\Jira.cs:wiersz 328
   w Atlassian.Jira.Jira.<>c__DisplayClass3c.<WithToken>b__3b(String t) w c:\projects\atlassian-net-sdk\Atlassian.Jira\Jira.cs:wiersz 658
   w Atlassian.Jira.Jira.WithToken[TResult](Func`3 function) w c:\projects\atlassian-net-sdk\Atlassian.Jira\Jira.cs:wiersz 706
   w Atlassian.Jira.Jira.GetIssuesFromJql(String jql, Nullable`1 maxIssues, Int32 startAt) w c:\projects\atlassian-net-sdk\Atlassian.Jira\Jira.cs:wiersz 334
   w Atlassian.Jira.Linq.JiraQueryProvider.Execute(Expression expression, Boolean isEnumerable) w c:\projects\atlassian-net-sdk\Atlassian.Jira\Linq\JiraQueryProvider.cs:wiersz 47
   w Atlassian.Jira.Linq.JiraQueryProvider.Execute[T](Expression expression) w c:\projects\atlassian-net-sdk\Atlassian.Jira\Linq\JiraQueryProvider.cs:wiersz 32
   w GUI.MainForm.addCommentJira(String jiraKey) w C:\CP\ParserGit\JiraParser\GUI\MainForm.cs:wiersz 3631
   w GUI.MainForm.addCommentJira(List`1 tmp) w C:\CP\ParserGit\JiraParser\GUI\MainForm.cs:wiersz 3602
   w GUI.MainForm.<>c__DisplayClass120_0.<ZapiszZgloszenia>b__1() w C:\CP\ParserGit\JiraParser\GUI\MainForm.cs:wiersz 3574

--- Main exception: Source ---
Atlassian.Jira

czwartek, 16 maja 2019 07:52:14

Automatyczny zapis nowego zgłoszenia Entities.BillingIssueDtoHelios [2019-05-16 07:52:14] 

czwartek, 16 maja 2019 07:52:17

Automatyczny zapis poprawny Entities.BillingIssueDtoHelios [2019-05-16 07:52:17] 

czwartek, 16 maja 2019 07:52:17

Modyfikacja treeItemczwartek, 16 maja 2019 07:52:17

Status Auto: False 

czwartek, 16 maja 2019 07:52:20

--- Main exception: Message ---
Response Content: <html>

<head>
    <title>Unauthorized (401)</title>
    



<!--[if IE]><![endif]-->
<script type="text/javascript">
    (function() {
        var contextPath = '';
        var eventBuffer = [];

        function printDeprecatedMsg() {
            if (console && console.warn) {
                console.warn('DEPRECATED JS - contextPath global variable has been deprecated since 7.4.0. Use `wrm/context-path` module instead.');
            }
        }

        function sendEvent(analytics, postfix) {
            analytics.send({
                name: 'js.globals.contextPath.' + postfix
            });
        }

        function sendDeprecatedEvent(postfix) {
            try {
                var analytics = require('jira/analytics');
                if (eventBuffer.length) {
                    eventBuffer.forEach(function(value) {
                        sendEvent(analytics, value);
                    });
                    eventBuffer = [];
                }

                if (postfix) {
                    sendEvent(analytics, postfix);
                }
            } catch(ex) {
                eventBuffer.push(postfix);
                setTimeout(sendDeprecatedEvent, 1000);
            }
        }

        Object.defineProperty(window, 'contextPath', {
            get: function() {
                printDeprecatedMsg();
                sendDeprecatedEvent('get');
                return contextPath;
            },
            set: function(value) {
                printDeprecatedMsg();
                sendDeprecatedEvent('set');
                contextPath = value;
            }
        });
    })();

</script>
<script>
window.WRM=window.WRM||{};window.WRM._unparsedData=window.WRM._unparsedData||{};window.WRM._unparsedErrors=window.WRM._unparsedErrors||{};
WRM._unparsedData["com.atlassian.plugins.atlassian-plugins-webresource-plugin:context-path.context-path"]="\"\"";
WRM._unparsedData["jira.webresources:feature-flags.feature-flag-data"]="{\"enabled-feature-keys\":[\"com.atlassian.jira.agile.darkfeature.editable.detailsview\",\"nps.survey.inline.dialog\",\"com.atlassian.jira.agile.darkfeature.edit.closed.sprint.enabled\",\"jira.plugin.devstatus.phasetwo\",\"jira.frother.reporter.field\",\"atlassian.rest.xsrf.legacy.enabled\",\"jira.issue.status.lozenge\",\"com.atlassian.jira.config.BIG_PIPE\",\"com.atlassian.jira.config.PDL\",\"jira.plugin.devstatus.phasetwo.enabled\",\"atlassian.aui.raphael.disabled\",\"app-switcher.new\",\"frother.assignee.field\",\"com.atlassian.jira.projects.ProjectCentricNavigation.Switch\",\"jira.onboarding.cyoa\",\"com.atlassian.jira.agile.darkfeature.kanplan.enabled\",\"com.atlassian.jira.config.ProjectConfig.MENU\",\"com.atlassian.jira.projects.sidebar.DEFER_RESOURCES\",\"com.atlassian.jira.agile.darkfeature.kanplan.epics.and.versions.enabled\",\"com.atlassian.jira.agile.darkfeature.sprint.goal.enabled\",\"jira.zdu.admin-updates-ui\",\"jira.zdu.jmx-monitoring\",\"sd.new.settings.sidebar.location.disabled\",\"jira.zdu.cluster-upgrade-state\",\"com.atlassian.jira.agile.darkfeature.splitissue\",\"com.atlassian.jira.config.CoreFeatures.LICENSE_ROLES_ENABLED\",\"com.atlassian.feedback.feedback-button-move-to-header-enable\",\"jira.export.csv.enabled\"],\"feature-flag-states\":{\"com.atlassian.jira.agile.darkfeature.kanplan\":false,\"jira.priorities.per.project.jsd\":true,\"jira.instrumentation.laas\":false,\"com.atlassian.jira.agile.darkfeature.edit.closed.sprint\":false,\"com.atlassian.jira.issuetable.draggable\":true,\"jira.create.linked.issue\":true,\"com.atlassian.jira.agile.darkfeature.sprint.goal\":false,\"com.atlassian.jira.agile.darkfeature.kanban.hide.old.done.issues\":false,\"jira.sal.host.connect.accessor.existing.transaction.will.create.transactions\":true,\"jira.jql.suggestrecentfields\":false,\"com.atlassian.jira.plugin.issuenavigator.filtersUxImprovment\":true,\"com.atlassian.jira.agile.darkfeature.kanplan.epics.and.versions\":false,\"jira.jql.smartautoselectfirst\":false,\"com.atlassian.jira.agile.darkfeature.optimistic.transitions\":true,\"com.atlassian.jira.issuetable.move.links.hidden\":true,\"jira.priorities.per.project\":true,\"com.atlassian.jira.upgrade.startup.fix.index\":true,\"jira.renderer.consider.variable.format\":true}}";
WRM._unparsedData["jira.webresources:default-comment-security-level.DefaultCommentSecurityLevelHelpLink"]="{\"extraClasses\":\"default-comment-level-help\",\"title\":\"Commenting on an Issue\",\"url\":\"https://docs.atlassian.com/jira/jcore-docs-076/Editing+and+collaborating+on+issues#Editingandcollaboratingonissues-restrictacomment\",\"isLocal\":false}";
WRM._unparsedData["com.onresolve.jira.groovy.groovyrunner:web-item-response-renderer.web-item-actions-data-provider"]="[]";
WRM._unparsedData["jira.webresources:dateFormatProvider.allFormats"]="{\"dateFormats\":{\"meridiem\":[\"AM\",\"PM\"],\"eras\":[\"p.n.e.\",\"n.e.\"],\"months\":[\"stycznia\",\"lutego\",\"marca\",\"kwietnia\",\"maja\",\"czerwca\",\"lipca\",\"sierpnia\",\"wrze\u015bnia\",\"pa\u017adziernika\",\"listopada\",\"grudnia\"],\"monthsShort\":[\"sty\",\"lut\",\"mar\",\"kwi\",\"maj\",\"cze\",\"lip\",\"sie\",\"wrz\",\"pa\u017a\",\"lis\",\"gru\"],\"weekdaysShort\":[\"N\",\"Pn\",\"Wt\",\"\u015ar\",\"Cz\",\"Pt\",\"So\"],\"weekdays\":[\"niedziela\",\"poniedzia\u0142ek\",\"wtorek\",\"\u015broda\",\"czwartek\",\"pi\u0105tek\",\"sobota\"]},\"lookAndFeelFormats\":{\"relativize\":\"false\",\"time\":\"H:mm\",\"day\":\"EEEE H:mm\",\"dmy\":\"dd/MM/yyyy\",\"complete\":\"dd/MM/yyyy H:mm\"}}";
WRM._unparsedData["com.atlassian.plugins.helptips.jira-help-tips:help-tip-manager.JiraHelpTipData"]="{\"anonymous\":true}";
WRM._unparsedData["jira.webresources:avatar-picker.data"]="{}";
WRM._unparsedData["com.atlassian.jira.jira-header-plugin:dismissedFlags.flags"]="{\"dismissed\":[]}";
WRM._unparsedData["com.atlassian.jira.jira-header-plugin:newsletter-signup-tip-init.newsletterSignup"]="{\"signupDescription\":\"Si\u0119gnij po aktualizacje, inspiracje i sprawdzone rozwi\u0105zania od zespo\u0142u Jira.\",\"formUrl\":\"https://www.atlassian.com/apis/exact-target/{0}/subscribe?mailingListId=1401671\",\"signupTitle\":\"Zarejestruj si\u0119!\",\"signupId\":\"newsletter-signup-tip\",\"showNewsletterTip\":false}";
WRM._unparsedData["com.atlassian.jira.project-templates-plugin:project-templates-plugin-resources.ptAnalyticsData"]="{\"instanceCreatedDate\":\"2010-04-14\"}";
WRM._unparsedData["com.atlassian.jira.ext.calendar:tipDataProvider.tip"]="{\"suppressTip\":false}";
WRM._unparsedData["com.onresolve.jira.groovy.groovyrunner:directIdeaIntegration.idea-editor-data-provider"]="{\"available\":false,\"enabled\":false,\"isExternalIdeaEnabled\":false,\"url\":\"https://localhost:63349\",\"app\":\"JIRA\",\"platformId\":\"jira\",\"version\":\"7.6.8\",\"pluginVersion\":\"5.4.45\",\"running\":false,\"canonicalBaseUrl\":\"https://jira.polsatc\",\"scriptRoots\":[],\"hasEditPermissions\":false}";
WRM._unparsedData["com.atlassian.jira.plugins.jira-wiki-editor:wiki-editor-resources.help-data"]="{\"showHelp\":true,\"editorDocumentationUrl\":[\"https://docs.atlassian.com/jira/jcore-docs-076/Visual+editing\"],\"editorDocumentationTitle\":[\"Show me documentation for the visual editor\"]}";
WRM._unparsedData["com.atlassian.jira.plugins.jira-wiki-editor:wiki-editor-resources.thumbnails-allowed"]="true";
WRM._unparsedData["jira.webresources:user-message-flags.adminLockout"]="{}";
if(window.WRM._dataArrived)window.WRM._dataArrived();</script>
<link type="text/css" rel="stylesheet" href="/s/7c74042ca47c78458ae7f9e42bba0ff3-CDN/qgt2gs/76010/beaf2afaa02719a29c4bcdd5a3976a69/5b966350b1076959f2ab0067350622b4/_/download/contextbatch/css/_super/batch.css" data-wrm-key="_super" data-wrm-batch-type="context" media="all">
<link type="text/css" rel="stylesheet" href="/s/ebed76df7d53e58f9d5cd82a45608778-CDN/qgt2gs/76010/beaf2afaa02719a29c4bcdd5a3976a69/71f1cae5872a0b2b406720898874245a/_/download/contextbatch/css/atl.general,jira.global,jira.general,-_super/batch.css?agile_global_admin_condition=true&amp;is-server-instance=true&amp;jag=true" data-wrm-key="atl.general,jira.global,jira.general,-_super" data-wrm-batch-type="context" media="all">
<link type="text/css" rel="stylesheet" href="/s/1b4503c04f45d68ae09fb22125331a69-CDN/qgt2gs/76010/beaf2afaa02719a29c4bcdd5a3976a69/6.1.0/_/download/batch/com.atlassian.auiplugin:aui-labels/com.atlassian.auiplugin:aui-labels.css" data-wrm-key="com.atlassian.auiplugin:aui-labels" data-wrm-batch-type="resource" media="all">
<link type="text/css" rel="stylesheet" href="/s/ab25e850bee0b576efb371fb5834864a-CDN/qgt2gs/76010/beaf2afaa02719a29c4bcdd5a3976a69/1.0/_/download/batch/jira.webresources:global-static/jira.webresources:global-static.css" data-wrm-key="jira.webresources:global-static" data-wrm-batch-type="resource" media="all">
<script type="text/javascript" src="/s/4e302e9c9851b0918a9e7cd91a0b09cc-CDN/qgt2gs/76010/beaf2afaa02719a29c4bcdd5a3976a69/5b966350b1076959f2ab0067350622b4/_/download/contextbatch/js/_super/batch.js?locale=pl-PL" data-wrm-key="_super" data-wrm-batch-type="context" data-initially-rendered></script>
<script type="text/javascript" src="/s/a42adcc30e421f1bc1ca6efcc7e209aa-CDN/qgt2gs/76010/beaf2afaa02719a29c4bcdd5a3976a69/71f1cae5872a0b2b406720898874245a/_/download/contextbatch/js/atl.general,jira.global,jira.general,-_super/batch.js?agile_global_admin_condition=true&amp;is-server-instance=true&amp;jag=true&amp;locale=pl-PL" data-wrm-key="atl.general,jira.global,jira.general,-_super" data-wrm-batch-type="context" data-initially-rendered></script>
<script type="text/javascript" src="/s/56c3f6248103cf6e5ac498c8fd378431-CDN/qgt2gs/76010/beaf2afaa02719a29c4bcdd5a3976a69/9296915968fd19e3630cf5546b9a3e64/_/download/contextbatch/js/atl.global,-_super/batch.js?locale=pl-PL" data-wrm-key="atl.global,-_super" data-wrm-batch-type="context" data-initially-rendered></script>
<link type="text/css" rel="stylesheet" href="/s/64be28066bd471ecf1b867daad15cd89-CDN/qgt2gs/76010/beaf2afaa02719a29c4bcdd5a3976a69/a4036ea15c0638daa9b746ec42519472/_/download/contextbatch/css/jira.global.look-and-feel,-_super/batch.css" data-wrm-key="jira.global.look-and-feel,-_super" data-wrm-batch-type="context" media="all">

<script type="text/javascript" src="/rest/api/1.0/shortcuts/76010/d5e75860c811639bb339b4eba83d04ba/shortcuts.js"></script>


    <meta name="application-name" content="JIRA" data-name="jira" data-version="7.6.8">
</head>
<body id="jira" class="aui-layout aui-style-default page-type-message"  data-version="7.6.8" >
    <div class="aui-page-panel"><div class="aui-page-panel-inner">
            <section class="aui-page-panel-content">
                    <header class="aui-page-header"><div class="aui-page-header-inner">
                            <div class="aui-page-header-main">
                                    <h1>Unauthorized (401)</h1>
                                </div><!-- .aui-page-header-main -->
                        </div><!-- .aui-page-header-inner --></header><!-- .aui-page-header -->
                    <div class="aui-message aui-message-warning warning">
                            <p>Wystąpił błąd <code>&quot;401 - Unauthorized&quot;</code> podczas wczytywania tej strony.</p>
                            <p>Basic Authentication Failure - Reason : AUTHENTICATED_FAILED</p>
                            <p><a href="/secure/MyJiraHome.jspa">Idź do strony głównej Jira</a></p>
                        </div>
                </section><!-- .aui-page-panel-content -->
        </div><!-- .aui-page-panel-inner --></div><!-- .aui-page-panel -->
</body>
</html>

--- Main exception: StackTrace ---
   w Atlassian.Jira.Remote.JiraRestClient.GetCustomFields(String token) w c:\projects\atlassian-net-sdk\Atlassian.Jira\Remote\JiraRestClient.cs:wiersz 375
   w Atlassian.Jira.Remote.JiraRestClient.GetSerializerSettings() w c:\projects\atlassian-net-sdk\Atlassian.Jira\Remote\JiraRestClient.cs:wiersz 77
   w Atlassian.Jira.Remote.JiraRestClient.ExecuteRequestAsync(Method method, String resource, Object requestBody, CancellationToken token) w c:\projects\atlassian-net-sdk\Atlassian.Jira\Remote\JiraRestClient.cs:wiersz 157
   w Atlassian.Jira.Remote.JiraRestClient.ExecuteRequest(Method method, String resource, Object requestBody) w c:\projects\atlassian-net-sdk\Atlassian.Jira\Remote\JiraRestClient.cs:wiersz 103
   w Atlassian.Jira.Remote.JiraRestClient.GetIssuesFromJqlSearch(String token, String jqlSearch, Int32 maxResults, Int32 startAt) w c:\projects\atlassian-net-sdk\Atlassian.Jira\Remote\JiraRestClient.cs:wiersz 756
   w Atlassian.Jira.Jira.<>c__DisplayClass8.<GetIssuesFromJql>b__7(String token) w c:\projects\atlassian-net-sdk\Atlassian.Jira\Jira.cs:wiersz 328
   w Atlassian.Jira.Jira.<>c__DisplayClass3c.<WithToken>b__3b(String t) w c:\projects\atlassian-net-sdk\Atlassian.Jira\Jira.cs:wiersz 658
   w Atlassian.Jira.Jira.WithToken[TResult](Func`3 function) w c:\projects\atlassian-net-sdk\Atlassian.Jira\Jira.cs:wiersz 706
   w Atlassian.Jira.Jira.GetIssuesFromJql(String jql, Nullable`1 maxIssues, Int32 startAt) w c:\projects\atlassian-net-sdk\Atlassian.Jira\Jira.cs:wiersz 334
   w Atlassian.Jira.Linq.JiraQueryProvider.Execute(Expression expression, Boolean isEnumerable) w c:\projects\atlassian-net-sdk\Atlassian.Jira\Linq\JiraQueryProvider.cs:wiersz 47
   w Atlassian.Jira.Linq.JiraQueryProvider.Execute[T](Expression expression) w c:\projects\atlassian-net-sdk\Atlassian.Jira\Linq\JiraQueryProvider.cs:wiersz 32
   w GUI.MainForm.addCommentJira(String jiraKey) w C:\CP\ParserGit\JiraParser\GUI\MainForm.cs:wiersz 3631
   w GUI.MainForm.addCommentJira(List`1 tmp) w C:\CP\ParserGit\JiraParser\GUI\MainForm.cs:wiersz 3602
   w GUI.MainForm.<>c__DisplayClass120_0.<ZapiszZgloszenia>b__1() w C:\CP\ParserGit\JiraParser\GUI\MainForm.cs:wiersz 3574

--- Main exception: Source ---
Atlassian.Jira

czwartek, 16 maja 2019 08:04:58

Odwołanie do obiektu nie zostało ustawione na wystąpienie obiektu.

czwartek, 16 maja 2019 08:11:05

--- Main exception: Message ---
Failed to parse response as JSON. Content: [Fiddler] DNS Lookup for "jira" failed. System.Net.Sockets.SocketException Nieznany host

--- Inner exception 1: Message ---
Unexpected character encountered while parsing value: F. Path '', line 1, position 1.

--- Inner exception 1: StackTrace ---
   w Newtonsoft.Json.JsonTextReader.ParseValue()
   w Newtonsoft.Json.JsonTextReader.Read()
   w Newtonsoft.Json.Linq.JContainer.ReadTokenFrom(JsonReader reader)
   w Newtonsoft.Json.Linq.JArray.Load(JsonReader reader)
   w Newtonsoft.Json.Linq.JToken.ReadFrom(JsonReader reader)
   w Newtonsoft.Json.Linq.JToken.Parse(String json)
   w Atlassian.Jira.Remote.JiraRestClient.GetValidJsonFromResponse(IRestResponse response) w c:\projects\atlassian-net-sdk\Atlassian.Jira\Remote\JiraRestClient.cs:wiersz 715

--- Inner exception 1: Source ---
Newtonsoft.Json

--- Main exception: StackTrace ---
   w Atlassian.Jira.Remote.JiraRestClient.ExecuteRequest[T](Method method, String resource, Object requestBody) w c:\projects\atlassian-net-sdk\Atlassian.Jira\Remote\JiraRestClient.cs:wiersz 119
   w Atlassian.Jira.Remote.JiraRestClient.GetIssueTypes(String token, String projectId) w c:\projects\atlassian-net-sdk\Atlassian.Jira\Remote\JiraRestClient.cs:wiersz 822
   w Atlassian.Jira.Jira.<>c__DisplayClass16.<GetIssueTypes>b__12(String token) w c:\projects\atlassian-net-sdk\Atlassian.Jira\Jira.cs:wiersz 414
   w Atlassian.Jira.Jira.<>c__DisplayClass3c.<WithToken>b__3b(String t) w c:\projects\atlassian-net-sdk\Atlassian.Jira\Jira.cs:wiersz 658
   w Atlassian.Jira.Jira.WithToken[TResult](Func`3 function) w c:\projects\atlassian-net-sdk\Atlassian.Jira\Jira.cs:wiersz 706
   w Atlassian.Jira.Jira.GetIssueTypes(String projectKey) w c:\projects\atlassian-net-sdk\Atlassian.Jira\Jira.cs:wiersz 419
   w Logic.Implementation.JiraIssues.GetJiraIssuesTypes() w C:\CP\ParserGit\JiraParser\Logic\Implementation\JiraIssues.cs:wiersz 68
   w GUI.MainForm.<timer2_Tick>b__107_0() w C:\CP\ParserGit\JiraParser\GUI\MainForm.cs:wiersz 2729

--- Main exception: Source ---
Atlassian.Jira

czwartek, 16 maja 2019 08:13:44

--- Main exception: Message ---
Błędne Hasło JIRA dla użytkownika prekawek

--- Inner exception 1: Message ---
Unexpected character encountered while parsing value: F. Path '', line 1, position 1.

--- Inner exception 1: StackTrace ---
   w Newtonsoft.Json.JsonTextReader.ParseValue()
   w Newtonsoft.Json.JsonTextReader.Read()
   w Newtonsoft.Json.Linq.JContainer.ReadTokenFrom(JsonReader reader)
   w Newtonsoft.Json.Linq.JArray.Load(JsonReader reader)
   w Newtonsoft.Json.Linq.JToken.ReadFrom(JsonReader reader)
   w Newtonsoft.Json.Linq.JToken.Parse(String json)
   w Atlassian.Jira.Remote.JiraRestClient.GetValidJsonFromResponse(IRestResponse response) w c:\projects\atlassian-net-sdk\Atlassian.Jira\Remote\JiraRestClient.cs:wiersz 715

--- Inner exception 1: Source ---
Newtonsoft.Json

--- Main exception: StackTrace ---


--- Main exception: Source ---


czwartek, 16 maja 2019 10:07:59

Zgłoszenie WIND-8322 dodano automatycznie o godzinie 2019-05-16 10:07:59!
czwartek, 16 maja 2019 10:07:59

Modyfikacja treeItem checkAsAssigneczwartek, 16 maja 2019 11:39:55

Odwołanie do obiektu nie zostało ustawione na wystąpienie obiektu.

czwartek, 16 maja 2019 11:43:47

Zgłoszenie CRM-75873 dodano automatycznie o godzinie 2019-05-16 11:43:47!
czwartek, 16 maja 2019 11:43:48

Modyfikacja treeItem checkAsAssigneczwartek, 16 maja 2019 11:59:52

Zgłoszenie INFOLINIA-6695 dodano automatycznie o godzinie 2019-05-16 11:59:52!
czwartek, 16 maja 2019 11:59:53

Modyfikacja treeItem checkAsAssigneczwartek, 16 maja 2019 12:11:25

--- Main exception: Message ---
Usługa HPWEBService zerwała połączenie. Spróbj odświeżyć aplikację za chwilę.

--- Main exception: StackTrace ---
   w DataLayer.Implementation.GatewayDaoWFS.notifyWebService() w C:\CP\ParserGit\JiraParser\DataLayer\Implementation\GatewayDaoWFS.cs:wiersz 250
   w System.Windows.Forms.Timer.OnTick(EventArgs e)
   w System.Windows.Forms.Timer.TimerNativeWindow.WndProc(Message& m)
   w System.Windows.Forms.NativeWindow.DebuggableCallback(IntPtr hWnd, Int32 msg, IntPtr wparam, IntPtr lparam)
   w System.Windows.Forms.SafeNativeMethods.MessageBox(HandleRef hWnd, String text, String caption, Int32 type)
   w System.Windows.Forms.MessageBox.ShowCore(IWin32Window owner, String text, String caption, MessageBoxButtons buttons, MessageBoxIcon icon, MessageBoxDefaultButton defaultButton, MessageBoxOptions options, Boolean showHelp)
   w System.Windows.Forms.MessageBox.Show(String text)
   w GUI.WFSModelerForm.btn_Save_Click(Object sender, EventArgs e) w C:\CP\ParserGit\JiraParser\GUI\WFSModelerForm.cs:wiersz 1796
   w GUI.WFSModelerForm..ctor(List`1 list, String name, BillingIssueDto issue, IParserEngineWFS gujaczWFS, Int32 eventMoveId, calbackDelegate callback, TreeView tr, Boolean quickStep, Object selectOption) w C:\CP\ParserGit\JiraParser\GUI\WFSModelerForm.cs:wiersz 394

--- Main exception: Source ---
DataLayer

czwartek, 16 maja 2019 12:16:01

Zgłoszenie ZCC-18761 dodano automatycznie o godzinie 2019-05-16 12:16:01!
czwartek, 16 maja 2019 12:16:02

Modyfikacja treeItem checkAsAssigneczwartek, 16 maja 2019 12:27:02

--- Main exception: Message ---
Filter with name 'DoPobrania2liniaBill' was not found

--- Main exception: StackTrace ---
   w Atlassian.Jira.Jira.GetIssuesFromFilter(String filterName, Int32 start, Nullable`1 maxResults) w c:\projects\atlassian-net-sdk\Atlassian.Jira\Jira.cs:wiersz 291
   w Logic.Implementation.JiraIssues.GetIssuesFromFilterAsync(String filterName) w C:\CP\ParserGit\JiraParser\Logic\Implementation\JiraIssues.cs:wiersz 803
   w GUI.MainForm.<timer2_Tick>b__107_0() w C:\CP\ParserGit\JiraParser\GUI\MainForm.cs:wiersz 2744

--- Main exception: Source ---
Atlassian.Jira

czwartek, 16 maja 2019 12:32:02

--- Main exception: Message ---
Filter with name 'DoPobrania2liniaBill' was not found

--- Main exception: StackTrace ---
   w Atlassian.Jira.Jira.GetIssuesFromFilter(String filterName, Int32 start, Nullable`1 maxResults) w c:\projects\atlassian-net-sdk\Atlassian.Jira\Jira.cs:wiersz 291
   w Logic.Implementation.JiraIssues.GetIssuesFromFilterAsync(String filterName) w C:\CP\ParserGit\JiraParser\Logic\Implementation\JiraIssues.cs:wiersz 803
   w GUI.MainForm.<timer2_Tick>b__107_0() w C:\CP\ParserGit\JiraParser\GUI\MainForm.cs:wiersz 2744

--- Main exception: Source ---
Atlassian.Jira

czwartek, 16 maja 2019 12:37:02

--- Main exception: Message ---
Filter with name 'DoPobrania2liniaBill' was not found

--- Main exception: StackTrace ---
   w Atlassian.Jira.Jira.GetIssuesFromFilter(String filterName, Int32 start, Nullable`1 maxResults) w c:\projects\atlassian-net-sdk\Atlassian.Jira\Jira.cs:wiersz 291
   w Logic.Implementation.JiraIssues.GetIssuesFromFilterAsync(String filterName) w C:\CP\ParserGit\JiraParser\Logic\Implementation\JiraIssues.cs:wiersz 803
   w GUI.MainForm.<timer2_Tick>b__107_0() w C:\CP\ParserGit\JiraParser\GUI\MainForm.cs:wiersz 2744

--- Main exception: Source ---
Atlassian.Jira

czwartek, 16 maja 2019 13:27:44

Zgłoszenie ZCC-18762 dodano automatycznie o godzinie 2019-05-16 13:27:44!
czwartek, 16 maja 2019 13:27:44

Modyfikacja treeItem checkAsAssigneczwartek, 16 maja 2019 13:43:44

Zgłoszenie INFOLINIA-6696 dodano automatycznie o godzinie 2019-05-16 13:43:44!
czwartek, 16 maja 2019 13:43:44

Modyfikacja treeItem checkAsAssigneczwartek, 16 maja 2019 16:29:01

--- Main exception: Message ---
Nie można połączyć się z serwerem zdalnym

--- Main exception: StackTrace ---
   w Atlassian.Jira.Remote.JiraRestClient.ExecuteRequest[T](Method method, String resource, Object requestBody) w c:\projects\atlassian-net-sdk\Atlassian.Jira\Remote\JiraRestClient.cs:wiersz 119
   w Atlassian.Jira.Remote.JiraRestClient.GetIssueTypes(String token, String projectId) w c:\projects\atlassian-net-sdk\Atlassian.Jira\Remote\JiraRestClient.cs:wiersz 822
   w Atlassian.Jira.Jira.<>c__DisplayClass16.<GetIssueTypes>b__12(String token) w c:\projects\atlassian-net-sdk\Atlassian.Jira\Jira.cs:wiersz 414
   w Atlassian.Jira.Jira.<>c__DisplayClass3c.<WithToken>b__3b(String t) w c:\projects\atlassian-net-sdk\Atlassian.Jira\Jira.cs:wiersz 658
   w Atlassian.Jira.Jira.WithToken[TResult](Func`3 function) w c:\projects\atlassian-net-sdk\Atlassian.Jira\Jira.cs:wiersz 706
   w Atlassian.Jira.Jira.GetIssueTypes(String projectKey) w c:\projects\atlassian-net-sdk\Atlassian.Jira\Jira.cs:wiersz 419
   w Logic.Implementation.JiraIssues.GetJiraIssuesTypes() w C:\CP\ParserGit\JiraParser\Logic\Implementation\JiraIssues.cs:wiersz 68
   w GUI.MainForm.<timer2_Tick>b__107_0() w C:\CP\ParserGit\JiraParser\GUI\MainForm.cs:wiersz 2729

--- Main exception: Source ---
Atlassian.Jira

czwartek, 16 maja 2019 17:20:34

--- Main exception: Message ---
Przekroczono limit czasu nieaktywności (00:10:00).

--- Main exception: StackTrace ---

Server stack trace: 
   w System.ServiceModel.Channels.ReliableRequestSessionChannel.SyncRequest.WaitForReply(TimeSpan timeout)
   w System.ServiceModel.Channels.RequestChannel.Request(Message message, TimeSpan timeout)
   w System.ServiceModel.Dispatcher.RequestChannelBinder.Request(Message message, TimeSpan timeout)
   w System.ServiceModel.Channels.ServiceChannel.Call(String action, Boolean oneway, ProxyOperationRuntime operation, Object[] ins, Object[] outs, TimeSpan timeout)
   w System.ServiceModel.Channels.ServiceChannelProxy.InvokeService(IMethodCallMessage methodCall, ProxyOperationRuntime operation)
   w System.ServiceModel.Channels.ServiceChannelProxy.Invoke(IMessage message)

Exception rethrown at [0]: 
   w System.Runtime.Remoting.Proxies.RealProxy.HandleReturnMessage(IMessage reqMsg, IMessage retMsg)
   w System.Runtime.Remoting.Proxies.RealProxy.PrivateInvoke(MessageData& msgData, Int32 type)
   w DataLayer.HPDataService.IDataService4HP.ExecuteStoredProcedure(User user, String procedureName, String[] parameters, DatabaseName database)
   w DataLayer.Implementation.GatewayDaoWFS.ExecuteStoredProcedure(String procedureName, String[] parameters, DatabaseName database) w C:\CP\ParserGit\JiraParser\DataLayer\Implementation\GatewayDaoWFS.cs:wiersz 138

--- Main exception: Source ---
mscorlib

czwartek, 16 maja 2019 17:20:34

--- Main exception: Message ---
Nie można rozpoznać nazwy zdalnej: 'jira'

--- Main exception: StackTrace ---
   w Atlassian.Jira.Remote.JiraRestClient.ExecuteRequest[T](Method method, String resource, Object requestBody) w c:\projects\atlassian-net-sdk\Atlassian.Jira\Remote\JiraRestClient.cs:wiersz 119
   w Atlassian.Jira.Remote.JiraRestClient.GetPriorities(String token) w c:\projects\atlassian-net-sdk\Atlassian.Jira\Remote\JiraRestClient.cs:wiersz 785
   w Atlassian.Jira.Jira.<GetIssuePriorities>b__24(String token) w c:\projects\atlassian-net-sdk\Atlassian.Jira\Jira.cs:wiersz 478
   w Atlassian.Jira.Jira.<>c__DisplayClass3c.<WithToken>b__3b(String t) w c:\projects\atlassian-net-sdk\Atlassian.Jira\Jira.cs:wiersz 658
   w Atlassian.Jira.Jira.WithToken[TResult](Func`3 function) w c:\projects\atlassian-net-sdk\Atlassian.Jira\Jira.cs:wiersz 706
   w Atlassian.Jira.Jira.GetIssuePriorities() w c:\projects\atlassian-net-sdk\Atlassian.Jira\Jira.cs:wiersz 482
   w GUI.MainForm.LoginJira() w C:\CP\ParserGit\JiraParser\GUI\MainForm.cs:wiersz 4476

--- Main exception: Source ---
Atlassian.Jira

czwartek, 16 maja 2019 17:27:09

--- Main exception: Message ---
Usługa HPWEBService zerwała połączenie. Spróbj odświeżyć aplikację za chwilę.

--- Main exception: StackTrace ---
   w DataLayer.Implementation.GatewayDaoWFS.notifyWebService() w C:\CP\ParserGit\JiraParser\DataLayer\Implementation\GatewayDaoWFS.cs:wiersz 250
   w System.Windows.Forms.Timer.OnTick(EventArgs e)
   w System.Windows.Forms.Timer.TimerNativeWindow.WndProc(Message& m)
   w System.Windows.Forms.NativeWindow.DebuggableCallback(IntPtr hWnd, Int32 msg, IntPtr wparam, IntPtr lparam)
   w System.Windows.Forms.SafeNativeMethods.MessageBox(HandleRef hWnd, String text, String caption, Int32 type)
   w System.Windows.Forms.MessageBox.ShowCore(IWin32Window owner, String text, String caption, MessageBoxButtons buttons, MessageBoxIcon icon, MessageBoxDefaultButton defaultButton, MessageBoxOptions options, Boolean showHelp)
   w Utility.ExceptionManager.LogError(Exception ex, Logger logger, Boolean showMessageBox) w C:\CP\ParserGit\JiraParser\Utility\ExceptionManager.cs:wiersz 45
   w DataLayer.Implementation.GatewayDaoWFS.ExecuteStoredProcedure(String procedureName, String[] parameters, DatabaseName database) w C:\CP\ParserGit\JiraParser\DataLayer\Implementation\GatewayDaoWFS.cs:wiersz 155
   w GUI.MainForm.t_EmailNotification_Tick(Object sender, EventArgs e) w C:\CP\ParserGit\JiraParser\GUI\MainForm.cs:wiersz 6752
   w System.Windows.Forms.Timer.OnTick(EventArgs e)
   w System.Windows.Forms.Timer.TimerNativeWindow.WndProc(Message& m)
   w System.Windows.Forms.NativeWindow.DebuggableCallback(IntPtr hWnd, Int32 msg, IntPtr wparam, IntPtr lparam)
   w System.Windows.Forms.SafeNativeMethods.MessageBox(HandleRef hWnd, String text, String caption, Int32 type)
   w System.Windows.Forms.MessageBox.ShowCore(IWin32Window owner, String text, String caption, MessageBoxButtons buttons, MessageBoxIcon icon, MessageBoxDefaultButton defaultButton, MessageBoxOptions options, Boolean showHelp)
   w System.Windows.Forms.MessageBox.Show(String text)
   w GUI.WFSModelerForm.btn_Save_Click(Object sender, EventArgs e) w C:\CP\ParserGit\JiraParser\GUI\WFSModelerForm.cs:wiersz 1796
   w GUI.WFSModelerForm..ctor(List`1 list, String name, BillingIssueDto issue, IParserEngineWFS gujaczWFS, Int32 eventMoveId, calbackDelegate callback, TreeView tr, Boolean quickStep, Object selectOption) w C:\CP\ParserGit\JiraParser\GUI\WFSModelerForm.cs:wiersz 394

--- Main exception: Source ---
DataLayer

czwartek, 16 maja 2019 17:27:09

--- Main exception: Message ---
Nie można rozpoznać nazwy zdalnej: 'jira'

--- Main exception: StackTrace ---
   w Atlassian.Jira.Remote.JiraRestClient.ExecuteRequest[T](Method method, String resource, Object requestBody) w c:\projects\atlassian-net-sdk\Atlassian.Jira\Remote\JiraRestClient.cs:wiersz 119
   w Atlassian.Jira.Remote.JiraRestClient.GetIssueTypes(String token, String projectId) w c:\projects\atlassian-net-sdk\Atlassian.Jira\Remote\JiraRestClient.cs:wiersz 822
   w Atlassian.Jira.Jira.<>c__DisplayClass16.<GetIssueTypes>b__12(String token) w c:\projects\atlassian-net-sdk\Atlassian.Jira\Jira.cs:wiersz 414
   w Atlassian.Jira.Jira.<>c__DisplayClass3c.<WithToken>b__3b(String t) w c:\projects\atlassian-net-sdk\Atlassian.Jira\Jira.cs:wiersz 658
   w Atlassian.Jira.Jira.WithToken[TResult](Func`3 function) w c:\projects\atlassian-net-sdk\Atlassian.Jira\Jira.cs:wiersz 706
   w Atlassian.Jira.Jira.GetIssueTypes(String projectKey) w c:\projects\atlassian-net-sdk\Atlassian.Jira\Jira.cs:wiersz 419
   w Logic.Implementation.JiraIssues.GetJiraIssuesTypes() w C:\CP\ParserGit\JiraParser\Logic\Implementation\JiraIssues.cs:wiersz 68
   w GUI.MainForm.<timer2_Tick>b__107_0() w C:\CP\ParserGit\JiraParser\GUI\MainForm.cs:wiersz 2729

--- Main exception: Source ---
Atlassian.Jira

czwartek, 16 maja 2019 18:50:00

--- Main exception: Message ---
Przekroczono limit czasu nieaktywności (00:10:00).

--- Main exception: StackTrace ---

Server stack trace: 
   w System.ServiceModel.Channels.ReliableRequestSessionChannel.SyncRequest.WaitForReply(TimeSpan timeout)
   w System.ServiceModel.Channels.RequestChannel.Request(Message message, TimeSpan timeout)
   w System.ServiceModel.Dispatcher.RequestChannelBinder.Request(Message message, TimeSpan timeout)
   w System.ServiceModel.Channels.ServiceChannel.Call(String action, Boolean oneway, ProxyOperationRuntime operation, Object[] ins, Object[] outs, TimeSpan timeout)
   w System.ServiceModel.Channels.ServiceChannelProxy.InvokeService(IMethodCallMessage methodCall, ProxyOperationRuntime operation)
   w System.ServiceModel.Channels.ServiceChannelProxy.Invoke(IMessage message)

Exception rethrown at [0]: 
   w System.Runtime.Remoting.Proxies.RealProxy.HandleReturnMessage(IMessage reqMsg, IMessage retMsg)
   w System.Runtime.Remoting.Proxies.RealProxy.PrivateInvoke(MessageData& msgData, Int32 type)
   w DataLayer.HPDataService.IDataService4HP.ExecuteStoredProcedure(User user, String procedureName, String[] parameters, DatabaseName database)
   w DataLayer.Implementation.GatewayDaoWFS.ExecuteStoredProcedure(String procedureName, String[] parameters, DatabaseName database) w C:\CP\ParserGit\JiraParser\DataLayer\Implementation\GatewayDaoWFS.cs:wiersz 138

--- Main exception: Source ---
mscorlib

czwartek, 16 maja 2019 18:50:16

--- Main exception: Message ---
Nie można rozpoznać nazwy zdalnej: 'jira'

--- Main exception: StackTrace ---
   w Atlassian.Jira.Remote.JiraRestClient.ExecuteRequest[T](Method method, String resource, Object requestBody) w c:\projects\atlassian-net-sdk\Atlassian.Jira\Remote\JiraRestClient.cs:wiersz 119
   w Atlassian.Jira.Remote.JiraRestClient.GetIssueTypes(String token, String projectId) w c:\projects\atlassian-net-sdk\Atlassian.Jira\Remote\JiraRestClient.cs:wiersz 822
   w Atlassian.Jira.Jira.<>c__DisplayClass16.<GetIssueTypes>b__12(String token) w c:\projects\atlassian-net-sdk\Atlassian.Jira\Jira.cs:wiersz 414
   w Atlassian.Jira.Jira.<>c__DisplayClass3c.<WithToken>b__3b(String t) w c:\projects\atlassian-net-sdk\Atlassian.Jira\Jira.cs:wiersz 658
   w Atlassian.Jira.Jira.WithToken[TResult](Func`3 function) w c:\projects\atlassian-net-sdk\Atlassian.Jira\Jira.cs:wiersz 706
   w Atlassian.Jira.Jira.GetIssueTypes(String projectKey) w c:\projects\atlassian-net-sdk\Atlassian.Jira\Jira.cs:wiersz 419
   w Logic.Implementation.JiraIssues.GetJiraIssuesTypes() w C:\CP\ParserGit\JiraParser\Logic\Implementation\JiraIssues.cs:wiersz 68
   w GUI.MainForm.<timer2_Tick>b__107_0() w C:\CP\ParserGit\JiraParser\GUI\MainForm.cs:wiersz 2729

--- Main exception: Source ---
Atlassian.Jira

